number,value,datetime_start,datetime_complete,duration,params_dt_max_depth,params_dt_min_samples_leaf,params_dt_min_samples_split,params_elastic_alpha,params_elastic_l1_ratio,params_et_max_depth,params_et_max_features,params_et_min_samples_leaf,params_et_min_samples_split,params_et_n_estimators,params_knn_metric,params_knn_n_neighbors,params_knn_weights,params_quantile_alpha,params_regressor,params_rf_max_depth,params_rf_max_features,params_rf_min_samples_leaf,params_rf_min_samples_split,params_rf_n_estimators,params_rfe_n_features,params_rfe_proxy_et_max_depth,params_rfe_proxy_et_min_samples_leaf,params_rfe_proxy_et_min_samples_split,params_rfe_proxy_et_n_estimators,params_rfe_proxy_lsvr_C,params_rfe_proxy_lsvr_epsilon,params_rfe_proxy_type,params_use_scaler,user_attrs_d2mae_ci_lower_val,user_attrs_d2mae_ci_upper_val,user_attrs_d2mae_df_val,user_attrs_d2mae_mean_val,user_attrs_d2mae_samperror_val,user_attrs_d2mae_std_val,user_attrs_d2mae_t_critical_val,user_attrs_mae_ci_lower_val,user_attrs_mae_ci_upper_val,user_attrs_mae_df_val,user_attrs_mae_mean_val,user_attrs_mae_samperror_val,user_attrs_mae_std_val,user_attrs_mae_t_critical_val,user_attrs_mape_ci_lower_val,user_attrs_mape_ci_upper_val,user_attrs_mape_df_val,user_attrs_mape_mean_val,user_attrs_mape_samperror_val,user_attrs_mape_std_val,user_attrs_mape_t_critical_val,user_attrs_max_error_ci_lower_val,user_attrs_max_error_ci_upper_val,user_attrs_max_error_df_val,user_attrs_max_error_mean_val,user_attrs_max_error_samperror_val,user_attrs_max_error_std_val,user_attrs_max_error_t_critical_val,user_attrs_median_ae_ci_lower_val,user_attrs_median_ae_ci_upper_val,user_attrs_median_ae_df_val,user_attrs_median_ae_mean_val,user_attrs_median_ae_samperror_val,user_attrs_median_ae_std_val,user_attrs_median_ae_t_critical_val,user_attrs_n_splits_val,user_attrs_r2_below_zero_val,user_attrs_r2_ci_lower_val,user_attrs_r2_ci_upper_val,user_attrs_r2_df_val,user_attrs_r2_mean_val,user_attrs_r2_samperror_val,user_attrs_r2_std_val,user_attrs_r2_t_critical_val,user_attrs_regressor_final,user_attrs_rfe_estimator,user_attrs_rfe_n_features,user_attrs_rfe_selected_features,user_attrs_rho_ci_lower_val,user_attrs_rho_ci_upper_val,user_attrs_rho_df_val,user_attrs_rho_mean_val,user_attrs_rho_samperror_val,user_attrs_rho_std_val,user_attrs_rho_t_critical_val,user_attrs_rmse_ci_lower_val,user_attrs_rmse_ci_upper_val,user_attrs_rmse_df_val,user_attrs_rmse_mean_val,user_attrs_rmse_samperror_val,user_attrs_rmse_std_val,user_attrs_rmse_t_critical_val,user_attrs_termination_reason,user_attrs_use_scaler_final,state
269,1.7367605252117515,2026-06-12 01:08:46.658042,2026-06-12 01:09:08.913861,0 days 00:00:22.255819,,,,,,18.0,log2,4.0,7.0,429.0,,,,,ExtraTreesRegressor,,,,,,5,,,,,,,,False,-0.00014259091822605569,0.008240436813431925,98.0,0.004048922947602934,0.00419151386582899,0.021015732102248105,1.9844674545084815,1.7120075111108388,1.7615135393126642,98.0,1.7367605252117515,0.02475301410091265,0.12410855116306892,1.9844674545084815,0.2526659023032164,0.271637245323918,98.0,0.2621515738135672,0.009485671510350782,0.04755998373204294,1.9844674545084815,5.697047025215909,5.937956429804698,98.0,5.817501727510304,0.1204547022943951,0.6039449790474195,1.9844674545084815,1.3881566519956283,1.4418854951540483,98.0,1.4150210735748383,0.026864421579209884,0.13469488711302813,1.9844674545084815,99.0,0.2828282828282828,0.008655177371227663,0.02182687822020013,98.0,0.015241027795713897,0.006585850424486233,0.03302063946747934,1.9844674545084815,ExtraTreesRegressor,"{'mode': 'original', 'type': 'ExtraTreesRegressor'}",5,"['edges_T2W40', 're_T2W40', 'l1_T2W40', 'l3_T2W40', 'lsc_T2W40']",0.13625512398648537,0.18836591874312786,98.0,0.16231052136480661,0.02605539737832123,0.1306385398327004,1.9844674545084815,2.175266251827813,2.2498875360202857,98.0,2.2125768939240493,0.037310642096236156,0.1870709447604988,1.9844674545084815,completed,False,COMPLETE
270,1.7366797546745198,2026-06-12 01:09:08.926926,2026-06-12 01:09:30.374140,0 days 00:00:21.447214,,,,,,18.0,log2,4.0,7.0,409.0,,,,,ExtraTreesRegressor,,,,,,5,,,,,,,,False,-8.724410813402278e-05,0.008271862948931967,98.0,0.004092309420398972,0.004179553528532995,0.020955764450342116,1.9844674545084815,1.7119480316229772,1.7614114777260625,98.0,1.7366797546745198,0.024731723051542764,0.12400180047487937,1.9844674545084815,0.25266344065975144,0.27162940230296895,98.0,0.2621464214813602,0.009482980821608766,0.04754649295148422,1.9844674545084815,5.697738554820518,5.938422259278433,98.0,5.818080407049475,0.12034185222895787,0.6033791627770059,1.9844674545084815,1.3862187441121752,1.440496535440457,98.0,1.4133576397763161,0.027138895664140968,0.13607106622696277,1.9844674545084815,99.0,0.26262626262626265,0.008617073204394126,0.021727910353248576,98.0,0.015172491778821351,0.006555418574427225,0.03286805793520057,1.9844674545084815,ExtraTreesRegressor,"{'mode': 'original', 'type': 'ExtraTreesRegressor'}",5,"['edges_T2W40', 're_T2W40', 'l1_T2W40', 'l3_T2W40', 'lsc_T2W40']",0.13614463341339117,0.18819251608896614,98.0,0.16216857475117866,0.026023941337787473,0.1304808231360567,1.9844674545084815,2.175360330949553,2.2499355008398934,98.0,2.212647915894723,0.03728758494517023,0.18695533905684292,1.9844674545084815,completed,False,COMPLETE
271,1.7365407514574767,2026-06-12 01:09:30.387170,2026-06-12 01:09:52.169161,0 days 00:00:21.781991,,,,,,17.0,log2,4.0,8.0,418.0,,,,,ExtraTreesRegressor,,,,,,5,,,,,,,,False,-3.186240601893951e-05,0.008378527998880175,98.0,0.004173332796430618,0.004205195202449557,0.021084328631908313,1.9844674545084815,1.711790252298596,1.7612912506163574,98.0,1.7365407514574767,0.024750499158880696,0.12409594155477748,1.9844674545084815,0.2526352308624952,0.2716021300167293,98.0,0.26211868043961223,0.009483449577117059,0.04754884323362549,1.9844674545084815,5.695549324459081,5.935953042380569,98.0,5.815751183419825,0.12020185896074434,0.6026772538450378,1.9844674545084815,1.3869952751200705,1.440973978745098,98.0,1.4139846269325842,0.026989351812513652,0.13532127185100729,1.9844674545084815,99.0,0.26262626262626265,0.00888364290824667,0.02206137993836066,98.0,0.015472511423303664,0.006588868515056996,0.033035771800313196,1.9844674545084815,ExtraTreesRegressor,"{'mode': 'original', 'type': 'ExtraTreesRegressor'}",5,"['edges_T2W40', 're_T2W40', 'l1_T2W40', 'l3_T2W40', 'lsc_T2W40']",0.1372490491512524,0.18916951318233755,98.0,0.16320928116679498,0.025960232015542564,0.13016139247411135,1.9844674545084815,2.1750166003745086,2.2496026763486725,98.0,2.2123096383615906,0.03729303798708185,0.18698267993453657,1.9844674545084815,completed,False,COMPLETE
272,1.7365098729629305,2026-06-12 01:09:52.204943,2026-06-12 01:10:14.159946,0 days 00:00:21.955003,,,,,,17.0,log2,4.0,8.0,420.0,,,,,ExtraTreesRegressor,,,,,,5,,,,,,,,False,-1.379207848665933e-05,0.008401751484897347,98.0,0.004193979703205344,0.004207771781692004,0.021097247281549655,1.9844674545084815,1.7117440175402987,1.7612757283855622,98.0,1.7365098729629305,0.02476585542263179,0.12417293596190934,1.9844674545084815,0.25262408090506827,0.27159395189627433,98.0,0.2621090164006713,0.009484935495603046,0.04755629344513067,1.9844674545084815,5.6957031646991805,5.936116271036834,98.0,5.815909717868007,0.12020655316882688,0.6027007900237676,1.9844674545084815,1.3876392674199358,1.4414849216033219,98.0,1.4145620945116288,0.02692282709169306,0.13498772512882176,1.9844674545084815,99.0,0.2727272727272727,0.008941107949699325,0.02213059750054515,98.0,0.015535852725122238,0.006594744775422913,0.03306523464299158,1.9844674545084815,ExtraTreesRegressor,"{'mode': 'original', 'type': 'ExtraTreesRegressor'}",5,"['edges_T2W40', 're_T2W40', 'l1_T2W40', 'l3_T2W40', 'lsc_T2W40']",0.13762872104110477,0.1895129163323321,98.0,0.16357081868671844,0.02594209764561368,0.13007046898620991,1.9844674545084815,2.1749346100832394,2.2495565820988563,98.0,2.212245596091048,0.037310986007808425,0.18707266909058595,1.9844674545084815,completed,False,COMPLETE
273,1.7375202089745703,2026-06-12 01:10:14.172637,2026-06-12 01:10:37.160162,0 days 00:00:22.987525,,,,,,17.0,log2,4.0,8.0,438.0,,,,,ExtraTreesRegressor,,,,,,4,,,,,,,,False,-0.001026377702367917,0.008326040932397381,98.0,0.0036498316150147324,0.004676209317382649,0.023445935147518304,1.9844674545084815,1.7123076551134946,1.762732762835646,98.0,1.7375202089745703,0.025212553861075616,0.12641262668304962,1.9844674545084815,0.25234860703136464,0.27126944833237565,98.0,0.26180902768187014,0.009460420650505513,0.04743337904389296,1.9844674545084815,5.644140132274444,5.881602092081803,98.0,5.762871112178123,0.11873097990367913,0.5953024481763523,1.9844674545084815,1.3947632468750875,1.4491178817112875,98.0,1.4219405642931875,0.027177317418100026,0.1362637081491773,1.9844674545084815,99.0,0.2727272727272727,0.010618551406429848,0.024437906418130515,98.0,0.017528228912280182,0.006909677505850333,0.034644268401378825,1.9844674545084815,ExtraTreesRegressor,"{'mode': 'original', 'type': 'ExtraTreesRegressor'}",4,"['edges_T2W40', 're_T2W40', 'l1_T2W40', 'lsc_T2W40']",0.1323820722463095,0.18570667253968365,98.0,0.15904437239299657,0.026662300146687076,0.13368147524944077,1.9844674545084815,2.17258239203528,2.247442590775038,98.0,2.210012491405159,0.03743009936987899,0.18766988875565274,1.9844674545084815,completed,False,COMPLETE
274,1.7367135217906489,2026-06-12 01:10:37.172717,2026-06-12 01:10:58.065741,0 days 00:00:20.893024,,,,,,17.0,log2,4.0,8.0,400.0,,,,,ExtraTreesRegressor,,,,,,5,,,,,,,,False,-9.412599906899206e-05,0.00824181070950035,98.0,0.004073842355215679,0.004167968354284671,0.020897677819555684,1.9844674545084815,1.7119855272641453,1.7614415163171524,98.0,1.7367135217906489,0.024727994526503528,0.12398310611148959,1.9844674545084815,0.25266671673978786,0.2716297677232627,98.0,0.2621482422315253,0.009481525491737395,0.04753919610750944,1.9844674545084815,5.697656485587851,5.938453956359508,98.0,5.8180552209736796,0.12039873538582835,0.6036643678900477,1.9844674545084815,1.3856839870934128,1.4398041424426749,98.0,1.4127440647680438,0.027060077674630943,0.13567588257604268,1.9844674545084815,99.0,0.26262626262626265,0.0086326532622224,0.02172677469104744,98.0,0.01517971397663492,0.00654706071441252,0.03282615265881604,1.9844674545084815,ExtraTreesRegressor,"{'mode': 'original', 'type': 'ExtraTreesRegressor'}",5,"['edges_T2W40', 're_T2W40', 'l1_T2W40', 'l3_T2W40', 'lsc_T2W40']",0.13709957172749704,0.1888008261604917,98.0,0.16295019894399437,0.025850627216497342,0.1296118475680015,1.9844674545084815,2.1753613499141444,2.249911896569798,98.0,2.212636623241971,0.037275273327826965,0.18689361013022743,1.9844674545084815,completed,False,COMPLETE
275,1.7406030539063568,2026-06-12 01:10:58.078885,2026-06-12 01:11:20.597718,0 days 00:00:22.518833,,,,,,17.0,log2,4.0,8.0,429.0,,,,,ExtraTreesRegressor,,,,,,6,,,,,,,,False,-0.0017283182375657027,0.005626659691677323,98.0,0.0019491707270558102,0.003677488964621513,0.018438474823982042,1.9844674545084815,1.7155439676917843,1.7656621401209294,98.0,1.7406030539063568,0.02505908621457246,0.12564315888489527,1.9844674545084815,0.2532502409073463,0.2723352680187138,98.0,0.2627927544630301,0.009542513555683725,0.04784498271692038,1.9844674545084815,5.72901264121164,5.975006866266505,98.0,5.852009753739073,0.12299711252743248,0.6166923095017255,1.9844674545084815,1.377941087144238,1.4332067061981428,98.0,1.4055738966711904,0.027632809526952528,0.1385474892461149,1.9844674545084815,99.0,0.35353535353535354,0.0009148086887850529,0.012217355944284488,98.0,0.006566082316534771,0.005651273627749718,0.028334787000352343,1.9844674545084815,ExtraTreesRegressor,"{'mode': 'original', 'type': 'ExtraTreesRegressor'}",6,"['edges_T2W40', 're_T2W40', 'pe_T2W40', 'l1_T2W40', 'l3_T2W40', 'lsc_T2W40']",0.10208141769330861,0.15137446879042363,98.0,0.12672794324186612,0.02464652554855751,0.12357463073243491,1.9844674545084815,2.18484199432763,2.2603233968759002,98.0,2.222582695601765,0.037740701274135105,0.18922720828726872,1.9844674545084815,completed,False,COMPLETE
276,1.7372119255463847,2026-06-12 01:11:20.610674,2026-06-12 01:11:42.528942,0 days 00:00:21.918268,,,,,,19.0,log2,4.0,9.0,421.0,,,,,ExtraTreesRegressor,,,,,,5,,,,,,,,False,-0.0004048354666203518,0.007979199463833474,98.0,0.003787181998606561,0.004192017465226913,0.02101825708734236,1.9844674545084815,1.7124643816931426,1.7619594693996268,98.0,1.7372119255463847,0.024747543853242057,0.12408112401782784,1.9844674545084815,0.2527028756395755,0.27165896338908346,98.0,0.2621809195143295,0.009478043874753999,0.047521739710573184,1.9844674545084815,5.6964388412520135,5.937233442091196,98.0,5.816836141671605,0.12039730041959085,0.6036571731468146,1.9844674545084815,1.3886181720123363,1.441120439886119,98.0,1.4148693059492277,0.026251133936891352,0.1316199387279924,1.9844674545084815,99.0,0.25252525252525254,0.008875555106594178,0.021863361015458053,98.0,0.015369458061026115,0.0064939029544319364,0.0325596262250101,1.9844674545084815,ExtraTreesRegressor,"{'mode': 'original', 'type': 'ExtraTreesRegressor'}",5,"['edges_T2W40', 're_T2W40', 'l1_T2W40', 'l3_T2W40', 'lsc_T2W40']",0.13687867953439145,0.1887482343632567,98.0,0.16281345694882407,0.025934777414432626,0.13003376625245977,1.9844674545084815,2.175160241631166,2.2497096581363816,98.0,2.212434949883774,0.03727470825260786,0.18689077691296935,1.9844674545084815,completed,False,COMPLETE
277,2.150409368409368,2026-06-12 01:11:42.567425,2026-06-12 01:11:42.689231,0 days 00:00:00.121806,16.0,4.0,16.0,,,,,,,,,,,,DecisionTreeRegressor,,,,,,5,,,,,,,,False,,,,,,,,,,,,,,,,,,,,,,,,,,,,,,,,,,,,,,,,,,,,,DecisionTreeRegressor,"{'mode': 'original', 'type': 'DecisionTreeRegressor'}",5,"['re_T2W40', 'l3_T2W40', 'atd_T2W40', 'density_T2W40', 'diameter_T2W40']",,,,,,,,,,,,,,,pruned,False,PRUNED
278,1.7369964530015511,2026-06-12 01:11:42.698614,2026-06-12 01:11:47.256620,0 days 00:00:04.558006,,,,,,16.0,sqrt,4.0,8.0,61.0,,,,,ExtraTreesRegressor,,,,,,5,,,,,,,,False,-6.432476924521802e-05,0.008194353249982526,98.0,0.004065014240368654,0.004129339009613872,0.020703995063188048,1.9844674545084815,1.7115914362479787,1.7624014697551236,98.0,1.7369964530015511,0.025405016753572398,0.1273776118215483,1.9844674545084815,0.2524755248665694,0.2714402277067072,98.0,0.2619578762866383,0.00948235142006893,0.047543337210010056,1.9844674545084815,5.686707930987647,5.927287905334171,98.0,5.806997918160909,0.12028998717326216,0.6031191178025982,1.9844674545084815,1.3741780457683368,1.432552133550809,98.0,1.4033650896595729,0.029187043891236004,0.14634022811551844,1.9844674545084815,99.0,0.30303030303030304,0.0050938449040501795,0.017979725499708055,98.0,0.011536785201879117,0.006442940297828937,0.032304105768041345,1.9844674545084815,ExtraTreesRegressor,"{'mode': 'original', 'type': 'ExtraTreesRegressor'}",5,"['edges_T2W40', 're_T2W40', 'pe_T2W40', 'l1_T2W40', 'lsc_T2W40']",0.11401922100928448,0.16348346548554787,98.0,0.13875134324741617,0.02473212223813169,0.12400380194706347,1.9844674545084815,2.1791912991410323,2.254708946082232,98.0,2.216950122611632,0.03775882347060003,0.18931807073892748,1.9844674545084815,completed,False,COMPLETE
279,1.745782350929492,2026-06-12 01:11:47.270106,2026-06-12 01:11:56.466092,0 days 00:00:09.195986,,,,,,17.0,log2,4.0,8.0,150.0,,,,,ExtraTreesRegressor,,,,,,5,,,,,,,,False,-0.005057540994937298,0.002981815765936099,98.0,-0.0010378626145005991,0.004019678380436698,0.020154170231701855,1.9844674545084815,1.7205862190033874,1.7709784828555968,98.0,1.745782350929492,0.025196131926104617,0.12633028913222707,1.9844674545084815,0.25369160710434935,0.272717073937217,98.0,0.2632043405207832,0.009512733416433819,0.04769566878203259,1.9844674545084815,5.736869385680875,6.000611308445312,98.0,5.868740347063094,0.13187096138221813,0.6611846901111196,1.9844674545084815,1.4182554779244492,1.469894636863882,98.0,1.4440750573941656,0.025819579469716445,0.12945617800573544,1.9844674545084815,99.0,0.42424242424242425,-0.004404586998548831,0.00836807250413646,98.0,0.0019817427527938154,0.006386329751342646,0.032020267489748434,1.9844674545084815,ExtraTreesRegressor,"{'mode': 'original', 'type': 'ExtraTreesRegressor'}",5,"['edges_T2W40', 'pe_T2W40', 'l1_T2W40', 'l3_T2W40', 'lsc_T2W40']",0.08756975905280821,0.13727774505602697,98.0,0.11242375205441758,0.02485399300160937,0.12461484688174049,1.9844674545084815,2.189812976695878,2.2653176870965197,98.0,2.2275653318961988,0.037752355200320914,0.1892856396317662,1.9844674545084815,completed,False,COMPLETE
280,1.7405438841531504,2026-06-12 01:11:56.480957,2026-06-12 01:12:18.882801,0 days 00:00:22.401844,,,,,,15.0,log2,4.0,7.0,425.0,,,,,ExtraTreesRegressor,,,,,,6,,,,,,,,False,-0.0016945128435541116,0.005657518994381738,98.0,0.001981503075413813,0.0036760159189679247,0.018431089155266363,1.9844674545084815,1.7154940726030699,1.765593695703231,98.0,1.7405438841531504,0.0250498115500806,0.12559665686425586,1.9844674545084815,0.25324461869471787,0.2723289514664807,98.0,0.26278678508059927,0.009542166385881384,0.04784324205047061,1.9844674545084815,5.729616972643874,5.975655411023555,98.0,5.852636191833715,0.12301921918984034,0.6168031495728096,1.9844674545084815,1.3773140469859075,1.4327317830632864,98.0,1.405022915024597,0.02770886803868948,0.13892883721678262,1.9844674545084815,99.0,0.35353535353535354,0.0009027962480832197,0.012199664734871033,98.0,0.006551230491477126,0.0056484342433939065,0.02832055067837724,1.9844674545084815,ExtraTreesRegressor,"{'mode': 'original', 'type': 'ExtraTreesRegressor'}",6,"['edges_T2W40', 're_T2W40', 'pe_T2W40', 'l1_T2W40', 'l3_T2W40', 'lsc_T2W40']",0.10121534383425046,0.15052270972991655,98.0,0.1258690267820835,0.024653682947833044,0.12361051704715038,1.9844674545084815,2.1848657328177854,2.2603215700247627,98.0,2.222593651421274,0.0377279186034888,0.1891631175576533,1.9844674545084815,completed,False,COMPLETE
281,1.73743921921904,2026-06-12 01:12:18.896388,2026-06-12 01:12:40.548503,0 days 00:00:21.652115,,,,,,18.0,log2,4.0,7.0,408.0,,,,,ExtraTreesRegressor,,,,,,4,,,,,,,,False,-0.00102689965198163,0.008444635695059422,98.0,0.003708868021538896,0.004735767673520526,0.023744553378808913,1.9844674545084815,1.7121349644899262,1.7627434739481538,98.0,1.73743921921904,0.025304254729113896,0.12687240349351114,1.9844674545084815,0.2523076825264824,0.27123523912959513,98.0,0.26177146082803876,0.009463778301556345,0.047450213890975874,1.9844674545084815,5.642902369391425,5.87984395080751,98.0,5.761373160099468,0.11847079070804288,0.5939978917305371,1.9844674545084815,1.3937001285121635,1.4482056390232798,98.0,1.4209528837677217,0.027252755255558064,0.13664194413577768,1.9844674545084815,99.0,0.29292929292929293,0.010681024952470749,0.024669031659489502,98.0,0.017675028305980126,0.006994003353509377,0.03506706777182703,1.9844674545084815,ExtraTreesRegressor,"{'mode': 'original', 'type': 'ExtraTreesRegressor'}",4,"['edges_T2W40', 're_T2W40', 'l1_T2W40', 'lsc_T2W40']",0.13350773881526407,0.18694268087083693,98.0,0.1602252098430505,0.02671747102778644,0.13395809522354646,1.9844674545084815,2.1723820499177102,2.2473126929575664,98.0,2.2098473714376383,0.03746532151992822,0.1878464882596015,1.9844674545084815,completed,False,COMPLETE
282,1.736683779519714,2026-06-12 01:12:40.561362,2026-06-12 01:13:03.324745,0 days 00:00:22.763383,,,,,,16.0,log2,4.0,8.0,435.0,,,,,ExtraTreesRegressor,,,,,,5,,,,,,,,False,-9.196338104090242e-05,0.008281787752283724,98.0,0.004094912185621411,0.004186875566662313,0.02099247624390737,1.9844674545084815,1.7119242984342438,1.7614432606051844,98.0,1.736683779519714,0.024759481085470325,0.12414097582378196,1.9844674545084815,0.252652267079036,0.2716240166101215,98.0,0.26213814184457873,0.009485874765542735,0.04756100282843609,1.9844674545084815,5.69619018123228,5.937106646178481,98.0,5.816648413705381,0.12045823247310064,0.6039626789268243,1.9844674545084815,1.388204997538903,1.4416675996200734,98.0,1.4149362985794882,0.026731301040585288,0.13402743719717577,1.9844674545084815,99.0,0.2828282828282828,0.00875656404566865,0.021936514689651635,98.0,0.015346539367660143,0.006589975321991492,0.03304132119338903,1.9844674545084815,ExtraTreesRegressor,"{'mode': 'original', 'type': 'ExtraTreesRegressor'}",5,"['edges_T2W40', 're_T2W40', 'l1_T2W40', 'l3_T2W40', 'lsc_T2W40']",0.13676806341748407,0.18844694251568175,98.0,0.1626075029665829,0.025839439549098845,0.12955575398739508,1.9844674545084815,2.175147586818659,2.2497688993994926,98.0,2.212458243109076,0.03731065629041669,0.1870710159283644,1.9844674545084815,completed,False,COMPLETE
283,1.8487734487734488,2026-06-12 01:13:03.337648,2026-06-12 01:13:05.309013,0 days 00:00:01.971365,,,,,,,,,,,minkowski,7.0,uniform,,KNeighborsRegressor,,,,,,5,12.0,3.0,8.0,50.0,,,ExtraTrees,,-0.07074044737918114,-0.04841720586024039,98.0,-0.05957882661971076,0.011161620759470374,0.05596298597989432,1.9844674545084815,1.8146130917996057,1.882933805747292,98.0,1.8487734487734488,0.034160356973843196,0.17127580479504523,1.9844674545084815,0.2608094418637126,0.28157408752799373,98.0,0.27119176469585315,0.010382322832140599,0.052055682558541885,1.9844674545084815,6.081429468630458,6.40341901621803,98.0,6.242424242424244,0.16099477379378607,0.8072078834082718,1.9844674545084815,1.4409680936298437,1.5345008818391315,98.0,1.4877344877344876,0.04676639410464379,0.23448091581034688,1.9844674545084815,99.0,0.8888888888888888,-0.14299781535412112,-0.1025614701761654,98.0,-0.12277964276514326,0.020218172588977856,0.10137141670720412,1.9844674545084815,KNeighborsRegressor,"{'mode': 'proxy', 'type': 'ExtraTrees'}",5,"['edges_T2W40', 're_T2W40', 'pe_T2W40', 'l1_T2W40', 'atd_T2W40']",0.001910652510346219,0.06151607010838321,98.0,0.03171336130936472,0.029802708799018498,0.149427095815562,1.9844674545084815,2.316263294962557,2.404112080372153,98.0,2.360187687667355,0.04392439270479805,0.22023147230014167,1.9844674545084815,completed,True,COMPLETE
