number,value,datetime_start,datetime_complete,duration,params_dt_max_depth,params_dt_min_samples_leaf,params_dt_min_samples_split,params_elastic_alpha,params_elastic_l1_ratio,params_et_max_depth,params_et_max_features,params_et_min_samples_leaf,params_et_min_samples_split,params_et_n_estimators,params_knn_metric,params_knn_n_neighbors,params_knn_weights,params_quantile_alpha,params_regressor,params_rf_max_depth,params_rf_max_features,params_rf_min_samples_leaf,params_rf_min_samples_split,params_rf_n_estimators,params_rfe_n_features,params_rfe_proxy_et_max_depth,params_rfe_proxy_et_min_samples_leaf,params_rfe_proxy_et_min_samples_split,params_rfe_proxy_et_n_estimators,params_rfe_proxy_lsvr_C,params_rfe_proxy_lsvr_epsilon,params_rfe_proxy_type,params_use_scaler,user_attrs_d2mae_ci_lower_val,user_attrs_d2mae_ci_upper_val,user_attrs_d2mae_df_val,user_attrs_d2mae_mean_val,user_attrs_d2mae_samperror_val,user_attrs_d2mae_std_val,user_attrs_d2mae_t_critical_val,user_attrs_mae_ci_lower_val,user_attrs_mae_ci_upper_val,user_attrs_mae_df_val,user_attrs_mae_mean_val,user_attrs_mae_samperror_val,user_attrs_mae_std_val,user_attrs_mae_t_critical_val,user_attrs_mape_ci_lower_val,user_attrs_mape_ci_upper_val,user_attrs_mape_df_val,user_attrs_mape_mean_val,user_attrs_mape_samperror_val,user_attrs_mape_std_val,user_attrs_mape_t_critical_val,user_attrs_max_error_ci_lower_val,user_attrs_max_error_ci_upper_val,user_attrs_max_error_df_val,user_attrs_max_error_mean_val,user_attrs_max_error_samperror_val,user_attrs_max_error_std_val,user_attrs_max_error_t_critical_val,user_attrs_median_ae_ci_lower_val,user_attrs_median_ae_ci_upper_val,user_attrs_median_ae_df_val,user_attrs_median_ae_mean_val,user_attrs_median_ae_samperror_val,user_attrs_median_ae_std_val,user_attrs_median_ae_t_critical_val,user_attrs_n_splits_val,user_attrs_r2_below_zero_val,user_attrs_r2_ci_lower_val,user_attrs_r2_ci_upper_val,user_attrs_r2_df_val,user_attrs_r2_mean_val,user_attrs_r2_samperror_val,user_attrs_r2_std_val,user_attrs_r2_t_critical_val,user_attrs_regressor_final,user_attrs_rfe_estimator,user_attrs_rfe_n_features,user_attrs_rfe_selected_features,user_attrs_rho_ci_lower_val,user_attrs_rho_ci_upper_val,user_attrs_rho_df_val,user_attrs_rho_mean_val,user_attrs_rho_samperror_val,user_attrs_rho_std_val,user_attrs_rho_t_critical_val,user_attrs_rmse_ci_lower_val,user_attrs_rmse_ci_upper_val,user_attrs_rmse_df_val,user_attrs_rmse_mean_val,user_attrs_rmse_samperror_val,user_attrs_rmse_std_val,user_attrs_rmse_t_critical_val,user_attrs_termination_reason,user_attrs_use_scaler_final,state
140,1.7367275401963058,2026-06-12 00:26:39.771656,2026-06-12 00:27:00.115007,0 days 00:00:20.343351,,,,,,13.0,log2,4.0,5.0,385.0,,,,,ExtraTreesRegressor,,,,,,5,,,,,,,,False,-8.993455962537714e-05,0.008217509187557133,98.0,0.004063787313965878,0.004153721873591255,0.02082624772741319,1.9844674545084815,1.7120167738085288,1.7614383065840828,98.0,1.7367275401963058,0.02471076638777692,0.12389672635475052,1.9844674545084815,0.25268495377682504,0.27163808657052096,98.0,0.262161520173673,0.009476566396847939,0.0475143318190918,1.9844674545084815,5.699369342382155,5.940141923041553,98.0,5.819755632711854,0.12038629032969911,0.6036019699178636,1.9844674545084815,1.386723332822731,1.4409989358784072,98.0,1.4138611343505691,0.027137801527837964,0.1360655803628661,1.9844674545084815,99.0,0.2727272727272727,0.008489867466814991,0.021577513232936447,98.0,0.01503369034987572,0.006543822883060728,0.03280991857288441,1.9844674545084815,ExtraTreesRegressor,"{'mode': 'original', 'type': 'ExtraTreesRegressor'}",5,"['edges_T2W40', 're_T2W40', 'l1_T2W40', 'l3_T2W40', 'lsc_T2W40']",0.13453232735749118,0.18658244242299307,98.0,0.16055738489024213,0.026025057532750938,0.13048641959954863,1.9844674545084815,2.175536576105554,2.2500475991957685,98.0,2.2127920876506613,0.037255511545107055,0.18679452699587587,1.9844674545084815,completed,False,COMPLETE
141,1.7366705803635123,2026-06-12 00:27:00.205686,2026-06-12 00:27:20.512476,0 days 00:00:20.306790,,,,,,13.0,log2,4.0,5.0,387.0,,,,,ExtraTreesRegressor,,,,,,5,,,,,,,,False,-5.698688523468609e-05,0.008251818141719908,98.0,0.004097415628242611,0.004154402513477297,0.0208296603716179,1.9844674545084815,1.7119548659202117,1.7613862948068129,98.0,1.7366705803635123,0.024715714443300507,0.12392153529315306,1.9844674545084815,0.2526851983876645,0.271641418081701,98.0,0.26216330823468276,0.009478109847018247,0.04752207048734645,1.9844674545084815,5.69971934190753,5.94047021771684,98.0,5.820094779812185,0.12037543790465503,0.6035475572009583,1.9844674545084815,1.3866034418659472,1.4408876145571823,98.0,1.4137455282115647,0.02714208634561745,0.13608706390925127,1.9844674545084815,99.0,0.2727272727272727,0.008545175943045238,0.021617150772073684,98.0,0.015081163357559461,0.006535987414514224,0.03277063250271025,1.9844674545084815,ExtraTreesRegressor,"{'mode': 'original', 'type': 'ExtraTreesRegressor'}",5,"['edges_T2W40', 're_T2W40', 'l1_T2W40', 'l3_T2W40', 'lsc_T2W40']",0.13504431308618856,0.18700974076526763,98.0,0.1610270269257281,0.025982713839539547,0.130274113559002,1.9844674545084815,2.1754836349001283,2.2499972588762254,98.0,2.212740446888177,0.03725681198804849,0.1868010472559409,1.9844674545084815,completed,False,COMPLETE
142,1.7367137429115707,2026-06-12 00:27:20.531695,2026-06-12 00:27:40.567125,0 days 00:00:20.035430,,,,,,14.0,log2,4.0,5.0,380.0,,,,,ExtraTreesRegressor,,,,,,5,,,,,,,,False,-8.838264325068592e-05,0.008228680233211653,98.0,0.004070148794980484,0.00415853143823117,0.020850362289654034,1.9844674545084815,1.7120070418982756,1.7614204439248657,98.0,1.7367137429115707,0.024706701013294988,0.12387634306991778,1.9844674545084815,0.25268279965996915,0.27163640129354666,98.0,0.2621596004767579,0.00947680081678876,0.04751550717168121,1.9844674545084815,5.69915468328411,5.939626874508026,98.0,5.819390778896068,0.12023609561195774,0.6028489121797136,1.9844674545084815,1.3868706205677988,1.4413398687167638,98.0,1.4141052446422813,0.027234624074482534,0.13655103663639254,1.9844674545084815,99.0,0.2727272727272727,0.008461440677176921,0.021589767622567813,98.0,0.015025604149872366,0.006564163472695445,0.03291190377351798,1.9844674545084815,ExtraTreesRegressor,"{'mode': 'original', 'type': 'ExtraTreesRegressor'}",5,"['edges_T2W40', 're_T2W40', 'l1_T2W40', 'l3_T2W40', 'lsc_T2W40']",0.13433787266218974,0.18620103318636347,98.0,0.1602694529242766,0.025931580262086855,0.13001773612603298,1.9844674545084815,2.1755485095598086,2.250037008680005,98.0,2.212792759119907,0.03724424956009813,0.18673806079596258,1.9844674545084815,completed,False,COMPLETE
143,1.7368796310165961,2026-06-12 00:27:40.579980,2026-06-12 00:28:00.282595,0 days 00:00:19.702615,,,,,,14.0,log2,4.0,4.0,371.0,,,,,ExtraTreesRegressor,,,,,,5,,,,,,,,False,-0.00022060396561408673,0.008161380906481087,98.0,0.0039703884704335,0.004190992436047587,0.0210131177178164,1.9844674545084815,1.7121739700258836,1.7615852920073087,98.0,1.7368796310165961,0.024705660990712548,0.12387112852532303,1.9844674545084815,0.252698598641603,0.2716440748149204,98.0,0.2621713367282617,0.009472738086658695,0.047495137145301666,1.9844674545084815,5.698945651062095,5.939174642012967,98.0,5.819060146537531,0.12011449547543541,0.6022392241351187,1.9844674545084815,1.387778813437843,1.4419593760604614,98.0,1.4148690947491522,0.02709028131130914,0.1358273198746563,1.9844674545084815,99.0,0.2828282828282828,0.008390073574237638,0.02155921388528366,98.0,0.014974643729760649,0.006584570155523011,0.03301422035724586,1.9844674545084815,ExtraTreesRegressor,"{'mode': 'original', 'type': 'ExtraTreesRegressor'}",5,"['edges_T2W40', 're_T2W40', 'l1_T2W40', 'l3_T2W40', 'lsc_T2W40']",0.1342416658833172,0.186113317056197,98.0,0.1601774914697571,0.02593582558643989,0.1300390216572626,1.9844674545084815,2.175610842341806,2.2500614455116343,98.0,2.21283614392672,0.03722530158491402,0.18664305799194097,1.9844674545084815,completed,False,COMPLETE
144,1.736798651808839,2026-06-12 00:28:00.295525,2026-06-12 00:28:18.851091,0 days 00:00:18.555566,,,,,,14.0,log2,4.0,6.0,343.0,,,,,ExtraTreesRegressor,,,,,,5,,,,,,,,False,-0.00013026698326743316,0.008188571747607102,98.0,0.004029152382169834,0.004159419365437267,0.020854814246843486,1.9844674545084815,1.7120500830454763,1.7615472205722016,98.0,1.736798651808839,0.02474856876336255,0.12408626279040753,1.9844674545084815,0.25269712347587614,0.2716620910967721,98.0,0.2621796072863241,0.00948248381044795,0.04754400099899596,1.9844674545084815,5.698983983980488,5.938314704291747,98.0,5.818649344136118,0.11966536015562927,0.5999873151922297,1.9844674545084815,1.386854516473443,1.44090951974252,98.0,1.4138820181079814,0.027027501634538466,0.13551255034013698,1.9844674545084815,99.0,0.2727272727272727,0.00859807550070664,0.021677996247692663,98.0,0.015138035874199651,0.006539960373493011,0.03279055242764049,1.9844674545084815,ExtraTreesRegressor,"{'mode': 'original', 'type': 'ExtraTreesRegressor'}",5,"['edges_T2W40', 're_T2W40', 'l1_T2W40', 'l3_T2W40', 'lsc_T2W40']",0.13596381599646232,0.18809958778943928,98.0,0.1620317018929508,0.02606788589648849,0.13070115571816768,1.9844674545084815,2.1754000162608547,2.249979571981351,98.0,2.212689794121103,0.037289777860247945,0.18696633406181523,1.9844674545084815,completed,False,COMPLETE
145,1.7367205768670193,2026-06-12 00:28:18.863796,2026-06-12 00:28:40.040242,0 days 00:00:21.176446,,,,,,13.0,log2,4.0,5.0,403.0,,,,,ExtraTreesRegressor,,,,,,5,,,,,,,,False,-0.00011675780351267252,0.008253443983629486,98.0,0.004068343090058407,0.00418510089357108,0.020983578252525666,1.9844674545084815,1.711990036579765,1.7614511171542737,98.0,1.7367205768670193,0.024730540287254358,0.12399587024102571,1.9844674545084815,0.25266965009628223,0.27163022153852584,98.0,0.26214993581740403,0.009480285721121811,0.04753298005098204,1.9844674545084815,5.697745022950755,5.938344421397691,98.0,5.818044722174223,0.12029969922346812,0.6031678128211106,1.9844674545084815,1.3861171253635063,1.4403989578465506,98.0,1.4132580416050284,0.027140916241522164,0.13608119715204006,1.9844674545084815,99.0,0.26262626262626265,0.008585191195674562,0.021710722589896325,98.0,0.015147956892785443,0.00656276569711088,0.03290489549961872,1.9844674545084815,ExtraTreesRegressor,"{'mode': 'original', 'type': 'ExtraTreesRegressor'}",5,"['edges_T2W40', 're_T2W40', 'l1_T2W40', 'l3_T2W40', 'lsc_T2W40']",0.1361358584673648,0.18801285255866856,98.0,0.1620743555130167,0.02593849704565188,0.13005241602333617,1.9844674545084815,2.175393527802899,2.249946041497112,98.0,2.2126697846500054,0.03727625684710676,0.18689854137425127,1.9844674545084815,completed,False,COMPLETE
146,1.7370515964903424,2026-06-12 00:28:40.053107,2026-06-12 00:29:00.244148,0 days 00:00:20.191041,,,,,,13.0,log2,4.0,5.0,378.0,,,,,ExtraTreesRegressor,,,,,,4,,,,,,,,False,-0.0007787697411560639,0.008653008454474568,98.0,0.003937119356659252,0.004715889097815316,0.023644884658874394,1.9844674545084815,1.711736751012768,1.7623664419679168,98.0,1.7370515964903424,0.025314845477574517,0.1269255041963921,1.9844674545084815,0.25226043498038586,0.2711999033277749,98.0,0.26173016915408037,0.009469734173694531,0.04748007589723375,1.9844674545084815,5.643636289740019,5.881853648262233,98.0,5.762744969001126,0.1191086792611068,0.5971961860393239,1.9844674545084815,1.394694839089349,1.448922428573431,98.0,1.42180863383139,0.027113794742041047,0.13594521330812315,1.9844674545084815,99.0,0.2828282828282828,0.010897505115186265,0.024872735330957282,98.0,0.017885120223071774,0.0069876151078855095,0.03503503789838941,1.9844674545084815,ExtraTreesRegressor,"{'mode': 'original', 'type': 'ExtraTreesRegressor'}",4,"['edges_T2W40', 're_T2W40', 'l1_T2W40', 'lsc_T2W40']",0.13417537400553736,0.187600594293865,98.0,0.16088798414970118,0.026712610144163828,0.13393372335427367,1.9844674545084815,2.1721285237376304,2.247135593417276,98.0,2.209632058577453,0.037503534839822876,0.18803808511919695,1.9844674545084815,completed,False,COMPLETE
147,1.764713111830138,2026-06-12 00:29:00.256750,2026-06-12 00:29:22.032778,0 days 00:00:21.776028,,,,,,13.0,,4.0,5.0,407.0,,,,,ExtraTreesRegressor,,,,,,5,,,,,,,,False,-0.02098585131621411,-0.003335400696556535,98.0,-0.012160626006385322,0.008825225309828787,0.044248588168909635,1.9844674545084815,1.7369940605728333,1.7924321630874427,98.0,1.764713111830138,0.02771905125730458,0.13897989461542282,1.9844674545084815,0.2541985837600326,0.2728803297597108,98.0,0.2635394567598717,0.009340872999839076,0.04683398190952083,1.9844674545084815,5.5858366946059315,5.848175312186609,98.0,5.71700600339627,0.1311693087903387,0.6576666907982699,1.9844674545084815,1.3985519852366393,1.475638627498959,98.0,1.4370953063677991,0.03854332113115979,0.193251444979574,1.9844674545084815,99.0,0.5353535353535354,-0.023217469810212936,0.004837528698211165,98.0,-0.009189970556000885,0.01402749925421205,0.07033214629070561,1.9844674545084815,ExtraTreesRegressor,"{'mode': 'original', 'type': 'ExtraTreesRegressor'}",5,"['nodes_T2W40', 'edges_T2W40', 're_T2W40', 'l1_T2W40', 'lsc_T2W40']",0.09653034593871553,0.14648683028625956,98.0,0.12150858811248755,0.02497824217377202,0.1252378168633941,1.9844674545084815,2.200117313951535,2.2753703196041335,98.0,2.2377438167778343,0.037626502826298994,0.18865463139427976,1.9844674545084815,completed,False,COMPLETE
148,1.7406535426698218,2026-06-12 00:29:22.046446,2026-06-12 00:29:42.270497,0 days 00:00:20.224051,,,,,,15.0,log2,4.0,6.0,381.0,,,,,ExtraTreesRegressor,,,,,,6,,,,,,,,False,-0.001728882588893569,0.0055854551979431875,98.0,0.001928286304524809,0.003657168893418378,0.01833659250022663,1.9844674545084815,1.7155689603886966,1.765738124950947,98.0,1.7406535426698218,0.025084582281125114,0.12577099300914807,1.9844674545084815,0.2532497227154961,0.27234239260470333,98.0,0.2627960576600997,0.009546334944603623,0.04786414268832207,1.9844674545084815,5.729820748654116,5.975429801794999,98.0,5.8526252752245576,0.12280452657044143,0.6157267073330736,1.9844674545084815,1.3754689415804606,1.4308466360840522,98.0,1.4031577888322564,0.027688847251795785,0.13882845546753822,1.9844674545084815,99.0,0.36363636363636365,0.0006408257891940628,0.0119526431690385,98.0,0.006296734479116281,0.005655908689922219,0.028358026628804642,1.9844674545084815,ExtraTreesRegressor,"{'mode': 'original', 'type': 'ExtraTreesRegressor'}",6,"['edges_T2W40', 're_T2W40', 'pe_T2W40', 'l1_T2W40', 'l3_T2W40', 'lsc_T2W40']",0.10164383455293038,0.1516790323443624,98.0,0.1266614334486464,0.025017598895716007,0.12543514659944496,1.9844674545084815,2.185141513449121,2.2606281029268054,98.0,2.2228848081879633,0.03774329473884217,0.1892402115985412,1.9844674545084815,completed,False,COMPLETE
149,1.947404768071435,2026-06-12 00:29:42.291131,2026-06-12 00:29:42.415800,0 days 00:00:00.124669,20.0,2.0,14.0,,,,,,,,,,,,DecisionTreeRegressor,,,,,,5,,,,,,,,False,,,,,,,,,,,,,,,,,,,,,,,,,,,,,,,,,,,,,,,,,,,,,DecisionTreeRegressor,"{'mode': 'original', 'type': 'DecisionTreeRegressor'}",5,"['re_T2W40', 'lcc_T2W40', 'lsc_T2W40', 'density_T2W40', 'asp_T2W40']",,,,,,,,,,,,,,,pruned,False,PRUNED
150,1.7375015170026826,2026-06-12 00:29:42.425428,2026-06-12 00:30:04.081606,0 days 00:00:21.656178,,,,,,13.0,log2,4.0,4.0,410.0,,,,,ExtraTreesRegressor,,,,,,4,,,,,,,,False,-0.0010700160264858283,0.008412523099892637,98.0,0.003671253536703404,0.0047412695631892324,0.023772139173114947,1.9844674545084815,1.712201689423237,1.7628013445821282,98.0,1.7375015170026826,0.025299827579445603,0.1268502063126396,1.9844674545084815,0.2523174019472453,0.2712440980601568,98.0,0.26178075000370105,0.009463348056455793,0.04744805669525592,1.9844674545084815,5.642743643132153,5.879636957309078,98.0,5.7611903002206155,0.11844665708846247,0.5938768887468909,1.9844674545084815,1.393793629210801,1.4480607148213573,98.0,1.4209271720160792,0.027133542805278025,0.13604422765468419,1.9844674545084815,99.0,0.29292929292929293,0.010654012315583855,0.024663477562856556,98.0,0.017658744939220206,0.007004732623636351,0.03512086300521022,1.9844674545084815,ExtraTreesRegressor,"{'mode': 'original', 'type': 'ExtraTreesRegressor'}",4,"['edges_T2W40', 're_T2W40', 'l1_T2W40', 'lsc_T2W40']",0.13334201626334782,0.1864743454227609,98.0,0.15990818084305436,0.026566164579706543,0.1331994634069818,1.9844674545084815,2.172398721210152,2.24732706997079,98.0,2.209862895590471,0.03746417438031896,0.1878407366434829,1.9844674545084815,completed,False,COMPLETE
151,1.7366548089918992,2026-06-12 00:30:04.096309,2026-06-12 00:30:25.240658,0 days 00:00:21.144349,,,,,,13.0,log2,4.0,5.0,399.0,,,,,ExtraTreesRegressor,,,,,,5,,,,,,,,False,-6.915456243543772e-05,0.008286530081814146,98.0,0.004108687759689354,0.0041778423221247914,0.02094718467305935,1.9844674545084815,1.7119169832937884,1.76139263469001,98.0,1.7366548089918992,0.024737825698110838,0.12403239838997514,1.9844674545084815,0.2526591118187445,0.27162028809512756,98.0,0.26213969995693603,0.009480588138191515,0.04753449633276554,1.9844674545084815,5.697519923566332,5.938220625019574,98.0,5.817870274292953,0.12035035072662116,0.6034217731931659,1.9844674545084815,1.386149221083672,1.4404554397175193,98.0,1.4133023304005956,0.027153109316923787,0.1361423317240218,1.9844674545084815,99.0,0.26262626262626265,0.00871671702605694,0.021827920959095033,98.0,0.015272318992575987,0.006555601966519047,0.03286897744046639,1.9844674545084815,ExtraTreesRegressor,"{'mode': 'original', 'type': 'ExtraTreesRegressor'}",5,"['edges_T2W40', 're_T2W40', 'l1_T2W40', 'l3_T2W40', 'lsc_T2W40']",0.13704126880674877,0.18887941891251037,98.0,0.16296034385962957,0.025919075052880797,0.1299550365537616,1.9844674545084815,2.1752548522772126,2.249809766961889,98.0,2.212532309619551,0.03727745734233809,0.18690456050885973,1.9844674545084815,completed,False,COMPLETE
152,1.736901509801754,2026-06-12 00:30:25.301615,2026-06-12 00:30:44.647684,0 days 00:00:19.346069,,,,,,13.0,log2,4.0,5.0,366.0,,,,,ExtraTreesRegressor,,,,,,5,,,,,,,,False,-0.00023887110624815511,0.00815634643549426,98.0,0.003958737664623053,0.004197608770871208,0.021046291202290728,1.9844674545084815,1.712186908866783,1.761616110736725,98.0,1.736901509801754,0.024714600934970916,0.12391595230011108,1.9844674545084815,0.25269854043504175,0.27164470878055497,98.0,0.26217162460779836,0.009473084172756606,0.04749687237819145,1.9844674545084815,5.699690034304998,5.939994637977604,98.0,5.819842336141301,0.1201523018363031,0.6024287805524869,1.9844674545084815,1.3884257823679709,1.442590102959221,98.0,1.415507942663596,0.02708216029562513,0.13578660210645213,1.9844674545084815,99.0,0.2828282828282828,0.008330891312186455,0.021518883080597358,98.0,0.014924887196391907,0.006593995884205452,0.0330614797950527,1.9844674545084815,ExtraTreesRegressor,"{'mode': 'original', 'type': 'ExtraTreesRegressor'}",5,"['edges_T2W40', 're_T2W40', 'l1_T2W40', 'l3_T2W40', 'lsc_T2W40']",0.1351845945693205,0.18682755439293827,98.0,0.16100607448112939,0.025821479911808887,0.12946570658733364,1.9844674545084815,2.1756676360366987,2.2501058917195627,98.0,2.2128867638781307,0.03721912784143199,0.18661210360571218,1.9844674545084815,completed,False,COMPLETE
153,1.7367894845770877,2026-06-12 00:30:44.660510,2026-06-12 00:31:04.912830,0 days 00:00:20.252320,,,,,,14.0,log2,4.0,5.0,384.0,,,,,ExtraTreesRegressor,,,,,,5,,,,,,,,False,-0.00011590568037144876,0.008170887163643382,98.0,0.004027490741635966,0.004143396422007415,0.020774477190259596,1.9844674545084815,1.7120868060028285,1.761492163151347,98.0,1.7367894845770877,0.024702678574259267,0.12385617505810194,1.9844674545084815,0.2526975442422094,0.27165274454989313,98.0,0.2621751443960513,0.00947760015384188,0.047519514948800766,1.9844674545084815,5.6994159580723185,5.939914257885295,98.0,5.819665107978807,0.12024914990648831,0.6029143647978894,1.9844674545084815,1.3866946175705,1.441054363858421,98.0,1.4138744907144605,0.027179873143960493,0.1362765222425406,1.9844674545084815,99.0,0.2727272727272727,0.008427443429894266,0.021490604087428568,98.0,0.014959023758661417,0.006531580328767151,0.03274853591985812,1.9844674545084815,ExtraTreesRegressor,"{'mode': 'original', 'type': 'ExtraTreesRegressor'}",5,"['edges_T2W40', 're_T2W40', 'l1_T2W40', 'l3_T2W40', 'lsc_T2W40']",0.13391258866130112,0.1859746723582515,98.0,0.1599436305097763,0.026031041848475184,0.13051642421842902,1.9844674545084815,2.175623546702102,2.2501302141431623,98.0,2.212876880422632,0.037253333720530246,0.18678360765280866,1.9844674545084815,completed,False,COMPLETE
154,1.7366937371081865,2026-06-12 00:31:04.925310,2026-06-12 00:31:25.996086,0 days 00:00:21.070776,,,,,,13.0,log2,4.0,5.0,402.0,,,,,ExtraTreesRegressor,,,,,,5,,,,,,,,False,-9.965974297320834e-05,0.008267861030119634,98.0,0.004084100643573213,0.0041837603865464215,0.020976857116102605,1.9844674545084815,1.7119627452583814,1.7614247289579916,98.0,1.7366937371081865,0.02473099184980512,0.1239981343198044,1.9844674545084815,0.2526621587046307,0.2716232167672339,98.0,0.2621426877359323,0.009480529031301609,0.04753419997813008,1.9844674545084815,5.697577316643766,5.938229308032108,98.0,5.817903312337937,0.12032599569417052,0.6032996600727736,1.9844674545084815,1.386163001582193,1.4402929767587487,98.0,1.4132279891704709,0.027064987588277876,0.1357005002757932,1.9844674545084815,99.0,0.26262626262626265,0.008646183224960847,0.021750254684056464,98.0,0.015198218954508656,0.00655203572954781,0.032851096769377204,1.9844674545084815,ExtraTreesRegressor,"{'mode': 'original', 'type': 'ExtraTreesRegressor'}",5,"['edges_T2W40', 're_T2W40', 'l1_T2W40', 'l3_T2W40', 'lsc_T2W40']",0.1366844433201364,0.1885841029352307,98.0,0.16263427312768355,0.025949829807547158,0.13010923708980368,1.9844674545084815,2.17534014747084,2.249888936193939,98.0,2.2126145418323895,0.037274394361549744,0.18688920310202708,1.9844674545084815,completed,False,COMPLETE
