number,value,datetime_start,datetime_complete,duration,params_dt_max_depth,params_dt_min_samples_leaf,params_dt_min_samples_split,params_elastic_alpha,params_elastic_l1_ratio,params_et_max_depth,params_et_max_features,params_et_min_samples_leaf,params_et_min_samples_split,params_et_n_estimators,params_knn_metric,params_knn_n_neighbors,params_knn_weights,params_quantile_alpha,params_regressor,params_rf_max_depth,params_rf_max_features,params_rf_min_samples_leaf,params_rf_min_samples_split,params_rf_n_estimators,params_rfe_n_features,params_rfe_proxy_et_max_depth,params_rfe_proxy_et_min_samples_leaf,params_rfe_proxy_et_min_samples_split,params_rfe_proxy_et_n_estimators,params_rfe_proxy_lsvr_C,params_rfe_proxy_lsvr_epsilon,params_rfe_proxy_type,params_use_scaler,user_attrs_d2mae_ci_lower_val,user_attrs_d2mae_ci_upper_val,user_attrs_d2mae_df_val,user_attrs_d2mae_mean_val,user_attrs_d2mae_samperror_val,user_attrs_d2mae_std_val,user_attrs_d2mae_t_critical_val,user_attrs_mae_ci_lower_val,user_attrs_mae_ci_upper_val,user_attrs_mae_df_val,user_attrs_mae_mean_val,user_attrs_mae_samperror_val,user_attrs_mae_std_val,user_attrs_mae_t_critical_val,user_attrs_mape_ci_lower_val,user_attrs_mape_ci_upper_val,user_attrs_mape_df_val,user_attrs_mape_mean_val,user_attrs_mape_samperror_val,user_attrs_mape_std_val,user_attrs_mape_t_critical_val,user_attrs_max_error_ci_lower_val,user_attrs_max_error_ci_upper_val,user_attrs_max_error_df_val,user_attrs_max_error_mean_val,user_attrs_max_error_samperror_val,user_attrs_max_error_std_val,user_attrs_max_error_t_critical_val,user_attrs_median_ae_ci_lower_val,user_attrs_median_ae_ci_upper_val,user_attrs_median_ae_df_val,user_attrs_median_ae_mean_val,user_attrs_median_ae_samperror_val,user_attrs_median_ae_std_val,user_attrs_median_ae_t_critical_val,user_attrs_n_splits_val,user_attrs_r2_below_zero_val,user_attrs_r2_ci_lower_val,user_attrs_r2_ci_upper_val,user_attrs_r2_df_val,user_attrs_r2_mean_val,user_attrs_r2_samperror_val,user_attrs_r2_std_val,user_attrs_r2_t_critical_val,user_attrs_regressor_final,user_attrs_rfe_estimator,user_attrs_rfe_n_features,user_attrs_rfe_selected_features,user_attrs_rho_ci_lower_val,user_attrs_rho_ci_upper_val,user_attrs_rho_df_val,user_attrs_rho_mean_val,user_attrs_rho_samperror_val,user_attrs_rho_std_val,user_attrs_rho_t_critical_val,user_attrs_rmse_ci_lower_val,user_attrs_rmse_ci_upper_val,user_attrs_rmse_df_val,user_attrs_rmse_mean_val,user_attrs_rmse_samperror_val,user_attrs_rmse_std_val,user_attrs_rmse_t_critical_val,user_attrs_termination_reason,user_attrs_use_scaler_final,state
197,1.7366050862150528,2026-06-12 00:45:29.109368,2026-06-12 00:45:51.296513,0 days 00:00:22.187145,,,,,,16.0,log2,4.0,7.0,423.0,,,,,ExtraTreesRegressor,,,,,,5,,,,,,,,False,-5.287791345348104e-05,0.008331577133125937,98.0,0.004139349609836228,0.004192227523289709,0.021019310292488512,1.9844674545084815,1.711846954782766,1.7613632176473397,98.0,1.7366050862150528,0.024758131432286817,0.12413420882964964,1.9844674545084815,0.2526431477576729,0.27161321731598226,98.0,0.26212818253682757,0.009485034779154664,0.04755679124057874,1.9844674545084815,5.696685329887473,5.93722860407411,98.0,5.816956966980792,0.12027163709331819,0.6030271127713609,1.9844674545084815,1.3873733483140442,1.4411882759408277,98.0,1.414280812127436,0.02690746381339173,0.1349106955516026,1.9844674545084815,99.0,0.2727272727272727,0.008782947246440811,0.021946642335470008,98.0,0.01536479479095541,0.0065818475445145975,0.03300056952239168,1.9844674545084815,ExtraTreesRegressor,"{'mode': 'original', 'type': 'ExtraTreesRegressor'}",5,"['edges_T2W40', 're_T2W40', 'l1_T2W40', 'l3_T2W40', 'lsc_T2W40']",0.13692215314961736,0.18885997529462584,98.0,0.1628910642221216,0.02596891107250423,0.1302049081922612,1.9844674545084815,2.175127502642906,2.249752665374435,98.0,2.2124400840086706,0.03731258136576444,0.187080668018058,1.9844674545084815,completed,False,COMPLETE
198,1.736653973644918,2026-06-12 00:45:51.309340,2026-06-12 00:46:13.435293,0 days 00:00:22.125953,,,,,,16.0,log2,4.0,7.0,424.0,,,,,ExtraTreesRegressor,,,,,,5,,,,,,,,False,-7.668364540437851e-05,0.008296395074210794,98.0,0.0041098557144032075,0.004186539359807586,0.020990790544320997,1.9844674545084815,1.71190526639175,1.761402680898086,98.0,1.736653973644918,0.024748707253168013,0.12408695716116322,1.9844674545084815,0.2526530194334137,0.2716224137830201,98.0,0.2621377166082169,0.009484697174803216,0.04755509853411666,1.9844674545084815,5.696788032144805,5.937304775018402,98.0,5.817046403581603,0.12025837143679868,0.6029606004103146,1.9844674545084815,1.3875616321026492,1.441416214672111,98.0,1.41448892338738,0.026927291284730884,0.13501010804056648,1.9844674545084815,99.0,0.2727272727272727,0.0087242122817748,0.02187080201875008,98.0,0.01529750715026244,0.00657329486848764,0.03295768746261724,1.9844674545084815,ExtraTreesRegressor,"{'mode': 'original', 'type': 'ExtraTreesRegressor'}",5,"['edges_T2W40', 're_T2W40', 'l1_T2W40', 'l3_T2W40', 'lsc_T2W40']",0.1365628742200083,0.18841242481626408,98.0,0.16248764951813618,0.025924775298127884,0.12998361687840432,1.9844674545084815,2.17520662510854,2.2498238987261003,98.0,2.21251526191732,0.03730863680878018,0.18706089049721544,1.9844674545084815,completed,False,COMPLETE
199,1.7365275305655352,2026-06-12 00:46:13.447996,2026-06-12 00:46:35.427299,0 days 00:00:21.979303,,,,,,16.0,log2,4.0,7.0,419.0,,,,,ExtraTreesRegressor,,,,,,5,,,,,,,,False,-2.3948978880388404e-05,0.008386491334598033,98.0,0.004181271177858823,0.004205220156739211,0.021084453749630205,1.9844674545084815,1.7117755489798603,1.7612795121512101,98.0,1.7365275305655352,0.024751981585674866,0.12410337425937175,1.9844674545084815,0.25263012879811325,0.2715968403447612,98.0,0.26211348457143724,0.009483355773323968,0.04754837291300891,1.9844674545084815,5.695787827446071,5.936292883304488,98.0,5.8160403553752795,0.12025252792920874,0.602931301786004,1.9844674545084815,1.3874392487928888,1.441347731355884,98.0,1.4143934900743864,0.026954241281497517,0.13514523199108502,1.9844674545084815,99.0,0.26262626262626265,0.00890158345636053,0.022083354261124184,98.0,0.015492468858742357,0.006590885402381827,0.03304588422390426,1.9844674545084815,ExtraTreesRegressor,"{'mode': 'original', 'type': 'ExtraTreesRegressor'}",5,"['edges_T2W40', 're_T2W40', 'l1_T2W40', 'l3_T2W40', 'lsc_T2W40']",0.1376909356164037,0.18967593866100127,98.0,0.16368343713870248,0.025992501522298782,0.13032318778978216,1.9844674545084815,2.1749907996593474,2.2495883471995204,98.0,2.212289573429434,0.037298773770086543,0.18701143844110052,1.9844674545084815,completed,False,COMPLETE
200,1.7365098729629305,2026-06-12 00:46:35.440315,2026-06-12 00:46:57.514128,0 days 00:00:22.073813,,,,,,17.0,log2,4.0,7.0,420.0,,,,,ExtraTreesRegressor,,,,,,5,,,,,,,,False,-1.379207848665933e-05,0.008401751484897347,98.0,0.004193979703205344,0.004207771781692004,0.021097247281549655,1.9844674545084815,1.7117440175402987,1.7612757283855622,98.0,1.7365098729629305,0.02476585542263179,0.12417293596190934,1.9844674545084815,0.25262408090506827,0.27159395189627433,98.0,0.2621090164006713,0.009484935495603046,0.04755629344513067,1.9844674545084815,5.6957031646991805,5.936116271036834,98.0,5.815909717868007,0.12020655316882688,0.6027007900237676,1.9844674545084815,1.3876392674199358,1.4414849216033219,98.0,1.4145620945116288,0.02692282709169306,0.13498772512882176,1.9844674545084815,99.0,0.2727272727272727,0.008941107949699325,0.02213059750054515,98.0,0.015535852725122238,0.006594744775422913,0.03306523464299158,1.9844674545084815,ExtraTreesRegressor,"{'mode': 'original', 'type': 'ExtraTreesRegressor'}",5,"['edges_T2W40', 're_T2W40', 'l1_T2W40', 'l3_T2W40', 'lsc_T2W40']",0.13762872104110477,0.1895129163323321,98.0,0.16357081868671844,0.02594209764561368,0.13007046898620991,1.9844674545084815,2.1749346100832394,2.2495565820988563,98.0,2.212245596091048,0.037310986007808425,0.18707266909058595,1.9844674545084815,completed,False,COMPLETE
201,1.736674933801683,2026-06-12 00:46:57.542182,2026-06-12 00:47:19.314829,0 days 00:00:21.772647,,,,,,17.0,log2,4.0,7.0,415.0,,,,,ExtraTreesRegressor,,,,,,5,,,,,,,,False,-9.544182795697027e-05,0.008285508941386851,98.0,0.00409503355671494,0.004190475384671911,0.021010525286169472,1.9844674545084815,1.711936332154697,1.7614135354486689,98.0,1.736674933801683,0.024738601646985964,0.12403628890166297,1.9844674545084815,0.25265768803164484,0.2716232752150258,98.0,0.2621404816233353,0.009482793591690459,0.04754555420383108,1.9844674545084815,5.6964254243998065,5.937052704686612,98.0,5.816739064543209,0.12031364014340304,0.6032377108694029,1.9844674545084815,1.3867147126553223,1.4408269568235346,98.0,1.4137708347394284,0.02705612208410602,0.1356560497343919,1.9844674545084815,99.0,0.2727272727272727,0.008725747784201949,0.021852263474980524,98.0,0.015289005629591236,0.006563257845389287,0.032907363070216036,1.9844674545084815,ExtraTreesRegressor,"{'mode': 'original', 'type': 'ExtraTreesRegressor'}",5,"['edges_T2W40', 're_T2W40', 'l1_T2W40', 'l3_T2W40', 'lsc_T2W40']",0.13680822718997634,0.18879499542491793,98.0,0.16280161130744714,0.025993384117470802,0.13032761301281223,1.9844674545084815,2.175228468458099,2.249805800746351,98.0,2.212517134602225,0.037288666144125765,0.18696076005467951,1.9844674545084815,completed,False,COMPLETE
202,1.7365407514574767,2026-06-12 00:47:19.327365,2026-06-12 00:47:41.166878,0 days 00:00:21.839513,,,,,,17.0,log2,4.0,7.0,418.0,,,,,ExtraTreesRegressor,,,,,,5,,,,,,,,False,-3.186240601893951e-05,0.008378527998880175,98.0,0.004173332796430618,0.004205195202449557,0.021084328631908313,1.9844674545084815,1.711790252298596,1.7612912506163574,98.0,1.7365407514574767,0.024750499158880696,0.12409594155477748,1.9844674545084815,0.2526352308624952,0.2716021300167293,98.0,0.26211868043961223,0.009483449577117059,0.04754884323362549,1.9844674545084815,5.695549324459081,5.935953042380569,98.0,5.815751183419825,0.12020185896074434,0.6026772538450378,1.9844674545084815,1.3869952751200705,1.440973978745098,98.0,1.4139846269325842,0.026989351812513652,0.13532127185100729,1.9844674545084815,99.0,0.26262626262626265,0.00888364290824667,0.02206137993836066,98.0,0.015472511423303664,0.006588868515056996,0.033035771800313196,1.9844674545084815,ExtraTreesRegressor,"{'mode': 'original', 'type': 'ExtraTreesRegressor'}",5,"['edges_T2W40', 're_T2W40', 'l1_T2W40', 'l3_T2W40', 'lsc_T2W40']",0.1372490491512524,0.18916951318233755,98.0,0.16320928116679498,0.025960232015542564,0.13016139247411135,1.9844674545084815,2.1750166003745086,2.2496026763486725,98.0,2.2123096383615906,0.03729303798708185,0.18698267993453657,1.9844674545084815,completed,False,COMPLETE
203,1.7365071449950127,2026-06-12 00:47:41.179680,2026-06-12 00:48:02.993577,0 days 00:00:21.813897,,,,,,17.0,log2,4.0,7.0,417.0,,,,,ExtraTreesRegressor,,,,,,5,,,,,,,,False,-4.061138313915524e-06,0.008388386525321789,98.0,0.004192162693503937,0.004196223831817852,0.02103934728917128,1.9844674545084815,1.7117634567301867,1.7612508332598387,98.0,1.7365071449950127,0.024743688264825967,0.12406179257438213,1.9844674545084815,0.25263731101694464,0.27160576615763266,98.0,0.26212153858728865,0.009484227570344027,0.0475527439954406,1.9844674545084815,5.695699307315735,5.93598245641183,98.0,5.815840881863783,0.12014157454804776,0.602374995255963,1.9844674545084815,1.3867852149990145,1.4408576718937176,98.0,1.413821443446366,0.0270362284473516,0.13555630550021947,1.9844674545084815,99.0,0.2727272727272727,0.008931013982170907,0.022071074936131668,98.0,0.015501044459151288,0.0065700304769803815,0.032941320207351146,1.9844674545084815,ExtraTreesRegressor,"{'mode': 'original', 'type': 'ExtraTreesRegressor'}",5,"['edges_T2W40', 're_T2W40', 'l1_T2W40', 'l3_T2W40', 'lsc_T2W40']",0.13694803997834912,0.18895102695945068,98.0,0.1629495334688999,0.026001493490550788,0.1303682724064398,1.9844674545084815,2.1749889522217454,2.2495708063882334,98.0,2.2122798793049894,0.0372909270832442,0.18697209612377852,1.9844674545084815,completed,False,COMPLETE
204,1.7365455447792564,2026-06-12 00:48:03.012607,2026-06-12 00:48:24.989568,0 days 00:00:21.976961,,,,,,18.0,log2,4.0,7.0,418.0,,,,,ExtraTreesRegressor,,,,,,5,,,,,,,,False,-3.598100108717292e-05,0.008376810762318405,98.0,0.004170414880615616,0.004206395881702789,0.02109034868917983,1.9844674545084815,1.7117952635756273,1.7612958259828855,98.0,1.7365455447792564,0.02475028120362907,0.12409484875410329,1.9844674545084815,0.2526357676033165,0.27160261490543935,98.0,0.26211919125437794,0.009483423651061446,0.04754871324358927,1.9844674545084815,5.695549324459081,5.935953042380569,98.0,5.815751183419825,0.12020185896074434,0.6026772538450378,1.9844674545084815,1.3869800528970266,1.4409555424416607,98.0,1.4139677976693437,0.02698774477231713,0.13531321435022625,1.9844674545084815,99.0,0.26262626262626265,0.008881360254156766,0.022060305577782033,98.0,0.0154708329159694,0.006589472661812634,0.033038800917423,1.9844674545084815,ExtraTreesRegressor,"{'mode': 'original', 'type': 'ExtraTreesRegressor'}",5,"['edges_T2W40', 're_T2W40', 'l1_T2W40', 'l3_T2W40', 'lsc_T2W40']",0.1371790585128136,0.18910636127111674,98.0,0.16314270989196517,0.025963651379151586,0.1301785367403282,1.9844674545084815,2.1750184966654813,2.249604149313449,98.0,2.212311322989465,0.037292826323983674,0.18698161868194155,1.9844674545084815,completed,False,COMPLETE
205,1.7365071449950127,2026-06-12 00:48:25.002797,2026-06-12 00:48:46.761407,0 days 00:00:21.758610,,,,,,17.0,log2,4.0,7.0,417.0,,,,,ExtraTreesRegressor,,,,,,5,,,,,,,,False,-4.061138313915524e-06,0.008388386525321789,98.0,0.004192162693503937,0.004196223831817852,0.02103934728917128,1.9844674545084815,1.7117634567301867,1.7612508332598387,98.0,1.7365071449950127,0.024743688264825967,0.12406179257438213,1.9844674545084815,0.25263731101694464,0.27160576615763266,98.0,0.26212153858728865,0.009484227570344027,0.0475527439954406,1.9844674545084815,5.695699307315735,5.93598245641183,98.0,5.815840881863783,0.12014157454804776,0.602374995255963,1.9844674545084815,1.3867852149990145,1.4408576718937176,98.0,1.413821443446366,0.0270362284473516,0.13555630550021947,1.9844674545084815,99.0,0.2727272727272727,0.008931013982170907,0.022071074936131668,98.0,0.015501044459151288,0.0065700304769803815,0.032941320207351146,1.9844674545084815,ExtraTreesRegressor,"{'mode': 'original', 'type': 'ExtraTreesRegressor'}",5,"['edges_T2W40', 're_T2W40', 'l1_T2W40', 'l3_T2W40', 'lsc_T2W40']",0.13694803997834912,0.18895102695945068,98.0,0.1629495334688999,0.026001493490550788,0.1303682724064398,1.9844674545084815,2.1749889522217454,2.2495708063882334,98.0,2.2122798793049894,0.0372909270832442,0.18697209612377852,1.9844674545084815,completed,False,COMPLETE
206,1.7365028406709397,2026-06-12 00:48:46.774268,2026-06-12 00:49:08.748203,0 days 00:00:21.973935,,,,,,18.0,log2,4.0,7.0,421.0,,,,,ExtraTreesRegressor,,,,,,5,,,,,,,,False,-3.762674648829893e-06,0.008400125932235828,98.0,0.0041981816287934995,0.004201944303442329,0.021068029026368573,1.9844674545084815,1.7117394656024654,1.761266215739414,98.0,1.7365028406709397,0.024763375068474446,0.12416049977294324,1.9844674545084815,0.25262410860568757,0.2715941090121328,98.0,0.2621091088089102,0.009485000203222602,0.04755661788113186,1.9844674545084815,5.695781517770873,5.936206602605821,98.0,5.815994060188347,0.12021254241747363,0.6027308193757114,1.9844674545084815,1.387548150349681,1.4413731845442386,98.0,1.4144606674469598,0.02691251709727871,0.1349360320920042,1.9844674545084815,99.0,0.2727272727272727,0.008951969784534723,0.022115677357890547,98.0,0.015533823571212635,0.0065818537866779115,0.03300060081982648,1.9844674545084815,ExtraTreesRegressor,"{'mode': 'original', 'type': 'ExtraTreesRegressor'}",5,"['edges_T2W40', 're_T2W40', 'l1_T2W40', 'l3_T2W40', 'lsc_T2W40']",0.1373915347960487,0.18939479723167907,98.0,0.1633931660138639,0.02600163121781519,0.13036896295390893,1.9844674545084815,2.1749400309150415,2.2495604673290766,98.0,2.212250249122059,0.037310218207017354,0.18706881943238382,1.9844674545084815,completed,False,COMPLETE
207,1.7365146434593683,2026-06-12 00:49:08.765981,2026-06-12 00:49:30.774569,0 days 00:00:22.008588,,,,,,18.0,log2,4.0,7.0,420.0,,,,,ExtraTreesRegressor,,,,,,5,,,,,,,,False,-1.788867789863976e-05,0.008400040042353733,98.0,0.004191075682227546,0.004208964360126186,0.021103226722316393,1.9844674545084815,1.7117490055639806,1.7612802813547561,98.0,1.7365146434593683,0.024765637895387674,0.12417184530721186,1.9844674545084815,0.2526246150819046,0.27159443448406695,98.0,0.26210952478298577,0.009484909701081158,0.047556164114588274,1.9844674545084815,5.6957031646991805,5.936116271036834,98.0,5.815909717868007,0.12020655316882688,0.6027007900237676,1.9844674545084815,1.3876241568905028,1.4414665338849713,98.0,1.414545345387737,0.02692118849723426,0.1349795094188724,1.9844674545084815,99.0,0.2727272727272727,0.008938836942667519,0.022129527612908453,98.0,0.015534182277787986,0.006595345335120468,0.03306824577503581,1.9844674545084815,ExtraTreesRegressor,"{'mode': 'original', 'type': 'ExtraTreesRegressor'}",5,"['edges_T2W40', 're_T2W40', 'l1_T2W40', 'l3_T2W40', 'lsc_T2W40']",0.13755881417350196,0.18944968065027523,98.0,0.1635042474118886,0.025945433238386623,0.13008719323581572,1.9844674545084815,2.1749364973902963,2.249558047717233,98.0,2.2122472725537645,0.0373107751634683,0.18707161194314254,1.9844674545084815,completed,False,COMPLETE
208,1.8324425516947564,2026-06-12 00:49:30.787298,2026-06-12 00:49:30.941894,0 days 00:00:00.154596,,,,,,,,,,,euclidean,5.0,distance,,KNeighborsRegressor,,,,,,6,,,,,0.003769957520453085,0.010205087927023343,LinearSVR,,,,,,,,,,,,,,,,,,,,,,,,,,,,,,,,,,,,,,,,,,,,,,KNeighborsRegressor,"{'mode': 'proxy', 'type': 'LinearSVR'}",6,"['nodes_T2W40', 'edges_T2W40', 'lcc_T2W40', 'lsc_T2W40', 'diameter_T2W40', 'asp_T2W40']",,,,,,,,,,,,,,,pruned,True,PRUNED
209,1.7365028406709397,2026-06-12 00:49:30.951241,2026-06-12 00:49:52.986119,0 days 00:00:22.034878,,,,,,18.0,log2,4.0,7.0,421.0,,,,,ExtraTreesRegressor,,,,,,5,,,,,,,,False,-3.762674648829893e-06,0.008400125932235828,98.0,0.0041981816287934995,0.004201944303442329,0.021068029026368573,1.9844674545084815,1.7117394656024654,1.761266215739414,98.0,1.7365028406709397,0.024763375068474446,0.12416049977294324,1.9844674545084815,0.25262410860568757,0.2715941090121328,98.0,0.2621091088089102,0.009485000203222602,0.04755661788113186,1.9844674545084815,5.695781517770873,5.936206602605821,98.0,5.815994060188347,0.12021254241747363,0.6027308193757114,1.9844674545084815,1.387548150349681,1.4413731845442386,98.0,1.4144606674469598,0.02691251709727871,0.1349360320920042,1.9844674545084815,99.0,0.2727272727272727,0.008951969784534723,0.022115677357890547,98.0,0.015533823571212635,0.0065818537866779115,0.03300060081982648,1.9844674545084815,ExtraTreesRegressor,"{'mode': 'original', 'type': 'ExtraTreesRegressor'}",5,"['edges_T2W40', 're_T2W40', 'l1_T2W40', 'l3_T2W40', 'lsc_T2W40']",0.1373915347960487,0.18939479723167907,98.0,0.1633931660138639,0.02600163121781519,0.13036896295390893,1.9844674545084815,2.1749400309150415,2.2495604673290766,98.0,2.212250249122059,0.037310218207017354,0.18706881943238382,1.9844674545084815,completed,False,COMPLETE
210,1.7679846262400578,2026-06-12 00:49:52.998773,2026-06-12 00:49:55.275490,0 days 00:00:02.276717,,,,,,,,,,,,,,0.0011896692772620815,QuantileRegressor,,,,,,4,,,,,,,,False,-0.019528947183193195,-0.007654190877992913,98.0,-0.013591569030593054,0.005937378152600141,0.029769279701549287,1.9844674545084815,1.7405697504155389,1.7953995020645768,98.0,1.7679846262400578,0.027414875824519062,0.1374547966169121,1.9844674545084815,0.2581522174298904,0.2780272074375348,98.0,0.2680897124337126,0.009937495003822157,0.04982537084520672,1.9844674545084815,5.832887467726487,6.101378675112396,98.0,5.9671330714194415,0.13424560369295446,0.6730908529531285,1.9844674545084815,1.3846335868657302,1.46431612735359,98.0,1.4244748571096602,0.03984127024392998,0.1997592012961415,1.9844674545084815,99.0,0.696969696969697,-0.03437807978679747,-0.015407740355742645,98.0,-0.02489291007127006,0.009485169715527415,0.04755746779486231,1.9844674545084815,QuantileRegressor,"{'mode': 'original', 'type': 'QuantileRegressor'}",4,"['edges_T2W40', 're_T2W40', 'l1_T2W40', 'atd_T2W40']",0.05545491176921814,0.11047189680155713,91.0,0.08296340428538763,0.027508492516169495,0.1328308627335884,1.9863771544186177,2.217466305278313,2.2975582494542115,98.0,2.257512277366262,0.04004597208794939,0.20078555102381856,1.9844674545084815,completed,False,COMPLETE
211,1.7365028406709397,2026-06-12 00:49:55.290269,2026-06-12 00:50:17.377351,0 days 00:00:22.087082,,,,,,18.0,log2,4.0,7.0,421.0,,,,,ExtraTreesRegressor,,,,,,5,,,,,,,,False,-3.762674648829893e-06,0.008400125932235828,98.0,0.0041981816287934995,0.004201944303442329,0.021068029026368573,1.9844674545084815,1.7117394656024654,1.761266215739414,98.0,1.7365028406709397,0.024763375068474446,0.12416049977294324,1.9844674545084815,0.25262410860568757,0.2715941090121328,98.0,0.2621091088089102,0.009485000203222602,0.04755661788113186,1.9844674545084815,5.695781517770873,5.936206602605821,98.0,5.815994060188347,0.12021254241747363,0.6027308193757114,1.9844674545084815,1.387548150349681,1.4413731845442386,98.0,1.4144606674469598,0.02691251709727871,0.1349360320920042,1.9844674545084815,99.0,0.2727272727272727,0.008951969784534723,0.022115677357890547,98.0,0.015533823571212635,0.0065818537866779115,0.03300060081982648,1.9844674545084815,ExtraTreesRegressor,"{'mode': 'original', 'type': 'ExtraTreesRegressor'}",5,"['edges_T2W40', 're_T2W40', 'l1_T2W40', 'l3_T2W40', 'lsc_T2W40']",0.1373915347960487,0.18939479723167907,98.0,0.1633931660138639,0.02600163121781519,0.13036896295390893,1.9844674545084815,2.1749400309150415,2.2495604673290766,98.0,2.212250249122059,0.037310218207017354,0.18706881943238382,1.9844674545084815,completed,False,COMPLETE
