number,value,datetime_start,datetime_complete,duration,params_dt_max_depth,params_dt_min_samples_leaf,params_dt_min_samples_split,params_elastic_alpha,params_elastic_l1_ratio,params_et_max_depth,params_et_max_features,params_et_min_samples_leaf,params_et_min_samples_split,params_et_n_estimators,params_knn_metric,params_knn_n_neighbors,params_knn_weights,params_quantile_alpha,params_regressor,params_rf_max_depth,params_rf_max_features,params_rf_min_samples_leaf,params_rf_min_samples_split,params_rf_n_estimators,params_rfe_n_features,params_rfe_proxy_et_max_depth,params_rfe_proxy_et_min_samples_leaf,params_rfe_proxy_et_min_samples_split,params_rfe_proxy_et_n_estimators,params_rfe_proxy_lsvr_C,params_rfe_proxy_lsvr_epsilon,params_rfe_proxy_type,params_use_scaler,user_attrs_d2mae_ci_lower_val,user_attrs_d2mae_ci_upper_val,user_attrs_d2mae_df_val,user_attrs_d2mae_mean_val,user_attrs_d2mae_samperror_val,user_attrs_d2mae_std_val,user_attrs_d2mae_t_critical_val,user_attrs_mae_ci_lower_val,user_attrs_mae_ci_upper_val,user_attrs_mae_df_val,user_attrs_mae_mean_val,user_attrs_mae_samperror_val,user_attrs_mae_std_val,user_attrs_mae_t_critical_val,user_attrs_mape_ci_lower_val,user_attrs_mape_ci_upper_val,user_attrs_mape_df_val,user_attrs_mape_mean_val,user_attrs_mape_samperror_val,user_attrs_mape_std_val,user_attrs_mape_t_critical_val,user_attrs_max_error_ci_lower_val,user_attrs_max_error_ci_upper_val,user_attrs_max_error_df_val,user_attrs_max_error_mean_val,user_attrs_max_error_samperror_val,user_attrs_max_error_std_val,user_attrs_max_error_t_critical_val,user_attrs_median_ae_ci_lower_val,user_attrs_median_ae_ci_upper_val,user_attrs_median_ae_df_val,user_attrs_median_ae_mean_val,user_attrs_median_ae_samperror_val,user_attrs_median_ae_std_val,user_attrs_median_ae_t_critical_val,user_attrs_n_splits_val,user_attrs_r2_below_zero_val,user_attrs_r2_ci_lower_val,user_attrs_r2_ci_upper_val,user_attrs_r2_df_val,user_attrs_r2_mean_val,user_attrs_r2_samperror_val,user_attrs_r2_std_val,user_attrs_r2_t_critical_val,user_attrs_regressor_final,user_attrs_rfe_estimator,user_attrs_rfe_n_features,user_attrs_rfe_selected_features,user_attrs_rho_ci_lower_val,user_attrs_rho_ci_upper_val,user_attrs_rho_df_val,user_attrs_rho_mean_val,user_attrs_rho_samperror_val,user_attrs_rho_std_val,user_attrs_rho_t_critical_val,user_attrs_rmse_ci_lower_val,user_attrs_rmse_ci_upper_val,user_attrs_rmse_df_val,user_attrs_rmse_mean_val,user_attrs_rmse_samperror_val,user_attrs_rmse_std_val,user_attrs_rmse_t_critical_val,user_attrs_termination_reason,user_attrs_use_scaler_final,state
183,1.7365218449187279,2026-06-12 00:40:39.647124,2026-06-12 00:41:01.625954,0 days 00:00:21.978830,,,,,,15.0,log2,4.0,6.0,417.0,,,,,ExtraTreesRegressor,,,,,,5,,,,,,,,False,-1.226513575926149e-05,0.008379057231229298,98.0,0.004183396047735018,0.0041956611834942795,0.021036526240067185,1.9844674545084815,1.7117800338614966,1.7612636559759591,98.0,1.7365218449187279,0.0247418110572313,0.12405238048768204,1.9844674545084815,0.25263848715288745,0.27160671121120145,98.0,0.26212259918204445,0.009484112029157018,0.04755216468621947,1.9844674545084815,5.6956652348435,5.935983401133114,98.0,5.815824317988307,0.1201590831448071,0.6024627811945902,1.9844674545084815,1.386849591584455,1.4409076773508014,98.0,1.4138786344676282,0.027029042883173097,0.13552027797016403,1.9844674545084815,99.0,0.2727272727272727,0.008933120776459432,0.022069937114970184,98.0,0.015501528945714807,0.006568408169255375,0.03293318615707063,1.9844674545084815,ExtraTreesRegressor,"{'mode': 'original', 'type': 'ExtraTreesRegressor'}",5,"['edges_T2W40', 're_T2W40', 'l1_T2W40', 'l3_T2W40', 'lsc_T2W40']",0.13702026346800297,0.1889732124502184,98.0,0.16299673795911068,0.025976474491107706,0.13024283023766908,1.9844674545084815,2.1749883697054466,2.249571459823179,98.0,2.212279914764313,0.03729154505886616,0.18697519457711362,1.9844674545084815,completed,False,COMPLETE
184,1.736524565059004,2026-06-12 00:41:01.645484,2026-06-12 00:41:23.604970,0 days 00:00:21.959486,,,,,,15.0,log2,4.0,6.0,420.0,,,,,ExtraTreesRegressor,,,,,,5,,,,,,,,False,-2.20025718632574e-05,0.00839242531477851,98.0,0.004185211371457627,0.0042072139433208845,0.021094450348952253,1.9844674545084815,1.7117606087947448,1.7612885213232632,98.0,1.736524565059004,0.024763956264259222,0.12416341381672379,1.9844674545084815,0.252625262795877,0.2715948976373603,98.0,0.26211008021661863,0.009484817420741662,0.047555701432379596,1.9844674545084815,5.695669352303685,5.936117192308169,98.0,5.815893272305927,0.1202239200022417,0.6027878651785192,1.9844674545084815,1.387676366064996,1.4415150243962054,98.0,1.4145956952306007,0.026919329165604647,0.13497018696005014,1.9844674545084815,99.0,0.2727272727272727,0.008943210873727094,0.022129458748409245,98.0,0.01553633481106817,0.0065931239373410765,0.033057107961320144,1.9844674545084815,ExtraTreesRegressor,"{'mode': 'original', 'type': 'ExtraTreesRegressor'}",5,"['edges_T2W40', 're_T2W40', 'l1_T2W40', 'l3_T2W40', 'lsc_T2W40']",0.13764466837787223,0.1895198939115175,98.0,0.16358228114469486,0.025937612766822642,0.13004798235865705,1.9844674545084815,2.1749340374190904,2.249557224336341,98.0,2.2122456308777156,0.03731159345862515,0.1870757147738494,1.9844674545084815,completed,False,COMPLETE
185,1.7365378466987702,2026-06-12 00:41:23.617845,2026-06-12 00:41:45.545581,0 days 00:00:21.927736,,,,,,15.0,log2,4.0,7.0,419.0,,,,,ExtraTreesRegressor,,,,,,5,,,,,,,,False,-2.8588719677692838e-05,0.008378984947125117,98.0,0.0041751981137237125,0.004203786833401405,0.021077267243692865,1.9844674545084815,1.7117872897196769,1.7612884036778635,98.0,1.7365378466987702,0.024750556979093334,0.12409623145817224,1.9844674545084815,0.25263087932825556,0.2715974743437811,98.0,0.26211417683601834,0.009483297507762754,0.047548080776691475,1.9844674545084815,5.695745022894762,5.936278610809861,98.0,5.816011816852312,0.12026679395754962,0.6030028298876331,1.9844674545084815,1.387428808393485,1.4413396565764827,98.0,1.4143842324849838,0.026955424091498943,0.1351511624541381,1.9844674545084815,99.0,0.26262626262626265,0.008902515582501751,0.022078930197892206,98.0,0.015490722890196979,0.006588207307695227,0.03303245658838172,1.9844674545084815,ExtraTreesRegressor,"{'mode': 'original', 'type': 'ExtraTreesRegressor'}",5,"['edges_T2W40', 're_T2W40', 'l1_T2W40', 'l3_T2W40', 'lsc_T2W40']",0.1377633720425074,0.18974082542311818,98.0,0.1637520987328128,0.025988726690305386,0.13030426124905162,1.9844674545084815,2.1749929799729415,2.2495915126019383,98.0,2.21229224628744,0.03729926631449826,0.18701390799786125,1.9844674545084815,completed,False,COMPLETE
186,1.7366085741105288,2026-06-12 00:41:45.558482,2026-06-12 00:42:07.795214,0 days 00:00:22.236732,,,,,,16.0,log2,4.0,7.0,422.0,,,,,ExtraTreesRegressor,,,,,,5,,,,,,,,False,-6.120728844524748e-05,0.008335914438243542,98.0,0.004137353574899147,0.004198560863344395,0.021051064876193175,1.9844674545084815,1.7118468211331714,1.7613703270878862,98.0,1.7366085741105288,0.024761752977357412,0.12415236680870831,1.9844674545084815,0.2526422747021758,0.27161302887262195,98.0,0.2621276517873989,0.009485377085223073,0.04755850752086813,1.9844674545084815,5.696765512553258,5.93729442259132,98.0,5.817029967572289,0.12026445501903126,0.6029911027391901,1.9844674545084815,1.3874534355669876,1.4413077760755253,98.0,1.4143806058212565,0.026927170254268835,0.13500950120879926,1.9844674545084815,99.0,0.2727272727272727,0.008781612796878599,0.021960708258917376,98.0,0.015371160527897988,0.006589547731019388,0.03303917730514084,1.9844674545084815,ExtraTreesRegressor,"{'mode': 'original', 'type': 'ExtraTreesRegressor'}",5,"['edges_T2W40', 're_T2W40', 'l1_T2W40', 'l3_T2W40', 'lsc_T2W40']",0.13723440925493507,0.18914123578447017,98.0,0.16318782251970262,0.025953413264767557,0.1301272041010923,1.9844674545084815,2.1751172367514937,2.2497484294985646,98.0,2.212432833125029,0.03731559637353522,0.18709578489411405,1.9844674545084815,completed,False,COMPLETE
187,1.7374759800779531,2026-06-12 00:42:07.808315,2026-06-12 00:42:29.952350,0 days 00:00:22.144035,,,,,,16.0,log2,4.0,7.0,419.0,,,,,ExtraTreesRegressor,,,,,,4,,,,,,,,False,-0.0010671121064789813,0.008432322617007451,98.0,0.0036826052552642353,0.004749717361743217,0.023814495390211507,1.9844674545084815,1.7121863812877374,1.7627655788681689,98.0,1.7374759800779531,0.025289598790215844,0.12679892042857382,1.9844674545084815,0.25231993186435087,0.27124746619768114,98.0,0.261783699031016,0.009463767166665112,0.04745015806200843,1.9844674545084815,5.643066926298459,5.879869794846483,98.0,5.761468360572471,0.11840143427401223,0.5936501471485525,1.9844674545084815,1.394242483154031,1.4490367514058529,98.0,1.421639617279942,0.027397134125911007,0.13736584193444631,1.9844674545084815,99.0,0.2828282828282828,0.010651458652599591,0.024667836624191617,98.0,0.017659647638395604,0.007008188985796012,0.035138192777583864,1.9844674545084815,ExtraTreesRegressor,"{'mode': 'original', 'type': 'ExtraTreesRegressor'}",4,"['edges_T2W40', 're_T2W40', 'l1_T2W40', 'lsc_T2W40']",0.1328837691709098,0.18617689288926012,98.0,0.15953033103008496,0.026646561859175164,0.13360256542242221,1.9844674545084815,2.1724002170970698,2.247314002276343,98.0,2.2098571096867063,0.03745689258963639,0.18780422664563765,1.9844674545084815,completed,False,COMPLETE
188,1.736709286413736,2026-06-12 00:42:30.005142,2026-06-12 00:42:52.218232,0 days 00:00:22.213090,,,,,,15.0,log2,4.0,7.0,425.0,,,,,ExtraTreesRegressor,,,,,,5,,,,,,,,False,-0.00011368001806123535,0.008269773457890178,98.0,0.004078046719914472,0.004191726737975707,0.021016799416862977,1.9844674545084815,1.7119581975393434,1.7614603752881284,98.0,1.736709286413736,0.024751088874392507,0.12409889831541564,1.9844674545084815,0.25265725479594786,0.2716274154207671,98.0,0.2621423351083575,0.009485080312409647,0.04755701953868751,1.9844674545084815,5.696711185237396,5.937327571005884,98.0,5.81701937812164,0.12030819288424435,0.6032103989857173,1.9844674545084815,1.3879423054268845,1.4417243931538857,98.0,1.414833349290385,0.026891043863500573,0.13482836795372488,1.9844674545084815,99.0,0.2727272727272727,0.008690490332256282,0.021859611634161932,98.0,0.015275050983209108,0.006584560650952826,0.03301417270250651,1.9844674545084815,ExtraTreesRegressor,"{'mode': 'original', 'type': 'ExtraTreesRegressor'}",5,"['edges_T2W40', 're_T2W40', 'l1_T2W40', 'l3_T2W40', 'lsc_T2W40']",0.13686360999258113,0.18888839242515526,98.0,0.1628760012088682,0.026012391216287064,0.13042291225541286,1.9844674545084815,2.175228306456496,2.2498507865936124,98.0,2.212539546525054,0.03731124006855836,0.18707394291976304,1.9844674545084815,completed,False,COMPLETE
189,1.7650018327218935,2026-06-12 00:42:52.230857,2026-06-12 00:43:14.552590,0 days 00:00:22.321733,,,,,,16.0,,4.0,7.0,416.0,,,,,ExtraTreesRegressor,,,,,,5,,,,,,,,False,-0.02114766249545791,-0.0035089367517780693,98.0,-0.01232829962361799,0.00881936287183992,0.04421919462992018,1.9844674545084815,1.73728973545691,1.792713929986877,98.0,1.7650018327218935,0.02771209726498355,0.13894502815801915,1.9844674545084815,0.2542349852883394,0.2729158040655351,98.0,0.26357539467693725,0.009340409388597848,0.04683165742009836,1.9844674545084815,5.586037615714506,5.847402982091456,98.0,5.716720298902981,0.1306826831884746,0.6552268102180709,1.9844674545084815,1.3996229485914156,1.476654959520372,98.0,1.4381389540558938,0.03851600546447829,0.19311448760532962,1.9844674545084815,99.0,0.5252525252525253,-0.023450684936521707,0.0046070859465478595,98.0,-0.009421799494986925,0.014028885441534784,0.07033909646249333,1.9844674545084815,ExtraTreesRegressor,"{'mode': 'original', 'type': 'ExtraTreesRegressor'}",5,"['nodes_T2W40', 'edges_T2W40', 're_T2W40', 'l1_T2W40', 'lsc_T2W40']",0.0975954487445813,0.14733039109524132,98.0,0.12246291991991132,0.024867471175330013,0.1246824247777484,1.9844674545084815,2.200377062391522,2.2756066368392163,98.0,2.2379918496153692,0.03761478722384704,0.1885958908126122,1.9844674545084815,completed,False,COMPLETE
190,1.7375379090527647,2026-06-12 00:43:14.564946,2026-06-12 00:43:37.414738,0 days 00:00:22.849792,,,,,,15.0,log2,4.0,7.0,434.0,,,,,ExtraTreesRegressor,,,,,,4,,,,,,,,False,-0.0010589238582985722,0.00833461860863087,98.0,0.003637847375166149,0.004696771233464721,0.023549030051584492,1.9844674545084815,1.712323058297058,1.7627527598084713,98.0,1.7375379090527647,0.025214850755706647,0.1264241430286417,1.9844674545084815,0.2523469919073817,0.2712651888009597,98.0,0.2618060903541707,0.009459098446788973,0.04742674967799299,1.9844674545084815,5.643707076991153,5.881081178485169,98.0,5.762394127738161,0.11868705074700787,0.5950821928181135,1.9844674545084815,1.3949550044154346,1.4494292876549606,98.0,1.4221921460351976,0.027237141619763088,0.13656365929705047,1.9844674545084815,99.0,0.2727272727272727,0.010610392527263654,0.024498090206160603,98.0,0.017554241366712128,0.006943848839448473,0.03481559924161046,1.9844674545084815,ExtraTreesRegressor,"{'mode': 'original', 'type': 'ExtraTreesRegressor'}",4,"['edges_T2W40', 're_T2W40', 'l1_T2W40', 'lsc_T2W40']",0.1323877044363966,0.18571121235880803,98.0,0.15904945839760232,0.026661753961205712,0.13367873674299133,1.9844674545084815,2.172550726878454,2.247397160151553,98.0,2.2099739435150036,0.03742321663654971,0.18763537958202015,1.9844674545084815,completed,False,COMPLETE
191,1.7366188169063237,2026-06-12 00:43:37.427416,2026-06-12 00:43:59.544168,0 days 00:00:22.116752,,,,,,15.0,log2,4.0,7.0,422.0,,,,,ExtraTreesRegressor,,,,,,5,,,,,,,,False,-6.581435738358885e-05,0.008328461725795088,98.0,0.0041313236842057495,0.004197138041589338,0.021043931023892862,1.9844674545084815,1.7118584770297465,1.761379156782901,98.0,1.7366188169063237,0.024760339876577213,0.12414528169617361,1.9844674545084815,0.2526430198353349,0.2716136584260006,98.0,0.26212833913066774,0.009485319295332867,0.0475582177695063,1.9844674545084815,5.696723014008963,5.937280249850664,98.0,5.817001631929814,0.12027861792085076,0.6030621137771961,1.9844674545084815,1.3874454182530396,1.441301569842617,98.0,1.4143734940478283,0.02692807579478882,0.13501404147696605,1.9844674545084815,99.0,0.2727272727272727,0.008782527514160926,0.021956328301283155,98.0,0.01536942790772204,0.006586900393561114,0.03302590388255696,1.9844674545084815,ExtraTreesRegressor,"{'mode': 'original', 'type': 'ExtraTreesRegressor'}",5,"['edges_T2W40', 're_T2W40', 'l1_T2W40', 'l3_T2W40', 'lsc_T2W40']",0.1372739116687371,0.18916113619753777,98.0,0.16321752393313743,0.02594361226440034,0.13007806309747288,1.9844674545084815,2.1751193976983805,2.249751572351366,98.0,2.2124354850248733,0.03731608732649279,0.1870982464715205,1.9844674545084815,completed,False,COMPLETE
192,1.7366113263118157,2026-06-12 00:43:59.556560,2026-06-12 00:44:21.159822,0 days 00:00:21.603262,,,,,,17.0,log2,4.0,7.0,414.0,,,,,ExtraTreesRegressor,,,,,,5,,,,,,,,False,-5.836852578704633e-05,0.008319071357663105,98.0,0.00413035141593803,0.004188719941725076,0.021001723712353332,1.9844674545084815,1.7118803372119848,1.7613423154116465,98.0,1.7366113263118157,0.02473098909983084,0.12399812053177349,1.9844674545084815,0.25265075417059474,0.27161483783801094,98.0,0.26213279600430284,0.009482041833708097,0.04754178498228756,1.9844674545084815,5.69628364445091,5.93685721904297,98.0,5.81657043174694,0.12028678729603041,0.6031030740139302,1.9844674545084815,1.3865543147553587,1.4406765328566602,98.0,1.4136154238060095,0.02706110905065066,0.13568105376784137,1.9844674545084815,99.0,0.2727272727272727,0.008770086993702266,0.021899757028485102,98.0,0.015334922011093684,0.006564835017391419,0.032915270815564605,1.9844674545084815,ExtraTreesRegressor,"{'mode': 'original', 'type': 'ExtraTreesRegressor'}",5,"['edges_T2W40', 're_T2W40', 'l1_T2W40', 'l3_T2W40', 'lsc_T2W40']",0.13687658495223612,0.18896605876012681,98.0,0.16292132185618147,0.026044736903945355,0.13058508953270434,1.9844674545084815,2.175178251001262,2.2497501731065177,98.0,2.2124642120538898,0.03728596105262779,0.1869471970604838,1.9844674545084815,completed,False,COMPLETE
193,1.7367539400226286,2026-06-12 00:44:21.172669,2026-06-12 00:44:43.524495,0 days 00:00:22.351826,,,,,,17.0,log2,4.0,7.0,428.0,,,,,ExtraTreesRegressor,,,,,,5,,,,,,,,False,-0.00014534927298418248,0.008248802074703573,98.0,0.0040517264008596955,0.004197075673843878,0.021043618319730988,1.9844674545084815,1.7120026725553539,1.7615052074899034,98.0,1.7367539400226286,0.024751267467274685,0.1240997937580379,1.9844674545084815,0.25266529210852084,0.2716352076515337,98.0,0.2621502498800273,0.00948495777150642,0.04755640513375502,1.9844674545084815,5.696804596401431,5.937551675808682,98.0,5.817178136105056,0.12037353970362562,0.6035380398557729,1.9844674545084815,1.3883263037283031,1.4420390381947472,98.0,1.4151826709615252,0.026856367233221965,0.13465450361843423,1.9844674545084815,99.0,0.2828282828282828,0.008665987150455794,0.021852852446183076,98.0,0.015259419798319435,0.00659343264786364,0.033058655797697886,1.9844674545084815,ExtraTreesRegressor,"{'mode': 'original', 'type': 'ExtraTreesRegressor'}",5,"['edges_T2W40', 're_T2W40', 'l1_T2W40', 'l3_T2W40', 'lsc_T2W40']",0.1369601949608294,0.18904248854524386,98.0,0.16300134175303663,0.026041146792207228,0.13056708915648688,1.9844674545084815,2.17524438488288,2.249865656521331,98.0,2.2125550207021054,0.03731063581922534,0.1870709132883429,1.9844674545084815,completed,False,COMPLETE
194,1.7366518272858746,2026-06-12 00:44:43.536969,2026-06-12 00:45:05.401625,0 days 00:00:21.864656,,,,,,16.0,log2,4.0,7.0,416.0,,,,,ExtraTreesRegressor,,,,,,5,,,,,,,,False,-8.49295372097967e-05,0.008300318788800703,98.0,0.004107694625795453,0.00419262416300525,0.021021298994964455,1.9844674545084815,1.7119155611803056,1.7613880933914436,98.0,1.7366518272858746,0.024736266105569036,0.12402457878586637,1.9844674545084815,0.25265738088821355,0.27162347799601994,98.0,0.26214042944211674,0.009483048553903197,0.04754683255283113,1.9844674545084815,5.696535561427245,5.937139668838025,98.0,5.816837615132635,0.12030205370539011,0.603179617902257,1.9844674545084815,1.3871341763605656,1.441218288483378,98.0,1.4141762324219718,0.027042056061406243,0.13558552443630986,1.9844674545084815,99.0,0.2727272727272727,0.008751331431668856,0.02188154411923038,98.0,0.015316437775449616,0.00656510634378076,0.032916631212522175,1.9844674545084815,ExtraTreesRegressor,"{'mode': 'original', 'type': 'ExtraTreesRegressor'}",5,"['edges_T2W40', 're_T2W40', 'l1_T2W40', 'l3_T2W40', 'lsc_T2W40']",0.13647776858215668,0.18853891574330786,98.0,0.16250834216273227,0.02603057358057559,0.13051407638109744,1.9844674545084815,2.1751977667474796,2.249774319674601,98.0,2.2124860432110403,0.03728827646356056,0.18695880624452263,1.9844674545084815,completed,False,COMPLETE
195,2.0535417997988765,2026-06-12 00:45:05.414749,2026-06-12 00:45:07.253222,0 days 00:00:01.838473,7.0,4.0,20.0,,,,,,,,,,,,DecisionTreeRegressor,,,,,,5,,,,,,,,False,-0.20010624724122883,-0.1566155656961405,98.0,-0.17836090646868466,0.02174534077254417,0.1090284490941312,1.9844674545084815,2.0088859826786156,2.0981976169191374,98.0,2.0535417997988765,0.04465581712026069,0.22389874385415479,1.9844674545084815,0.29172742523763934,0.3133348933238987,98.0,0.302531159280769,0.01080373404312968,0.05416858624883635,1.9844674545084815,6.5236551042496895,6.93194834805943,98.0,6.72780172615456,0.20414662190487043,1.0235659126665362,1.9844674545084815,1.6369454594165238,1.7512728040249685,98.0,1.6941091317207462,0.05716367230422235,0.28661158273149084,1.9844674545084815,99.0,0.9696969696969697,-0.42750701263354335,-0.32931917260207716,98.0,-0.37841309261781025,0.049093920015733115,0.24615084285204594,1.9844674545084815,DecisionTreeRegressor,"{'mode': 'original', 'type': 'DecisionTreeRegressor'}",5,"['re_T2W40', 'l3_T2W40', 'atd_T2W40', 'density_T2W40', 'diameter_T2W40']",-0.04531650441752181,0.011960993621541169,98.0,-0.01667775539799032,0.02863874901953149,0.1435911454438094,1.9844674545084815,2.549446005473986,2.658634804329593,98.0,2.6040404049017893,0.05459439942780364,0.273729566305736,1.9844674545084815,completed,False,COMPLETE
196,1.7403791608269656,2026-06-12 00:45:07.266430,2026-06-12 00:45:29.096094,0 days 00:00:21.829664,,,,,,16.0,log2,4.0,7.0,414.0,,,,,ExtraTreesRegressor,,,,,,6,,,,,,,,False,-0.0015808485572064179,0.005737891820034039,98.0,0.0020785216314138104,0.0036593701886202283,0.018347629522104857,1.9844674545084815,1.7153281842667305,1.7654301373872008,98.0,1.7403791608269656,0.02505097656023514,0.1256024980810782,1.9844674545084815,0.25320415297145743,0.2722822594168384,98.0,0.2627432061941479,0.009539053222690492,0.04782763303527833,1.9844674545084815,5.729241508104391,5.975630956887276,98.0,5.852436232495833,0.12319472439144266,0.6176831109465496,1.9844674545084815,1.3771285115446894,1.4327165038077447,98.0,1.404922507676217,0.027793996131527738,0.13935565894533494,1.9844674545084815,99.0,0.3434343434343434,0.0010562462191742927,0.012315444044317565,98.0,0.0066858451317459286,0.005629598912571636,0.028226112659253625,1.9844674545084815,ExtraTreesRegressor,"{'mode': 'original', 'type': 'ExtraTreesRegressor'}",6,"['edges_T2W40', 're_T2W40', 'pe_T2W40', 'l1_T2W40', 'l3_T2W40', 'lsc_T2W40']",0.10265881788916431,0.1518035396974134,98.0,0.12723117879328885,0.024572360904124534,0.12320277837818923,1.9844674545084815,2.184720735914196,2.260172438288892,98.0,2.222446587101544,0.03772585118734796,0.18915275178882837,1.9844674545084815,completed,False,COMPLETE
