number,value,datetime_start,datetime_complete,duration,params_dt_max_depth,params_dt_min_samples_leaf,params_dt_min_samples_split,params_elastic_alpha,params_elastic_l1_ratio,params_et_max_depth,params_et_max_features,params_et_min_samples_leaf,params_et_min_samples_split,params_et_n_estimators,params_knn_metric,params_knn_n_neighbors,params_knn_weights,params_quantile_alpha,params_regressor,params_rf_max_depth,params_rf_max_features,params_rf_min_samples_leaf,params_rf_min_samples_split,params_rf_n_estimators,params_rfe_n_features,params_rfe_proxy_et_max_depth,params_rfe_proxy_et_min_samples_leaf,params_rfe_proxy_et_min_samples_split,params_rfe_proxy_et_n_estimators,params_rfe_proxy_lsvr_C,params_rfe_proxy_lsvr_epsilon,params_rfe_proxy_type,params_use_scaler,user_attrs_d2mae_ci_lower_val,user_attrs_d2mae_ci_upper_val,user_attrs_d2mae_df_val,user_attrs_d2mae_mean_val,user_attrs_d2mae_samperror_val,user_attrs_d2mae_std_val,user_attrs_d2mae_t_critical_val,user_attrs_mae_ci_lower_val,user_attrs_mae_ci_upper_val,user_attrs_mae_df_val,user_attrs_mae_mean_val,user_attrs_mae_samperror_val,user_attrs_mae_std_val,user_attrs_mae_t_critical_val,user_attrs_mape_ci_lower_val,user_attrs_mape_ci_upper_val,user_attrs_mape_df_val,user_attrs_mape_mean_val,user_attrs_mape_samperror_val,user_attrs_mape_std_val,user_attrs_mape_t_critical_val,user_attrs_max_error_ci_lower_val,user_attrs_max_error_ci_upper_val,user_attrs_max_error_df_val,user_attrs_max_error_mean_val,user_attrs_max_error_samperror_val,user_attrs_max_error_std_val,user_attrs_max_error_t_critical_val,user_attrs_median_ae_ci_lower_val,user_attrs_median_ae_ci_upper_val,user_attrs_median_ae_df_val,user_attrs_median_ae_mean_val,user_attrs_median_ae_samperror_val,user_attrs_median_ae_std_val,user_attrs_median_ae_t_critical_val,user_attrs_n_splits_val,user_attrs_r2_below_zero_val,user_attrs_r2_ci_lower_val,user_attrs_r2_ci_upper_val,user_attrs_r2_df_val,user_attrs_r2_mean_val,user_attrs_r2_samperror_val,user_attrs_r2_std_val,user_attrs_r2_t_critical_val,user_attrs_regressor_final,user_attrs_rfe_estimator,user_attrs_rfe_n_features,user_attrs_rfe_selected_features,user_attrs_rho_ci_lower_val,user_attrs_rho_ci_upper_val,user_attrs_rho_df_val,user_attrs_rho_mean_val,user_attrs_rho_samperror_val,user_attrs_rho_std_val,user_attrs_rho_t_critical_val,user_attrs_rmse_ci_lower_val,user_attrs_rmse_ci_upper_val,user_attrs_rmse_df_val,user_attrs_rmse_mean_val,user_attrs_rmse_samperror_val,user_attrs_rmse_std_val,user_attrs_rmse_t_critical_val,user_attrs_termination_reason,user_attrs_use_scaler_final,state
54,1.757297808794677,2026-06-12 00:01:36.418824,2026-06-12 00:01:53.767439,0 days 00:00:17.348615,,,,,,15.0,log2,2.0,2.0,304.0,,,,,ExtraTreesRegressor,,,,,,6,,,,,,,,True,-0.014852505102961938,-0.0006789367945162876,98.0,-0.007765720948739113,0.007086784154222825,0.03553225923115202,1.9844674545084815,1.7305175540257811,1.7840780635635727,98.0,1.757297808794677,0.02678025476889569,0.13427288513615668,1.9844674545084815,0.25429517994448353,0.27319611981843056,98.0,0.26374564988145704,0.00945046993697349,0.047383487396982275,1.9844674545084815,5.651449020883977,5.891410731717944,98.0,5.77142987630096,0.11998085541698318,0.6015691694111066,1.9844674545084815,1.3952173166878656,1.4673126133216428,98.0,1.4312649650047542,0.03604764831688852,0.18073845016231468,1.9844674545084815,99.0,0.5252525252525253,-0.020929119002192624,-0.00010903837868491903,98.0,-0.010519078690438772,0.010410040311753853,0.052194654573128434,1.9844674545084815,ExtraTreesRegressor,"{'mode': 'original', 'type': 'ExtraTreesRegressor'}",6,"['nodes_T2W40', 'edges_T2W40', 're_T2W40', 'l1_T2W40', 'l2_T2W40', 'lsc_T2W40']",0.07416794759061904,0.12279121684920505,98.0,0.09847958221991204,0.024311634629293012,0.12189552908371679,1.9844674545084815,2.202984928795611,2.2774939376930954,98.0,2.240239433244353,0.03725450444874218,0.18678947753926356,1.9844674545084815,completed,True,COMPLETE
55,1.7970264565062588,2026-06-12 00:01:53.780858,2026-06-12 00:02:01.111862,0 days 00:00:07.331004,,,,,,11.0,,3.0,3.0,113.0,,,,,ExtraTreesRegressor,,,,,,4,,,,,,,,False,-0.040533716031560016,-0.020856503632625777,98.0,-0.030695109832092896,0.009838606199467118,0.04932955461108194,1.9844674545084815,1.767889929911255,1.8261629831012627,98.0,1.7970264565062588,0.029136526595003785,0.14608694064036506,1.9844674545084815,0.257953057463608,0.2765174244899528,98.0,0.2672352409767804,0.009282183513172403,0.046539720082294046,1.9844674545084815,5.615357260246803,5.889640421221243,98.0,5.752498840734023,0.1371415804872198,0.687610922415089,1.9844674545084815,1.4607387681771187,1.5278355518270799,98.0,1.4942871600020993,0.033548391824980664,0.1682074872286273,1.9844674545084815,99.0,0.6767676767676768,-0.059848830322650766,-0.027823738075552308,98.0,-0.04383628419910154,0.01601254612354923,0.08028492577605886,1.9844674545084815,ExtraTreesRegressor,"{'mode': 'original', 'type': 'ExtraTreesRegressor'}",4,"['nodes_T2W40', 'edges_T2W40', 're_T2W40', 'l1_T2W40']",0.03821944129490381,0.09203408476003042,98.0,0.06512676302746712,0.026907321732563307,0.13490998317590194,1.9844674545084815,2.2373558019638424,2.3124960847729734,98.0,2.274925943368408,0.03757014140456571,0.18837204219668582,1.9844674545084815,completed,False,COMPLETE
56,1.7723163895378489,2026-06-12 00:02:01.124227,2026-06-12 00:02:23.183286,0 days 00:00:22.059059,,,,,,,,,,,,,,,RandomForestRegressor,10.0,log2,5.0,7.0,257.0,6,,,,,,,,True,-0.024850566016580887,-0.009119184765575626,98.0,-0.016984875391078257,0.00786569062550263,0.03943759994028655,1.9844674545084815,1.7476001202569353,1.7970326588187624,98.0,1.7723163895378489,0.024716269280913552,0.12392431718032063,1.9844674545084815,0.257981976337183,0.27712380508677203,98.0,0.2675528907119775,0.009570914374794542,0.04798738091122989,1.9844674545084815,5.822879856219985,6.096317923402663,98.0,5.959598889811324,0.13671903359133847,0.6854923245412103,1.9844674545084815,1.4364297131711925,1.5055678302125266,98.0,1.4709987716918596,0.034569058520667044,0.17332498380119069,1.9844674545084815,99.0,0.6161616161616161,-0.04277676303421368,-0.014308392660923486,98.0,-0.028542577847568584,0.014234185186645099,0.07136844399228967,1.9844674545084815,RandomForestRegressor,"{'mode': 'original', 'type': 'RandomForestRegressor'}",6,"['nodes_T2W40', 're_T2W40', 'l1_T2W40', 'l3_T2W40', 'lsc_T2W40', 'atd_T2W40']",0.07281438646091953,0.12614216133386058,98.0,0.09947827389739006,0.026663887436470527,0.13368943372409348,1.9844674545084815,2.2215319835656016,2.2960391241636393,98.0,2.2587855538646204,0.03725357029901869,0.18678479382808888,1.9844674545084815,completed,True,COMPLETE
57,1.7467547917318273,2026-06-12 00:02:23.197258,2026-06-12 00:02:37.306012,0 days 00:00:14.108754,,,,,,20.0,sqrt,4.0,6.0,275.0,,,,,ExtraTreesRegressor,,,,,,8,,,,,,,,True,-0.004872785915544069,0.0015688034221872785,98.0,-0.0016519912466783952,0.0032207946688656737,0.01614866611060174,1.9844674545084815,1.7221616301053515,1.7713479533583032,98.0,1.7467547917318273,0.02459316162647587,0.12330707062735312,1.9844674545084815,0.2544759391170046,0.2735576681469686,98.0,0.2640168036319866,0.009540864514981989,0.04783671463080097,1.9844674545084815,5.759405058523995,6.0049478362405795,98.0,5.882176447382287,0.12277138885829203,0.615560558942944,1.9844674545084815,1.3591168158617375,1.4104190710151294,98.0,1.3847679434384335,0.025651127576695947,0.12861158104884687,1.9844674545084815,99.0,0.48484848484848486,-0.006587404282140778,0.0033719673627337736,98.0,-0.0016077184597035018,0.004979685822437276,0.024967528808832174,1.9844674545084815,ExtraTreesRegressor,"{'mode': 'original', 'type': 'ExtraTreesRegressor'}",8,"['nodes_T2W40', 'edges_T2W40', 're_T2W40', 'pe_T2W40', 'l1_T2W40', 'l2_T2W40', 'l3_T2W40', 'lsc_T2W40']",0.060058620878689926,0.10780301943503548,98.0,0.0839308201568627,0.02387219927817278,0.1196922545840931,1.9844674545084815,2.194129061016556,2.26917197476128,98.0,2.231650517888918,0.037521456872362205,0.18812794397368982,1.9844674545084815,completed,True,COMPLETE
58,1.7802103799356233,2026-06-12 00:02:37.317901,2026-06-12 00:02:39.507086,0 days 00:00:02.189185,,,,,,,,,,,,,,0.00013865979409848447,QuantileRegressor,,,,,,7,,,,,,,,True,-0.028359243477980675,-0.012321380093105768,98.0,-0.02034031178554322,0.008018931692437453,0.04020593169650942,1.9844674545084815,1.750083899873786,1.8103368599974605,98.0,1.7802103799356233,0.030126480061837265,0.151050444882179,1.9844674545084815,0.2597248328397355,0.27977208347922194,98.0,0.26974845815947873,0.010023625319743233,0.050257217596337854,1.9844674545084815,5.807206247245344,6.080109127579157,98.0,5.943657687412251,0.13645144016690622,0.6841506442079928,1.9844674545084815,1.426051183590245,1.4937775091419203,98.0,1.4599143463660826,0.03386316277583763,0.16978570984425775,1.9844674545084815,99.0,0.7777777777777778,-0.054128154207674736,-0.029488190351543736,98.0,-0.041808172279609236,0.012319981928065498,0.061770865609090654,1.9844674545084815,QuantileRegressor,"{'mode': 'original', 'type': 'QuantileRegressor'}",7,"['edges_T2W40', 're_T2W40', 'l2_T2W40', 'atd_T2W40', 'density_T2W40', 'diameter_T2W40', 'asp_T2W40']",0.02929994861915835,0.07245271428311806,98.0,0.05087633145113821,0.021576382831979858,0.1081813148774477,1.9844674545084815,2.234593594027509,2.317098558011241,98.0,2.275846076019375,0.041252481991866,0.2068348424567137,1.9844674545084815,completed,True,COMPLETE
59,1.800262258005447,2026-06-12 00:02:39.519037,2026-06-12 00:02:58.977444,0 days 00:00:19.458407,,,,,,14.0,sqrt,1.0,4.0,344.0,,,,,ExtraTreesRegressor,,,,,,4,,,,,,,,False,-0.04411772269467797,-0.02294045812314082,98.0,-0.0335290904089094,0.010588632285768578,0.053090092641961545,1.9844674545084815,1.7748788352104314,1.8256456808004626,98.0,1.800262258005447,0.025383422795015587,0.12726934238416038,1.9844674545084815,0.25963475957515836,0.2778585362951502,98.0,0.2687466479351543,0.009111888359995915,0.04568588124696418,1.9844674545084815,5.739964077250404,6.046936031761863,98.0,5.8934500545061335,0.15348597725572988,0.7695597062805393,1.9844674545084815,1.4404653903017368,1.5093154894624856,98.0,1.4748904398821112,0.03442504958037448,0.1726029407860905,1.9844674545084815,99.0,0.6464646464646465,-0.0688259479371407,-0.030321941587089028,98.0,-0.049573944762114866,0.019252003175025838,0.09652716276484341,1.9844674545084815,ExtraTreesRegressor,"{'mode': 'original', 'type': 'ExtraTreesRegressor'}",4,"['re_T2W40', 'l1_T2W40', 'lcc_T2W40', 'lsc_T2W40']",0.11526542499858385,0.167573246501119,98.0,0.1414193357498514,0.026153910751267564,0.1311324737001766,1.9844674545084815,2.2421910422955724,2.317089531149289,98.0,2.279640286722431,0.03744924442685826,0.18776587970341954,1.9844674545084815,completed,False,COMPLETE
60,1.7455749666272753,2026-06-12 00:02:58.989976,2026-06-12 00:03:10.298067,0 days 00:00:11.308091,,,,,,17.0,sqrt,5.0,2.0,214.0,,,,,ExtraTreesRegressor,,,,,,5,,,,,,,,True,-0.00422013026587175,0.0023536764553005124,98.0,-0.0009332269052856189,0.003286903360586131,0.01648012691433511,1.9844674545084815,1.720779192552347,1.7703707407022036,98.0,1.7455749666272753,0.024795774074928383,0.12432294438408144,1.9844674545084815,0.25395043708558157,0.2729532685620026,98.0,0.2634518528237921,0.00950141573821051,0.047638923343230735,1.9844674545084815,5.750491258940627,6.016096595203733,98.0,5.88329392707218,0.13280266813155217,0.6658561525155481,1.9844674545084815,1.4028287323916502,1.4543288991316714,98.0,1.4285788157616608,0.025750083370010533,0.1291077331573294,1.9844674545084815,99.0,0.3434343434343434,-0.002850470382334188,0.007369078429652818,98.0,0.0022593040236593147,0.005109774405993503,0.025619776876974466,1.9844674545084815,ExtraTreesRegressor,"{'mode': 'original', 'type': 'ExtraTreesRegressor'}",5,"['edges_T2W40', 'pe_T2W40', 'l1_T2W40', 'l3_T2W40', 'lsc_T2W40']",0.08550555198219315,0.1337464240368157,98.0,0.10962598800950442,0.024120436027311273,0.12093688294148869,1.9844674545084815,2.1897936982672355,2.2649839649320014,98.0,2.2273888315996184,0.0375951333323831,0.18849734863167364,1.9844674545084815,completed,True,COMPLETE
61,1.7397467483984361,2026-06-12 00:03:10.315692,2026-06-12 00:03:21.838582,0 days 00:00:11.522890,,,,,,13.0,sqrt,3.0,2.0,212.0,,,,,ExtraTreesRegressor,,,,,,5,,,,,,,,True,-0.002637606117596013,0.0076099731372327815,98.0,0.0024861835098183844,0.0051237896274143975,0.02569004746372748,1.9844674545084815,1.713715031511659,1.7657784652852133,98.0,1.7397467483984361,0.026031716886777252,0.1305198087769845,1.9844674545084815,0.25252863303198037,0.2715683621263366,98.0,0.2620484975791585,0.009519864547178151,0.04773142338958161,1.9844674545084815,5.683628117726852,5.918407927885677,98.0,5.801018022806264,0.11738990507941216,0.5885784648762779,1.9844674545084815,1.3705894333447555,1.4288033758801464,98.0,1.399696404612451,0.029106971267695386,0.14593875388474645,1.9844674545084815,99.0,0.3838383838383838,-0.002032970811763668,0.013443214078449728,98.0,0.0057051216333430296,0.007738092445106697,0.03879783844556824,1.9844674545084815,ExtraTreesRegressor,"{'mode': 'original', 'type': 'ExtraTreesRegressor'}",5,"['edges_T2W40', 're_T2W40', 'pe_T2W40', 'l1_T2W40', 'lsc_T2W40']",0.1013597818507973,0.1520374495232183,98.0,0.1266986156870078,0.0253388338362105,0.12704577885962925,1.9844674545084815,2.1852560096686924,2.26128759346597,98.0,2.223271801567331,0.038015791898638615,0.19060647865436373,1.9844674545084815,completed,True,COMPLETE
62,1.7416257127058956,2026-06-12 00:03:21.870451,2026-06-12 00:03:32.432321,0 days 00:00:10.561870,,,,,,7.0,sqrt,3.0,2.0,193.0,,,,,ExtraTreesRegressor,,,,,,5,,,,,,,,True,-0.0032225916918152,0.005883963390402507,98.0,0.0013306858492936537,0.004553277541108854,0.022829570425911296,1.9844674545084815,1.7162331943463338,1.7670182310654574,98.0,1.7416257127058956,0.025392518359561845,0.12731494641982424,1.9844674545084815,0.25300873946327496,0.2720387019493261,98.0,0.26252372070630053,0.009514981243025595,0.04770693910654475,1.9844674545084815,5.69214348736761,5.931578760415721,98.0,5.811861123891665,0.1197176365240549,0.6002494224377927,1.9844674545084815,1.3789652668823236,1.4360623176472458,98.0,1.4075137922647847,0.02854852538246113,0.14313877528671198,1.9844674545084815,99.0,0.36363636363636365,0.0005719407229118345,0.014120192666319031,98.0,0.007346066694615433,0.006774125971703598,0.03396462977465246,1.9844674545084815,ExtraTreesRegressor,"{'mode': 'original', 'type': 'ExtraTreesRegressor'}",5,"['edges_T2W40', 're_T2W40', 'pe_T2W40', 'l1_T2W40', 'lsc_T2W40']",0.10033763067271394,0.14990706609420884,98.0,0.1251223483834614,0.024784717710747455,0.12426750914156785,1.9844674545084815,2.1837626037051088,2.2592766453455573,98.0,2.221519624525333,0.037757020820224314,0.18930903247290176,1.9844674545084815,completed,True,COMPLETE
63,1.7432241559266655,2026-06-12 00:03:32.444771,2026-06-12 00:03:48.174662,0 days 00:00:15.729891,,,,,,12.0,sqrt,3.0,12.0,304.0,,,,,ExtraTreesRegressor,,,,,,6,,,,,,,,True,-0.004369708840547825,0.004920939087182898,98.0,0.0002756151233175364,0.0046453239638653615,0.023291079804990608,1.9844674545084815,1.7184704702601228,1.7679778415932081,98.0,1.7432241559266655,0.024753685666542673,0.12411191831007629,1.9844674545084815,0.25356127634634196,0.2724377090746053,98.0,0.2629994927104736,0.009438216364131672,0.04732204949831793,1.9844674545084815,5.713014167524587,5.957921473216299,98.0,5.835467820370443,0.1224536528458561,0.6139674698752858,1.9844674545084815,1.390738391103402,1.4462220446026457,98.0,1.4184802178530238,0.027741826749621966,0.13909408811695007,1.9844674545084815,99.0,0.40404040404040403,-0.0005838958364340029,0.01375462754893788,98.0,0.006585365856251938,0.007169261692685941,0.035945791407897165,1.9844674545084815,ExtraTreesRegressor,"{'mode': 'original', 'type': 'ExtraTreesRegressor'}",6,"['edges_T2W40', 're_T2W40', 'l1_T2W40', 'l2_T2W40', 'l3_T2W40', 'lsc_T2W40']",0.10864436873158197,0.15817546024743318,98.0,0.13340991448950756,0.0247655457579256,0.12417138334137291,1.9844674545084815,2.1847493555586097,2.2595151530898403,98.0,2.222132254324225,0.03738289876561529,0.1874332307638095,1.9844674545084815,completed,True,COMPLETE
64,1.7367676775525742,2026-06-12 00:03:48.187616,2026-06-12 00:04:08.159228,0 days 00:00:19.971612,,,,,,13.0,sqrt,4.0,3.0,401.0,,,,,ExtraTreesRegressor,,,,,,5,,,,,,,,True,-0.00014015181260265946,0.00822283901704797,98.0,0.004041343602222655,0.004181495414825314,0.020965500828032554,1.9844674545084815,1.7120388402543962,1.7614965148507522,98.0,1.7367676775525742,0.024728837298177934,0.12398733166442813,1.9844674545084815,0.25267163142598026,0.27163318768216527,98.0,0.26215240955407276,0.009480778128092516,0.04753544891863055,1.9844674545084815,5.697861685185917,5.938449260195893,98.0,5.818155472690905,0.12029378750498776,0.6031381721958321,1.9844674545084815,1.38634452385119,1.440420867770656,98.0,1.413382695810923,0.0270381719597331,0.13556605003091993,1.9844674545084815,99.0,0.26262626262626265,0.008607135940902047,0.02170258839621443,98.0,0.015154862168558238,0.006547726227656191,0.03282948945990682,1.9844674545084815,ExtraTreesRegressor,"{'mode': 'original', 'type': 'ExtraTreesRegressor'}",5,"['edges_T2W40', 're_T2W40', 'l1_T2W40', 'l3_T2W40', 'lsc_T2W40']",0.13682016342534772,0.188699021202785,98.0,0.16275959231406636,0.025939428888718637,0.1300570881692193,1.9844674545084815,2.1753905685478774,2.249934564498962,98.0,2.2126625665234196,0.037271997975542384,0.18687718791897953,1.9844674545084815,completed,True,COMPLETE
65,2.010497514830848,2026-06-12 00:04:08.178086,2026-06-12 00:04:08.323843,0 days 00:00:00.145757,11.0,3.0,11.0,,,,,,,,,,,,DecisionTreeRegressor,,,,,,5,,,,,,,,True,,,,,,,,,,,,,,,,,,,,,,,,,,,,,,,,,,,,,,,,,,,,,DecisionTreeRegressor,"{'mode': 'original', 'type': 'DecisionTreeRegressor'}",5,"['re_T2W40', 'l1_T2W40', 'lcc_T2W40', 'lsc_T2W40', 'diameter_T2W40']",,,,,,,,,,,,,,,pruned,True,PRUNED
66,1.7498715669372584,2026-06-12 00:04:08.333190,2026-06-12 00:04:28.701080,0 days 00:00:20.367890,,,,,,2.0,sqrt,4.0,9.0,423.0,,,,,ExtraTreesRegressor,,,,,,3,,,,,,,,True,-0.004652412239288964,-0.0021111659516000972,98.0,-0.003381789095444531,0.0012706231438444336,0.006370747288144684,1.9844674545084815,1.725500601137574,1.7742425327369429,98.0,1.7498715669372584,0.024370965799684504,0.12219300823377414,1.9844674545084815,0.2550304970339522,0.27419451426152175,98.0,0.264612505647737,0.009582008613784759,0.048043006053352766,1.9844674545084815,5.762895628072852,6.035173541728439,98.0,5.899034584900646,0.13613895682779342,0.6825838913947079,1.9844674545084815,1.3174622059622252,1.3823165359780776,98.0,1.3498893709701514,0.032427165007926105,0.16258579464514952,1.9844674545084815,99.0,0.4444444444444444,-0.0010952963220129982,0.0030747164943101513,98.0,0.0009897100861485765,0.0020850064081615748,0.010453964249675218,1.9844674545084815,ExtraTreesRegressor,"{'mode': 'original', 'type': 'ExtraTreesRegressor'}",3,"['edges_T2W40', 'l3_T2W40', 'lsc_T2W40']",0.1091579809220051,0.1625105699081216,98.0,0.13583427541506335,0.026676294493058243,0.13375164117127636,1.9844674545084815,2.191605728849399,2.266409846541667,98.0,2.229007787695533,0.037402058846134054,0.18752929703774515,1.9844674545084815,completed,True,COMPLETE
67,1.7446896021649783,2026-06-12 00:04:28.713644,2026-06-12 00:04:34.072301,0 days 00:00:05.358657,,,,,,13.0,sqrt,5.0,11.0,78.0,,,,,ExtraTreesRegressor,,,,,,4,,,,,,,,True,-0.004185677271773326,0.00346242374387658,98.0,-0.00036162676394837297,0.003824050507824953,0.019173316274362497,1.9844674545084815,1.7193433452570568,1.7700358590728997,98.0,1.7446896021649783,0.02534625690792156,0.12708299722307714,1.9844674545084815,0.253586067405287,0.2727108958460819,98.0,0.26314848162568444,0.00956241422039745,0.04794476218841155,1.9844674545084815,5.725063649313885,5.991578889352324,98.0,5.858321269333104,0.13325762001921956,0.66813722501028,1.9844674545084815,1.4041365518661968,1.4567686558172073,98.0,1.430452603841702,0.02631605197550523,0.1319454297443135,1.9844674545084815,99.0,0.40404040404040403,-0.0017020057847378757,0.010176663809859505,98.0,0.004237329012560814,0.00593933479729869,0.029779090076063185,1.9844674545084815,ExtraTreesRegressor,"{'mode': 'original', 'type': 'ExtraTreesRegressor'}",4,"['edges_T2W40', 'pe_T2W40', 'l1_T2W40', 'lsc_T2W40']",0.09904200406704333,0.14802193039621764,98.0,0.12353196723163049,0.024489963164587146,0.12278964630338789,1.9844674545084815,2.187120898577979,2.2635155935111206,98.0,2.2253182460445498,0.03819734746657107,0.19151677581655277,1.9844674545084815,completed,True,COMPLETE
