number,value,datetime_start,datetime_complete,duration,params_dt_max_depth,params_dt_min_samples_leaf,params_dt_min_samples_split,params_elastic_alpha,params_elastic_l1_ratio,params_et_max_depth,params_et_max_features,params_et_min_samples_leaf,params_et_min_samples_split,params_et_n_estimators,params_knn_metric,params_knn_n_neighbors,params_knn_weights,params_quantile_alpha,params_regressor,params_rf_max_depth,params_rf_max_features,params_rf_min_samples_leaf,params_rf_min_samples_split,params_rf_n_estimators,params_rfe_n_features,params_rfe_proxy_et_max_depth,params_rfe_proxy_et_min_samples_leaf,params_rfe_proxy_et_min_samples_split,params_rfe_proxy_et_n_estimators,params_rfe_proxy_lsvr_C,params_rfe_proxy_lsvr_epsilon,params_rfe_proxy_type,params_use_scaler,user_attrs_d2mae_ci_lower_val,user_attrs_d2mae_ci_upper_val,user_attrs_d2mae_df_val,user_attrs_d2mae_mean_val,user_attrs_d2mae_samperror_val,user_attrs_d2mae_std_val,user_attrs_d2mae_t_critical_val,user_attrs_mae_ci_lower_val,user_attrs_mae_ci_upper_val,user_attrs_mae_df_val,user_attrs_mae_mean_val,user_attrs_mae_samperror_val,user_attrs_mae_std_val,user_attrs_mae_t_critical_val,user_attrs_mape_ci_lower_val,user_attrs_mape_ci_upper_val,user_attrs_mape_df_val,user_attrs_mape_mean_val,user_attrs_mape_samperror_val,user_attrs_mape_std_val,user_attrs_mape_t_critical_val,user_attrs_max_error_ci_lower_val,user_attrs_max_error_ci_upper_val,user_attrs_max_error_df_val,user_attrs_max_error_mean_val,user_attrs_max_error_samperror_val,user_attrs_max_error_std_val,user_attrs_max_error_t_critical_val,user_attrs_median_ae_ci_lower_val,user_attrs_median_ae_ci_upper_val,user_attrs_median_ae_df_val,user_attrs_median_ae_mean_val,user_attrs_median_ae_samperror_val,user_attrs_median_ae_std_val,user_attrs_median_ae_t_critical_val,user_attrs_n_splits_val,user_attrs_r2_below_zero_val,user_attrs_r2_ci_lower_val,user_attrs_r2_ci_upper_val,user_attrs_r2_df_val,user_attrs_r2_mean_val,user_attrs_r2_samperror_val,user_attrs_r2_std_val,user_attrs_r2_t_critical_val,user_attrs_regressor_final,user_attrs_rfe_estimator,user_attrs_rfe_n_features,user_attrs_rfe_selected_features,user_attrs_rho_ci_lower_val,user_attrs_rho_ci_upper_val,user_attrs_rho_df_val,user_attrs_rho_mean_val,user_attrs_rho_samperror_val,user_attrs_rho_std_val,user_attrs_rho_t_critical_val,user_attrs_rmse_ci_lower_val,user_attrs_rmse_ci_upper_val,user_attrs_rmse_df_val,user_attrs_rmse_mean_val,user_attrs_rmse_samperror_val,user_attrs_rmse_std_val,user_attrs_rmse_t_critical_val,user_attrs_termination_reason,user_attrs_use_scaler_final,state
26,1.74281228924622,2026-06-11 23:56:02.984883,2026-06-11 23:56:19.353946,0 days 00:00:16.369063,,,,,,17.0,sqrt,4.0,8.0,328.0,,,,,ExtraTreesRegressor,,,,,,3,,,,,,,,True,-0.0013928774127422976,0.002713546721637497,98.0,0.0006603346544475997,0.0020532120671898973,0.01029455135647794,1.9844674545084815,1.7184111669588744,1.7672134115335654,98.0,1.74281228924622,0.024401122287345485,0.12234420913304699,1.9844674545084815,0.2537750416005991,0.272846130758215,98.0,0.26331058617940706,0.00953554457880793,0.04781004112881245,1.9844674545084815,5.722806107245271,5.990378831979477,98.0,5.856592469612374,0.1337863623671036,0.6707882737458772,1.9844674545084815,1.3616447820777324,1.4179303666436125,98.0,1.3897875743606725,0.028142792282940123,0.14110447970819506,1.9844674545084815,99.0,0.24242424242424243,0.005030736378216376,0.010754368831521841,98.0,0.007892552604869109,0.0028618162266527327,0.01434879260104878,1.9844674545084815,ExtraTreesRegressor,"{'mode': 'original', 'type': 'ExtraTreesRegressor'}",3,"['edges_T2W40', 'l1_T2W40', 'lsc_T2W40']",0.13459257277440054,0.18544800947243625,98.0,0.1600202911234184,0.025427718349017865,0.12749143481329955,1.9844674545084815,2.183911329372327,2.2586613494354655,98.0,2.221286339403896,0.037375010031569296,0.18739367762700895,1.9844674545084815,completed,True,COMPLETE
27,1.7630736488405425,2026-06-11 23:56:19.366470,2026-06-11 23:56:29.693544,0 days 00:00:10.327074,,,,,,9.0,log2,2.0,4.0,167.0,,,,,ExtraTreesRegressor,,,,,,8,,,,,,,,True,-0.01825308018036148,-0.004033152944090729,98.0,-0.011143116562226104,0.007109963618135375,0.0356484781962928,1.9844674545084815,1.7365529574826457,1.7895943401984393,98.0,1.7630736488405425,0.026520691357896753,0.1329714662971138,1.9844674545084815,0.254987580526556,0.2739063070775193,98.0,0.26444694380203765,0.009459363275481652,0.04742807749630315,1.9844674545084815,5.7403936333423715,6.006369000105664,98.0,5.873381316724018,0.13298768338164663,0.6667837960961919,1.9844674545084815,1.4281350915239366,1.4922830014066188,98.0,1.4602090464652777,0.03207395494134108,0.16081484305754223,1.9844674545084815,99.0,0.5858585858585859,-0.02627693735529811,-0.001125636580045804,98.0,-0.013701286967671958,0.012575650387626154,0.06305275564336316,1.9844674545084815,ExtraTreesRegressor,"{'mode': 'original', 'type': 'ExtraTreesRegressor'}",8,"['edges_T2W40', 're_T2W40', 'pe_T2W40', 'l1_T2W40', 'l3_T2W40', 'lcc_T2W40', 'lsc_T2W40', 'atd_T2W40']",0.09432289042097533,0.14474744273414064,98.0,0.11953516657755799,0.025212276156582652,0.12641123430706935,1.9844674545084815,2.2056703168343845,2.280805972370438,98.0,2.243238144602411,0.037567827768026814,0.18836044190923842,1.9844674545084815,completed,True,COMPLETE
28,1.7638708524720315,2026-06-11 23:56:29.705498,2026-06-11 23:56:37.727548,0 days 00:00:08.022050,,,,,,10.0,,4.0,8.0,128.0,,,,,ExtraTreesRegressor,,,,,,6,,,,,,,,True,-0.019996392311741072,-0.0027953140335411596,98.0,-0.011395853172641116,0.008600539139099956,0.043122039498842614,1.9844674545084815,1.7350562364813351,1.7926854684627278,98.0,1.7638708524720315,0.02881461599069638,0.1444729206853913,1.9844674545084815,0.25392424050779583,0.2729230524757946,98.0,0.2634236464917952,0.00949940598399937,0.04762884668418948,1.9844674545084815,5.647542474739878,5.891754679995869,98.0,5.769648577367874,0.12210610262799529,0.6122248960691519,1.9844674545084815,1.4039549523584287,1.4736476536820247,98.0,1.4388013030202267,0.034846350661797934,0.17471529230036417,1.9844674545084815,99.0,0.5858585858585859,-0.03423545814652698,-0.005881961431263634,98.0,-0.020058709788895308,0.014176748357631674,0.07108046283560321,1.9844674545084815,ExtraTreesRegressor,"{'mode': 'original', 'type': 'ExtraTreesRegressor'}",6,"['nodes_T2W40', 'edges_T2W40', 're_T2W40', 'pe_T2W40', 'l1_T2W40', 'lsc_T2W40']",0.08308299379898634,0.13681580138798866,98.0,0.1099493975934875,0.026866403794501156,0.13470482569533127,1.9844674545084815,2.2111834288201004,2.2893467933781597,98.0,2.25026511109913,0.03908168227902942,0.19595072118861243,1.9844674545084815,completed,True,COMPLETE
29,1.7610658539269506,2026-06-11 23:56:37.740792,2026-06-11 23:56:39.412049,0 days 00:00:01.671257,,,,0.000296601796744206,0.9251264677409419,,,,,,,,,,ElasticNet,,,,,,5,,,,,,,,True,-0.016896181727521647,-0.002381295787186671,98.0,-0.00963873875735416,0.007257442970167488,0.03638792142662243,1.9844674545084815,1.7328272349153269,1.7893044729385743,98.0,1.7610658539269506,0.028238619011623667,0.14158494307363115,1.9844674545084815,0.25780538088161686,0.2781302561369844,98.0,0.2679678185093006,0.010162437627683766,0.05095320533956246,1.9844674545084815,5.761857554569501,6.002181160841816,98.0,5.8820193577056585,0.12016180313615689,0.6024764188948001,1.9844674545084815,1.4497762665061171,1.4995962620230352,98.0,1.4746862642645762,0.024909997758459028,0.12489564780572149,1.9844674545084815,99.0,0.48484848484848486,-0.02413154962713572,0.003002540662571055,98.0,-0.010564504482282333,0.013567045144853388,0.06802348633694758,1.9844674545084815,ElasticNet,"{'mode': 'original', 'type': 'ElasticNet'}",5,"['nodes_T2W40', 'l2_T2W40', 'atd_T2W40', 'density_T2W40', 'diameter_T2W40']",0.0807471267601329,0.12930826767538137,98.0,0.10502769721775713,0.024280570457624228,0.12173977716909434,1.9844674545084815,2.200407839723974,2.2814341805494207,98.0,2.2409210101366974,0.040513170412723135,0.2031280256395198,1.9844674545084815,completed,True,COMPLETE
30,1.856644618280069,2026-06-11 23:56:39.465839,2026-06-11 23:56:41.029636,0 days 00:00:01.563797,,,,,,,,,,,,,,,LinearRegression,,,,,,12,,,,,,,,True,-0.07619130909583043,-0.053677261584648375,98.0,-0.0649342853402394,0.011257023755591029,0.056441324802668794,1.9844674545084815,1.8256164981384777,1.8876727384216605,98.0,1.856644618280069,0.031028120141591405,0.15557115672408411,1.9844674545084815,0.2697695972554908,0.29008155425216936,98.0,0.2799255757538301,0.010155978498339286,0.050920820063916836,1.9844674545084815,6.008167051657387,6.392041683628244,98.0,6.200104367642815,0.19193731598542832,0.9623499628758895,1.9844674545084815,1.5004765250314047,1.5661614111769422,98.0,1.5333189681041735,0.032842443072768714,0.16466794749923444,1.9844674545084815,99.0,0.9090909090909091,-0.1659050297144185,-0.10148187671960436,98.0,-0.13369345321701143,0.032211576497407066,0.16150486051814417,1.9844674545084815,LinearRegression,"{'mode': 'original', 'type': 'LinearRegression'}",12,"['nodes_T2W40', 'edges_T2W40', 're_T2W40', 'pe_T2W40', 'l1_T2W40', 'l2_T2W40', 'lcc_T2W40', 'lsc_T2W40', 'atd_T2W40', 'density_T2W40', 'diameter_T2W40', 'asp_T2W40']",-0.02519900240360392,0.027598559930282346,98.0,0.0011997787633392146,0.026398781166943133,0.13236022367794892,1.9844674545084815,2.3219667272122657,2.413900446464322,98.0,2.367933586838294,0.04596685962602817,0.2304721488237743,1.9844674545084815,completed,True,COMPLETE
31,1.7402390225031685,2026-06-11 23:56:41.041603,2026-06-11 23:56:55.393257,0 days 00:00:14.351654,,,,,,13.0,sqrt,3.0,2.0,270.0,,,,,ExtraTreesRegressor,,,,,,6,,,,,,,,True,-0.0024421320644253206,0.006793947979176625,98.0,0.002175907957375652,0.004618040021800973,0.023154281494052645,1.9844674545084815,1.714615938691433,1.765862106314904,98.0,1.7402390225031685,0.0256230838117356,0.1284709730798861,1.9844674545084815,0.2529066168996597,0.27200040976474077,98.0,0.26245351333220024,0.009546896432540537,0.047866957919390975,1.9844674545084815,5.7298729103136345,5.977565888838594,98.0,5.853719399576114,0.12384648926248004,0.6209509793973841,1.9844674545084815,1.373350193973731,1.432470912635149,98.0,1.40291055330444,0.029560359330708906,0.14821198555608314,1.9844674545084815,99.0,0.37373737373737376,-0.0024438226008713466,0.011994642216006608,98.0,0.004775409807567631,0.007219232408438978,0.0361963383961309,1.9844674545084815,ExtraTreesRegressor,"{'mode': 'original', 'type': 'ExtraTreesRegressor'}",6,"['edges_T2W40', 're_T2W40', 'pe_T2W40', 'l1_T2W40', 'l3_T2W40', 'lsc_T2W40']",0.103891447692332,0.15231903539655284,98.0,0.12810524154444242,0.024213793852110425,0.12140496752821103,1.9844674545084815,2.1863062465726237,2.2626101648595345,98.0,2.224458205716079,0.03815195914345519,0.19128920437823546,1.9844674545084815,completed,True,COMPLETE
32,1.7455810864471693,2026-06-11 23:56:55.406045,2026-06-11 23:57:08.017804,0 days 00:00:12.611759,,,,,,11.0,sqrt,3.0,3.0,237.0,,,,,ExtraTreesRegressor,,,,,,7,,,,,,,,True,-0.005453064899309068,0.0034769536035571666,98.0,-0.0009880556478759504,0.004465009251433117,0.022387004138806333,1.9844674545084815,1.7204775436324247,1.7706846292619138,98.0,1.7455810864471693,0.02510354281474469,0.12586605877961185,1.9844674545084815,0.25394895713075816,0.2729191748708796,98.0,0.26343406600081887,0.009485108870060703,0.0475571627232178,1.9844674545084815,5.745953986917625,5.985487301790723,98.0,5.865720644354174,0.11976665743654939,0.6004952072299631,1.9844674545084815,1.374721283913976,1.4333672278589318,98.0,1.4040442558864539,0.029322971972477806,0.14702175470280682,1.9844674545084815,99.0,0.5151515151515151,-0.007775359141556127,0.005794603986399433,98.0,-0.0009903775775783473,0.00678498156397778,0.034019058371657786,1.9844674545084815,ExtraTreesRegressor,"{'mode': 'original', 'type': 'ExtraTreesRegressor'}",7,"['edges_T2W40', 're_T2W40', 'pe_T2W40', 'l1_T2W40', 'l2_T2W40', 'l3_T2W40', 'lsc_T2W40']",0.08045105811805583,0.12919402105729072,98.0,0.10482253958767328,0.024371481469617446,0.12219559373903809,1.9844674545084815,2.193167165151868,2.2681583810634907,98.0,2.2306627731076794,0.03749560795581152,0.1879983407031886,1.9844674545084815,completed,True,COMPLETE
33,1.8629342770020803,2026-06-11 23:57:08.030545,2026-06-11 23:57:52.631774,0 days 00:00:44.601229,,,,,,,,,,,,,,,RandomForestRegressor,20.0,log2,1.0,2.0,494.0,4,,,,,,,,True,-0.08271641823547156,-0.05579761762900014,98.0,-0.06925701793223585,0.013459400303235714,0.0674837684149651,1.9844674545084815,1.83253538327917,1.8933331707249905,98.0,1.8629342770020803,0.030398893722910353,0.15241629328573006,1.9844674545084815,0.26760212350064877,0.2866239057608195,98.0,0.2771130146307341,0.009510891130085375,0.04768643178614188,1.9844674545084815,5.850641167696946,6.16332030942243,98.0,6.006980738559688,0.15633957086274158,0.7838672716837101,1.9844674545084815,1.5192137485998451,1.6033596818683218,98.0,1.5612867152340835,0.04207296663423823,0.21094865097317278,1.9844674545084815,99.0,0.7474747474747475,-0.137438995840751,-0.08238696922049239,98.0,-0.1099129825306217,0.02752601331012931,0.13801202622389097,1.9844674545084815,RandomForestRegressor,"{'mode': 'original', 'type': 'RandomForestRegressor'}",4,"['re_T2W40', 'lcc_T2W40', 'lsc_T2W40', 'atd_T2W40']",0.06942126422486065,0.12262468874711345,98.0,0.09602297648598705,0.0266017122611264,0.13337769508496006,1.9844674545084815,2.3000357862251346,2.3840526120911156,98.0,2.342044199158125,0.04200841293299071,0.2106249866993441,1.9844674545084815,completed,True,COMPLETE
34,1.7398409012707563,2026-06-11 23:57:52.643960,2026-06-11 23:58:09.897627,0 days 00:00:17.253667,,,,,,16.0,sqrt,3.0,3.0,335.0,,,,,ExtraTreesRegressor,,,,,,6,,,,,,,,True,-0.002182937641048017,0.006983702988632383,98.0,0.002400382673792183,0.0045833203148402,0.022980201177605485,1.9844674545084815,1.7142591159186258,1.7654226866228868,98.0,1.7398409012707563,0.025581785352130505,0.12826390771136334,1.9844674545084815,0.25285488329059014,0.2719316305269538,98.0,0.26239325690877197,0.009538373618181809,0.047824225582327656,1.9844674545084815,5.727287986696804,5.9731348802377076,98.0,5.850211433467256,0.12292344677045143,0.6163229585074597,1.9844674545084815,1.3719146417524684,1.4309815996288817,98.0,1.401448120690675,0.029533478938206754,0.14807721059273782,1.9844674545084815,99.0,0.40404040404040403,-0.002117123773557286,0.012371439142297299,98.0,0.005127157684370006,0.007244281457927292,0.036321931232111714,1.9844674545084815,ExtraTreesRegressor,"{'mode': 'original', 'type': 'ExtraTreesRegressor'}",6,"['edges_T2W40', 're_T2W40', 'pe_T2W40', 'l1_T2W40', 'l3_T2W40', 'lsc_T2W40']",0.10489663860539186,0.15286025265316652,98.0,0.1288784456292792,0.023981807023887337,0.12024181426443854,1.9844674545084815,2.1859699765873977,2.262079958641336,98.0,2.224024967614367,0.038054991026969014,0.19080301823552778,1.9844674545084815,completed,True,COMPLETE
35,2.4986970231414674,2026-06-11 23:58:09.910190,2026-06-11 23:58:11.624646,0 days 00:00:01.714456,18.0,1.0,2.0,,,,,,,,,,,,DecisionTreeRegressor,,,,,,3,,,,,,,,True,-0.4735274749906927,-0.39993795940538857,98.0,-0.43673271719804063,0.03679475779265204,0.1844843646686936,1.9844674545084815,2.4377922733289195,2.5596017729540153,98.0,2.4986970231414674,0.060904749812547954,0.30536888264875284,1.9844674545084815,0.3447189985802559,0.3695807110569558,98.0,0.35714985481860584,0.012430856238349965,0.062326775687536515,1.9844674545084815,8.97877378340002,9.748498943872706,98.0,9.363636363636363,0.38486258023634234,1.9296533761620454,1.9844674545084815,1.9449271925386498,2.095476847865391,98.0,2.0202020202020203,0.07527482766337065,0.3774186756515515,1.9844674545084815,99.0,1.0,-1.3219463351412248,-1.090852290199862,98.0,-1.2063993126705435,0.11554702247068131,0.5793384794102344,1.9844674545084815,DecisionTreeRegressor,"{'mode': 'original', 'type': 'DecisionTreeRegressor'}",3,"['l1_T2W40', 'l3_T2W40', 'density_T2W40']",-0.02372478238619758,0.038905251884610394,98.0,0.007590234749206407,0.03131501713540399,0.15700962276664202,1.9844674545084815,3.194526418471904,3.3528841206737043,98.0,3.273705269572804,0.0791788511009001,0.3969929663041222,1.9844674545084815,completed,True,COMPLETE
36,1.7695640691847052,2026-06-11 23:58:11.654686,2026-06-11 23:58:30.719854,0 days 00:00:19.065168,,,,,,16.0,sqrt,2.0,7.0,360.0,,,,,ExtraTreesRegressor,,,,,,9,,,,,,,,True,-0.02204440100460187,-0.00776647421182433,98.0,-0.0149054376082131,0.00713896339638877,0.03579387949766185,1.9844674545084815,1.743140122191367,1.7959880161780435,98.0,1.7695640691847052,0.026423946993338283,0.13248640201889725,1.9844674545084815,0.25584771208479495,0.27459725587048467,98.0,0.2652224839776398,0.009374771892844885,0.04700394676631893,1.9844674545084815,5.746648702669591,6.017024068189614,98.0,5.881836385429603,0.13518768276001109,0.6778143208757336,1.9844674545084815,1.4429459083873897,1.504953769824283,98.0,1.4739498391058363,0.031003930718446693,0.15544987394826856,1.9844674545084815,99.0,0.5858585858585859,-0.030665761396526166,-0.00540048860644049,98.0,-0.018033125001483328,0.012632636395042838,0.06333847643632275,1.9844674545084815,ExtraTreesRegressor,"{'mode': 'original', 'type': 'ExtraTreesRegressor'}",9,"['nodes_T2W40', 'edges_T2W40', 're_T2W40', 'pe_T2W40', 'l1_T2W40', 'l3_T2W40', 'lcc_T2W40', 'lsc_T2W40', 'atd_T2W40']",0.07933590309688618,0.1274475283596807,98.0,0.10339171572828344,0.02405581263139726,0.12061286922722227,1.9844674545084815,2.210275952828321,2.2859177796124386,98.0,2.2480968662203797,0.03782091339205884,0.18962938192562448,1.9844674545084815,completed,True,COMPLETE
37,1.7611786625321686,2026-06-11 23:58:30.732136,2026-06-11 23:58:32.404329,0 days 00:00:01.672193,,,,0.00016892510868982962,0.9449451294319888,,,,,,,,,,ElasticNet,,,,,,5,,,,,,,,True,-0.01698130471968306,-0.0024230571199018395,98.0,-0.009702180919792448,0.007279123799890609,0.0364966264252937,1.9844674545084815,1.7329162234093156,1.7894411016550216,98.0,1.7611786625321686,0.028262439122852923,0.1417043741651804,1.9844674545084815,0.25782020465226385,0.2781491707724363,98.0,0.26798468771235007,0.010164483060086191,0.05096346088464203,1.9844674545084815,5.762056475628802,6.002523503128619,98.0,5.882289989378711,0.12023351374990851,0.6028359670427325,1.9844674545084815,1.4499354804907103,1.499762302524255,98.0,1.4748488915074827,0.02491341101677247,0.12491276146074143,1.9844674545084815,99.0,0.494949494949495,-0.02434676199901953,0.002912335585265274,98.0,-0.010717213206877128,0.013629548792142402,0.06833687189378614,1.9844674545084815,ElasticNet,"{'mode': 'original', 'type': 'ElasticNet'}",5,"['nodes_T2W40', 'l2_T2W40', 'atd_T2W40', 'density_T2W40', 'diameter_T2W40']",0.08068331427635929,0.12915211913926594,98.0,0.10491771670781262,0.024234402431453334,0.1215082963960956,1.9844674545084815,2.2005467302010673,2.2816137139750308,98.0,2.241080222088049,0.0405334918869817,0.2032299149980216,1.9844674545084815,completed,True,COMPLETE
38,1.82310493974192,2026-06-11 23:58:32.416599,2026-06-11 23:58:33.979572,0 days 00:00:01.562973,,,,,,,,,,,,,,,LinearRegression,,,,,,9,,,,,,,,True,-0.056247403819765084,-0.03509813247155961,98.0,-0.045672768145662346,0.010574635674102738,0.05301991536221865,1.9844674545084815,1.7931345938569945,1.8530752856268453,98.0,1.82310493974192,0.02997034588492546,0.15026760743036147,1.9844674545084815,0.2650673851003756,0.2850107898027235,98.0,0.27503908745154954,0.009971702351173973,0.04999688225394498,1.9844674545084815,5.822146308324279,6.221088640790254,98.0,6.021617474557266,0.19947116623298725,1.0001237562043388,1.9844674545084815,1.4822024176971156,1.5462296017514223,98.0,1.514216009724269,0.032013592027153426,0.16051219087170054,1.9844674545084815,99.0,0.797979797979798,-0.11924354949615219,-0.057450421667361765,98.0,-0.08834698558175698,0.030896563914395218,0.15491155007225435,1.9844674545084815,LinearRegression,"{'mode': 'original', 'type': 'LinearRegression'}",9,"['nodes_T2W40', 'edges_T2W40', 're_T2W40', 'l1_T2W40', 'l2_T2W40', 'lcc_T2W40', 'atd_T2W40', 'density_T2W40', 'diameter_T2W40']",0.007134902193490743,0.05903450950881561,98.0,0.033084705851153175,0.025949803657662432,0.13010910597751596,1.9844674545084815,2.2756799025526124,2.3650320712739408,98.0,2.3203559869132766,0.044676084360664337,0.22400036129081585,1.9844674545084815,completed,True,COMPLETE
39,1.810325476992144,2026-06-11 23:58:33.992727,2026-06-11 23:58:35.578272,0 days 00:00:01.585545,,,,,,,,,,,minkowski,19.0,uniform,,KNeighborsRegressor,,,,,,2,,,,,9.527260601973241,0.9561311598960182,LinearSVR,,-0.0447038458425336,-0.032445593463996426,98.0,-0.03857471965326501,0.006129126189268586,0.030730680641340546,1.9844674545084815,1.7858098647339773,1.8348410892503106,98.0,1.810325476992144,0.024515612258166723,0.12291824768622674,1.9844674545084815,0.2640721490140974,0.28334400995442727,98.0,0.27370807948426235,0.009635930470164948,0.04831336357200023,1.9844674545084815,5.922461742413684,6.1998136430195965,98.0,6.06113769271664,0.1386759503029568,0.6953040628949969,1.9844674545084815,1.4205950694474458,1.4906223680857813,98.0,1.4556087187666136,0.035013649319167624,0.17555410707633576,1.9844674545084815,99.0,0.8787878787878788,-0.07604433048396012,-0.05392098759287415,98.0,-0.06498265903841713,0.011061671445542981,0.05546185248194128,1.9844674545084815,KNeighborsRegressor,"{'mode': 'proxy', 'type': 'LinearSVR'}",2,"['nodes_T2W40', 'lcc_T2W40']",-0.08622379207137942,-0.035580449458445795,98.0,-0.06090212076491261,0.025321671306466814,0.1269597280582158,1.9844674545084815,2.2622913064023464,2.336644574486761,98.0,2.2994679404445537,0.03717663404220728,0.18639904495218038,1.9844674545084815,completed,True,COMPLETE
