number,value,datetime_start,datetime_complete,duration,params_dt_max_depth,params_dt_min_samples_leaf,params_dt_min_samples_split,params_elastic_alpha,params_elastic_l1_ratio,params_et_max_depth,params_et_max_features,params_et_min_samples_leaf,params_et_min_samples_split,params_et_n_estimators,params_knn_metric,params_knn_n_neighbors,params_knn_weights,params_quantile_alpha,params_regressor,params_rf_max_depth,params_rf_max_features,params_rf_min_samples_leaf,params_rf_min_samples_split,params_rf_n_estimators,params_rfe_n_features,params_rfe_proxy_et_max_depth,params_rfe_proxy_et_min_samples_leaf,params_rfe_proxy_et_min_samples_split,params_rfe_proxy_et_n_estimators,params_rfe_proxy_lsvr_C,params_rfe_proxy_lsvr_epsilon,params_rfe_proxy_type,params_use_scaler,user_attrs_d2mae_ci_lower_val,user_attrs_d2mae_ci_upper_val,user_attrs_d2mae_df_val,user_attrs_d2mae_mean_val,user_attrs_d2mae_samperror_val,user_attrs_d2mae_std_val,user_attrs_d2mae_t_critical_val,user_attrs_mae_ci_lower_val,user_attrs_mae_ci_upper_val,user_attrs_mae_df_val,user_attrs_mae_mean_val,user_attrs_mae_samperror_val,user_attrs_mae_std_val,user_attrs_mae_t_critical_val,user_attrs_mape_ci_lower_val,user_attrs_mape_ci_upper_val,user_attrs_mape_df_val,user_attrs_mape_mean_val,user_attrs_mape_samperror_val,user_attrs_mape_std_val,user_attrs_mape_t_critical_val,user_attrs_max_error_ci_lower_val,user_attrs_max_error_ci_upper_val,user_attrs_max_error_df_val,user_attrs_max_error_mean_val,user_attrs_max_error_samperror_val,user_attrs_max_error_std_val,user_attrs_max_error_t_critical_val,user_attrs_median_ae_ci_lower_val,user_attrs_median_ae_ci_upper_val,user_attrs_median_ae_df_val,user_attrs_median_ae_mean_val,user_attrs_median_ae_samperror_val,user_attrs_median_ae_std_val,user_attrs_median_ae_t_critical_val,user_attrs_n_splits_val,user_attrs_r2_below_zero_val,user_attrs_r2_ci_lower_val,user_attrs_r2_ci_upper_val,user_attrs_r2_df_val,user_attrs_r2_mean_val,user_attrs_r2_samperror_val,user_attrs_r2_std_val,user_attrs_r2_t_critical_val,user_attrs_regressor_final,user_attrs_rfe_estimator,user_attrs_rfe_n_features,user_attrs_rfe_selected_features,user_attrs_rho_ci_lower_val,user_attrs_rho_ci_upper_val,user_attrs_rho_df_val,user_attrs_rho_mean_val,user_attrs_rho_samperror_val,user_attrs_rho_std_val,user_attrs_rho_t_critical_val,user_attrs_rmse_ci_lower_val,user_attrs_rmse_ci_upper_val,user_attrs_rmse_df_val,user_attrs_rmse_mean_val,user_attrs_rmse_samperror_val,user_attrs_rmse_std_val,user_attrs_rmse_t_critical_val,user_attrs_termination_reason,user_attrs_use_scaler_final,state
68,1.758628960888105,2026-06-12 00:04:34.085172,2026-06-12 00:04:36.368757,0 days 00:00:02.283585,,,,,,,,,,,,,,0.032664854089540445,QuantileRegressor,,,,,,13,,,,,,,,True,-0.011261441082438697,-0.004906588775794361,98.0,-0.008084014929116529,0.0031774261533221676,0.015931221737635493,1.9844674545084815,1.7320603423617662,1.7851975794144437,98.0,1.758628960888105,0.02656861852633878,0.13321176719188316,1.9844674545084815,0.25054929134244047,0.26967184206911204,98.0,0.26011056670577626,0.009561275363335765,0.04793905209996206,1.9844674545084815,5.748519735689503,6.047825293686702,98.0,5.8981725146881026,0.1496527789985991,0.7503405243225828,1.9844674545084815,1.1466105054598799,1.2811344086496053,98.0,1.2138724570547426,0.06726195159486276,0.3372431061044442,1.9844674545084815,99.0,0.9393939393939394,-0.031765029067547794,-0.022698717748292144,98.0,-0.02723187340791997,0.004533155659627823,0.022728681800909725,1.9844674545084815,QuantileRegressor,"{'mode': 'original', 'type': 'QuantileRegressor'}",13,"['nodes_T2W40', 'edges_T2W40', 're_T2W40', 'pe_T2W40', 'l1_T2W40', 'l2_T2W40', 'l3_T2W40', 'lcc_T2W40', 'lsc_T2W40', 'atd_T2W40', 'density_T2W40', 'diameter_T2W40', 'asp_T2W40']",-0.12278898503286625,0.0037280626343337356,27.0,-0.059530461199266256,0.06325852383359999,0.1631385448500478,2.0518305164802846,2.222487350285553,2.297145146090102,98.0,2.2598162481878274,0.037328897902274186,0.18716247711403186,1.9844674545084815,completed,True,COMPLETE
69,1.737085026863408,2026-06-12 00:04:36.381750,2026-06-12 00:04:59.992193,0 days 00:00:23.610443,,,,,,11.0,log2,4.0,2.0,455.0,,,,,ExtraTreesRegressor,,,,,,5,,,,,,,,False,-0.0003314883864098967,0.008048024958207474,98.0,0.003858268285898789,0.0041897566723086855,0.021006921751273104,1.9844674545084815,1.7123526069678787,1.7618174467589371,98.0,1.737085026863408,0.024732419895529132,0.12400529436443894,1.9844674545084815,0.2527214353768656,0.2716790287303335,98.0,0.26220023205359955,0.009478796676733944,0.04752551416659146,1.9844674545084815,5.697262778891261,5.938200821857491,98.0,5.817731800374376,0.12046902148311515,0.6040167736886147,1.9844674545084815,1.388078690955279,1.4415772001743266,98.0,1.4148279455648027,0.02674925460952384,0.13411745417127383,1.9844674545084815,99.0,0.26262626262626265,0.008348864393681765,0.02156699923713609,98.0,0.014957931815408927,0.006609067421727161,0.033137046620086354,1.9844674545084815,ExtraTreesRegressor,"{'mode': 'original', 'type': 'ExtraTreesRegressor'}",5,"['edges_T2W40', 're_T2W40', 'l1_T2W40', 'l3_T2W40', 'lsc_T2W40']",0.13589202239337117,0.18801882954564197,98.0,0.16195542596950657,0.02606340357613541,0.1306786819183063,1.9844674545084815,2.1755890011657333,2.250171032109091,98.0,2.212880016637412,0.03729101547167869,0.18697253929245689,1.9844674545084815,completed,False,COMPLETE
70,1.8026920910816846,2026-06-12 00:05:00.004845,2026-06-12 00:05:01.741492,0 days 00:00:01.736647,,,,,,,,,,,manhattan,10.0,distance,,KNeighborsRegressor,,,,,,7,12.0,1.0,2.0,20.0,,,ExtraTrees,,-0.043995964251102346,-0.02471775679406979,98.0,-0.03435686052258607,0.009639103728516276,0.048329273896894155,1.9844674545084815,1.7756532537455276,1.8297309284178416,98.0,1.8026920910816846,0.02703883733615691,0.13556938614601285,1.9844674545084815,0.26116278826401557,0.27989908324883966,98.0,0.2705309357564276,0.00936814749241207,0.04697073284187768,1.9844674545084815,5.728028992677082,6.076983895091555,98.0,5.902506443884318,0.1744774512072362,0.8748083603748581,1.9844674545084815,1.4840242890520328,1.5547492960286116,98.0,1.5193867925403222,0.035362503488289475,0.1773032187328153,1.9844674545084815,99.0,0.6666666666666666,-0.06341928517613835,-0.02776876375464051,98.0,-0.045594024465389425,0.017825260710748914,0.08937365251343096,1.9844674545084815,KNeighborsRegressor,"{'mode': 'proxy', 'type': 'ExtraTrees'}",7,"['nodes_T2W40', 'edges_T2W40', 're_T2W40', 'l1_T2W40', 'l3_T2W40', 'lsc_T2W40', 'atd_T2W40']",0.10458118859011448,0.1526400079471776,98.0,0.12861059826864604,0.024029409678531566,0.12048048808716276,1.9844674545084815,2.2378078383746316,2.3155151326524144,98.0,2.276661485513523,0.03885364713889139,0.19480738120013988,1.9844674545084815,completed,True,COMPLETE
71,1.7372590620503419,2026-06-12 00:05:01.753852,2026-06-12 00:05:27.427498,0 days 00:00:25.673646,,,,,,11.0,log2,4.0,2.0,498.0,,,,,ExtraTreesRegressor,,,,,,5,,,,,,,,False,-0.00032758007501002386,0.00785209680872926,98.0,0.003762258366859618,0.004089838441869642,0.02050594410208613,1.9844674545084815,1.7125562053773247,1.761961918723359,98.0,1.7372590620503419,0.02470285667301728,0.12385706802324672,1.9844674545084815,0.25276583752457515,0.2717275448370763,98.0,0.2622466911808257,0.009480853656250583,0.047535827607473505,1.9844674545084815,5.700189827413225,5.941447008081362,98.0,5.820818417747294,0.12062859033406882,0.6048168321712658,1.9844674545084815,1.3864717257404982,1.4394357126024757,98.0,1.412953719171487,0.02648199343098882,0.13277743967789166,1.9844674545084815,99.0,0.2727272727272727,0.008080417067188659,0.02100534078686076,98.0,0.014542878927024711,0.006462461859836052,0.03240198446545031,1.9844674545084815,ExtraTreesRegressor,"{'mode': 'original', 'type': 'ExtraTreesRegressor'}",5,"['edges_T2W40', 're_T2W40', 'l1_T2W40', 'l3_T2W40', 'lsc_T2W40']",0.13388368322379188,0.18645667136865804,98.0,0.16017017729622496,0.026286494072433074,0.13179723007413402,1.9844674545084815,2.176080609165101,2.2506600188913777,98.0,2.2133703140282392,0.037289704863138484,0.1869659680633369,1.9844674545084815,completed,False,COMPLETE
72,1.737810102912785,2026-06-12 00:05:27.439836,2026-06-12 00:05:53.011576,0 days 00:00:25.571740,,,,,,10.0,log2,4.0,2.0,493.0,,,,,ExtraTreesRegressor,,,,,,4,,,,,,,,False,-0.00115252452185462,0.008102804003689014,98.0,0.0034751397409171973,0.004627664262771817,0.02320253624792085,1.9844674545084815,1.7126637661866981,1.762956439638872,98.0,1.737810102912785,0.02514633672608681,0.1260806221581814,1.9844674545084815,0.25240193129984284,0.2712996818468249,98.0,0.26185080657333387,0.009448875273491053,0.04737549195151486,1.9844674545084815,5.648125327449662,5.886097132367821,98.0,5.767111229908742,0.11898590245907975,0.5965805983394223,1.9844674545084815,1.394713907617564,1.4485398254926363,98.0,1.4216268665551002,0.026912958937536136,0.1349382474244066,1.9844674545084815,99.0,0.2828282828282828,0.010219594049184967,0.02403954514428531,98.0,0.017129569596735138,0.00690997554755017,0.03464576274559897,1.9844674545084815,ExtraTreesRegressor,"{'mode': 'original', 'type': 'ExtraTreesRegressor'}",4,"['edges_T2W40', 're_T2W40', 'l1_T2W40', 'lsc_T2W40']",0.13173226697271148,0.185675687547713,98.0,0.15870397726021224,0.026971710287500752,0.1352328194265578,1.9844674545084815,2.1730609655456723,2.2478069183518157,98.0,2.210433941948744,0.0373729764030716,0.18738348126524773,1.9844674545084815,completed,False,COMPLETE
73,1.7378297834956864,2026-06-12 00:05:53.023866,2026-06-12 00:06:18.861463,0 days 00:00:25.837597,,,,,,10.0,log2,4.0,3.0,496.0,,,,,ExtraTreesRegressor,,,,,,4,,,,,,,,False,-0.0011643572308458745,0.008094733030240312,98.0,0.003465187899697219,0.004629545130543093,0.02321196668629376,1.9844674545084815,1.712675923318998,1.7629836436723747,98.0,1.7378297834956864,0.02515386017668833,0.12611834380897088,1.9844674545084815,0.2524056358100834,0.2713055216619919,98.0,0.26185557873603765,0.009449942925954255,0.04738084502891439,1.9844674545084815,5.648101455362941,5.886330522963897,98.0,5.767215989163419,0.11911453380047803,0.5972255399756214,1.9844674545084815,1.394867151105084,1.4485363369264599,98.0,1.421701744015772,0.026834592910687797,0.1345453298583719,1.9844674545084815,99.0,0.2828282828282828,0.010194517364963518,0.024002581926016467,98.0,0.017098549645489992,0.006904032280526474,0.0346159639398261,1.9844674545084815,ExtraTreesRegressor,"{'mode': 'original', 'type': 'ExtraTreesRegressor'}",4,"['edges_T2W40', 're_T2W40', 'l1_T2W40', 'lsc_T2W40']",0.131451273200313,0.18535197621158392,98.0,0.15840162470594846,0.026950351505635458,0.13512572913601367,1.9844674545084815,2.1730935015859854,2.247851630950595,98.0,2.2104725662682903,0.03737906468230507,0.1874140071443048,1.9844674545084815,completed,False,COMPLETE
74,1.7430672625556092,2026-06-12 00:06:18.898216,2026-06-12 00:06:43.940331,0 days 00:00:25.042115,,,,,,9.0,log2,4.0,3.0,499.0,,,,,ExtraTreesRegressor,,,,,,3,,,,,,,,False,-0.001499621212260847,0.002525649522862127,98.0,0.0005130141553006401,0.002012635367561487,0.010091104803208477,1.9844674545084815,1.7186820736341955,1.767452451477023,98.0,1.7430672625556092,0.024385188921413795,0.12226432120695964,1.9844674545084815,0.2538199737865974,0.2728969094364837,98.0,0.26335844161154054,0.009538467824943138,0.04782469792337713,1.9844674545084815,5.721620378851455,5.98985603607359,98.0,5.855738207462522,0.1341178286110679,0.672450204496216,1.9844674545084815,1.3589643351138168,1.4158606864011272,98.0,1.387412510757472,0.02844817564365522,0.142635634107944,1.9844674545084815,99.0,0.26262626262626265,0.0046973643159526676,0.010329882271452819,98.0,0.007513623293702743,0.002816258977750076,0.014120374189729909,1.9844674545084815,ExtraTreesRegressor,"{'mode': 'original', 'type': 'ExtraTreesRegressor'}",3,"['edges_T2W40', 'l1_T2W40', 'lsc_T2W40']",0.13461539389506624,0.18540922332528517,98.0,0.1600123086101757,0.025396914715109468,0.12733698920278347,1.9844674545084815,2.1843575123813674,2.259032362679926,98.0,2.2216949375306467,0.03733742514927919,0.18720523167583536,1.9844674545084815,completed,False,COMPLETE
75,1.7423123014364714,2026-06-12 00:06:43.952955,2026-06-12 00:07:09.020015,0 days 00:00:25.067060,,,,,,10.0,log2,5.0,4.0,483.0,,,,,ExtraTreesRegressor,,,,,,4,,,,,,,,False,-0.002769603163754025,0.004538861729187344,98.0,0.0008846292827166597,0.0036542324464706845,0.01832186951842087,1.9844674545084815,1.7176580245348192,1.7669665783381237,98.0,1.7423123014364714,0.024654276901652176,0.12361349505813725,1.9844674545084815,0.25342020830578416,0.27243801719504435,98.0,0.26292911275041425,0.009508904444630104,0.04767647079098932,1.9844674545084815,5.722442323195767,5.987980732606556,98.0,5.855211527901162,0.13276920470539455,0.6656883710356666,1.9844674545084815,1.4228386123537367,1.471575150561558,98.0,1.4472068814576473,0.024368269103910545,0.12217948733470023,1.9844674545084815,99.0,0.2727272727272727,0.003648442180128635,0.015065321967337435,98.0,0.009356882073733036,0.005708439893604401,0.028621411586825064,1.9844674545084815,ExtraTreesRegressor,"{'mode': 'original', 'type': 'ExtraTreesRegressor'}",4,"['edges_T2W40', 'l1_T2W40', 'l3_T2W40', 'lsc_T2W40']",0.11780672346610607,0.1689137061898416,98.0,0.14336021482797384,0.025553491361867766,0.12812204514368514,1.9844674545084815,2.1819665857946355,2.2566201116829157,98.0,2.2192933487387756,0.03732676294414017,0.18715177269800698,1.9844674545084815,completed,False,COMPLETE
76,1.7553634553042323,2026-06-12 00:07:09.033996,2026-06-12 00:07:10.813968,0 days 00:00:01.779972,,,,0.03143537504477576,0.5353385704656375,,,,,,,,,,ElasticNet,,,,,,3,,,,,,,,False,-0.010679796701091995,-0.0015562125150282626,98.0,-0.006118004608060129,0.004561792093031866,0.02287226133614388,1.9844674545084815,1.727817663180347,1.7829092474281176,98.0,1.7553634553042323,0.02754579212388529,0.13811119474975095,1.9844674545084815,0.25571123640856325,0.2756798768595398,98.0,0.26569555663405153,0.009984320225488294,0.050060146715134396,1.9844674545084815,5.819843398778313,6.1001773791465395,98.0,5.960010388962426,0.14016699018411277,0.7027799524421128,1.9844674545084815,1.3796010455445293,1.4282877799681308,98.0,1.40394441275633,0.02434336721180073,0.12205463232761428,1.9844674545084815,99.0,0.5252525252525253,-0.013482271817451912,-3.803553839110737e-05,98.0,-0.006760153677921509,0.006722118139530402,0.03370386893664569,1.9844674545084815,ElasticNet,"{'mode': 'original', 'type': 'ElasticNet'}",3,"['edges_T2W40', 'pe_T2W40', 'diameter_T2W40']",0.06291871721959497,0.11664168745446779,98.0,0.08978020233703138,0.026861485117436405,0.1346801640568877,1.9844674545084815,2.1981731244292084,2.278090528192768,98.0,2.238131826310988,0.03995870188177962,0.20034798900396605,1.9844674545084815,completed,False,COMPLETE
77,1.766881141076127,2026-06-12 00:07:10.826915,2026-06-12 00:07:12.498729,0 days 00:00:01.671814,,,,,,,,,,,,,,,LinearRegression,,,,,,4,,,,,,,,False,-0.0201237027784235,-0.006100059088815609,98.0,-0.013111880933619554,0.007011821844803945,0.035156407483325,1.9844674545084815,1.7393444185095144,1.7944178636427395,98.0,1.766881141076127,0.027536722566612472,0.13806572111133944,1.9844674545084815,0.2581489520796772,0.2783163018813765,98.0,0.26823262698052686,0.010083674900849665,0.05055829876886437,1.9844674545084815,5.791375372996133,6.03536900778509,98.0,5.913372190390612,0.12199681739447828,0.6116769534250754,1.9844674545084815,1.4443632739952779,1.4939026369730535,98.0,1.4691329554841657,0.02476968148888771,0.12419211938489534,1.9844674545084815,99.0,0.47474747474747475,-0.02230148307836306,0.0042047675845146015,98.0,-0.009048357746924229,0.01325312533143883,0.06644953121918173,1.9844674545084815,LinearRegression,"{'mode': 'original', 'type': 'LinearRegression'}",4,"['nodes_T2W40', 'atd_T2W40', 'density_T2W40', 'diameter_T2W40']",0.07913540961518137,0.12488927378429612,98.0,0.10201234169973875,0.02287693208455737,0.11470210797341478,1.9844674545084815,2.1993146447732284,2.2787360574683606,98.0,2.2390253511207945,0.03971070634756627,0.19910457006837085,1.9844674545084815,completed,False,COMPLETE
78,1.7372145642631003,2026-06-12 00:07:12.510562,2026-06-12 00:07:36.328196,0 days 00:00:23.817634,,,,,,10.0,log2,4.0,5.0,459.0,,,,,ExtraTreesRegressor,,,,,,5,,,,,,,,False,-0.00038058621121412955,0.00794579560703486,98.0,0.0037826046979103655,0.004163190909124495,0.020873724300413597,1.9844674545084815,1.7125008475458254,1.7619282809803751,98.0,1.7372145642631003,0.024713716717274747,0.12391151894194562,1.9844674545084815,0.2527410010976727,0.27169652781287257,98.0,0.26221876445527265,0.009477763357599948,0.04752033323225811,1.9844674545084815,5.697504054259012,5.938261098097222,98.0,5.817882576178117,0.12037852191910531,0.6035630200679704,1.9844674545084815,1.3871214156520482,1.4405708377777346,98.0,1.4138461267148914,0.026724711062843215,0.1339943958638484,1.9844674545084815,99.0,0.2727272727272727,0.00827340494401238,0.0213386516718625,98.0,0.01480602830793744,0.00653262336392506,0.032753765569133654,1.9844674545084815,ExtraTreesRegressor,"{'mode': 'original', 'type': 'ExtraTreesRegressor'}",5,"['edges_T2W40', 're_T2W40', 'l1_T2W40', 'l3_T2W40', 'lsc_T2W40']",0.13447515045158073,0.1864633748339901,98.0,0.1604692626427854,0.02599411219120467,0.13033126348446314,1.9844674545084815,2.1757808384791972,2.2503359087826147,98.0,2.213058373630906,0.037277535151708674,0.18690495063542006,1.9844674545084815,completed,False,COMPLETE
79,1.833709787822507,2026-06-12 00:07:36.340669,2026-06-12 00:07:57.914384,0 days 00:00:21.573715,,,,,,,,,,,,,,,RandomForestRegressor,9.0,,3.0,8.0,241.0,2,,,,,,,,False,-0.06721635409336546,-0.0383687464150506,98.0,-0.05279255025420803,0.014423803839157432,0.07231916846329182,1.9844674545084815,1.8030753698793986,1.8643442057656154,98.0,1.833709787822507,0.030634417943108307,0.1535971825953476,1.9844674545084815,0.2639943310966981,0.2837096038710223,98.0,0.2738519674838602,0.009857636387162062,0.049424969618464556,1.9844674545084815,5.783521498784858,6.114488988959416,98.0,5.949005243872137,0.16548374508727898,0.8297150302622571,1.9844674545084815,1.572334525997234,1.655327402325367,98.0,1.6138309641613005,0.04149643816406648,0.20805800853077874,1.9844674545084815,99.0,0.6666666666666666,-0.09032427718022312,-0.03879307458798717,98.0,-0.06455867588410515,0.025765601296117976,0.12918553811952102,1.9844674545084815,RandomForestRegressor,"{'mode': 'original', 'type': 'RandomForestRegressor'}",2,"['re_T2W40', 'lsc_T2W40']",0.11283196499834,0.17012039871071263,98.0,0.14147618185452632,0.028644216856186323,0.1436185605005157,1.9844674545084815,2.2539626333553673,2.332137024022764,98.0,2.2930498286890657,0.03908719533369831,0.19597836296284846,1.9844674545084815,completed,False,COMPLETE
80,1.7385342958272794,2026-06-12 00:07:57.927370,2026-06-12 00:08:22.010839,0 days 00:00:24.083469,,,,,,7.0,log2,4.0,6.0,459.0,,,,,ExtraTreesRegressor,,,,,,5,,,,,,,,False,-0.0008846776740664242,0.006946939683182352,98.0,0.003031131004557964,0.003915808678624388,0.019633380393781045,1.9844674545084815,1.7138813511572826,1.7631872404972762,98.0,1.7385342958272794,0.024652944669996874,0.1236068154133926,1.9844674545084815,0.2530429849063468,0.27204043108656994,98.0,0.2625417079964584,0.00949872309011155,0.04762542273869864,1.9844674545084815,5.70572441053978,5.948643217516549,98.0,5.827183814028165,0.12145940348838424,0.6089824265691417,1.9844674545084815,1.3887717833278943,1.4401366911830191,98.0,1.4144542372554567,0.025682453927562476,0.12876864749753958,1.9844674545084815,99.0,0.26262626262626265,0.007933455967013326,0.02019988038528852,98.0,0.014066668176150923,0.006133212209137598,0.030751167439590617,1.9844674545084815,ExtraTreesRegressor,"{'mode': 'original', 'type': 'ExtraTreesRegressor'}",5,"['edges_T2W40', 're_T2W40', 'l1_T2W40', 'l3_T2W40', 'lsc_T2W40']",0.13629088040524906,0.1883792477209305,98.0,0.16233506406308978,0.026044183657840732,0.13058231562516315,1.9844674545084815,2.1766340138220355,2.251313483580106,98.0,2.2139737487010707,0.0373397348790352,0.1872168123751566,1.9844674545084815,completed,False,COMPLETE
81,1.73853444417377,2026-06-12 00:08:22.024391,2026-06-12 00:08:45.715747,0 days 00:00:23.691356,,,,,,7.0,log2,4.0,6.0,458.0,,,,,ExtraTreesRegressor,,,,,,5,,,,,,,,False,-0.0008932625875912362,0.006954531372182531,98.0,0.0030306343922956477,0.003923896979886884,0.019673934135921962,1.9844674545084815,1.7138795102885733,1.7631893780589667,98.0,1.73853444417377,0.024654933885196666,0.12361678909237131,1.9844674545084815,0.253041904006813,0.2720395226614272,98.0,0.2625407133341201,0.009498809327307125,0.047625855121331134,1.9844674545084815,5.705627834767366,5.948523731876204,98.0,5.827075783321785,0.12144794855441919,0.6089249929470271,1.9844674545084815,1.3889524345665887,1.4403626752884175,98.0,1.4146575549275031,0.02570512036091447,0.12888229419090313,1.9844674545084815,99.0,0.26262626262626265,0.007932018202213825,0.02022492244311455,98.0,0.014078470322664188,0.006146452120450363,0.03081755071735453,1.9844674545084815,ExtraTreesRegressor,"{'mode': 'original', 'type': 'ExtraTreesRegressor'}",5,"['edges_T2W40', 're_T2W40', 'l1_T2W40', 'l3_T2W40', 'lsc_T2W40']",0.1360790415573044,0.18820275798298777,98.0,0.1621408997701461,0.026061858212841675,0.13067093365788743,1.9844674545084815,2.176617869975448,2.251299731781836,98.0,2.213958800878642,0.037340930903194076,0.18722280909236078,1.9844674545084815,completed,False,COMPLETE
