number,value,datetime_start,datetime_complete,duration,params_dt_max_depth,params_dt_min_samples_leaf,params_dt_min_samples_split,params_elastic_alpha,params_elastic_l1_ratio,params_et_max_depth,params_et_max_features,params_et_min_samples_leaf,params_et_min_samples_split,params_et_n_estimators,params_knn_metric,params_knn_n_neighbors,params_knn_weights,params_quantile_alpha,params_regressor,params_rf_max_depth,params_rf_max_features,params_rf_min_samples_leaf,params_rf_min_samples_split,params_rf_n_estimators,params_rfe_n_features,params_rfe_proxy_et_max_depth,params_rfe_proxy_et_min_samples_leaf,params_rfe_proxy_et_min_samples_split,params_rfe_proxy_et_n_estimators,params_rfe_proxy_lsvr_C,params_rfe_proxy_lsvr_epsilon,params_rfe_proxy_type,params_use_scaler,user_attrs_d2mae_ci_lower_val,user_attrs_d2mae_ci_upper_val,user_attrs_d2mae_df_val,user_attrs_d2mae_mean_val,user_attrs_d2mae_samperror_val,user_attrs_d2mae_std_val,user_attrs_d2mae_t_critical_val,user_attrs_mae_ci_lower_val,user_attrs_mae_ci_upper_val,user_attrs_mae_df_val,user_attrs_mae_mean_val,user_attrs_mae_samperror_val,user_attrs_mae_std_val,user_attrs_mae_t_critical_val,user_attrs_mape_ci_lower_val,user_attrs_mape_ci_upper_val,user_attrs_mape_df_val,user_attrs_mape_mean_val,user_attrs_mape_samperror_val,user_attrs_mape_std_val,user_attrs_mape_t_critical_val,user_attrs_max_error_ci_lower_val,user_attrs_max_error_ci_upper_val,user_attrs_max_error_df_val,user_attrs_max_error_mean_val,user_attrs_max_error_samperror_val,user_attrs_max_error_std_val,user_attrs_max_error_t_critical_val,user_attrs_median_ae_ci_lower_val,user_attrs_median_ae_ci_upper_val,user_attrs_median_ae_df_val,user_attrs_median_ae_mean_val,user_attrs_median_ae_samperror_val,user_attrs_median_ae_std_val,user_attrs_median_ae_t_critical_val,user_attrs_n_splits_val,user_attrs_r2_below_zero_val,user_attrs_r2_ci_lower_val,user_attrs_r2_ci_upper_val,user_attrs_r2_df_val,user_attrs_r2_mean_val,user_attrs_r2_samperror_val,user_attrs_r2_std_val,user_attrs_r2_t_critical_val,user_attrs_regressor_final,user_attrs_rfe_estimator,user_attrs_rfe_n_features,user_attrs_rfe_selected_features,user_attrs_rho_ci_lower_val,user_attrs_rho_ci_upper_val,user_attrs_rho_df_val,user_attrs_rho_mean_val,user_attrs_rho_samperror_val,user_attrs_rho_std_val,user_attrs_rho_t_critical_val,user_attrs_rmse_ci_lower_val,user_attrs_rmse_ci_upper_val,user_attrs_rmse_df_val,user_attrs_rmse_mean_val,user_attrs_rmse_samperror_val,user_attrs_rmse_std_val,user_attrs_rmse_t_critical_val,user_attrs_termination_reason,user_attrs_use_scaler_final,state
169,1.764873957591369,2026-06-12 00:35:38.645207,2026-06-12 00:35:40.402389,0 days 00:00:01.757182,,,,0.27531328127770305,0.21633225930442251,,,,,,,,,,ElasticNet,,,,,,6,,,,,,,,False,-0.016103410537611596,-0.007583653111287583,98.0,-0.01184353182444959,0.004259878713162006,0.021358504991173668,1.9844674545084815,1.7386572063125216,1.7910907088702164,98.0,1.764873957591369,0.02621675127884732,0.1314475483331264,1.9844674545084815,0.2576565179866646,0.27759401307316783,98.0,0.2676252655299162,0.009968747543251635,0.04998206721248331,1.9844674545084815,5.811328365598153,6.0769560767420705,98.0,5.944142221170112,0.1328138555719585,0.6659122449580437,1.9844674545084815,1.3952906827382852,1.4521689700991556,98.0,1.4237298264187204,0.028439143680435194,0.14259034896146341,1.9844674545084815,99.0,0.5858585858585859,-0.023244900294988546,-0.009531223632418442,98.0,-0.016388061963703494,0.006856838331285052,0.03437933931544145,1.9844674545084815,ElasticNet,"{'mode': 'original', 'type': 'ElasticNet'}",6,"['edges_T2W40', 'pe_T2W40', 'l3_T2W40', 'lsc_T2W40', 'diameter_T2W40', 'asp_T2W40']",0.03072150477853836,0.08731919541537804,98.0,0.0590203500969582,0.02829884531841984,0.14188691032690798,1.9844674545084815,2.2092781522198477,2.287453956921386,98.0,2.248366054570617,0.03908790235076892,0.19598190785899416,1.9844674545084815,completed,False,COMPLETE
170,1.7367150245946559,2026-06-12 00:35:40.414503,2026-06-12 00:36:03.729472,0 days 00:00:23.314969,,,,,,14.0,log2,4.0,6.0,446.0,,,,,ExtraTreesRegressor,,,,,,5,,,,,,,,False,-8.916480282214045e-05,0.008248196631096577,98.0,0.004079515914137218,0.004168680716959358,0.020901249517899068,1.9844674545084815,1.7119519220689121,1.7614781271203996,98.0,1.7367150245946559,0.02476310252574369,0.12415913327740026,1.9844674545084815,0.2526599271950377,0.2716331971942737,98.0,0.2621465621946557,0.00948663499961798,0.04756481454806096,1.9844674545084815,5.696918989275476,5.9382305706429275,98.0,5.817574779959202,0.1206557906837262,0.604953211360214,1.9844674545084815,1.387769941110739,1.441146866947587,98.0,1.414458404029163,0.02668846291842419,0.13381265215102803,1.9844674545084815,99.0,0.2727272727272727,0.008706161425302651,0.021804522716041403,98.0,0.015255342070672027,0.006549180645369376,0.03283678173043328,1.9844674545084815,ExtraTreesRegressor,"{'mode': 'original', 'type': 'ExtraTreesRegressor'}",5,"['edges_T2W40', 're_T2W40', 'l1_T2W40', 'l3_T2W40', 'lsc_T2W40']",0.13635807184644624,0.18845505632112866,98.0,0.16240656408378745,0.0260484922373412,0.13060391830987841,1.9844674545084815,2.1752555574830996,2.249879462810429,98.0,2.2125675101467643,0.03731195266366475,0.18707751578349024,1.9844674545084815,completed,False,COMPLETE
171,1.7368020949343013,2026-06-12 00:36:03.743408,2026-06-12 00:36:28.178897,0 days 00:00:24.435489,,,,,,14.0,log2,4.0,6.0,469.0,,,,,ExtraTreesRegressor,,,,,,5,,,,,,,,False,-9.987140167603149e-05,0.008153765869454824,98.0,0.004026947233889396,0.0041268186355654275,0.020691358219437777,1.9844674545084815,1.7120727099890147,1.7615314798795878,98.0,1.7368020949343013,0.02472938494528661,0.12399007749929614,1.9844674545084815,0.25267914565806127,0.27163732098233995,98.0,0.2621582333202006,0.009479087662139334,0.04752697313142399,1.9844674545084815,5.696378102064463,5.937240317842225,98.0,5.816809209953344,0.12043110788888069,0.6038266796164083,1.9844674545084815,1.3861527986744884,1.4395329954422582,98.0,1.4128428970583733,0.026690098383884964,0.13382085217256828,1.9844674545084815,99.0,0.2727272727272727,0.008584507101912449,0.021620922971384123,98.0,0.015102715036648286,0.006518207934735838,0.03268148839012934,1.9844674545084815,ExtraTreesRegressor,"{'mode': 'original', 'type': 'ExtraTreesRegressor'}",5,"['edges_T2W40', 're_T2W40', 'l1_T2W40', 'l3_T2W40', 'lsc_T2W40']",0.1361979977692596,0.1882846314076068,98.0,0.1622413145884332,0.0260433168191736,0.1305779694032998,1.9844674545084815,2.1754505583414283,2.2500100548254385,98.0,2.2127303065834334,0.03727974824200504,0.18691604679644336,1.9844674545084815,completed,False,COMPLETE
172,1.7366775287625067,2026-06-12 00:36:28.195346,2026-06-12 00:36:51.439062,0 days 00:00:23.243716,,,,,,13.0,log2,4.0,6.0,446.0,,,,,ExtraTreesRegressor,,,,,,5,,,,,,,,False,-7.671385323014448e-05,0.00827926240185762,98.0,0.004101274274313738,0.004177988127543882,0.020947915723396947,1.9844674545084815,1.7119092085921641,1.7614458489328493,98.0,1.7366775287625067,0.02476832017034248,0.12418529390208216,1.9844674545084815,0.25265082648046167,0.2716223814115144,98.0,0.26213660394598803,0.00948577746552636,0.04756051497818838,1.9844674545084815,5.697026397801854,5.9383278934421275,98.0,5.817677145621991,0.12065074782013714,0.6049279270658974,1.9844674545084815,1.3879742464409712,1.4413555136247764,98.0,1.4146648800328738,0.026690633591902595,0.1338235356393723,1.9844674545084815,99.0,0.2828282828282828,0.008727910741289377,0.021850364530568295,98.0,0.015289137635928837,0.00656122689463946,0.03289718013435146,1.9844674545084815,ExtraTreesRegressor,"{'mode': 'original', 'type': 'ExtraTreesRegressor'}",5,"['edges_T2W40', 're_T2W40', 'l1_T2W40', 'l3_T2W40', 'lsc_T2W40']",0.13651441745761927,0.18838756952871372,98.0,0.1624509934931665,0.025936576035547214,0.1300427843162686,1.9844674545084815,2.1752180300613824,2.249833351650484,98.0,2.212525690855933,0.03730766079455062,0.18705599688258526,1.9844674545084815,completed,False,COMPLETE
173,1.7366826637054822,2026-06-12 00:36:51.461337,2026-06-12 00:37:14.635723,0 days 00:00:23.174386,,,,,,14.0,log2,4.0,6.0,447.0,,,,,ExtraTreesRegressor,,,,,,5,,,,,,,,False,-7.520851173994925e-05,0.008265221703534007,98.0,0.004095006595897029,0.004170215107636978,0.020908942762977875,1.9844674545084815,1.711933879253415,1.7614314481575495,98.0,1.7366826637054822,0.024748784452067223,0.12408734422689563,1.9844674545084815,0.25265677718934487,0.27162562752905917,98.0,0.262141202359202,0.00948442516985713,0.047553734734959496,1.9844674545084815,5.697076430530416,5.938435503765646,98.0,5.817755967148031,0.12067953661761516,0.6050722705357535,1.9844674545084815,1.3878646157496672,1.4412628521371191,98.0,1.4145637339433932,0.02669911819372599,0.13386607638350975,1.9844674545084815,99.0,0.2727272727272727,0.008727329350026,0.021841540853500548,98.0,0.015284435101763274,0.006557105751737273,0.03287651723355719,1.9844674545084815,ExtraTreesRegressor,"{'mode': 'original', 'type': 'ExtraTreesRegressor'}",5,"['edges_T2W40', 're_T2W40', 'l1_T2W40', 'l3_T2W40', 'lsc_T2W40']",0.13682532340182402,0.1888513423349789,98.0,0.16283833286840146,0.026013009466577457,0.13042601208590154,1.9844674545084815,2.1752249497863603,2.249836798691262,98.0,2.2125308742388112,0.037305924452451115,0.1870472910780552,1.9844674545084815,completed,False,COMPLETE
174,1.7366826637054822,2026-06-12 00:37:14.648400,2026-06-12 00:37:37.989919,0 days 00:00:23.341519,,,,,,14.0,log2,4.0,6.0,447.0,,,,,ExtraTreesRegressor,,,,,,5,,,,,,,,False,-7.520851173994925e-05,0.008265221703534007,98.0,0.004095006595897029,0.004170215107636978,0.020908942762977875,1.9844674545084815,1.711933879253415,1.7614314481575495,98.0,1.7366826637054822,0.024748784452067223,0.12408734422689563,1.9844674545084815,0.25265677718934487,0.27162562752905917,98.0,0.262141202359202,0.00948442516985713,0.047553734734959496,1.9844674545084815,5.697076430530416,5.938435503765646,98.0,5.817755967148031,0.12067953661761516,0.6050722705357535,1.9844674545084815,1.3878646157496672,1.4412628521371191,98.0,1.4145637339433932,0.02669911819372599,0.13386607638350975,1.9844674545084815,99.0,0.2727272727272727,0.008727329350026,0.021841540853500548,98.0,0.015284435101763274,0.006557105751737273,0.03287651723355719,1.9844674545084815,ExtraTreesRegressor,"{'mode': 'original', 'type': 'ExtraTreesRegressor'}",5,"['edges_T2W40', 're_T2W40', 'l1_T2W40', 'l3_T2W40', 'lsc_T2W40']",0.13682532340182402,0.1888513423349789,98.0,0.16283833286840146,0.026013009466577457,0.13042601208590154,1.9844674545084815,2.1752249497863603,2.249836798691262,98.0,2.2125308742388112,0.037305924452451115,0.1870472910780552,1.9844674545084815,completed,False,COMPLETE
175,1.7367150245946559,2026-06-12 00:37:38.002834,2026-06-12 00:38:01.279882,0 days 00:00:23.277048,,,,,,14.0,log2,4.0,6.0,446.0,,,,,ExtraTreesRegressor,,,,,,5,,,,,,,,False,-8.916480282214045e-05,0.008248196631096577,98.0,0.004079515914137218,0.004168680716959358,0.020901249517899068,1.9844674545084815,1.7119519220689121,1.7614781271203996,98.0,1.7367150245946559,0.02476310252574369,0.12415913327740026,1.9844674545084815,0.2526599271950377,0.2716331971942737,98.0,0.2621465621946557,0.00948663499961798,0.04756481454806096,1.9844674545084815,5.696918989275476,5.9382305706429275,98.0,5.817574779959202,0.1206557906837262,0.604953211360214,1.9844674545084815,1.387769941110739,1.441146866947587,98.0,1.414458404029163,0.02668846291842419,0.13381265215102803,1.9844674545084815,99.0,0.2727272727272727,0.008706161425302651,0.021804522716041403,98.0,0.015255342070672027,0.006549180645369376,0.03283678173043328,1.9844674545084815,ExtraTreesRegressor,"{'mode': 'original', 'type': 'ExtraTreesRegressor'}",5,"['edges_T2W40', 're_T2W40', 'l1_T2W40', 'l3_T2W40', 'lsc_T2W40']",0.13635807184644624,0.18845505632112866,98.0,0.16240656408378745,0.0260484922373412,0.13060391830987841,1.9844674545084815,2.1752555574830996,2.249879462810429,98.0,2.2125675101467643,0.03731195266366475,0.18707751578349024,1.9844674545084815,completed,False,COMPLETE
176,1.7376869808087254,2026-06-12 00:38:01.293652,2026-06-12 00:38:24.926899,0 days 00:00:23.633247,,,,,,15.0,log2,4.0,6.0,449.0,,,,,ExtraTreesRegressor,,,,,,4,,,,,,,,False,-0.0011159836402513247,0.008218464335116707,98.0,0.0035512403474326913,0.004667223987684016,0.023400883815746197,1.9844674545084815,1.7124920685135672,1.7628818931038837,98.0,1.7376869808087254,0.025194912295158203,0.12632417405350996,1.9844674545084815,0.25237198915956294,0.2712852065535878,98.0,0.26182859785657536,0.009456608697012434,0.04741426638055434,1.9844674545084815,5.645433531296805,5.882946019783069,98.0,5.764189775539937,0.11875624424313204,0.5954291204495877,1.9844674545084815,1.3947254299776786,1.4492433493209047,98.0,1.4219843896492916,0.02725895967161309,0.13667305231049381,1.9844674545084815,99.0,0.2727272727272727,0.010404688003855718,0.02423573349303837,98.0,0.017320210748447043,0.006915522744591325,0.03467357570546669,1.9844674545084815,ExtraTreesRegressor,"{'mode': 'original', 'type': 'ExtraTreesRegressor'}",4,"['edges_T2W40', 're_T2W40', 'l1_T2W40', 'lsc_T2W40']",0.1318307839091311,0.18500672912194943,98.0,0.15841875651554027,0.026587972606409174,0.13330880615557616,1.9844674545084815,2.1728290716807526,2.2476371869962732,98.0,2.210233129338513,0.037404057657760253,0.18753931883201894,1.9844674545084815,completed,False,COMPLETE
177,1.7913151223047874,2026-06-12 00:38:24.939592,2026-06-12 00:38:50.246290,0 days 00:00:25.306698,,,,,,14.0,log2,1.0,6.0,450.0,,,,,ExtraTreesRegressor,,,,,,5,,,,,,,,False,-0.037696974966184044,-0.017699585518829438,98.0,-0.02769828024250674,0.009998694723677301,0.05013221867116613,1.9844674545084815,1.7633777319833015,1.8192525126262733,98.0,1.7913151223047874,0.027937390321485837,0.14007461967829252,1.9844674545084815,0.2570069103681047,0.2752420832169096,98.0,0.26612449679250716,0.009117586424402446,0.04571445063714209,1.9844674545084815,5.54516755288392,5.822286518334029,98.0,5.683727035608975,0.13855948272505447,0.69472010886451,1.9844674545084815,1.3980059759455976,1.4717062682081083,98.0,1.434856122076853,0.036850146131255264,0.18476207494782776,1.9844674545084815,99.0,0.5959595959595959,-0.042500028330299144,-0.009816068156665341,98.0,-0.026158048243482244,0.016341980086816903,0.0819366669223442,1.9844674545084815,ExtraTreesRegressor,"{'mode': 'original', 'type': 'ExtraTreesRegressor'}",5,"['nodes_T2W40', 'edges_T2W40', 're_T2W40', 'l1_T2W40', 'lsc_T2W40']",0.1056258684703367,0.15702122614372807,98.0,0.13132354730703238,0.02569767883669569,0.1288449833088638,1.9844674545084815,2.2179808477726324,2.2928550028335666,98.0,2.2554179253030995,0.037437077530467225,0.18770487638975897,1.9844674545084815,completed,False,COMPLETE
178,1.736741528757469,2026-06-12 00:38:50.258969,2026-06-12 00:39:13.021665,0 days 00:00:22.762696,,,,,,14.0,log2,4.0,6.0,432.0,,,,,ExtraTreesRegressor,,,,,,5,,,,,,,,False,-0.00012428232054060087,0.008243558094085739,98.0,0.004059637886772569,0.00418392020731317,0.02097765843765989,1.9844674545084815,1.7119935563226545,1.7614895011922835,98.0,1.736741528757469,0.024747972434814452,0.12408327287282335,1.9844674545084815,0.2526602363288571,0.2716287920912612,98.0,0.26214451421005913,0.009484277881202029,0.047552996247860004,1.9844674545084815,5.696573989571454,5.937469133771159,98.0,5.817021561671306,0.12044757209985274,0.6039092291338714,1.9844674545084815,1.388563213134299,1.4421263759405356,98.0,1.4153447945374173,0.0267815814031183,0.13427953671606613,1.9844674545084815,99.0,0.2828282828282828,0.008800299320984944,0.021936946341207787,98.0,0.015368622831096366,0.00656832351011142,0.03293276168659378,1.9844674545084815,ExtraTreesRegressor,"{'mode': 'original', 'type': 'ExtraTreesRegressor'}",5,"['edges_T2W40', 're_T2W40', 'l1_T2W40', 'l3_T2W40', 'lsc_T2W40']",0.13630192304894578,0.18826182087907573,98.0,0.16228187196401075,0.025979948915064967,0.13026025056966195,1.9844674545084815,2.175126604884652,2.249748513018878,98.0,2.212437558951765,0.037310954067112836,0.1870725089438888,1.9844674545084815,completed,False,COMPLETE
179,1.8234405103889424,2026-06-12 00:39:13.034534,2026-06-12 00:39:30.126501,0 days 00:00:17.091967,,,,,,,,,,,,,,,RandomForestRegressor,7.0,,2.0,5.0,171.0,6,,,,,,,,False,-0.058350531214394236,-0.03499918313951811,98.0,-0.04667485717695617,0.011675674037438064,0.05854038553572635,1.9844674545084815,1.7959171921969799,1.850963828580905,98.0,1.8234405103889424,0.02752331819196248,0.13799851323474407,1.9844674545084815,0.262201450906241,0.2808704446967542,98.0,0.2715359478014976,0.00933449689525664,0.0468020129097633,1.9844674545084815,5.962320852368626,6.305016107497575,98.0,6.1336684799331005,0.17134762756447433,0.8591158117375277,1.9844674545084815,1.4761719878242245,1.5523168212285028,98.0,1.5142444045263637,0.03807241670213914,0.19089038841556266,1.9844674545084815,99.0,0.8282828282828283,-0.10902997316765585,-0.06459171841881332,98.0,-0.08681084579323459,0.02221912737442126,0.11140395651636757,1.9844674545084815,RandomForestRegressor,"{'mode': 'original', 'type': 'RandomForestRegressor'}",6,"['re_T2W40', 'l1_T2W40', 'l3_T2W40', 'lsc_T2W40', 'atd_T2W40', 'density_T2W40']",0.07984963358121032,0.13235647670506848,98.0,0.10610305514313939,0.026253421561929075,0.13163140859699013,1.9844674545084815,2.280542742616931,2.3573125971435154,98.0,2.3189276698802233,0.038384927263292255,0.19245727771679086,1.9844674545084815,completed,False,COMPLETE
180,1.7368221889121573,2026-06-12 00:39:30.139247,2026-06-12 00:39:54.385506,0 days 00:00:24.246259,,,,,,13.0,log2,4.0,6.0,466.0,,,,,ExtraTreesRegressor,,,,,,5,,,,,,,,False,-0.0001393672212258489,0.008168044177050318,98.0,0.004014338477912234,0.004153705699138083,0.020826166630705502,1.9844674545084815,1.7120843411158932,1.7615600367084214,98.0,1.7368221889121573,0.024737847796264083,0.12403250918738233,1.9844674545084815,0.25267326092223213,0.2716280487680443,98.0,0.2621506548451382,0.00947739392290607,0.047518480932395975,1.9844674545084815,5.696139539793256,5.936896953595845,98.0,5.81651824669455,0.1203787069012947,0.6035639475457887,1.9844674545084815,1.3865878785068095,1.4400634019304532,98.0,1.4133256402186314,0.02673776171182176,0.13405983020367715,1.9844674545084815,99.0,0.2727272727272727,0.008597352497357016,0.021699437901231536,98.0,0.015148395199294276,0.00655104270193726,0.03284611785175902,1.9844674545084815,ExtraTreesRegressor,"{'mode': 'original', 'type': 'ExtraTreesRegressor'}",5,"['edges_T2W40', 're_T2W40', 'l1_T2W40', 'l3_T2W40', 'lsc_T2W40']",0.1363260080820972,0.18826960062583256,98.0,0.16229780435396488,0.025971796271867686,0.13021937422501806,1.9844674545084815,2.175397210441679,2.2499430706021264,98.0,2.2126701405219027,0.037272930080223705,0.18688186137656573,1.9844674545084815,completed,False,COMPLETE
181,1.736728356620095,2026-06-12 00:39:54.397894,2026-06-12 00:40:17.637832,0 days 00:00:23.239938,,,,,,14.0,log2,4.0,6.0,442.0,,,,,ExtraTreesRegressor,,,,,,5,,,,,,,,False,-0.0001000908132550906,0.008243167680853007,98.0,0.004071538433798958,0.004171629247054049,0.020916033083109384,1.9844674545084815,1.7119662272176075,1.7614904860225826,98.0,1.736728356620095,0.02476212940248748,0.12415425415775293,1.9844674545084815,0.25265965272958585,0.2716316822612071,98.0,0.2621456674953965,0.00948601476581063,0.047561704772463596,1.9844674545084815,5.696285935246358,5.937410596393194,98.0,5.816848265819776,0.1205623305734182,0.6044846139266012,1.9844674545084815,1.3879531582604714,1.4412613107478496,98.0,1.4146072345041605,0.02665407624368906,0.13364024161696966,1.9844674545084815,99.0,0.2727272727272727,0.008769183220346052,0.021865155378988144,98.0,0.015317169299667097,0.006547986079321045,0.032830792324015035,1.9844674545084815,ExtraTreesRegressor,"{'mode': 'original', 'type': 'ExtraTreesRegressor'}",5,"['edges_T2W40', 're_T2W40', 'l1_T2W40', 'l3_T2W40', 'lsc_T2W40']",0.13674923120063814,0.18859848988965883,98.0,0.16267386054514849,0.02592462934451034,0.129982885085018,1.9844674545084815,2.1751869694267425,2.2498109725790663,98.0,2.2124989710029044,0.03731200157616188,0.18707776102470114,1.9844674545084815,completed,False,COMPLETE
182,1.7365351676203662,2026-06-12 00:40:17.650334,2026-06-12 00:40:39.628598,0 days 00:00:21.978264,,,,,,14.0,log2,4.0,6.0,419.0,,,,,ExtraTreesRegressor,,,,,,5,,,,,,,,False,-2.5429847340832472e-05,0.008379708788441655,98.0,0.004177139470550412,0.004202569317891244,0.02107116277151147,1.9844674545084815,1.711783026429294,1.7612873088114385,98.0,1.7365351676203662,0.02475214119107229,0.12410417450109387,1.9844674545084815,0.2526314771956123,0.27159817144061704,98.0,0.26211482431811467,0.009483347122502346,0.04754832953885926,1.9844674545084815,5.695801263307743,5.936338092472452,98.0,5.8160696778900975,0.12026841458235435,0.6030109554999595,1.9844674545084815,1.3875007815579872,1.4413825577095312,98.0,1.4144416696337592,0.02694088807577208,0.13507828066914862,1.9844674545084815,99.0,0.26262626262626265,0.008925948675985482,0.022085557771770452,98.0,0.015505753223877967,0.006579804547892484,0.03299032619001333,1.9844674545084815,ExtraTreesRegressor,"{'mode': 'original', 'type': 'ExtraTreesRegressor'}",5,"['edges_T2W40', 're_T2W40', 'l1_T2W40', 'l3_T2W40', 'lsc_T2W40']",0.137902504938372,0.1900419894500671,98.0,0.16397224719421954,0.026069742255847544,0.13071046327439298,1.9844674545084815,2.1749768719239673,2.249578062795752,98.0,2.2122774673598595,0.03730059543589247,0.18702057204814143,1.9844674545084815,completed,False,COMPLETE
