number,value,datetime_start,datetime_complete,duration,params_dt_max_depth,params_dt_min_samples_leaf,params_dt_min_samples_split,params_elastic_alpha,params_elastic_l1_ratio,params_et_max_depth,params_et_max_features,params_et_min_samples_leaf,params_et_min_samples_split,params_et_n_estimators,params_knn_metric,params_knn_n_neighbors,params_knn_weights,params_quantile_alpha,params_regressor,params_rf_max_depth,params_rf_max_features,params_rf_min_samples_leaf,params_rf_min_samples_split,params_rf_n_estimators,params_rfe_n_features,params_rfe_proxy_et_max_depth,params_rfe_proxy_et_min_samples_leaf,params_rfe_proxy_et_min_samples_split,params_rfe_proxy_et_n_estimators,params_rfe_proxy_lsvr_C,params_rfe_proxy_lsvr_epsilon,params_rfe_proxy_type,params_use_scaler,user_attrs_d2mae_ci_lower_val,user_attrs_d2mae_ci_upper_val,user_attrs_d2mae_df_val,user_attrs_d2mae_mean_val,user_attrs_d2mae_samperror_val,user_attrs_d2mae_std_val,user_attrs_d2mae_t_critical_val,user_attrs_mae_ci_lower_val,user_attrs_mae_ci_upper_val,user_attrs_mae_df_val,user_attrs_mae_mean_val,user_attrs_mae_samperror_val,user_attrs_mae_std_val,user_attrs_mae_t_critical_val,user_attrs_mape_ci_lower_val,user_attrs_mape_ci_upper_val,user_attrs_mape_df_val,user_attrs_mape_mean_val,user_attrs_mape_samperror_val,user_attrs_mape_std_val,user_attrs_mape_t_critical_val,user_attrs_max_error_ci_lower_val,user_attrs_max_error_ci_upper_val,user_attrs_max_error_df_val,user_attrs_max_error_mean_val,user_attrs_max_error_samperror_val,user_attrs_max_error_std_val,user_attrs_max_error_t_critical_val,user_attrs_median_ae_ci_lower_val,user_attrs_median_ae_ci_upper_val,user_attrs_median_ae_df_val,user_attrs_median_ae_mean_val,user_attrs_median_ae_samperror_val,user_attrs_median_ae_std_val,user_attrs_median_ae_t_critical_val,user_attrs_n_splits_val,user_attrs_r2_below_zero_val,user_attrs_r2_ci_lower_val,user_attrs_r2_ci_upper_val,user_attrs_r2_df_val,user_attrs_r2_mean_val,user_attrs_r2_samperror_val,user_attrs_r2_std_val,user_attrs_r2_t_critical_val,user_attrs_regressor_final,user_attrs_rfe_estimator,user_attrs_rfe_n_features,user_attrs_rfe_selected_features,user_attrs_rho_ci_lower_val,user_attrs_rho_ci_upper_val,user_attrs_rho_df_val,user_attrs_rho_mean_val,user_attrs_rho_samperror_val,user_attrs_rho_std_val,user_attrs_rho_t_critical_val,user_attrs_rmse_ci_lower_val,user_attrs_rmse_ci_upper_val,user_attrs_rmse_df_val,user_attrs_rmse_mean_val,user_attrs_rmse_samperror_val,user_attrs_rmse_std_val,user_attrs_rmse_t_critical_val,user_attrs_termination_reason,user_attrs_use_scaler_final,state
82,1.7436163056282743,2026-06-12 00:08:45.756280,2026-06-12 00:09:09.943479,0 days 00:00:24.187199,,,,,,7.0,log2,4.0,6.0,462.0,,,,,ExtraTreesRegressor,,,,,,4,,,,,,,,False,-0.004181204769462317,0.004374975784764856,98.0,9.688550765126948e-05,0.0042780902771135864,0.021449815520357303,1.9844674545084815,1.7188336837899658,1.7683989274665828,98.0,1.7436163056282743,0.024782621838308476,0.12425700069638361,1.9844674545084815,0.2534442674614843,0.2724347631533882,98.0,0.26293951530743626,0.009495247845951972,0.0476079982943128,1.9844674545084815,5.711589719259044,5.976511137302999,98.0,5.8440504282810215,0.13246070902197737,0.6641416118348324,1.9844674545084815,1.4341177676455839,1.479990098143612,98.0,1.457053932894598,0.02293616524901399,0.1149990957338364,1.9844674545084815,99.0,0.30303030303030304,0.0026895603101538467,0.016207371604056886,98.0,0.009448465957105367,0.00675890564695152,0.03388831694884826,1.9844674545084815,ExtraTreesRegressor,"{'mode': 'original', 'type': 'ExtraTreesRegressor'}",4,"['edges_T2W40', 'l1_T2W40', 'l3_T2W40', 'lsc_T2W40']",0.12075418744336955,0.17213835510434636,98.0,0.14644627127385795,0.025692083830488405,0.1288169306397503,1.9844674545084815,2.1816497869588156,2.2564174160618933,98.0,2.2190336015103544,0.03738381455153889,0.18743782240116286,1.9844674545084815,completed,False,COMPLETE
83,1.74015523532326,2026-06-12 00:09:09.955649,2026-06-12 00:09:32.931130,0 days 00:00:22.975481,,,,,,5.0,log2,4.0,6.0,449.0,,,,,ExtraTreesRegressor,,,,,,5,,,,,,,,False,-0.001317560245634018,0.005548043861481937,98.0,0.0021152418079239594,0.0034328020535579775,0.017211644915637973,1.9844674545084815,1.7156251348024245,1.7646853358440957,98.0,1.74015523532326,0.024530100520835596,0.12299089004328972,1.9844674545084815,0.2534798603658944,0.27253210552821416,98.0,0.2630059829470543,0.009526122581159849,0.047762800397950424,1.9844674545084815,5.7209961530673406,5.964734416133136,98.0,5.842865284600238,0.12186913153289736,0.6110367523077403,1.9844674545084815,1.3866463959426112,1.4354551727282863,98.0,1.4110507843354487,0.02440438839283757,0.12236058498202101,1.9844674545084815,99.0,0.25252525252525254,0.006240320312333569,0.017081737095212702,98.0,0.011661028703773136,0.005420708391439566,0.027178761422603875,1.9844674545084815,ExtraTreesRegressor,"{'mode': 'original', 'type': 'ExtraTreesRegressor'}",5,"['edges_T2W40', 're_T2W40', 'l1_T2W40', 'l3_T2W40', 'lsc_T2W40']",0.13036674579987895,0.18207734694684458,98.0,0.15622204637336176,0.025855300573482825,0.12963527920190968,1.9844674545084815,2.17941733678766,2.254128440848258,98.0,2.216772888817959,0.037355552030299013,0.18729611761527307,1.9844674545084815,completed,False,COMPLETE
84,1.7380796780665342,2026-06-12 00:09:32.943790,2026-06-12 00:09:57.651322,0 days 00:00:24.707532,,,,,,8.0,log2,4.0,7.0,479.0,,,,,ExtraTreesRegressor,,,,,,5,,,,,,,,False,-0.0007172198143910479,0.007287795720636987,98.0,0.0032852879531229695,0.004002507767514017,0.02006807890222868,1.9844674545084815,1.7134311842687222,1.7627281718643462,98.0,1.7380796780665342,0.02464849379781197,0.12358449929075685,1.9844674545084815,0.25291298570251874,0.2718771759055335,98.0,0.2623950808040261,0.009482095101507397,0.0475420520604449,1.9844674545084815,5.701379185308465,5.943453319627869,98.0,5.822416252468167,0.12103706715970192,0.6068648844531551,1.9844674545084815,1.3843263168991997,1.4364221066286713,98.0,1.4103742117639355,0.02604789486473582,0.13060092315752014,1.9844674545084815,99.0,0.2727272727272727,0.007762748011716888,0.020406608501934816,98.0,0.014084678256825852,0.006321930245108964,0.03169737633064775,1.9844674545084815,ExtraTreesRegressor,"{'mode': 'original', 'type': 'ExtraTreesRegressor'}",5,"['edges_T2W40', 're_T2W40', 'l1_T2W40', 'l3_T2W40', 'lsc_T2W40']",0.1337903213225725,0.1863664114419177,98.0,0.1600783663822451,0.02628804505967262,0.1318050065323216,1.9844674545084815,2.176629913167015,2.251152969990441,98.0,2.213891441578728,0.037261528411712944,0.1868246948208508,1.9844674545084815,completed,False,COMPLETE
85,1.7378539046294892,2026-06-12 00:09:57.687996,2026-06-12 00:10:22.905955,0 days 00:00:25.217959,,,,,,9.0,log2,4.0,7.0,482.0,,,,,ExtraTreesRegressor,,,,,,4,,,,,,,,False,-0.0011066819663444372,0.008010190675265526,98.0,0.0034517543544605443,0.0045584363208049814,0.02285543590925186,1.9844674545084815,1.712736224504965,1.7629715847540133,98.0,1.7378539046294892,0.02511768012452418,0.12593694150229454,1.9844674545084815,0.25241809445075075,0.271322486122963,98.0,0.2618702902868569,0.009452195836106124,0.047392140841768085,1.9844674545084815,5.648448447889402,5.886335383869948,98.0,5.767391915879675,0.11894346799027324,0.5963678371612692,1.9844674545084815,1.3958411081644553,1.4493658898007233,98.0,1.4226034989825893,0.02676239081813405,0.1341833174965134,1.9844674545084815,99.0,0.2828282828282828,0.01039280214588523,0.023921412583104044,98.0,0.017157107364494637,0.006764305218609406,0.03391538973330309,1.9844674545084815,ExtraTreesRegressor,"{'mode': 'original', 'type': 'ExtraTreesRegressor'}",4,"['edges_T2W40', 're_T2W40', 'l1_T2W40', 'lsc_T2W40']",0.13386558382944524,0.18708497651548972,98.0,0.16047528017246748,0.026609696343022238,0.13341772628408674,1.9844674545084815,2.173073226373687,2.2477666783437003,98.0,2.2104199523586936,0.0373467259850065,0.1872518649158124,1.9844674545084815,completed,False,COMPLETE
86,1.743046515087581,2026-06-12 00:10:22.919015,2026-06-12 00:10:47.702674,0 days 00:00:24.783659,,,,,,9.0,log2,4.0,8.0,487.0,,,,,ExtraTreesRegressor,,,,,,3,,,,,,,,False,-0.001482444729249547,0.0025290633666158837,98.0,0.0005233093186831684,0.0020057540479327153,0.01005660271769537,1.9844674545084815,1.7186719522662073,1.7674210779089545,98.0,1.743046515087581,0.024374562821373548,0.12221104325563087,1.9844674545084815,0.25381943745089447,0.27289300292073754,98.0,0.263356220185816,0.009536782734921518,0.047816249090426526,1.9844674545084815,5.721781293810058,5.990076222815355,98.0,5.855928758312706,0.13414746450264814,0.6725987951911291,1.9844674545084815,1.3588023913347853,1.415580802096505,98.0,1.3871915967156452,0.02838920538085998,0.14233996450393593,1.9844674545084815,99.0,0.2727272727272727,0.004692701790896245,0.010310044441535257,98.0,0.007501373116215751,0.0028086713253195066,0.014082330638910286,1.9844674545084815,ExtraTreesRegressor,"{'mode': 'original', 'type': 'ExtraTreesRegressor'}",3,"['edges_T2W40', 'l1_T2W40', 'lsc_T2W40']",0.13461278561504095,0.18494293717570234,98.0,0.15977786139537165,0.025165075780330688,0.12617457745844876,1.9844674545084815,2.1843721412672332,2.2590469443721783,98.0,2.221709542819706,0.037337401552472484,0.18720511336436507,1.9844674545084815,completed,False,COMPLETE
87,2.273148148148148,2026-06-12 00:10:47.716185,2026-06-12 00:10:47.842605,0 days 00:00:00.126420,18.0,3.0,9.0,,,,,,,,,,,,DecisionTreeRegressor,,,,,,4,,,,,,,,False,,,,,,,,,,,,,,,,,,,,,,,,,,,,,,,,,,,,,,,,,,,,,DecisionTreeRegressor,"{'mode': 'original', 'type': 'DecisionTreeRegressor'}",4,"['edges_T2W40', 'l1_T2W40', 'lcc_T2W40', 'density_T2W40']",,,,,,,,,,,,,,,pruned,False,PRUNED
88,1.7377347778975867,2026-06-12 00:10:47.851890,2026-06-12 00:11:12.840535,0 days 00:00:24.988645,,,,,,10.0,log2,4.0,7.0,478.0,,,,,ExtraTreesRegressor,,,,,,4,,,,,,,,False,-0.0010824009961537865,0.008123171690318037,98.0,0.0035203853470821256,0.004602786343235912,0.023077801436355468,1.9844674545084815,1.7125931664844691,1.7628763893107042,98.0,1.7377347778975867,0.025141611413117583,0.12605693002339682,1.9844674545084815,0.2523965953448423,0.2712950217556424,98.0,0.26184580855024236,0.009449213205400028,0.04737718630030987,1.9844674545084815,5.647530651498575,5.885409454114636,98.0,5.766470052806605,0.1189394013080309,0.5963474473194876,1.9844674545084815,1.394760553274175,1.4487353901078575,98.0,1.4217479716910162,0.02698741841684122,0.13531157804423483,1.9844674545084815,99.0,0.2828282828282828,0.010281751038659019,0.024001494313939234,98.0,0.017141622676299127,0.0068598716376401065,0.034394547938335816,1.9844674545084815,ExtraTreesRegressor,"{'mode': 'original', 'type': 'ExtraTreesRegressor'}",4,"['edges_T2W40', 're_T2W40', 'l1_T2W40', 'lsc_T2W40']",0.13110620722367816,0.18491710948218631,98.0,0.15801165835293224,0.026905451129254083,0.13490060420227223,1.9844674545084815,2.173058402881222,2.247802964190355,98.0,2.2104306835357885,0.037372280654566846,0.1873799928682975,1.9844674545084815,completed,False,COMPLETE
89,1.7376278894927646,2026-06-12 00:11:12.852827,2026-06-12 00:11:35.444977,0 days 00:00:22.592150,,,,,,10.0,log2,4.0,7.0,430.0,,,,,ExtraTreesRegressor,,,,,,4,,,,,,,,False,-0.0010900836035239452,0.008272010099938845,98.0,0.00359096324820745,0.004681046851731395,0.023470189946419837,1.9844674545084815,1.7124006500457014,1.7628551289398278,98.0,1.7376278894927646,0.025227239447063204,0.12648625839482702,1.9844674545084815,0.25236809499042084,0.27128548508226297,98.0,0.2618267900363419,0.00945869504592105,0.047424727075935244,1.9844674545084815,5.644698667515422,5.8817924649361055,98.0,5.763245566225764,0.11854689871034178,0.5943794878407612,1.9844674545084815,1.3958225087086085,1.449579950854015,98.0,1.4227012297813117,0.026878721072703272,0.13476658300479286,1.9844674545084815,99.0,0.2828282828282828,0.010539821183789905,0.024421276990233776,98.0,0.01748054908701184,0.006940727903221935,0.03479995125337885,1.9844674545084815,ExtraTreesRegressor,"{'mode': 'original', 'type': 'ExtraTreesRegressor'}",4,"['edges_T2W40', 're_T2W40', 'l1_T2W40', 'lsc_T2W40']",0.13176958145704604,0.1856064083768984,98.0,0.15868799491697222,0.026918413459926196,0.13496559572503605,1.9844674545084815,2.1726365962873917,2.247477416780977,98.0,2.2100570065341842,0.0374204102467926,0.18762130869088203,1.9844674545084815,completed,False,COMPLETE
90,1.746504478331671,2026-06-12 00:11:35.457488,2026-06-12 00:11:57.730545,0 days 00:00:22.273057,,,,,,11.0,log2,5.0,7.0,437.0,,,,,ExtraTreesRegressor,,,,,,3,,,,,,,,False,-0.003056108371501957,0.0001489090479332249,98.0,-0.0014535996617843659,0.0016025087097175908,0.008034780466671177,1.9844674545084815,1.7221405403878247,1.7708684162755173,98.0,1.746504478331671,0.02436393794384624,0.12215777143383075,1.9844674545084815,0.25448744535430784,0.27358837610989756,98.0,0.2640379107321027,0.009550465377794873,0.047884852169476654,1.9844674545084815,5.748676405842104,6.0191326130681775,98.0,5.8839045094551405,0.1352281036130369,0.6780169860334132,1.9844674545084815,1.347843495882899,1.4062040804556315,98.0,1.3770237881692653,0.029180292286366268,0.14630637640376357,1.9844674545084815,99.0,0.30303030303030304,0.0026033062450721038,0.007552476368397994,98.0,0.005077891306735049,0.002474585061662945,0.01240726343388776,1.9844674545084815,ExtraTreesRegressor,"{'mode': 'original', 'type': 'ExtraTreesRegressor'}",3,"['edges_T2W40', 'l3_T2W40', 'lsc_T2W40']",0.13580052651385802,0.1873742443559865,98.0,0.16158738543492226,0.025786858921064255,0.12929212122178466,1.9844674545084815,2.1870754210066696,2.2617885298271387,98.0,2.224431975416904,0.03735655441023446,0.18730114342429155,1.9844674545084815,completed,False,COMPLETE
91,1.7378536738476391,2026-06-12 00:11:57.743801,2026-06-12 00:12:23.660664,0 days 00:00:25.916863,,,,,,10.0,log2,4.0,7.0,498.0,,,,,ExtraTreesRegressor,,,,,,4,,,,,,,,False,-0.001185942038573033,0.008085710763304912,98.0,0.003449884362365939,0.004635826400938972,0.023243460199169317,1.9844674545084815,1.7127030180245368,1.7630043296707414,98.0,1.7378536738476391,0.02515065582310237,0.12610227757641645,1.9844674545084815,0.25240469452986003,0.27130270444546145,98.0,0.26185369948766074,0.009449004957800686,0.04737614217260356,1.9844674545084815,5.648090805677681,5.886166051940142,98.0,5.7671284288089115,0.11903762313123044,0.5968399193925932,1.9844674545084815,1.3951027778503604,1.4487643065355618,98.0,1.421933542192961,0.026830764342600573,0.13452613389151316,1.9844674545084815,99.0,0.2828282828282828,0.010193375701331706,0.02401586510183227,98.0,0.017104620401581987,0.006911244700250281,0.0346521261202641,1.9844674545084815,ExtraTreesRegressor,"{'mode': 'original', 'type': 'ExtraTreesRegressor'}",4,"['edges_T2W40', 're_T2W40', 'l1_T2W40', 'lsc_T2W40']",0.13151274003967206,0.1857081826525963,98.0,0.15861046134613419,0.027097721306462114,0.13586462309014882,1.9844674545084815,2.1730893235970727,2.2478319477063717,98.0,2.2104606356517222,0.03737131205464962,0.18737513642811238,1.9844674545084815,completed,False,COMPLETE
92,1.7375957516769844,2026-06-12 00:12:23.674375,2026-06-12 00:12:46.770454,0 days 00:00:23.096079,,,,,,10.0,log2,4.0,8.0,437.0,,,,,ExtraTreesRegressor,,,,,,4,,,,,,,,False,-0.0010564788475766135,0.008273193384174041,98.0,0.0036083572682987135,0.004664836115875327,0.023388911321837725,1.9844674545084815,1.7123816223288209,1.762809881025148,98.0,1.7375957516769844,0.02521412934816367,0.1264205259804474,1.9844674545084815,0.25236914461899207,0.27128847888027674,98.0,0.2618288117496344,0.009459667130642356,0.04742960098849706,1.9844674545084815,5.644752928338749,5.882160690256712,98.0,5.763456809297731,0.11870388095898124,0.5951665774193288,1.9844674545084815,1.39566994090793,1.4493833451568214,98.0,1.4225266430323757,0.02685670212444578,0.13465618272160992,1.9844674545084815,99.0,0.2727272727272727,0.010589883776901966,0.024423304187323636,98.0,0.0175065939821128,0.006916710205210836,0.034679529486143654,1.9844674545084815,ExtraTreesRegressor,"{'mode': 'original', 'type': 'ExtraTreesRegressor'}",4,"['edges_T2W40', 're_T2W40', 'l1_T2W40', 'lsc_T2W40']",0.13275438982057253,0.18655673602580436,98.0,0.15965556292318844,0.026901173102615923,0.1348791547058297,1.9844674545084815,2.172611792119449,2.2474529930581975,98.0,2.2100323925888232,0.03742060046937404,0.18762226244337796,1.9844674545084815,completed,False,COMPLETE
93,1.737641784139468,2026-06-12 00:12:46.789118,2026-06-12 00:13:09.709350,0 days 00:00:22.920232,,,,,,10.0,log2,4.0,8.0,433.0,,,,,ExtraTreesRegressor,,,,,,4,,,,,,,,False,-0.0010860463868974067,0.00825143714083621,98.0,0.0035826953769694013,0.004668741763866808,0.02340849375780288,1.9844674545084815,1.712422564853492,1.762861003425444,98.0,1.737641784139468,0.02521921928597591,0.12644604629909675,1.9844674545084815,0.25237773122263507,0.2712962689567959,98.0,0.2618370000897155,0.0094592688670804,0.047427604144256036,1.9844674545084815,5.645174880637211,5.88241467657481,98.0,5.763794778606011,0.11861989796879978,0.5947454970938674,1.9844674545084815,1.3954709587087826,1.4493198332051107,98.0,1.4223953959569466,0.026924437248164106,0.13499579825421784,1.9844674545084815,99.0,0.2828282828282828,0.010524557950034763,0.024373347803303462,98.0,0.017448952876669113,0.0069243949266343495,0.03471805972888807,1.9844674545084815,ExtraTreesRegressor,"{'mode': 'original', 'type': 'ExtraTreesRegressor'}",4,"['edges_T2W40', 're_T2W40', 'l1_T2W40', 'lsc_T2W40']",0.13190155585883062,0.1857922156671487,98.0,0.15884688576298966,0.026945329904159033,0.13510055144730002,1.9844674545084815,2.17267486316057,2.2475170592662583,98.0,2.210095961213414,0.037421098052844035,0.1876247572653537,1.9844674545084815,completed,False,COMPLETE
94,1.7426024351668161,2026-06-12 00:13:09.721797,2026-06-12 00:13:31.995431,0 days 00:00:22.273634,,,,,,11.0,log2,4.0,9.0,437.0,,,,,ExtraTreesRegressor,,,,,,3,,,,,,,,False,-0.0012247009202704848,0.002789742241379545,98.0,0.0007825206605545301,0.002007221580825015,0.010063960746107787,1.9844674545084815,1.7182093201991309,1.7669955501345014,98.0,1.7426024351668161,0.024393114967685304,0.122304061422644,1.9844674545084815,0.25374044252525113,0.2728276568462426,98.0,0.26328404968574687,0.009543607160495753,0.047850465916187045,1.9844674545084815,5.72083844061511,5.988882557330954,98.0,5.854860498973032,0.13402205835792227,0.6719700242921419,1.9844674545084815,1.3606927554635708,1.4171656751593733,98.0,1.388929215311472,0.028236459847901307,0.1415741172937801,1.9844674545084815,99.0,0.24242424242424243,0.005090815420193053,0.010756196479835996,98.0,0.007923505950014524,0.002832690529821471,0.014202759959504355,1.9844674545084815,ExtraTreesRegressor,"{'mode': 'original', 'type': 'ExtraTreesRegressor'}",3,"['edges_T2W40', 'l1_T2W40', 'lsc_T2W40']",0.1363444981007302,0.1866398359602934,98.0,0.1614921670305118,0.025147668929781597,0.12608730166273546,1.9844674545084815,2.1839017324358885,2.258568016676051,98.0,2.22123487455597,0.03733314212008117,0.18718375709717644,1.9844674545084815,completed,False,COMPLETE
95,1.790415263748597,2026-06-12 00:13:32.008299,2026-06-12 00:13:33.730618,0 days 00:00:01.722319,,,,,,,,,,,minkowski,10.0,uniform,,KNeighborsRegressor,,,,,,4,,,,,0.08056595638938338,0.0003372436176216771,LinearSVR,,-0.036995332354517,-0.016040144893417825,98.0,-0.02651773862396741,0.010477593730549588,0.05253335905972837,1.9844674545084815,1.7591485499883592,1.8216819775088349,98.0,1.790415263748597,0.03126671376023782,0.15676743561788836,1.9844674545084815,0.25626494154686474,0.2755968320455485,98.0,0.26593088679620663,0.009665945249341891,0.048463853962461105,1.9844674545084815,5.798256477931666,6.189622309947119,98.0,5.993939393939392,0.19568291600772658,0.9811299381188501,1.9844674545084815,1.4293461108578125,1.5080276265159251,98.0,1.4686868686868688,0.039340757829056376,0.19724969395308217,1.9844674545084815,99.0,0.6363636363636364,-0.06714243229898417,-0.030547949210237083,98.0,-0.04884519075461063,0.018297241544373545,0.0917401060369932,1.9844674545084815,KNeighborsRegressor,"{'mode': 'proxy', 'type': 'LinearSVR'}",4,"['edges_T2W40', 're_T2W40', 'l1_T2W40', 'density_T2W40']",0.054412152653361204,0.10891239245951649,98.0,0.08166227255643885,0.027250119903077647,0.13662873080439042,1.9844674545084815,2.239339137493282,2.323030153397334,98.0,2.281184645445308,0.04184550795202594,0.20980820127344157,1.9844674545084815,completed,True,COMPLETE
96,1.7371456871185162,2026-06-12 00:13:33.743953,2026-06-12 00:13:55.263153,0 days 00:00:21.519200,,,,,,10.0,log2,4.0,8.0,410.0,,,,,ExtraTreesRegressor,,,,,,5,,,,,,,,False,-0.00036255037771960657,0.008001347139089184,98.0,0.0038193983806847887,0.004181948758404395,0.020967773836666953,1.9844674545084815,1.712434863670353,1.7618565105666795,98.0,1.7371456871185162,0.024710823448163267,0.12389701244847025,1.9844674545084815,0.25273649435177087,0.27169648304588184,98.0,0.26221648869882636,0.009479994347055489,0.047531519137451655,1.9844674545084815,5.69818146027676,5.938740527644399,98.0,5.81846099396058,0.12027953368381995,0.6030667052994589,1.9844674545084815,1.386374437999701,1.440388978376482,98.0,1.4133817081880915,0.027007270188390504,0.13541111237144676,1.9844674545084815,99.0,0.26262626262626265,0.00833598230636268,0.02138262995362539,98.0,0.014859306129994036,0.006523323823631355,0.03270713882430052,1.9844674545084815,ExtraTreesRegressor,"{'mode': 'original', 'type': 'ExtraTreesRegressor'}",5,"['edges_T2W40', 're_T2W40', 'l1_T2W40', 'l3_T2W40', 'lsc_T2W40']",0.1357117006306009,0.1875024863543429,98.0,0.1616070934924719,0.025895392861871005,0.12983629697713428,1.9844674545084815,2.175726029869509,2.2502672593246547,98.0,2.212996644597082,0.03727061472757255,0.1868702524847437,1.9844674545084815,completed,False,COMPLETE
