number,value,datetime_start,datetime_complete,duration,params_dt_max_depth,params_dt_min_samples_leaf,params_dt_min_samples_split,params_elastic_alpha,params_elastic_l1_ratio,params_et_max_depth,params_et_max_features,params_et_min_samples_leaf,params_et_min_samples_split,params_et_n_estimators,params_knn_metric,params_knn_n_neighbors,params_knn_weights,params_quantile_alpha,params_regressor,params_rf_max_depth,params_rf_max_features,params_rf_min_samples_leaf,params_rf_min_samples_split,params_rf_n_estimators,params_rfe_n_features,params_rfe_proxy_et_max_depth,params_rfe_proxy_et_min_samples_leaf,params_rfe_proxy_et_min_samples_split,params_rfe_proxy_et_n_estimators,params_rfe_proxy_lsvr_C,params_rfe_proxy_lsvr_epsilon,params_rfe_proxy_type,params_use_scaler,user_attrs_d2mae_ci_lower_val,user_attrs_d2mae_ci_upper_val,user_attrs_d2mae_df_val,user_attrs_d2mae_mean_val,user_attrs_d2mae_samperror_val,user_attrs_d2mae_std_val,user_attrs_d2mae_t_critical_val,user_attrs_mae_ci_lower_val,user_attrs_mae_ci_upper_val,user_attrs_mae_df_val,user_attrs_mae_mean_val,user_attrs_mae_samperror_val,user_attrs_mae_std_val,user_attrs_mae_t_critical_val,user_attrs_mape_ci_lower_val,user_attrs_mape_ci_upper_val,user_attrs_mape_df_val,user_attrs_mape_mean_val,user_attrs_mape_samperror_val,user_attrs_mape_std_val,user_attrs_mape_t_critical_val,user_attrs_max_error_ci_lower_val,user_attrs_max_error_ci_upper_val,user_attrs_max_error_df_val,user_attrs_max_error_mean_val,user_attrs_max_error_samperror_val,user_attrs_max_error_std_val,user_attrs_max_error_t_critical_val,user_attrs_median_ae_ci_lower_val,user_attrs_median_ae_ci_upper_val,user_attrs_median_ae_df_val,user_attrs_median_ae_mean_val,user_attrs_median_ae_samperror_val,user_attrs_median_ae_std_val,user_attrs_median_ae_t_critical_val,user_attrs_n_splits_val,user_attrs_r2_below_zero_val,user_attrs_r2_ci_lower_val,user_attrs_r2_ci_upper_val,user_attrs_r2_df_val,user_attrs_r2_mean_val,user_attrs_r2_samperror_val,user_attrs_r2_std_val,user_attrs_r2_t_critical_val,user_attrs_regressor_final,user_attrs_rfe_estimator,user_attrs_rfe_n_features,user_attrs_rfe_selected_features,user_attrs_rho_ci_lower_val,user_attrs_rho_ci_upper_val,user_attrs_rho_df_val,user_attrs_rho_mean_val,user_attrs_rho_samperror_val,user_attrs_rho_std_val,user_attrs_rho_t_critical_val,user_attrs_rmse_ci_lower_val,user_attrs_rmse_ci_upper_val,user_attrs_rmse_df_val,user_attrs_rmse_mean_val,user_attrs_rmse_samperror_val,user_attrs_rmse_std_val,user_attrs_rmse_t_critical_val,user_attrs_termination_reason,user_attrs_use_scaler_final,state
40,1.7816489927494505,2026-06-11 23:58:35.629205,2026-06-11 23:59:06.754160,0 days 00:00:31.124955,,,,,,,,,,,,,,,RandomForestRegressor,2.0,,1.0,11.0,375.0,6,,,,,,,,True,-0.029434556344047784,-0.013729380481339587,98.0,-0.021581968412693685,0.007852587931354097,0.03937190465241261,1.9844674545084815,1.7534061539688757,1.8098918315300254,98.0,1.7816489927494505,0.028242838780574802,0.14160610047323643,1.9844674545084815,0.25698679815201286,0.2759265213221206,98.0,0.2664566597370667,0.009469861585053871,0.0474807147220308,1.9844674545084815,5.771899068399607,6.080556993592859,98.0,5.926228030996233,0.15432896259662596,0.7737863305164322,1.9844674545084815,1.4743072496517486,1.522663405908716,98.0,1.4984853277802324,0.02417807812848379,0.12122589330739207,1.9844674545084815,99.0,0.5757575757575758,-0.04147578056914182,-0.011391242948588983,98.0,-0.0264335117588654,0.015042268810276418,0.07542007533458298,1.9844674545084815,RandomForestRegressor,"{'mode': 'original', 'type': 'RandomForestRegressor'}",6,"['edges_T2W40', 're_T2W40', 'lcc_T2W40', 'lsc_T2W40', 'atd_T2W40', 'density_T2W40']",0.09490055242129325,0.15326868315420725,98.0,0.12408461778775025,0.029184065366456992,0.14632529416067078,1.9844674545084815,2.217488912221202,2.2975752191269585,98.0,2.2575320656740803,0.04004315345287836,0.200771418736191,1.9844674545084815,completed,True,COMPLETE
41,1.739290215992274,2026-06-11 23:59:06.766745,2026-06-11 23:59:26.221475,0 days 00:00:19.454730,,,,,,17.0,sqrt,3.0,3.0,382.0,,,,,ExtraTreesRegressor,,,,,,6,,,,,,,,True,-0.001890849016100267,0.007338556102738798,98.0,0.0027238535433192655,0.0046147025594195324,0.023137547870461062,1.9844674545084815,1.7136642308983692,1.764916201086179,98.0,1.739290215992274,0.025625985093904888,0.12848551974984226,1.9844674545084815,0.2527887052546273,0.2718830790355092,98.0,0.26233589214506825,0.009547186890440911,0.04786841423937862,1.9844674545084815,5.724701080344641,5.968823349917665,98.0,5.846762215131153,0.12206113478651229,0.6119994328737351,1.9844674545084815,1.3732394632844238,1.4328062073062184,98.0,1.4030228352953211,0.029783372010897407,0.14933014355156407,1.9844674545084815,99.0,0.3838383838383838,-0.001485178696145356,0.012984815953754256,98.0,0.005749818628804451,0.007234997324949807,0.03627538173765647,1.9844674545084815,ExtraTreesRegressor,"{'mode': 'original', 'type': 'ExtraTreesRegressor'}",6,"['edges_T2W40', 're_T2W40', 'pe_T2W40', 'l1_T2W40', 'l3_T2W40', 'lsc_T2W40']",0.1053158358884379,0.1539825671323783,98.0,0.1296492015104081,0.024333365621970186,0.12200448559323536,1.9844674545084815,2.1852642841601972,2.2614267555829595,98.0,2.2233455198715784,0.03808123571138126,0.19093460583713687,1.9844674545084815,completed,True,COMPLETE
42,1.745052309958173,2026-06-11 23:59:26.233765,2026-06-11 23:59:46.232771,0 days 00:00:19.999006,,,,,,18.0,sqrt,4.0,4.0,405.0,,,,,ExtraTreesRegressor,,,,,,7,,,,,,,,True,-0.00413577070006446,0.0028554653538046325,98.0,-0.0006401526731299136,0.003495618026934546,0.017526596436849947,1.9844674545084815,1.7202147299598387,1.7698898899565072,98.0,1.745052309958173,0.024837579998334254,0.12453255411333641,1.9844674545084815,0.2541960970358612,0.27327774916058734,98.0,0.2637369230982243,0.009540826062363082,0.04783652183412573,1.9844674545084815,5.7562780440376775,6.005740837355611,98.0,5.881009440696644,0.12473139665896661,0.6253877956349421,1.9844674545084815,1.3710328385329535,1.4249800448914016,98.0,1.3980064417121776,0.026973603179224138,0.13524231015153942,1.9844674545084815,99.0,0.48484848484848486,-0.005138566347676801,0.00526558675078344,98.0,6.351020155331899e-05,0.0052020765492301205,0.026082568406912643,1.9844674545084815,ExtraTreesRegressor,"{'mode': 'original', 'type': 'ExtraTreesRegressor'}",7,"['edges_T2W40', 're_T2W40', 'pe_T2W40', 'l1_T2W40', 'l2_T2W40', 'l3_T2W40', 'lsc_T2W40']",0.07802800945934751,0.1255990027814675,98.0,0.1018135061204075,0.023785496661059988,0.1192575383855709,1.9844674545084815,2.1921869006049355,2.267469362434435,98.0,2.2298281315196853,0.03764123091474962,0.18872847620815003,1.9844674545084815,completed,True,COMPLETE
43,1.7409557255047452,2026-06-11 23:59:46.245108,2026-06-12 00:00:07.069940,0 days 00:00:20.824832,,,,,,16.0,sqrt,3.0,3.0,408.0,,,,,ExtraTreesRegressor,,,,,,5,,,,,,,,True,-0.003362037262280494,0.00695818030853497,98.0,0.0017980715231272378,0.005160108785407732,0.025872147229826233,1.9844674545084815,1.7148510721493022,1.7670603788601882,98.0,1.7409557255047452,0.026104653355442983,0.13088550320983824,1.9844674545084815,0.25265115828465273,0.2716953349946674,98.0,0.2621732466396601,0.009522088355007341,0.04774257328698888,1.9844674545084815,5.680825300977461,5.917367409551582,98.0,5.799096355264521,0.11827105428706049,0.5929964380198268,1.9844674545084815,1.3674031754890563,1.4266651537820978,98.0,1.397034164635577,0.029630989146520747,0.14856611471682235,1.9844674545084815,99.0,0.37373737373737376,-0.002580274931438948,0.012730140600662986,98.0,0.005074932834612018,0.007655207766050966,0.03838226491624829,1.9844674545084815,ExtraTreesRegressor,"{'mode': 'original', 'type': 'ExtraTreesRegressor'}",5,"['edges_T2W40', 're_T2W40', 'pe_T2W40', 'l1_T2W40', 'lsc_T2W40']",0.09751621977288737,0.14800440181817498,98.0,0.12276031079553118,0.02524409102264381,0.12657075011052668,1.9844674545084815,2.1859680022013817,2.26200366418858,98.0,2.223985833194981,0.03801783099359941,0.19061670242429476,1.9844674545084815,completed,True,COMPLETE
44,1.7641583036839552,2026-06-12 00:00:07.083598,2026-06-12 00:00:26.908656,0 days 00:00:19.825058,,,,,,18.0,sqrt,2.0,3.0,373.0,,,,,ExtraTreesRegressor,,,,,,4,,,,,,,,True,-0.020939802293553206,-0.002488219410576222,98.0,-0.011714010852064714,0.009225791441488492,0.04625697720963855,1.9844674545084815,1.7355320193423607,1.7927845880255497,98.0,1.7641583036839552,0.02862628434159447,0.14352864909030794,1.9844674545084815,0.25416649553084864,0.27317281937894017,98.0,0.2636696574548944,0.009503161924045775,0.04764767850303442,1.9844674545084815,5.6491938318914325,5.880390239548261,98.0,5.7647920357198466,0.11559820382841436,0.5795950964076195,1.9844674545084815,1.4091628564626908,1.4798134770818998,98.0,1.4444881667722953,0.03532531030960454,0.1771167367350708,1.9844674545084815,99.0,0.5353535353535354,-0.028868161551793222,0.00044036851783518793,98.0,-0.014213896516979017,0.014654265034814205,0.07347467239407236,1.9844674545084815,ExtraTreesRegressor,"{'mode': 'original', 'type': 'ExtraTreesRegressor'}",4,"['edges_T2W40', 're_T2W40', 'l1_T2W40', 'lsc_T2W40']",0.09912532206941702,0.15435428175396762,98.0,0.12673980191169232,0.027614479842275306,0.1384555864742225,1.9844674545084815,2.205253076440134,2.2813522719051083,98.0,2.243302674172621,0.03804959773248709,0.19077597692405684,1.9844674545084815,completed,True,COMPLETE
45,1.7405056050830936,2026-06-12 00:00:26.921014,2026-06-12 00:00:33.897656,0 days 00:00:06.976642,,,,,,14.0,sqrt,3.0,4.0,111.0,,,,,ExtraTreesRegressor,,,,,,6,,,,,,,,True,-0.0025794709226964105,0.006613216367839037,98.0,0.0020168727225713134,0.004596343645267724,0.023045498545598272,1.9844674545084815,1.7149233198619112,1.766087890304276,98.0,1.7405056050830936,0.02558228522118236,0.12826641399296382,1.9844674545084815,0.25283465608674055,0.2719002384806421,98.0,0.2623674472836913,0.009532791196950798,0.047796236012728636,1.9844674545084815,5.729655731307591,5.983818303726578,98.0,5.8567370175170845,0.12708128620949394,0.6371698511987706,1.9844674545084815,1.3781462476123538,1.4352860181778442,98.0,1.406716132895099,0.028569885282745115,0.1432458711848691,1.9844674545084815,99.0,0.36363636363636365,-0.0019060431844334265,0.012688836362908826,98.0,0.0053913965892377,0.0072974397736711265,0.036588460452445855,1.9844674545084815,ExtraTreesRegressor,"{'mode': 'original', 'type': 'ExtraTreesRegressor'}",6,"['edges_T2W40', 're_T2W40', 'pe_T2W40', 'l1_T2W40', 'l3_T2W40', 'lsc_T2W40']",0.10573509966592815,0.15433726328332953,98.0,0.13003618147462884,0.024301081808700685,0.12184261854647645,1.9844674545084815,2.1856316683315278,2.2618641922230456,98.0,2.2237479302772867,0.038116261945758706,0.19111022304413888,1.9844674545084815,completed,True,COMPLETE
46,1.8368711159277644,2026-06-12 00:00:33.910655,2026-06-12 00:00:35.499383,0 days 00:00:01.588728,2.0,5.0,16.0,,,,,,,,,,,,DecisionTreeRegressor,,,,,,8,,,,,,,,True,-0.06684157668023362,-0.03965894286896625,98.0,-0.053250259774599934,0.013591316905633682,0.06814518194348415,1.9844674545084815,1.8021078563705843,1.8716343754849445,98.0,1.8368711159277644,0.03476325955718011,0.17429868377880733,1.9844674545084815,0.2630458859861902,0.2828264397667481,98.0,0.27293616287646916,0.00989027689027893,0.04958862506400155,1.9844674545084815,5.895198147782119,6.311510718326502,98.0,6.10335443305431,0.2081562852721913,1.043669868861167,1.9844674545084815,1.4594095203867583,1.528197369589009,98.0,1.4938034449878836,0.03439392460112529,0.17244688398978084,1.9844674545084815,99.0,0.7373737373737373,-0.13559373448253462,-0.07532766992338372,98.0,-0.10546070220295917,0.030133032279575443,0.15108329689151714,1.9844674545084815,DecisionTreeRegressor,"{'mode': 'original', 'type': 'DecisionTreeRegressor'}",8,"['edges_T2W40', 're_T2W40', 'lcc_T2W40', 'lsc_T2W40', 'atd_T2W40', 'density_T2W40', 'diameter_T2W40', 'asp_T2W40']",0.057585073714203086,0.12360238124770494,98.0,0.09059372748095401,0.033008653766750926,0.16550130736134433,1.9844674545084815,2.2905957428525423,2.3871414999764355,98.0,2.338868621414489,0.04827287856194641,0.24203424255202302,1.9844674545084815,completed,True,COMPLETE
47,1.7454946193307372,2026-06-12 00:00:35.511463,2026-06-12 00:00:58.148470,0 days 00:00:22.637007,,,,,,16.0,sqrt,4.0,3.0,457.0,,,,,ExtraTreesRegressor,,,,,,7,,,,,,,,True,-0.004342330664296666,0.0025666688050224127,98.0,-0.0008878309296371262,0.003454499734659539,0.017320434405036514,1.9844674545084815,1.7206405508723566,1.770348687789118,98.0,1.7454946193307372,0.024854068458380712,0.12461522521265926,1.9844674545084815,0.2542521969247048,0.2733298612445175,98.0,0.26379102908461116,0.009538832159906375,0.0478265246538206,1.9844674545084815,5.756245362630092,6.005479247921005,98.0,5.880862305275548,0.12461694264545618,0.6248139373672714,1.9844674545084815,1.3702161894230798,1.4241579993188547,98.0,1.3971870943709672,0.026970904947887453,0.13522878155334392,1.9844674545084815,99.0,0.48484848484848486,-0.005359464087927842,0.004982146820138093,98.0,-0.0001886586338948741,0.005170805454032967,0.02592577900331197,1.9844674545084815,ExtraTreesRegressor,"{'mode': 'original', 'type': 'ExtraTreesRegressor'}",7,"['edges_T2W40', 're_T2W40', 'pe_T2W40', 'l1_T2W40', 'l2_T2W40', 'l3_T2W40', 'lsc_T2W40']",0.07708528091332387,0.12479304169335945,98.0,0.10093916130334166,0.02385388039001779,0.11960040594462781,1.9844674545084815,2.1924691990951626,2.2677568643529167,98.0,2.2301130317240396,0.03764383262887688,0.18874152088099508,1.9844674545084815,completed,True,COMPLETE
48,1.7761434563832585,2026-06-12 00:00:58.161046,2026-06-12 00:00:59.877038,0 days 00:00:01.715992,,,,,,,,,,,,,,,LinearRegression,,,,,,5,,,,,,,,False,-0.02603402629396776,-0.010967607138036288,98.0,-0.018500816716002025,0.007533209577965737,0.03777058109034932,1.9844674545084815,1.7484375353759771,1.80384937739054,98.0,1.7761434563832585,0.027705921007281444,0.13891406116580182,1.9844674545084815,0.2594517705775904,0.2796687062459098,98.0,0.2695602384117501,0.010108467834159692,0.050682607470004595,1.9844674545084815,5.828874838023137,6.071889245038496,98.0,5.950382041530816,0.1215072035076794,0.609222089953815,1.9844674545084815,1.4559002671563845,1.5083138372823892,98.0,1.4821070522193869,0.026206785063002384,0.13139757895953616,1.9844674545084815,99.0,0.5353535353535354,-0.03478449713822427,-0.005538484251156847,98.0,-0.02016149069469056,0.014623006443533712,0.0733179456835633,1.9844674545084815,LinearRegression,"{'mode': 'original', 'type': 'LinearRegression'}",5,"['nodes_T2W40', 'atd_T2W40', 'density_T2W40', 'diameter_T2W40', 'asp_T2W40']",0.07069388200296346,0.11711654140332341,98.0,0.09390521170314343,0.023211329700179976,0.11637873625868596,1.9844674545084815,2.2111322241727467,2.290330846689803,98.0,2.250731535431275,0.03959931125852802,0.1985460488696652,1.9844674545084815,completed,False,COMPLETE
49,1.748077468597945,2026-06-12 00:00:59.889202,2026-06-12 00:01:01.607370,0 days 00:00:01.718168,,,,0.011939005400358266,0.049362154381767054,,,,,,,,,,ElasticNet,,,,,,6,,,,,,,,True,-0.008135848053138396,0.0038903441138437383,98.0,-0.002122751969647329,0.006013096083491067,0.030148920041979256,1.9844674545084815,1.720602822893283,1.775552114302607,98.0,1.748077468597945,0.02747464570466199,0.137754475403402,1.9844674545084815,0.2559836746391491,0.27618590064759535,98.0,0.26608478764337223,0.0101011130042231,0.05064573126237348,1.9844674545084815,5.772374326269553,6.00078217128935,98.0,5.886578248779451,0.11420392250989815,0.5726043423261439,1.9844674545084815,1.4157996263336572,1.4660254423393728,98.0,1.440912534336515,0.025112908002857853,0.1259130146744922,1.9844674545084815,99.0,0.47474747474747475,-0.0113552545751297,0.0071553420115988324,98.0,-0.002099956281765433,0.009255298293364266,0.04640492091543357,1.9844674545084815,ElasticNet,"{'mode': 'original', 'type': 'ElasticNet'}",6,"['nodes_T2W40', 'pe_T2W40', 'lcc_T2W40', 'atd_T2W40', 'density_T2W40', 'diameter_T2W40']",0.09863575827356157,0.14574057490806527,98.0,0.12218816659081343,0.023552408317251857,0.1180888622588943,1.9844674545084815,2.19250111720625,2.2723254977992253,98.0,2.2324133075027377,0.03991219029648763,0.20011478566802673,1.9844674545084815,completed,True,COMPLETE
50,2.373333333333333,2026-06-12 00:01:01.619597,2026-06-12 00:01:01.862655,0 days 00:00:00.243058,,,,,,,,,,,euclidean,1.0,distance,,KNeighborsRegressor,,,,,,10,2.0,5.0,12.0,80.0,,,ExtraTrees,,,,,,,,,,,,,,,,,,,,,,,,,,,,,,,,,,,,,,,,,,,,,,KNeighborsRegressor,"{'mode': 'proxy', 'type': 'ExtraTrees'}",10,"['nodes_T2W40', 'edges_T2W40', 're_T2W40', 'pe_T2W40', 'l1_T2W40', 'l2_T2W40', 'l3_T2W40', 'lcc_T2W40', 'lsc_T2W40', 'density_T2W40']",,,,,,,,,,,,,,,pruned,True,PRUNED
51,1.7395567952859132,2026-06-12 00:01:01.874171,2026-06-12 00:01:14.135580,0 days 00:00:12.261409,,,,,,12.0,sqrt,3.0,2.0,224.0,,,,,ExtraTreesRegressor,,,,,,6,,,,,,,,True,-0.0019895517145028727,0.007092643774523878,98.0,0.002551546030010503,0.0045410977445133754,0.022768502432221192,1.9844674545084815,1.7140629938169727,1.7650505967548538,98.0,1.7395567952859132,0.02549380146894046,0.12782276740320125,1.9844674545084815,0.25283237552546944,0.2719411248265069,98.0,0.26238675017598817,0.0095543746505187,0.047904452779401474,1.9844674545084815,5.731052507593568,5.978476536535843,98.0,5.8547645220647055,0.1237120144711376,0.6202767394259032,1.9844674545084815,1.371851481716823,1.4311155840487093,98.0,1.4014835328827662,0.029632051165943186,0.1485714395508522,1.9844674545084815,99.0,0.36363636363636365,-0.0017062509492515622,0.012411926535619984,98.0,0.005352837793184211,0.007059088742435773,0.03539339786191663,1.9844674545084815,ExtraTreesRegressor,"{'mode': 'original', 'type': 'ExtraTreesRegressor'}",6,"['edges_T2W40', 're_T2W40', 'pe_T2W40', 'l1_T2W40', 'l3_T2W40', 'lsc_T2W40']",0.10566248242257846,0.15352398708971396,98.0,0.1295932347561462,0.023930752333567746,0.11998583236179784,1.9844674545084815,2.1857212661107654,2.261935465054303,98.0,2.223828365582534,0.03810709947176849,0.19106428353279858,1.9844674545084815,completed,True,COMPLETE
52,1.7399756626345946,2026-06-12 00:01:14.147941,2026-06-12 00:01:25.843409,0 days 00:00:11.695468,,,,,,13.0,sqrt,3.0,2.0,215.0,,,,,ExtraTreesRegressor,,,,,,5,,,,,,,,True,-0.0027430506393933715,0.007462937118773088,98.0,0.0023599432396898584,0.00510299387908323,0.02558578015368551,1.9844674545084815,1.713925459041245,1.7660258662279442,98.0,1.7399756626345946,0.026050203593349697,0.13061249883723855,1.9844674545084815,0.252552349569395,0.2715991497362239,98.0,0.26207574965280944,0.009523400083414478,0.04774915013098313,1.9844674545084815,5.6839970328160865,5.918987332330414,98.0,5.80149218257325,0.11749514975716373,0.5891061486734963,1.9844674545084815,1.369881355235789,1.4279322072308804,98.0,1.3989067812333347,0.029025425997545828,0.14552989598601931,1.9844674545084815,99.0,0.37373737373737376,-0.002095364404777063,0.01328360304762828,98.0,0.005594119321425608,0.007689483726202671,0.03855412034107893,1.9844674545084815,ExtraTreesRegressor,"{'mode': 'original', 'type': 'ExtraTreesRegressor'}",5,"['edges_T2W40', 're_T2W40', 'pe_T2W40', 'l1_T2W40', 'lsc_T2W40']",0.10110180102776027,0.15156825148053338,98.0,0.12633502625414683,0.025233225226386557,0.1265162703520123,1.9844674545084815,2.1853812881151904,2.2614363037797642,98.0,2.2234087959474773,0.038027507832286866,0.19066522089660864,1.9844674545084815,completed,True,COMPLETE
53,1.7454654815241095,2026-06-12 00:01:25.855270,2026-06-12 00:01:36.405256,0 days 00:00:10.549986,,,,,,18.0,sqrt,3.0,3.0,192.0,,,,,ExtraTreesRegressor,,,,,,7,,,,,,,,True,-0.005507752010013433,0.0036537598747432413,98.0,-0.000926996067635096,0.004580755942378337,0.02296734373125222,1.9844674545084815,1.7203416374746825,1.7705893255735365,98.0,1.7454654815241095,0.025123844049426986,0.12596784665938154,1.9844674545084815,0.25395629909246203,0.27291437264921353,98.0,0.2634353358708378,0.009479036778375735,0.047526718006526796,1.9844674545084815,5.750555046635658,5.9920710653675515,98.0,5.871313056001605,0.12075800936594627,0.6054657231901032,1.9844674545084815,1.3788029415945502,1.4353267882662566,98.0,1.4070648649304034,0.028261923335853242,0.14170178807295833,1.9844674545084815,99.0,0.5151515151515151,-0.00780340008419796,0.0061777480988603715,98.0,-0.0008128259926687936,0.006990574091529166,0.03504987387640131,1.9844674545084815,ExtraTreesRegressor,"{'mode': 'original', 'type': 'ExtraTreesRegressor'}",7,"['edges_T2W40', 're_T2W40', 'pe_T2W40', 'l1_T2W40', 'l2_T2W40', 'l3_T2W40', 'lsc_T2W40']",0.08354250444434955,0.1318418831823048,98.0,0.10769219381332718,0.024149689368977625,0.12108355557844869,1.9844674545084815,2.1929587133594475,2.267903766810442,98.0,2.2304312400849446,0.037472526725497085,0.1878826142691589,1.9844674545084815,completed,True,COMPLETE
