number,value,datetime_start,datetime_complete,duration,params_dt_max_depth,params_dt_min_samples_leaf,params_dt_min_samples_split,params_elastic_alpha,params_elastic_l1_ratio,params_et_max_depth,params_et_max_features,params_et_min_samples_leaf,params_et_min_samples_split,params_et_n_estimators,params_knn_metric,params_knn_n_neighbors,params_knn_weights,params_quantile_alpha,params_regressor,params_rf_max_depth,params_rf_max_features,params_rf_min_samples_leaf,params_rf_min_samples_split,params_rf_n_estimators,params_rfe_n_features,params_rfe_proxy_et_max_depth,params_rfe_proxy_et_min_samples_leaf,params_rfe_proxy_et_min_samples_split,params_rfe_proxy_et_n_estimators,params_rfe_proxy_lsvr_C,params_rfe_proxy_lsvr_epsilon,params_rfe_proxy_type,params_use_scaler,user_attrs_d2mae_ci_lower_val,user_attrs_d2mae_ci_upper_val,user_attrs_d2mae_df_val,user_attrs_d2mae_mean_val,user_attrs_d2mae_samperror_val,user_attrs_d2mae_std_val,user_attrs_d2mae_t_critical_val,user_attrs_mae_ci_lower_val,user_attrs_mae_ci_upper_val,user_attrs_mae_df_val,user_attrs_mae_mean_val,user_attrs_mae_samperror_val,user_attrs_mae_std_val,user_attrs_mae_t_critical_val,user_attrs_mape_ci_lower_val,user_attrs_mape_ci_upper_val,user_attrs_mape_df_val,user_attrs_mape_mean_val,user_attrs_mape_samperror_val,user_attrs_mape_std_val,user_attrs_mape_t_critical_val,user_attrs_max_error_ci_lower_val,user_attrs_max_error_ci_upper_val,user_attrs_max_error_df_val,user_attrs_max_error_mean_val,user_attrs_max_error_samperror_val,user_attrs_max_error_std_val,user_attrs_max_error_t_critical_val,user_attrs_median_ae_ci_lower_val,user_attrs_median_ae_ci_upper_val,user_attrs_median_ae_df_val,user_attrs_median_ae_mean_val,user_attrs_median_ae_samperror_val,user_attrs_median_ae_std_val,user_attrs_median_ae_t_critical_val,user_attrs_n_splits_val,user_attrs_r2_below_zero_val,user_attrs_r2_ci_lower_val,user_attrs_r2_ci_upper_val,user_attrs_r2_df_val,user_attrs_r2_mean_val,user_attrs_r2_samperror_val,user_attrs_r2_std_val,user_attrs_r2_t_critical_val,user_attrs_regressor_final,user_attrs_rfe_estimator,user_attrs_rfe_n_features,user_attrs_rfe_selected_features,user_attrs_rho_ci_lower_val,user_attrs_rho_ci_upper_val,user_attrs_rho_df_val,user_attrs_rho_mean_val,user_attrs_rho_samperror_val,user_attrs_rho_std_val,user_attrs_rho_t_critical_val,user_attrs_rmse_ci_lower_val,user_attrs_rmse_ci_upper_val,user_attrs_rmse_df_val,user_attrs_rmse_mean_val,user_attrs_rmse_samperror_val,user_attrs_rmse_std_val,user_attrs_rmse_t_critical_val,user_attrs_termination_reason,user_attrs_use_scaler_final,state
255,1.7365146434593683,2026-06-12 01:04:55.769237,2026-06-12 01:05:17.836197,0 days 00:00:22.066960,,,,,,18.0,log2,4.0,7.0,420.0,,,,,ExtraTreesRegressor,,,,,,5,,,,,,,,False,-1.788867789863976e-05,0.008400040042353733,98.0,0.004191075682227546,0.004208964360126186,0.021103226722316393,1.9844674545084815,1.7117490055639806,1.7612802813547561,98.0,1.7365146434593683,0.024765637895387674,0.12417184530721186,1.9844674545084815,0.2526246150819046,0.27159443448406695,98.0,0.26210952478298577,0.009484909701081158,0.047556164114588274,1.9844674545084815,5.6957031646991805,5.936116271036834,98.0,5.815909717868007,0.12020655316882688,0.6027007900237676,1.9844674545084815,1.3876241568905028,1.4414665338849713,98.0,1.414545345387737,0.02692118849723426,0.1349795094188724,1.9844674545084815,99.0,0.2727272727272727,0.008938836942667519,0.022129527612908453,98.0,0.015534182277787986,0.006595345335120468,0.03306824577503581,1.9844674545084815,ExtraTreesRegressor,"{'mode': 'original', 'type': 'ExtraTreesRegressor'}",5,"['edges_T2W40', 're_T2W40', 'l1_T2W40', 'l3_T2W40', 'lsc_T2W40']",0.13755881417350196,0.18944968065027523,98.0,0.1635042474118886,0.025945433238386623,0.13008719323581572,1.9844674545084815,2.1749364973902963,2.249558047717233,98.0,2.2122472725537645,0.0373107751634683,0.18707161194314254,1.9844674545084815,completed,False,COMPLETE
256,1.7438832772166106,2026-06-12 01:05:17.848835,2026-06-12 01:05:19.915775,0 days 00:00:02.066940,,,,,,,,,,,,,,0.4130337733590548,QuantileRegressor,,,,,,5,,,,,,,,False,0.0,0.0,98.0,0.0,0.0,0.0,1.9844674545084815,1.719995778269723,1.7677707761634982,98.0,1.7438832772166106,0.02388749894688759,0.1197689652307129,1.9844674545084815,0.24789241147178304,0.2660773897707454,98.0,0.2569849006212642,0.009092489149481187,0.04558861600480518,1.9844674545084815,5.7246320548658405,6.032943702709917,98.0,5.878787878787879,0.15415582392203803,0.772918234616442,1.9844674545084815,1.087826624519884,1.235405698712439,98.0,1.1616161616161615,0.07378953709627757,0.3699716124540519,1.9844674545084815,99.0,0.98989898989899,-0.025717243343640218,-0.01938655657913475,98.0,-0.022551899961387484,0.003165343382252735,0.015870640217932525,1.9844674545084815,QuantileRegressor,"{'mode': 'original', 'type': 'QuantileRegressor'}",5,"['lsc_T2W40', 'atd_T2W40', 'density_T2W40', 'diameter_T2W40', 'asp_T2W40']",,,,,,,,2.2183731273213967,2.2900971357603845,98.0,2.2542351315408906,0.03586200421949378,0.17980765361908535,1.9844674545084815,completed,False,COMPLETE
257,1.7366797617739813,2026-06-12 01:05:19.928883,2026-06-12 01:05:41.606700,0 days 00:00:21.677817,,,,,,18.0,log2,4.0,7.0,415.0,,,,,ExtraTreesRegressor,,,,,,5,,,,,,,,False,-9.95846206801208e-05,0.008283773715745315,98.0,0.0040920945475325975,0.004191679168212718,0.021016560907954944,1.9844674545084815,1.7119413846841969,1.7614181388637657,98.0,1.7366797617739813,0.024738377089784516,0.12403516299962893,1.9844674545084815,0.25265822881173483,0.27162376344974093,98.0,0.2621409961307379,0.009482767319003044,0.047545422475825876,1.9844674545084815,5.6964254243998065,5.937052704686612,98.0,5.816739064543209,0.12031364014340304,0.6032377108694029,1.9844674545084815,1.3866992519994528,1.4408085156382733,98.0,1.413753883818863,0.027054631819410188,0.13564857773152814,1.9844674545084815,99.0,0.2727272727272727,0.00872345359939506,0.021851184285804227,98.0,0.015287318942599644,0.006563865343204583,0.03291040898912449,1.9844674545084815,ExtraTreesRegressor,"{'mode': 'original', 'type': 'ExtraTreesRegressor'}",5,"['edges_T2W40', 're_T2W40', 'l1_T2W40', 'l3_T2W40', 'lsc_T2W40']",0.1368267851165664,0.18881009406309193,98.0,0.16281843958982917,0.025991654473262776,0.1303189407906816,1.9844674545084815,2.175230374710466,2.2498072796628463,98.0,2.2125188271866563,0.03728845247618987,0.18695968875007613,1.9844674545084815,completed,False,COMPLETE
258,1.7368041621177595,2026-06-12 01:05:41.619989,2026-06-12 01:06:02.685447,0 days 00:00:21.065458,,,,,,17.0,log2,4.0,7.0,401.0,,,,,ExtraTreesRegressor,,,,,,5,,,,,,,,False,-0.00015411137416270967,0.008194560261016047,98.0,0.004020224443426669,0.0041743358175893785,0.02092960349301547,1.9844674545084815,1.712079259309899,1.76152906492562,98.0,1.7368041621177595,0.02472490280786036,0.12396760461660726,1.9844674545084815,0.252680876866626,0.2716439641270215,98.0,0.26216242049682376,0.009481543630197759,0.047539287051506264,1.9844674545084815,5.697769192451023,5.93835648540716,98.0,5.818062838929092,0.12029364647806899,0.6031374651043041,1.9844674545084815,1.386042198679609,1.4400906085913143,98.0,1.4130664036354617,0.02702420495585278,0.13549602120095164,1.9844674545084815,99.0,0.26262626262626265,0.008538097730673034,0.02162718107148199,98.0,0.015082639401077512,0.0065445416704044785,0.03281352248372385,1.9844674545084815,ExtraTreesRegressor,"{'mode': 'original', 'type': 'ExtraTreesRegressor'}",5,"['edges_T2W40', 're_T2W40', 'l1_T2W40', 'l3_T2W40', 'lsc_T2W40']",0.13647795184901765,0.18824744965159143,98.0,0.16236270075030454,0.02588474890128689,0.1297829294752476,1.9844674545084815,2.175471354712214,2.250017460882633,98.0,2.2127444077974237,0.037273053085209264,0.18688247810834963,1.9844674545084815,completed,False,COMPLETE
259,1.7726168942231821,2026-06-12 01:06:02.698337,2026-06-12 01:06:04.366332,0 days 00:00:01.667995,,,,0.15692477610083266,0.26016861594865653,,,,,,,,,,ElasticNet,,,,,,6,,,,,,,,False,-0.021107847582022995,-0.011445721590697813,98.0,-0.016276784586360404,0.00483106299566259,0.024222352337572216,1.9844674545084815,1.7459523937563648,1.7992813946899995,98.0,1.7726168942231821,0.026664500466817283,0.13369250738243038,1.9844674545084815,0.25871836312818575,0.27876085807557716,98.0,0.26873961060188145,0.010021247473695717,0.05024529537035587,1.9844674545084815,5.8490796949581885,6.115012709624068,98.0,5.982046202291128,0.13296650733293958,0.666677622007102,1.9844674545084815,1.406083083302548,1.4600281906737116,98.0,1.4330556369881298,0.026972553685581796,0.13523704812022175,1.9844674545084815,99.0,0.6666666666666666,-0.03322864264727394,-0.01576888799069997,98.0,-0.024498765318986954,0.008729877328286987,0.043770525182429146,1.9844674545084815,ElasticNet,"{'mode': 'original', 'type': 'ElasticNet'}",6,"['nodes_T2W40', 'edges_T2W40', 'pe_T2W40', 'l3_T2W40', 'lsc_T2W40', 'diameter_T2W40']",0.014595728284790239,0.06903164310111444,98.0,0.04181368569295234,0.0272179574081621,0.13646747203285314,1.9844674545084815,2.217522968016603,2.2967461844947565,98.0,2.25713457625568,0.03961160823907667,0.19860770440920283,1.9844674545084815,completed,False,COMPLETE
260,1.7375391133182674,2026-06-12 01:06:04.379418,2026-06-12 01:06:27.122883,0 days 00:00:22.743465,,,,,,16.0,log2,4.0,8.0,434.0,,,,,ExtraTreesRegressor,,,,,,4,,,,,,,,False,-0.0010602010044256996,0.008334394743667936,98.0,0.0036370968696211184,0.004697297874046818,0.023551670562326387,1.9844674545084815,1.7123242660638864,1.7627539605726483,98.0,1.7375391133182674,0.02521484725438091,0.12642412547342752,1.9844674545084815,0.25234660411301474,0.27126501907346817,98.0,0.26180581159324146,0.009459207480226713,0.04742729635816419,1.9844674545084815,5.643703945824961,5.881066234350501,98.0,5.762385090087731,0.1186811442627702,0.5950525784366802,1.9844674545084815,1.3949865379059383,1.4494989130590108,98.0,1.4222427254824745,0.027256187576536174,0.1366591533686405,1.9844674545084815,99.0,0.2727272727272727,0.010611794569997179,0.02450159657647989,98.0,0.017556695573238534,0.006944901003241356,0.0348208746607327,1.9844674545084815,ExtraTreesRegressor,"{'mode': 'original', 'type': 'ExtraTreesRegressor'}",4,"['edges_T2W40', 're_T2W40', 'l1_T2W40', 'lsc_T2W40']",0.1322660999612332,0.18559088294881562,98.0,0.1589284914550244,0.026662391493791217,0.1336819332525228,1.9844674545084815,2.1725478519744845,2.247394322622055,98.0,2.20997108729827,0.03742323532378546,0.18763547327750887,1.9844674545084815,completed,False,COMPLETE
261,1.7761434563832585,2026-06-12 01:06:27.136747,2026-06-12 01:06:28.810714,0 days 00:00:01.673967,,,,,,,,,,,,,,,LinearRegression,,,,,,5,,,,,,,,False,-0.02603402629396776,-0.010967607138036288,98.0,-0.018500816716002025,0.007533209577965737,0.03777058109034932,1.9844674545084815,1.7484375353759771,1.80384937739054,98.0,1.7761434563832585,0.027705921007281444,0.13891406116580182,1.9844674545084815,0.2594517705775904,0.2796687062459098,98.0,0.2695602384117501,0.010108467834159692,0.050682607470004595,1.9844674545084815,5.828874838023137,6.071889245038496,98.0,5.950382041530816,0.1215072035076794,0.609222089953815,1.9844674545084815,1.4559002671563845,1.5083138372823892,98.0,1.4821070522193869,0.026206785063002384,0.13139757895953616,1.9844674545084815,99.0,0.5353535353535354,-0.03478449713822427,-0.005538484251156847,98.0,-0.02016149069469056,0.014623006443533712,0.0733179456835633,1.9844674545084815,LinearRegression,"{'mode': 'original', 'type': 'LinearRegression'}",5,"['nodes_T2W40', 'atd_T2W40', 'density_T2W40', 'diameter_T2W40', 'asp_T2W40']",0.07069388200296346,0.11711654140332341,98.0,0.09390521170314343,0.023211329700179976,0.11637873625868596,1.9844674545084815,2.2111322241727467,2.290330846689803,98.0,2.250731535431275,0.03959931125852802,0.1985460488696652,1.9844674545084815,completed,False,COMPLETE
262,1.736523216941756,2026-06-12 01:06:28.823202,2026-06-12 01:06:50.794790,0 days 00:00:21.971588,,,,,,17.0,log2,4.0,7.0,419.0,,,,,ExtraTreesRegressor,,,,,,5,,,,,,,,False,-2.0419679112070217e-05,0.008388265506968286,98.0,0.004183922913928107,0.0042043425930401775,0.021080053753783384,1.9844674545084815,1.7117707940864402,1.7612756397970717,98.0,1.736523216941756,0.024752422855315797,0.12410558673077361,1.9844674545084815,0.25262970890436504,0.27159653370316955,98.0,0.2621131213037673,0.009483412399402253,0.04754865682916173,1.9844674545084815,5.695778919866292,5.936277683461594,98.0,5.816028301663943,0.12024938179765098,0.6029155274714979,1.9844674545084815,1.3873887406609342,1.4413055526550143,98.0,1.4143471466579742,0.02695840599703998,0.13516611335970843,1.9844674545084815,99.0,0.26262626262626265,0.008900418951580268,0.022080063509305935,98.0,0.015490241230443102,0.006589822278862834,0.03304055385407085,1.9844674545084815,ExtraTreesRegressor,"{'mode': 'original', 'type': 'ExtraTreesRegressor'}",5,"['edges_T2W40', 're_T2W40', 'l1_T2W40', 'l3_T2W40', 'lsc_T2W40']",0.13775157020972517,0.18974577846078317,98.0,0.16374867433525417,0.025997104125528993,0.13034626467311247,1.9844674545084815,2.174993555425069,2.2495908667074533,98.0,2.212292211066261,0.037298655641192134,0.18701084615743452,1.9844674545084815,completed,False,COMPLETE
263,1.736691768019873,2026-06-12 01:06:50.842427,2026-06-12 01:07:12.402896,0 days 00:00:21.560469,,,,,,18.0,log2,4.0,7.0,413.0,,,,,ExtraTreesRegressor,,,,,,5,,,,,,,,False,-0.00010109153896691991,0.008267023262354654,98.0,0.0040829658616938665,0.004184057400660786,0.020978346308136286,1.9844674545084815,1.7119685873899135,1.7614149486498325,98.0,1.736691768019873,0.024723180629959395,0.12395896982961678,1.9844674545084815,0.25266561212285427,0.27162938262064057,98.0,0.2621474973717474,0.009481885248893169,0.04754099988539246,1.9844674545084815,5.696528716405665,5.937094747225266,98.0,5.8168117318154655,0.1202830154098,0.603084162242891,1.9844674545084815,1.3863844968594146,1.440565834884214,98.0,1.4134751658718143,0.02709066901239979,0.1358292637599726,1.9844674545084815,99.0,0.26262626262626265,0.00869557812332531,0.02183037328879313,98.0,0.01526297570605922,0.006567397582733909,0.03292811920124485,1.9844674545084815,ExtraTreesRegressor,"{'mode': 'original', 'type': 'ExtraTreesRegressor'}",5,"['edges_T2W40', 're_T2W40', 'l1_T2W40', 'l3_T2W40', 'lsc_T2W40']",0.13641577258194212,0.18840082567043645,98.0,0.1624082991261893,0.025992526544247163,0.13032331324673654,1.9844674545084815,2.175261249482559,2.2498226404754176,98.0,2.2125419449789883,0.03728069549642951,0.18692079621296792,1.9844674545084815,completed,False,COMPLETE
264,1.7367315304413182,2026-06-12 01:07:12.417551,2026-06-12 01:07:35.184098,0 days 00:00:22.766547,,,,,,17.0,log2,4.0,7.0,438.0,,,,,ExtraTreesRegressor,,,,,,5,,,,,,,,False,-0.0001186883857750053,0.008256080505516992,98.0,0.004068696059870994,0.004187384445645999,0.020995027700191644,1.9844674545084815,1.711966192705165,1.7614968681774714,98.0,1.7367315304413182,0.024765337736153116,0.12417034034593452,1.9844674545084815,0.2526565411312632,0.27162716432026607,98.0,0.2621418527257646,0.00948531159450146,0.04755817915849009,1.9844674545084815,5.6958336744706415,5.936803954541473,98.0,5.816318814506057,0.12048514003541547,0.6040975901162499,1.9844674545084815,1.3884567498376796,1.4418577869807865,98.0,1.415157268409233,0.02670051857155331,0.13387309770473232,1.9844674545084815,99.0,0.2828282828282828,0.008745292197028708,0.02190345307984556,98.0,0.015324372638437134,0.0065790804414084265,0.032986695609662275,1.9844674545084815,ExtraTreesRegressor,"{'mode': 'original', 'type': 'ExtraTreesRegressor'}",5,"['edges_T2W40', 're_T2W40', 'l1_T2W40', 'l3_T2W40', 'lsc_T2W40']",0.13661073944199534,0.18841409067699058,98.0,0.16251241505949296,0.025901675617497615,0.12986779793677303,1.9844674545084815,2.175174370476567,2.249796419152424,98.0,2.2124853948144954,0.037311024337928496,0.1870728612730672,1.9844674545084815,completed,False,COMPLETE
265,1.7365279988236269,2026-06-12 01:07:35.198028,2026-06-12 01:07:57.142115,0 days 00:00:21.944087,,,,,,18.0,log2,4.0,7.0,419.0,,,,,ExtraTreesRegressor,,,,,,5,,,,,,,,False,-2.4527117977001314e-05,0.008386551042202312,98.0,0.004181011962112655,0.004205539080089657,0.021086052791863787,1.9844674545084815,1.7117757941057279,1.7612802035415258,98.0,1.7365279988236269,0.024752204717898883,0.1241044930167452,1.9844674545084815,0.25263024435802045,0.27159701744078896,98.0,0.2621136308994047,0.009483386541384262,0.047548527180257726,1.9844674545084815,5.695778919866292,5.936277683461594,98.0,5.816028301663943,0.12024938179765098,0.6029155274714979,1.9844674545084815,1.3873735511395555,1.4412871639805238,98.0,1.4143303575600397,0.026956806420484158,0.13515809328069872,1.9844674545084815,99.0,0.26262626262626265,0.008898141481159739,0.022078992827723624,98.0,0.015488567154441682,0.006590425673281942,0.03304357919905833,1.9844674545084815,ExtraTreesRegressor,"{'mode': 'original', 'type': 'ExtraTreesRegressor'}",5,"['edges_T2W40', 're_T2W40', 'l1_T2W40', 'l3_T2W40', 'lsc_T2W40']",0.13768133279109188,0.18968287332975683,98.0,0.16368210306042436,0.026000770269332483,0.13036464626470173,1.9844674545084815,2.1749954465162538,2.2495923356583725,98.0,2.212293891087313,0.03729844457105929,0.18700978787789435,1.9844674545084815,completed,False,COMPLETE
266,1.8086468006361307,2026-06-12 01:07:57.154522,2026-06-12 01:08:03.067989,0 days 00:00:05.913467,,,,,,,,,,,,,,,RandomForestRegressor,6.0,,4.0,10.0,50.0,4,,,,,,,,False,-0.05126247179691173,-0.02531548142032331,98.0,-0.03828897660861752,0.01297349518829421,0.06504750026708363,1.9844674545084815,1.7797343084370145,1.8375592928352469,98.0,1.8086468006361307,0.02891249219911609,0.14496365988873772,1.9844674545084815,0.260080867896466,0.2787273873343312,98.0,0.2694041276153986,0.00932325971893259,0.046745671097527565,1.9844674545084815,5.824491042701142,6.126563526320682,98.0,5.975527284510912,0.1510362418097696,0.7572770357462977,1.9844674545084815,1.4660145698782312,1.5522423172070354,98.0,1.5091284435426333,0.04311387366440204,0.216167630079411,1.9844674545084815,99.0,0.7272727272727273,-0.08751697654232121,-0.042920362248348554,98.0,-0.06521866939533488,0.022298307146986333,0.11180095410277908,1.9844674545084815,RandomForestRegressor,"{'mode': 'original', 'type': 'RandomForestRegressor'}",4,"['re_T2W40', 'l1_T2W40', 'lsc_T2W40', 'atd_T2W40']",0.08343740577041556,0.14261907085993603,98.0,0.11302823831517579,0.029590832544760234,0.14836477448230337,1.9844674545084815,2.257549574554708,2.332538049278165,98.0,2.2950438119164365,0.03749423736172852,0.1879914687139763,1.9844674545084815,completed,False,COMPLETE
267,1.7403841399670466,2026-06-12 01:08:03.082417,2026-06-12 01:08:24.295900,0 days 00:00:21.213483,,,,,,18.0,log2,4.0,7.0,405.0,,,,,ExtraTreesRegressor,,,,,,6,,,,,,,,False,-0.0015798677733221789,0.005737991617596425,98.0,0.002079061922137123,0.0036589296954593017,0.0183454209438777,1.9844674545084815,1.7153191915326116,1.7654490884014815,98.0,1.7403841399670466,0.025064948434434898,0.12567255133022578,1.9844674545084815,0.25321624812014976,0.2723053961723034,98.0,0.2627608221462266,0.00954457402607686,0.04785531366062541,1.9844674545084815,5.729416514372911,5.97542447270583,98.0,5.852420493539371,0.12300397916645928,0.616726737980516,1.9844674545084815,1.3758407283869214,1.431477097500763,98.0,1.4036589129438422,0.027818184556920703,0.13947693671854666,1.9844674545084815,99.0,0.3434343434343434,0.0009363344058932223,0.012276489003318028,98.0,0.006606411704605625,0.005670077298712403,0.028429066280855796,1.9844674545084815,ExtraTreesRegressor,"{'mode': 'original', 'type': 'ExtraTreesRegressor'}",6,"['edges_T2W40', 're_T2W40', 'pe_T2W40', 'l1_T2W40', 'l3_T2W40', 'lsc_T2W40']",0.10225962344073325,0.1519671065626665,98.0,0.12711336500169987,0.024853741560966612,0.12461358618945677,1.9844674545084815,2.184786505930479,2.260299256540565,98.0,2.222542881235522,0.037756375305042986,0.18930579593962213,1.9844674545084815,completed,False,COMPLETE
268,1.7649573900811024,2026-06-12 01:08:24.308927,2026-06-12 01:08:46.612698,0 days 00:00:22.303771,,,,,,18.0,,4.0,7.0,415.0,,,,,ExtraTreesRegressor,,,,,,5,,,,,,,,False,-0.021115878061191605,-0.0034860289519159284,98.0,-0.012300953506553768,0.00881492455463784,0.044196941456415464,1.9844674545084815,1.737242259246516,1.7926725209156888,98.0,1.7649573900811024,0.02771513083458644,0.1389602381008056,1.9844674545084815,0.2542302286258668,0.27291080704329135,98.0,0.2635705178345791,0.009340289208712278,0.04683105485301638,1.9844674545084815,5.58604912444063,5.847385904014412,98.0,5.716717514227521,0.13066838978689105,0.6551551448703885,1.9844674545084815,1.3993254088095592,1.4762811502217112,98.0,1.4378032795156352,0.03847787070607595,0.19292328464333994,1.9844674545084815,99.0,0.5252525252525253,-0.02343149552141604,0.00462514123138282,98.0,-0.00940317714501661,0.01402831837639943,0.07033625326804126,1.9844674545084815,ExtraTreesRegressor,"{'mode': 'original', 'type': 'ExtraTreesRegressor'}",5,"['nodes_T2W40', 'edges_T2W40', 're_T2W40', 'l1_T2W40', 'lsc_T2W40']",0.09711740930545779,0.14715548164574205,98.0,0.12213644547559992,0.025019036170142124,0.1254423529156504,1.9844674545084815,2.2003546475785782,2.275592159310178,98.0,2.237973403444378,0.037618755865799824,0.18861578909250798,1.9844674545084815,completed,False,COMPLETE
