number,value,datetime_start,datetime_complete,duration,params_dt_max_depth,params_dt_min_samples_leaf,params_dt_min_samples_split,params_elastic_alpha,params_elastic_l1_ratio,params_et_max_depth,params_et_max_features,params_et_min_samples_leaf,params_et_min_samples_split,params_et_n_estimators,params_knn_metric,params_knn_n_neighbors,params_knn_weights,params_quantile_alpha,params_regressor,params_rf_max_depth,params_rf_max_features,params_rf_min_samples_leaf,params_rf_min_samples_split,params_rf_n_estimators,params_rfe_n_features,params_rfe_proxy_et_max_depth,params_rfe_proxy_et_min_samples_leaf,params_rfe_proxy_et_min_samples_split,params_rfe_proxy_et_n_estimators,params_rfe_proxy_lsvr_C,params_rfe_proxy_lsvr_epsilon,params_rfe_proxy_type,params_use_scaler,user_attrs_d2mae_ci_lower_val,user_attrs_d2mae_ci_upper_val,user_attrs_d2mae_df_val,user_attrs_d2mae_mean_val,user_attrs_d2mae_samperror_val,user_attrs_d2mae_std_val,user_attrs_d2mae_t_critical_val,user_attrs_mae_ci_lower_val,user_attrs_mae_ci_upper_val,user_attrs_mae_df_val,user_attrs_mae_mean_val,user_attrs_mae_samperror_val,user_attrs_mae_std_val,user_attrs_mae_t_critical_val,user_attrs_mape_ci_lower_val,user_attrs_mape_ci_upper_val,user_attrs_mape_df_val,user_attrs_mape_mean_val,user_attrs_mape_samperror_val,user_attrs_mape_std_val,user_attrs_mape_t_critical_val,user_attrs_max_error_ci_lower_val,user_attrs_max_error_ci_upper_val,user_attrs_max_error_df_val,user_attrs_max_error_mean_val,user_attrs_max_error_samperror_val,user_attrs_max_error_std_val,user_attrs_max_error_t_critical_val,user_attrs_median_ae_ci_lower_val,user_attrs_median_ae_ci_upper_val,user_attrs_median_ae_df_val,user_attrs_median_ae_mean_val,user_attrs_median_ae_samperror_val,user_attrs_median_ae_std_val,user_attrs_median_ae_t_critical_val,user_attrs_n_splits_val,user_attrs_r2_below_zero_val,user_attrs_r2_ci_lower_val,user_attrs_r2_ci_upper_val,user_attrs_r2_df_val,user_attrs_r2_mean_val,user_attrs_r2_samperror_val,user_attrs_r2_std_val,user_attrs_r2_t_critical_val,user_attrs_regressor_final,user_attrs_rfe_estimator,user_attrs_rfe_n_features,user_attrs_rfe_selected_features,user_attrs_rho_ci_lower_val,user_attrs_rho_ci_upper_val,user_attrs_rho_df_val,user_attrs_rho_mean_val,user_attrs_rho_samperror_val,user_attrs_rho_std_val,user_attrs_rho_t_critical_val,user_attrs_rmse_ci_lower_val,user_attrs_rmse_ci_upper_val,user_attrs_rmse_df_val,user_attrs_rmse_mean_val,user_attrs_rmse_samperror_val,user_attrs_rmse_std_val,user_attrs_rmse_t_critical_val,user_attrs_termination_reason,user_attrs_use_scaler_final,state
298,1.7367381419671695,2026-06-12 01:17:09.640122,2026-06-12 01:17:30.404826,0 days 00:00:20.764704,,,,,,15.0,log2,4.0,7.0,397.0,,,,,ExtraTreesRegressor,,,,,,5,,,,,,,,False,-0.00011656929049742165,0.008236006531041413,98.0,0.004059718620271996,0.004176287910769417,0.020939391046778506,1.9844674545084815,1.7120062115159465,1.7614700724183925,98.0,1.7367381419671695,0.02473193045122298,0.12400284035122405,1.9844674545084815,0.25267155109987544,0.27163311273830343,98.0,0.26215233191908943,0.009480780819214002,0.04753546241158082,1.9844674545084815,5.698583312262854,5.939667653401602,98.0,5.819125482832228,0.12054217056937451,0.6043835341597856,1.9844674545084815,1.3863672853401172,1.4406486177812012,98.0,1.4135079515606592,0.027140666220542047,0.1360799435777692,1.9844674545084815,99.0,0.2727272727272727,0.008570486855062155,0.02169758244927303,98.0,0.015134034652167592,0.006563547797105436,0.03290881685225857,1.9844674545084815,ExtraTreesRegressor,"{'mode': 'original', 'type': 'ExtraTreesRegressor'}",5,"['edges_T2W40', 're_T2W40', 'l1_T2W40', 'l3_T2W40', 'lsc_T2W40']",0.1368995361462322,0.18855293112994362,98.0,0.1627262336380879,0.025826697491855708,0.12949186688835995,1.9844674545084815,2.175402675044925,2.2499777812826034,98.0,2.212690228163764,0.03728755311883933,0.18695517948355614,1.9844674545084815,completed,False,COMPLETE
299,1.73681373887245,2026-06-12 01:17:30.417353,2026-06-12 01:17:54.029173,0 days 00:00:23.611820,,,,,,18.0,log2,4.0,7.0,453.0,,,,,ExtraTreesRegressor,,,,,,5,,,,,,,,False,-0.00014959763131304916,0.008187331796800628,98.0,0.004018867082743789,0.004168464714056838,0.020900166506061826,1.9844674545084815,1.712069344449448,1.7615581332954522,98.0,1.73681373887245,0.024744394423002074,0.12406533316413704,1.9844674545084815,0.2526790582396151,0.2716471600383603,98.0,0.2621631091389877,0.009484050899372579,0.047551858189041035,1.9844674545084815,5.69695962401263,5.938128340080821,98.0,5.817543982046725,0.12058435803409617,0.6045950568900077,1.9844674545084815,1.3876149916471876,1.4411344921154758,98.0,1.4143747418813317,0.026759750234144133,0.1341700779349846,1.9844674545084815,99.0,0.2727272727272727,0.008532874313699184,0.021690413165556675,98.0,0.01511164373962793,0.006578769425928746,0.03298513621651464,1.9844674545084815,ExtraTreesRegressor,"{'mode': 'original', 'type': 'ExtraTreesRegressor'}",5,"['edges_T2W40', 're_T2W40', 'l1_T2W40', 'l3_T2W40', 'lsc_T2W40']",0.13568136394875333,0.18734372556692988,98.0,0.1615125447578416,0.025831180809088278,0.1295143456864518,1.9844674545084815,2.1754161206795324,2.25002122790423,98.0,2.212718674291881,0.03730255361234898,0.1870303901027003,1.9844674545084815,completed,False,COMPLETE
