number,value,datetime_start,datetime_complete,duration,params_dt_max_depth,params_dt_min_samples_leaf,params_dt_min_samples_split,params_elastic_alpha,params_elastic_l1_ratio,params_et_max_depth,params_et_max_features,params_et_min_samples_leaf,params_et_min_samples_split,params_et_n_estimators,params_knn_metric,params_knn_n_neighbors,params_knn_weights,params_quantile_alpha,params_regressor,params_rf_max_depth,params_rf_max_features,params_rf_min_samples_leaf,params_rf_min_samples_split,params_rf_n_estimators,params_rfe_n_features,params_rfe_proxy_et_max_depth,params_rfe_proxy_et_min_samples_leaf,params_rfe_proxy_et_min_samples_split,params_rfe_proxy_et_n_estimators,params_rfe_proxy_lsvr_C,params_rfe_proxy_lsvr_epsilon,params_rfe_proxy_type,params_use_scaler,user_attrs_d2mae_ci_lower_val,user_attrs_d2mae_ci_upper_val,user_attrs_d2mae_df_val,user_attrs_d2mae_mean_val,user_attrs_d2mae_samperror_val,user_attrs_d2mae_std_val,user_attrs_d2mae_t_critical_val,user_attrs_mae_ci_lower_val,user_attrs_mae_ci_upper_val,user_attrs_mae_df_val,user_attrs_mae_mean_val,user_attrs_mae_samperror_val,user_attrs_mae_std_val,user_attrs_mae_t_critical_val,user_attrs_mape_ci_lower_val,user_attrs_mape_ci_upper_val,user_attrs_mape_df_val,user_attrs_mape_mean_val,user_attrs_mape_samperror_val,user_attrs_mape_std_val,user_attrs_mape_t_critical_val,user_attrs_max_error_ci_lower_val,user_attrs_max_error_ci_upper_val,user_attrs_max_error_df_val,user_attrs_max_error_mean_val,user_attrs_max_error_samperror_val,user_attrs_max_error_std_val,user_attrs_max_error_t_critical_val,user_attrs_median_ae_ci_lower_val,user_attrs_median_ae_ci_upper_val,user_attrs_median_ae_df_val,user_attrs_median_ae_mean_val,user_attrs_median_ae_samperror_val,user_attrs_median_ae_std_val,user_attrs_median_ae_t_critical_val,user_attrs_n_splits_val,user_attrs_r2_below_zero_val,user_attrs_r2_ci_lower_val,user_attrs_r2_ci_upper_val,user_attrs_r2_df_val,user_attrs_r2_mean_val,user_attrs_r2_samperror_val,user_attrs_r2_std_val,user_attrs_r2_t_critical_val,user_attrs_regressor_final,user_attrs_rfe_estimator,user_attrs_rfe_n_features,user_attrs_rfe_selected_features,user_attrs_rho_ci_lower_val,user_attrs_rho_ci_upper_val,user_attrs_rho_df_val,user_attrs_rho_mean_val,user_attrs_rho_samperror_val,user_attrs_rho_std_val,user_attrs_rho_t_critical_val,user_attrs_rmse_ci_lower_val,user_attrs_rmse_ci_upper_val,user_attrs_rmse_df_val,user_attrs_rmse_mean_val,user_attrs_rmse_samperror_val,user_attrs_rmse_std_val,user_attrs_rmse_t_critical_val,user_attrs_termination_reason,user_attrs_use_scaler_final,state
155,1.7366853082599596,2026-06-12 00:31:26.008196,2026-06-12 00:31:48.293263,0 days 00:00:22.285067,,,,,,13.0,log2,4.0,6.0,426.0,,,,,ExtraTreesRegressor,,,,,,5,,,,,,,,False,-0.00011158016000464063,0.008295898296215846,98.0,0.0040921590681056025,0.004203739228110243,0.021077028556650966,1.9844674545084815,1.711926492312787,1.7614441242071321,98.0,1.7366853082599596,0.024758815947172556,0.12413764090262355,1.9844674545084815,0.2526507635905136,0.2716193545960604,98.0,0.262135059093287,0.009484295502773413,0.04755308460023943,1.9844674545084815,5.696609975353012,5.9373205187017914,98.0,5.816965247027402,0.1203552716743896,0.6034464462166369,1.9844674545084815,1.388306216624205,1.4420317429560556,98.0,1.4151689797901303,0.026862763165925303,0.13468657203393755,1.9844674545084815,99.0,0.2727272727272727,0.008757831632544791,0.021933831112098602,98.0,0.015345831372321697,0.006587999739776905,0.03303141586851197,1.9844674545084815,ExtraTreesRegressor,"{'mode': 'original', 'type': 'ExtraTreesRegressor'}",5,"['edges_T2W40', 're_T2W40', 'l1_T2W40', 'l3_T2W40', 'lsc_T2W40']",0.13665610088329683,0.1885296840224151,98.0,0.16259289245285596,0.025936791569559123,0.1300438649771463,1.9844674545084815,2.175150056017234,2.2497661563710025,98.0,2.212458106194118,0.037308050176884246,0.1870579491974459,1.9844674545084815,completed,False,COMPLETE
156,1.7365802183768548,2026-06-12 00:31:48.337327,2026-06-12 00:32:09.981072,0 days 00:00:21.643745,,,,,,13.0,log2,4.0,6.0,414.0,,,,,ExtraTreesRegressor,,,,,,5,,,,,,,,False,-4.807967471153092e-05,0.00834577065838554,98.0,0.004148845491837004,0.004196925166548535,0.021042863694767402,1.9844674545084815,1.7118424978160758,1.7613179389376339,98.0,1.7365802183768548,0.024737720560779042,0.12403187124439725,1.9844674545084815,0.2526424298153118,0.27160504026118204,98.0,0.26212373503824693,0.009481305222935115,0.04753809170697841,1.9844674545084815,5.696346726453917,5.936943183023465,98.0,5.816644954738691,0.12029822828477427,0.6031604377164306,1.9844674545084815,1.3868692608232565,1.4409967119473517,98.0,1.413932986385304,0.02706372556204769,0.13569417263236686,1.9844674545084815,99.0,0.2727272727272727,0.008827330958608805,0.021961775399951856,98.0,0.01539455317928033,0.0065672222206715255,0.03292723995755346,1.9844674545084815,ExtraTreesRegressor,"{'mode': 'original', 'type': 'ExtraTreesRegressor'}",5,"['edges_T2W40', 're_T2W40', 'l1_T2W40', 'l3_T2W40', 'lsc_T2W40']",0.13650575282999453,0.18854465450464422,98.0,0.16252520366731937,0.026019450837324855,0.13045830832213784,1.9844674545084815,2.1751120878644246,2.2496806398511664,98.0,2.2123963638577955,0.037284275993370766,0.18693874838178307,1.9844674545084815,completed,False,COMPLETE
157,1.7405895922372154,2026-06-12 00:32:09.998993,2026-06-12 00:32:32.415678,0 days 00:00:22.416685,,,,,,14.0,log2,4.0,6.0,428.0,,,,,ExtraTreesRegressor,,,,,,6,,,,,,,,False,-0.0017163759067062977,0.0056307675613768765,98.0,0.0019571958273352894,0.003673571734041587,0.018418834314351002,1.9844674545084815,1.7155308868192876,1.7656482976551433,98.0,1.7405895922372154,0.025058705417927853,0.12564124961761747,1.9844674545084815,0.25324953252297816,0.2723349027140411,98.0,0.2627922176185096,0.009542685095531482,0.0478458427965004,1.9844674545084815,5.7291492535498865,5.975122973552864,98.0,5.852136113551375,0.12298686000148858,0.6166409046047108,1.9844674545084815,1.377895201055809,1.4332567115936938,98.0,1.4055759563247514,0.02768075526894233,0.1387878832663556,1.9844674545084815,99.0,0.35353535353535354,0.0009182000558810473,0.012220161941947291,98.0,0.006569180998914169,0.005650980943033122,0.028333319515383593,1.9844674545084815,ExtraTreesRegressor,"{'mode': 'original', 'type': 'ExtraTreesRegressor'}",6,"['edges_T2W40', 're_T2W40', 'pe_T2W40', 'l1_T2W40', 'l3_T2W40', 'lsc_T2W40']",0.10171427378415893,0.15108869744689107,98.0,0.126401485615525,0.02468721183136607,0.12377862672221601,1.9844674545084815,2.1848374227509115,2.2603219411595825,98.0,2.222579681955247,0.03774225920433535,0.1892350195566025,1.9844674545084815,completed,False,COMPLETE
158,1.7375015170026826,2026-06-12 00:32:32.505055,2026-06-12 00:32:54.106577,0 days 00:00:21.601522,,,,,,13.0,log2,4.0,6.0,410.0,,,,,ExtraTreesRegressor,,,,,,4,,,,,,,,False,-0.0010700160264858283,0.008412523099892637,98.0,0.003671253536703404,0.0047412695631892324,0.023772139173114947,1.9844674545084815,1.712201689423237,1.7628013445821282,98.0,1.7375015170026826,0.025299827579445603,0.1268502063126396,1.9844674545084815,0.2523174019472453,0.2712440980601568,98.0,0.26178075000370105,0.009463348056455793,0.04744805669525592,1.9844674545084815,5.642743643132153,5.879636957309078,98.0,5.7611903002206155,0.11844665708846247,0.5938768887468909,1.9844674545084815,1.393793629210801,1.4480607148213573,98.0,1.4209271720160792,0.027133542805278025,0.13604422765468419,1.9844674545084815,99.0,0.29292929292929293,0.010654012315583855,0.024663477562856556,98.0,0.017658744939220206,0.007004732623636351,0.03512086300521022,1.9844674545084815,ExtraTreesRegressor,"{'mode': 'original', 'type': 'ExtraTreesRegressor'}",4,"['edges_T2W40', 're_T2W40', 'l1_T2W40', 'lsc_T2W40']",0.13334201626334782,0.1864743454227609,98.0,0.15990818084305436,0.026566164579706543,0.1331994634069818,1.9844674545084815,2.172398721210152,2.24732706997079,98.0,2.209862895590471,0.03746417438031896,0.1878407366434829,1.9844674545084815,completed,False,COMPLETE
159,1.7777029554807329,2026-06-12 00:32:54.119602,2026-06-12 00:32:55.964790,0 days 00:00:01.845188,,,,,,,,,,,minkowski,15.0,uniform,,KNeighborsRegressor,,,,,,5,2.0,5.0,12.0,80.0,,,ExtraTrees,,-0.027257787674025365,-0.01166785990835675,98.0,-0.019462823791191058,0.007794963882834308,0.03908298480027719,1.9844674545084815,1.7501153213531722,1.8052905896082936,98.0,1.7777029554807329,0.02758763412756073,0.138320985381015,1.9844674545084815,0.25821737317638255,0.2770373761479515,98.0,0.267627374662167,0.009410001485784457,0.047180583587999314,1.9844674545084815,5.776216327139436,6.0729419220188126,98.0,5.924579124579124,0.14836279743968853,0.7438727163356126,1.9844674545084815,1.4354824050987918,1.5113189417025552,98.0,1.4734006734006735,0.03791826830188179,0.19011750740228278,1.9844674545084815,99.0,0.7070707070707071,-0.05051964101137138,-0.022299062754647714,98.0,-0.03640935188300955,0.014110289128361831,0.07074724447995293,1.9844674545084815,KNeighborsRegressor,"{'mode': 'proxy', 'type': 'ExtraTrees'}",5,"['edges_T2W40', 're_T2W40', 'l1_T2W40', 'l3_T2W40', 'lsc_T2W40']",0.04483797498285033,0.09240308471320022,98.0,0.06862052984802527,0.02378255486517494,0.11924278858485482,1.9844674545084815,2.2294672909414404,2.3063843080476225,98.0,2.2679257994945314,0.03845850855309095,0.19282620520305158,1.9844674545084815,completed,True,COMPLETE
160,1.7366170062599746,2026-06-12 00:32:55.978333,2026-06-12 00:33:17.737124,0 days 00:00:21.758791,,,,,,13.0,log2,4.0,6.0,416.0,,,,,ExtraTreesRegressor,,,,,,5,,,,,,,,False,-7.123662841027924e-05,0.008328187722338514,98.0,0.004128475546964118,0.004199712175374397,0.021056837412313324,1.9844674545084815,1.7118737776632127,1.7613602348567365,98.0,1.7366170062599746,0.024743228596761983,0.12405948785556267,1.9844674545084815,0.25264874106155966,0.2716134809149443,98.0,0.262131110988252,0.009482369926692323,0.04754342999993078,1.9844674545084815,5.69658947228883,5.937209806118426,98.0,5.816899639203628,0.1203101669147984,0.6032202965307603,1.9844674545084815,1.3874242780153874,1.441520230800502,98.0,1.4144722544079447,0.027047976392557203,0.1356152082444536,1.9844674545084815,99.0,0.2727272727272727,0.00880682778668904,0.02193956756810713,98.0,0.015373197677398085,0.0065663698907090454,0.032922966480540716,1.9844674545084815,ExtraTreesRegressor,"{'mode': 'original', 'type': 'ExtraTreesRegressor'}",5,"['edges_T2W40', 're_T2W40', 'l1_T2W40', 'l3_T2W40', 'lsc_T2W40']",0.1369451116613943,0.18887393709646852,98.0,0.16290952437893141,0.02596441271753711,0.13018235399682823,1.9844674545084815,2.1751351111735078,2.2497079888734586,98.0,2.212421550023483,0.03728643884997538,0.18694959267728894,1.9844674545084815,completed,False,COMPLETE
161,1.7366797791208237,2026-06-12 00:33:17.750842,2026-06-12 00:33:40.888289,0 days 00:00:23.137447,,,,,,13.0,log2,4.0,6.0,443.0,,,,,ExtraTreesRegressor,,,,,,5,,,,,,,,False,-7.280906634071164e-05,0.008271822132620885,98.0,0.004099506533140087,0.0041723155994807986,0.020919474369286654,1.9844674545084815,1.7119173147192663,1.761442243522381,98.0,1.7366797791208237,0.024762464401557348,0.12415593380165538,1.9844674545084815,0.25264991730905484,0.2716200188730854,98.0,0.2621349680910701,0.009485050782015265,0.0475568714769425,1.9844674545084815,5.696560417217473,5.937665051493692,98.0,5.817112734355582,0.12055231713810965,0.6044344078004608,1.9844674545084815,1.3880109564849168,1.4412972168480283,98.0,1.4146540866664725,0.02664313018155576,0.13358535941528035,1.9844674545084815,99.0,0.2828282828282828,0.008793252106701836,0.021882116995836136,98.0,0.015337684551268986,0.00654443244456715,0.032812974838884915,1.9844674545084815,ExtraTreesRegressor,"{'mode': 'original', 'type': 'ExtraTreesRegressor'}",5,"['edges_T2W40', 're_T2W40', 'l1_T2W40', 'l3_T2W40', 'lsc_T2W40']",0.1367698489683023,0.1886564165564068,98.0,0.16271313276235455,0.025943283794052252,0.13007641618777394,1.9844674545084815,2.175169259198519,2.249776522545231,98.0,2.212472890871875,0.03730363167335612,0.1870357953672518,1.9844674545084815,completed,False,COMPLETE
162,1.7366872686731956,2026-06-12 00:33:40.901889,2026-06-12 00:34:03.966248,0 days 00:00:23.064359,,,,,,13.0,log2,4.0,6.0,442.0,,,,,ExtraTreesRegressor,,,,,,5,,,,,,,,False,-8.577946624832317e-05,0.008276354642727923,98.0,0.0040952875882398,0.004181067054488123,0.020963353082282973,1.9844674545084815,1.7119202124611603,1.7614543248852308,98.0,1.7366872686731956,0.024767056212035135,0.1241789565714599,1.9844674545084815,0.2526502708281635,0.27162058654254184,98.0,0.26213542868535267,0.009485157857189161,0.04755740833862099,1.9844674545084815,5.696393878147098,5.937507714059275,98.0,5.816950796103186,0.12055691795608901,0.6044574757327641,1.9844674545084815,1.3881169031698557,1.4414193791845118,98.0,1.4147681411771837,0.02665123800732803,0.1336260110508984,1.9844674545084815,99.0,0.2828282828282828,0.008791947604783775,0.021911760987723884,98.0,0.01535185429625383,0.006559906691470056,0.03289056079894739,1.9844674545084815,ExtraTreesRegressor,"{'mode': 'original', 'type': 'ExtraTreesRegressor'}",5,"['edges_T2W40', 're_T2W40', 'l1_T2W40', 'l3_T2W40', 'lsc_T2W40']",0.13683968269887667,0.18875714289925674,98.0,0.1627984127990667,0.025958730100190047,0.13015386205629595,1.9844674545084815,2.1751485850445387,2.2497636246981405,98.0,2.2124561048713396,0.03730751982680104,0.18705529008772426,1.9844674545084815,completed,False,COMPLETE
163,1.7366213330810807,2026-06-12 00:34:03.979082,2026-06-12 00:34:25.720556,0 days 00:00:21.741474,,,,,,14.0,log2,4.0,6.0,414.0,,,,,ExtraTreesRegressor,,,,,,5,,,,,,,,False,-6.232738760181353e-05,0.008311889994998423,98.0,0.004124781303698305,0.004187108691300119,0.02099364510200766,1.9844674545084815,1.7118901094786334,1.761352556683528,98.0,1.7366213330810807,0.024731223602447314,0.1239992962988884,1.9844674545084815,0.2526522564608685,0.2716162759570841,98.0,0.2621342662089763,0.009482009748107832,0.04754162410905628,1.9844674545084815,5.696308826356846,5.936920964470426,98.0,5.816614895413636,0.12030606905678996,0.6031997503775433,1.9844674545084815,1.3867410496483157,1.4408521524832956,98.0,1.4137966010658056,0.02705555141749002,0.13565318848256133,1.9844674545084815,99.0,0.2727272727272727,0.008796508276364936,0.021906123827478235,98.0,0.015351316051921585,0.006554807775556649,0.032864995465209226,1.9844674545084815,ExtraTreesRegressor,"{'mode': 'original', 'type': 'ExtraTreesRegressor'}",5,"['edges_T2W40', 're_T2W40', 'l1_T2W40', 'l3_T2W40', 'lsc_T2W40']",0.13656776308987645,0.18861486162820323,98.0,0.16259131235903984,0.026023549269163396,0.13047885735246798,1.9844674545084815,2.175160498097464,2.2497365591707017,98.0,2.212448528634083,0.037288030536618666,0.18695757319725306,1.9844674545084815,completed,False,COMPLETE
164,1.7367207743184068,2026-06-12 00:34:25.733246,2026-06-12 00:34:48.798273,0 days 00:00:23.065027,,,,,,14.0,log2,4.0,6.0,443.0,,,,,ExtraTreesRegressor,,,,,,5,,,,,,,,False,-8.708752717529866e-05,0.008238709504232684,98.0,0.004075810988528692,0.004162898515703991,0.020872258275967424,1.9844674545084815,1.7119632185693592,1.7614783300674544,98.0,1.7367207743184068,0.02475755574904757,0.12413132242509058,1.9844674545084815,0.252659277415304,0.27163109016204784,98.0,0.2621451837886759,0.009485906373371907,0.04756116130618219,1.9844674545084815,5.696452704106858,5.937568166928156,98.0,5.817010435517507,0.1205577314106489,0.6044615542933165,1.9844674545084815,1.3878288479857732,1.441116308952816,98.0,1.4144725784692946,0.02664373048352139,0.13358836925508857,1.9844674545084815,99.0,0.2727272727272727,0.008770624083848162,0.021835623531102306,98.0,0.015303123807475234,0.006532499723627071,0.03275314565197181,1.9844674545084815,ExtraTreesRegressor,"{'mode': 'original', 'type': 'ExtraTreesRegressor'}",5,"['edges_T2W40', 're_T2W40', 'l1_T2W40', 'l3_T2W40', 'lsc_T2W40']",0.1366027453530098,0.18850007839593047,98.0,0.16255141187447014,0.025948666521460325,0.13010340451724356,1.9844674545084815,2.1752075087053755,2.2498237144530964,98.0,2.212515611579236,0.03730810287386028,0.187058213413566,1.9844674545084815,completed,False,COMPLETE
165,1.7405922969404168,2026-06-12 00:34:48.852918,2026-06-12 00:35:11.980634,0 days 00:00:23.127716,,,,,,15.0,log2,4.0,6.0,444.0,,,,,ExtraTreesRegressor,,,,,,6,,,,,,,,False,-0.0017337132192844975,0.005632672591612259,98.0,0.0019494796861638808,0.0036831929054483782,0.0184670736778047,1.9844674545084815,1.715556989607953,1.7656276042728807,98.0,1.7405922969404168,0.025035307332463896,0.1255239345110578,1.9844674545084815,0.2532576428981347,0.2723406799648632,98.0,0.26279916143149895,0.009541518533364254,0.04783999379807838,1.9844674545084815,5.7286533242270465,5.974499115252499,98.0,5.851576219739773,0.12292289551272598,0.6163201945694057,1.9844674545084815,1.3784836607083983,1.4335974772175644,98.0,1.4060405689629814,0.027556908254583023,0.13816692965418767,1.9844674545084815,99.0,0.35353535353535354,0.0008480758591674561,0.012209648611628009,98.0,0.006528862235397732,0.005680786376230276,0.028482760270994445,1.9844674545084815,ExtraTreesRegressor,"{'mode': 'original', 'type': 'ExtraTreesRegressor'}",6,"['edges_T2W40', 're_T2W40', 'pe_T2W40', 'l1_T2W40', 'l3_T2W40', 'lsc_T2W40']",0.10171178514313892,0.15099389887337963,98.0,0.12635284200825928,0.024641056865120366,0.12354721143006686,1.9844674545084815,2.184881697894668,2.2603500267322882,98.0,2.222615862313478,0.03773416441880997,0.18919443330316948,1.9844674545084815,completed,False,COMPLETE
166,1.7438832772166106,2026-06-12 00:35:11.993436,2026-06-12 00:35:14.169944,0 days 00:00:02.176508,,,,,,,,,,,,,,0.6095689473718275,QuantileRegressor,,,,,,5,,,,,,,,False,0.0,0.0,98.0,0.0,0.0,0.0,1.9844674545084815,1.719995778269723,1.7677707761634982,98.0,1.7438832772166106,0.02388749894688759,0.1197689652307129,1.9844674545084815,0.24789241147178304,0.2660773897707454,98.0,0.2569849006212642,0.009092489149481187,0.04558861600480518,1.9844674545084815,5.7246320548658405,6.032943702709917,98.0,5.878787878787879,0.15415582392203803,0.772918234616442,1.9844674545084815,1.087826624519884,1.235405698712439,98.0,1.1616161616161615,0.07378953709627757,0.3699716124540519,1.9844674545084815,99.0,0.98989898989899,-0.025717243343640218,-0.01938655657913475,98.0,-0.022551899961387484,0.003165343382252735,0.015870640217932525,1.9844674545084815,QuantileRegressor,"{'mode': 'original', 'type': 'QuantileRegressor'}",5,"['lsc_T2W40', 'atd_T2W40', 'density_T2W40', 'diameter_T2W40', 'asp_T2W40']",,,,,,,,2.2183731273213967,2.2900971357603845,98.0,2.2542351315408906,0.03586200421949378,0.17980765361908535,1.9844674545084815,completed,False,COMPLETE
167,1.73744049707021,2026-06-12 00:35:14.182817,2026-06-12 00:35:36.972561,0 days 00:00:22.789744,,,,,,14.0,log2,4.0,6.0,425.0,,,,,ExtraTreesRegressor,,,,,,4,,,,,,,,False,-0.001023630714233433,0.008422663731047084,98.0,0.003699516508406826,0.004723147222640259,0.02368127599903653,1.9844674545084815,1.7121846376161152,1.7626963565243048,98.0,1.73744049707021,0.0252558594540949,0.12662975557026188,1.9844674545084815,0.2523214824880651,0.2712434540231682,98.0,0.26178246825561663,0.00946098576755153,0.04743621247086605,1.9844674545084815,5.643618349795379,5.880694635342226,98.0,5.762156492568803,0.11853814277342337,0.594335586656017,1.9844674545084815,1.3944750207137635,1.449116011419648,98.0,1.4217955160667057,0.02732049535294214,0.1369815846057305,1.9844674545084815,99.0,0.2828282828282828,0.01066495224399621,0.024600286556211756,98.0,0.017632619400103983,0.006967667156107774,0.03493502133540792,1.9844674545084815,ExtraTreesRegressor,"{'mode': 'original', 'type': 'ExtraTreesRegressor'}",4,"['edges_T2W40', 're_T2W40', 'l1_T2W40', 'lsc_T2W40']",0.13280095755385238,0.18611121534611427,98.0,0.15945608644998333,0.02665512889613094,0.13364551948611753,1.9844674545084815,2.1724461251892206,2.2473344937978785,98.0,2.2098903094935496,0.03744418430432885,0.18774050887491062,1.9844674545084815,completed,False,COMPLETE
168,1.7761434563832585,2026-06-12 00:35:36.986002,2026-06-12 00:35:38.633131,0 days 00:00:01.647129,,,,,,,,,,,,,,,LinearRegression,,,,,,5,,,,,,,,False,-0.02603402629396776,-0.010967607138036288,98.0,-0.018500816716002025,0.007533209577965737,0.03777058109034932,1.9844674545084815,1.7484375353759771,1.80384937739054,98.0,1.7761434563832585,0.027705921007281444,0.13891406116580182,1.9844674545084815,0.2594517705775904,0.2796687062459098,98.0,0.2695602384117501,0.010108467834159692,0.050682607470004595,1.9844674545084815,5.828874838023137,6.071889245038496,98.0,5.950382041530816,0.1215072035076794,0.609222089953815,1.9844674545084815,1.4559002671563845,1.5083138372823892,98.0,1.4821070522193869,0.026206785063002384,0.13139757895953616,1.9844674545084815,99.0,0.5353535353535354,-0.03478449713822427,-0.005538484251156847,98.0,-0.02016149069469056,0.014623006443533712,0.0733179456835633,1.9844674545084815,LinearRegression,"{'mode': 'original', 'type': 'LinearRegression'}",5,"['nodes_T2W40', 'atd_T2W40', 'density_T2W40', 'diameter_T2W40', 'asp_T2W40']",0.07069388200296346,0.11711654140332341,98.0,0.09390521170314343,0.023211329700179976,0.11637873625868596,1.9844674545084815,2.2111322241727467,2.290330846689803,98.0,2.250731535431275,0.03959931125852802,0.1985460488696652,1.9844674545084815,completed,False,COMPLETE
