number,value,datetime_start,datetime_complete,duration,params_dt_max_depth,params_dt_min_samples_leaf,params_dt_min_samples_split,params_elastic_alpha,params_elastic_l1_ratio,params_et_max_depth,params_et_max_features,params_et_min_samples_leaf,params_et_min_samples_split,params_et_n_estimators,params_knn_metric,params_knn_n_neighbors,params_knn_weights,params_quantile_alpha,params_regressor,params_rf_max_depth,params_rf_max_features,params_rf_min_samples_leaf,params_rf_min_samples_split,params_rf_n_estimators,params_rfe_n_features,params_rfe_proxy_et_max_depth,params_rfe_proxy_et_min_samples_leaf,params_rfe_proxy_et_min_samples_split,params_rfe_proxy_et_n_estimators,params_rfe_proxy_lsvr_C,params_rfe_proxy_lsvr_epsilon,params_rfe_proxy_type,params_use_scaler,user_attrs_d2mae_ci_lower_val,user_attrs_d2mae_ci_upper_val,user_attrs_d2mae_df_val,user_attrs_d2mae_mean_val,user_attrs_d2mae_samperror_val,user_attrs_d2mae_std_val,user_attrs_d2mae_t_critical_val,user_attrs_mae_ci_lower_val,user_attrs_mae_ci_upper_val,user_attrs_mae_df_val,user_attrs_mae_mean_val,user_attrs_mae_samperror_val,user_attrs_mae_std_val,user_attrs_mae_t_critical_val,user_attrs_mape_ci_lower_val,user_attrs_mape_ci_upper_val,user_attrs_mape_df_val,user_attrs_mape_mean_val,user_attrs_mape_samperror_val,user_attrs_mape_std_val,user_attrs_mape_t_critical_val,user_attrs_max_error_ci_lower_val,user_attrs_max_error_ci_upper_val,user_attrs_max_error_df_val,user_attrs_max_error_mean_val,user_attrs_max_error_samperror_val,user_attrs_max_error_std_val,user_attrs_max_error_t_critical_val,user_attrs_median_ae_ci_lower_val,user_attrs_median_ae_ci_upper_val,user_attrs_median_ae_df_val,user_attrs_median_ae_mean_val,user_attrs_median_ae_samperror_val,user_attrs_median_ae_std_val,user_attrs_median_ae_t_critical_val,user_attrs_n_splits_val,user_attrs_r2_below_zero_val,user_attrs_r2_ci_lower_val,user_attrs_r2_ci_upper_val,user_attrs_r2_df_val,user_attrs_r2_mean_val,user_attrs_r2_samperror_val,user_attrs_r2_std_val,user_attrs_r2_t_critical_val,user_attrs_regressor_final,user_attrs_rfe_estimator,user_attrs_rfe_n_features,user_attrs_rfe_selected_features,user_attrs_rho_ci_lower_val,user_attrs_rho_ci_upper_val,user_attrs_rho_df_val,user_attrs_rho_mean_val,user_attrs_rho_samperror_val,user_attrs_rho_std_val,user_attrs_rho_t_critical_val,user_attrs_rmse_ci_lower_val,user_attrs_rmse_ci_upper_val,user_attrs_rmse_df_val,user_attrs_rmse_mean_val,user_attrs_rmse_samperror_val,user_attrs_rmse_std_val,user_attrs_rmse_t_critical_val,user_attrs_termination_reason,user_attrs_use_scaler_final,state
97,1.7448533498501317,2026-06-12 00:13:55.276925,2026-06-12 00:13:57.380146,0 days 00:00:02.103221,,,,,,,,,,,,,,0.07299467009131397,QuantileRegressor,,,,,,5,,,,,,,,False,-0.0015061901125786427,0.00041318681156088345,98.0,-0.0005465016505088796,0.0009596884620697631,0.004811759251209761,1.9844674545084815,1.7208542860131049,1.7688524136871586,98.0,1.7448533498501317,0.023999063837026807,0.12032833779113715,1.9844674545084815,0.2481469390872395,0.2663618894026859,98.0,0.2572544142449627,0.009107475157723201,0.045663753996609005,1.9844674545084815,5.725246389465306,6.029658078113273,98.0,5.877452233789289,0.15220584432398396,0.76314127809206,1.9844674545084815,1.088851082739597,1.2340450645529848,98.0,1.1614480736462909,0.07259699090669382,0.3639923333577409,1.9844674545084815,99.0,0.9797979797979798,-0.02568314416703316,-0.01920492854849074,98.0,-0.02244403635776195,0.00323910780927121,0.016240485931562177,1.9844674545084815,QuantileRegressor,"{'mode': 'original', 'type': 'QuantileRegressor'}",5,"['lsc_T2W40', 'atd_T2W40', 'density_T2W40', 'diameter_T2W40', 'asp_T2W40']",-1.9392383701243456,1.997149446024683,1.0,0.028955537950168628,1.9681939080745143,0.21906199183573538,12.706204736174694,2.2182672846601856,2.2899273067622805,98.0,2.254097295711233,0.03583001105104743,0.17964724382952177,1.9844674545084815,completed,False,COMPLETE
98,1.7558329955985226,2026-06-12 00:13:57.393027,2026-06-12 00:13:59.181314,0 days 00:00:01.788287,,,,0.0026194795126338673,0.4150710231585023,,,,,,,,,,ElasticNet,,,,,,5,,,,,,,,False,-0.012602284591246743,-0.00023911743979883847,98.0,-0.0064207010155227905,0.006181583575723952,0.030993695488915677,1.9844674545084815,1.7275001192568975,1.7841658719401476,98.0,1.7558329955985226,0.02833287634162504,0.1420575376681835,1.9844674545084815,0.2567504692201881,0.2770493897366853,98.0,0.2668999294784367,0.010149460258248588,0.05088813841430068,1.9844674545084815,5.81375427188116,6.054555944991804,98.0,5.934155108436482,0.12040083655532162,0.603674902894007,1.9844674545084815,1.421118731568728,1.4696516166845972,98.0,1.4453851741266626,0.024266442557934677,0.12166894162743873,1.9844674545084815,99.0,0.5050505050505051,-0.01923930531990499,3.249070892964202e-05,98.0,-0.009603407305487675,0.009635898014417317,0.048313200842895844,1.9844674545084815,ElasticNet,"{'mode': 'original', 'type': 'ElasticNet'}",5,"['nodes_T2W40', 'edges_T2W40', 'pe_T2W40', 'atd_T2W40', 'diameter_T2W40']",0.08141409306127492,0.13229524070685217,98.0,0.10685466688406355,0.025440573822788616,0.1275558905687764,1.9844674545084815,2.2003614656335535,2.2815008432362087,98.0,2.240931154434881,0.04056968880132765,0.20341140184959186,1.9844674545084815,completed,False,COMPLETE
99,1.766881141076127,2026-06-12 00:13:59.193678,2026-06-12 00:14:00.833422,0 days 00:00:01.639744,,,,,,,,,,,,,,,LinearRegression,,,,,,4,,,,,,,,False,-0.0201237027784235,-0.006100059088815609,98.0,-0.013111880933619554,0.007011821844803945,0.035156407483325,1.9844674545084815,1.7393444185095144,1.7944178636427395,98.0,1.766881141076127,0.027536722566612472,0.13806572111133944,1.9844674545084815,0.2581489520796772,0.2783163018813765,98.0,0.26823262698052686,0.010083674900849665,0.05055829876886437,1.9844674545084815,5.791375372996133,6.03536900778509,98.0,5.913372190390612,0.12199681739447828,0.6116769534250754,1.9844674545084815,1.4443632739952779,1.4939026369730535,98.0,1.4691329554841657,0.02476968148888771,0.12419211938489534,1.9844674545084815,99.0,0.47474747474747475,-0.02230148307836306,0.0042047675845146015,98.0,-0.009048357746924229,0.01325312533143883,0.06644953121918173,1.9844674545084815,LinearRegression,"{'mode': 'original', 'type': 'LinearRegression'}",4,"['nodes_T2W40', 'atd_T2W40', 'density_T2W40', 'diameter_T2W40']",0.07913540961518137,0.12488927378429612,98.0,0.10201234169973875,0.02287693208455737,0.11470210797341478,1.9844674545084815,2.1993146447732284,2.2787360574683606,98.0,2.2390253511207945,0.03971070634756627,0.19910457006837085,1.9844674545084815,completed,False,COMPLETE
100,1.736920343429239,2026-06-12 00:14:00.847109,2026-06-12 00:14:22.120519,0 days 00:00:21.273410,,,,,,11.0,log2,4.0,8.0,403.0,,,,,ExtraTreesRegressor,,,,,,5,,,,,,,,False,-0.0002516053481913397,0.008153847611995196,98.0,0.003951121131901929,0.0042027264800932685,0.021071950763354053,1.9844674545084815,1.7121933153221969,1.7616473715362813,98.0,1.736920343429239,0.024727028107042196,0.12397826060384061,1.9844674545084815,0.2527067054519848,0.2716655670343231,98.0,0.26218613624315396,0.00947943079116915,0.0475286935379401,1.9844674545084815,5.698468672962761,5.939040091799557,98.0,5.818754382381159,0.12028570941839742,0.603097669668794,1.9844674545084815,1.386223336122912,1.4404132379405916,98.0,1.4133182870317518,0.027094950908839767,0.13585073265912279,1.9844674545084815,99.0,0.26262626262626265,0.008438484561607982,0.021609896719022446,98.0,0.015024190640315214,0.006585706078707233,0.033019915735596615,1.9844674545084815,ExtraTreesRegressor,"{'mode': 'original', 'type': 'ExtraTreesRegressor'}",5,"['edges_T2W40', 're_T2W40', 'l1_T2W40', 'l3_T2W40', 'lsc_T2W40']",0.1359322917416694,0.18795111076196333,98.0,0.16194170125181637,0.026009409510146957,0.13040796234961416,1.9844674545084815,2.175524021667933,2.250090180485571,98.0,2.212807101076752,0.0372830794088189,0.18693274885483774,1.9844674545084815,completed,False,COMPLETE
101,1.7470668955413773,2026-06-12 00:14:22.134493,2026-06-12 00:14:43.165719,0 days 00:00:21.031226,,,,,,11.0,log2,4.0,9.0,399.0,,,,,ExtraTreesRegressor,,,,,,5,,,,,,,,False,-0.005683315289203201,0.002146132123432091,98.0,-0.0017685915828855546,0.003914723706317646,0.01962794047682819,1.9844674545084815,1.7218717061540496,1.772262084928705,98.0,1.7470668955413773,0.02519518938732766,0.1263255633593759,1.9844674545084815,0.2538759292944745,0.2729220586041193,98.0,0.2633989939492969,0.00952306465482237,0.04774746833350928,1.9844674545084815,5.737957802415636,6.005144497774875,98.0,5.8715511500952555,0.13359334767961945,0.6698205219755599,1.9844674545084815,1.4104327359082545,1.4642844781487865,98.0,1.4373586070285205,0.0269258711202661,0.13500298751159096,1.9844674545084815,99.0,0.40404040404040403,-0.005213847986235158,0.007298241352228582,98.0,0.0010421966829967117,0.00625604466923187,0.031367034202157265,1.9844674545084815,ExtraTreesRegressor,"{'mode': 'original', 'type': 'ExtraTreesRegressor'}",5,"['edges_T2W40', 'pe_T2W40', 'l1_T2W40', 'l3_T2W40', 'lsc_T2W40']",0.08346225731061833,0.13305529738136068,98.0,0.1082587773459895,0.02479652003537117,0.1243266845374786,1.9844674545084815,2.19086672684085,2.26637539161378,98.0,2.228621059227315,0.03775433238646515,0.18929555299854814,1.9844674545084815,completed,False,COMPLETE
102,1.7369960785768395,2026-06-12 00:14:43.178472,2026-06-12 00:15:05.148372,0 days 00:00:21.969900,,,,,,10.0,log2,4.0,8.0,419.0,,,,,ExtraTreesRegressor,,,,,,5,,,,,,,,False,-0.0003033837043335862,0.008120188809581413,98.0,0.003908402552623913,0.004211786256957499,0.02111737536400658,1.9844674545084815,1.7122558460984814,1.7617363110551976,98.0,1.7369960785768395,0.024740232478358052,0.12404446568845572,1.9844674545084815,0.2527033062465841,0.27166597036691575,98.0,0.26218463830674993,0.009481332060165808,0.047538226265533785,1.9844674545084815,5.6963622965791885,5.936630314017792,98.0,5.81649630529849,0.12013400871930165,0.6023370611263981,1.9844674545084815,1.3872324583127116,1.4409444371235114,98.0,1.4140884477181115,0.026855989405399957,0.13465260923646574,1.9844674545084815,99.0,0.26262626262626265,0.008619174152184411,0.02172498814864962,98.0,0.015172081150417016,0.006552906998232606,0.03285546520280123,1.9844674545084815,ExtraTreesRegressor,"{'mode': 'original', 'type': 'ExtraTreesRegressor'}",5,"['edges_T2W40', 're_T2W40', 'l1_T2W40', 'l3_T2W40', 'lsc_T2W40']",0.1366474122327389,0.1885924880624969,98.0,0.1626199501476179,0.025972537914878996,0.13022309273134777,1.9844674545084815,2.1753623436420124,2.2499366945962933,98.0,2.212649519119153,0.037287175477140416,0.18695328603478586,1.9844674545084815,completed,False,COMPLETE
103,1.7371683718933848,2026-06-12 00:15:05.166105,2026-06-12 00:15:26.948224,0 days 00:00:21.782119,,,,,,9.0,log2,4.0,8.0,417.0,,,,,ExtraTreesRegressor,,,,,,5,,,,,,,,False,-0.00034239909748817266,0.007963835272274766,98.0,0.0038107180873932964,0.004153117184881469,0.020823215893012326,1.9844674545084815,1.7124485602733568,1.7618881835134128,98.0,1.7371683718933848,0.024719811620028002,0.12394207803051165,1.9844674545084815,0.25277798952765423,0.27174845681192655,98.0,0.2622632231697904,0.009485233642136133,0.04755778831497176,1.9844674545084815,5.6996378828637155,5.939794095726535,98.0,5.819715989295125,0.12007810643140984,0.6020567739690981,1.9844674545084815,1.3880011199074278,1.4412502176555446,98.0,1.4146256687814862,0.02662454887405851,0.1334921950376899,1.9844674545084815,99.0,0.26262626262626265,0.008505886563708188,0.02147432311617463,98.0,0.014990104839941409,0.00648421827623322,0.032511068446356435,1.9844674545084815,ExtraTreesRegressor,"{'mode': 'original', 'type': 'ExtraTreesRegressor'}",5,"['edges_T2W40', 're_T2W40', 'l1_T2W40', 'l3_T2W40', 'lsc_T2W40']",0.13737373903349415,0.1888028508718918,98.0,0.16308829495269297,0.025714555919198814,0.12892960291311817,1.9844674545084815,2.1755857551040867,2.250127998724956,98.0,2.2128568769145214,0.03727112181043464,0.18687279493549644,1.9844674545084815,completed,False,COMPLETE
104,1.737734524444484,2026-06-12 00:15:26.967495,2026-06-12 00:15:49.020074,0 days 00:00:22.052579,,,,,,8.0,log2,4.0,8.0,417.0,,,,,ExtraTreesRegressor,,,,,,5,,,,,,,,False,-0.0006302457974498767,0.0075896455417264145,98.0,0.003479699872138269,0.004109945669588146,0.020606759254934826,1.9844674545084815,1.7130527730983671,1.7624162757906008,98.0,1.737734524444484,0.02468175134611691,0.12375124852454854,1.9844674545084815,0.252864694808165,0.2718355405092099,98.0,0.26235011765868743,0.009485422850522453,0.04755873698241882,1.9844674545084815,5.700240560023812,5.9411028742910075,98.0,5.82067171715741,0.12043115713359807,0.6038269265233306,1.9844674545084815,1.386929292794704,1.4394230344637986,98.0,1.4131761636292512,0.026246870834547395,0.13159856406011514,1.9844674545084815,99.0,0.2727272727272727,0.008222351616469899,0.021053639803474796,98.0,0.014637995709972347,0.006415644093502449,0.03216724597563786,1.9844674545084815,ExtraTreesRegressor,"{'mode': 'original', 'type': 'ExtraTreesRegressor'}",5,"['edges_T2W40', 're_T2W40', 'l1_T2W40', 'l3_T2W40', 'lsc_T2W40']",0.1377086549621403,0.18964796366868963,98.0,0.16367830931541497,0.025969654353274658,0.13020863491011256,1.9844674545084815,2.175985452265392,2.2505397981834703,98.0,2.213262625224431,0.03727717295903889,0.186903134646171,1.9844674545084815,completed,False,COMPLETE
105,1.7390171939651622,2026-06-12 00:15:49.032402,2026-06-12 00:16:09.185003,0 days 00:00:20.152601,,,,,,9.0,log2,5.0,8.0,389.0,,,,,ExtraTreesRegressor,,,,,,5,,,,,,,,False,-0.0005726158071094039,0.006092869402807603,98.0,0.0027601267978490996,0.0033327426049585035,0.01670995921606095,1.9844674545084815,1.71459771944212,1.7634366684882044,98.0,1.7390171939651622,0.024419474523042085,0.12243622497296139,1.9844674545084815,0.25329366501387124,0.27227171391663435,98.0,0.2627826894652528,0.009489024451381566,0.04757679496366789,1.9844674545084815,5.7182192199137045,5.963390156540836,98.0,5.84080468822727,0.122585468313566,0.6146283763269875,1.9844674545084815,1.381812428715009,1.4322040473126256,98.0,1.4070082380138174,0.0251958092988082,0.1263286715188665,1.9844674545084815,99.0,0.2727272727272727,0.006996945877744734,0.01756119503030397,98.0,0.01227907045402435,0.005282124576279617,0.026483919313920322,1.9844674545084815,ExtraTreesRegressor,"{'mode': 'original', 'type': 'ExtraTreesRegressor'}",5,"['edges_T2W40', 're_T2W40', 'l1_T2W40', 'l3_T2W40', 'lsc_T2W40']",0.13012404202879088,0.18099464264535334,98.0,0.1555593423370721,0.025435300308281224,0.12752944981928296,1.9844674545084815,2.1787757458025054,2.2534108630717333,98.0,2.2160933044371194,0.037317558634614105,0.1871056234284643,1.9844674545084815,completed,False,COMPLETE
106,1.7611481657120283,2026-06-12 00:16:09.197250,2026-06-12 00:16:31.855852,0 days 00:00:22.658602,,,,,,12.0,,4.0,9.0,421.0,,,,,ExtraTreesRegressor,,,,,,6,,,,,,,,False,-0.018956666629523503,-0.0013016269085238362,98.0,-0.01012914676902367,0.008827519860499834,0.04426009276217625,1.9844674545084815,1.7335249593280866,1.78877137209597,98.0,1.7611481657120283,0.02762320638394162,0.13849934027480834,1.9844674545084815,0.2540600106887525,0.27275149117158803,98.0,0.26340575093017027,0.009345740241417771,0.046858385656799034,1.9844674545084815,5.6311437686705,5.904989777114694,98.0,5.768066772892597,0.1369230042220969,0.6865150080560357,1.9844674545084815,1.4081983460526453,1.4766008062599925,98.0,1.4423995761563189,0.03420123010367352,0.17148073761268354,1.9844674545084815,99.0,0.5151515151515151,-0.022602894699837298,0.00720666618729226,98.0,-0.007698114256272518,0.014904780443564778,0.07473072566893037,1.9844674545084815,ExtraTreesRegressor,"{'mode': 'original', 'type': 'ExtraTreesRegressor'}",6,"['edges_T2W40', 're_T2W40', 'l1_T2W40', 'l3_T2W40', 'lsc_T2W40', 'atd_T2W40']",0.11147723883021536,0.16267424783251627,98.0,0.13707574333136582,0.025598504501150462,0.1283477354566669,1.9844674545084815,2.1980350179063155,2.2736698528942503,98.0,2.235852435400283,0.03781741749396753,0.18961185392497948,1.9844674545084815,completed,False,COMPLETE
107,1.7834469474774073,2026-06-12 00:16:31.868474,2026-06-12 00:17:13.492694,0 days 00:00:41.624220,,,,,,,,,,,,,,,RandomForestRegressor,20.0,sqrt,3.0,2.0,493.0,5,,,,,,,,False,-0.032755287837626386,-0.014426306464658081,98.0,-0.023590797151142234,0.009164490686484153,0.045949622805937444,1.9844674545084815,1.7584097636342684,1.8084841313205462,98.0,1.7834469474774073,0.025037183843138987,0.12553334310348935,1.9844674545084815,0.2583683825149843,0.27747525805168016,98.0,0.2679218202833322,0.009553437768347934,0.0478997553680741,1.9844674545084815,5.89634704426508,6.180276933299697,98.0,6.038311988782389,0.14196494451730826,0.7117946730915073,1.9844674545084815,1.4554134112320376,1.5322635857683566,98.0,1.4938384985001971,0.03842508726815958,0.1926586350140665,1.9844674545084815,99.0,0.6767676767676768,-0.05747492018861335,-0.023639217682411486,98.0,-0.04055706893551242,0.016917851253100934,0.08482401372434285,1.9844674545084815,RandomForestRegressor,"{'mode': 'original', 'type': 'RandomForestRegressor'}",5,"['nodes_T2W40', 're_T2W40', 'l1_T2W40', 'l3_T2W40', 'lsc_T2W40']",0.08344564315622624,0.1357378147380006,98.0,0.10959172894711341,0.026146085790887168,0.13109324031664762,1.9844674545084815,2.2334403833437766,2.3084730563636167,98.0,2.2709567198536966,0.03751633650992001,0.1881022711097089,1.9844674545084815,completed,False,COMPLETE
108,1.7408728225810939,2026-06-12 00:17:13.505210,2026-06-12 00:17:32.889903,0 days 00:00:19.384693,,,,,,11.0,log2,4.0,8.0,368.0,,,,,ExtraTreesRegressor,,,,,,6,,,,,,,,False,-0.0018456903575177698,0.005438954685002911,98.0,0.0017966321637425705,0.0036423225212603404,0.018262154626477192,1.9844674545084815,1.7158255556668565,1.7659200894953313,98.0,1.7408728225810939,0.02504726691423737,0.1255838983748673,1.9844674545084815,0.2532861019867152,0.2723638379977744,98.0,0.2628249699922448,0.0095388680055296,0.047826704379341924,1.9844674545084815,5.731150121017557,5.977824256367547,98.0,5.854487188692552,0.12333706767499449,0.6183968025647659,1.9844674545084815,1.3766804999758606,1.4324039432648967,98.0,1.4045422216203787,0.02786172164451801,0.13969522629094108,1.9844674545084815,99.0,0.36363636363636365,0.0004978296442513718,0.011755175457549293,98.0,0.006126502550900333,0.005628672906648961,0.028221469780088965,1.9844674545084815,ExtraTreesRegressor,"{'mode': 'original', 'type': 'ExtraTreesRegressor'}",6,"['edges_T2W40', 're_T2W40', 'pe_T2W40', 'l1_T2W40', 'l3_T2W40', 'lsc_T2W40']",0.10173830399788461,0.1507849401297622,98.0,0.1262616220638234,0.024523318065938802,0.12295688365331484,1.9844674545084815,2.185343638413226,2.260805814501115,98.0,2.2230747264571704,0.03773108804394475,0.189179008740092,1.9844674545084815,completed,False,COMPLETE
109,1.7367568309158732,2026-06-12 00:17:32.902587,2026-06-12 00:17:53.686406,0 days 00:00:20.783819,,,,,,12.0,log2,4.0,5.0,396.0,,,,,ExtraTreesRegressor,,,,,,5,,,,,,,,False,-0.00013808179553536758,0.008233443673856554,98.0,0.004047680939160593,0.00418576273469596,0.020986896642067,1.9844674545084815,1.7120276686769422,1.7614859931548041,98.0,1.7367568309158732,0.02472916223893088,0.1239889608771736,1.9844674545084815,0.2526723321341689,0.2716317536944259,98.0,0.2621520429142974,0.009479710780128513,0.04753009736795234,1.9844674545084815,5.6991005870915,5.940193225106681,98.0,5.8196469060990905,0.12054631900759043,0.604404333915907,1.9844674545084815,1.3870351218507062,1.441193602434194,98.0,1.4141143621424501,0.027079240291743915,0.13577196156814797,1.9844674545084815,99.0,0.26262626262626265,0.008541614241504989,0.02170744164922462,98.0,0.015124527945364804,0.006582913703859814,0.0330059151134823,1.9844674545084815,ExtraTreesRegressor,"{'mode': 'original', 'type': 'ExtraTreesRegressor'}",5,"['edges_T2W40', 're_T2W40', 'l1_T2W40', 'l3_T2W40', 'lsc_T2W40']",0.13689165185425833,0.1887737248695327,98.0,0.16283268836189552,0.025941036507637183,0.13006514857164098,1.9844674545084815,2.175414299597666,2.249976719978965,98.0,2.2126955097883156,0.03728121019064941,0.1869233768261273,1.9844674545084815,completed,False,COMPLETE
110,1.736747037174533,2026-06-12 00:17:53.704141,2026-06-12 00:18:14.770987,0 days 00:00:21.066846,,,,,,12.0,log2,4.0,8.0,400.0,,,,,ExtraTreesRegressor,,,,,,5,,,,,,,,False,-0.00012367192455092074,0.008231469985879966,98.0,0.004053899030664523,0.0041775709552154434,0.02094582407293948,1.9844674545084815,1.7120189205524925,1.7614751537965736,98.0,1.736747037174533,0.024728116622040584,0.12398371828341119,1.9844674545084815,0.2526683543117988,0.27163034751899173,98.0,0.26214935091539526,0.009480996603596442,0.04753654432778542,1.9844674545084815,5.69790551461391,5.938717576576754,98.0,5.818311545595332,0.12040603098142211,0.6037009471040102,1.9844674545084815,1.3865084807281458,1.4406841209100496,98.0,1.4135963008190977,0.027087820090951894,0.13581497962019737,1.9844674545084815,99.0,0.26262626262626265,0.008624640032392775,0.021762391068920917,98.0,0.015193515550656846,0.006568875518264071,0.03293552938719688,1.9844674545084815,ExtraTreesRegressor,"{'mode': 'original', 'type': 'ExtraTreesRegressor'}",5,"['edges_T2W40', 're_T2W40', 'l1_T2W40', 'l3_T2W40', 'lsc_T2W40']",0.1365927897528395,0.18819597972032098,98.0,0.16239438473658024,0.025801594983740732,0.129366006017437,1.9844674545084815,2.1753451837878495,2.2498877084433793,98.0,2.2126164461156144,0.03727126232776493,0.18687349947201087,1.9844674545084815,completed,False,COMPLETE
