number,value,datetime_start,datetime_complete,duration,params_dt_max_depth,params_dt_min_samples_leaf,params_dt_min_samples_split,params_elastic_alpha,params_elastic_l1_ratio,params_et_max_depth,params_et_max_features,params_et_min_samples_leaf,params_et_min_samples_split,params_et_n_estimators,params_knn_metric,params_knn_n_neighbors,params_knn_weights,params_quantile_alpha,params_regressor,params_rf_max_depth,params_rf_max_features,params_rf_min_samples_leaf,params_rf_min_samples_split,params_rf_n_estimators,params_rfe_n_features,params_rfe_proxy_et_max_depth,params_rfe_proxy_et_min_samples_leaf,params_rfe_proxy_et_min_samples_split,params_rfe_proxy_et_n_estimators,params_rfe_proxy_lsvr_C,params_rfe_proxy_lsvr_epsilon,params_rfe_proxy_type,params_use_scaler,user_attrs_d2mae_ci_lower_val,user_attrs_d2mae_ci_upper_val,user_attrs_d2mae_df_val,user_attrs_d2mae_mean_val,user_attrs_d2mae_samperror_val,user_attrs_d2mae_std_val,user_attrs_d2mae_t_critical_val,user_attrs_mae_ci_lower_val,user_attrs_mae_ci_upper_val,user_attrs_mae_df_val,user_attrs_mae_mean_val,user_attrs_mae_samperror_val,user_attrs_mae_std_val,user_attrs_mae_t_critical_val,user_attrs_mape_ci_lower_val,user_attrs_mape_ci_upper_val,user_attrs_mape_df_val,user_attrs_mape_mean_val,user_attrs_mape_samperror_val,user_attrs_mape_std_val,user_attrs_mape_t_critical_val,user_attrs_max_error_ci_lower_val,user_attrs_max_error_ci_upper_val,user_attrs_max_error_df_val,user_attrs_max_error_mean_val,user_attrs_max_error_samperror_val,user_attrs_max_error_std_val,user_attrs_max_error_t_critical_val,user_attrs_median_ae_ci_lower_val,user_attrs_median_ae_ci_upper_val,user_attrs_median_ae_df_val,user_attrs_median_ae_mean_val,user_attrs_median_ae_samperror_val,user_attrs_median_ae_std_val,user_attrs_median_ae_t_critical_val,user_attrs_n_splits_val,user_attrs_r2_below_zero_val,user_attrs_r2_ci_lower_val,user_attrs_r2_ci_upper_val,user_attrs_r2_df_val,user_attrs_r2_mean_val,user_attrs_r2_samperror_val,user_attrs_r2_std_val,user_attrs_r2_t_critical_val,user_attrs_regressor_final,user_attrs_rfe_estimator,user_attrs_rfe_n_features,user_attrs_rfe_selected_features,user_attrs_rho_ci_lower_val,user_attrs_rho_ci_upper_val,user_attrs_rho_df_val,user_attrs_rho_mean_val,user_attrs_rho_samperror_val,user_attrs_rho_std_val,user_attrs_rho_t_critical_val,user_attrs_rmse_ci_lower_val,user_attrs_rmse_ci_upper_val,user_attrs_rmse_df_val,user_attrs_rmse_mean_val,user_attrs_rmse_samperror_val,user_attrs_rmse_std_val,user_attrs_rmse_t_critical_val,user_attrs_termination_reason,user_attrs_use_scaler_final,state
212,1.7366534005712349,2026-06-12 00:50:17.409523,2026-06-12 00:50:39.124743,0 days 00:00:21.715220,,,,,,18.0,log2,4.0,7.0,416.0,,,,,ExtraTreesRegressor,,,,,,5,,,,,,,,False,-8.593001773952828e-05,0.008299492513140922,98.0,0.004106781247700697,0.004192711265440225,0.02102173571580029,1.9844674545084815,1.7119171211523105,1.7613896799901592,98.0,1.7366534005712349,0.024736279418924288,0.12402464553738297,1.9844674545084815,0.25265765020017134,0.2716237880167533,98.0,0.2621407191084623,0.00948306890829099,0.04754693460721403,1.9844674545084815,5.696526581726497,5.9371243672644916,98.0,5.816825474495494,0.12029889276899747,0.60316376935814,1.9844674545084815,1.387078568355415,1.441164527162531,98.0,1.414121547758973,0.027042979403558064,0.13559015395965693,1.9844674545084815,99.0,0.2727272727272727,0.008747656732174867,0.021876764056046535,98.0,0.015312210394110702,0.006564553661935835,0.03291386013410933,1.9844674545084815,ExtraTreesRegressor,"{'mode': 'original', 'type': 'ExtraTreesRegressor'}",5,"['edges_T2W40', 're_T2W40', 'l1_T2W40', 'l3_T2W40', 'lsc_T2W40']",0.13655366223686563,0.18864211586111748,98.0,0.16259788904899156,0.026044226812125933,0.13058253199541167,1.9844674545084815,2.175202823990984,2.249778620634521,98.0,2.2124907223127526,0.03728789832176874,0.1869569102883483,1.9844674545084815,completed,False,COMPLETE
213,1.7367327511075452,2026-06-12 00:50:39.137996,2026-06-12 00:51:01.696200,0 days 00:00:22.558204,,,,,,19.0,log2,4.0,7.0,432.0,,,,,ExtraTreesRegressor,,,,,,5,,,,,,,,False,-0.0001223664988746825,0.008251186363835556,98.0,0.004064409932480437,0.00418677643135512,0.0209919791917385,1.9844674545084815,1.7119848164807847,1.7614806857343057,98.0,1.7367327511075452,0.024747934626760535,0.12408308330791726,1.9844674545084815,0.25265896824580525,0.27162777525338866,98.0,0.26214337174959695,0.009484403503791693,0.04755362610398713,1.9844674545084815,5.696538761710329,5.937403055644767,98.0,5.816970908677548,0.12043214696721852,0.6038318894266774,1.9844674545084815,1.388500108463425,1.4420865617372578,98.0,1.4152933351003414,0.026793226636916346,0.1343379244780065,1.9844674545084815,99.0,0.2828282828282828,0.008772052463373377,0.02192870765484769,98.0,0.015350380059110533,0.006578327595737156,0.0329829209345811,1.9844674545084815,ExtraTreesRegressor,"{'mode': 'original', 'type': 'ExtraTreesRegressor'}",5,"['edges_T2W40', 're_T2W40', 'l1_T2W40', 'l3_T2W40', 'lsc_T2W40']",0.13643648687506832,0.18842000266609088,98.0,0.1624282447705796,0.025991757895511284,0.130319459337044,1.9844674545084815,2.175146449540011,2.2497641945636118,98.0,2.2124553220518113,0.03730887251180051,0.18706207228300684,1.9844674545084815,completed,False,COMPLETE
214,1.736608766006478,2026-06-12 00:51:01.708490,2026-06-12 00:51:23.874858,0 days 00:00:22.166368,,,,,,19.0,log2,4.0,7.0,422.0,,,,,ExtraTreesRegressor,,,,,,5,,,,,,,,False,-6.158458930445934e-05,0.008336092031557963,98.0,0.004137253721126752,0.004198838310431211,0.02105245596157085,1.9844674545084815,1.7118468074016924,1.7613707246112635,98.0,1.736608766006478,0.024761958604785656,0.1241533977992008,1.9844674545084815,0.2526425651920721,0.271613465298627,98.0,0.26212801524534957,0.009485450053277443,0.04755887337366781,1.9844674545084815,5.696756660801803,5.937279338299879,98.0,5.817017999550841,0.12026133874903833,0.6029754781468767,1.9844674545084815,1.3874299792581772,1.4412998994285533,98.0,1.4143649393433653,0.026934960085188083,0.13504855845755498,1.9844674545084815,99.0,0.2727272727272727,0.008776408514657306,0.021954303247681703,98.0,0.015365355881169504,0.0065889473665121994,0.033036167151756966,1.9844674545084815,ExtraTreesRegressor,"{'mode': 'original', 'type': 'ExtraTreesRegressor'}",5,"['edges_T2W40', 're_T2W40', 'l1_T2W40', 'l3_T2W40', 'lsc_T2W40']",0.13724271699637539,0.18915185291856415,98.0,0.16319728495746977,0.02595456796109438,0.1301329936056581,1.9844674545084815,2.1751240466681,2.2497545854466425,98.0,2.212439316057371,0.03731526938927142,0.1870941454354579,1.9844674545084815,completed,False,COMPLETE
215,1.7365028406709397,2026-06-12 00:51:23.887847,2026-06-12 00:51:46.005140,0 days 00:00:22.117293,,,,,,18.0,log2,4.0,7.0,421.0,,,,,ExtraTreesRegressor,,,,,,5,,,,,,,,False,-3.762674648829893e-06,0.008400125932235828,98.0,0.0041981816287934995,0.004201944303442329,0.021068029026368573,1.9844674545084815,1.7117394656024654,1.761266215739414,98.0,1.7365028406709397,0.024763375068474446,0.12416049977294324,1.9844674545084815,0.25262410860568757,0.2715941090121328,98.0,0.2621091088089102,0.009485000203222602,0.04755661788113186,1.9844674545084815,5.695781517770873,5.936206602605821,98.0,5.815994060188347,0.12021254241747363,0.6027308193757114,1.9844674545084815,1.387548150349681,1.4413731845442386,98.0,1.4144606674469598,0.02691251709727871,0.1349360320920042,1.9844674545084815,99.0,0.2727272727272727,0.008951969784534723,0.022115677357890547,98.0,0.015533823571212635,0.0065818537866779115,0.03300060081982648,1.9844674545084815,ExtraTreesRegressor,"{'mode': 'original', 'type': 'ExtraTreesRegressor'}",5,"['edges_T2W40', 're_T2W40', 'l1_T2W40', 'l3_T2W40', 'lsc_T2W40']",0.1373915347960487,0.18939479723167907,98.0,0.1633931660138639,0.02600163121781519,0.13036896295390893,1.9844674545084815,2.1749400309150415,2.2495604673290766,98.0,2.212250249122059,0.037310218207017354,0.18706881943238382,1.9844674545084815,completed,False,COMPLETE
216,1.7566767283304203,2026-06-12 00:51:46.018940,2026-06-12 00:51:47.718404,0 days 00:00:01.699464,,,,0.0023910532859258366,0.7415806055624694,,,,,,,,,,ElasticNet,,,,,,5,,,,,,,,False,-0.01295453039157276,-0.0008859374036982752,98.0,-0.006920233897635517,0.0060342964939372416,0.030255216277815845,1.9844674545084815,1.7284975779002425,1.7848558787605981,98.0,1.7566767283304203,0.02817915043017785,0.14128677496154288,1.9844674545084815,0.2568790174798301,0.2771591846294972,98.0,0.26701910105466364,0.010140083574833545,0.05084112488339848,1.9844674545084815,5.813890545827258,6.0524608272045555,98.0,5.933175686515907,0.11928514068864893,0.5980809418116568,1.9844674545084815,1.4210767311794976,1.4714312271511734,98.0,1.4462539791653355,0.025177247985837953,0.12623560739136147,1.9844674545084815,99.0,0.5050505050505051,-0.019436841392357473,-0.0002749520098995657,98.0,-0.00985589670112852,0.009580944691228954,0.0480376716772476,1.9844674545084815,ElasticNet,"{'mode': 'original', 'type': 'ElasticNet'}",5,"['nodes_T2W40', 'edges_T2W40', 'pe_T2W40', 'atd_T2W40', 'diameter_T2W40']",0.08558178369152399,0.1366045600173066,98.0,0.11109317185441528,0.025511388162891294,0.12791094491148725,1.9844674545084815,2.200720001818517,2.281605422326862,98.0,2.2411627120726894,0.04044271025417233,0.20277474711930357,1.9844674545084815,completed,False,COMPLETE
217,1.7366090390397713,2026-06-12 00:51:47.737508,2026-06-12 00:52:09.880496,0 days 00:00:22.142988,,,,,,18.0,log2,4.0,7.0,422.0,,,,,ExtraTreesRegressor,,,,,,5,,,,,,,,False,-6.178532068085597e-05,0.008335977724518776,98.0,0.00413709620191896,0.004198881522599816,0.021052672622039602,1.9844674545084815,1.711847063048918,1.7613710150306245,98.0,1.7366090390397713,0.024761975990853276,0.12415348497079348,1.9844674545084815,0.25264238936977135,0.2716132047804688,98.0,0.2621277970751201,0.009485407705348715,0.0475586610463909,1.9844674545084815,5.696756660801803,5.937279338299879,98.0,5.817017999550841,0.12026133874903833,0.6029754781468767,1.9844674545084815,1.3873883341396822,1.4412475100928241,98.0,1.4143179221162532,0.02692958797657104,0.1350216233693902,1.9844674545084815,99.0,0.2727272727272727,0.008778197440121344,0.021956374373552152,98.0,0.015367285906836748,0.006589088466715405,0.033036874610724076,1.9844674545084815,ExtraTreesRegressor,"{'mode': 'original', 'type': 'ExtraTreesRegressor'}",5,"['edges_T2W40', 're_T2W40', 'l1_T2W40', 'l3_T2W40', 'lsc_T2W40']",0.1372308858531352,0.18914214386035533,98.0,0.16318651485674526,0.025955629003610068,0.13013831354159835,1.9844674545084815,2.1751218523536346,2.249752388512654,98.0,2.2124371204331443,0.03731526807950964,0.18709413886847434,1.9844674545084815,completed,False,COMPLETE
218,1.7761434563832585,2026-06-12 00:52:09.893210,2026-06-12 00:52:11.479665,0 days 00:00:01.586455,,,,,,,,,,,,,,,LinearRegression,,,,,,5,,,,,,,,False,-0.02603402629396776,-0.010967607138036288,98.0,-0.018500816716002025,0.007533209577965737,0.03777058109034932,1.9844674545084815,1.7484375353759771,1.80384937739054,98.0,1.7761434563832585,0.027705921007281444,0.13891406116580182,1.9844674545084815,0.2594517705775904,0.2796687062459098,98.0,0.2695602384117501,0.010108467834159692,0.050682607470004595,1.9844674545084815,5.828874838023137,6.071889245038496,98.0,5.950382041530816,0.1215072035076794,0.609222089953815,1.9844674545084815,1.4559002671563845,1.5083138372823892,98.0,1.4821070522193869,0.026206785063002384,0.13139757895953616,1.9844674545084815,99.0,0.5353535353535354,-0.03478449713822427,-0.005538484251156847,98.0,-0.02016149069469056,0.014623006443533712,0.0733179456835633,1.9844674545084815,LinearRegression,"{'mode': 'original', 'type': 'LinearRegression'}",5,"['nodes_T2W40', 'atd_T2W40', 'density_T2W40', 'diameter_T2W40', 'asp_T2W40']",0.07069388200296346,0.11711654140332341,98.0,0.09390521170314343,0.023211329700179976,0.11637873625868596,1.9844674545084815,2.2111322241727467,2.290330846689803,98.0,2.250731535431275,0.03959931125852802,0.1985460488696652,1.9844674545084815,completed,False,COMPLETE
219,1.7368097204956043,2026-06-12 00:52:11.518539,2026-06-12 00:52:33.990630,0 days 00:00:22.472091,,,,,,19.0,log2,4.0,7.0,430.0,,,,,ExtraTreesRegressor,,,,,,5,,,,,,,,False,-0.00017255989670554583,0.008212236233868126,98.0,0.00401983816858129,0.004192398065286836,0.021020165368968877,1.9844674545084815,1.7120595718405847,1.761559869150624,98.0,1.7368097204956043,0.024750148655019597,0.12409418417176947,1.9844674545084815,0.2526673813578511,0.2716362866386985,98.0,0.2621518339982748,0.009484452640423703,0.04755387246898265,1.9844674545084815,5.696405518387964,5.937298175420397,98.0,5.81685184690418,0.12044632851621614,0.6039029939593282,1.9844674545084815,1.3886222458095971,1.4423168448351154,98.0,1.4154695453223562,0.02684729951275904,0.13460903918956035,1.9844674545084815,99.0,0.2727272727272727,0.008688634375510547,0.021869658551768673,98.0,0.01527914646363961,0.006590512088129062,0.0330440124724137,1.9844674545084815,ExtraTreesRegressor,"{'mode': 'original', 'type': 'ExtraTreesRegressor'}",5,"['edges_T2W40', 're_T2W40', 'l1_T2W40', 'l3_T2W40', 'lsc_T2W40']",0.13638907245044848,0.1883597431770672,98.0,0.16237440781375784,0.02598533536330936,0.13028725755494466,1.9844674545084815,2.1752209958337207,2.2498485080324695,98.0,2.212534751933095,0.037313756099374464,0.1870865579870835,1.9844674545084815,completed,False,COMPLETE
220,1.7366889616473788,2026-06-12 00:52:34.003440,2026-06-12 00:52:55.465672,0 days 00:00:21.462232,,,,,,18.0,log2,4.0,7.0,408.0,,,,,ExtraTreesRegressor,,,,,,5,,,,,,,,False,-8.124020820302839e-05,0.008257602796482775,98.0,0.004088181294139874,0.004169421502342902,0.020904963724189242,1.9844674545084815,1.7119564874489714,1.7614214358457863,98.0,1.7366889616473788,0.024732474198407385,0.12400556663235413,1.9844674545084815,0.2526695744199091,0.2716365905651138,98.0,0.26215308249251146,0.009483508072602361,0.047549136522753874,1.9844674545084815,5.698054101844694,5.938796012562624,98.0,5.818425057203659,0.12037095535896482,0.6035250822712844,1.9844674545084815,1.3857678061170302,1.4400272331643975,98.0,1.4128975196407139,0.027129713523683586,0.13602502811038852,1.9844674545084815,99.0,0.26262626262626265,0.00856492244147468,0.02165542780436034,98.0,0.01511017512291751,0.006545252681442829,0.03281708740512982,1.9844674545084815,ExtraTreesRegressor,"{'mode': 'original', 'type': 'ExtraTreesRegressor'}",5,"['edges_T2W40', 're_T2W40', 'l1_T2W40', 'l3_T2W40', 'lsc_T2W40']",0.1359015912173033,0.18780073923222698,98.0,0.16185116522476514,0.02594957400746185,0.1301079545398142,1.9844674545084815,2.1754296621922387,2.250012231239704,98.0,2.2127209467159714,0.03729128452373261,0.18697388828617792,1.9844674545084815,completed,False,COMPLETE
221,1.7366496397091025,2026-06-12 00:52:55.478484,2026-06-12 00:53:17.735027,0 days 00:00:22.256543,,,,,,17.0,log2,4.0,7.0,424.0,,,,,ExtraTreesRegressor,,,,,,5,,,,,,,,False,-7.313118227133576e-05,0.008298172517572991,98.0,0.004112520667650828,0.004185651849922163,0.0209863406795258,1.9844674545084815,1.7119004871811094,1.7613987922370955,98.0,1.7366496397091025,0.024749152527993125,0.1240891897140632,1.9844674545084815,0.2526525939885787,0.2716221040865033,98.0,0.262137349037541,0.009484755048962276,0.047555388707992106,1.9844674545084815,5.6967792109816004,5.937289773044575,98.0,5.817034492013088,0.12025528103148694,0.6029451055003137,1.9844674545084815,1.3875117543690818,1.4413744985779577,98.0,1.4144431264735198,0.026931372104437988,0.13503056876584793,1.9844674545084815,99.0,0.2727272727272727,0.008723082262873695,0.021867565121160393,98.0,0.015295323692017044,0.006572241429143349,0.03295240564803801,1.9844674545084815,ExtraTreesRegressor,"{'mode': 'original', 'type': 'ExtraTreesRegressor'}",5,"['edges_T2W40', 're_T2W40', 'l1_T2W40', 'l3_T2W40', 'lsc_T2W40']",0.13657024242937874,0.18845350364969984,98.0,0.1625118730395393,0.025941630610160558,0.13006812732821252,1.9844674545084815,2.175209326039951,2.24982637352045,98.0,2.2125178497802005,0.03730852374024918,0.18706032358558572,1.9844674545084815,completed,False,COMPLETE
222,1.7365028406709397,2026-06-12 00:53:17.749394,2026-06-12 00:53:39.902417,0 days 00:00:22.153023,,,,,,18.0,log2,4.0,7.0,421.0,,,,,ExtraTreesRegressor,,,,,,5,,,,,,,,False,-3.762674648829893e-06,0.008400125932235828,98.0,0.0041981816287934995,0.004201944303442329,0.021068029026368573,1.9844674545084815,1.7117394656024654,1.761266215739414,98.0,1.7365028406709397,0.024763375068474446,0.12416049977294324,1.9844674545084815,0.25262410860568757,0.2715941090121328,98.0,0.2621091088089102,0.009485000203222602,0.04755661788113186,1.9844674545084815,5.695781517770873,5.936206602605821,98.0,5.815994060188347,0.12021254241747363,0.6027308193757114,1.9844674545084815,1.387548150349681,1.4413731845442386,98.0,1.4144606674469598,0.02691251709727871,0.1349360320920042,1.9844674545084815,99.0,0.2727272727272727,0.008951969784534723,0.022115677357890547,98.0,0.015533823571212635,0.0065818537866779115,0.03300060081982648,1.9844674545084815,ExtraTreesRegressor,"{'mode': 'original', 'type': 'ExtraTreesRegressor'}",5,"['edges_T2W40', 're_T2W40', 'l1_T2W40', 'l3_T2W40', 'lsc_T2W40']",0.1373915347960487,0.18939479723167907,98.0,0.1633931660138639,0.02600163121781519,0.13036896295390893,1.9844674545084815,2.1749400309150415,2.2495604673290766,98.0,2.212250249122059,0.037310218207017354,0.18706881943238382,1.9844674545084815,completed,False,COMPLETE
223,1.7366641908441436,2026-06-12 00:53:39.914998,2026-06-12 00:54:02.729549,0 days 00:00:22.814551,,,,,,18.0,log2,4.0,7.0,434.0,,,,,ExtraTreesRegressor,,,,,,5,,,,,,,,False,-8.14949012429159e-05,0.008291082348117665,98.0,0.004104793723437375,0.004186288624680291,0.020989533389404534,1.9844674545084815,1.7119123320935667,1.7614160495947204,98.0,1.7366641908441436,0.0247518587505769,0.12410275837938323,1.9844674545084815,0.25265244278658616,0.2716237944617663,98.0,0.26213811862417624,0.009485675837590107,0.047560005428285715,1.9844674545084815,5.696343867079468,5.937221245109983,98.0,5.816782556094726,0.12043868901525712,0.6038646904463997,1.9844674545084815,1.387941388063015,1.4414592893384295,98.0,1.4147003387007222,0.02675895063770726,0.13416606885734697,1.9844674545084815,99.0,0.2727272727272727,0.008791721820179718,0.02196502589720614,98.0,0.015378373858692928,0.006586652038513211,0.033024658661064195,1.9844674545084815,ExtraTreesRegressor,"{'mode': 'original', 'type': 'ExtraTreesRegressor'}",5,"['edges_T2W40', 're_T2W40', 'l1_T2W40', 'l3_T2W40', 'lsc_T2W40']",0.13661393349451192,0.18826038862722413,98.0,0.16243716106086803,0.025823227566356098,0.12947446911107738,1.9844674545084815,2.1751137715786295,2.24973128257121,98.0,2.21242252707492,0.03730875549629046,0.18706148558171232,1.9844674545084815,completed,False,COMPLETE
224,1.7365279988236269,2026-06-12 00:54:02.743032,2026-06-12 00:54:24.569768,0 days 00:00:21.826736,,,,,,18.0,log2,4.0,7.0,419.0,,,,,ExtraTreesRegressor,,,,,,5,,,,,,,,False,-2.4527117977001314e-05,0.008386551042202312,98.0,0.004181011962112655,0.004205539080089657,0.021086052791863787,1.9844674545084815,1.7117757941057279,1.7612802035415258,98.0,1.7365279988236269,0.024752204717898883,0.1241044930167452,1.9844674545084815,0.25263024435802045,0.27159701744078896,98.0,0.2621136308994047,0.009483386541384262,0.047548527180257726,1.9844674545084815,5.695778919866292,5.936277683461594,98.0,5.816028301663943,0.12024938179765098,0.6029155274714979,1.9844674545084815,1.3873735511395555,1.4412871639805238,98.0,1.4143303575600397,0.026956806420484158,0.13515809328069872,1.9844674545084815,99.0,0.26262626262626265,0.008898141481159739,0.022078992827723624,98.0,0.015488567154441682,0.006590425673281942,0.03304357919905833,1.9844674545084815,ExtraTreesRegressor,"{'mode': 'original', 'type': 'ExtraTreesRegressor'}",5,"['edges_T2W40', 're_T2W40', 'l1_T2W40', 'l3_T2W40', 'lsc_T2W40']",0.13768133279109188,0.18968287332975683,98.0,0.16368210306042436,0.026000770269332483,0.13036464626470173,1.9844674545084815,2.1749954465162538,2.2495923356583725,98.0,2.212293891087313,0.03729844457105929,0.18700978787789435,1.9844674545084815,completed,False,COMPLETE
225,1.7366889616473788,2026-06-12 00:54:24.590210,2026-06-12 00:54:46.093700,0 days 00:00:21.503490,,,,,,18.0,log2,4.0,7.0,408.0,,,,,ExtraTreesRegressor,,,,,,5,,,,,,,,False,-8.124020820302839e-05,0.008257602796482775,98.0,0.004088181294139874,0.004169421502342902,0.020904963724189242,1.9844674545084815,1.7119564874489714,1.7614214358457863,98.0,1.7366889616473788,0.024732474198407385,0.12400556663235413,1.9844674545084815,0.2526695744199091,0.2716365905651138,98.0,0.26215308249251146,0.009483508072602361,0.047549136522753874,1.9844674545084815,5.698054101844694,5.938796012562624,98.0,5.818425057203659,0.12037095535896482,0.6035250822712844,1.9844674545084815,1.3857678061170302,1.4400272331643975,98.0,1.4128975196407139,0.027129713523683586,0.13602502811038852,1.9844674545084815,99.0,0.26262626262626265,0.00856492244147468,0.02165542780436034,98.0,0.01511017512291751,0.006545252681442829,0.03281708740512982,1.9844674545084815,ExtraTreesRegressor,"{'mode': 'original', 'type': 'ExtraTreesRegressor'}",5,"['edges_T2W40', 're_T2W40', 'l1_T2W40', 'l3_T2W40', 'lsc_T2W40']",0.1359015912173033,0.18780073923222698,98.0,0.16185116522476514,0.02594957400746185,0.1301079545398142,1.9844674545084815,2.1754296621922387,2.250012231239704,98.0,2.2127209467159714,0.03729128452373261,0.18697388828617792,1.9844674545084815,completed,False,COMPLETE
