number,value,datetime_start,datetime_complete,duration,params_dt_max_depth,params_dt_min_samples_leaf,params_dt_min_samples_split,params_elastic_alpha,params_elastic_l1_ratio,params_et_max_depth,params_et_max_features,params_et_min_samples_leaf,params_et_min_samples_split,params_et_n_estimators,params_knn_metric,params_knn_n_neighbors,params_knn_weights,params_quantile_alpha,params_regressor,params_rf_max_depth,params_rf_max_features,params_rf_min_samples_leaf,params_rf_min_samples_split,params_rf_n_estimators,params_rfe_n_features,params_rfe_proxy_et_max_depth,params_rfe_proxy_et_min_samples_leaf,params_rfe_proxy_et_min_samples_split,params_rfe_proxy_et_n_estimators,params_rfe_proxy_lsvr_C,params_rfe_proxy_lsvr_epsilon,params_rfe_proxy_type,params_use_scaler,user_attrs_d2mae_ci_lower_val,user_attrs_d2mae_ci_upper_val,user_attrs_d2mae_df_val,user_attrs_d2mae_mean_val,user_attrs_d2mae_samperror_val,user_attrs_d2mae_std_val,user_attrs_d2mae_t_critical_val,user_attrs_mae_ci_lower_val,user_attrs_mae_ci_upper_val,user_attrs_mae_df_val,user_attrs_mae_mean_val,user_attrs_mae_samperror_val,user_attrs_mae_std_val,user_attrs_mae_t_critical_val,user_attrs_mape_ci_lower_val,user_attrs_mape_ci_upper_val,user_attrs_mape_df_val,user_attrs_mape_mean_val,user_attrs_mape_samperror_val,user_attrs_mape_std_val,user_attrs_mape_t_critical_val,user_attrs_max_error_ci_lower_val,user_attrs_max_error_ci_upper_val,user_attrs_max_error_df_val,user_attrs_max_error_mean_val,user_attrs_max_error_samperror_val,user_attrs_max_error_std_val,user_attrs_max_error_t_critical_val,user_attrs_median_ae_ci_lower_val,user_attrs_median_ae_ci_upper_val,user_attrs_median_ae_df_val,user_attrs_median_ae_mean_val,user_attrs_median_ae_samperror_val,user_attrs_median_ae_std_val,user_attrs_median_ae_t_critical_val,user_attrs_n_splits_val,user_attrs_r2_below_zero_val,user_attrs_r2_ci_lower_val,user_attrs_r2_ci_upper_val,user_attrs_r2_df_val,user_attrs_r2_mean_val,user_attrs_r2_samperror_val,user_attrs_r2_std_val,user_attrs_r2_t_critical_val,user_attrs_regressor_final,user_attrs_rfe_estimator,user_attrs_rfe_n_features,user_attrs_rfe_selected_features,user_attrs_rho_ci_lower_val,user_attrs_rho_ci_upper_val,user_attrs_rho_df_val,user_attrs_rho_mean_val,user_attrs_rho_samperror_val,user_attrs_rho_std_val,user_attrs_rho_t_critical_val,user_attrs_rmse_ci_lower_val,user_attrs_rmse_ci_upper_val,user_attrs_rmse_df_val,user_attrs_rmse_mean_val,user_attrs_rmse_samperror_val,user_attrs_rmse_std_val,user_attrs_rmse_t_critical_val,user_attrs_termination_reason,user_attrs_use_scaler_final,state
284,1.736523216941756,2026-06-12 01:13:05.322156,2026-06-12 01:13:27.204959,0 days 00:00:21.882803,,,,,,17.0,log2,4.0,7.0,419.0,,,,,ExtraTreesRegressor,,,,,,5,,,,,,,,False,-2.0419679112070217e-05,0.008388265506968286,98.0,0.004183922913928107,0.0042043425930401775,0.021080053753783384,1.9844674545084815,1.7117707940864402,1.7612756397970717,98.0,1.736523216941756,0.024752422855315797,0.12410558673077361,1.9844674545084815,0.25262970890436504,0.27159653370316955,98.0,0.2621131213037673,0.009483412399402253,0.04754865682916173,1.9844674545084815,5.695778919866292,5.936277683461594,98.0,5.816028301663943,0.12024938179765098,0.6029155274714979,1.9844674545084815,1.3873887406609342,1.4413055526550143,98.0,1.4143471466579742,0.02695840599703998,0.13516611335970843,1.9844674545084815,99.0,0.26262626262626265,0.008900418951580268,0.022080063509305935,98.0,0.015490241230443102,0.006589822278862834,0.03304055385407085,1.9844674545084815,ExtraTreesRegressor,"{'mode': 'original', 'type': 'ExtraTreesRegressor'}",5,"['edges_T2W40', 're_T2W40', 'l1_T2W40', 'l3_T2W40', 'lsc_T2W40']",0.13775157020972517,0.18974577846078317,98.0,0.16374867433525417,0.025997104125528993,0.13034626467311247,1.9844674545084815,2.174993555425069,2.2495908667074533,98.0,2.212292211066261,0.037298655641192134,0.18701084615743452,1.9844674545084815,completed,False,COMPLETE
285,1.7367135217906489,2026-06-12 01:13:27.217675,2026-06-12 01:13:48.208569,0 days 00:00:20.990894,,,,,,17.0,log2,4.0,7.0,400.0,,,,,ExtraTreesRegressor,,,,,,5,,,,,,,,False,-9.412599906899206e-05,0.00824181070950035,98.0,0.004073842355215679,0.004167968354284671,0.020897677819555684,1.9844674545084815,1.7119855272641453,1.7614415163171524,98.0,1.7367135217906489,0.024727994526503528,0.12398310611148959,1.9844674545084815,0.25266671673978786,0.2716297677232627,98.0,0.2621482422315253,0.009481525491737395,0.04753919610750944,1.9844674545084815,5.697656485587851,5.938453956359508,98.0,5.8180552209736796,0.12039873538582835,0.6036643678900477,1.9844674545084815,1.3856839870934128,1.4398041424426749,98.0,1.4127440647680438,0.027060077674630943,0.13567588257604268,1.9844674545084815,99.0,0.26262626262626265,0.0086326532622224,0.02172677469104744,98.0,0.01517971397663492,0.00654706071441252,0.03282615265881604,1.9844674545084815,ExtraTreesRegressor,"{'mode': 'original', 'type': 'ExtraTreesRegressor'}",5,"['edges_T2W40', 're_T2W40', 'l1_T2W40', 'l3_T2W40', 'lsc_T2W40']",0.13709957172749704,0.1888008261604917,98.0,0.16295019894399437,0.025850627216497342,0.1296118475680015,1.9844674545084815,2.1753613499141444,2.249911896569798,98.0,2.212636623241971,0.037275273327826965,0.18689361013022743,1.9844674545084815,completed,False,COMPLETE
286,1.7724887988001752,2026-06-12 01:13:48.221261,2026-06-12 01:13:50.601406,0 days 00:00:02.380145,,,,,,,,,,,,,,0.0021431240799691816,QuantileRegressor,,,,,,4,,,,,,,,False,-0.02179233023276276,-0.010486714885692666,98.0,-0.016139522559227713,0.005652807673535047,0.028342478516183864,1.9844674545084815,1.7450188308484846,1.7999587667518657,98.0,1.7724887988001752,0.027469967951690537,0.13773102172856388,1.9844674545084815,0.25818324649466246,0.27816208352839306,98.0,0.26817266501152776,0.009989418516865318,0.050085708917524376,1.9844674545084815,5.838755555788719,6.113503677057407,98.0,5.976129616423063,0.13737406063434435,0.688776549118818,1.9844674545084815,1.3726499881032614,1.4565241047902675,98.0,1.4145870464467645,0.04193705834350297,0.21026722361303646,1.9844674545084815,99.0,0.7676767676767676,-0.03752952225442113,-0.019826258093875525,98.0,-0.02867789017414833,0.008851632080272804,0.04438098844983469,1.9844674545084815,QuantileRegressor,"{'mode': 'original', 'type': 'QuantileRegressor'}",4,"['edges_T2W40', 're_T2W40', 'l1_T2W40', 'atd_T2W40']",0.04530969620476907,0.1008837125325546,87.0,0.07309670436866184,0.02778700816389276,0.13114517806905637,1.9876082815890708,2.221895212455271,2.3014873228441566,98.0,2.261691267649714,0.039796055194442764,0.19953249863036726,1.9844674545084815,completed,False,COMPLETE
287,1.7367144233461673,2026-06-12 01:13:50.616115,2026-06-12 01:14:13.018731,0 days 00:00:22.402616,,,,,,16.0,log2,4.0,7.0,426.0,,,,,ExtraTreesRegressor,,,,,,5,,,,,,,,False,-0.00012193018406574888,0.008271163691612574,98.0,0.004074616753773412,0.004196546937839161,0.021040967302799245,1.9844674545084815,1.7119628097983701,1.7614660368939645,98.0,1.7367144233461673,0.02475161354779727,0.12410152896297369,1.9844674545084815,0.2526585393669535,0.27162841044787567,98.0,0.2621434749074146,0.009484935540461084,0.04755629367004332,1.9844674545084815,5.696551541996847,5.937239494409839,98.0,5.816895518203343,0.12034397620649641,0.6033898121376833,1.9844674545084815,1.3880897180400602,1.4418137425868918,98.0,1.414951730313476,0.026862012273415715,0.13468280715176748,1.9844674545084815,99.0,0.2828282828282828,0.008702752928846789,0.021877121395725986,98.0,0.015289937162286387,0.0065871842334395995,0.033027327020601384,1.9844674545084815,ExtraTreesRegressor,"{'mode': 'original', 'type': 'ExtraTreesRegressor'}",5,"['edges_T2W40', 're_T2W40', 'l1_T2W40', 'l3_T2W40', 'lsc_T2W40']",0.13655470576924136,0.18852125197043315,98.0,0.16253797886983726,0.025983273100595897,0.1302769176247672,1.9844674545084815,2.1752119667018857,2.249830671209903,98.0,2.2125213189558943,0.03730935225400881,0.18706447765110307,1.9844674545084815,completed,False,COMPLETE
288,1.8069311317861827,2026-06-12 01:14:13.031757,2026-06-12 01:14:14.854071,0 days 00:00:01.822314,,,,0.0011610648335323981,0.7069979614021511,,,,,,,,,,ElasticNet,,,,,,9,,,,,,,,False,-0.04409343080425892,-0.028224943132118437,98.0,-0.03615918696818868,0.007934243836070241,0.03978131725917295,1.9844674545084815,1.7785749848491952,1.8352872787231702,98.0,1.8069311317861827,0.028356146936987566,0.142174213555143,1.9844674545084815,0.26384853295767513,0.2841115980489895,98.0,0.2739800655033323,0.010131532545657159,0.05079825108072913,1.9844674545084815,5.905197510189714,6.132301022218941,98.0,6.018749266204328,0.11355175601461413,0.569334460181011,1.9844674545084815,1.4692619873047466,1.5279311677558043,98.0,1.4985965775302754,0.029334590225528822,0.14708000718661865,1.9844674545084815,99.0,0.8181818181818182,-0.0812916631162109,-0.04924367642820081,98.0,-0.06526766977220586,0.01602399334400505,0.08034232072359229,1.9844674545084815,ElasticNet,"{'mode': 'original', 'type': 'ElasticNet'}",9,"['nodes_T2W40', 'edges_T2W40', 'pe_T2W40', 'l1_T2W40', 'l3_T2W40', 'lcc_T2W40', 'atd_T2W40', 'diameter_T2W40', 'asp_T2W40']",0.0032149816417472235,0.05310341799101839,98.0,0.028159199816382808,0.024944218174635584,0.12506722473993062,1.9844674545084815,2.2593277827602414,2.3395875926422782,98.0,2.29945768770126,0.04012990494101839,0.20120637996799923,1.9844674545084815,completed,False,COMPLETE
289,1.7366878338946596,2026-06-12 01:14:14.867294,2026-06-12 01:14:36.425654,0 days 00:00:21.558360,,,,,,17.0,log2,4.0,7.0,412.0,,,,,ExtraTreesRegressor,,,,,,5,,,,,,,,False,-9.32253247898588e-05,0.008266532806889678,98.0,0.00408665374104991,0.004179879065839769,0.02095739665413469,1.9844674545084815,1.7119599571287483,1.761415710660571,98.0,1.7366878338946596,0.02472787676591138,0.1239825156744456,1.9844674545084815,0.25266778093279874,0.2716342485342135,98.0,0.2621510147335061,0.009483233800707392,0.0475477613573954,1.9844674545084815,5.697392259179418,5.9380691652870965,98.0,5.817730712233257,0.1203384530538393,0.6033621197333833,1.9844674545084815,1.3862090383906212,1.4405411170819826,98.0,1.4133750777363019,0.027166039345680747,0.13620716128897825,1.9844674545084815,99.0,0.26262626262626265,0.00861866193705522,0.02175499709957135,98.0,0.015186829518313285,0.006568167581258066,0.03293197987860888,1.9844674545084815,ExtraTreesRegressor,"{'mode': 'original', 'type': 'ExtraTreesRegressor'}",5,"['edges_T2W40', 're_T2W40', 'l1_T2W40', 'l3_T2W40', 'lsc_T2W40']",0.13589500237263163,0.18787063117578295,98.0,0.1618828167742073,0.02598781440157565,0.13029968714619578,1.9844674545084815,2.1753418960418576,2.2499180432810504,98.0,2.212629969661454,0.03728807361959654,0.18695778920997547,1.9844674545084815,completed,False,COMPLETE
290,1.737834804892122,2026-06-12 01:14:36.439308,2026-06-12 01:14:59.210551,0 days 00:00:22.771243,,,,,,17.0,log2,4.0,11.0,438.0,,,,,ExtraTreesRegressor,,,,,,5,,,,,,,,False,-0.0007024181122202528,0.007584870207590398,98.0,0.0034412260476850724,0.004143644159905325,0.020775719317438632,1.9844674545084815,1.713046594753789,1.762623015030455,98.0,1.737834804892122,0.024788210138333034,0.12428501974152635,1.9844674545084815,0.2528110034925798,0.27178792651855876,98.0,0.2622994650055693,0.009488461512989516,0.04757397246019632,1.9844674545084815,5.6981393697765395,5.941487894243473,98.0,5.819813632010006,0.12167426223346677,0.6100597017425083,1.9844674545084815,1.3900768452510583,1.4416125939117317,98.0,1.415844719581395,0.025767874330336654,0.12919693483195668,1.9844674545084815,99.0,0.2727272727272727,0.008239402148817958,0.021078360456640348,98.0,0.014658881302729153,0.006419479153911194,0.03218647449419369,1.9844674545084815,ExtraTreesRegressor,"{'mode': 'original', 'type': 'ExtraTreesRegressor'}",5,"['edges_T2W40', 're_T2W40', 'l1_T2W40', 'l3_T2W40', 'lsc_T2W40']",0.13380692442628286,0.18587418568350902,98.0,0.15984055505489594,0.026033630628613087,0.13052940404185112,1.9844674545084815,2.1759054920356724,2.250650651149258,98.0,2.213278071592465,0.037372579556792594,0.18738149152708813,1.9844674545084815,completed,False,COMPLETE
291,1.7404913514009683,2026-06-12 01:14:59.224818,2026-06-12 01:15:21.119187,0 days 00:00:21.894369,,,,,,17.0,log2,4.0,7.0,419.0,,,,,ExtraTreesRegressor,,,,,,6,,,,,,,,False,-0.0016533422560982267,0.005674825105588451,98.0,0.002010741424745112,0.0036640836808433386,0.018371262389130415,1.9844674545084815,1.715453453869511,1.7655292489324257,98.0,1.7404913514009683,0.02503789753145727,0.12553692144844578,1.9844674545084815,0.25322610070953444,0.2723028867701198,98.0,0.26276449373982713,0.009538393030292691,0.04782432291225065,1.9844674545084815,5.729227697603176,5.975529614311147,98.0,5.852378655957161,0.12315095835398579,0.6174636734478767,1.9844674545084815,1.3772486853831705,1.4328012939842192,98.0,1.4050249896836948,0.027776304300524413,0.13926695429287148,1.9844674545084815,99.0,0.35353535353535354,0.0008965840418265984,0.01217551568878091,98.0,0.006536049865303754,0.005639465823477156,0.02827558413016003,1.9844674545084815,ExtraTreesRegressor,"{'mode': 'original', 'type': 'ExtraTreesRegressor'}",6,"['edges_T2W40', 're_T2W40', 'pe_T2W40', 'l1_T2W40', 'l3_T2W40', 'lsc_T2W40']",0.1023704077968893,0.15153336957697214,98.0,0.12695188868693072,0.024581480890041415,0.12324850485958488,1.9844674545084815,2.1848928625281574,2.260319935541134,98.0,2.2226063990346456,0.03771353650648834,0.18909100750212082,1.9844674545084815,completed,False,COMPLETE
292,1.7367583521451848,2026-06-12 01:15:21.131923,2026-06-12 01:15:43.578029,0 days 00:00:22.446106,,,,,,19.0,log2,4.0,8.0,428.0,,,,,ExtraTreesRegressor,,,,,,5,,,,,,,,False,-0.00014916801485505022,0.008247231958139943,98.0,0.004049031971642446,0.004198199986497496,0.02104925548431733,1.9844674545084815,1.7120073181598168,1.7615093861305529,98.0,1.7367583521451848,0.024751033985368084,0.12409862310863605,1.9844674545084815,0.25266598972515036,0.2716359380181233,98.0,0.26215096387163683,0.009484974146486483,0.047556487235879734,1.9844674545084815,5.696804596401431,5.937551675808682,98.0,5.817178136105056,0.12037353970362562,0.6035380398557729,1.9844674545084815,1.388352776349584,1.4420724096753665,98.0,1.4152125930124753,0.026859816662891334,0.13467179863215897,1.9844674545084815,99.0,0.2828282828282828,0.00866200852619638,0.021849764865124573,98.0,0.015255886695660477,0.006593878169464097,0.03306088958789892,1.9844674545084815,ExtraTreesRegressor,"{'mode': 'original', 'type': 'ExtraTreesRegressor'}",5,"['edges_T2W40', 're_T2W40', 'l1_T2W40', 'l3_T2W40', 'lsc_T2W40']",0.1369601949608294,0.18904248854524386,98.0,0.16300134175303663,0.026041146792207228,0.13056708915648688,1.9844674545084815,2.17524839049953,2.2498692516148524,98.0,2.212558821057191,0.037310430557661346,0.18706988413224854,1.9844674545084815,completed,False,COMPLETE
293,1.748695811073935,2026-06-12 01:15:43.590880,2026-06-12 01:16:04.226283,0 days 00:00:20.635403,,,,,,2.0,log2,4.0,7.0,408.0,,,,,ExtraTreesRegressor,,,,,,5,,,,,,,,False,-0.004477355543080265,-0.0008619721478455057,98.0,-0.0026696638454628855,0.0018076916976173798,0.009063542590254884,1.9844674545084815,1.724049316138225,1.773342306009645,98.0,1.748695811073935,0.02464649493570999,0.12357447724340374,1.9844674545084815,0.2548620518263868,0.27412000583473156,98.0,0.2644910288305592,0.009628977004172388,0.0482784997535424,1.9844674545084815,5.774874982418996,6.045353645667747,98.0,5.910114314043372,0.13523933162437557,0.6780732818935459,1.9844674545084815,1.339214847509834,1.396133549163301,98.0,1.3676741983365674,0.02845935082673355,0.14269166509371323,1.9844674545084815,99.0,0.47474747474747475,-0.003205332313697371,0.002160814551523807,98.0,-0.000522258881086782,0.002683073432610589,0.013452598339252136,1.9844674545084815,ExtraTreesRegressor,"{'mode': 'original', 'type': 'ExtraTreesRegressor'}",5,"['edges_T2W40', 'pe_T2W40', 'l1_T2W40', 'l3_T2W40', 'lsc_T2W40']",0.08180287239057377,0.13370572928850877,98.0,0.10775430083954127,0.0259514284489675,0.13011725248015973,1.9844674545084815,2.193108821531399,2.268369435633148,98.0,2.2307391285822735,0.037630307050874466,0.18867370530578145,1.9844674545084815,completed,False,COMPLETE
294,1.7365275305655352,2026-06-12 01:16:04.277880,2026-06-12 01:16:26.252698,0 days 00:00:21.974818,,,,,,16.0,log2,4.0,7.0,419.0,,,,,ExtraTreesRegressor,,,,,,5,,,,,,,,False,-2.3948978880388404e-05,0.008386491334598033,98.0,0.004181271177858823,0.004205220156739211,0.021084453749630205,1.9844674545084815,1.7117755489798603,1.7612795121512101,98.0,1.7365275305655352,0.024751981585674866,0.12410337425937175,1.9844674545084815,0.25263012879811325,0.2715968403447612,98.0,0.26211348457143724,0.009483355773323968,0.04754837291300891,1.9844674545084815,5.695787827446071,5.936292883304488,98.0,5.8160403553752795,0.12025252792920874,0.602931301786004,1.9844674545084815,1.3874392487928888,1.441347731355884,98.0,1.4143934900743864,0.026954241281497517,0.13514523199108502,1.9844674545084815,99.0,0.26262626262626265,0.00890158345636053,0.022083354261124184,98.0,0.015492468858742357,0.006590885402381827,0.03304588422390426,1.9844674545084815,ExtraTreesRegressor,"{'mode': 'original', 'type': 'ExtraTreesRegressor'}",5,"['edges_T2W40', 're_T2W40', 'l1_T2W40', 'l3_T2W40', 'lsc_T2W40']",0.1376909356164037,0.18967593866100127,98.0,0.16368343713870248,0.025992501522298782,0.13032318778978216,1.9844674545084815,2.1749907996593474,2.2495883471995204,98.0,2.212289573429434,0.037298773770086543,0.18701143844110052,1.9844674545084815,completed,False,COMPLETE
295,1.7761434563832585,2026-06-12 01:16:26.265880,2026-06-12 01:16:27.916380,0 days 00:00:01.650500,,,,,,,,,,,,,,,LinearRegression,,,,,,5,,,,,,,,False,-0.02603402629396776,-0.010967607138036288,98.0,-0.018500816716002025,0.007533209577965737,0.03777058109034932,1.9844674545084815,1.7484375353759771,1.80384937739054,98.0,1.7761434563832585,0.027705921007281444,0.13891406116580182,1.9844674545084815,0.2594517705775904,0.2796687062459098,98.0,0.2695602384117501,0.010108467834159692,0.050682607470004595,1.9844674545084815,5.828874838023137,6.071889245038496,98.0,5.950382041530816,0.1215072035076794,0.609222089953815,1.9844674545084815,1.4559002671563845,1.5083138372823892,98.0,1.4821070522193869,0.026206785063002384,0.13139757895953616,1.9844674545084815,99.0,0.5353535353535354,-0.03478449713822427,-0.005538484251156847,98.0,-0.02016149069469056,0.014623006443533712,0.0733179456835633,1.9844674545084815,LinearRegression,"{'mode': 'original', 'type': 'LinearRegression'}",5,"['nodes_T2W40', 'atd_T2W40', 'density_T2W40', 'diameter_T2W40', 'asp_T2W40']",0.07069388200296346,0.11711654140332341,98.0,0.09390521170314343,0.023211329700179976,0.11637873625868596,1.9844674545084815,2.2111322241727467,2.290330846689803,98.0,2.250731535431275,0.03959931125852802,0.1985460488696652,1.9844674545084815,completed,False,COMPLETE
296,1.80450397437137,2026-06-12 01:16:27.948446,2026-06-12 01:16:46.926580,0 days 00:00:18.978134,,,,,,,,,,,,,,,RandomForestRegressor,17.0,log2,2.0,7.0,210.0,6,,,,,,,,False,-0.04486193941886704,-0.025988361693631837,98.0,-0.03542515055624944,0.0094367888626176,0.04731489218228472,1.9844674545084815,1.7778582205185534,1.8311497282241866,98.0,1.80450397437137,0.02664575385281654,0.1335985141784771,1.9844674545084815,0.2618199557025126,0.2809625169156771,98.0,0.27139123630909484,0.009571280606582256,0.047989217152116674,1.9844674545084815,5.948617262909301,6.2298571773171725,98.0,6.089237220113237,0.14061995720393533,0.7050510730549661,1.9844674545084815,1.4319748612560506,1.502892651664683,98.0,1.4674337564603668,0.03545889520431616,0.1777865148749103,1.9844674545084815,99.0,0.7373737373737373,-0.08186813167860436,-0.04388332643972663,98.0,-0.0628757290591655,0.018992402619438863,0.09522555768743025,1.9844674545084815,RandomForestRegressor,"{'mode': 'original', 'type': 'RandomForestRegressor'}",6,"['nodes_T2W40', 're_T2W40', 'l3_T2W40', 'lsc_T2W40', 'atd_T2W40', 'density_T2W40']",0.07735995789018212,0.12912082662491925,98.0,0.10324039225755069,0.02588043436736857,0.12976129693581773,1.9844674545084815,2.2560435715710723,2.333847736278222,98.0,2.294945653924647,0.03890208235357473,0.19505022937592625,1.9844674545084815,completed,False,COMPLETE
297,1.7564138623108776,2026-06-12 01:16:46.939371,2026-06-12 01:17:09.627264,0 days 00:00:22.687893,,,,,,16.0,,4.0,7.0,429.0,,,,,ExtraTreesRegressor,,,,,,4,,,,,,,,False,-0.016471839161441428,0.001786886063833714,98.0,-0.007342476548803857,0.009129362612637571,0.04577349498843308,1.9844674545084815,1.7282500366563593,1.7845776879653958,98.0,1.7564138623108776,0.028163825654518186,0.1412099384318069,1.9844674545084815,0.25305457383473884,0.2718910760316561,98.0,0.26247282493319746,0.009418251098458636,0.047221946125606845,1.9844674545084815,5.626007550458848,5.851906469230624,98.0,5.738957009844736,0.11294945938588814,0.5663146193787215,1.9844674545084815,1.3995835455980719,1.4711885033217098,98.0,1.4353860244598908,0.035802478861818976,0.17950920083800725,1.9844674545084815,99.0,0.45454545454545453,-0.020362384882302607,0.009226516136325982,98.0,-0.005567934372988312,0.014794450509314295,0.07417754502458858,1.9844674545084815,ExtraTreesRegressor,"{'mode': 'original', 'type': 'ExtraTreesRegressor'}",4,"['edges_T2W40', 're_T2W40', 'l1_T2W40', 'lsc_T2W40']",0.10891581427047115,0.16275452058253415,98.0,0.13583516742650265,0.026919353156031497,0.13497030724508313,1.9844674545084815,2.1958636785557206,2.2710736059278163,98.0,2.2334686422417684,0.03760496368604774,0.18854663680909578,1.9844674545084815,completed,False,COMPLETE
