number,value,datetime_start,datetime_complete,duration,params_dt_max_depth,params_dt_min_samples_leaf,params_dt_min_samples_split,params_elastic_alpha,params_elastic_l1_ratio,params_et_max_depth,params_et_max_features,params_et_min_samples_leaf,params_et_min_samples_split,params_et_n_estimators,params_knn_metric,params_knn_n_neighbors,params_knn_weights,params_quantile_alpha,params_regressor,params_rf_max_depth,params_rf_max_features,params_rf_min_samples_leaf,params_rf_min_samples_split,params_rf_n_estimators,params_rfe_n_features,params_rfe_proxy_et_max_depth,params_rfe_proxy_et_min_samples_leaf,params_rfe_proxy_et_min_samples_split,params_rfe_proxy_et_n_estimators,params_rfe_proxy_lsvr_C,params_rfe_proxy_lsvr_epsilon,params_rfe_proxy_type,params_use_scaler,params_xgb_booster,params_xgb_colsample_bytree,params_xgb_learning_rate,params_xgb_max_depth,params_xgb_n_estimators,params_xgb_reg_alpha,params_xgb_reg_lambda,params_xgb_subsample,user_attrs_d2mae_ci_lower_val,user_attrs_d2mae_ci_upper_val,user_attrs_d2mae_df_val,user_attrs_d2mae_mean_val,user_attrs_d2mae_samperror_val,user_attrs_d2mae_std_val,user_attrs_d2mae_t_critical_val,user_attrs_mae_ci_lower_val,user_attrs_mae_ci_upper_val,user_attrs_mae_df_val,user_attrs_mae_mean_val,user_attrs_mae_samperror_val,user_attrs_mae_std_val,user_attrs_mae_t_critical_val,user_attrs_mape_ci_lower_val,user_attrs_mape_ci_upper_val,user_attrs_mape_df_val,user_attrs_mape_mean_val,user_attrs_mape_samperror_val,user_attrs_mape_std_val,user_attrs_mape_t_critical_val,user_attrs_max_error_ci_lower_val,user_attrs_max_error_ci_upper_val,user_attrs_max_error_df_val,user_attrs_max_error_mean_val,user_attrs_max_error_samperror_val,user_attrs_max_error_std_val,user_attrs_max_error_t_critical_val,user_attrs_median_ae_ci_lower_val,user_attrs_median_ae_ci_upper_val,user_attrs_median_ae_df_val,user_attrs_median_ae_mean_val,user_attrs_median_ae_samperror_val,user_attrs_median_ae_std_val,user_attrs_median_ae_t_critical_val,user_attrs_n_splits_val,user_attrs_r2_below_zero_val,user_attrs_r2_ci_lower_val,user_attrs_r2_ci_upper_val,user_attrs_r2_df_val,user_attrs_r2_mean_val,user_attrs_r2_samperror_val,user_attrs_r2_std_val,user_attrs_r2_t_critical_val,user_attrs_regressor_final,user_attrs_rfe_estimator,user_attrs_rfe_n_features,user_attrs_rfe_selected_features,user_attrs_rho_ci_lower_val,user_attrs_rho_ci_upper_val,user_attrs_rho_df_val,user_attrs_rho_mean_val,user_attrs_rho_samperror_val,user_attrs_rho_std_val,user_attrs_rho_t_critical_val,user_attrs_rmse_ci_lower_val,user_attrs_rmse_ci_upper_val,user_attrs_rmse_df_val,user_attrs_rmse_mean_val,user_attrs_rmse_samperror_val,user_attrs_rmse_std_val,user_attrs_rmse_t_critical_val,user_attrs_termination_reason,user_attrs_use_scaler_final,state
107,6.7502552918598315,2026-06-12 20:58:43.731982,2026-06-12 20:58:44.023297,0 days 00:00:00.291315,,,,,,,,,,,,,,0.00032005827119523133,QuantileRegressor,,,,,,16,,,,,,,,False,,,,,,,,,,,,,,,,,,,,,,,,,,,,,,,,,,,,,,,,,,,,,,,,,,,,,QuantileRegressor,"{'mode': 'original', 'type': 'QuantileRegressor'}",16,"['nodes_T6W30', 'edges_T6W30', 're_T6W30', 'pe_T6W30', 'l1_T6W30', 'l2_T6W30', 'l3_T6W30', 'lcc_T6W30', 'lsc_T6W30', 'asp_T6W30', 'z_l1_T6W30', 'z_l2_T6W30', 'z_l3_T6W30', 'z_lsc_T6W30', 'z_diameter_T6W30', 'z_asp_T6W30']",,,,,,,,,,,,,,,pruned,False,PRUNED
108,6.43236284412755,2026-06-12 20:58:44.032949,2026-06-12 20:58:46.833848,0 days 00:00:02.800899,,,,,,,,,,,,,,2.710323160002809,QuantileRegressor,,,,,,11,,,,,,,,True,,,,,,,,,-0.004618760704527799,-0.0023266854860824436,98.0,-0.0034727230953051215,0.001146037609222678,0.005746090826723593,1.9844674545084815,6.387146941252938,6.477578747002163,98.0,6.43236284412755,0.04521590287461224,0.22670694455311866,1.9844674545084815,159975467009718.8,352020212552703.8,98.0,255997839781211.3,96022372771492.52,481444300695108.6,1.9844674545084815,17.65307108337025,18.14490871460955,98.0,17.8989898989899,0.24591881561964796,1.2330065254221743,1.9844674545084815,5.956835168213341,6.06336685198868,98.0,6.01010101010101,0.05326584188766987,0.26706834312012434,1.9844674545084815,99.0,1.0,-0.03940786471611372,-0.03383770038410198,98.0,-0.03662278255010785,0.0027850821660058717,0.013964057511701019,1.9844674545084815,QuantileRegressor,"{'mode': 'original', 'type': 'QuantileRegressor'}",11,"['diameter_T6W30', 'asp_T6W30', 'z_re_T6W30', 'z_pe_T6W30', 'z_l1_T6W30', 'z_l2_T6W30', 'z_l3_T6W30', 'z_lsc_T6W30', 'z_density_T6W30', 'z_diameter_T6W30', 'z_asp_T6W30']",,,,,,,,7.641821067877172,7.76254996760978,98.0,7.702185517743476,0.06036444986630419,0.3026598855444638,1.9844674545084815,completed,True,COMPLETE
109,6.798539585811459,2026-06-12 20:58:46.846222,2026-06-12 20:59:11.585291,0 days 00:00:24.739069,,,,,,,,,,,,,,,RandomForestRegressor,16.0,,3.0,3.0,167.0,22,,,,,,,,True,,,,,,,,,-0.07041678073762575,-0.051453883867751474,98.0,-0.06093533230268861,0.00948144843493714,0.047538809754243606,1.9844674545084815,6.7297781540805515,6.867301017542366,98.0,6.798539585811459,0.06876143173090773,0.3447613140456534,1.9844674545084815,155159408001408.75,344202240188663.0,98.0,249680824095035.88,94521416093627.11,473918689555835.75,1.9844674545084815,17.637627417060454,18.352759416491917,98.0,17.995193416776186,0.3575659997157326,1.7927916975677598,1.9844674545084815,6.283734492763956,6.5134859977880515,98.0,6.398610245276004,0.11487575251204761,0.5759728148626491,1.9844674545084815,99.0,0.9595959595959596,-0.15148240224415002,-0.11735631195495287,98.0,-0.13441935709955144,0.01706304514459857,0.08555199793822635,1.9844674545084815,RandomForestRegressor,"{'mode': 'original', 'type': 'RandomForestRegressor'}",22,"['nodes_T6W30', 'edges_T6W30', 're_T6W30', 'pe_T6W30', 'l1_T6W30', 'l2_T6W30', 'l3_T6W30', 'lcc_T6W30', 'lsc_T6W30', 'atd_T6W30', 'density_T6W30', 'diameter_T6W30', 'asp_T6W30', 'z_re_T6W30', 'z_pe_T6W30', 'z_l1_T6W30', 'z_l2_T6W30', 'z_l3_T6W30', 'z_lsc_T6W30', 'z_density_T6W30', 'z_diameter_T6W30', 'z_asp_T6W30']",-0.09486895419818642,-0.042102000738414525,98.0,-0.06848547746830047,0.02638347672988595,0.13228348912345023,1.9844674545084815,7.970988805284716,8.128647325328512,98.0,8.049818065306614,0.07882926002189732,0.39524015987264316,1.9844674545084815,completed,True,COMPLETE
110,6.557686268908136,2026-06-12 20:59:11.606886,2026-06-12 20:59:14.611812,0 days 00:00:03.004926,,,,0.0042012607279230466,0.7373570773877997,,,,,,,,,,ElasticNet,,,,,,11,,,,,,,,True,,,,,,,,,-0.03153154778704373,-0.014898815769015134,98.0,-0.02321518177802943,0.008316366009014297,0.04169723057211457,1.9844674545084815,6.4926845073858965,6.622688030430376,98.0,6.557686268908136,0.06500176152223926,0.3259107926284821,1.9844674545084815,152593469511804.66,336035590478043.75,98.0,244314529994924.2,91721060483119.53,459878052882475.94,1.9844674545084815,17.208888391508545,18.129145471227112,98.0,17.66901693136783,0.46012853985928504,2.307027588555721,1.9844674545084815,5.987498653621218,6.215861897972893,98.0,6.101680275797055,0.11418162217583747,0.5724925312093465,1.9844674545084815,99.0,0.7878787878787878,-0.0797419598571225,-0.046273129373171754,98.0,-0.06300754461514713,0.016734415241975376,0.0839042882525634,1.9844674545084815,ElasticNet,"{'mode': 'original', 'type': 'ElasticNet'}",11,"['nodes_T6W30', 'pe_T6W30', 'l2_T6W30', 'lcc_T6W30', 'density_T6W30', 'asp_T6W30', 'z_pe_T6W30', 'z_l2_T6W30', 'z_lsc_T6W30', 'z_diameter_T6W30', 'z_asp_T6W30']",0.008643946569289872,0.06720459088361891,98.0,0.03792426872645439,0.029280322157164515,0.1468079138039035,1.9844674545084815,7.714269935261696,7.869057526660341,98.0,7.791663730961019,0.07739379569932195,0.38804291930247214,1.9844674545084815,completed,True,COMPLETE
111,6.6447669977081745,2026-06-12 20:59:14.646023,2026-06-12 20:59:16.698930,0 days 00:00:02.052907,,,,,,,,,,,minkowski,14.0,uniform,,KNeighborsRegressor,,,,,,15,,,,,0.4339260158221391,0.3806019094922788,LinearSVR,,,,,,,,,,-0.044877344489819684,-0.028742614219692857,98.0,-0.03680997935475627,0.008067365135063415,0.040448770987419294,1.9844674545084815,6.580439789158326,6.7090942062580226,98.0,6.6447669977081745,0.06432720854984801,0.3225286674559709,1.9844674545084815,161318569837361.12,356538682960470.25,98.0,258928626398915.7,97610056561554.56,489404750848224.6,1.9844674545084815,16.66147256421519,17.272149369406737,98.0,16.966810966810964,0.3053384025957734,1.5309289852992114,1.9844674545084815,6.365949141951926,6.564786788784007,98.0,6.4653679653679665,0.09941882341604022,0.4984736841420379,1.9844674545084815,99.0,0.8686868686868687,-0.08766988127641182,-0.05938522965198065,98.0,-0.07352755546419623,0.014142325812215584,0.07090787245038711,1.9844674545084815,KNeighborsRegressor,"{'mode': 'proxy', 'type': 'LinearSVR'}",15,"['nodes_T6W30', 'edges_T6W30', 'pe_T6W30', 'l1_T6W30', 'l2_T6W30', 'atd_T6W30', 'density_T6W30', 'diameter_T6W30', 'z_re_T6W30', 'z_pe_T6W30', 'z_l2_T6W30', 'z_l3_T6W30', 'z_lsc_T6W30', 'z_diameter_T6W30', 'z_asp_T6W30']",-0.03594586231657493,0.016522492484966313,98.0,-0.009711684915804306,0.02623417740077062,0.13153492075312645,1.9844674545084815,7.761063856411559,7.902985721458316,98.0,7.8320247889349375,0.07096093252337922,0.3557893389771947,1.9844674545084815,completed,True,COMPLETE
112,6.429023783941445,2026-06-12 20:59:16.712273,2026-06-12 20:59:22.405567,0 days 00:00:05.693294,,,,,,3.0,sqrt,5.0,2.0,82.0,,,,,ExtraTreesRegressor,,,,,,9,,,,,,,,False,,,,,,,,,-0.006672132073764385,0.0007209669752092605,98.0,-0.0029755825492775623,0.003696549524486823,0.018534042113670345,1.9844674545084815,6.379398222055224,6.478649345827666,98.0,6.429023783941445,0.0496255618862207,0.24881642943535437,1.9844674545084815,168710802227571.7,371372994160912.75,98.0,270041898194242.22,101331095966670.55,508061582194375.9,1.9844674545084815,16.418152307293006,16.998747104516653,98.0,16.70844970590483,0.29029739861182463,1.4555152516473973,1.9844674545084815,6.133843564514848,6.291232247003977,98.0,6.212537905759413,0.07869434124456443,0.3945636938103199,1.9844674545084815,99.0,0.5757575757575758,-0.015378854085410456,-0.0028810036872432398,98.0,-0.009129928886326848,0.006248925199083608,0.03133133805939472,1.9844674545084815,ExtraTreesRegressor,"{'mode': 'original', 'type': 'ExtraTreesRegressor'}",9,"['nodes_T6W30', 're_T6W30', 'lcc_T6W30', 'atd_T6W30', 'density_T6W30', 'diameter_T6W30', 'asp_T6W30', 'z_pe_T6W30', 'z_l2_T6W30']",0.027652181501593025,0.0737038472534294,98.0,0.05067801437751122,0.02302583287591819,0.11544867812473,1.9844674545084815,7.537134788750585,7.65925141935346,98.0,7.598193104052022,0.06105831530143734,0.30613884101653027,1.9844674545084815,completed,False,COMPLETE
113,6.965817861054389,2026-06-12 20:59:22.418230,2026-06-12 20:59:24.212477,0 days 00:00:01.794247,,,,,,,,,,,,,,,LinearRegression,,,,,,22,,,,,,,,False,,,,,,,,,-0.09945270766507075,-0.07454666486827019,98.0,-0.08699968626667047,0.012453021398400276,0.06243790905856466,1.9844674545084815,6.879193041523335,7.052442680585443,98.0,6.965817861054389,0.08662481953105447,0.434326131069634,1.9844674545084815,163392545175109.84,360595192436493.1,98.0,261993868805801.5,98601323630691.66,494374841329517.94,1.9844674545084815,18.864932383689236,20.159332257463483,98.0,19.51213232057636,0.6471999368871229,3.2449804356120384,1.9844674545084815,6.174085240703201,6.454510991440641,98.0,6.314298116071921,0.14021287536871993,0.7030100150824938,1.9844674545084815,99.0,0.9696969696969697,-0.25341695081228577,-0.19772055553814097,98.0,-0.22556875317521338,0.027848197637072414,0.13962741859030514,1.9844674545084815,LinearRegression,"{'mode': 'original', 'type': 'LinearRegression'}",22,"['nodes_T6W30', 'edges_T6W30', 're_T6W30', 'pe_T6W30', 'l1_T6W30', 'l2_T6W30', 'l3_T6W30', 'lcc_T6W30', 'lsc_T6W30', 'atd_T6W30', 'density_T6W30', 'diameter_T6W30', 'asp_T6W30', 'z_re_T6W30', 'z_pe_T6W30', 'z_l1_T6W30', 'z_l2_T6W30', 'z_l3_T6W30', 'z_lsc_T6W30', 'z_density_T6W30', 'z_diameter_T6W30', 'z_asp_T6W30']",-0.10508391071372074,-0.051618624356954926,98.0,-0.07835126753533783,0.026732643178382903,0.13403416651009273,1.9844674545084815,8.25318472666698,8.46450003257904,98.0,8.35884237962301,0.10565765295603043,0.5297544038154045,1.9844674545084815,completed,False,COMPLETE
114,6.547827374134755,2026-06-12 20:59:24.224760,2026-06-12 20:59:26.609186,0 days 00:00:02.384426,,,,,,,,,,,,,,,XGBRegressor,,,,,,15,,,,,,,,True,gblinear,0.9899851646794253,0.09517259270730555,10.0,68.0,0.0026117662573891046,0.0017450341235732876,0.6464110183504823,-0.0280959808194152,-0.014932682591550454,98.0,-0.021514331705482826,0.0065816491139323715,0.03299957461599498,1.9844674545084815,6.48626619669367,6.60938855157584,98.0,6.547827374134755,0.061561177441085316,0.3086601295889862,1.9844674545084815,161797323344166.2,356588345442494.5,98.0,259192834393330.34,97395511049164.17,488329046184834.6,1.9844674545084815,17.00189186244381,17.752327154199673,98.0,17.37710950832174,0.37521764587793216,1.8812948682080157,1.9844674545084815,6.059139069387877,6.249641947568799,98.0,6.154390508478338,0.0952514390904614,0.4775789345701786,1.9844674545084815,99.0,0.7878787878787878,-0.06489187218751788,-0.04015823517799886,98.0,-0.05252505368275837,0.012366818504759512,0.06200569841172368,1.9844674545084815,XGBRegressor,"{'mode': 'original', 'type': 'XGBRegressor'}",15,"['re_T6W30', 'pe_T6W30', 'l1_T6W30', 'l2_T6W30', 'l3_T6W30', 'density_T6W30', 'diameter_T6W30', 'asp_T6W30', 'z_re_T6W30', 'z_l1_T6W30', 'z_l2_T6W30', 'z_l3_T6W30', 'z_lsc_T6W30', 'z_density_T6W30', 'z_asp_T6W30']",-0.03285360977681102,0.01630170485290161,98.0,-0.008275952461954703,0.024577657314856314,0.12322933392651987,1.9844674545084815,7.685118021057789,7.829145887721539,98.0,7.757131954389664,0.07201393333187511,0.36106895479218937,1.9844674545084815,completed,True,COMPLETE
115,6.541375028615479,2026-06-12 20:59:26.622002,2026-06-12 20:59:29.366053,0 days 00:00:02.744051,,,,,,,,,,,,,,0.00040504836317817647,QuantileRegressor,,,,,,6,,,,,,,,True,,,,,,,,,-0.030108010744957947,-0.011080684076950226,98.0,-0.020594347410954086,0.00951366333400386,0.047700331273713335,1.9844674545084815,6.4675963725835155,6.615153684647443,98.0,6.541375028615479,0.07377865603196357,0.36991705614338943,1.9844674545084815,140256227896730.89,309072699901617.25,98.0,224664463899174.06,84408236002443.17,423212455411939.94,1.9844674545084815,19.047927672006786,20.18669071331489,98.0,19.617309192660837,0.5693815206540521,2.8548085214718952,1.9844674545084815,5.6555288929078396,5.932200936614783,98.0,5.793864914761311,0.13833602185347205,0.6935997036928138,1.9844674545084815,99.0,0.9494949494949495,-0.16966835779909392,-0.1251289482925292,98.0,-0.14739865304581157,0.022269704753282347,0.11165754523839086,1.9844674545084815,QuantileRegressor,"{'mode': 'original', 'type': 'QuantileRegressor'}",6,"['nodes_T6W30', 'l1_T6W30', 'lcc_T6W30', 'z_l1_T6W30', 'z_lsc_T6W30', 'z_diameter_T6W30']",-0.020618164265112725,0.03200550488479506,98.0,0.005693670309841168,0.026311834574953893,0.1319242842195719,1.9844674545084815,8.000932090424149,8.182005539566441,98.0,8.091468814995295,0.09053672457114581,0.4539399391026259,1.9844674545084815,completed,True,COMPLETE
116,7.683545582957348,2026-06-12 20:59:29.403299,2026-06-12 20:59:29.673172,0 days 00:00:00.269873,17.0,4.0,15.0,,,,,,,,,,,,DecisionTreeRegressor,,,,,,15,,,,,,,,True,,,,,,,,,,,,,,,,,,,,,,,,,,,,,,,,,,,,,,,,,,,,,,,,,,,,,DecisionTreeRegressor,"{'mode': 'original', 'type': 'DecisionTreeRegressor'}",15,"['edges_T6W30', 'pe_T6W30', 'l2_T6W30', 'l3_T6W30', 'lsc_T6W30', 'atd_T6W30', 'z_re_T6W30', 'z_pe_T6W30', 'z_l1_T6W30', 'z_l2_T6W30', 'z_l3_T6W30', 'z_lsc_T6W30', 'z_density_T6W30', 'z_diameter_T6W30', 'z_asp_T6W30']",,,,,,,,,,,,,,,pruned,True,PRUNED
117,6.402966741593089,2026-06-12 20:59:29.682735,2026-06-12 20:59:33.651749,0 days 00:00:03.969014,,,,,,,,,,,,,,0.03382699854685835,QuantileRegressor,,,,,,19,,,,,,,,True,,,,,,,,,-0.003982655890923222,0.0062704286750146256,98.0,0.0011438863920457014,0.005126542282968924,0.025703848938219857,1.9844674545084815,6.346813505882769,6.45911997730341,98.0,6.402966741593089,0.05615323571032098,0.2815453786239829,1.9844674545084815,152524238566369.2,335744336306944.0,98.0,244134287436656.6,91610048870287.39,459321454386038.0,1.9844674545084815,17.299038258013823,17.877096560270104,98.0,17.588067409141964,0.289029151128141,1.4491564156254688,1.9844674545084815,5.823781314009014,6.023290436913666,98.0,5.92353587546134,0.09975456145232606,0.5001570331307266,1.9844674545084815,99.0,0.7070707070707071,-0.04225584222777271,-0.024180608260321375,98.0,-0.033218225244047044,0.00903761698372567,0.0453134937524874,1.9844674545084815,QuantileRegressor,"{'mode': 'original', 'type': 'QuantileRegressor'}",19,"['pe_T6W30', 'l1_T6W30', 'l2_T6W30', 'l3_T6W30', 'lcc_T6W30', 'lsc_T6W30', 'atd_T6W30', 'density_T6W30', 'diameter_T6W30', 'asp_T6W30', 'z_re_T6W30', 'z_pe_T6W30', 'z_l1_T6W30', 'z_l2_T6W30', 'z_l3_T6W30', 'z_lsc_T6W30', 'z_density_T6W30', 'z_diameter_T6W30', 'z_asp_T6W30']",0.03951032256555252,0.08822638320041114,97.0,0.06386835288298183,0.024358030317429308,0.12149412043575826,1.9847231860139845,7.621920872566942,7.752678937318673,98.0,7.687299904942807,0.06537903237586583,0.3278023820263939,1.9844674545084815,completed,True,COMPLETE
118,6.468530686073054,2026-06-12 20:59:33.664049,2026-06-12 20:59:37.235029,0 days 00:00:03.570980,,,,,,,,,,,,,,,XGBRegressor,,,,,,6,,,,,,,,False,gblinear,0.8632308575565024,0.001054667477065073,6.0,122.0,8.438972315176365,7.8091343805248e-08,0.6233394322608115,-0.010838388856748054,-0.007533868768639479,98.0,-0.009186128812693766,0.0016522600440542867,0.00828422750361724,1.9844674545084815,6.425014539171571,6.512046832974536,98.0,6.468530686073054,0.04351614690148254,0.21818457833557905,1.9844674545084815,177419238006660.5,390358233135646.5,98.0,283888735571153.5,106469497564493.02,533824892270470.1,1.9844674545084815,16.30109011791573,16.755533263881983,98.0,16.528311690898857,0.22722157298312495,1.1392608633826704,1.9844674545084815,6.205775380842053,6.373387814064778,98.0,6.289581597453416,0.08380621661136305,0.420194004644917,1.9844674545084815,99.0,1.0,-0.0020918319132783073,-0.0012107693926160206,98.0,-0.001651300652947164,0.0004405312603311434,0.002208769252861336,1.9844674545084815,XGBRegressor,"{'mode': 'original', 'type': 'XGBRegressor'}",6,"['z_l2_T6W30', 'z_l3_T6W30', 'z_lsc_T6W30', 'z_density_T6W30', 'z_diameter_T6W30', 'z_asp_T6W30']",,,,,,,,7.513725754107691,7.6284334401156855,98.0,7.571079597111688,0.05735384300399766,0.28756507509919044,1.9844674545084815,completed,False,COMPLETE
119,6.547435910824547,2026-06-12 20:59:37.247728,2026-06-12 20:59:37.654912,0 days 00:00:00.407184,,,,,,,,,,,manhattan,16.0,distance,,KNeighborsRegressor,,,,,,11,11.0,2.0,12.0,40.0,,,ExtraTrees,,,,,,,,,,,,,,,,,,,,,,,,,,,,,,,,,,,,,,,,,,,,,,,,,,,,,,KNeighborsRegressor,"{'mode': 'proxy', 'type': 'ExtraTrees'}",11,"['nodes_T6W30', 'lsc_T6W30', 'atd_T6W30', 'density_T6W30', 'asp_T6W30', 'z_re_T6W30', 'z_pe_T6W30', 'z_l1_T6W30', 'z_l3_T6W30', 'z_lsc_T6W30', 'z_density_T6W30']",,,,,,,,,,,,,,,pruned,True,PRUNED
120,6.604774521031063,2026-06-12 20:59:37.664502,2026-06-12 20:59:40.610757,0 days 00:00:02.946255,,,,0.0002917112640198782,0.5882022669483905,,,,,,,,,,ElasticNet,,,,,,12,,,,,,,,False,,,,,,,,,-0.0388101947473291,-0.02217211756258694,98.0,-0.03049115615495802,0.008319038592371082,0.04171063057451108,1.9844674545084815,6.537602744293122,6.671946297769003,98.0,6.604774521031063,0.06717177673794107,0.336790980524979,1.9844674545084815,153175763817548.3,337512378597661.56,98.0,245344071207604.94,92168307390056.62,462120493556804.94,1.9844674545084815,17.55762583992044,18.595532573470386,98.0,18.076579206695413,0.5189533667749718,2.601967995051713,1.9844674545084815,5.976379398951011,6.204046169380684,98.0,6.090212784165847,0.11383338521483623,0.5707465141580452,1.9844674545084815,99.0,0.8282828282828283,-0.10315492346441678,-0.06836949521797674,98.0,-0.08576220934119676,0.017392714123220018,0.08720491742242797,1.9844674545084815,ElasticNet,"{'mode': 'original', 'type': 'ElasticNet'}",12,"['re_T6W30', 'pe_T6W30', 'l1_T6W30', 'l2_T6W30', 'atd_T6W30', 'asp_T6W30', 'z_pe_T6W30', 'z_l2_T6W30', 'z_l3_T6W30', 'z_lsc_T6W30', 'z_diameter_T6W30', 'z_asp_T6W30']",-0.018927754980168264,0.0339593718789757,98.0,0.00751580844940372,0.026443563429571982,0.1325847564039439,1.9844674545084815,7.793488489225873,7.956475235174607,98.0,7.87498186220024,0.08149337297436735,0.4085976927095687,1.9844674545084815,completed,False,COMPLETE
121,6.469785396026654,2026-06-12 20:59:40.624614,2026-06-12 20:59:47.920575,0 days 00:00:07.295961,,,,,,,,,,,,,,,XGBRegressor,,,,,,5,,,,,,,,False,gbtree,0.8924484885557338,0.0013964897465066847,2.0,274.0,0.023395288908658208,0.12517992356932114,0.6671191593480303,-0.01174511371077821,-0.007010082842520015,98.0,-0.009377598276649112,0.0023675154341290974,0.01187042956417711,1.9844674545084815,6.424817598390079,6.514753193663229,98.0,6.469785396026654,0.04496779763657549,0.22546297557612144,1.9844674545084815,171139646010709.44,376725856561013.56,98.0,273932751285861.5,102793105275152.05,515391916040704.1,1.9844674545084815,16.369889947208353,16.89311591632813,98.0,16.631502931768242,0.26161298455989,1.3116951473791287,1.9844674545084815,6.272233290592802,6.414311936920366,98.0,6.343272613756584,0.07103932316378184,0.35618237995254626,1.9844674545084815,99.0,0.6060606060606061,-0.008229049650298446,-0.002464100875182462,98.0,-0.005346575262740454,0.0028824743875579917,0.01445237006475453,1.9844674545084815,XGBRegressor,"{'mode': 'original', 'type': 'XGBRegressor'}",5,"['lcc_T6W30', 'atd_T6W30', 'density_T6W30', 'asp_T6W30', 'z_l2_T6W30']",-0.02295418095292865,0.026991392212900117,98.0,0.0020186056299857347,0.024972786582914384,0.1252104632056004,1.9844674545084815,7.526378552502152,7.643331320824608,98.0,7.58485493666338,0.05847638416122812,0.293193357621748,1.9844674545084815,completed,False,COMPLETE
