number,value,datetime_start,datetime_complete,duration,params_dt_max_depth,params_dt_min_samples_leaf,params_dt_min_samples_split,params_elastic_alpha,params_elastic_l1_ratio,params_et_max_depth,params_et_max_features,params_et_min_samples_leaf,params_et_min_samples_split,params_et_n_estimators,params_knn_metric,params_knn_n_neighbors,params_knn_weights,params_quantile_alpha,params_regressor,params_rf_max_depth,params_rf_max_features,params_rf_min_samples_leaf,params_rf_min_samples_split,params_rf_n_estimators,params_rfe_n_features,params_rfe_proxy_et_max_depth,params_rfe_proxy_et_min_samples_leaf,params_rfe_proxy_et_min_samples_split,params_rfe_proxy_et_n_estimators,params_rfe_proxy_lsvr_C,params_rfe_proxy_lsvr_epsilon,params_rfe_proxy_type,params_use_scaler,params_xgb_booster,params_xgb_colsample_bytree,params_xgb_learning_rate,params_xgb_max_depth,params_xgb_n_estimators,params_xgb_reg_alpha,params_xgb_reg_lambda,params_xgb_subsample,user_attrs_d2mae_ci_lower_val,user_attrs_d2mae_ci_upper_val,user_attrs_d2mae_df_val,user_attrs_d2mae_mean_val,user_attrs_d2mae_samperror_val,user_attrs_d2mae_std_val,user_attrs_d2mae_t_critical_val,user_attrs_mae_ci_lower_val,user_attrs_mae_ci_upper_val,user_attrs_mae_df_val,user_attrs_mae_mean_val,user_attrs_mae_samperror_val,user_attrs_mae_std_val,user_attrs_mae_t_critical_val,user_attrs_mape_ci_lower_val,user_attrs_mape_ci_upper_val,user_attrs_mape_df_val,user_attrs_mape_mean_val,user_attrs_mape_samperror_val,user_attrs_mape_std_val,user_attrs_mape_t_critical_val,user_attrs_max_error_ci_lower_val,user_attrs_max_error_ci_upper_val,user_attrs_max_error_df_val,user_attrs_max_error_mean_val,user_attrs_max_error_samperror_val,user_attrs_max_error_std_val,user_attrs_max_error_t_critical_val,user_attrs_median_ae_ci_lower_val,user_attrs_median_ae_ci_upper_val,user_attrs_median_ae_df_val,user_attrs_median_ae_mean_val,user_attrs_median_ae_samperror_val,user_attrs_median_ae_std_val,user_attrs_median_ae_t_critical_val,user_attrs_n_splits_val,user_attrs_r2_below_zero_val,user_attrs_r2_ci_lower_val,user_attrs_r2_ci_upper_val,user_attrs_r2_df_val,user_attrs_r2_mean_val,user_attrs_r2_samperror_val,user_attrs_r2_std_val,user_attrs_r2_t_critical_val,user_attrs_regressor_final,user_attrs_rfe_estimator,user_attrs_rfe_n_features,user_attrs_rfe_selected_features,user_attrs_rho_ci_lower_val,user_attrs_rho_ci_upper_val,user_attrs_rho_df_val,user_attrs_rho_mean_val,user_attrs_rho_samperror_val,user_attrs_rho_std_val,user_attrs_rho_t_critical_val,user_attrs_rmse_ci_lower_val,user_attrs_rmse_ci_upper_val,user_attrs_rmse_df_val,user_attrs_rmse_mean_val,user_attrs_rmse_samperror_val,user_attrs_rmse_std_val,user_attrs_rmse_t_critical_val,user_attrs_termination_reason,user_attrs_use_scaler_final,state
203,6.636269680048157,2026-06-12 21:06:36.318362,2026-06-12 21:07:02.343185,0 days 00:00:26.024823,,,,,,6.0,,1.0,5.0,451.0,,,,,ExtraTreesRegressor,,,,,,7,,,,,,,,False,,,,,,,,,-0.041873690388773546,-0.028826167335124716,98.0,-0.03534992886194913,0.006523761526824416,0.032709333413973876,1.9844674545084815,6.5758015944504375,6.696737765645876,98.0,6.636269680048157,0.06046808559771954,0.30317950228375257,1.9844674545084815,163038561908255.2,359824101522382.5,98.0,261431331715318.84,98392769807063.67,493329178252509.8,1.9844674545084815,17.22562883162316,17.906507347426466,98.0,17.566068089524812,0.3404392579016541,1.7069203324069868,1.9844674545084815,6.265746563333701,6.450110980267836,98.0,6.357928771800768,0.09218220846706789,0.46219019183760585,1.9844674545084815,99.0,0.898989898989899,-0.09234848312353941,-0.06712274315492911,98.0,-0.07973561313923426,0.012612869984305157,0.06323937009766246,1.9844674545084815,ExtraTreesRegressor,"{'mode': 'original', 'type': 'ExtraTreesRegressor'}",7,"['l3_T6W30', 'atd_T6W30', 'density_T6W30', 'z_re_T6W30', 'z_pe_T6W30', 'z_l3_T6W30', 'z_lsc_T6W30']",-0.06616896985761851,-0.014986414480037926,98.0,-0.04057769216882822,0.025591277688790295,0.1283115011133303,1.9844674545084815,7.783515601781387,7.930296515352241,98.0,7.856906058566814,0.07339045678542748,0.36797067313509085,1.9844674545084815,completed,False,COMPLETE
204,6.528537847602433,2026-06-12 21:07:02.356050,2026-06-12 21:07:23.868130,0 days 00:00:21.512080,,,,,,15.0,log2,3.0,3.0,364.0,,,,,ExtraTreesRegressor,,,,,,13,,,,,,,,False,,,,,,,,,-0.02486723641350358,-0.012383254948764355,98.0,-0.018625245681133967,0.006241990732369613,0.03129656950096971,1.9844674545084815,6.472417785759971,6.5846579094448945,98.0,6.528537847602433,0.0561200618424616,0.2813790489535954,1.9844674545084815,158850968526030.44,350208575758436.94,98.0,254529772142233.7,95678803616203.23,479721687444316.75,1.9844674545084815,16.888569470577046,17.52044318509862,98.0,17.204506327837834,0.3159368572607863,1.584068326135838,1.9844674545084815,6.232955147410715,6.435691497724463,98.0,6.334323322567589,0.10136817515687384,0.508247492667972,1.9844674545084815,99.0,0.8181818181818182,-0.0530997975281554,-0.03201363566001095,98.0,-0.04255671659408317,0.010543080934072229,0.052861703798505716,1.9844674545084815,ExtraTreesRegressor,"{'mode': 'original', 'type': 'ExtraTreesRegressor'}",13,"['nodes_T6W30', 're_T6W30', 'l2_T6W30', 'lcc_T6W30', 'lsc_T6W30', 'atd_T6W30', 'density_T6W30', 'diameter_T6W30', 'asp_T6W30', 'z_re_T6W30', 'z_pe_T6W30', 'z_l2_T6W30', 'z_density_T6W30']",-0.00036918296044049365,0.04442320762630455,98.0,0.022027012332932028,0.02239619529337252,0.11229175316161291,1.9844674545084815,7.654827798022781,7.786718477917985,98.0,7.720773137970383,0.06594533994760181,0.3306417781481873,1.9844674545084815,completed,False,COMPLETE
205,6.619822376100674,2026-06-12 21:07:23.926619,2026-06-12 21:07:26.542810,0 days 00:00:02.616191,,,,,,,,,,,minkowski,18.0,distance,,KNeighborsRegressor,,,,,,16,,,,,0.1748691422370216,0.0326366689670085,LinearSVR,,,,,,,,,,-0.03949174746953321,-0.02627072917512392,98.0,-0.03288123832232857,0.006610509147204648,0.03314427525331285,1.9844674545084815,6.561506438931784,6.678138313269565,98.0,6.619822376100674,0.05831593716889029,0.29238889624680836,1.9844674545084815,174231479390549.56,384720567977330.5,98.0,279476023683940.03,105244544293390.45,527683128075644.44,1.9844674545084815,16.96136194620614,17.514552340107322,98.0,17.23795714315673,0.27659519695059215,1.386814107253953,1.9844674545084815,6.350674769523659,6.546629365989578,98.0,6.448652067756618,0.09797729823295968,0.4912460551669222,1.9844674545084815,99.0,0.898989898989899,-0.08414926904397135,-0.0610681697292746,98.0,-0.07260871938662297,0.011540549657348376,0.057862888606610124,1.9844674545084815,KNeighborsRegressor,"{'mode': 'proxy', 'type': 'LinearSVR'}",16,"['edges_T6W30', 're_T6W30', 'l1_T6W30', 'l2_T6W30', 'lcc_T6W30', 'lsc_T6W30', 'atd_T6W30', 'density_T6W30', 'diameter_T6W30', 'z_pe_T6W30', 'z_l1_T6W30', 'z_l2_T6W30', 'z_l3_T6W30', 'z_lsc_T6W30', 'z_density_T6W30', 'z_asp_T6W30']",-0.042271084675635534,0.0031206913212242123,98.0,-0.01957519667720566,0.02269588799842987,0.11379437531773397,1.9844674545084815,7.764233878225902,7.896360426534454,98.0,7.830297152380178,0.06606327415427563,0.3312330856739368,1.9844674545084815,completed,True,COMPLETE
206,7.8982559488441835,2026-06-12 21:07:26.556420,2026-06-12 21:07:26.714149,0 days 00:00:00.157729,10.0,5.0,5.0,,,,,,,,,,,,DecisionTreeRegressor,,,,,,20,,,,,,,,False,,,,,,,,,,,,,,,,,,,,,,,,,,,,,,,,,,,,,,,,,,,,,,,,,,,,,DecisionTreeRegressor,"{'mode': 'original', 'type': 'DecisionTreeRegressor'}",20,"['edges_T6W30', 'pe_T6W30', 'l1_T6W30', 'l2_T6W30', 'l3_T6W30', 'lcc_T6W30', 'lsc_T6W30', 'atd_T6W30', 'density_T6W30', 'diameter_T6W30', 'asp_T6W30', 'z_re_T6W30', 'z_pe_T6W30', 'z_l1_T6W30', 'z_l2_T6W30', 'z_l3_T6W30', 'z_lsc_T6W30', 'z_density_T6W30', 'z_diameter_T6W30', 'z_asp_T6W30']",,,,,,,,,,,,,,,pruned,False,PRUNED
207,6.492555877158125,2026-06-12 21:07:26.723766,2026-06-12 21:07:51.562394,0 days 00:00:24.838628,,,,,,3.0,log2,1.0,9.0,486.0,,,,,ExtraTreesRegressor,,,,,,22,,,,,,,,False,,,,,,,,,-0.015991892309700682,-0.009846421987899385,98.0,-0.012919157148800034,0.003072735160900649,0.015406314050180196,1.9844674545084815,6.445260796664423,6.539850957651828,98.0,6.492555877158125,0.04729508049370255,0.23713168397531545,1.9844674545084815,170358316781755.44,375012057584770.0,98.0,272685187183262.72,102326870401507.27,513054272049800.5,1.9844674545084815,16.432665146198914,16.93918579384499,98.0,16.685925470021953,0.25326032382303754,1.2698159395306918,1.9844674545084815,6.157628040365258,6.29240383049033,98.0,6.225015935427794,0.06738789506253602,0.33787457107423174,1.9844674545084815,99.0,0.7373737373737373,-0.02432864590259486,-0.014330531815655776,98.0,-0.019329588859125318,0.004999057043469541,0.025064653715187936,1.9844674545084815,ExtraTreesRegressor,"{'mode': 'original', 'type': 'ExtraTreesRegressor'}",22,"['nodes_T6W30', 'edges_T6W30', 're_T6W30', 'pe_T6W30', 'l1_T6W30', 'l2_T6W30', 'l3_T6W30', 'lcc_T6W30', 'lsc_T6W30', 'atd_T6W30', 'density_T6W30', 'diameter_T6W30', 'asp_T6W30', 'z_re_T6W30', 'z_pe_T6W30', 'z_l1_T6W30', 'z_l2_T6W30', 'z_l3_T6W30', 'z_lsc_T6W30', 'z_density_T6W30', 'z_diameter_T6W30', 'z_asp_T6W30']",-0.034793872358559505,0.007245440578245121,98.0,-0.01377421589015719,0.02101965646840231,0.10538995774832352,1.9844674545084815,7.577517218291537,7.695952050555722,98.0,7.63673463442363,0.059217416132092505,0.2969088002702496,1.9844674545084815,completed,False,COMPLETE
208,6.737127041097936,2026-06-12 21:07:51.574917,2026-06-12 21:07:53.814811,0 days 00:00:02.239894,,,,,,,,,,,,,,,LinearRegression,,,,,,16,,,,,,,,True,,,,,,,,,-0.06189128729397215,-0.040488694181182165,98.0,-0.05118999073757716,0.01070129655639499,0.053654977360173384,1.9844674545084815,6.658134034816965,6.816120047378907,98.0,6.737127041097936,0.07899300628097103,0.3960611633629317,1.9844674545084815,155074358152137.53,341734318047969.25,98.0,248404338100053.4,93329979947915.88,467944976082207.44,1.9844674545084815,18.10959010451774,19.303992923792432,98.0,18.706791514155086,0.5972014096373469,2.9942940039734722,1.9844674545084815,6.0624323167715595,6.313704946887578,98.0,6.188068631829569,0.12563631505800946,0.6299249445642869,1.9844674545084815,99.0,0.8888888888888888,-0.16996654011579318,-0.12020372049673742,98.0,-0.1450851303062653,0.02488140980952788,0.1247523113656377,1.9844674545084815,LinearRegression,"{'mode': 'original', 'type': 'LinearRegression'}",16,"['nodes_T6W30', 'pe_T6W30', 'l1_T6W30', 'l2_T6W30', 'l3_T6W30', 'lcc_T6W30', 'atd_T6W30', 'density_T6W30', 'diameter_T6W30', 'asp_T6W30', 'z_pe_T6W30', 'z_l2_T6W30', 'z_l3_T6W30', 'z_lsc_T6W30', 'z_diameter_T6W30', 'z_asp_T6W30']",-0.03568932839989141,0.020673429417988425,98.0,-0.007507949490951492,0.028181378908939916,0.14129794827842987,1.9844674545084815,7.981280096542314,8.182222869496066,98.0,8.08175148301919,0.10047138647687587,0.5037511051444062,1.9844674545084815,completed,True,COMPLETE
209,7.517647058823529,2026-06-12 21:07:53.846242,2026-06-12 21:07:54.257387,0 days 00:00:00.411145,,,,,,,,,,,minkowski,2.0,uniform,,KNeighborsRegressor,,,,,,6,8.0,1.0,10.0,60.0,,,ExtraTrees,,,,,,,,,,,,,,,,,,,,,,,,,,,,,,,,,,,,,,,,,,,,,,,,,,,,,,KNeighborsRegressor,"{'mode': 'proxy', 'type': 'ExtraTrees'}",6,"['l3_T6W30', 'lsc_T6W30', 'density_T6W30', 'asp_T6W30', 'z_pe_T6W30', 'z_l3_T6W30']",,,,,,,,,,,,,,,pruned,True,PRUNED
210,6.442596338241263,2026-06-12 21:07:54.267048,2026-06-12 21:07:56.907797,0 days 00:00:02.640749,,,,,,,,,,,,,,0.023421035943396177,QuantileRegressor,,,,,,17,,,,,,,,True,,,,,,,,,-0.011475915892397914,0.0014690013490265379,98.0,-0.005003457271685688,0.006472458620712226,0.03245210698804928,1.9844674545084815,6.379690304846364,6.505502371636163,98.0,6.442596338241263,0.06290603339489938,0.3154030710049464,1.9844674545084815,150504098236847.12,331455064131514.25,98.0,240979581184180.7,90475482947333.55,453632881175408.3,1.9844674545084815,17.429384927382237,18.053046128046425,98.0,17.74121552771433,0.3118306003320923,1.56348006177151,1.9844674545084815,5.874689393657984,6.088723780156182,98.0,5.981706586907083,0.10701719324909913,0.5365709706921773,1.9844674545084815,99.0,0.7575757575757576,-0.05928729456226106,-0.03652553500679585,98.0,-0.04790641478452846,0.011380879777732604,0.0570623235787429,1.9844674545084815,QuantileRegressor,"{'mode': 'original', 'type': 'QuantileRegressor'}",17,"['l2_T6W30', 'l3_T6W30', 'lcc_T6W30', 'lsc_T6W30', 'atd_T6W30', 'density_T6W30', 'diameter_T6W30', 'asp_T6W30', 'z_re_T6W30', 'z_pe_T6W30', 'z_l1_T6W30', 'z_l2_T6W30', 'z_l3_T6W30', 'z_lsc_T6W30', 'z_density_T6W30', 'z_diameter_T6W30', 'z_asp_T6W30']",0.022647606456800178,0.06884054062375758,98.0,0.04574407354027888,0.023096467083478702,0.11580282930515384,1.9844674545084815,7.670775896172589,7.810558854907196,98.0,7.740667375539893,0.06989147936730375,0.35042723312631957,1.9844674545084815,completed,True,COMPLETE
211,7.88542794895736,2026-06-12 21:07:56.920294,2026-06-12 21:07:57.048009,0 days 00:00:00.127715,15.0,5.0,9.0,,,,,,,,,,,,DecisionTreeRegressor,,,,,,15,,,,,,,,True,,,,,,,,,,,,,,,,,,,,,,,,,,,,,,,,,,,,,,,,,,,,,,,,,,,,,DecisionTreeRegressor,"{'mode': 'original', 'type': 'DecisionTreeRegressor'}",15,"['edges_T6W30', 'pe_T6W30', 'l1_T6W30', 'l3_T6W30', 'lsc_T6W30', 'atd_T6W30', 'asp_T6W30', 'z_re_T6W30', 'z_pe_T6W30', 'z_l2_T6W30', 'z_l3_T6W30', 'z_lsc_T6W30', 'z_density_T6W30', 'z_diameter_T6W30', 'z_asp_T6W30']",,,,,,,,,,,,,,,pruned,True,PRUNED
212,6.487314663624172,2026-06-12 21:07:57.057547,2026-06-12 21:08:06.070159,0 days 00:00:09.012612,,,,,,13.0,sqrt,4.0,4.0,148.0,,,,,ExtraTreesRegressor,,,,,,5,,,,,,,,False,,,,,,,,,-0.016776040445908285,-0.007528351052518259,98.0,-0.012152195749213272,0.0046238446966950135,0.023183385416028976,1.9844674545084815,6.436966261004224,6.53766306624412,98.0,6.487314663624172,0.05034840261994735,0.2524406634708029,1.9844674545084815,169505196810278.84,373369761264454.1,98.0,271437479037366.47,101932282227087.62,511075855747298.75,1.9844674545084815,16.72174586856495,17.382408021533816,98.0,17.052076945049382,0.33033107648443255,1.656239160996085,1.9844674545084815,6.209178501569731,6.368635303066233,98.0,6.288906902317982,0.07972840074825116,0.399748340265728,1.9844674545084815,99.0,0.7171717171717171,-0.034541732018335033,-0.01774934037350374,98.0,-0.026145536195919385,0.008396195822415645,0.042097487382879856,1.9844674545084815,ExtraTreesRegressor,"{'mode': 'original', 'type': 'ExtraTreesRegressor'}",5,"['re_T6W30', 'lcc_T6W30', 'atd_T6W30', 'density_T6W30', 'asp_T6W30']",0.0027273774952993636,0.048920789920626984,98.0,0.025824083707963175,0.023096706212663812,0.11580402826931165,1.9844674545084815,7.596341434508554,7.7262893496476455,98.0,7.6613153920781,0.06497395756954558,0.32577138704856556,1.9844674545084815,completed,False,COMPLETE
213,6.556717630848362,2026-06-12 21:08:06.082966,2026-06-12 21:08:26.956105,0 days 00:00:20.873139,,,,,,,,,,,,,,,XGBRegressor,,,,,,19,,,,,,,,False,gbtree,0.944059094467018,0.006312158622574144,8.0,67.0,8.46477785593672e-06,1.284245525384529,0.9489595934788329,-0.02731284015469944,-0.01870972437561156,98.0,-0.0230112822651555,0.004301557889543941,0.021567479226527145,1.9844674545084815,6.50816091598013,6.605274345716594,98.0,6.556717630848362,0.048556714868231945,0.2434573626858768,1.9844674545084815,165420773262780.62,364697216695229.4,98.0,265058994979005.0,99638221716224.36,499573720083216.0,1.9844674545084815,16.721737943142656,17.269882477062815,98.0,16.995810210102736,0.27407226696007914,1.37416444832628,1.9844674545084815,6.227705072284375,6.393314156255911,98.0,6.310509614270143,0.0828045419857679,0.41517173196278573,1.9844674545084815,99.0,0.8484848484848485,-0.04157394125079071,-0.027738551285351878,98.0,-0.034656246268071296,0.006917694982719418,0.034684467038770976,1.9844674545084815,XGBRegressor,"{'mode': 'original', 'type': 'XGBRegressor'}",19,"['edges_T6W30', 'l1_T6W30', 'l2_T6W30', 'l3_T6W30', 'lcc_T6W30', 'lsc_T6W30', 'atd_T6W30', 'density_T6W30', 'diameter_T6W30', 'asp_T6W30', 'z_re_T6W30', 'z_pe_T6W30', 'z_l1_T6W30', 'z_l2_T6W30', 'z_l3_T6W30', 'z_lsc_T6W30', 'z_density_T6W30', 'z_diameter_T6W30', 'z_asp_T6W30']",-0.06963228966352143,-0.024139904968488755,98.0,-0.04688609731600509,0.022746192347516337,0.11404659510223661,1.9844674545084815,7.6315949508731,7.755177718644409,98.0,7.693386334758754,0.061791383885654694,0.309814356229323,1.9844674545084815,completed,False,COMPLETE
214,6.456882207809647,2026-06-12 21:08:26.970909,2026-06-12 21:08:36.612184,0 days 00:00:09.641275,,,,,,2.0,,1.0,6.0,158.0,,,,,ExtraTreesRegressor,,,,,,13,,,,,,,,False,,,,,,,,,-0.011182812695682503,-0.00342847705223928,98.0,-0.0073056448739608915,0.0038771678217216117,0.019439639916506147,1.9844674545084815,6.405885194585511,6.507879221033783,98.0,6.456882207809647,0.0509970132241359,0.25569271681778805,1.9844674545084815,168237627838010.28,370560632724450.4,98.0,269399130281230.34,101161502443220.06,507211261243712.25,1.9844674545084815,16.526760958313016,17.143379314643756,98.0,16.835070136478386,0.3083091781653689,1.5458240865693047,1.9844674545084815,6.137472680397922,6.292301036557923,98.0,6.214886858477922,0.07741417808000106,0.3881451140382334,1.9844674545084815,99.0,0.5959595959595959,-0.024815803880013112,-0.01097502520234703,98.0,-0.01789541454118007,0.006920389338833041,0.03469797620707735,1.9844674545084815,ExtraTreesRegressor,"{'mode': 'original', 'type': 'ExtraTreesRegressor'}",13,"['nodes_T6W30', 're_T6W30', 'l3_T6W30', 'lcc_T6W30', 'lsc_T6W30', 'atd_T6W30', 'density_T6W30', 'diameter_T6W30', 'asp_T6W30', 'z_re_T6W30', 'z_pe_T6W30', 'z_l2_T6W30', 'z_lsc_T6W30']",0.004260984742272961,0.04963585249743355,98.0,0.026948418619853254,0.022687433877580293,0.11375198740142926,1.9844674545084815,7.568106979419926,7.694055852097841,98.0,7.631081415758883,0.06297443633895726,0.3157460349061385,1.9844674545084815,completed,False,COMPLETE
215,6.520147376267535,2026-06-12 21:08:36.625195,2026-06-12 21:08:54.295458,0 days 00:00:17.670263,,,,,,13.0,log2,3.0,11.0,304.0,,,,,ExtraTreesRegressor,,,,,,11,,,,,,,,True,,,,,,,,,-0.023116744141924495,-0.011486572567976527,98.0,-0.01730165835495051,0.0058150857869739845,0.02915612090584501,1.9844674545084815,6.465547494850485,6.574747257684585,98.0,6.520147376267535,0.054599881417050494,0.27375705232178826,1.9844674545084815,162880246998957.03,359102983270544.25,98.0,260991615134750.66,98111368135793.62,491918265077499.56,1.9844674545084815,16.952923431087957,17.58660569254111,98.0,17.269764561814533,0.31684113072657716,1.5886022414496248,1.9844674545084815,6.213401695547056,6.414124942876255,98.0,6.313763319211655,0.10036162366459932,0.5032007679794982,1.9844674545084815,99.0,0.8282828282828283,-0.054591137583185505,-0.03386070843055409,98.0,-0.0442259230068698,0.010365214576315706,0.05196990387984449,1.9844674545084815,ExtraTreesRegressor,"{'mode': 'original', 'type': 'ExtraTreesRegressor'}",11,"['nodes_T6W30', 're_T6W30', 'lcc_T6W30', 'atd_T6W30', 'density_T6W30', 'diameter_T6W30', 'asp_T6W30', 'z_pe_T6W30', 'z_l2_T6W30', 'z_lsc_T6W30', 'z_density_T6W30']",-0.010523764645295149,0.03537290479972186,98.0,0.012424570077213357,0.022948334722508505,0.11506011196877508,1.9844674545084815,7.6614718783238605,7.792500916285933,98.0,7.726986397304897,0.0655145189810366,0.3284816951072655,1.9844674545084815,completed,True,COMPLETE
216,6.894117647058823,2026-06-12 21:08:54.308391,2026-06-12 21:08:54.531267,0 days 00:00:00.222876,,,,,,,,,,,manhattan,5.0,uniform,,KNeighborsRegressor,,,,,,21,9.0,2.0,9.0,50.0,,,ExtraTrees,,,,,,,,,,,,,,,,,,,,,,,,,,,,,,,,,,,,,,,,,,,,,,,,,,,,,,KNeighborsRegressor,"{'mode': 'proxy', 'type': 'ExtraTrees'}",21,"['nodes_T6W30', 'edges_T6W30', 're_T6W30', 'l1_T6W30', 'l2_T6W30', 'l3_T6W30', 'lcc_T6W30', 'lsc_T6W30', 'atd_T6W30', 'density_T6W30', 'diameter_T6W30', 'asp_T6W30', 'z_re_T6W30', 'z_pe_T6W30', 'z_l1_T6W30', 'z_l2_T6W30', 'z_l3_T6W30', 'z_lsc_T6W30', 'z_density_T6W30', 'z_diameter_T6W30', 'z_asp_T6W30']",,,,,,,,,,,,,,,pruned,True,PRUNED
217,6.676009143076433,2026-06-12 21:08:54.567110,2026-06-12 21:09:36.663571,0 days 00:00:42.096461,,,,,,,,,,,,,,,RandomForestRegressor,10.0,,5.0,9.0,368.0,14,,,,,,,,True,,,,,,,,,-0.05041657956663016,-0.03298020877134453,98.0,-0.041698394168987345,0.008718185397642818,0.043711903288277947,1.9844674545084815,6.608731698852816,6.74328658730005,98.0,6.676009143076433,0.06727744422361662,0.3373207842288339,1.9844674545084815,151243981147859.78,334599757537958.25,98.0,242921869342909.0,91677888195049.22,459661592369790.1,1.9844674545084815,17.74407869938263,18.476381309540205,98.0,18.110230004461418,0.3661513050787863,1.835837356797673,1.9844674545084815,6.190738815025175,6.422318293714423,98.0,6.306528554369799,0.11578973934462419,0.5805554317961166,1.9844674545084815,99.0,0.8787878787878788,-0.11589489291781946,-0.08412452583093419,98.0,-0.10000970937437682,0.01588518354344263,0.07964634555205141,1.9844674545084815,RandomForestRegressor,"{'mode': 'original', 'type': 'RandomForestRegressor'}",14,"['re_T6W30', 'l1_T6W30', 'l2_T6W30', 'l3_T6W30', 'lsc_T6W30', 'atd_T6W30', 'density_T6W30', 'diameter_T6W30', 'z_re_T6W30', 'z_pe_T6W30', 'z_l1_T6W30', 'z_l2_T6W30', 'z_lsc_T6W30', 'z_density_T6W30']",-0.03144121972866224,0.01702558751528134,98.0,-0.0072078161066904504,0.02423340362197179,0.12150328848889136,1.9844674545084815,7.851284958571384,8.003562993963868,98.0,7.927423976267626,0.07613901769624251,0.381751617590341,1.9844674545084815,completed,True,COMPLETE
