number,value,datetime_start,datetime_complete,duration,params_dt_max_depth,params_dt_min_samples_leaf,params_dt_min_samples_split,params_elastic_alpha,params_elastic_l1_ratio,params_et_max_depth,params_et_max_features,params_et_min_samples_leaf,params_et_min_samples_split,params_et_n_estimators,params_knn_metric,params_knn_n_neighbors,params_knn_weights,params_quantile_alpha,params_regressor,params_rf_max_depth,params_rf_max_features,params_rf_min_samples_leaf,params_rf_min_samples_split,params_rf_n_estimators,params_rfe_n_features,params_rfe_proxy_et_max_depth,params_rfe_proxy_et_min_samples_leaf,params_rfe_proxy_et_min_samples_split,params_rfe_proxy_et_n_estimators,params_rfe_proxy_lsvr_C,params_rfe_proxy_lsvr_epsilon,params_rfe_proxy_type,params_use_scaler,params_xgb_booster,params_xgb_colsample_bytree,params_xgb_learning_rate,params_xgb_max_depth,params_xgb_n_estimators,params_xgb_reg_alpha,params_xgb_reg_lambda,params_xgb_subsample,user_attrs_d2mae_ci_lower_val,user_attrs_d2mae_ci_upper_val,user_attrs_d2mae_df_val,user_attrs_d2mae_mean_val,user_attrs_d2mae_samperror_val,user_attrs_d2mae_std_val,user_attrs_d2mae_t_critical_val,user_attrs_mae_ci_lower_val,user_attrs_mae_ci_upper_val,user_attrs_mae_df_val,user_attrs_mae_mean_val,user_attrs_mae_samperror_val,user_attrs_mae_std_val,user_attrs_mae_t_critical_val,user_attrs_mape_ci_lower_val,user_attrs_mape_ci_upper_val,user_attrs_mape_df_val,user_attrs_mape_mean_val,user_attrs_mape_samperror_val,user_attrs_mape_std_val,user_attrs_mape_t_critical_val,user_attrs_max_error_ci_lower_val,user_attrs_max_error_ci_upper_val,user_attrs_max_error_df_val,user_attrs_max_error_mean_val,user_attrs_max_error_samperror_val,user_attrs_max_error_std_val,user_attrs_max_error_t_critical_val,user_attrs_median_ae_ci_lower_val,user_attrs_median_ae_ci_upper_val,user_attrs_median_ae_df_val,user_attrs_median_ae_mean_val,user_attrs_median_ae_samperror_val,user_attrs_median_ae_std_val,user_attrs_median_ae_t_critical_val,user_attrs_n_splits_val,user_attrs_r2_below_zero_val,user_attrs_r2_ci_lower_val,user_attrs_r2_ci_upper_val,user_attrs_r2_df_val,user_attrs_r2_mean_val,user_attrs_r2_samperror_val,user_attrs_r2_std_val,user_attrs_r2_t_critical_val,user_attrs_regressor_final,user_attrs_rfe_estimator,user_attrs_rfe_n_features,user_attrs_rfe_selected_features,user_attrs_rho_ci_lower_val,user_attrs_rho_ci_upper_val,user_attrs_rho_df_val,user_attrs_rho_mean_val,user_attrs_rho_samperror_val,user_attrs_rho_std_val,user_attrs_rho_t_critical_val,user_attrs_rmse_ci_lower_val,user_attrs_rmse_ci_upper_val,user_attrs_rmse_df_val,user_attrs_rmse_mean_val,user_attrs_rmse_samperror_val,user_attrs_rmse_std_val,user_attrs_rmse_t_critical_val,user_attrs_termination_reason,user_attrs_use_scaler_final,state
36,8.55503970860008,2026-06-12 20:51:28.319875,2026-06-12 20:51:31.395129,0 days 00:00:03.075254,16.0,2.0,5.0,,,,,,,,,,,,DecisionTreeRegressor,,,,,,9,,,,,,,,False,,,,,,,,,-0.3610093183034496,-0.3121785360829272,98.0,-0.3365939271931884,0.02441539111026117,0.12241575124632857,1.9844674545084815,8.415407737003642,8.69467168019652,98.0,8.55503970860008,0.1396319715964384,0.7000974354164738,1.9844674545084815,162091069974420.0,389746317521431.94,98.0,275918693747925.97,113827623773505.95,570717627003810.4,1.9844674545084815,23.670457444016556,24.619104845545735,98.0,24.144781144781145,0.47432370076459013,2.378200369628031,1.9844674545084815,7.090766863251198,7.529293388388004,98.0,7.310030125819601,0.2192632625684033,1.0993588792747775,1.9844674545084815,99.0,1.0,-1.008776713560998,-0.8850382132328506,98.0,-0.9469074633969243,0.0618692501640737,0.3102047681185437,1.9844674545084815,DecisionTreeRegressor,"{'mode': 'original', 'type': 'DecisionTreeRegressor'}",9,"['edges_T6W30', 'l1_T6W30', 'l2_T6W30', 'l3_T6W30', 'atd_T6W30', 'z_re_T6W30', 'z_pe_T6W30', 'z_l2_T6W30', 'z_lsc_T6W30']",-0.02662182556352,0.025556439915413103,98.0,-0.0005326928240534485,0.02608913273946655,0.1308076847609762,1.9844674545084815,10.359780196522008,10.649098604277208,98.0,10.504439400399608,0.14465920387759987,0.7253033562886377,1.9844674545084815,completed,False,COMPLETE
37,6.413762040851459,2026-06-12 20:51:31.451793,2026-06-12 20:51:47.771075,0 days 00:00:16.319282,,,,,,4.0,,3.0,6.0,289.0,,,,,ExtraTreesRegressor,,,,,,2,,,,,,,,True,,,,,,,,,-0.00487717575279456,0.0036181209283401,98.0,-0.00062952741222723,0.00424764834056733,0.021297183415679,1.9844674545084815,6.363643524485639,6.46388055721728,98.0,6.413762040851459,0.0501185163658205,0.25128804222574264,1.9844674545084815,171082116479080.25,376830412517161.7,98.0,273956264498120.97,102874148019040.72,515798254334913.4,1.9844674545084815,16.386295956816742,16.993287838001006,98.0,16.689791897408874,0.3034959405921322,1.5216911086950657,1.9844674545084815,6.151849900364069,6.34064185065196,98.0,6.246245875508015,0.09439597514394543,0.4732897441491049,1.9844674545084815,99.0,0.5050505050505051,-0.012764750646295639,0.0017310610672571312,98.0,-0.005516844789519254,0.007247905856776385,0.036340103519662804,1.9844674545084815,ExtraTreesRegressor,"{'mode': 'original', 'type': 'ExtraTreesRegressor'}",2,"['density_T6W30', 'asp_T6W30']",0.06789392183692078,0.11524720442218972,98.0,0.09157056312955525,0.023676641292634474,0.11871175103189609,1.9844674545084815,7.523167410556587,7.644671347489531,98.0,7.583919379023059,0.06075196846647205,0.30460285587605673,1.9844674545084815,completed,True,COMPLETE
38,6.691303522219791,2026-06-12 20:51:47.783457,2026-06-12 20:52:06.874772,0 days 00:00:19.091315,,,,,,13.0,,3.0,10.0,292.0,,,,,ExtraTreesRegressor,,,,,,15,,,,,,,,True,,,,,,,,,-0.05231998477562691,-0.03586215080843777,98.0,-0.04409106779203234,0.008228916983594571,0.0412587719746598,1.9844674545084815,6.626857632994523,6.75574941144506,98.0,6.691303522219791,0.06444588922526873,0.3231237176836916,1.9844674545084815,160210929525977.2,354402050356640.56,98.0,257306489941308.88,97095560415331.7,486825130805736.6,1.9844674545084815,17.495606598172337,18.103157883573644,98.0,17.79938224087299,0.30377564270065327,1.5230935004726602,1.9844674545084815,6.25041185355684,6.479083607930563,98.0,6.3647477307437015,0.11433587718686183,0.5732659467558262,1.9844674545084815,99.0,0.8888888888888888,-0.12111211525824317,-0.09090483547505163,98.0,-0.1060084753666474,0.015103639891595773,0.07572778234572936,1.9844674545084815,ExtraTreesRegressor,"{'mode': 'original', 'type': 'ExtraTreesRegressor'}",15,"['re_T6W30', 'l1_T6W30', 'l2_T6W30', 'l3_T6W30', 'lsc_T6W30', 'atd_T6W30', 'density_T6W30', 'diameter_T6W30', 'asp_T6W30', 'z_re_T6W30', 'z_pe_T6W30', 'z_l2_T6W30', 'z_l3_T6W30', 'z_lsc_T6W30', 'z_density_T6W30']",-0.043494144888389416,0.003904040071825758,98.0,-0.01979505240828183,0.023699092480107587,0.1188243185090453,1.9844674545084815,7.876540051916334,8.02171421503358,98.0,7.949127133474957,0.07258708155862316,0.36394264911213725,1.9844674545084815,completed,True,COMPLETE
39,6.476029539508043,2026-06-12 20:52:06.886879,2026-06-12 20:52:09.470529,0 days 00:00:02.583650,,,,,,,,,,,,,,0.0026636419343091617,QuantileRegressor,,,,,,5,,,,,,,,False,,,,,,,,,-0.017543314628277292,-0.003008063488947485,98.0,-0.010275689058612389,0.007267625569664904,0.036438975721083136,1.9844674545084815,6.410800175733575,6.541258903282511,98.0,6.476029539508043,0.06522936377446761,0.3270519621705166,1.9844674545084815,148833102377642.2,328339607366724.5,98.0,238586354872183.34,89753252494541.17,450011707013082.56,1.9844674545084815,17.909781233044225,18.76833895961426,98.0,18.33906009632924,0.4292788632850183,2.1523511258076815,1.9844674545084815,5.813609377481002,6.036399441356678,98.0,5.92500440941884,0.11139503193783776,0.558520912411192,1.9844674545084815,99.0,0.8484848484848485,-0.0946889438926506,-0.0646270568529959,98.0,-0.07965800037282325,0.015030943519827355,0.0753632917290227,1.9844674545084815,QuantileRegressor,"{'mode': 'original', 'type': 'QuantileRegressor'}",5,"['nodes_T6W30', 'pe_T6W30', 'l1_T6W30', 'z_l3_T6W30', 'z_lsc_T6W30']",0.0210925530207728,0.06510110559022568,98.0,0.04309682930549924,0.02200427628472644,0.11032671972616805,1.9844674545084815,7.7770920003452355,7.932732034515825,98.0,7.8549120174305305,0.07782001708529453,0.3901799406151947,1.9844674545084815,completed,False,COMPLETE
40,6.499265810267094,2026-06-12 20:52:09.482656,2026-06-12 20:52:19.675906,0 days 00:00:10.193250,,,,,,5.0,log2,5.0,9.0,166.0,,,,,ExtraTreesRegressor,,,,,,18,,,,,,,,True,,,,,,,,,-0.0183115712439001,-0.009658574528885692,98.0,-0.013985072886392896,0.004326498357507205,0.021692527648171096,1.9844674545084815,6.448742447952882,6.549789172581305,98.0,6.499265810267094,0.050523362314211374,0.253317889738219,1.9844674545084815,166434124280299.5,366585591152323.5,98.0,266509857716311.5,100075733436011.98,501767349733259.44,1.9844674545084815,16.67188953939932,17.22016074756066,98.0,16.94602514347999,0.2741356040806694,1.3744820128151642,1.9844674545084815,6.132013011717253,6.28528999993472,98.0,6.208651505825986,0.07663849410873388,0.38425593054559215,1.9844674545084815,99.0,0.7878787878787878,-0.03631413046868018,-0.021159034227013346,98.0,-0.028736582347846762,0.007577548120833415,0.037992889060342615,1.9844674545084815,ExtraTreesRegressor,"{'mode': 'original', 'type': 'ExtraTreesRegressor'}",18,"['nodes_T6W30', 're_T6W30', 'l1_T6W30', 'l2_T6W30', 'l3_T6W30', 'lcc_T6W30', 'lsc_T6W30', 'atd_T6W30', 'density_T6W30', 'diameter_T6W30', 'asp_T6W30', 'z_re_T6W30', 'z_pe_T6W30', 'z_l2_T6W30', 'z_l3_T6W30', 'z_lsc_T6W30', 'z_density_T6W30', 'z_asp_T6W30']",-0.02453863401140731,0.02114916144848092,98.0,-0.0016947362814631948,0.022843897729944114,0.11453647780518782,1.9844674545084815,7.609068439594175,7.7327768386730185,98.0,7.670922639133597,0.0618541995394219,0.31012930614805323,1.9844674545084815,completed,True,COMPLETE
41,8.003038071166811,2026-06-12 20:52:19.694647,2026-06-12 20:52:22.775869,0 days 00:00:03.081222,11.0,1.0,12.0,,,,,,,,,,,,DecisionTreeRegressor,,,,,,9,,,,,,,,True,,,,,,,,,-0.275894906383574,-0.22387755962423614,98.0,-0.24988623300390506,0.026008673379668924,0.13040427148244446,1.9844674545084815,7.844722285641849,8.161353856691774,98.0,8.003038071166811,0.15831578552496267,0.7937757675749814,1.9844674545084815,153189680587412.53,384095521155064.9,98.0,268642600871238.72,115452920283826.19,578866662684228.8,1.9844674545084815,21.988847842676574,23.19051019173197,98.0,22.589679017204272,0.6008311745277001,3.012493196191752,1.9844674545084815,6.766558182738066,7.224218522136136,98.0,6.995388352437101,0.22883016969903472,1.1473261683594034,1.9844674545084815,99.0,1.0,-0.7684877912262553,-0.6499338532700443,98.0,-0.7092108222481498,0.05927696897810556,0.29720739087445586,1.9844674545084815,DecisionTreeRegressor,"{'mode': 'original', 'type': 'DecisionTreeRegressor'}",9,"['edges_T6W30', 're_T6W30', 'l3_T6W30', 'atd_T6W30', 'diameter_T6W30', 'z_re_T6W30', 'z_pe_T6W30', 'z_lsc_T6W30', 'z_diameter_T6W30']",-0.03167678712477799,0.027761856372067628,98.0,-0.001957465376355181,0.02971932174842281,0.14900900345747575,1.9844674545084815,9.678652700763752,10.009121159269164,98.0,9.843886930016458,0.165234229252706,0.8284639887286948,1.9844674545084815,completed,True,COMPLETE
42,6.53245727076522,2026-06-12 20:52:22.793177,2026-06-12 20:52:25.263620,0 days 00:00:02.470443,,,,,,,,,,,,,,0.011460526527150103,QuantileRegressor,,,,,,9,,,,,,,,True,,,,,,,,,-0.02836392670980755,-0.009598295149587722,98.0,-0.018981110929697637,0.009382815780109915,0.04704427782216982,1.9844674545084815,6.454391548581051,6.610522992949389,98.0,6.53245727076522,0.07806572218416914,0.3914118755912905,1.9844674545084815,149749004745229.16,330143775527080.0,98.0,239946390136154.6,90197385390925.44,452238534423651.44,1.9844674545084815,17.60683586010505,18.338985524135076,98.0,17.972910692120063,0.36607483201501206,1.8354539303143638,1.9844674545084815,5.9409138592415,6.156048273961139,98.0,6.04848106660132,0.10756720735981916,0.5393286734156687,1.9844674545084815,99.0,0.8686868686868687,-0.10271713665179258,-0.06323615686472298,98.0,-0.08297664675825778,0.01974048989353481,0.09897637475371045,1.9844674545084815,QuantileRegressor,"{'mode': 'original', 'type': 'QuantileRegressor'}",9,"['edges_T6W30', 'l1_T6W30', 'density_T6W30', 'diameter_T6W30', 'z_re_T6W30', 'z_pe_T6W30', 'z_l3_T6W30', 'z_lsc_T6W30', 'z_density_T6W30']",0.004745291969673982,0.05282747077357609,98.0,0.028786381371625036,0.024041089401951054,0.12053904877579924,1.9844674545084815,7.774500791358613,7.9547537114623355,98.0,7.864627251410474,0.09012646005186158,0.4518829235458779,1.9844674545084815,completed,True,COMPLETE
43,6.43236284412755,2026-06-12 20:52:25.275852,2026-06-12 20:52:28.588035,0 days 00:00:03.312183,,,,,,,,,,,,,,1.6186162039332974,QuantileRegressor,,,,,,4,,,,,,,,True,,,,,,,,,-0.004618760704527799,-0.0023266854860824436,98.0,-0.0034727230953051215,0.001146037609222678,0.005746090826723593,1.9844674545084815,6.387146941252938,6.477578747002163,98.0,6.43236284412755,0.04521590287461224,0.22670694455311866,1.9844674545084815,159975467009718.8,352020212552703.8,98.0,255997839781211.3,96022372771492.52,481444300695108.6,1.9844674545084815,17.65307108337025,18.14490871460955,98.0,17.8989898989899,0.24591881561964796,1.2330065254221743,1.9844674545084815,5.956835168213341,6.06336685198868,98.0,6.01010101010101,0.05326584188766987,0.26706834312012434,1.9844674545084815,99.0,1.0,-0.03940786471611372,-0.03383770038410198,98.0,-0.03662278255010785,0.0027850821660058717,0.013964057511701019,1.9844674545084815,QuantileRegressor,"{'mode': 'original', 'type': 'QuantileRegressor'}",4,"['z_lsc_T6W30', 'z_density_T6W30', 'z_diameter_T6W30', 'z_asp_T6W30']",,,,,,,,7.641821067877172,7.76254996760978,98.0,7.702185517743476,0.06036444986630419,0.3026598855444638,1.9844674545084815,completed,True,COMPLETE
44,6.534281983513237,2026-06-12 20:52:28.601326,2026-06-12 20:52:52.296841,0 days 00:00:23.695515,,,,,,10.0,log2,3.0,6.0,418.0,,,,,ExtraTreesRegressor,,,,,,6,,,,,,,,True,,,,,,,,,-0.024865041285132623,-0.014223637623240151,98.0,-0.019544339454186387,0.005320701830946236,0.026677340897449667,1.9844674545084815,6.48306442283182,6.585499544194654,98.0,6.534281983513237,0.05121756068141702,0.2567985144905187,1.9844674545084815,164277768782563.5,361955502678671.25,98.0,263116635730617.38,98838866948053.88,495565854142588.1,1.9844674545084815,16.877669634934268,17.548673715843588,98.0,17.213171675388928,0.33550204045466114,1.682165734779996,1.9844674545084815,6.2511686843505485,6.42531966514887,98.0,6.338244174749709,0.08707549039916089,0.43658573906177855,1.9844674545084815,99.0,0.797979797979798,-0.05088907752707361,-0.03148701532481436,98.0,-0.04118804642594399,0.009701031101129624,0.048639770083784575,1.9844674545084815,ExtraTreesRegressor,"{'mode': 'original', 'type': 'ExtraTreesRegressor'}",6,"['nodes_T6W30', 're_T6W30', 'lcc_T6W30', 'atd_T6W30', 'density_T6W30', 'asp_T6W30']",-0.021106326686427226,0.025362350644789488,98.0,0.002128011979181132,0.023234338665608357,0.11649410036551497,1.9844674545084815,7.650611935742038,7.782185553806544,98.0,7.716398744774291,0.06578680903225279,0.3298469237462825,1.9844674545084815,completed,True,COMPLETE
45,8.265745856550966,2026-06-12 20:52:52.309287,2026-06-12 20:52:54.178515,0 days 00:00:01.869228,17.0,3.0,13.0,,,,,,,,,,,,DecisionTreeRegressor,,,,,,20,,,,,,,,True,,,,,,,,,-0.31250325851688426,-0.26822409310928746,98.0,-0.29036367581308586,0.022139582703798386,0.1110051293762261,1.9844674545084815,8.126942641662135,8.404549071439797,98.0,8.265745856550966,0.13880321488883188,0.695942151788048,1.9844674545084815,146253656174429.94,346073060040991.0,98.0,246163358107710.47,99909701933280.52,500934888313917.75,1.9844674545084815,21.96431946076326,22.871550785713044,98.0,22.417935123238152,0.45361566247489055,2.274372826885702,1.9844674545084815,7.105475009045856,7.550780183572973,98.0,7.328127596309415,0.2226525872635583,1.116352534092814,1.9844674545084815,99.0,1.0,-0.8364451505402762,-0.7343357602141806,98.0,-0.7853904553772284,0.0510546951630478,0.2559819269251894,1.9844674545084815,DecisionTreeRegressor,"{'mode': 'original', 'type': 'DecisionTreeRegressor'}",20,"['edges_T6W30', 'pe_T6W30', 'l1_T6W30', 'l2_T6W30', 'l3_T6W30', 'lcc_T6W30', 'lsc_T6W30', 'atd_T6W30', 'density_T6W30', 'diameter_T6W30', 'asp_T6W30', 'z_re_T6W30', 'z_pe_T6W30', 'z_l1_T6W30', 'z_l2_T6W30', 'z_l3_T6W30', 'z_lsc_T6W30', 'z_density_T6W30', 'z_diameter_T6W30', 'z_asp_T6W30']",-0.0721087947073381,-0.021937023692345608,98.0,-0.04702290919984185,0.025085885507496245,0.12577752722498534,1.9844674545084815,9.931632331304371,10.218367634821234,98.0,10.074999983062803,0.1433676517584318,0.7188276737067888,1.9844674545084815,completed,True,COMPLETE
46,6.8534987197505295,2026-06-12 20:52:54.224049,2026-06-12 20:52:56.825989,0 days 00:00:02.601940,,,,,,,,,,,,,,,LinearRegression,,,,,,19,,,,,,,,True,,,,,,,,,-0.0805725178194205,-0.0582293709906211,98.0,-0.0694009444050208,0.011171573414399697,0.056012887360730956,1.9844674545084815,6.772746869418639,6.93425057008242,98.0,6.8534987197505295,0.08075185033189039,0.40487978989428963,1.9844674545084815,162947968989061.4,359870760236962.6,98.0,261409364613012.0,98461395623950.6,493673259610501.0,1.9844674545084815,18.462154764000477,19.654984710151798,98.0,19.058569737076137,0.5964149730756619,2.990350908322394,1.9844674545084815,6.122809599185173,6.395780423206427,98.0,6.2592950111958,0.13648541201062722,0.6843209748306541,1.9844674545084815,99.0,0.9595959595959596,-0.20956687630888293,-0.15896707646829938,98.0,-0.18426697638859116,0.025299899920291784,0.12685056902069497,1.9844674545084815,LinearRegression,"{'mode': 'original', 'type': 'LinearRegression'}",19,"['nodes_T6W30', 're_T6W30', 'pe_T6W30', 'l1_T6W30', 'l2_T6W30', 'l3_T6W30', 'lcc_T6W30', 'atd_T6W30', 'density_T6W30', 'diameter_T6W30', 'asp_T6W30', 'z_pe_T6W30', 'z_l1_T6W30', 'z_l2_T6W30', 'z_l3_T6W30', 'z_lsc_T6W30', 'z_density_T6W30', 'z_diameter_T6W30', 'z_asp_T6W30']",-0.0707224667328816,-0.017424130785120003,98.0,-0.044073298759000804,0.0266491679738808,0.13361563215922292,1.9844674545084815,8.118503157641355,8.318980970993723,98.0,8.218742064317539,0.10023890667618349,0.5025854801776453,1.9844674545084815,completed,True,COMPLETE
47,6.448932239347908,2026-06-12 20:52:56.838951,2026-06-12 20:52:58.902478,0 days 00:00:02.063527,,,,0.2949458041415269,0.5427244433475962,,,,,,,,,,ElasticNet,,,,,,7,,,,,,,,True,,,,,,,,,-0.009997997792379304,-0.002158898415110534,98.0,-0.006078448103744919,0.003919549688634385,0.019652137355270036,1.9844674545084815,6.398157209128054,6.499707269567762,98.0,6.448932239347908,0.050775030219854196,0.2545797214899499,1.9844674545084815,168514234059000.8,370890325022842.3,98.0,269702279540921.56,101188045481920.75,507344344756822.06,1.9844674545084815,16.315070301848912,16.832529825016465,98.0,16.57380006343269,0.25872976158377636,1.297239023983944,1.9844674545084815,6.1327789925871565,6.295636115976024,98.0,6.21420755428159,0.08142856169443403,0.40827273696806765,1.9844674545084815,99.0,0.5151515151515151,-0.017357502598923005,-0.003774387444744097,98.0,-0.01056594502183355,0.006791557577089454,0.034052029688055534,1.9844674545084815,ElasticNet,"{'mode': 'original', 'type': 'ElasticNet'}",7,"['re_T6W30', 'density_T6W30', 'diameter_T6W30', 'asp_T6W30', 'z_l1_T6W30', 'z_l2_T6W30', 'z_lsc_T6W30']",0.0261798385308099,0.0721705397148146,98.0,0.04917518912281225,0.022995350592002348,0.11529584372333088,1.9844674545084815,7.542291096747684,7.664192078829892,98.0,7.603241587788788,0.060950491041104074,0.30559822351129895,1.9844674545084815,completed,True,COMPLETE
48,8.157628730504548,2026-06-12 20:52:58.922593,2026-06-12 20:53:01.256385,0 days 00:00:02.333792,13.0,5.0,2.0,,,,,,,,,,,,DecisionTreeRegressor,,,,,,21,,,,,,,,True,,,,,,,,,-0.29545081679568697,-0.2519258093328487,98.0,-0.27368831306426783,0.02176250373141916,0.10911450204715595,1.9844674545084815,8.023645994984626,8.29161146602447,98.0,8.157628730504548,0.1339827355199225,0.6717728644459966,1.9844674545084815,123290295169243.67,301858531380295.3,98.0,212574413274769.5,89284118105525.83,447659525210733.25,1.9844674545084815,21.93421429869989,22.844076546257615,98.0,22.38914542247875,0.45493112377886435,2.280968387162996,1.9844674545084815,6.9360113615015715,7.384447192290318,98.0,7.160229276895945,0.22421791539437347,1.1242008957354916,1.9844674545084815,99.0,1.0,-0.7912346262915988,-0.6924585989690522,98.0,-0.7418466126303255,0.04938801366127335,0.24762539201625933,1.9844674545084815,DecisionTreeRegressor,"{'mode': 'original', 'type': 'DecisionTreeRegressor'}",21,"['edges_T6W30', 're_T6W30', 'pe_T6W30', 'l1_T6W30', 'l2_T6W30', 'l3_T6W30', 'lcc_T6W30', 'lsc_T6W30', 'atd_T6W30', 'density_T6W30', 'diameter_T6W30', 'asp_T6W30', 'z_re_T6W30', 'z_pe_T6W30', 'z_l1_T6W30', 'z_l2_T6W30', 'z_l3_T6W30', 'z_lsc_T6W30', 'z_density_T6W30', 'z_diameter_T6W30', 'z_asp_T6W30']",-0.052528429883350394,-0.003572367758985645,98.0,-0.02805039882116802,0.024478031062182375,0.12272982021773429,1.9844674545084815,9.813882377912178,10.089016670458628,98.0,9.951449524185403,0.13756714627322456,0.6897446566306598,1.9844674545084815,completed,True,COMPLETE
