number,value,datetime_start,datetime_complete,duration,params_dt_max_depth,params_dt_min_samples_leaf,params_dt_min_samples_split,params_elastic_alpha,params_elastic_l1_ratio,params_et_max_depth,params_et_max_features,params_et_min_samples_leaf,params_et_min_samples_split,params_et_n_estimators,params_knn_metric,params_knn_n_neighbors,params_knn_weights,params_quantile_alpha,params_regressor,params_rf_max_depth,params_rf_max_features,params_rf_min_samples_leaf,params_rf_min_samples_split,params_rf_n_estimators,params_rfe_n_features,params_rfe_proxy_et_max_depth,params_rfe_proxy_et_min_samples_leaf,params_rfe_proxy_et_min_samples_split,params_rfe_proxy_et_n_estimators,params_rfe_proxy_lsvr_C,params_rfe_proxy_lsvr_epsilon,params_rfe_proxy_type,params_use_scaler,params_xgb_booster,params_xgb_colsample_bytree,params_xgb_learning_rate,params_xgb_max_depth,params_xgb_n_estimators,params_xgb_reg_alpha,params_xgb_reg_lambda,params_xgb_subsample,user_attrs_d2mae_ci_lower_val,user_attrs_d2mae_ci_upper_val,user_attrs_d2mae_df_val,user_attrs_d2mae_mean_val,user_attrs_d2mae_samperror_val,user_attrs_d2mae_std_val,user_attrs_d2mae_t_critical_val,user_attrs_mae_ci_lower_val,user_attrs_mae_ci_upper_val,user_attrs_mae_df_val,user_attrs_mae_mean_val,user_attrs_mae_samperror_val,user_attrs_mae_std_val,user_attrs_mae_t_critical_val,user_attrs_mape_ci_lower_val,user_attrs_mape_ci_upper_val,user_attrs_mape_df_val,user_attrs_mape_mean_val,user_attrs_mape_samperror_val,user_attrs_mape_std_val,user_attrs_mape_t_critical_val,user_attrs_max_error_ci_lower_val,user_attrs_max_error_ci_upper_val,user_attrs_max_error_df_val,user_attrs_max_error_mean_val,user_attrs_max_error_samperror_val,user_attrs_max_error_std_val,user_attrs_max_error_t_critical_val,user_attrs_median_ae_ci_lower_val,user_attrs_median_ae_ci_upper_val,user_attrs_median_ae_df_val,user_attrs_median_ae_mean_val,user_attrs_median_ae_samperror_val,user_attrs_median_ae_std_val,user_attrs_median_ae_t_critical_val,user_attrs_n_splits_val,user_attrs_r2_below_zero_val,user_attrs_r2_ci_lower_val,user_attrs_r2_ci_upper_val,user_attrs_r2_df_val,user_attrs_r2_mean_val,user_attrs_r2_samperror_val,user_attrs_r2_std_val,user_attrs_r2_t_critical_val,user_attrs_regressor_final,user_attrs_rfe_estimator,user_attrs_rfe_n_features,user_attrs_rfe_selected_features,user_attrs_rho_ci_lower_val,user_attrs_rho_ci_upper_val,user_attrs_rho_df_val,user_attrs_rho_mean_val,user_attrs_rho_samperror_val,user_attrs_rho_std_val,user_attrs_rho_t_critical_val,user_attrs_rmse_ci_lower_val,user_attrs_rmse_ci_upper_val,user_attrs_rmse_df_val,user_attrs_rmse_mean_val,user_attrs_rmse_samperror_val,user_attrs_rmse_std_val,user_attrs_rmse_t_critical_val,user_attrs_termination_reason,user_attrs_use_scaler_final,state
139,6.43236284412755,2026-06-12 21:01:06.188250,2026-06-12 21:01:08.561669,0 days 00:00:02.373419,,,,,,,,,,,,,,6.517060990074383,QuantileRegressor,,,,,,17,,,,,,,,True,,,,,,,,,-0.004618760704527799,-0.0023266854860824436,98.0,-0.0034727230953051215,0.001146037609222678,0.005746090826723593,1.9844674545084815,6.387146941252938,6.477578747002163,98.0,6.43236284412755,0.04521590287461224,0.22670694455311866,1.9844674545084815,159975467009718.8,352020212552703.8,98.0,255997839781211.3,96022372771492.52,481444300695108.6,1.9844674545084815,17.65307108337025,18.14490871460955,98.0,17.8989898989899,0.24591881561964796,1.2330065254221743,1.9844674545084815,5.956835168213341,6.06336685198868,98.0,6.01010101010101,0.05326584188766987,0.26706834312012434,1.9844674545084815,99.0,1.0,-0.03940786471611372,-0.03383770038410198,98.0,-0.03662278255010785,0.0027850821660058717,0.013964057511701019,1.9844674545084815,QuantileRegressor,"{'mode': 'original', 'type': 'QuantileRegressor'}",17,"['l2_T6W30', 'l3_T6W30', 'lcc_T6W30', 'lsc_T6W30', 'atd_T6W30', 'density_T6W30', 'diameter_T6W30', 'asp_T6W30', 'z_re_T6W30', 'z_pe_T6W30', 'z_l1_T6W30', 'z_l2_T6W30', 'z_l3_T6W30', 'z_lsc_T6W30', 'z_density_T6W30', 'z_diameter_T6W30', 'z_asp_T6W30']",,,,,,,,7.641821067877172,7.76254996760978,98.0,7.702185517743476,0.06036444986630419,0.3026598855444638,1.9844674545084815,completed,True,COMPLETE
140,6.693595409951582,2026-06-12 21:01:08.574015,2026-06-12 21:01:32.864016,0 days 00:00:24.290001,,,,,,,,,,,,,,,RandomForestRegressor,7.0,log2,2.0,8.0,261.0,20,,,,,,,,True,,,,,,,,,-0.052240006589117045,-0.03676232354099112,98.0,-0.04450116506505408,0.007738841524062964,0.03880159423480627,1.9844674545084815,6.632988982863303,6.7542018370398615,98.0,6.693595409951582,0.06060642708827901,0.30387312940686084,1.9844674545084815,157344340075695.38,347748613010224.7,98.0,252546476542960.03,95202136467264.64,477331737315390.06,1.9844674545084815,17.379764700003772,18.014884502334855,98.0,17.697324601169313,0.3175599011655417,1.5922060675305647,1.9844674545084815,6.25034045532395,6.453521180159291,98.0,6.3519308177416205,0.10159036241767072,0.5093615121127141,1.9844674545084815,99.0,0.898989898989899,-0.11172991284421056,-0.0826666431619535,98.0,-0.09719827800308203,0.014531634841128524,0.07285981977026139,1.9844674545084815,RandomForestRegressor,"{'mode': 'original', 'type': 'RandomForestRegressor'}",20,"['nodes_T6W30', 're_T6W30', 'l1_T6W30', 'l2_T6W30', 'l3_T6W30', 'lcc_T6W30', 'lsc_T6W30', 'atd_T6W30', 'density_T6W30', 'diameter_T6W30', 'asp_T6W30', 'z_re_T6W30', 'z_pe_T6W30', 'z_l1_T6W30', 'z_l2_T6W30', 'z_l3_T6W30', 'z_lsc_T6W30', 'z_density_T6W30', 'z_diameter_T6W30', 'z_asp_T6W30']",-0.0737513126099609,-0.02340735051129996,98.0,-0.048579331560630434,0.025171981049330473,0.126209199623146,1.9844674545084815,7.846005693491666,7.989660053362238,98.0,7.917832873426952,0.07182717993528565,0.36013259635999967,1.9844674545084815,completed,True,COMPLETE
141,6.60506809402017,2026-06-12 21:01:32.876597,2026-06-12 21:02:16.480934,0 days 00:00:43.604337,,,,,,,,,,,,,,,RandomForestRegressor,18.0,sqrt,1.0,7.0,498.0,3,,,,,,,,False,,,,,,,,,-0.04118315514792853,-0.020254176658429796,98.0,-0.030718665903179163,0.010464489244749367,0.052467654788734455,1.9844674545084815,6.530947338415364,6.679188849624976,98.0,6.60506809402017,0.07412075560480583,0.37163230108955503,1.9844674545084815,145276203252750.3,322761070463678.9,98.0,234018636858214.6,88742433605464.3,444943586124848.3,1.9844674545084815,17.540716406279227,18.313258696338668,98.0,17.926987551308947,0.386271145029722,1.9367157458198565,1.9844674545084815,6.059545819870544,6.281901724822641,98.0,6.170723772346593,0.11117795247604886,0.5574325028389255,1.9844674545084815,99.0,0.8080808080808081,-0.10533030449864733,-0.06650313411878933,98.0,-0.08591671930871833,0.019413585189929,0.09733731500254207,1.9844674545084815,RandomForestRegressor,"{'mode': 'original', 'type': 'RandomForestRegressor'}",3,"['atd_T6W30', 'density_T6W30', 'asp_T6W30']",0.047625114532254736,0.09783225711273155,98.0,0.07272868582249314,0.025103571290238404,0.1258662015522154,1.9844674545084815,7.788263813870251,7.958314506559261,98.0,7.873289160214756,0.08502534634450488,0.4263065703406831,1.9844674545084815,completed,False,COMPLETE
142,6.660488013927205,2026-06-12 21:02:16.493286,2026-06-12 21:02:18.263146,0 days 00:00:01.769860,,,,,,,,,,,,,,,LinearRegression,,,,,,14,,,,,,,,False,,,,,,,,,-0.0499551556435832,-0.0285568444522952,98.0,-0.0392560000479392,0.010699155595644001,0.0536442428477694,1.9844674545084815,6.582475938688298,6.738500089166112,98.0,6.660488013927205,0.07801207523890709,0.3911428964429874,1.9844674545084815,153675617711604.88,338523463671845.6,98.0,246099540691725.25,92423922980120.36,463402118509958.94,1.9844674545084815,17.657171891727966,18.713510076884912,98.0,18.18534098430644,0.5281690925784726,2.6481745043974336,1.9844674545084815,6.029529176600333,6.285484607131961,98.0,6.157506891866147,0.1279777152658137,0.6416644356136932,1.9844674545084815,99.0,0.8484848484848485,-0.1397377677618253,-0.09265148419024274,98.0,-0.11619462597603403,0.023543141785791286,0.11804240101626784,1.9844674545084815,LinearRegression,"{'mode': 'original', 'type': 'LinearRegression'}",14,"['nodes_T6W30', 'pe_T6W30', 'l2_T6W30', 'lcc_T6W30', 'atd_T6W30', 'density_T6W30', 'diameter_T6W30', 'asp_T6W30', 'z_pe_T6W30', 'z_l2_T6W30', 'z_l3_T6W30', 'z_lsc_T6W30', 'z_diameter_T6W30', 'z_asp_T6W30']",-0.0089795357770266,0.04919615713069797,98.0,0.020108310676835685,0.029087846453862285,0.1458428644336108,1.9844674545084815,7.884065165955137,8.074667244960393,98.0,7.979366205457765,0.09530103950262801,0.47782762490203046,1.9844674545084815,completed,False,COMPLETE
143,6.569367083345832,2026-06-12 21:02:18.275318,2026-06-12 21:02:20.092043,0 days 00:00:01.816725,,,,,,,,,,,,,,,LinearRegression,,,,,,12,,,,,,,,False,,,,,,,,,-0.03514570379202629,-0.015024895326464498,98.0,-0.025085299559245395,0.010060404232780897,0.05044162251736476,1.9844674545084815,6.496000617607505,6.642733549084159,98.0,6.569367083345832,0.07336646573832736,0.3678503849922271,1.9844674545084815,154602918688719.25,340405417987563.56,98.0,247504168338141.4,92901249649422.16,465795375392414.94,1.9844674545084815,17.299601833010982,18.22657381462649,98.0,17.763087823818736,0.46348599080775554,2.3238614323501374,1.9844674545084815,5.992095474924597,6.2504634945635305,98.0,6.121279484744064,0.12918400981946654,0.6477126473070011,1.9844674545084815,99.0,0.7777777777777778,-0.10069974970179812,-0.060880838087075895,98.0,-0.08079029389443701,0.019909455807361115,0.09982354894734345,1.9844674545084815,LinearRegression,"{'mode': 'original', 'type': 'LinearRegression'}",12,"['nodes_T6W30', 'pe_T6W30', 'l2_T6W30', 'atd_T6W30', 'density_T6W30', 'diameter_T6W30', 'asp_T6W30', 'z_pe_T6W30', 'z_l2_T6W30', 'z_lsc_T6W30', 'z_diameter_T6W30', 'z_asp_T6W30']",0.019231706935175168,0.07490884354252203,98.0,0.047070275238848595,0.027838568303673428,0.1395791383036321,1.9844674545084815,7.769124329770075,7.9387560098549885,98.0,7.853940169812532,0.0848158400424571,0.4252561316546839,1.9844674545084815,completed,False,COMPLETE
144,6.540317688064866,2026-06-12 21:02:20.104533,2026-06-12 21:02:21.882240,0 days 00:00:01.777707,,,,0.00016913898789842018,0.14002409755331768,,,,,,,,,,ElasticNet,,,,,,7,,,,,,,,False,,,,,,,,,-0.027360245275261333,-0.013611582565400265,98.0,-0.0204859139203308,0.006874331354930535,0.03446704717240188,1.9844674545084815,6.481987954331739,6.598647421797994,98.0,6.540317688064866,0.05832973373312692,0.29245807051348377,1.9844674545084815,159645035112690.2,351435953734151.0,98.0,255540494423420.6,95895459310730.4,480807972299945.9,1.9844674545084815,17.42648752270852,18.40725686042105,98.0,17.916872191564785,0.4903846688562663,2.458728077163281,1.9844674545084815,5.956716127314589,6.1204429887041645,98.0,6.038579558009377,0.08186343069478781,0.4104531163497305,1.9844674545084815,99.0,0.8181818181818182,-0.07122421242138885,-0.043069004463006405,98.0,-0.05714660844219763,0.014077603979191222,0.07058336518462446,1.9844674545084815,ElasticNet,"{'mode': 'original', 'type': 'ElasticNet'}",7,"['pe_T6W30', 'l2_T6W30', 'z_pe_T6W30', 'z_l2_T6W30', 'z_lsc_T6W30', 'z_diameter_T6W30', 'z_asp_T6W30']",-0.017685579280316548,0.03427567287195435,98.0,0.008295046795818899,0.02598062607613545,0.1302636457715157,1.9844674545084815,7.699450924901079,7.845974409233422,98.0,7.772712667067251,0.07326174216617166,0.3673253139540142,1.9844674545084815,completed,False,COMPLETE
145,6.5227728794524795,2026-06-12 21:02:21.894637,2026-06-12 21:02:23.771910,0 days 00:00:01.877273,,,,,,,,,,,,,,,LinearRegression,,,,,,6,,,,,,,,False,,,,,,,,,-0.02408311530423346,-0.011251739176086734,98.0,-0.017667427240160096,0.006415688064073362,0.03216746643864198,1.9844674545084815,6.4642043064818155,6.5813414524231435,98.0,6.5227728794524795,0.05856857297066356,0.2936555809100246,1.9844674545084815,169078345705320.0,372290019677876.75,98.0,270684182691598.38,101605836986278.36,509439099685764.25,1.9844674545084815,16.916000649060223,18.067212363773315,98.0,17.49160650641677,0.5756058573565445,2.886016575850572,1.9844674545084815,6.038529889627868,6.225441468987687,98.0,6.131985679307777,0.09345578967990946,0.46857577051783794,1.9844674545084815,99.0,0.6565656565656566,-0.058727716459768986,-0.03138545995736183,98.0,-0.04505658820856541,0.01367112825120358,0.06854534615882672,1.9844674545084815,LinearRegression,"{'mode': 'original', 'type': 'LinearRegression'}",6,"['pe_T6W30', 'l2_T6W30', 'atd_T6W30', 'density_T6W30', 'asp_T6W30', 'z_asp_T6W30']",0.01542852068661845,0.06708965476906623,98.0,0.04125908772784234,0.02583056704122389,0.1295112683302927,1.9844674545084815,7.654603197112721,7.802567248657434,98.0,7.728585222885077,0.07398202577235649,0.3709367268682424,1.9844674545084815,completed,False,COMPLETE
146,6.648359396170097,2026-06-12 21:02:23.784052,2026-06-12 21:02:34.512286,0 days 00:00:10.728234,,,,,,,,,,,,,,,XGBRegressor,,,,,,7,,,,,,,,True,gbtree,0.9371112623425879,0.007164066106541697,3.0,328.0,0.0002766427053811984,0.020908789688730462,0.7537059693589044,-0.04469147472310615,-0.02969000894062088,98.0,-0.037190741831863515,0.007500732891242636,0.0376077469999493,1.9844674545084815,6.58231420529104,6.714404587049153,98.0,6.648359396170097,0.06604519087905608,0.3311424183685884,1.9844674545084815,146019835890375.22,322533813831268.1,98.0,234276824860821.66,88256988970446.44,442509626766350.25,1.9844674545084815,17.137498848261107,17.773070795472368,98.0,17.455284821866737,0.3177859736056293,1.593339566783738,1.9844674545084815,6.260596138399749,6.494360309317167,98.0,6.377478223858458,0.11688208545870889,0.5860323201069693,1.9844674545084815,99.0,0.8686868686868687,-0.09663383420201867,-0.06836101962388262,98.0,-0.08249742691295064,0.014136407289068027,0.07087819770734881,1.9844674545084815,XGBRegressor,"{'mode': 'original', 'type': 'XGBRegressor'}",7,"['asp_T6W30', 'z_pe_T6W30', 'z_l2_T6W30', 'z_lsc_T6W30', 'z_density_T6W30', 'z_diameter_T6W30', 'z_asp_T6W30']",-0.038629414170019034,0.009506613367924265,98.0,-0.014561400401047385,0.02406801376897165,0.12067404422194111,1.9844674545084815,7.789304573906542,7.943171958396614,98.0,7.866238266151578,0.07693369224503563,0.3857360174898765,1.9844674545084815,completed,True,COMPLETE
147,6.860406478374278,2026-06-12 21:02:34.526207,2026-06-12 21:02:35.339215,0 days 00:00:00.813008,,,,,,,,,,,,,,,RandomForestRegressor,14.0,,2.0,2.0,50.0,4,,,,,,,,True,,,,,,,,,,,,,,,,,,,,,,,,,,,,,,,,,,,,,,,,,,,,,,,,,,,,,RandomForestRegressor,"{'mode': 'original', 'type': 'RandomForestRegressor'}",4,"['re_T6W30', 'diameter_T6W30', 'z_pe_T6W30', 'z_lsc_T6W30']",,,,,,,,,,,,,,,pruned,True,PRUNED
148,6.856357694592989,2026-06-12 21:02:35.348579,2026-06-12 21:02:38.568565,0 days 00:00:03.219986,,,,,,,,,,,euclidean,8.0,uniform,,KNeighborsRegressor,,,,,,20,,,,,4.499329409129297,0.028202906874953113,LinearSVR,,,,,,,,,,-0.080325014709545,-0.059403964881355666,98.0,-0.06986448979545033,0.010460524914094669,0.052447778125154006,1.9844674545084815,6.779394230385552,6.933321158800426,98.0,6.856357694592989,0.07696346420743692,0.3858852904270567,1.9844674545084815,186535195366139.2,413320369974852.44,98.0,299927782670495.8,113392587304356.64,568536407954319.8,1.9844674545084815,17.700547747441657,18.456017909123997,98.0,18.078282828282827,0.3777350808411713,1.8939169757485816,1.9844674545084815,6.496241301416753,6.751233446057994,98.0,6.623737373737374,0.12749607232062027,0.6392495374577686,1.9844674545084815,99.0,0.9595959595959596,-0.1748202547003186,-0.13736062236303953,98.0,-0.15609043853167906,0.01872981616863953,0.09390898170072824,1.9844674545084815,KNeighborsRegressor,"{'mode': 'proxy', 'type': 'LinearSVR'}",20,"['nodes_T6W30', 're_T6W30', 'pe_T6W30', 'l1_T6W30', 'l2_T6W30', 'l3_T6W30', 'lcc_T6W30', 'lsc_T6W30', 'atd_T6W30', 'density_T6W30', 'diameter_T6W30', 'asp_T6W30', 'z_re_T6W30', 'z_pe_T6W30', 'z_l1_T6W30', 'z_l3_T6W30', 'z_lsc_T6W30', 'z_density_T6W30', 'z_diameter_T6W30', 'z_asp_T6W30']",-0.0712370056667312,-0.022501026648767988,98.0,-0.0468690161577496,0.02436798950898161,0.12217808548030784,1.9844674545084815,8.042331829576135,8.208302792639977,98.0,8.125317311108056,0.08298548153192,0.41607894046795973,1.9844674545084815,completed,True,COMPLETE
149,6.403609649863435,2026-06-12 21:02:38.581451,2026-06-12 21:02:41.764051,0 days 00:00:03.182600,,,,,,,,,,,,,,0.07691294373283446,QuantileRegressor,,,,,,2,,,,,,,,False,,,,,,,,,-0.00127499424776033,0.0033192052374625127,98.0,0.0010221054948510915,0.0022970997426114215,0.011517373996165207,1.9844674545084815,6.356484195647554,6.450735104079317,98.0,6.403609649863435,0.047125454215881525,0.23628119879828904,1.9844674545084815,158104410242120.62,347980070361730.06,98.0,253042240301925.34,94937830059804.7,476006537678722.0,1.9844674545084815,17.487066486733205,18.011396017317956,98.0,17.74923125202558,0.2621647652923744,1.3144617077256446,1.9844674545084815,5.932557689094322,6.090760104014805,98.0,6.011658896554564,0.07910120746024193,0.3966036706930977,1.9844674545084815,99.0,0.8686868686868687,-0.03246438926618517,-0.023070771707257326,98.0,-0.027767580486721247,0.004696808779463919,0.02354921830258065,1.9844674545084815,QuantileRegressor,"{'mode': 'original', 'type': 'QuantileRegressor'}",2,"['nodes_T6W30', 'z_asp_T6W30']",0.030857003940195655,0.08503510470588241,58.0,0.05794605432303903,0.027089050382843375,0.10394820738193587,2.0017174841452356,7.607233812724876,7.730508492983813,98.0,7.6688711528543445,0.06163734012946901,0.30904199988847575,1.9844674545084815,completed,False,COMPLETE
150,6.640102962167806,2026-06-12 21:02:41.787294,2026-06-12 21:02:43.784157,0 days 00:00:01.996863,,,,,,,,,,,minkowski,14.0,distance,,KNeighborsRegressor,,,,,,8,,,,,4.640245341028812,0.005295913488374811,LinearSVR,,,,,,,,,,-0.04394405308793334,-0.028183280059332978,98.0,-0.036063666573633156,0.007880386514300178,0.0395112833090788,1.9844674545084815,6.5761406601731816,6.70406526416243,98.0,6.640102962167806,0.06396230199462369,0.3206990711209886,1.9844674545084815,191068435592523.75,423202822344423.0,98.0,307135628968473.4,116067193375949.61,581946551992702.2,1.9844674545084815,17.145733677908755,17.772478627158545,98.0,17.45910615253365,0.3133724746248963,1.5712108287712523,1.9844674545084815,6.1523872592753746,6.356445409320297,98.0,6.254416334297836,0.10202907502246111,0.5115611628516317,1.9844674545084815,99.0,0.8787878787878788,-0.09677038478049432,-0.06771465112931965,98.0,-0.08224251795490699,0.014527866825587338,0.07284092740637915,1.9844674545084815,KNeighborsRegressor,"{'mode': 'proxy', 'type': 'LinearSVR'}",8,"['re_T6W30', 'l1_T6W30', 'density_T6W30', 'z_l1_T6W30', 'z_l3_T6W30', 'z_lsc_T6W30', 'z_diameter_T6W30', 'z_asp_T6W30']",-0.06315415451380801,-0.009191289983316031,98.0,-0.03617272224856202,0.02698143226524599,0.1352815642205244,1.9844674545084815,7.790812457932455,7.936745023760865,98.0,7.86377874084666,0.07296628291420507,0.36584391780808195,1.9844674545084815,completed,True,COMPLETE
151,6.502209401801621,2026-06-12 21:02:43.848009,2026-06-12 21:03:02.950349,0 days 00:00:19.102340,,,,,,,,,,,,,,,RandomForestRegressor,4.0,sqrt,4.0,2.0,205.0,10,,,,,,,,False,,,,,,,,,-0.021203002091207658,-0.007690130062270798,98.0,-0.014446566076739227,0.006756436014468429,0.03387593451703078,1.9844674545084815,6.441586767790219,6.562832035813023,98.0,6.502209401801621,0.06062263401140179,0.30395438891486987,1.9844674545084815,156492294411904.8,345511676675392.06,98.0,251001985543648.44,94509691131743.62,473859902047136.0,1.9844674545084815,17.139616021269898,17.784503386905133,98.0,17.462059704087515,0.3224436828176185,1.6166927446909707,1.9844674545084815,6.0869454509207825,6.286323653310487,98.0,6.186634552115635,0.09968910119485257,0.4998288234961069,1.9844674545084815,99.0,0.7676767676767676,-0.05625470100637216,-0.03209572153407775,98.0,-0.04417521127022495,0.012079489736147205,0.06056506750372337,1.9844674545084815,RandomForestRegressor,"{'mode': 'original', 'type': 'RandomForestRegressor'}",10,"['re_T6W30', 'l2_T6W30', 'atd_T6W30', 'density_T6W30', 'diameter_T6W30', 'asp_T6W30', 'z_pe_T6W30', 'z_l2_T6W30', 'z_lsc_T6W30', 'z_density_T6W30']",0.02025590594720788,0.06663134765129153,98.0,0.0434436267992497,0.02318772085204182,0.11626036441414572,1.9844674545084815,7.6561877433226195,7.7957925440150175,98.0,7.7259901436688185,0.06980240034619914,0.3499806019321043,1.9844674545084815,completed,False,COMPLETE
152,7.347712418300654,2026-06-12 21:03:02.962532,2026-06-12 21:03:03.189407,0 days 00:00:00.226875,,,,,,,,,,,manhattan,3.0,uniform,,KNeighborsRegressor,,,,,,11,3.0,4.0,2.0,40.0,,,ExtraTrees,,,,,,,,,,,,,,,,,,,,,,,,,,,,,,,,,,,,,,,,,,,,,,,,,,,,,,KNeighborsRegressor,"{'mode': 'proxy', 'type': 'ExtraTrees'}",11,"['nodes_T6W30', 'l3_T6W30', 'lcc_T6W30', 'lsc_T6W30', 'atd_T6W30', 'density_T6W30', 'diameter_T6W30', 'asp_T6W30', 'z_re_T6W30', 'z_pe_T6W30', 'z_lsc_T6W30']",,,,,,,,,,,,,,,pruned,True,PRUNED
153,6.647006553555673,2026-06-12 21:03:03.198843,2026-06-12 21:03:08.523200,0 days 00:00:05.324357,,,,,,,,,,,,,,,RandomForestRegressor,9.0,,2.0,6.0,483.0,13,,,,,,,,True,,,,,,,,,,,,,,,,,,,,,,,,,,,,,,,,,,,,,,,,,,,,,,,,,,,,,RandomForestRegressor,"{'mode': 'original', 'type': 'RandomForestRegressor'}",13,"['re_T6W30', 'l1_T6W30', 'l2_T6W30', 'l3_T6W30', 'lsc_T6W30', 'atd_T6W30', 'density_T6W30', 'diameter_T6W30', 'z_re_T6W30', 'z_l2_T6W30', 'z_l3_T6W30', 'z_lsc_T6W30', 'z_density_T6W30']",,,,,,,,,,,,,,,pruned,True,PRUNED
