number,value,datetime_start,datetime_complete,duration,params_dt_max_depth,params_dt_min_samples_leaf,params_dt_min_samples_split,params_elastic_alpha,params_elastic_l1_ratio,params_et_max_depth,params_et_max_features,params_et_min_samples_leaf,params_et_min_samples_split,params_et_n_estimators,params_knn_metric,params_knn_n_neighbors,params_knn_weights,params_quantile_alpha,params_regressor,params_rf_max_depth,params_rf_max_features,params_rf_min_samples_leaf,params_rf_min_samples_split,params_rf_n_estimators,params_rfe_n_features,params_rfe_proxy_et_max_depth,params_rfe_proxy_et_min_samples_leaf,params_rfe_proxy_et_min_samples_split,params_rfe_proxy_et_n_estimators,params_rfe_proxy_lsvr_C,params_rfe_proxy_lsvr_epsilon,params_rfe_proxy_type,params_use_scaler,params_xgb_booster,params_xgb_colsample_bytree,params_xgb_learning_rate,params_xgb_max_depth,params_xgb_n_estimators,params_xgb_reg_alpha,params_xgb_reg_lambda,params_xgb_subsample,user_attrs_d2mae_ci_lower_val,user_attrs_d2mae_ci_upper_val,user_attrs_d2mae_df_val,user_attrs_d2mae_mean_val,user_attrs_d2mae_samperror_val,user_attrs_d2mae_std_val,user_attrs_d2mae_t_critical_val,user_attrs_mae_ci_lower_val,user_attrs_mae_ci_upper_val,user_attrs_mae_df_val,user_attrs_mae_mean_val,user_attrs_mae_samperror_val,user_attrs_mae_std_val,user_attrs_mae_t_critical_val,user_attrs_mape_ci_lower_val,user_attrs_mape_ci_upper_val,user_attrs_mape_df_val,user_attrs_mape_mean_val,user_attrs_mape_samperror_val,user_attrs_mape_std_val,user_attrs_mape_t_critical_val,user_attrs_max_error_ci_lower_val,user_attrs_max_error_ci_upper_val,user_attrs_max_error_df_val,user_attrs_max_error_mean_val,user_attrs_max_error_samperror_val,user_attrs_max_error_std_val,user_attrs_max_error_t_critical_val,user_attrs_median_ae_ci_lower_val,user_attrs_median_ae_ci_upper_val,user_attrs_median_ae_df_val,user_attrs_median_ae_mean_val,user_attrs_median_ae_samperror_val,user_attrs_median_ae_std_val,user_attrs_median_ae_t_critical_val,user_attrs_n_splits_val,user_attrs_r2_below_zero_val,user_attrs_r2_ci_lower_val,user_attrs_r2_ci_upper_val,user_attrs_r2_df_val,user_attrs_r2_mean_val,user_attrs_r2_samperror_val,user_attrs_r2_std_val,user_attrs_r2_t_critical_val,user_attrs_regressor_final,user_attrs_rfe_estimator,user_attrs_rfe_n_features,user_attrs_rfe_selected_features,user_attrs_rho_ci_lower_val,user_attrs_rho_ci_upper_val,user_attrs_rho_df_val,user_attrs_rho_mean_val,user_attrs_rho_samperror_val,user_attrs_rho_std_val,user_attrs_rho_t_critical_val,user_attrs_rmse_ci_lower_val,user_attrs_rmse_ci_upper_val,user_attrs_rmse_df_val,user_attrs_rmse_mean_val,user_attrs_rmse_samperror_val,user_attrs_rmse_std_val,user_attrs_rmse_t_critical_val,user_attrs_termination_reason,user_attrs_use_scaler_final,state
218,6.673437273115264,2026-06-12 21:09:36.676397,2026-06-12 21:10:20.942503,0 days 00:00:44.266106,,,,,,,,,,,,,,,RandomForestRegressor,13.0,,2.0,8.0,465.0,3,,,,,,,,True,,,,,,,,,-0.05152619646496904,-0.031045460305572516,98.0,-0.04128582838527078,0.01024036807969826,0.05134393898725369,1.9844674545084815,6.597389349150519,6.749485197080008,98.0,6.673437273115264,0.07604792396474476,0.38129488488740093,1.9844674545084815,167926817672777.3,372118184170894.1,98.0,270022500921835.72,102095683249058.39,511895128261453.3,1.9844674545084815,18.55913208878189,19.33224019092904,98.0,18.945686139855464,0.38655405107357493,1.9381342017329315,1.9844674545084815,5.944688905912893,6.191047200107838,98.0,6.067868053010366,0.1231791470974724,0.6176050083212367,1.9844674545084815,99.0,0.9191919191919192,-0.15227052354273,-0.11187559669663624,98.0,-0.13207306011968312,0.02019746342304688,0.10126758351060791,1.9844674545084815,RandomForestRegressor,"{'mode': 'original', 'type': 'RandomForestRegressor'}",3,"['l2_T6W30', 'l3_T6W30', 'density_T6W30']",-0.006790592711953411,0.04231966172214983,98.0,0.01776453450509821,0.02455512721705162,0.12311637080272801,1.9844674545084815,7.954200416965094,8.122316189079694,98.0,8.038258303022394,0.08405788605729993,0.42145584411949183,1.9844674545084815,completed,True,COMPLETE
219,7.6385783313087074,2026-06-12 21:10:20.955060,2026-06-12 21:10:21.110596,0 days 00:00:00.155536,17.0,1.0,20.0,,,,,,,,,,,,DecisionTreeRegressor,,,,,,20,,,,,,,,True,,,,,,,,,,,,,,,,,,,,,,,,,,,,,,,,,,,,,,,,,,,,,,,,,,,,,DecisionTreeRegressor,"{'mode': 'original', 'type': 'DecisionTreeRegressor'}",20,"['edges_T6W30', 're_T6W30', 'l1_T6W30', 'l2_T6W30', 'l3_T6W30', 'lcc_T6W30', 'lsc_T6W30', 'atd_T6W30', 'density_T6W30', 'diameter_T6W30', 'asp_T6W30', 'z_re_T6W30', 'z_pe_T6W30', 'z_l1_T6W30', 'z_l2_T6W30', 'z_l3_T6W30', 'z_lsc_T6W30', 'z_density_T6W30', 'z_diameter_T6W30', 'z_asp_T6W30']",,,,,,,,,,,,,,,pruned,True,PRUNED
220,6.6512949970552855,2026-06-12 21:10:21.120248,2026-06-12 21:10:30.324982,0 days 00:00:09.204734,,,,,,,,,,,,,,,XGBRegressor,,,,,,5,,,,,,,,False,gbtree,0.6053965507750143,0.009019282545016091,2.0,473.0,1.1595567099204797e-06,0.00016671124676531315,0.535517444522001,-0.045997235208032755,-0.029552959286539015,98.0,-0.03777509724728589,0.008222137960746872,0.041224782792554565,1.9844674545084815,6.585412911467689,6.717177082642882,98.0,6.6512949970552855,0.06588208558759694,0.3303246286106422,1.9844674545084815,157308196453698.56,347776626383011.25,98.0,252542411418354.9,95234214964656.36,477492574933731.94,1.9844674545084815,17.191183912069473,17.951289019763504,98.0,17.57123646591649,0.3800525538470141,1.905536498766753,1.9844674545084815,6.244360729109604,6.460906705058739,98.0,6.352633717084172,0.10827298797456725,0.5428673701246135,1.9844674545084815,99.0,0.8787878787878788,-0.10052231211789196,-0.06901682600393515,98.0,-0.08476956906091355,0.015752743056978408,0.07898230533361997,1.9844674545084815,XGBRegressor,"{'mode': 'original', 'type': 'XGBRegressor'}",5,"['density_T6W30', 'diameter_T6W30', 'asp_T6W30', 'z_l2_T6W30', 'z_asp_T6W30']",-0.039671100991277665,0.010413774493969684,98.0,-0.014628663248653992,0.025042437742623675,0.125559685505685,1.9844674545084815,7.795768633076983,7.9492960262114964,98.0,7.8725323296442395,0.07676369656725658,0.3848836801871493,1.9844674545084815,completed,False,COMPLETE
221,6.5670073546752,2026-06-12 21:10:30.345567,2026-06-12 21:10:32.903459,0 days 00:00:02.557892,,,,0.00044503574138373846,0.25646306101676597,,,,,,,,,,ElasticNet,,,,,,9,,,,,,,,True,,,,,,,,,-0.032040516570415525,-0.017358372111753877,98.0,-0.0246994443410847,0.007341072229330823,0.03680722818850965,1.9844674545084815,6.507728431093592,6.626286278256807,98.0,6.5670073546752,0.05927892358160739,0.2972171910146619,1.9844674545084815,158187056734306.12,348253032604858.56,98.0,253220044669582.34,95032987935276.23,476483647496879.2,1.9844674545084815,16.95115677304304,17.788365686503276,98.0,17.369761229773157,0.4186044567301206,2.0988309715891664,1.9844674545084815,6.01340712933283,6.222979672130359,98.0,6.118193400731594,0.10478627139876501,0.5253854044627785,1.9844674545084815,99.0,0.8282828282828283,-0.07287583475342158,-0.04408306100428113,98.0,-0.05847944787885135,0.01439638687457022,0.07218170319387712,1.9844674545084815,ElasticNet,"{'mode': 'original', 'type': 'ElasticNet'}",9,"['pe_T6W30', 'l2_T6W30', 'atd_T6W30', 'density_T6W30', 'asp_T6W30', 'z_pe_T6W30', 'z_l2_T6W30', 'z_diameter_T6W30', 'z_asp_T6W30']",0.006283707910467652,0.05662304054899211,98.0,0.03145337422972988,0.025169666319262228,0.12619759385287768,1.9844674545084815,7.7049555368205125,7.848680128924754,98.0,7.776817832872633,0.07186229605212088,0.3603086642265281,1.9844674545084815,completed,True,COMPLETE
222,7.254849606909923,2026-06-12 21:10:32.917294,2026-06-12 21:10:35.671420,0 days 00:00:02.754126,7.0,5.0,12.0,,,,,,,,,,,,DecisionTreeRegressor,,,,,,4,,,,,,,,False,,,,,,,,,-0.15149525412345197,-0.11282217377212786,98.0,-0.1321587139477899,0.019336540175662047,0.09695102083020299,1.9844674545084815,7.126907180247288,7.382792033572558,98.0,7.254849606909923,0.1279424266626348,0.6414875029219714,1.9844674545084815,106910901445934.44,247714882869784.06,98.0,177312892157859.25,70401990711924.81,352986873866430.3,1.9844674545084815,19.42499252457364,20.397388576841934,98.0,19.911190550707786,0.48619802613414614,2.437736768373109,1.9844674545084815,6.341209332907323,6.686483279091715,98.0,6.513846305999519,0.17263697309219553,0.8655804307427808,1.9844674545084815,99.0,0.9595959595959596,-0.4049580861436074,-0.3154088705442971,98.0,-0.36018347834395226,0.04477460779965514,0.22449434562819404,1.9844674545084815,DecisionTreeRegressor,"{'mode': 'original', 'type': 'DecisionTreeRegressor'}",4,"['pe_T6W30', 'atd_T6W30', 'z_pe_T6W30', 'z_asp_T6W30']",0.014779040669169352,0.06495196212541082,98.0,0.03986550139729009,0.025086460728120735,0.12578041131005124,1.9844674545084815,8.641893907748953,8.936601020337116,98.0,8.789247464043035,0.14735355629408095,0.7388125060579925,1.9844674545084815,completed,False,COMPLETE
223,6.775021555943708,2026-06-12 21:10:35.689660,2026-06-12 21:10:46.648259,0 days 00:00:10.958599,,,,,,,,,,,,,,,RandomForestRegressor,9.0,,4.0,7.0,75.0,20,,,,,,,,False,,,,,,,,,-0.06632567539190824,-0.04817797416465672,98.0,-0.05725182477828248,0.00907385061362576,0.04549516469130504,1.9844674545084815,6.708078533859709,6.8419645780277065,98.0,6.775021555943708,0.06694302208399841,0.33564403298328194,1.9844674545084815,156674116990497.06,347631907489665.2,98.0,252153012240081.12,95478895249584.05,478719371619450.44,1.9844674545084815,17.67684988515128,18.357003625250076,98.0,18.01692675520068,0.3400768700493973,1.7051033645371616,1.9844674545084815,6.261625863696253,6.4831353435696695,98.0,6.372380603632961,0.11075473993670804,0.55531056751107,1.9844674545084815,99.0,0.9696969696969697,-0.14541830742122197,-0.11230276470443828,98.0,-0.12886053606283013,0.01655777135839184,0.08301861766820566,1.9844674545084815,RandomForestRegressor,"{'mode': 'original', 'type': 'RandomForestRegressor'}",20,"['edges_T6W30', 're_T6W30', 'pe_T6W30', 'l1_T6W30', 'l2_T6W30', 'l3_T6W30', 'lsc_T6W30', 'atd_T6W30', 'density_T6W30', 'diameter_T6W30', 'asp_T6W30', 'z_re_T6W30', 'z_pe_T6W30', 'z_l1_T6W30', 'z_l2_T6W30', 'z_l3_T6W30', 'z_lsc_T6W30', 'z_density_T6W30', 'z_diameter_T6W30', 'z_asp_T6W30']",-0.0856705236749022,-0.03290688475185044,98.0,-0.05928870421337632,0.026381819461525884,0.13227517978486958,1.9844674545084815,7.952877325918905,8.107849331617892,98.0,8.030363328768399,0.0774860028494938,0.38850523454893265,1.9844674545084815,completed,False,COMPLETE
224,6.708470288414377,2026-06-12 21:10:46.660727,2026-06-12 21:11:19.645070,0 days 00:00:32.984343,,,,,,,,,,,,,,,RandomForestRegressor,17.0,,5.0,5.0,267.0,18,,,,,,,,True,,,,,,,,,-0.05543352509636563,-0.03822545554024671,98.0,-0.04682949031830617,0.008604034778059459,0.04313956620023278,1.9844674545084815,6.643494175036366,6.773446401792388,98.0,6.708470288414377,0.06497611337801085,0.3257821960055725,1.9844674545084815,153909972605951.3,340699511398026.0,98.0,247304742001988.66,93394769396037.34,468269822361704.2,1.9844674545084815,17.631558029015874,18.3330785369744,98.0,17.982318282995138,0.35076025397926297,1.7586685302034128,1.9844674545084815,6.198445659318949,6.417204361153992,98.0,6.307825010236471,0.1093793509175212,0.5484145370817665,1.9844674545084815,99.0,0.9292929292929293,-0.12526440983923504,-0.09370944738381035,98.0,-0.10948692861152269,0.015777481227712345,0.0791063394619769,1.9844674545084815,RandomForestRegressor,"{'mode': 'original', 'type': 'RandomForestRegressor'}",18,"['re_T6W30', 'pe_T6W30', 'l1_T6W30', 'l2_T6W30', 'l3_T6W30', 'lsc_T6W30', 'atd_T6W30', 'density_T6W30', 'diameter_T6W30', 'asp_T6W30', 'z_re_T6W30', 'z_pe_T6W30', 'z_l1_T6W30', 'z_l2_T6W30', 'z_l3_T6W30', 'z_lsc_T6W30', 'z_density_T6W30', 'z_diameter_T6W30']",-0.06223578362365007,-0.01125458471243327,98.0,-0.03674518416804167,0.0254905994556084,0.12780671290439047,1.9844674545084815,7.887704387734181,8.034419586304054,98.0,7.961061987019117,0.07335759928493624,0.3678059296915578,1.9844674545084815,completed,True,COMPLETE
225,6.5143209482439985,2026-06-12 21:11:19.744223,2026-06-12 21:11:22.292826,0 days 00:00:02.548603,,,,,,,,,,,,,,0.007258824163134309,QuantileRegressor,,,,,,15,,,,,,,,False,,,,,,,,,-0.024279050689954618,-0.00831807674119696,98.0,-0.016298563715575788,0.007980486974378828,0.04001317463513995,1.9844674545084815,6.447038666185977,6.58160323030202,98.0,6.5143209482439985,0.06728228205802216,0.337345040532183,1.9844674545084815,150257724425215.7,331373951640187.06,98.0,240815838032701.38,90558113607485.69,454047181085363.7,1.9844674545084815,17.448752010588112,18.109348706269795,98.0,17.779050358428954,0.3302983478408429,1.656075063625119,1.9844674545084815,5.927960863932582,6.142596931370142,98.0,6.035278897651362,0.10731803371877968,0.5380793475981596,1.9844674545084815,99.0,0.8383838383838383,-0.08555135327403031,-0.056622133428266726,98.0,-0.07108674335114852,0.014464609922881793,0.07252376512004736,1.9844674545084815,QuantileRegressor,"{'mode': 'original', 'type': 'QuantileRegressor'}",15,"['nodes_T6W30', 'lsc_T6W30', 'atd_T6W30', 'density_T6W30', 'diameter_T6W30', 'asp_T6W30', 'z_re_T6W30', 'z_pe_T6W30', 'z_l1_T6W30', 'z_l2_T6W30', 'z_l3_T6W30', 'z_lsc_T6W30', 'z_density_T6W30', 'z_diameter_T6W30', 'z_asp_T6W30']",0.0024850678003380117,0.05029468707589508,98.0,0.026389877438116546,0.023904809637778534,0.11985575889379363,1.9844674545084815,7.749433921140603,7.89786515421546,98.0,7.8236495376780315,0.0742156165374284,0.3721079220729944,1.9844674545084815,completed,False,COMPLETE
226,8.787005821936617,2026-06-12 21:11:22.305455,2026-06-12 21:11:22.422299,0 days 00:00:00.116844,12.0,2.0,4.0,,,,,,,,,,,,DecisionTreeRegressor,,,,,,18,,,,,,,,False,,,,,,,,,,,,,,,,,,,,,,,,,,,,,,,,,,,,,,,,,,,,,,,,,,,,,DecisionTreeRegressor,"{'mode': 'original', 'type': 'DecisionTreeRegressor'}",18,"['edges_T6W30', 're_T6W30', 'pe_T6W30', 'l1_T6W30', 'l2_T6W30', 'l3_T6W30', 'lsc_T6W30', 'atd_T6W30', 'diameter_T6W30', 'asp_T6W30', 'z_re_T6W30', 'z_pe_T6W30', 'z_l1_T6W30', 'z_l3_T6W30', 'z_lsc_T6W30', 'z_density_T6W30', 'z_diameter_T6W30', 'z_asp_T6W30']",,,,,,,,,,,,,,,pruned,False,PRUNED
227,6.611128079795356,2026-06-12 21:11:22.431825,2026-06-12 21:11:37.894997,0 days 00:00:15.463172,,,,,,,,,,,,,,,RandomForestRegressor,7.0,sqrt,5.0,2.0,162.0,5,,,,,,,,False,,,,,,,,,-0.04035969414269365,-0.022768843636392436,98.0,-0.03156426888954304,0.008795425253150609,0.044099174370499934,1.9844674545084815,6.543530441210595,6.678725718380117,98.0,6.611128079795356,0.0675976385847615,0.3389261991528617,1.9844674545084815,150265590838701.44,333759660371888.6,98.0,242012625605295.03,91747034766593.6,460008284727225.1,1.9844674545084815,17.47401742154252,18.197855107852703,98.0,17.83593626469761,0.3619188431550902,1.8146163161978774,1.9844674545084815,6.169217754949703,6.366692456725148,98.0,6.267955105837426,0.09873735088772219,0.4950568651719446,1.9844674545084815,99.0,0.8181818181818182,-0.09587369113151895,-0.06256744372180875,98.0,-0.07922056742666385,0.016653123704855093,0.08349670253986245,1.9844674545084815,RandomForestRegressor,"{'mode': 'original', 'type': 'RandomForestRegressor'}",5,"['atd_T6W30', 'density_T6W30', 'diameter_T6W30', 'asp_T6W30', 'z_density_T6W30']",-0.0015977795714229824,0.04977179011221684,98.0,0.02408700527039693,0.02568478484181991,0.12878033441333078,1.9844674545084815,7.771311876690273,7.932146698774421,98.0,7.851729287732347,0.0804174110420743,0.40320295265976674,1.9844674545084815,completed,False,COMPLETE
228,6.675442796111781,2026-06-12 21:11:37.907603,2026-06-12 21:11:39.050721,0 days 00:00:01.143118,,,,,,10.0,,1.0,10.0,261.0,,,,,ExtraTreesRegressor,,,,,,22,,,,,,,,False,,,,,,,,,,,,,,,,,,,,,,,,,,,,,,,,,,,,,,,,,,,,,,,,,,,,,ExtraTreesRegressor,"{'mode': 'original', 'type': 'ExtraTreesRegressor'}",22,"['nodes_T6W30', 'edges_T6W30', 're_T6W30', 'pe_T6W30', 'l1_T6W30', 'l2_T6W30', 'l3_T6W30', 'lcc_T6W30', 'lsc_T6W30', 'atd_T6W30', 'density_T6W30', 'diameter_T6W30', 'asp_T6W30', 'z_re_T6W30', 'z_pe_T6W30', 'z_l1_T6W30', 'z_l2_T6W30', 'z_l3_T6W30', 'z_lsc_T6W30', 'z_density_T6W30', 'z_diameter_T6W30', 'z_asp_T6W30']",,,,,,,,,,,,,,,pruned,False,PRUNED
229,6.343999745972445,2026-06-12 21:11:39.061092,2026-06-12 21:11:41.518475,0 days 00:00:02.457383,,,,,,,,,,,,,,0.03542175278867556,QuantileRegressor,,,,,,12,,,,,,,,False,,,,,,,,,0.006154809892048583,0.014562681455114997,98.0,0.01035874567358179,0.004203935781533207,0.021078014051203294,1.9844674545084815,6.2910416580945405,6.396957833850349,98.0,6.343999745972445,0.05295808787790436,0.2655253025792468,1.9844674545084815,153409426904770.38,337611450549951.4,98.0,245510438727360.88,92101011822590.52,461783081904879.75,1.9844674545084815,17.248852003258254,17.84564295580326,98.0,17.547247479530757,0.29839547627250373,1.4961180114396215,1.9844674545084815,5.776958503819831,5.971301260966056,98.0,5.8741298823929435,0.09717137857311238,0.4872052736713954,1.9844674545084815,99.0,0.6161616161616161,-0.028144170747762626,-0.012656318136206726,98.0,-0.020400244441984676,0.00774392630577795,0.038827088701421715,1.9844674545084815,QuantileRegressor,"{'mode': 'original', 'type': 'QuantileRegressor'}",12,"['nodes_T6W30', 'diameter_T6W30', 'asp_T6W30', 'z_re_T6W30', 'z_pe_T6W30', 'z_l1_T6W30', 'z_l2_T6W30', 'z_l3_T6W30', 'z_lsc_T6W30', 'z_density_T6W30', 'z_diameter_T6W30', 'z_asp_T6W30']",0.07188985416978574,0.11960474056610898,97.0,0.09574729736794736,0.02385744319816162,0.11899726863927373,1.9847231860139845,7.576984280083693,7.702905091959019,98.0,7.639944686021356,0.06296040593766378,0.3156756882093818,1.9844674545084815,completed,False,COMPLETE
230,6.534494695693702,2026-06-12 21:11:41.530948,2026-06-12 21:12:02.306394,0 days 00:00:20.775446,,,,,,4.0,,2.0,8.0,376.0,,,,,ExtraTreesRegressor,,,,,,10,,,,,,,,True,,,,,,,,,-0.025013590870654086,-0.013997687745656143,98.0,-0.019505639308155114,0.0055079515624989715,0.02761618789175679,1.9844674545084815,6.480029226086501,6.588960165300904,98.0,6.534494695693702,0.05446546960720119,0.27308312813172414,1.9844674545084815,164793195613336.5,363206782693876.56,98.0,263999989153606.53,99206793540270.03,497410592569518.94,1.9844674545084815,16.811896123414684,17.397661144244672,98.0,17.104778633829678,0.2928825104149945,1.4684766824928688,1.9844674545084815,6.132053196812138,6.314790041176194,98.0,6.223421618994166,0.0913684221820285,0.45810996805633747,1.9844674545084815,99.0,0.8484848484848485,-0.06188433754301693,-0.04162706357649288,98.0,-0.051755700559754904,0.010128636983262024,0.050783733089013156,1.9844674545084815,ExtraTreesRegressor,"{'mode': 'original', 'type': 'ExtraTreesRegressor'}",10,"['re_T6W30', 'lsc_T6W30', 'atd_T6W30', 'density_T6W30', 'diameter_T6W30', 'asp_T6W30', 'z_pe_T6W30', 'z_l2_T6W30', 'z_l3_T6W30', 'z_lsc_T6W30']",-0.03384085635909247,0.0102770295377165,98.0,-0.011781913410687985,0.022058942948404485,0.1106008116164866,1.9844674545084815,7.69087370534579,7.818506334920605,98.0,7.754690020133197,0.06381631478740772,0.31996710932021344,1.9844674545084815,completed,True,COMPLETE
231,8.250978835978836,2026-06-12 21:12:02.319147,2026-06-12 21:12:02.448222,0 days 00:00:00.129075,17.0,4.0,11.0,,,,,,,,,,,,DecisionTreeRegressor,,,,,,6,,,,,,,,True,,,,,,,,,,,,,,,,,,,,,,,,,,,,,,,,,,,,,,,,,,,,,,,,,,,,,DecisionTreeRegressor,"{'mode': 'original', 'type': 'DecisionTreeRegressor'}",6,"['pe_T6W30', 'l3_T6W30', 'atd_T6W30', 'z_re_T6W30', 'z_pe_T6W30', 'z_asp_T6W30']",,,,,,,,,,,,,,,pruned,True,PRUNED
232,6.43236284412755,2026-06-12 21:12:02.457898,2026-06-12 21:12:04.921443,0 days 00:00:02.463545,,,,,,,,,,,,,,5.442611243442007,QuantileRegressor,,,,,,20,,,,,,,,False,,,,,,,,,-0.004618760704527799,-0.0023266854860824436,98.0,-0.0034727230953051215,0.001146037609222678,0.005746090826723593,1.9844674545084815,6.387146941252938,6.477578747002163,98.0,6.43236284412755,0.04521590287461224,0.22670694455311866,1.9844674545084815,159975467009718.8,352020212552703.8,98.0,255997839781211.3,96022372771492.52,481444300695108.6,1.9844674545084815,17.65307108337025,18.14490871460955,98.0,17.8989898989899,0.24591881561964796,1.2330065254221743,1.9844674545084815,5.956835168213341,6.06336685198868,98.0,6.01010101010101,0.05326584188766987,0.26706834312012434,1.9844674545084815,99.0,1.0,-0.03940786471611372,-0.03383770038410198,98.0,-0.03662278255010785,0.0027850821660058717,0.013964057511701019,1.9844674545084815,QuantileRegressor,"{'mode': 'original', 'type': 'QuantileRegressor'}",20,"['re_T6W30', 'pe_T6W30', 'l1_T6W30', 'l2_T6W30', 'l3_T6W30', 'lcc_T6W30', 'lsc_T6W30', 'atd_T6W30', 'density_T6W30', 'diameter_T6W30', 'asp_T6W30', 'z_re_T6W30', 'z_pe_T6W30', 'z_l1_T6W30', 'z_l2_T6W30', 'z_l3_T6W30', 'z_lsc_T6W30', 'z_density_T6W30', 'z_diameter_T6W30', 'z_asp_T6W30']",,,,,,,,7.641821067877172,7.76254996760978,98.0,7.702185517743476,0.06036444986630419,0.3026598855444638,1.9844674545084815,completed,False,COMPLETE
