number,value,datetime_start,datetime_complete,duration,params_dt_max_depth,params_dt_min_samples_leaf,params_dt_min_samples_split,params_elastic_alpha,params_elastic_l1_ratio,params_et_max_depth,params_et_max_features,params_et_min_samples_leaf,params_et_min_samples_split,params_et_n_estimators,params_knn_metric,params_knn_n_neighbors,params_knn_weights,params_quantile_alpha,params_regressor,params_rf_max_depth,params_rf_max_features,params_rf_min_samples_leaf,params_rf_min_samples_split,params_rf_n_estimators,params_rfe_n_features,params_rfe_proxy_et_max_depth,params_rfe_proxy_et_min_samples_leaf,params_rfe_proxy_et_min_samples_split,params_rfe_proxy_et_n_estimators,params_rfe_proxy_lsvr_C,params_rfe_proxy_lsvr_epsilon,params_rfe_proxy_type,params_use_scaler,params_xgb_booster,params_xgb_colsample_bytree,params_xgb_learning_rate,params_xgb_max_depth,params_xgb_n_estimators,params_xgb_reg_alpha,params_xgb_reg_lambda,params_xgb_subsample,user_attrs_d2mae_ci_lower_val,user_attrs_d2mae_ci_upper_val,user_attrs_d2mae_df_val,user_attrs_d2mae_mean_val,user_attrs_d2mae_samperror_val,user_attrs_d2mae_std_val,user_attrs_d2mae_t_critical_val,user_attrs_mae_ci_lower_val,user_attrs_mae_ci_upper_val,user_attrs_mae_df_val,user_attrs_mae_mean_val,user_attrs_mae_samperror_val,user_attrs_mae_std_val,user_attrs_mae_t_critical_val,user_attrs_mape_ci_lower_val,user_attrs_mape_ci_upper_val,user_attrs_mape_df_val,user_attrs_mape_mean_val,user_attrs_mape_samperror_val,user_attrs_mape_std_val,user_attrs_mape_t_critical_val,user_attrs_max_error_ci_lower_val,user_attrs_max_error_ci_upper_val,user_attrs_max_error_df_val,user_attrs_max_error_mean_val,user_attrs_max_error_samperror_val,user_attrs_max_error_std_val,user_attrs_max_error_t_critical_val,user_attrs_median_ae_ci_lower_val,user_attrs_median_ae_ci_upper_val,user_attrs_median_ae_df_val,user_attrs_median_ae_mean_val,user_attrs_median_ae_samperror_val,user_attrs_median_ae_std_val,user_attrs_median_ae_t_critical_val,user_attrs_n_splits_val,user_attrs_r2_below_zero_val,user_attrs_r2_ci_lower_val,user_attrs_r2_ci_upper_val,user_attrs_r2_df_val,user_attrs_r2_mean_val,user_attrs_r2_samperror_val,user_attrs_r2_std_val,user_attrs_r2_t_critical_val,user_attrs_regressor_final,user_attrs_rfe_estimator,user_attrs_rfe_n_features,user_attrs_rfe_selected_features,user_attrs_rho_ci_lower_val,user_attrs_rho_ci_upper_val,user_attrs_rho_df_val,user_attrs_rho_mean_val,user_attrs_rho_samperror_val,user_attrs_rho_std_val,user_attrs_rho_t_critical_val,user_attrs_rmse_ci_lower_val,user_attrs_rmse_ci_upper_val,user_attrs_rmse_df_val,user_attrs_rmse_mean_val,user_attrs_rmse_samperror_val,user_attrs_rmse_std_val,user_attrs_rmse_t_critical_val,user_attrs_termination_reason,user_attrs_use_scaler_final,state
266,6.544158974224179,2026-06-12 21:15:51.459816,2026-06-12 21:16:03.923873,0 days 00:00:12.464057,,,,,,14.0,,4.0,6.0,199.0,,,,,ExtraTreesRegressor,,,,,,7,,,,,,,,True,,,,,,,,,-0.02842101662139889,-0.013813987454089518,98.0,-0.021117502037744203,0.007303514583654686,0.03661891879834979,1.9844674545084815,6.484710843473069,6.603607104975289,98.0,6.544158974224179,0.05944813075110968,0.2980655748344149,1.9844674545084815,171504021079893.5,378552305867411.25,98.0,275028163473652.38,103524142393758.89,519057245736184.5,1.9844674545084815,17.1894902123025,17.805699242691208,98.0,17.497594727496853,0.3081045151943539,1.5447979317460636,1.9844674545084815,6.219727689570717,6.421174238274248,98.0,6.320450963922482,0.10072327435176592,0.5050140397947362,1.9844674545084815,99.0,0.7777777777777778,-0.0718491339326934,-0.04549010381923235,98.0,-0.05866961887596288,0.013179515056730524,0.06608045840616918,1.9844674545084815,ExtraTreesRegressor,"{'mode': 'original', 'type': 'ExtraTreesRegressor'}",7,"['re_T6W30', 'l1_T6W30', 'l2_T6W30', 'atd_T6W30', 'density_T6W30', 'asp_T6W30', 'z_pe_T6W30']",0.013357132951209431,0.060207892749119175,98.0,0.0367825128501643,0.023425379898954872,0.11745195748086995,1.9844674545084815,7.708996537683261,7.847508924867454,98.0,7.778252731275358,0.0692561935920965,0.34724198882378543,1.9844674545084815,completed,True,COMPLETE
267,6.357442240298392,2026-06-12 21:16:03.972253,2026-06-12 21:16:06.448559,0 days 00:00:02.476306,,,,,,,,,,,,,,0.018142510366534415,QuantileRegressor,,,,,,9,,,,,,,,False,,,,,,,,,0.003331272006493669,0.01310541951759613,98.0,0.0082183457620449,0.0048870737555512305,0.0245031833600482,1.9844674545084815,6.303295544291356,6.411588936305427,98.0,6.357442240298392,0.0541466960070357,0.2714848367275224,1.9844674545084815,150761464820581.2,331847708679663.2,98.0,241304586750122.2,90543121929541.0,453972014666371.9,1.9844674545084815,17.208391226112088,17.821379379180232,98.0,17.51488530264616,0.30649407653407273,1.536723391488071,1.9844674545084815,5.755036460454869,5.955593317166988,98.0,5.855314888810929,0.10027842835605948,0.5027836369923646,1.9844674545084815,99.0,0.6161616161616161,-0.034240811292762005,-0.016702809997961348,98.0,-0.02547181064536168,0.00876900064740033,0.04396668466555522,1.9844674545084815,QuantileRegressor,"{'mode': 'original', 'type': 'QuantileRegressor'}",9,"['nodes_T6W30', 'lsc_T6W30', 'diameter_T6W30', 'z_l2_T6W30', 'z_l3_T6W30', 'z_lsc_T6W30', 'z_density_T6W30', 'z_diameter_T6W30', 'z_asp_T6W30']",0.06549678061939736,0.11190958010922229,98.0,0.08870318036430982,0.023206399744912464,0.11635401807272867,1.9844674545084815,7.594788942886102,7.721656658511297,98.0,7.6582228006987,0.06343385781259783,0.318049517352126,1.9844674545084815,completed,False,COMPLETE
268,6.43236284412755,2026-06-12 21:16:06.461276,2026-06-12 21:16:08.864523,0 days 00:00:02.403247,,,,,,,,,,,,,,5.041035599333766,QuantileRegressor,,,,,,15,,,,,,,,False,,,,,,,,,-0.004618760704527799,-0.0023266854860824436,98.0,-0.0034727230953051215,0.001146037609222678,0.005746090826723593,1.9844674545084815,6.387146941252938,6.477578747002163,98.0,6.43236284412755,0.04521590287461224,0.22670694455311866,1.9844674545084815,159975467009718.8,352020212552703.8,98.0,255997839781211.3,96022372771492.52,481444300695108.6,1.9844674545084815,17.65307108337025,18.14490871460955,98.0,17.8989898989899,0.24591881561964796,1.2330065254221743,1.9844674545084815,5.956835168213341,6.06336685198868,98.0,6.01010101010101,0.05326584188766987,0.26706834312012434,1.9844674545084815,99.0,1.0,-0.03940786471611372,-0.03383770038410198,98.0,-0.03662278255010785,0.0027850821660058717,0.013964057511701019,1.9844674545084815,QuantileRegressor,"{'mode': 'original', 'type': 'QuantileRegressor'}",15,"['lcc_T6W30', 'lsc_T6W30', 'atd_T6W30', 'density_T6W30', 'diameter_T6W30', 'asp_T6W30', 'z_re_T6W30', 'z_pe_T6W30', 'z_l1_T6W30', 'z_l2_T6W30', 'z_l3_T6W30', 'z_lsc_T6W30', 'z_density_T6W30', 'z_diameter_T6W30', 'z_asp_T6W30']",,,,,,,,7.641821067877172,7.76254996760978,98.0,7.702185517743476,0.06036444986630419,0.3026598855444638,1.9844674545084815,completed,False,COMPLETE
269,6.767393420342613,2026-06-12 21:16:08.877088,2026-06-12 21:16:10.677582,0 days 00:00:01.800494,,,,,,,,,,,,,,,LinearRegression,,,,,,17,,,,,,,,True,,,,,,,,,-0.06655194952137335,-0.0452971650717261,98.0,-0.05592455729654972,0.010627392224823626,0.053284430182419434,1.9844674545084815,6.689055256020079,6.845731584665148,98.0,6.767393420342613,0.07833816432253513,0.39277786677646587,1.9844674545084815,155257927325486.0,342217675352152.9,98.0,248737801338819.44,93479874013333.42,468696526386791.5,1.9844674545084815,18.150573798559506,19.349884618655906,98.0,18.750229208607706,0.5996554100481992,3.0065980585141765,1.9844674545084815,6.054319555302375,6.320779921321011,98.0,6.187549738311693,0.13323018300931838,0.6679996592361402,1.9844674545084815,99.0,0.9191919191919192,-0.17989827208622436,-0.1297656865409628,98.0,-0.15483197931359358,0.025066292772630786,0.12567929167566755,1.9844674545084815,LinearRegression,"{'mode': 'original', 'type': 'LinearRegression'}",17,"['nodes_T6W30', 'pe_T6W30', 'l1_T6W30', 'l2_T6W30', 'l3_T6W30', 'lcc_T6W30', 'atd_T6W30', 'density_T6W30', 'diameter_T6W30', 'asp_T6W30', 'z_pe_T6W30', 'z_l1_T6W30', 'z_l2_T6W30', 'z_l3_T6W30', 'z_lsc_T6W30', 'z_diameter_T6W30', 'z_asp_T6W30']",-0.04463659969768253,0.008981929263130718,98.0,-0.017827335217275905,0.026809264480406624,0.13441833624165045,1.9844674545084815,8.015298838172596,8.217030563521247,98.0,8.116164700846921,0.10086586267432586,0.505728960008232,1.9844674545084815,completed,True,COMPLETE
270,6.65400466853408,2026-06-12 21:16:10.691416,2026-06-12 21:16:12.611556,0 days 00:00:01.920140,,,,,,19.0,,2.0,6.0,305.0,,,,,ExtraTreesRegressor,,,,,,14,,,,,,,,True,,,,,,,,,,,,,,,,,,,,,,,,,,,,,,,,,,,,,,,,,,,,,,,,,,,,,ExtraTreesRegressor,"{'mode': 'original', 'type': 'ExtraTreesRegressor'}",14,"['re_T6W30', 'l1_T6W30', 'l2_T6W30', 'l3_T6W30', 'lsc_T6W30', 'density_T6W30', 'diameter_T6W30', 'asp_T6W30', 'z_re_T6W30', 'z_pe_T6W30', 'z_l2_T6W30', 'z_l3_T6W30', 'z_lsc_T6W30', 'z_density_T6W30']",,,,,,,,,,,,,,,pruned,True,PRUNED
271,6.49600446145942,2026-06-12 21:16:12.621470,2026-06-12 21:16:14.421153,0 days 00:00:01.799683,,,,0.00242854552214403,0.9408801695592043,,,,,,,,,,ElasticNet,,,,,,4,,,,,,,,True,,,,,,,,,-0.01808912764608009,-0.008883413298218568,98.0,-0.013486270472149328,0.004602857173930761,0.023078156572698856,1.9844674545084815,6.445028665912869,6.546980257005972,98.0,6.49600446145942,0.05097579554655161,0.2555863340066566,1.9844674545084815,171122217780384.62,376597386007465.9,98.0,273859801893925.25,102737584113540.64,515113539803434.94,1.9844674545084815,16.96283866787425,17.83371091703522,98.0,17.398274792454735,0.4354361245804831,2.1832228723916423,1.9844674545084815,6.141848026296207,6.291804097156479,98.0,6.216826061726343,0.07497803543013568,0.37593059610240737,1.9844674545084815,99.0,0.7575757575757576,-0.04439154963295461,-0.0254313843820147,98.0,-0.03491146700748465,0.009480082625469954,0.04753196175450321,1.9844674545084815,ElasticNet,"{'mode': 'original', 'type': 'ElasticNet'}",4,"['pe_T6W30', 'l2_T6W30', 'density_T6W30', 'z_pe_T6W30']",-0.01412102317221658,0.034482833497535004,98.0,0.010180905162659211,0.02430192833487579,0.1218468629240171,1.9844674545084815,7.628444819371379,7.757817786684519,98.0,7.693131303027949,0.06468648365657009,0.3243300284046803,1.9844674545084815,completed,True,COMPLETE
272,6.698947432744979,2026-06-12 21:16:14.433653,2026-06-12 21:16:16.369062,0 days 00:00:01.935409,,,,0.02549116922605986,0.8096750362658893,,,,,,,,,,ElasticNet,,,,,,21,,,,,,,,True,,,,,,,,,-0.05376072363608339,-0.0367057123239201,98.0,-0.045233217980001746,0.008527505656081647,0.0427558586480241,1.9844674545084815,6.631343038305359,6.766551827184599,98.0,6.698947432744979,0.0676043944396202,0.33896007217353563,1.9844674545084815,160833336660557.2,354569735613967.1,98.0,257701536137262.16,96868199476704.98,485685171180254.2,1.9844674545084815,17.47922218739981,18.440989309570103,98.0,17.960105748484956,0.4808835610851467,2.4110906979289535,1.9844674545084815,6.096599445335857,6.310087242390604,98.0,6.203343343863231,0.10674389852737343,0.5352007047594867,1.9844674545084815,99.0,0.9191919191919192,-0.12478868418760497,-0.09049857789068713,98.0,-0.10764363103914605,0.017145053148458912,0.08596317592654684,1.9844674545084815,ElasticNet,"{'mode': 'original', 'type': 'ElasticNet'}",21,"['edges_T6W30', 're_T6W30', 'pe_T6W30', 'l1_T6W30', 'l2_T6W30', 'l3_T6W30', 'lcc_T6W30', 'lsc_T6W30', 'atd_T6W30', 'density_T6W30', 'diameter_T6W30', 'asp_T6W30', 'z_re_T6W30', 'z_pe_T6W30', 'z_l1_T6W30', 'z_l2_T6W30', 'z_l3_T6W30', 'z_lsc_T6W30', 'z_density_T6W30', 'z_diameter_T6W30', 'z_asp_T6W30']",-0.08630590247843278,-0.03613138245971135,98.0,-0.06121864246907206,0.025087260009360714,0.1257844188073306,1.9844674545084815,7.8755005383954,8.031981825462081,98.0,7.9537411819287405,0.07824064353334081,0.3922889096011561,1.9844674545084815,completed,True,COMPLETE
273,6.497546090858747,2026-06-12 21:16:16.399445,2026-06-12 21:16:18.478591,0 days 00:00:02.079146,,,,0.09938153452537789,0.9024032761106747,,,,,,,,,,ElasticNet,,,,,,10,,,,,,,,True,,,,,,,,,-0.01938617513390292,-0.007934717297867065,98.0,-0.013660446215884992,0.0057257289180179275,0.028708096616867792,1.9844674545084815,6.439706743665455,6.555385438052039,98.0,6.497546090858747,0.05783934719329235,0.28999933305546666,1.9844674545084815,161817407118710.3,356442202731776.1,98.0,259129804925243.22,97312397806532.92,487912326666016.56,1.9844674545084815,16.514466683057204,17.021430206909155,98.0,16.76794844498318,0.2534817619259758,1.2709262027905894,1.9844674545084815,6.046609970884261,6.239861853740712,98.0,6.143235912312487,0.09662594142822556,0.48447051928849666,1.9844674545084815,99.0,0.6363636363636364,-0.039758306992063244,-0.019068098582859447,98.0,-0.029413202787461346,0.0103451042046019,0.0518690729633922,1.9844674545084815,ElasticNet,"{'mode': 'original', 'type': 'ElasticNet'}",10,"['l2_T6W30', 'l3_T6W30', 'density_T6W30', 'diameter_T6W30', 'z_l1_T6W30', 'z_l2_T6W30', 'z_l3_T6W30', 'z_lsc_T6W30', 'z_density_T6W30', 'z_asp_T6W30']",-0.003164889735438943,0.04443380564099639,98.0,0.020634457952778722,0.023799347688217665,0.11932698572259628,1.9844674545084815,7.605754952659893,7.7386910441517,98.0,7.672222998405797,0.06646804574590337,0.33326256037079954,1.9844674545084815,completed,True,COMPLETE
274,6.4543723594280475,2026-06-12 21:16:18.507306,2026-06-12 21:16:36.826262,0 days 00:00:18.318956,,,,,,16.0,sqrt,3.0,8.0,334.0,,,,,ExtraTreesRegressor,,,,,,6,,,,,,,,False,,,,,,,,,-0.011838338836330186,-0.0021853868984352456,98.0,-0.007011862867382716,0.00482647596894747,0.024199353552962027,1.9844674545084815,6.4032529845326,6.5054917343234955,98.0,6.4543723594280475,0.0511193748954482,0.25630622310363066,1.9844674545084815,168378823828815.78,370773804145115.25,98.0,269576313986965.5,101197490158149.72,507391699195283.7,1.9844674545084815,16.637665352994034,17.254905227154588,98.0,16.94628529007431,0.30861993708027574,1.547382193332904,1.9844674545084815,6.141078922628106,6.302512110093305,98.0,6.2217955163607055,0.08071659373259955,0.4047030176661042,1.9844674545084815,99.0,0.6767676767676768,-0.029046319921491207,-0.013259592498708724,98.0,-0.021152956210099966,0.007893363711391242,0.0395763493702285,1.9844674545084815,ExtraTreesRegressor,"{'mode': 'original', 'type': 'ExtraTreesRegressor'}",6,"['re_T6W30', 'atd_T6W30', 'density_T6W30', 'asp_T6W30', 'z_pe_T6W30', 'z_l2_T6W30']",0.019249611729395707,0.06189975190074312,98.0,0.040574681815069416,0.02132507008567371,0.10692126385070351,1.9844674545084815,7.580292132378117,7.704615745598906,98.0,7.6424539389885116,0.06216180661039406,0.31167160995599485,1.9844674545084815,completed,False,COMPLETE
275,6.528574760572303,2026-06-12 21:16:36.840263,2026-06-12 21:16:37.075358,0 days 00:00:00.235095,,,,,,,,,,,minkowski,14.0,distance,,KNeighborsRegressor,,,,,,19,7.0,2.0,7.0,40.0,,,ExtraTrees,,,,,,,,,,,,,,,,,,,,,,,,,,,,,,,,,,,,,,,,,,,,,,,,,,,,,,KNeighborsRegressor,"{'mode': 'proxy', 'type': 'ExtraTrees'}",19,"['nodes_T6W30', 'edges_T6W30', 're_T6W30', 'l1_T6W30', 'l2_T6W30', 'l3_T6W30', 'lcc_T6W30', 'lsc_T6W30', 'atd_T6W30', 'density_T6W30', 'diameter_T6W30', 'asp_T6W30', 'z_re_T6W30', 'z_pe_T6W30', 'z_l2_T6W30', 'z_l3_T6W30', 'z_lsc_T6W30', 'z_density_T6W30', 'z_diameter_T6W30']",,,,,,,,,,,,,,,pruned,True,PRUNED
276,6.7064349821277816,2026-06-12 21:16:37.085122,2026-06-12 21:16:37.327766,0 days 00:00:00.242644,3.0,1.0,2.0,,,,,,,,,,,,DecisionTreeRegressor,,,,,,13,,,,,,,,True,,,,,,,,,,,,,,,,,,,,,,,,,,,,,,,,,,,,,,,,,,,,,,,,,,,,,DecisionTreeRegressor,"{'mode': 'original', 'type': 'DecisionTreeRegressor'}",13,"['edges_T6W30', 're_T6W30', 'atd_T6W30', 'asp_T6W30', 'z_re_T6W30', 'z_pe_T6W30', 'z_l1_T6W30', 'z_l2_T6W30', 'z_l3_T6W30', 'z_lsc_T6W30', 'z_density_T6W30', 'z_diameter_T6W30', 'z_asp_T6W30']",,,,,,,,,,,,,,,pruned,True,PRUNED
277,6.712894342977348,2026-06-12 21:16:37.337288,2026-06-12 21:16:40.440423,0 days 00:00:03.103135,,,,,,,,,,,,,,0.001695263503744324,QuantileRegressor,,,,,,9,,,,,,,,False,,,,,,,,,-0.05600012919222149,-0.03837114635615641,98.0,-0.04718563777418895,0.008814491418032542,0.04419476976304834,1.9844674545084815,6.638146737337963,6.787641948616733,98.0,6.712894342977348,0.074747605639385,0.3747752496319417,1.9844674545084815,150273813081352.5,332161634910739.94,98.0,241217723996046.22,90943910914693.7,455981521066951.3,1.9844674545084815,18.215758316822576,19.07404634448032,98.0,18.644902330651448,0.4291440138288726,2.151675007313217,1.9844674545084815,5.941372237062818,6.183572438595481,98.0,6.062472337829149,0.12110010076633124,0.6071809271605787,1.9844674545084815,99.0,0.9696969696969697,-0.16356889896516943,-0.12690534756497865,98.0,-0.14523712326507404,0.018331775700095396,0.09191325602247802,1.9844674545084815,QuantileRegressor,"{'mode': 'original', 'type': 'QuantileRegressor'}",9,"['pe_T6W30', 'l1_T6W30', 'l3_T6W30', 'z_re_T6W30', 'z_pe_T6W30', 'z_l3_T6W30', 'z_lsc_T6W30', 'z_diameter_T6W30', 'z_asp_T6W30']",-0.06384858352082905,-0.015047868763552592,98.0,-0.03944822614219082,0.024400357378638226,0.12234037397539536,1.9844674545084815,8.002257502199246,8.174647061727384,98.0,8.088452281963315,0.08619477976406964,0.43216996486678666,1.9844674545084815,completed,False,COMPLETE
278,6.585057010012495,2026-06-12 21:16:40.455364,2026-06-12 21:16:43.369392,0 days 00:00:02.914028,,,,,,,,,,,,,,,LinearRegression,,,,,,10,,,,,,,,True,,,,,,,,,-0.03552119805733783,-0.01951338991331662,98.0,-0.027517293985327224,0.008003904072010605,0.04013058506635758,1.9844674545084815,6.522308369180156,6.647805650844833,98.0,6.585057010012495,0.06274864083233829,0.3146139241631248,1.9844674545084815,160792580010644.94,353949315840079.7,98.0,257370947925362.3,96578367914717.39,484231991575824.44,1.9844674545084815,17.07722725538256,17.868592319678257,98.0,17.47290978753041,0.3956825321478473,1.9839032767970333,1.9844674545084815,5.996124236724311,6.217192336486102,98.0,6.106658286605207,0.11053404988089514,0.5542040548669381,1.9844674545084815,99.0,0.8484848484848485,-0.08641706787040312,-0.05493940190653587,98.0,-0.0706782348884695,0.01573883298193363,0.07891256193779192,1.9844674545084815,LinearRegression,"{'mode': 'original', 'type': 'LinearRegression'}",10,"['pe_T6W30', 'l2_T6W30', 'atd_T6W30', 'density_T6W30', 'diameter_T6W30', 'asp_T6W30', 'z_pe_T6W30', 'z_l2_T6W30', 'z_diameter_T6W30', 'z_asp_T6W30']",-0.0063852187945694985,0.044739463828113626,98.0,0.019177122516772064,0.025562341311341562,0.1281664176957542,1.9844674545084815,7.745300205754999,7.896133325255995,98.0,7.820716765505497,0.07541655975049774,0.3781293028064891,1.9844674545084815,completed,True,COMPLETE
279,8.301223131259402,2026-06-12 21:16:43.383652,2026-06-12 21:16:43.731782,0 days 00:00:00.348130,9.0,1.0,6.0,,,,,,,,,,,,DecisionTreeRegressor,,,,,,5,,,,,,,,True,,,,,,,,,,,,,,,,,,,,,,,,,,,,,,,,,,,,,,,,,,,,,,,,,,,,,DecisionTreeRegressor,"{'mode': 'original', 'type': 'DecisionTreeRegressor'}",5,"['edges_T6W30', 'atd_T6W30', 'z_re_T6W30', 'z_pe_T6W30', 'z_lsc_T6W30']",,,,,,,,,,,,,,,pruned,True,PRUNED
280,6.543714849353591,2026-06-12 21:16:43.750302,2026-06-12 21:16:55.062785,0 days 00:00:11.312483,,,,,,18.0,,2.0,11.0,158.0,,,,,ExtraTreesRegressor,,,,,,5,,,,,,,,False,,,,,,,,,-0.0287101096602336,-0.01343918158363249,98.0,-0.021074645621933046,0.007635464038300557,0.03828327230728068,1.9844674545084815,6.483447849905998,6.603981848801183,98.0,6.543714849353591,0.06026699944759223,0.3021712811980489,1.9844674545084815,148382345951223.3,328135772799257.3,98.0,238259059375240.3,89876713424016.98,450630724843397.0,1.9844674545084815,17.246111472040308,17.935484235100358,98.0,17.590797853570333,0.3446863815300248,1.7282148849806103,1.9844674545084815,6.1894309317145995,6.392477019113399,98.0,6.290953975413999,0.10152304369939955,0.5090239843855157,1.9844674545084815,99.0,0.8080808080808081,-0.08334257294257832,-0.05544612861564838,98.0,-0.06939435077911335,0.013948222163464974,0.06993466076296619,1.9844674545084815,ExtraTreesRegressor,"{'mode': 'original', 'type': 'ExtraTreesRegressor'}",5,"['lsc_T6W30', 'density_T6W30', 'asp_T6W30', 'z_pe_T6W30', 'z_lsc_T6W30']",0.010939656911679807,0.05349605929801918,98.0,0.03221785810484949,0.021278201193169685,0.10668626902059604,1.9844674545084815,7.747484893082257,7.886167799786717,98.0,7.816826346434487,0.06934145335223033,0.34766947071587273,1.9844674545084815,completed,False,COMPLETE
281,6.8331343207318715,2026-06-12 21:16:55.075451,2026-06-12 21:17:02.262506,0 days 00:00:07.187055,,,,,,,,,,,,,,,XGBRegressor,,,,,,4,,,,,,,,False,gbtree,0.7598058379015038,0.022851779404450448,5.0,113.0,9.305437128443685,1.647994748405775e-07,0.7013697423734153,-0.07596783129345562,-0.056356747348227744,98.0,-0.06616228932084169,0.00980554197261394,0.04916377466713873,1.9844674545084815,6.758293294189779,6.907975347273964,98.0,6.8331343207318715,0.0748410265420922,0.37524365048349334,1.9844674545084815,160073614681407.62,353666269048784.0,98.0,256869941865095.8,96796327183688.2,485324812392483.3,1.9844674545084815,17.319985730007794,18.057089542369297,98.0,17.688537636188546,0.3685519061807503,1.8478736738082235,1.9844674545084815,6.441145380354838,6.682953850170632,98.0,6.562049615262735,0.12090423490789681,0.6061988799717594,1.9844674545084815,99.0,0.9797979797979798,-0.17428258907096386,-0.1336800764170651,98.0,-0.1539813327440145,0.020301256326949384,0.10178798829330757,1.9844674545084815,XGBRegressor,"{'mode': 'original', 'type': 'XGBRegressor'}",4,"['diameter_T6W30', 'asp_T6W30', 'z_diameter_T6W30', 'z_asp_T6W30']",-0.07804888770167548,-0.030311123386648802,98.0,-0.05418000554416214,0.02386888215751334,0.11967562295137969,1.9844674545084815,8.03087679384929,8.20279963077767,98.0,8.11683821231348,0.08596141846419114,0.4309999201721334,1.9844674545084815,completed,False,COMPLETE
