number,value,datetime_start,datetime_complete,duration,params_dt_max_depth,params_dt_min_samples_leaf,params_dt_min_samples_split,params_elastic_alpha,params_elastic_l1_ratio,params_et_max_depth,params_et_max_features,params_et_min_samples_leaf,params_et_min_samples_split,params_et_n_estimators,params_knn_metric,params_knn_n_neighbors,params_knn_weights,params_quantile_alpha,params_regressor,params_rf_max_depth,params_rf_max_features,params_rf_min_samples_leaf,params_rf_min_samples_split,params_rf_n_estimators,params_rfe_n_features,params_rfe_proxy_et_max_depth,params_rfe_proxy_et_min_samples_leaf,params_rfe_proxy_et_min_samples_split,params_rfe_proxy_et_n_estimators,params_rfe_proxy_lsvr_C,params_rfe_proxy_lsvr_epsilon,params_rfe_proxy_type,params_use_scaler,params_xgb_booster,params_xgb_colsample_bytree,params_xgb_learning_rate,params_xgb_max_depth,params_xgb_n_estimators,params_xgb_reg_alpha,params_xgb_reg_lambda,params_xgb_subsample,user_attrs_d2mae_ci_lower_val,user_attrs_d2mae_ci_upper_val,user_attrs_d2mae_df_val,user_attrs_d2mae_mean_val,user_attrs_d2mae_samperror_val,user_attrs_d2mae_std_val,user_attrs_d2mae_t_critical_val,user_attrs_mae_ci_lower_val,user_attrs_mae_ci_upper_val,user_attrs_mae_df_val,user_attrs_mae_mean_val,user_attrs_mae_samperror_val,user_attrs_mae_std_val,user_attrs_mae_t_critical_val,user_attrs_mape_ci_lower_val,user_attrs_mape_ci_upper_val,user_attrs_mape_df_val,user_attrs_mape_mean_val,user_attrs_mape_samperror_val,user_attrs_mape_std_val,user_attrs_mape_t_critical_val,user_attrs_max_error_ci_lower_val,user_attrs_max_error_ci_upper_val,user_attrs_max_error_df_val,user_attrs_max_error_mean_val,user_attrs_max_error_samperror_val,user_attrs_max_error_std_val,user_attrs_max_error_t_critical_val,user_attrs_median_ae_ci_lower_val,user_attrs_median_ae_ci_upper_val,user_attrs_median_ae_df_val,user_attrs_median_ae_mean_val,user_attrs_median_ae_samperror_val,user_attrs_median_ae_std_val,user_attrs_median_ae_t_critical_val,user_attrs_n_splits_val,user_attrs_r2_below_zero_val,user_attrs_r2_ci_lower_val,user_attrs_r2_ci_upper_val,user_attrs_r2_df_val,user_attrs_r2_mean_val,user_attrs_r2_samperror_val,user_attrs_r2_std_val,user_attrs_r2_t_critical_val,user_attrs_regressor_final,user_attrs_rfe_estimator,user_attrs_rfe_n_features,user_attrs_rfe_selected_features,user_attrs_rho_ci_lower_val,user_attrs_rho_ci_upper_val,user_attrs_rho_df_val,user_attrs_rho_mean_val,user_attrs_rho_samperror_val,user_attrs_rho_std_val,user_attrs_rho_t_critical_val,user_attrs_rmse_ci_lower_val,user_attrs_rmse_ci_upper_val,user_attrs_rmse_df_val,user_attrs_rmse_mean_val,user_attrs_rmse_samperror_val,user_attrs_rmse_std_val,user_attrs_rmse_t_critical_val,user_attrs_termination_reason,user_attrs_use_scaler_final,state
297,7.309803921568627,2026-06-12 21:19:11.630196,2026-06-12 21:19:11.804377,0 days 00:00:00.174181,,,,,,,,,,,manhattan,4.0,uniform,,KNeighborsRegressor,,,,,,15,,,,,0.024850070766863297,0.0031571825764638364,LinearSVR,,,,,,,,,,,,,,,,,,,,,,,,,,,,,,,,,,,,,,,,,,,,,,,,,,,,,,KNeighborsRegressor,"{'mode': 'proxy', 'type': 'LinearSVR'}",15,"['nodes_T6W30', 're_T6W30', 'l3_T6W30', 'lcc_T6W30', 'atd_T6W30', 'density_T6W30', 'diameter_T6W30', 'asp_T6W30', 'z_pe_T6W30', 'z_l2_T6W30', 'z_l3_T6W30', 'z_lsc_T6W30', 'z_density_T6W30', 'z_diameter_T6W30', 'z_asp_T6W30']",,,,,,,,,,,,,,,pruned,True,PRUNED
298,6.691364647507568,2026-06-12 21:19:11.815063,2026-06-12 21:19:31.688222,0 days 00:00:19.873159,,,,,,,,,,,,,,,RandomForestRegressor,10.0,log2,3.0,9.0,203.0,18,,,,,,,,False,,,,,,,,,-0.05253115450159833,-0.035791899304730215,98.0,-0.04416152690316427,0.008369627598434059,0.041964277593886566,1.9844674545084815,6.627572291782021,6.755157003233115,98.0,6.691364647507568,0.06379235572554715,0.31984698154738467,1.9844674545084815,157196066097715.53,347574868950167.6,98.0,252385467523941.56,95189401426226.03,477267885394736.7,1.9844674545084815,17.464229465857798,18.11817068190966,98.0,17.79120007388373,0.326970608025931,1.6393901877795891,1.9844674545084815,6.258396602884167,6.465655135167562,98.0,6.362025869025865,0.10362926614169819,0.5195843232062812,1.9844674545084815,99.0,0.8787878787878788,-0.11405201599800331,-0.08409211641433388,98.0,-0.0990720662061686,0.01497994979183471,0.07510761548394927,1.9844674545084815,RandomForestRegressor,"{'mode': 'original', 'type': 'RandomForestRegressor'}",18,"['nodes_T6W30', 're_T6W30', 'l1_T6W30', 'l2_T6W30', 'l3_T6W30', 'lcc_T6W30', 'lsc_T6W30', 'atd_T6W30', 'density_T6W30', 'diameter_T6W30', 'asp_T6W30', 'z_re_T6W30', 'z_pe_T6W30', 'z_l2_T6W30', 'z_l3_T6W30', 'z_lsc_T6W30', 'z_density_T6W30', 'z_diameter_T6W30']",-0.0644993639219166,-0.015039198840506078,98.0,-0.039769281381211344,0.024730082540705266,0.12399357515644426,1.9844674545084815,7.851587093863742,7.996872551055363,98.0,7.924229822459552,0.07264272859581049,0.36422165647397536,1.9844674545084815,completed,False,COMPLETE
299,6.520510026595927,2026-06-12 21:19:31.752323,2026-06-12 21:19:48.573498,0 days 00:00:16.821175,,,,,,,,,,,,,,,XGBRegressor,,,,,,8,,,,,,,,True,gbtree,0.6173772108624856,0.0010406289634983384,5.0,368.0,0.23432759471836886,1.0863642854536062e-05,0.7017404845134998,-0.020039706011245054,-0.014485681599726742,98.0,-0.0172626938054859,0.0027770122057591564,0.013923595729144748,1.9844674545084815,6.473197457353705,6.567822595838149,98.0,6.520510026595927,0.047312569242222144,0.23721937039732344,1.9844674545084815,169014119587248.25,372049005444631.2,98.0,270531562515939.72,101517442928691.48,508995902813908.3,1.9844674545084815,16.443635191839732,16.911331617211474,98.0,16.677483404525603,0.23384821268587044,1.1724860152463819,1.9844674545084815,6.290905950524664,6.4299197649738264,98.0,6.360412857749245,0.06950690722458124,0.3484990359679295,1.9844674545084815,99.0,0.8282828282828283,-0.023030328860751785,-0.015142916863642886,98.0,-0.019086622862197335,0.003943705998554449,0.019773254105472777,1.9844674545084815,XGBRegressor,"{'mode': 'original', 'type': 'XGBRegressor'}",8,"['asp_T6W30', 'z_pe_T6W30', 'z_l2_T6W30', 'z_l3_T6W30', 'z_lsc_T6W30', 'z_density_T6W30', 'z_diameter_T6W30', 'z_asp_T6W30']",-0.08295767391715161,-0.03276060362601311,98.0,-0.057859138771582365,0.025098535145569256,0.12584095094573217,1.9844674545084815,7.576498063114,7.696246283716464,98.0,7.636372173415232,0.05987411030123208,0.30020138361209575,1.9844674545084815,completed,True,COMPLETE
