number,value,datetime_start,datetime_complete,duration,params_dt_max_depth,params_dt_min_samples_leaf,params_dt_min_samples_split,params_elastic_alpha,params_elastic_l1_ratio,params_et_max_depth,params_et_max_features,params_et_min_samples_leaf,params_et_min_samples_split,params_et_n_estimators,params_knn_metric,params_knn_n_neighbors,params_knn_weights,params_quantile_alpha,params_regressor,params_rf_max_depth,params_rf_max_features,params_rf_min_samples_leaf,params_rf_min_samples_split,params_rf_n_estimators,params_rfe_n_features,params_rfe_proxy_et_max_depth,params_rfe_proxy_et_min_samples_leaf,params_rfe_proxy_et_min_samples_split,params_rfe_proxy_et_n_estimators,params_rfe_proxy_lsvr_C,params_rfe_proxy_lsvr_epsilon,params_rfe_proxy_type,params_use_scaler,params_xgb_booster,params_xgb_colsample_bytree,params_xgb_learning_rate,params_xgb_max_depth,params_xgb_n_estimators,params_xgb_reg_alpha,params_xgb_reg_lambda,params_xgb_subsample,user_attrs_d2mae_ci_lower_val,user_attrs_d2mae_ci_upper_val,user_attrs_d2mae_df_val,user_attrs_d2mae_mean_val,user_attrs_d2mae_samperror_val,user_attrs_d2mae_std_val,user_attrs_d2mae_t_critical_val,user_attrs_mae_ci_lower_val,user_attrs_mae_ci_upper_val,user_attrs_mae_df_val,user_attrs_mae_mean_val,user_attrs_mae_samperror_val,user_attrs_mae_std_val,user_attrs_mae_t_critical_val,user_attrs_mape_ci_lower_val,user_attrs_mape_ci_upper_val,user_attrs_mape_df_val,user_attrs_mape_mean_val,user_attrs_mape_samperror_val,user_attrs_mape_std_val,user_attrs_mape_t_critical_val,user_attrs_max_error_ci_lower_val,user_attrs_max_error_ci_upper_val,user_attrs_max_error_df_val,user_attrs_max_error_mean_val,user_attrs_max_error_samperror_val,user_attrs_max_error_std_val,user_attrs_max_error_t_critical_val,user_attrs_median_ae_ci_lower_val,user_attrs_median_ae_ci_upper_val,user_attrs_median_ae_df_val,user_attrs_median_ae_mean_val,user_attrs_median_ae_samperror_val,user_attrs_median_ae_std_val,user_attrs_median_ae_t_critical_val,user_attrs_n_splits_val,user_attrs_r2_below_zero_val,user_attrs_r2_ci_lower_val,user_attrs_r2_ci_upper_val,user_attrs_r2_df_val,user_attrs_r2_mean_val,user_attrs_r2_samperror_val,user_attrs_r2_std_val,user_attrs_r2_t_critical_val,user_attrs_regressor_final,user_attrs_rfe_estimator,user_attrs_rfe_n_features,user_attrs_rfe_selected_features,user_attrs_rho_ci_lower_val,user_attrs_rho_ci_upper_val,user_attrs_rho_df_val,user_attrs_rho_mean_val,user_attrs_rho_samperror_val,user_attrs_rho_std_val,user_attrs_rho_t_critical_val,user_attrs_rmse_ci_lower_val,user_attrs_rmse_ci_upper_val,user_attrs_rmse_df_val,user_attrs_rmse_mean_val,user_attrs_rmse_samperror_val,user_attrs_rmse_std_val,user_attrs_rmse_t_critical_val,user_attrs_termination_reason,user_attrs_use_scaler_final,state
282,6.761809433331023,2026-06-12 21:17:02.275383,2026-06-12 21:17:16.309959,0 days 00:00:14.034576,,,,,,13.0,,1.0,8.0,211.0,,,,,ExtraTreesRegressor,,,,,,6,,,,,,,,True,,,,,,,,,-0.06350716500520667,-0.04698090232732641,98.0,-0.05524403366626654,0.008263131338940136,0.04143031852061195,1.9844674545084815,6.701190936161688,6.822427930500358,98.0,6.761809433331023,0.06061849716933521,0.30393364730040706,1.9844674545084815,171007813441499.88,378502710865936.25,98.0,274755262153718.06,103747448712218.2,520176875997637.1,1.9844674545084815,17.612792458481596,18.180737796530916,98.0,17.896765127506256,0.2839726690246609,1.4238038397619195,1.9844674545084815,6.3146486749602095,6.521932869744579,98.0,6.418290772352394,0.10364209739218506,0.5196486575092087,1.9844674545084815,99.0,0.9494949494949495,-0.1566921203232343,-0.12602024751525157,98.0,-0.14135618391924293,0.015335936403991363,0.07689248832763995,1.9844674545084815,ExtraTreesRegressor,"{'mode': 'original', 'type': 'ExtraTreesRegressor'}",6,"['l1_T6W30', 'lsc_T6W30', 'density_T6W30', 'asp_T6W30', 'z_pe_T6W30', 'z_l3_T6W30']",-0.10202453205330751,-0.05331601173937363,98.0,-0.07767027189634057,0.024354260156966942,0.12210924820740032,1.9844674545084815,8.005102657685114,8.143521373810064,98.0,8.074312015747589,0.06920935806247469,0.3470071612710429,1.9844674545084815,completed,True,COMPLETE
283,6.6117155092818285,2026-06-12 21:17:16.323688,2026-06-12 21:17:47.569625,0 days 00:00:31.245937,,,,,,,,,,,,,,,RandomForestRegressor,11.0,log2,2.0,3.0,325.0,8,,,,,,,,True,,,,,,,,,-0.0401684712815996,-0.02327218007612694,98.0,-0.03172032567886327,0.008448145602736332,0.04235795715607821,1.9844674545084815,6.547201921364572,6.676229097199085,98.0,6.6117155092818285,0.0645135879172568,0.32346315055210995,1.9844674545084815,165644656810528.7,366581555664985.0,98.0,266113106237756.84,100468449427228.14,503736379140737.06,1.9844674545084815,17.555187121654498,18.18840397513761,98.0,17.871795548396054,0.31660842674155476,1.5874354924503613,1.9844674545084815,6.2449569524117665,6.431682380601537,98.0,6.338319666506652,0.09336271409488517,0.4681091010464383,1.9844674545084815,99.0,0.8181818181818182,-0.10012671139267795,-0.06880339495449594,98.0,-0.08446505317358695,0.015661658219091004,0.07852561722214217,1.9844674545084815,RandomForestRegressor,"{'mode': 'original', 'type': 'RandomForestRegressor'}",8,"['re_T6W30', 'l2_T6W30', 'l3_T6W30', 'atd_T6W30', 'density_T6W30', 'asp_T6W30', 'z_pe_T6W30', 'z_lsc_T6W30']",0.001732387531454882,0.04820446170509711,98.0,0.024968424618275996,0.023236037086821114,0.11650261603940908,1.9844674545084815,7.796871129306507,7.944005292166591,98.0,7.870438210736549,0.07356708143004195,0.36885624725763727,1.9844674545084815,completed,True,COMPLETE
284,7.4537235096058625,2026-06-12 21:17:47.583314,2026-06-12 21:17:47.731064,0 days 00:00:00.147750,13.0,3.0,12.0,,,,,,,,,,,,DecisionTreeRegressor,,,,,,12,,,,,,,,True,,,,,,,,,,,,,,,,,,,,,,,,,,,,,,,,,,,,,,,,,,,,,,,,,,,,,DecisionTreeRegressor,"{'mode': 'original', 'type': 'DecisionTreeRegressor'}",12,"['edges_T6W30', 'pe_T6W30', 'l3_T6W30', 'atd_T6W30', 'asp_T6W30', 'z_re_T6W30', 'z_pe_T6W30', 'z_l1_T6W30', 'z_l2_T6W30', 'z_lsc_T6W30', 'z_density_T6W30', 'z_asp_T6W30']",,,,,,,,,,,,,,,pruned,True,PRUNED
285,6.929585830061578,2026-06-12 21:17:47.740637,2026-06-12 21:17:49.411698,0 days 00:00:01.671061,,,,,,,,,,,,,,,LinearRegression,,,,,,21,,,,,,,,False,,,,,,,,,-0.09339570216950357,-0.06928460478303036,98.0,-0.08134015347626697,0.0120555486932366,0.06044503007568108,1.9844674545084815,6.845157394864261,7.014014265258895,98.0,6.929585830061578,0.08442843519731698,0.4233137316767305,1.9844674545084815,161186266473015.8,355843935342584.4,98.0,258515100907800.1,97328834434784.3,487994737887129.6,1.9844674545084815,18.780803923955073,20.068230132588564,98.0,19.42451702827182,0.6437131043167453,3.227497888367749,1.9844674545084815,6.202314042372886,6.474070602679974,98.0,6.33819232252643,0.13587828015354367,0.6812768907914175,1.9844674545084815,99.0,0.9494949494949495,-0.23674604971907856,-0.1832232538724949,98.0,-0.20998465179578674,0.026761397923291814,0.13417833924457914,1.9844674545084815,LinearRegression,"{'mode': 'original', 'type': 'LinearRegression'}",21,"['nodes_T6W30', 'edges_T6W30', 're_T6W30', 'pe_T6W30', 'l1_T6W30', 'l2_T6W30', 'l3_T6W30', 'lcc_T6W30', 'atd_T6W30', 'density_T6W30', 'diameter_T6W30', 'asp_T6W30', 'z_re_T6W30', 'z_pe_T6W30', 'z_l1_T6W30', 'z_l2_T6W30', 'z_l3_T6W30', 'z_lsc_T6W30', 'z_density_T6W30', 'z_diameter_T6W30', 'z_asp_T6W30']",-0.08835575461269429,-0.035595413914478846,98.0,-0.06197558426358657,0.026380170349107723,0.13226691133917287,1.9844674545084815,8.203084636901892,8.409577700346915,98.0,8.306331168624403,0.10324653172251107,0.5176653401664016,1.9844674545084815,completed,False,COMPLETE
286,6.472274650699149,2026-06-12 21:17:49.425189,2026-06-12 21:17:54.891605,0 days 00:00:05.466416,,,,,,,,,,,,,,,XGBRegressor,,,,,,15,,,,,,,,False,gbtree,0.6069973393491568,0.0026646637168733,2.0,86.0,3.544537957319563e-06,4.006964783909137e-05,0.7590387490201724,-0.011796094828883448,-0.0077460733361735855,98.0,-0.009771084082528516,0.002025010746354931,0.010153153421848898,1.9844674545084815,6.428119340809628,6.51642996058867,98.0,6.472274650699149,0.044155309889521516,0.22138926250370428,1.9844674545084815,173852191696334.62,382586261249319.06,98.0,278219226472826.84,104367034776492.22,523283403891346.9,1.9844674545084815,16.379077374578824,16.84555766293005,98.0,16.612317518754438,0.23324014417561234,1.1694372349439768,1.9844674545084815,6.246552203349061,6.393054195416426,98.0,6.3198031993827435,0.07325099603368257,0.36727143417483293,1.9844674545084815,99.0,0.7171717171717171,-0.007581690979577728,-0.0035767657777595377,98.0,-0.005579228378668633,0.0020024626009090955,0.01004009980941656,1.9844674545084815,XGBRegressor,"{'mode': 'original', 'type': 'XGBRegressor'}",15,"['nodes_T6W30', 'edges_T6W30', 'l2_T6W30', 'l3_T6W30', 'lcc_T6W30', 'lsc_T6W30', 'atd_T6W30', 'density_T6W30', 'diameter_T6W30', 'asp_T6W30', 'z_pe_T6W30', 'z_l2_T6W30', 'z_l3_T6W30', 'z_lsc_T6W30', 'z_asp_T6W30']",-0.04324333321134845,0.003679700706686148,98.0,-0.01978181625233115,0.023461516959017298,0.11763314423046564,1.9844674545084815,7.528358514703003,7.643058967561959,98.0,7.585708741132481,0.05735022642947844,0.2875469420418616,1.9844674545084815,completed,False,COMPLETE
287,6.43236284412755,2026-06-12 21:17:54.905218,2026-06-12 21:17:57.697264,0 days 00:00:02.792046,,,,,,,,,,,,,,4.557241216716546,QuantileRegressor,,,,,,22,,,,,,,,False,,,,,,,,,-0.004618760704527799,-0.0023266854860824436,98.0,-0.0034727230953051215,0.001146037609222678,0.005746090826723593,1.9844674545084815,6.387146941252938,6.477578747002163,98.0,6.43236284412755,0.04521590287461224,0.22670694455311866,1.9844674545084815,159975467009718.8,352020212552703.8,98.0,255997839781211.3,96022372771492.52,481444300695108.6,1.9844674545084815,17.65307108337025,18.14490871460955,98.0,17.8989898989899,0.24591881561964796,1.2330065254221743,1.9844674545084815,5.956835168213341,6.06336685198868,98.0,6.01010101010101,0.05326584188766987,0.26706834312012434,1.9844674545084815,99.0,1.0,-0.03940786471611372,-0.03383770038410198,98.0,-0.03662278255010785,0.0027850821660058717,0.013964057511701019,1.9844674545084815,QuantileRegressor,"{'mode': 'original', 'type': 'QuantileRegressor'}",22,"['nodes_T6W30', 'edges_T6W30', 're_T6W30', 'pe_T6W30', 'l1_T6W30', 'l2_T6W30', 'l3_T6W30', 'lcc_T6W30', 'lsc_T6W30', 'atd_T6W30', 'density_T6W30', 'diameter_T6W30', 'asp_T6W30', 'z_re_T6W30', 'z_pe_T6W30', 'z_l1_T6W30', 'z_l2_T6W30', 'z_l3_T6W30', 'z_lsc_T6W30', 'z_density_T6W30', 'z_diameter_T6W30', 'z_asp_T6W30']",,,,,,,,7.641821067877172,7.76254996760978,98.0,7.702185517743476,0.06036444986630419,0.3026598855444638,1.9844674545084815,completed,False,COMPLETE
288,6.980392156862744,2026-06-12 21:17:57.710288,2026-06-12 21:17:57.879788,0 days 00:00:00.169500,,,,,,,,,,,minkowski,3.0,uniform,,KNeighborsRegressor,,,,,,21,4.0,4.0,12.0,40.0,,,ExtraTrees,,,,,,,,,,,,,,,,,,,,,,,,,,,,,,,,,,,,,,,,,,,,,,,,,,,,,,KNeighborsRegressor,"{'mode': 'proxy', 'type': 'ExtraTrees'}",21,"['nodes_T6W30', 'edges_T6W30', 're_T6W30', 'pe_T6W30', 'l1_T6W30', 'l2_T6W30', 'l3_T6W30', 'lcc_T6W30', 'lsc_T6W30', 'atd_T6W30', 'density_T6W30', 'diameter_T6W30', 'asp_T6W30', 'z_re_T6W30', 'z_pe_T6W30', 'z_l1_T6W30', 'z_l2_T6W30', 'z_lsc_T6W30', 'z_density_T6W30', 'z_diameter_T6W30', 'z_asp_T6W30']",,,,,,,,,,,,,,,pruned,True,PRUNED
289,6.553263091488894,2026-06-12 21:17:57.899421,2026-06-12 21:18:07.271519,0 days 00:00:09.372098,,,,,,11.0,log2,3.0,5.0,143.0,,,,,ExtraTreesRegressor,,,,,,10,,,,,,,,True,,,,,,,,,-0.02881164520982965,-0.01618249163707411,98.0,-0.02249706842345188,0.006314576786377769,0.0316605069980709,1.9844674545084815,6.497247618063215,6.6092785649145736,98.0,6.553263091488894,0.05601547342567937,0.28085465556770856,1.9844674545084815,163827213876778.25,361097108729034.75,98.0,262462161302906.5,98634947426128.23,494543426881128.94,1.9844674545084815,17.046616002965738,17.70396720282204,98.0,17.37529160289389,0.32867559992815026,1.647938806297986,1.9844674545084815,6.231679796642113,6.4243471723504735,98.0,6.328013484496293,0.09633368785418008,0.48300519601517156,1.9844674545084815,99.0,0.797979797979798,-0.06460801762880773,-0.04146902453101457,98.0,-0.05303852107991115,0.011569496548896583,0.058008024740580574,1.9844674545084815,ExtraTreesRegressor,"{'mode': 'original', 'type': 'ExtraTreesRegressor'}",10,"['nodes_T6W30', 're_T6W30', 'lcc_T6W30', 'atd_T6W30', 'density_T6W30', 'diameter_T6W30', 'asp_T6W30', 'z_l2_T6W30', 'z_lsc_T6W30', 'z_density_T6W30']",-0.009839358909796644,0.03660420077384138,98.0,0.013382420932022372,0.023221779841819015,0.11643113197635421,1.9844674545084815,7.691373853415569,7.826242411081794,98.0,7.7588081322486815,0.0674342788331122,0.3381071335629946,1.9844674545084815,completed,True,COMPLETE
290,6.75786074196679,2026-06-12 21:18:07.303715,2026-06-12 21:18:35.958293,0 days 00:00:28.654578,,,,,,,,,,,,,,,RandomForestRegressor,8.0,,3.0,2.0,219.0,18,,,,,,,,False,,,,,,,,,-0.06385903368449643,-0.045279652721305144,98.0,-0.054569343202900786,0.009289690481595645,0.046577359093480195,1.9844674545084815,6.689871425575974,6.825850058357607,98.0,6.75786074196679,0.0679893163908169,0.34089002322834966,1.9844674545084815,152214570435872.88,337628490357633.06,98.0,244921530396752.97,92706959960880.08,464821230924489.7,1.9844674545084815,17.675839235428384,18.395011164984325,98.0,18.035425200206355,0.35958596477796984,1.8029195525535104,1.9844674545084815,6.245879602505226,6.462609262456922,98.0,6.354244432481074,0.10836482997584802,0.5433278545596971,1.9844674545084815,99.0,0.9292929292929293,-0.14074771117508114,-0.10631729839373366,98.0,-0.1235325047844074,0.017215206390673744,0.08631491560621492,1.9844674545084815,RandomForestRegressor,"{'mode': 'original', 'type': 'RandomForestRegressor'}",18,"['re_T6W30', 'l1_T6W30', 'l2_T6W30', 'l3_T6W30', 'lsc_T6W30', 'atd_T6W30', 'density_T6W30', 'diameter_T6W30', 'asp_T6W30', 'z_re_T6W30', 'z_pe_T6W30', 'z_l1_T6W30', 'z_l2_T6W30', 'z_l3_T6W30', 'z_lsc_T6W30', 'z_density_T6W30', 'z_diameter_T6W30', 'z_asp_T6W30']",-0.07431264568601617,-0.022612396033951123,98.0,-0.04846252085998365,0.025850124826032526,0.12960932864434832,1.9844674545084815,7.9314011816200205,8.090561708818221,98.0,8.010981445219121,0.07958026359910034,0.39900559892200377,1.9844674545084815,completed,False,COMPLETE
291,6.437709900147137,2026-06-12 21:18:35.972221,2026-06-12 21:18:38.840012,0 days 00:00:02.867791,,,,,,,,,,,,,,,XGBRegressor,,,,,,8,,,,,,,,True,gblinear,0.6560320223260103,0.018396906939747597,7.0,275.0,0.166557531238763,0.5659296068864758,0.5599764708654849,-0.007660574262447616,-0.0010102031639293613,98.0,-0.004335388713188488,0.003325185549259127,0.01667206907346722,1.9844674545084815,6.389106461643945,6.486313338650329,98.0,6.437709900147137,0.04860343850319233,0.24369162921262644,1.9844674545084815,170659695464351.97,375560059684457.4,98.0,273109877574404.7,102450182110052.72,513672541704826.25,1.9844674545084815,16.313650248428782,16.82328805859162,98.0,16.5684691535102,0.2548189050814188,1.2776304731894625,1.9844674545084815,6.162229611488652,6.30424249405778,98.0,6.233236052773216,0.07100644128456444,0.3560175142770955,1.9844674545084815,99.0,0.47474747474747475,-0.010119302437719788,0.000973130689025747,98.0,-0.00457308587434702,0.005546216563372767,0.02780804387338956,1.9844674545084815,XGBRegressor,"{'mode': 'original', 'type': 'XGBRegressor'}",8,"['re_T6W30', 'atd_T6W30', 'density_T6W30', 'diameter_T6W30', 'asp_T6W30', 'z_pe_T6W30', 'z_l2_T6W30', 'z_lsc_T6W30']",0.03914469947960495,0.08508174679390501,98.0,0.062113223136754984,0.022968523657150033,0.11516133679003002,1.9844674545084815,7.520974769883794,7.641537864636194,98.0,7.581256317259994,0.060281547376199736,0.30224422271274853,1.9844674545084815,completed,True,COMPLETE
292,6.832659559633098,2026-06-12 21:18:38.858279,2026-06-12 21:19:00.036394,0 days 00:00:21.178115,,,,,,,,,,,,,,,RandomForestRegressor,18.0,,1.0,3.0,163.0,10,,,,,,,,True,,,,,,,,,-0.07660533859214283,-0.055790484932147166,98.0,-0.066197911762145,0.010407426829997833,0.05218155089884827,1.9844674545084815,6.757190270700138,6.908128848566057,98.0,6.832659559633098,0.07546928893295927,0.37839368040562243,1.9844674545084815,146922312612785.78,325660351892132.6,98.0,236291332252459.22,89369019639673.44,448085211002032.2,1.9844674545084815,17.855971669117462,18.642341320879236,98.0,18.24915649499835,0.3931848258808887,1.971380086499504,1.9844674545084815,6.288195744750361,6.5279313208529,98.0,6.408063532801631,0.11986778805126966,0.6010022636239841,1.9844674545084815,99.0,0.9595959595959596,-0.17222324924692806,-0.13368037388612147,98.0,-0.15295181156652476,0.019271437680403302,0.09662460497107878,1.9844674545084815,RandomForestRegressor,"{'mode': 'original', 'type': 'RandomForestRegressor'}",10,"['l1_T6W30', 'lsc_T6W30', 'atd_T6W30', 'density_T6W30', 'diameter_T6W30', 'z_re_T6W30', 'z_l2_T6W30', 'z_l3_T6W30', 'z_lsc_T6W30', 'z_density_T6W30']",-0.07852423481899354,-0.025052460833587375,98.0,-0.05178834782629046,0.026735886992703083,0.13405043059388788,1.9844674545084815,8.027851704937422,8.201523169487793,98.0,8.114687437212607,0.08683573227518533,0.43538362148228404,1.9844674545084815,completed,True,COMPLETE
293,6.472034136144774,2026-06-12 21:19:00.051655,2026-06-12 21:19:02.840685,0 days 00:00:02.789030,,,,0.352325526118713,0.10540137739646227,,,,,,,,,,ElasticNet,,,,,,19,,,,,,,,False,,,,,,,,,-0.013784581724767257,-0.005575204942869686,98.0,-0.009679893333818471,0.004104688390948785,0.020580399910075584,1.9844674545084815,6.420523593602194,6.5235446786873545,98.0,6.472034136144774,0.051510542542579765,0.25826748930537274,1.9844674545084815,168874529107179.0,371779945134446.1,98.0,270327237120812.56,101452708013633.55,508671329956447.3,1.9844674545084815,16.451753413352897,16.930559240283102,98.0,16.691156326818,0.23940291346510265,1.2003365979287333,1.9844674545084815,6.081729734255326,6.244024716714806,98.0,6.162877225485066,0.08114749122973983,0.40686348442186393,1.9844674545084815,99.0,0.6363636363636364,-0.026406024321193246,-0.01204926980788782,98.0,-0.019227647064540533,0.007178377256652712,0.03599149571818188,1.9844674545084815,ElasticNet,"{'mode': 'original', 'type': 'ElasticNet'}",19,"['nodes_T6W30', 're_T6W30', 'pe_T6W30', 'l1_T6W30', 'l2_T6W30', 'l3_T6W30', 'lcc_T6W30', 'lsc_T6W30', 'diameter_T6W30', 'asp_T6W30', 'z_re_T6W30', 'z_pe_T6W30', 'z_l1_T6W30', 'z_l2_T6W30', 'z_l3_T6W30', 'z_lsc_T6W30', 'z_density_T6W30', 'z_diameter_T6W30', 'z_asp_T6W30']",-0.007550848221301504,0.038039580594251034,98.0,0.015244366186474765,0.02279521440777627,0.11429238564916093,1.9844674545084815,7.573150078208656,7.6985980999979375,98.0,7.635874089103297,0.06272401089464133,0.3144904327018287,1.9844674545084815,completed,False,COMPLETE
294,6.587117101631913,2026-06-12 21:19:02.854146,2026-06-12 21:19:06.797529,0 days 00:00:03.943383,,,,,,,,,,,,,,,XGBRegressor,,,,,,2,,,,,,,,False,gbtree,0.9710291097442978,0.004679593024223319,7.0,356.0,4.835619142236148e-06,0.095399845303622,0.6243958943695885,,,,,,,,,,,,,,,,,,,,,,,,,,,,,,,,,,,,,,,,,,,,,XGBRegressor,"{'mode': 'original', 'type': 'XGBRegressor'}",2,"['z_diameter_T6W30', 'z_asp_T6W30']",,,,,,,,,,,,,,,pruned,False,PRUNED
295,6.522917627293539,2026-06-12 21:19:06.808264,2026-06-12 21:19:08.750169,0 days 00:00:01.941905,,,,0.0004918786513508437,0.982739540910386,,,,,,,,,,ElasticNet,,,,,,7,,,,,,,,False,,,,,,,,,-0.024319959505316843,-0.011190350148158033,98.0,-0.017755154826737438,0.006564804678579404,0.03291511870051358,1.9844674545084815,6.4656481736432925,6.580187080943786,98.0,6.522917627293539,0.057269453650246556,0.2871419573170513,1.9844674545084815,168908288524341.2,371891083608052.94,98.0,270399686066197.06,101491397541855.86,508865314465698.56,1.9844674545084815,16.678135299227545,17.26681208485689,98.0,16.972473692042218,0.29433839281467317,1.475776296776257,1.9844674545084815,5.979840233946606,6.182699670326353,98.0,6.08126995213648,0.10142971818987377,0.5085560618235772,1.9844674545084815,99.0,0.7171717171717171,-0.05748296236175753,-0.032225222076114605,98.0,-0.04485409221893607,0.012628870142821465,0.06331959291350796,1.9844674545084815,ElasticNet,"{'mode': 'original', 'type': 'ElasticNet'}",7,"['edges_T6W30', 'l2_T6W30', 'lcc_T6W30', 'atd_T6W30', 'asp_T6W30', 'z_diameter_T6W30', 'z_asp_T6W30']",0.03399102319160967,0.07831873290303974,98.0,0.056154878047324705,0.02216385485571504,0.111126826943872,1.9844674545084815,7.661564599676305,7.792833977430027,98.0,7.727199288553166,0.06563468887686065,0.32908421210189637,1.9844674545084815,completed,False,COMPLETE
296,6.430587944027742,2026-06-12 21:19:08.762514,2026-06-12 21:19:11.617369,0 days 00:00:02.854855,,,,,,,,,,,,,,,XGBRegressor,,,,,,9,,,,,,,,True,gblinear,0.6604272713749217,0.07295892049245895,4.0,256.0,0.002314467260697325,9.153982302423422,0.7564373711526339,-0.0052725777589147736,-0.0012085413872389094,98.0,-0.0032405595730768417,0.0020320181858379323,0.01018828785671217,1.9844674545084815,6.385696203089296,6.475479684966189,98.0,6.430587944027742,0.04489174093844651,0.22508163669865977,1.9844674545084815,173799512194454.12,382411919106909.2,98.0,278105715650681.66,104306203456227.52,522978403175369.0,1.9844674545084815,16.285433542195214,16.754923720001955,98.0,16.520178631098585,0.23474508890336973,1.1769828416721522,1.9844674545084815,6.2055911744119285,6.356740901843793,98.0,6.281166038127861,0.07557486371593226,0.37892301930959255,1.9844674545084815,99.0,0.35353535353535354,0.0005595236834790075,0.005364219821062591,98.0,0.002961871752270799,0.0024023480687917916,0.01204507608615441,1.9844674545084815,XGBRegressor,"{'mode': 'original', 'type': 'XGBRegressor'}",9,"['nodes_T6W30', 're_T6W30', 'lcc_T6W30', 'atd_T6W30', 'density_T6W30', 'diameter_T6W30', 'asp_T6W30', 'z_l2_T6W30', 'z_lsc_T6W30']",0.07522277051685834,0.11974077788962241,98.0,0.09748177420324038,0.022259003686382037,0.11160389141249791,1.9844674545084815,7.495706553300256,7.611233605417562,98.0,7.553470079358909,0.05776352605865313,0.28961917526420733,1.9844674545084815,completed,True,COMPLETE
