number,value,datetime_start,datetime_complete,duration,params_dt_max_depth,params_dt_min_samples_leaf,params_dt_min_samples_split,params_elastic_alpha,params_elastic_l1_ratio,params_et_max_depth,params_et_max_features,params_et_min_samples_leaf,params_et_min_samples_split,params_et_n_estimators,params_knn_metric,params_knn_n_neighbors,params_knn_weights,params_quantile_alpha,params_regressor,params_rf_max_depth,params_rf_max_features,params_rf_min_samples_leaf,params_rf_min_samples_split,params_rf_n_estimators,params_rfe_n_features,params_rfe_proxy_et_max_depth,params_rfe_proxy_et_min_samples_leaf,params_rfe_proxy_et_min_samples_split,params_rfe_proxy_et_n_estimators,params_rfe_proxy_lsvr_C,params_rfe_proxy_lsvr_epsilon,params_rfe_proxy_type,params_use_scaler,params_xgb_booster,params_xgb_colsample_bytree,params_xgb_learning_rate,params_xgb_max_depth,params_xgb_n_estimators,params_xgb_reg_alpha,params_xgb_reg_lambda,params_xgb_subsample,user_attrs_d2mae_ci_lower_val,user_attrs_d2mae_ci_upper_val,user_attrs_d2mae_df_val,user_attrs_d2mae_mean_val,user_attrs_d2mae_samperror_val,user_attrs_d2mae_std_val,user_attrs_d2mae_t_critical_val,user_attrs_mae_ci_lower_val,user_attrs_mae_ci_upper_val,user_attrs_mae_df_val,user_attrs_mae_mean_val,user_attrs_mae_samperror_val,user_attrs_mae_std_val,user_attrs_mae_t_critical_val,user_attrs_mape_ci_lower_val,user_attrs_mape_ci_upper_val,user_attrs_mape_df_val,user_attrs_mape_mean_val,user_attrs_mape_samperror_val,user_attrs_mape_std_val,user_attrs_mape_t_critical_val,user_attrs_max_error_ci_lower_val,user_attrs_max_error_ci_upper_val,user_attrs_max_error_df_val,user_attrs_max_error_mean_val,user_attrs_max_error_samperror_val,user_attrs_max_error_std_val,user_attrs_max_error_t_critical_val,user_attrs_median_ae_ci_lower_val,user_attrs_median_ae_ci_upper_val,user_attrs_median_ae_df_val,user_attrs_median_ae_mean_val,user_attrs_median_ae_samperror_val,user_attrs_median_ae_std_val,user_attrs_median_ae_t_critical_val,user_attrs_n_splits_val,user_attrs_r2_below_zero_val,user_attrs_r2_ci_lower_val,user_attrs_r2_ci_upper_val,user_attrs_r2_df_val,user_attrs_r2_mean_val,user_attrs_r2_samperror_val,user_attrs_r2_std_val,user_attrs_r2_t_critical_val,user_attrs_regressor_final,user_attrs_rfe_estimator,user_attrs_rfe_n_features,user_attrs_rfe_selected_features,user_attrs_rho_ci_lower_val,user_attrs_rho_ci_upper_val,user_attrs_rho_df_val,user_attrs_rho_mean_val,user_attrs_rho_samperror_val,user_attrs_rho_std_val,user_attrs_rho_t_critical_val,user_attrs_rmse_ci_lower_val,user_attrs_rmse_ci_upper_val,user_attrs_rmse_df_val,user_attrs_rmse_mean_val,user_attrs_rmse_samperror_val,user_attrs_rmse_std_val,user_attrs_rmse_t_critical_val,user_attrs_termination_reason,user_attrs_use_scaler_final,state
77,6.4832424434677725,2026-06-12 20:54:57.483104,2026-06-12 20:55:06.546547,0 days 00:00:09.063443,,,,,,,,,,,,,,,XGBRegressor,,,,,,20,,,,,,,,False,gbtree,0.6842631718618806,0.0011943260319976295,3.0,153.0,0.6014842345304589,0.00018150523695907548,0.8258334126879425,-0.013613546330311756,-0.009373579306028038,98.0,-0.011493562818169897,0.0021199835121418595,0.010629335122942448,1.9844674545084815,6.439276289307288,6.527208597628257,98.0,6.4832424434677725,0.04396615416048492,0.22044085907375346,1.9844674545084815,174001029568452.8,382894927138540.5,98.0,278447978353496.66,104446948785043.83,523684082846181.94,1.9844674545084815,16.40013901489678,16.871681939705397,98.0,16.63591047730109,0.23577146240430857,1.1821289514604139,1.9844674545084815,6.249177426619575,6.378586263750927,98.0,6.313881845185251,0.06470441856567634,0.324419951820687,1.9844674545084815,99.0,0.7474747474747475,-0.009460640722080567,-0.005449282916870768,98.0,-0.007454961819475667,0.0020056789026048996,0.010056225948315938,1.9844674545084815,XGBRegressor,"{'mode': 'original', 'type': 'XGBRegressor'}",20,"['edges_T6W30', 're_T6W30', 'pe_T6W30', 'l1_T6W30', 'l2_T6W30', 'l3_T6W30', 'lcc_T6W30', 'lsc_T6W30', 'atd_T6W30', 'density_T6W30', 'diameter_T6W30', 'asp_T6W30', 'z_re_T6W30', 'z_pe_T6W30', 'z_l2_T6W30', 'z_l3_T6W30', 'z_lsc_T6W30', 'z_density_T6W30', 'z_diameter_T6W30', 'z_asp_T6W30']",-0.06376278120426906,-0.014869167208888326,98.0,-0.039315974206578695,0.02444680699769037,0.12257326662027232,1.9844674545084815,7.535450862840677,7.650083536207833,98.0,7.592767199524255,0.057316336683577974,0.28737702304751833,1.9844674545084815,completed,False,COMPLETE
78,6.48771643001128,2026-06-12 20:55:06.559052,2026-06-12 20:55:09.825576,0 days 00:00:03.266524,,,,,,,,,,,,,,,XGBRegressor,,,,,,7,,,,,,,,False,gblinear,0.7151529474497313,0.0020422099445202985,3.0,267.0,6.378558461145747e-07,0.0002656751415700423,0.8427826436144856,-0.01479355886708644,-0.009599648247480701,98.0,-0.01219660355728357,0.002596955309802868,0.013020812722883282,1.9844674545084815,6.442788495883584,6.532644364138975,98.0,6.48771643001128,0.044927934127695746,0.2252631048730559,1.9844674545084815,175956724839221.03,387144941560366.9,98.0,281550833199793.94,105594108360572.9,529435799073197.2,1.9844674545084815,16.234800316968926,16.680456356670543,98.0,16.457628336819734,0.22282801985080736,1.117232131387168,1.9844674545084815,6.253096801120427,6.398771190625648,98.0,6.325933995873037,0.07283719475260998,0.36519668573191716,1.9844674545084815,99.0,0.5656565656565656,-0.009069611474756777,-0.002254311584335522,98.0,-0.005661961529546149,0.0034076499452106272,0.01708553535528463,1.9844674545084815,XGBRegressor,"{'mode': 'original', 'type': 'XGBRegressor'}",7,"['l2_T6W30', 'density_T6W30', 'z_pe_T6W30', 'z_l2_T6W30', 'z_lsc_T6W30', 'z_density_T6W30', 'z_diameter_T6W30']",-0.008351615120368281,0.04890795201021163,98.0,0.02027816844492167,0.028629783565289953,0.14354619376512093,1.9844674545084815,7.527650045119656,7.643981609338959,98.0,7.5858158272293075,0.058165782109651204,0.29163603735148375,1.9844674545084815,completed,False,COMPLETE
79,6.8846230231815895,2026-06-12 20:55:09.838206,2026-06-12 20:55:12.739179,0 days 00:00:02.900973,,,,,,,,,,,,,,,LinearRegression,,,,,,20,,,,,,,,False,,,,,,,,,-0.08619088477590661,-0.06248365859776203,98.0,-0.07433727168683432,0.011853613089072288,0.05943254993249935,1.9844674545084815,6.801708611520922,6.9675374348422565,98.0,6.8846230231815895,0.08291441166066683,0.4157226049236654,1.9844674545084815,160976665361564.78,355639669150907.1,98.0,258308167256235.97,97331501894671.19,488008112201081.75,1.9844674545084815,18.63228652699874,19.915319002263487,98.0,19.273802764631114,0.6415162376323752,3.216483070528433,1.9844674545084815,6.169149325453843,6.439939925884157,98.0,6.304544625669,0.13539530021515636,0.6788552891169829,1.9844674545084815,99.0,0.9494949494949495,-0.2204546774573715,-0.16795521110345166,98.0,-0.19420494428041157,0.026249733176959913,0.13161291549094703,1.9844674545084815,LinearRegression,"{'mode': 'original', 'type': 'LinearRegression'}",20,"['nodes_T6W30', 're_T6W30', 'pe_T6W30', 'l1_T6W30', 'l2_T6W30', 'l3_T6W30', 'lcc_T6W30', 'atd_T6W30', 'density_T6W30', 'diameter_T6W30', 'asp_T6W30', 'z_re_T6W30', 'z_pe_T6W30', 'z_l1_T6W30', 'z_l2_T6W30', 'z_l3_T6W30', 'z_lsc_T6W30', 'z_density_T6W30', 'z_diameter_T6W30', 'z_asp_T6W30']",-0.07489348006661406,-0.0208351821332284,98.0,-0.047864331099921234,0.027029148966692833,0.13552080985981121,1.9844674545084815,8.150040974185057,8.354277689535394,98.0,8.252159331860225,0.10211835767516896,0.5120088150295197,1.9844674545084815,completed,False,COMPLETE
80,6.569230769230769,2026-06-12 20:55:12.751813,2026-06-12 20:55:13.040371,0 days 00:00:00.288558,,,,,,,,,,,minkowski,13.0,uniform,,KNeighborsRegressor,,,,,,10,,,,,0.0013577269394141453,0.00020621202575348165,LinearSVR,,,,,,,,,,,,,,,,,,,,,,,,,,,,,,,,,,,,,,,,,,,,,,,,,,,,,,KNeighborsRegressor,"{'mode': 'proxy', 'type': 'LinearSVR'}",10,"['nodes_T6W30', 'l3_T6W30', 'lcc_T6W30', 'lsc_T6W30', 'atd_T6W30', 'density_T6W30', 'diameter_T6W30', 'z_re_T6W30', 'z_l3_T6W30', 'z_lsc_T6W30']",,,,,,,,,,,,,,,pruned,True,PRUNED
81,6.476486693054713,2026-06-12 20:55:13.049898,2026-06-12 20:55:52.896701,0 days 00:00:39.846803,,,,,,,,,,,,,,,RandomForestRegressor,2.0,sqrt,4.0,7.0,472.0,9,,,,,,,,True,,,,,,,,,-0.015440011493786512,-0.0053226098607065675,98.0,-0.01038131067724654,0.005058700816539972,0.025363700216413702,1.9844674545084815,6.421907422477622,6.531065963631804,98.0,6.476486693054713,0.05457927057709133,0.27365371211945344,1.9844674545084815,163037555308418.5,359375075696569.3,98.0,261206315502493.9,98168760194075.4,492206021759274.94,1.9844674545084815,16.823311614493807,17.509955496804682,98.0,17.166633555649245,0.3433219411554385,1.7213737497011674,1.9844674545084815,6.163185429026545,6.323082218595737,98.0,6.243133823811141,0.07994839478459581,0.4008513631543322,1.9844674545084815,99.0,0.696969696969697,-0.040181477498176986,-0.022132725390449103,98.0,-0.031157101444313044,0.009024376053863943,0.04524710536784497,1.9844674545084815,RandomForestRegressor,"{'mode': 'original', 'type': 'RandomForestRegressor'}",9,"['nodes_T6W30', 're_T6W30', 'lcc_T6W30', 'atd_T6W30', 'density_T6W30', 'diameter_T6W30', 'asp_T6W30', 'z_pe_T6W30', 'z_l2_T6W30']",-0.007955268708217153,0.03608662071014678,98.0,0.014065676000964814,0.022020944709181967,0.11041029314477933,1.9844674545084815,7.613750177560601,7.745763279951919,98.0,7.67975672875626,0.06600655119565851,0.3309486837751235,1.9844674545084815,completed,True,COMPLETE
82,6.613013550865384,2026-06-12 20:55:52.923889,2026-06-12 20:55:55.754600,0 days 00:00:02.830711,,,,,,,,,,,,,,0.00020033665584113386,QuantileRegressor,,,,,,7,,,,,,,,True,,,,,,,,,-0.04344852716882899,-0.020370197784772948,98.0,-0.03190936247680097,0.011539164692028021,0.057855944561791196,1.9844674545084815,6.530971361758723,6.695055739972045,98.0,6.613013550865384,0.08204218910666146,0.4113493889174027,1.9844674545084815,137288975296382.25,302466851716719.5,98.0,219877913506550.88,82588938210168.62,414090721298556.2,1.9844674545084815,19.547602712212374,20.802896708758034,98.0,20.175249710485204,0.6276469982728291,3.146944419775448,1.9844674545084815,5.706319588098835,6.01400658137933,98.0,5.860163084739082,0.15384349664024696,0.7713522642552665,1.9844674545084815,99.0,0.9797979797979798,-0.21136829933076345,-0.1524601487281549,98.0,-0.18191422402945917,0.02945407530130429,0.14767909057822695,1.9844674545084815,QuantileRegressor,"{'mode': 'original', 'type': 'QuantileRegressor'}",7,"['nodes_T6W30', 'edges_T6W30', 'l1_T6W30', 'lcc_T6W30', 'z_l1_T6W30', 'z_lsc_T6W30', 'z_diameter_T6W30']",-0.022114838273136997,0.030657497415339963,98.0,0.004271329571101483,0.02638616784423848,0.13229698203796741,1.9844674545084815,8.099906836164562,8.311440820925524,98.0,8.205673828545043,0.10576699238048086,0.5303026181661186,1.9844674545084815,completed,True,COMPLETE
83,6.539933588221982,2026-06-12 20:55:55.766673,2026-06-12 20:56:30.844756,0 days 00:00:35.078083,,,,,,,,,,,,,,,RandomForestRegressor,6.0,,5.0,12.0,374.0,3,,,,,,,,False,,,,,,,,,-0.0295640371056592,-0.011596817181926403,98.0,-0.020580427143792802,0.008983609961866399,0.04504270922466139,1.9844674545084815,6.474869534346986,6.604997642096977,98.0,6.539933588221982,0.06506405387499581,0.3262231187806685,1.9844674545084815,142852236522796.25,316389774738029.75,98.0,229621005630413.0,86768769107616.75,435047876442332.8,1.9844674545084815,17.19924489123411,17.784173935357103,98.0,17.491709413295606,0.2924645220614969,1.4663809405866859,1.9844674545084815,6.022753694979003,6.24483008002622,98.0,6.133791887502611,0.1110381925236081,0.5567317637233847,1.9844674545084815,99.0,0.7878787878787878,-0.08112537530217093,-0.047272691332497896,98.0,-0.06419903331733441,0.016926341984836515,0.08486658520310182,1.9844674545084815,RandomForestRegressor,"{'mode': 'original', 'type': 'RandomForestRegressor'}",3,"['l2_T6W30', 'lsc_T6W30', 'atd_T6W30']",0.0525639620022168,0.09836095227649908,98.0,0.07546245713935794,0.02289849513714114,0.11481022245207642,1.9844674545084815,7.723327277233651,7.866088707186004,98.0,7.794707992209828,0.07138071497617689,0.3578940762753679,1.9844674545084815,completed,False,COMPLETE
84,6.772932806950903,2026-06-12 20:56:30.857182,2026-06-12 20:56:40.964347,0 days 00:00:10.107165,,,,,,,,,,,,,,,RandomForestRegressor,18.0,,3.0,8.0,68.0,20,,,,,,,,False,,,,,,,,,-0.0666788124614669,-0.047211447095267256,98.0,-0.056945129778367076,0.00973368268309982,0.048803481077321874,1.9844674545084815,6.702926321173792,6.842939292728015,98.0,6.772932806950903,0.07000648577711126,0.3510038610407015,1.9844674545084815,157551045625127.0,349317994843150.8,98.0,253434520234138.9,95883474609011.9,480747882487838.9,1.9844674545084815,17.71301602916672,18.399192732794052,98.0,18.056104380980386,0.34308835181366515,1.7202025616326582,1.9844674545084815,6.2467276460715535,6.4816913929441995,98.0,6.3642095195078765,0.11748187343632285,0.5890395828428617,1.9844674545084815,99.0,0.9696969696969697,-0.14890915060868387,-0.11430191085968511,98.0,-0.1316055307341845,0.017303619874499382,0.08675820987882937,1.9844674545084815,RandomForestRegressor,"{'mode': 'original', 'type': 'RandomForestRegressor'}",20,"['edges_T6W30', 're_T6W30', 'pe_T6W30', 'l1_T6W30', 'l2_T6W30', 'l3_T6W30', 'lsc_T6W30', 'atd_T6W30', 'density_T6W30', 'diameter_T6W30', 'asp_T6W30', 'z_re_T6W30', 'z_pe_T6W30', 'z_l1_T6W30', 'z_l2_T6W30', 'z_l3_T6W30', 'z_lsc_T6W30', 'z_density_T6W30', 'z_diameter_T6W30', 'z_asp_T6W30']",-0.08373363628709977,-0.029177224331173143,98.0,-0.05645543030913646,0.027278205977963318,0.13676955091008372,1.9844674545084815,7.960566103197601,8.118524705250836,98.0,8.039545404224219,0.07897930102661803,0.3959924469127193,1.9844674545084815,completed,False,COMPLETE
85,6.5000628176058886,2026-06-12 20:56:40.976587,2026-06-12 20:57:20.045199,0 days 00:00:39.068612,,,,,,,,,,,,,,,RandomForestRegressor,5.0,log2,5.0,4.0,459.0,7,,,,,,,,False,,,,,,,,,-0.021295896291077972,-0.007142384466044475,98.0,-0.014219140378561224,0.007076755912516749,0.03548197886756558,1.9844674545084815,6.441235831445021,6.558889803766756,98.0,6.5000628176058886,0.05882698616086741,0.2949512326842642,1.9844674545084815,155796267108019.2,343827977035422.94,98.0,249812122071721.06,94015854963701.89,471383868579950.25,1.9844674545084815,17.176462517568815,17.838792299516882,98.0,17.50762740854285,0.331164890974032,1.6604198037178597,1.9844674545084815,6.145292348069164,6.317825595238995,98.0,6.23155897165408,0.08626662358491531,0.4325301808986131,1.9844674545084815,99.0,0.7272727272727273,-0.05503997696029009,-0.03024806846497452,98.0,-0.042644022712632304,0.012395954247657782,0.06215178142300556,1.9844674545084815,RandomForestRegressor,"{'mode': 'original', 'type': 'RandomForestRegressor'}",7,"['re_T6W30', 'l2_T6W30', 'lsc_T6W30', 'atd_T6W30', 'density_T6W30', 'diameter_T6W30', 'z_pe_T6W30']",0.02891320081543725,0.07554996460784813,98.0,0.05223158271164269,0.02331838189620544,0.11691548272896955,1.9844674545084815,7.651527463962044,7.787908481507706,98.0,7.719717972734875,0.06819050877283105,0.34189877694759474,1.9844674545084815,completed,False,COMPLETE
86,6.496401570532247,2026-06-12 20:57:20.057613,2026-06-12 20:57:22.844046,0 days 00:00:02.786433,,,,,,,,,,,,,,,XGBRegressor,,,,,,9,,,,,,,,False,gblinear,0.7268947706918196,0.0021095505016488166,8.0,196.0,1.3318464888627862e-06,4.5863872977933616e-08,0.9849105225392724,-0.01617648802492909,-0.010938014118196785,98.0,-0.013557251071562937,0.0026192369533661517,0.013132530127838387,1.9844674545084815,6.4515797522292875,6.541223388835206,98.0,6.496401570532247,0.04482181830295936,0.22473105325260204,1.9844674545084815,175223441272404.22,385543967821156.6,98.0,280383704546780.4,105160263274376.19,527260553470476.56,1.9844674545084815,16.22672596954425,16.65377501657426,98.0,16.440250493059256,0.21352452351500403,1.0705855514482465,1.9844674545084815,6.240394303769249,6.389772780741631,98.0,6.31508354225544,0.07468923848619141,0.3744826039448817,1.9844674545084815,99.0,0.6060606060606061,-0.009963345622802634,-0.0033462424267509208,98.0,-0.006654794024776777,0.0033085515980258566,0.016588668499328565,1.9844674545084815,XGBRegressor,"{'mode': 'original', 'type': 'XGBRegressor'}",9,"['l2_T6W30', 'density_T6W30', 'z_pe_T6W30', 'z_l2_T6W30', 'z_l3_T6W30', 'z_lsc_T6W30', 'z_density_T6W30', 'z_diameter_T6W30', 'z_asp_T6W30']",-0.021583656574019394,0.03305329147530518,98.0,0.005734817450642895,0.02731847402466229,0.13697144991574023,1.9844674545084815,7.531598527581672,7.6474897247354425,98.0,7.5895441261585574,0.0579455985768852,0.2905320643512604,1.9844674545084815,completed,False,COMPLETE
87,6.591444454550168,2026-06-12 20:57:22.901169,2026-06-12 20:57:24.744670,0 days 00:00:01.843501,,,,,,,,,,,,,,,LinearRegression,,,,,,11,,,,,,,,True,,,,,,,,,-0.03782272707378985,-0.01935898462888469,98.0,-0.02859085585133727,0.00923187122245258,0.04628746047942402,1.9844674545084815,6.524201166778824,6.658687742321512,98.0,6.591444454550168,0.06724328777134413,0.3371495280017285,1.9844674545084815,161549256896429.06,355605740776512.5,98.0,258577498836470.78,97028241940041.72,486487604296815.9,1.9844674545084815,17.24555047948878,18.09039314349629,98.0,17.667971811492535,0.4224213320037555,2.117968312126758,1.9844674545084815,6.0271041099275,6.248664858710033,98.0,6.137884484318766,0.11078037439126633,0.5554390954956667,1.9844674545084815,99.0,0.8181818181818182,-0.09672018756893469,-0.0612731800293874,98.0,-0.07899668379916104,0.017723503769773642,0.08886345579703345,1.9844674545084815,LinearRegression,"{'mode': 'original', 'type': 'LinearRegression'}",11,"['pe_T6W30', 'l2_T6W30', 'lcc_T6W30', 'atd_T6W30', 'density_T6W30', 'diameter_T6W30', 'asp_T6W30', 'z_pe_T6W30', 'z_l2_T6W30', 'z_diameter_T6W30', 'z_asp_T6W30']",0.00028436585324745703,0.05000886782432705,98.0,0.02514661683878725,0.024862250985539795,0.12465625139179146,1.9844674545084815,7.770611667193288,7.927799196875847,98.0,7.849205432034568,0.07859376484127954,0.39405941616388895,1.9844674545084815,completed,True,COMPLETE
88,6.565267763306091,2026-06-12 20:57:24.756961,2026-06-12 20:57:31.963985,0 days 00:00:07.207024,,,,,,,,,,,,,,,RandomForestRegressor,4.0,log2,5.0,6.0,67.0,5,,,,,,,,False,,,,,,,,,-0.030868086661314468,-0.017837201320541608,98.0,-0.024352643990928038,0.006515442670386431,0.03266762369669893,1.9844674545084815,6.507622815169534,6.622912711442647,98.0,6.565267763306091,0.057644948136556955,0.2890246402289471,1.9844674545084815,159126551790132.44,351066578642610.5,98.0,255096565216371.47,95970013426239.02,481181777413993.56,1.9844674545084815,17.12217614084679,17.875352362601923,98.0,17.498764251724356,0.376588110877567,1.8881662102123054,1.9844674545084815,6.207548268569063,6.373801416872315,98.0,6.290674842720689,0.08312657415162562,0.4167863614123377,1.9844674545084815,99.0,0.8585858585858586,-0.07504338607342062,-0.0508504137529646,98.0,-0.0629468999131926,0.012096486160228008,0.06065028547188766,1.9844674545084815,RandomForestRegressor,"{'mode': 'original', 'type': 'RandomForestRegressor'}",5,"['re_T6W30', 'atd_T6W30', 'density_T6W30', 'z_l2_T6W30', 'z_lsc_T6W30']",-0.036906620832243574,0.0086775971642997,98.0,-0.014114511833971938,0.022792108998271637,0.11427681550999255,1.9844674545084815,7.724196543609833,7.867037521236587,98.0,7.79561703242321,0.07142048881337752,0.3580934973757253,1.9844674545084815,completed,False,COMPLETE
89,6.47181438102066,2026-06-12 20:57:31.977434,2026-06-12 20:57:33.753913,0 days 00:00:01.776479,,,,,,,,,,,,,,,LinearRegression,,,,,,4,,,,,,,,False,,,,,,,,,-0.014661560738220773,-0.004753134932880505,98.0,-0.009707347835550639,0.004954212902670134,0.02483981073969907,1.9844674545084815,6.419143830528182,6.524484931513137,98.0,6.47181438102066,0.052670550492477236,0.2640836256923394,1.9844674545084815,166293598984944.12,366044123566791.5,98.0,266168861275867.8,99875262290923.69,500762212206755.44,1.9844674545084815,16.470552190813418,17.00998040967124,98.0,16.74026630024233,0.26971410942891133,1.3523131854970916,1.9844674545084815,6.125180690043779,6.281904686108955,98.0,6.203542688076367,0.07836199803258856,0.39289736605083764,1.9844674545084815,99.0,0.6161616161616161,-0.029967295035170174,-0.012007930936253072,98.0,-0.020987612985711623,0.008979682049458551,0.04502301515766632,1.9844674545084815,LinearRegression,"{'mode': 'original', 'type': 'LinearRegression'}",4,"['l2_T6W30', 'atd_T6W30', 'density_T6W30', 'z_asp_T6W30']",0.006228446947589762,0.05566243596601235,98.0,0.030945441456801056,0.024716994509211294,0.12392795338530675,1.9844674545084815,7.576864822094004,7.706249102771666,98.0,7.641556962432835,0.06469214033883153,0.32435839030990093,1.9844674545084815,completed,False,COMPLETE
90,6.522440087145969,2026-06-12 20:57:33.766057,2026-06-12 20:57:34.013243,0 days 00:00:00.247186,,,,,,,,,,,minkowski,9.0,uniform,,KNeighborsRegressor,,,,,,21,11.0,1.0,8.0,60.0,,,ExtraTrees,,,,,,,,,,,,,,,,,,,,,,,,,,,,,,,,,,,,,,,,,,,,,,,,,,,,,,KNeighborsRegressor,"{'mode': 'proxy', 'type': 'ExtraTrees'}",21,"['nodes_T6W30', 'edges_T6W30', 're_T6W30', 'pe_T6W30', 'l1_T6W30', 'l2_T6W30', 'l3_T6W30', 'lcc_T6W30', 'lsc_T6W30', 'atd_T6W30', 'density_T6W30', 'diameter_T6W30', 'asp_T6W30', 'z_re_T6W30', 'z_pe_T6W30', 'z_l1_T6W30', 'z_l2_T6W30', 'z_l3_T6W30', 'z_lsc_T6W30', 'z_density_T6W30', 'z_diameter_T6W30']",,,,,,,,,,,,,,,pruned,True,PRUNED
