number,value,datetime_start,datetime_complete,duration,params_dt_max_depth,params_dt_min_samples_leaf,params_dt_min_samples_split,params_elastic_alpha,params_elastic_l1_ratio,params_et_max_depth,params_et_max_features,params_et_min_samples_leaf,params_et_min_samples_split,params_et_n_estimators,params_knn_metric,params_knn_n_neighbors,params_knn_weights,params_quantile_alpha,params_regressor,params_rf_max_depth,params_rf_max_features,params_rf_min_samples_leaf,params_rf_min_samples_split,params_rf_n_estimators,params_rfe_n_features,params_rfe_proxy_et_max_depth,params_rfe_proxy_et_min_samples_leaf,params_rfe_proxy_et_min_samples_split,params_rfe_proxy_et_n_estimators,params_rfe_proxy_lsvr_C,params_rfe_proxy_lsvr_epsilon,params_rfe_proxy_type,params_use_scaler,params_xgb_booster,params_xgb_colsample_bytree,params_xgb_learning_rate,params_xgb_max_depth,params_xgb_n_estimators,params_xgb_reg_alpha,params_xgb_reg_lambda,params_xgb_subsample,user_attrs_d2mae_ci_lower_val,user_attrs_d2mae_ci_upper_val,user_attrs_d2mae_df_val,user_attrs_d2mae_mean_val,user_attrs_d2mae_samperror_val,user_attrs_d2mae_std_val,user_attrs_d2mae_t_critical_val,user_attrs_mae_ci_lower_val,user_attrs_mae_ci_upper_val,user_attrs_mae_df_val,user_attrs_mae_mean_val,user_attrs_mae_samperror_val,user_attrs_mae_std_val,user_attrs_mae_t_critical_val,user_attrs_mape_ci_lower_val,user_attrs_mape_ci_upper_val,user_attrs_mape_df_val,user_attrs_mape_mean_val,user_attrs_mape_samperror_val,user_attrs_mape_std_val,user_attrs_mape_t_critical_val,user_attrs_max_error_ci_lower_val,user_attrs_max_error_ci_upper_val,user_attrs_max_error_df_val,user_attrs_max_error_mean_val,user_attrs_max_error_samperror_val,user_attrs_max_error_std_val,user_attrs_max_error_t_critical_val,user_attrs_median_ae_ci_lower_val,user_attrs_median_ae_ci_upper_val,user_attrs_median_ae_df_val,user_attrs_median_ae_mean_val,user_attrs_median_ae_samperror_val,user_attrs_median_ae_std_val,user_attrs_median_ae_t_critical_val,user_attrs_n_splits_val,user_attrs_r2_below_zero_val,user_attrs_r2_ci_lower_val,user_attrs_r2_ci_upper_val,user_attrs_r2_df_val,user_attrs_r2_mean_val,user_attrs_r2_samperror_val,user_attrs_r2_std_val,user_attrs_r2_t_critical_val,user_attrs_regressor_final,user_attrs_rfe_estimator,user_attrs_rfe_n_features,user_attrs_rfe_selected_features,user_attrs_rho_ci_lower_val,user_attrs_rho_ci_upper_val,user_attrs_rho_df_val,user_attrs_rho_mean_val,user_attrs_rho_samperror_val,user_attrs_rho_std_val,user_attrs_rho_t_critical_val,user_attrs_rmse_ci_lower_val,user_attrs_rmse_ci_upper_val,user_attrs_rmse_df_val,user_attrs_rmse_mean_val,user_attrs_rmse_samperror_val,user_attrs_rmse_std_val,user_attrs_rmse_t_critical_val,user_attrs_termination_reason,user_attrs_use_scaler_final,state
23,6.6513631632782335,2026-06-12 20:49:17.164462,2026-06-12 20:49:22.150311,0 days 00:00:04.985849,,,,,,19.0,log2,2.0,3.0,54.0,,,,,ExtraTreesRegressor,,,,,,15,,,,,,,,True,,,,,,,,,-0.0457630816174355,-0.029793615613438938,98.0,-0.03777834861543722,0.00798473300199828,0.04003446369246043,1.9844674545084815,6.586400621049313,6.716325705507154,98.0,6.6513631632782335,0.06496254222892112,0.3257141519425636,1.9844674545084815,164679755984648.1,363585494105618.6,98.0,264132625045133.34,99452869060485.25,498644384792401.5,1.9844674545084815,17.23426384952179,17.852481232863703,98.0,17.543372541192745,0.3091086916709561,1.549832748399707,1.9844674545084815,6.2219124289665375,6.44708693473653,98.0,6.334499681851534,0.11258725288499577,0.5644985607822074,1.9844674545084815,99.0,0.8787878787878788,-0.09992369366643888,-0.07325151460892151,98.0,-0.0865876041376802,0.013336089528758683,0.0668655034432429,1.9844674545084815,ExtraTreesRegressor,"{'mode': 'original', 'type': 'ExtraTreesRegressor'}",15,"['pe_T6W30', 'l1_T6W30', 'l2_T6W30', 'l3_T6W30', 'lcc_T6W30', 'lsc_T6W30', 'atd_T6W30', 'density_T6W30', 'diameter_T6W30', 'asp_T6W30', 'z_re_T6W30', 'z_l2_T6W30', 'z_l3_T6W30', 'z_lsc_T6W30', 'z_density_T6W30']",-0.06616939175711685,-0.01574518166887352,98.0,-0.040957286712995186,0.025212105044121667,0.12641037637035377,1.9844674545084815,7.80751991138268,7.9548196219240745,98.0,7.881169766653377,0.07364985527069765,0.3692712650569283,1.9844674545084815,completed,True,COMPLETE
24,6.630495556635693,2026-06-12 20:49:22.170335,2026-06-12 20:49:24.592732,0 days 00:00:02.422397,,,,,,,,,,,manhattan,10.0,distance,,KNeighborsRegressor,,,,,,4,,,,,1.111840595313212,0.029707920514735964,LinearSVR,,,,,,,,,,-0.045210396919276155,-0.023868248854146287,98.0,-0.03453932288671122,0.010671074032564936,0.0535034453637164,1.9844674545084815,6.551528879299503,6.709462233971883,98.0,6.630495556635693,0.07896667733619044,0.3959291532902573,1.9844674545084815,146336955508246.7,324111382166720.94,98.0,235224168837483.8,88887213329237.12,445669493752985.3,1.9844674545084815,18.363612946230514,19.049624583854612,98.0,18.706618765042563,0.3430058188120502,1.7197887513705299,1.9844674545084815,5.986036150084065,6.229546706211972,98.0,6.107791428148018,0.12175527806395368,0.61046590509625,1.9844674545084815,99.0,0.8888888888888888,-0.13053525166091584,-0.09213039428708958,98.0,-0.11133282297400271,0.019202428686913124,0.09627860241299144,1.9844674545084815,KNeighborsRegressor,"{'mode': 'proxy', 'type': 'LinearSVR'}",4,"['l1_T6W30', 'density_T6W30', 'z_lsc_T6W30', 'z_diameter_T6W30']",-0.013140070802460732,0.04014063009104967,98.0,0.01350027964429447,0.026640350446755202,0.1335714221687976,1.9844674545084815,7.879838788595767,8.053093636352234,98.0,7.966466212474001,0.0866274238782338,0.4343391889442764,1.9844674545084815,completed,True,COMPLETE
25,7.387294566803674,2026-06-12 20:49:24.617566,2026-06-12 20:49:46.143664,0 days 00:00:21.526098,,,,,,,,,,,,,,,XGBRegressor,,,,,,21,,,,,,,,True,gbtree,0.6881297927654579,0.2769773095430998,10.0,416.0,5.642953223871804e-08,0.09870115694031281,0.8766890926294708,-0.17044854261147546,-0.13657329213028852,98.0,-0.153510917370882,0.016937625240593484,0.08492315805191493,1.9844674545084815,7.285866179347832,7.488722954259516,98.0,7.387294566803674,0.10142838745584175,0.5085493896877304,1.9844674545084815,139858480556459.72,327764191407603.5,98.0,233811335982031.6,93952855425571.88,471067996687768.44,1.9844674545084815,19.82206789733073,20.851230798744094,98.0,20.33664934803741,0.5145814507066827,2.580047748619102,1.9844674545084815,6.46083141294788,6.7794026345276075,98.0,6.620117023737744,0.15928561078986334,0.7986383515018302,1.9844674545084815,99.0,1.0,-0.42790910287932105,-0.3540123707137566,98.0,-0.3909607367965388,0.03694836608278222,0.18525453763659855,1.9844674545084815,XGBRegressor,"{'mode': 'original', 'type': 'XGBRegressor'}",21,"['nodes_T6W30', 're_T6W30', 'pe_T6W30', 'l1_T6W30', 'l2_T6W30', 'l3_T6W30', 'lcc_T6W30', 'lsc_T6W30', 'atd_T6W30', 'density_T6W30', 'diameter_T6W30', 'asp_T6W30', 'z_re_T6W30', 'z_pe_T6W30', 'z_l1_T6W30', 'z_l2_T6W30', 'z_l3_T6W30', 'z_lsc_T6W30', 'z_density_T6W30', 'z_diameter_T6W30', 'z_asp_T6W30']",-0.07905437148267339,-0.020884305738150154,98.0,-0.04996933861041177,0.029085032872261617,0.1458287574834586,1.9844674545084815,8.777545645341636,9.013213439548661,98.0,8.895379542445149,0.1178338971035133,0.5908045859706427,1.9844674545084815,completed,True,COMPLETE
26,6.838022691137746,2026-06-12 20:49:46.157101,2026-06-12 20:50:27.886382,0 days 00:00:41.729281,,,,,,,,,,,,,,,XGBRegressor,,,,,,20,,,,,,,,True,gbtree,0.6117979192597263,0.005102035565208404,5.0,483.0,4.666624480502756,1.286442182600391e-08,0.9342995640947301,-0.07636788633827403,-0.057745141112469686,98.0,-0.06705651372537186,0.00931137261290217,0.04668607061812968,1.9844674545084815,6.769203449714162,6.9068419325613295,98.0,6.838022691137746,0.06881924142358346,0.34505116469462555,1.9844674545084815,149130532283033.47,331145189894177.5,98.0,240137861088605.47,91007328805572.0,456299490528069.7,1.9844674545084815,17.880641570002325,18.57978661011427,98.0,18.230214090058297,0.34957252005597333,1.7527133792151028,1.9844674545084815,6.27959593465461,6.496349593934504,98.0,6.387972764294557,0.10837682963994695,0.5433880193913289,1.9844674545084815,99.0,0.9595959595959596,-0.16504641351985,-0.12938019274521806,98.0,-0.14721330313253403,0.017833110387315977,0.08941300982086291,1.9844674545084815,XGBRegressor,"{'mode': 'original', 'type': 'XGBRegressor'}",20,"['edges_T6W30', 're_T6W30', 'l1_T6W30', 'l2_T6W30', 'l3_T6W30', 'lcc_T6W30', 'lsc_T6W30', 'atd_T6W30', 'density_T6W30', 'diameter_T6W30', 'asp_T6W30', 'z_re_T6W30', 'z_pe_T6W30', 'z_l1_T6W30', 'z_l2_T6W30', 'z_l3_T6W30', 'z_lsc_T6W30', 'z_density_T6W30', 'z_diameter_T6W30', 'z_asp_T6W30']",-0.08237985963140881,-0.032433570073109846,98.0,-0.05740671485225933,0.02497314477914948,0.1252122591572202,1.9844674545084815,8.013082473430039,8.177100858103586,98.0,8.095091665766812,0.08200919233677428,0.4111839471943437,1.9844674545084815,completed,True,COMPLETE
27,6.485519919036244,2026-06-12 20:50:27.900024,2026-06-12 20:50:29.694346,0 days 00:00:01.794322,,,,0.08347790852520648,0.901158010490989,,,,,,,,,,ElasticNet,,,,,,2,,,,,,,,False,,,,,,,,,-0.014664204938079906,-0.008988826494573079,98.0,-0.011826515716326492,0.0028376892217534134,0.014227822782595503,1.9844674545084815,6.4389777481356685,6.532062089936819,98.0,6.485519919036244,0.04654217090057543,0.23335668839785415,1.9844674545084815,173750865302967.62,382337152768656.4,98.0,278044009035812.0,104293143732844.36,522912923337597.8,1.9844674545084815,16.33240182981538,16.7808071908675,98.0,16.55660451034144,0.2242026805260582,1.1241245099900605,1.9844674545084815,6.215396659234835,6.351785755638256,98.0,6.283591207436546,0.06819454820171064,0.34191903014438646,1.9844674545084815,99.0,0.5353535353535354,-0.01138123153943049,-0.0029393789539513444,98.0,-0.007160305246690917,0.004220926292739573,0.02116320237294647,1.9844674545084815,ElasticNet,"{'mode': 'original', 'type': 'ElasticNet'}",2,"['z_l2_T6W30', 'z_lsc_T6W30']",0.006266231859258797,0.054391588880293565,98.0,0.030328910369776182,0.024062678510517386,0.12064729389593476,1.9844674545084815,7.5324777256669595,7.650124835171114,98.0,7.591301280419037,0.058823554752077255,0.29493402802499896,1.9844674545084815,completed,False,COMPLETE
28,6.932371907997085,2026-06-12 20:50:29.706528,2026-06-12 20:50:33.913118,0 days 00:00:04.206590,,,,0.0002447220966646715,0.9743948076661665,,,,,,,,,,ElasticNet,,,,,,22,,,,,,,,False,,,,,,,,,-0.09349926237703388,-0.0701121262148165,98.0,-0.08180569429592519,0.011693568081108694,0.05863010405749332,1.9844674545084815,6.850720895405213,7.014022920588958,98.0,6.932371907997085,0.0816510125918726,0.4093880782543237,1.9844674545084815,162265549842469.12,358149336457536.6,98.0,260207443150002.88,97941893307533.77,491068539249841.06,1.9844674545084815,18.465897658320415,19.66133791329346,98.0,19.063617785806937,0.5977201274865229,2.996894791112412,1.9844674545084815,6.181495475958914,6.441955299009764,98.0,6.311725387484339,0.1302299115254248,0.6529566690999139,1.9844674545084815,99.0,0.9595959595959596,-0.23420342392386917,-0.18193981692658617,98.0,-0.20807162042522767,0.026131803498641498,0.13102163066981143,1.9844674545084815,ElasticNet,"{'mode': 'original', 'type': 'ElasticNet'}",22,"['nodes_T6W30', 'edges_T6W30', 're_T6W30', 'pe_T6W30', 'l1_T6W30', 'l2_T6W30', 'l3_T6W30', 'lcc_T6W30', 'lsc_T6W30', 'atd_T6W30', 'density_T6W30', 'diameter_T6W30', 'asp_T6W30', 'z_re_T6W30', 'z_pe_T6W30', 'z_l1_T6W30', 'z_l2_T6W30', 'z_l3_T6W30', 'z_lsc_T6W30', 'z_density_T6W30', 'z_diameter_T6W30', 'z_asp_T6W30']",-0.10546597410579361,-0.05223863082339374,98.0,-0.07885230246459368,0.02661367164119994,0.13343765793747103,1.9844674545084815,8.200540484174484,8.3988164802432,98.0,8.299678482208842,0.09913799803435756,0.49706566041174133,1.9844674545084815,completed,False,COMPLETE
29,8.157400333870921,2026-06-12 20:50:33.925622,2026-06-12 20:50:35.762942,0 days 00:00:01.837320,13.0,5.0,9.0,,,,,,,,,,,,DecisionTreeRegressor,,,,,,20,,,,,,,,True,,,,,,,,,-0.29531891931189547,-0.25160796955625075,98.0,-0.2734634444340731,0.02185547487782236,0.10958064787622672,1.9844674545084815,8.020388046082127,8.294412621659715,98.0,8.157400333870921,0.13701228778879368,0.6869626648165513,1.9844674545084815,117822224616624.14,291761576482802.94,98.0,204791900549713.53,86969675933089.39,436055198416397.4,1.9844674545084815,21.906926684287587,22.810870333509424,98.0,22.358898508898505,0.45197182461091884,2.2661308271513345,1.9844674545084815,6.953163849044735,7.373563744349525,98.0,7.16336379669713,0.2101999476523953,1.0539165392682361,1.9844674545084815,99.0,1.0,-0.7990742094502532,-0.6980082686051252,98.0,-0.7485412390276892,0.05053297042256396,0.2533660636051346,1.9844674545084815,DecisionTreeRegressor,"{'mode': 'original', 'type': 'DecisionTreeRegressor'}",20,"['edges_T6W30', 'pe_T6W30', 'l1_T6W30', 'l2_T6W30', 'l3_T6W30', 'lcc_T6W30', 'lsc_T6W30', 'atd_T6W30', 'density_T6W30', 'diameter_T6W30', 'asp_T6W30', 'z_re_T6W30', 'z_pe_T6W30', 'z_l1_T6W30', 'z_l2_T6W30', 'z_l3_T6W30', 'z_lsc_T6W30', 'z_density_T6W30', 'z_diameter_T6W30', 'z_asp_T6W30']",-0.04884861970819472,0.0014695606110647005,98.0,-0.02368952954856501,0.02515909015962971,0.12614456629657647,1.9844674545084815,9.829365534333496,10.112912469834802,98.0,9.971139002084149,0.1417734677506539,0.7108346322660151,1.9844674545084815,completed,True,COMPLETE
30,6.670031577465799,2026-06-12 20:50:35.794584,2026-06-12 20:51:00.377481,0 days 00:00:24.582897,,,,,,10.0,log2,2.0,6.0,428.0,,,,,ExtraTreesRegressor,,,,,,22,,,,,,,,True,,,,,,,,,-0.04721415724639563,-0.03432777592673408,98.0,-0.04077096658656486,0.0064431906598307765,0.032305361052152926,1.9844674545084815,6.614409622142655,6.725653532788944,98.0,6.670031577465799,0.05562195532314441,0.27888160447328636,1.9844674545084815,168119254538572.0,370767219361251.6,98.0,269443236949911.8,101323982411339.8,508025915707776.75,1.9844674545084815,17.008348346368955,17.573255179848715,98.0,17.290801763108835,0.28245341673988195,1.4161864967124462,1.9844674545084815,6.191214116400514,6.405243025563496,98.0,6.298228570982005,0.10701445458149111,0.5365572393515187,1.9844674545084815,99.0,0.9292929292929293,-0.0982319866365329,-0.07527945496290503,98.0,-0.08675572079971897,0.011476265836813934,0.05754057748129702,1.9844674545084815,ExtraTreesRegressor,"{'mode': 'original', 'type': 'ExtraTreesRegressor'}",22,"['nodes_T6W30', 'edges_T6W30', 're_T6W30', 'pe_T6W30', 'l1_T6W30', 'l2_T6W30', 'l3_T6W30', 'lcc_T6W30', 'lsc_T6W30', 'atd_T6W30', 'density_T6W30', 'diameter_T6W30', 'asp_T6W30', 'z_re_T6W30', 'z_pe_T6W30', 'z_l1_T6W30', 'z_l2_T6W30', 'z_l3_T6W30', 'z_lsc_T6W30', 'z_density_T6W30', 'z_diameter_T6W30', 'z_asp_T6W30']",-0.08812260385802163,-0.04264443740938574,98.0,-0.06538352063370369,0.02273908322431795,0.11401095083780097,1.9844674545084815,7.816818447235113,7.946708801347071,98.0,7.881763624291092,0.06494517705597817,0.32562708511321264,1.9844674545084815,completed,True,COMPLETE
31,6.565923174128667,2026-06-12 20:51:00.389851,2026-06-12 20:51:02.502623,0 days 00:00:02.112772,,,,,,,,,,,,,,,LinearRegression,,,,,,6,,,,,,,,True,,,,,,,,,-0.03068190325379814,-0.018415102069331175,98.0,-0.024548502661564657,0.006133400592233482,0.0307521119691335,1.9844674545084815,6.5131802008750785,6.618666147382255,98.0,6.565923174128667,0.05274297325358796,0.26444674445904953,1.9844674545084815,164586238232989.5,362326116956560.56,98.0,263456177594775.03,98869939361785.52,495721647381894.4,1.9844674545084815,17.08188172756351,17.932407851224372,98.0,17.50714478939394,0.42526306183043083,2.1322163940026764,1.9844674545084815,6.1780784368906705,6.351888782875534,98.0,6.264983609883102,0.0869051729924313,0.4357317886498859,1.9844674545084815,99.0,0.8383838383838383,-0.0694191199941637,-0.0445980815337439,98.0,-0.0570086007639538,0.012410519230209902,0.06222480844407416,1.9844674545084815,LinearRegression,"{'mode': 'original', 'type': 'LinearRegression'}",6,"['pe_T6W30', 'l2_T6W30', 'atd_T6W30', 'density_T6W30', 'z_pe_T6W30', 'z_l2_T6W30']",-0.06037423683593721,-0.011238857867354964,98.0,-0.03580654735164609,0.024567689484291125,0.12317935645692196,1.9844674545084815,7.705603651879455,7.839866714510984,98.0,7.77273518319522,0.06713153131576419,0.33658919495587786,1.9844674545084815,completed,True,COMPLETE
32,7.316333289920432,2026-06-12 20:51:02.514729,2026-06-12 20:51:04.430945,0 days 00:00:01.916216,12.0,3.0,18.0,,,,,,,,,,,,DecisionTreeRegressor,,,,,,4,,,,,,,,True,,,,,,,,,-0.16077521075240367,-0.12261714959802192,98.0,-0.1416961801752128,0.01907903057719088,0.09565989955315166,1.9844674545084815,7.188829359360784,7.44383722048008,98.0,7.316333289920432,0.12750393055964754,0.639288937696317,1.9844674545084815,150822460653024.62,351646980720893.25,98.0,251234720686958.94,100412260033934.31,503454652472461.5,1.9844674545084815,20.627054346933914,21.718552751124168,98.0,21.17280354902904,0.5457492020951265,2.7363189991448253,1.9844674545084815,6.162112178191225,6.52989657887992,98.0,6.346004378535572,0.18389220034434733,0.9220127480994033,1.9844674545084815,99.0,0.9696969696969697,-0.4373119743872478,-0.3556934395608071,98.0,-0.39650270697402745,0.0408092674132203,0.20461261937770533,1.9844674545084815,DecisionTreeRegressor,"{'mode': 'original', 'type': 'DecisionTreeRegressor'}",4,"['edges_T6W30', 'atd_T6W30', 'z_re_T6W30', 'z_pe_T6W30']",0.028279935082280442,0.08098930067396708,98.0,0.05463461787812376,0.026354682795843316,0.1321391198994944,1.9844674545084815,8.773183283724153,9.053592031048426,98.0,8.91338765738629,0.14020437366213606,0.702967388577203,1.9844674545084815,completed,True,COMPLETE
33,6.531976529842272,2026-06-12 20:51:04.450029,2026-06-12 20:51:07.511356,0 days 00:00:03.061327,,,,0.015394819813084208,0.9041586944937484,,,,,,,,,,ElasticNet,,,,,,9,,,,,,,,True,,,,,,,,,-0.027069373467539844,-0.01138668368846375,98.0,-0.019228028578001797,0.007841344889538047,0.039315533431325454,1.9844674545084815,6.4700243819340555,6.593928677750488,98.0,6.531976529842272,0.06195214790821639,0.3106204071545937,1.9844674545084815,156161376647041.3,344048935061878.1,98.0,250105155854459.72,93943779207418.39,471022489652525.06,1.9844674545084815,16.703523410658086,17.243494065350816,98.0,16.97350873800445,0.2699853273463645,1.3536730385900257,1.9844674545084815,5.894579168044922,6.1158924823542975,98.0,6.00523582519961,0.1106566571546874,0.5548187925732383,1.9844674545084815,99.0,0.696969696969697,-0.06278379056871415,-0.03311394864767761,98.0,-0.04794886960819588,0.014834920960518274,0.07438045886139912,1.9844674545084815,ElasticNet,"{'mode': 'original', 'type': 'ElasticNet'}",9,"['edges_T6W30', 'lcc_T6W30', 'lsc_T6W30', 'density_T6W30', 'z_l3_T6W30', 'z_lsc_T6W30', 'z_density_T6W30', 'z_diameter_T6W30', 'z_asp_T6W30']",-0.002481898674848961,0.052519254312991995,98.0,0.025018677819071515,0.027500576493920476,0.1378844891735338,1.9844674545084815,7.668014794831651,7.805383427834256,98.0,7.736699111332953,0.06868431650130262,0.3443746678222933,1.9844674545084815,completed,True,COMPLETE
34,6.758870617531494,2026-06-12 20:51:07.524060,2026-06-12 20:51:10.795545,0 days 00:00:03.271485,,,,,,,,,,,euclidean,10.0,distance,,KNeighborsRegressor,,,,,,4,3.0,1.0,3.0,20.0,,,ExtraTrees,,,,,,,,,,-0.06465565843114301,-0.04462873000835374,98.0,-0.05464219421974838,0.010013464211394638,0.05020627105583922,1.9844674545084815,6.685403380382135,6.832337854680854,98.0,6.758870617531494,0.07346723714936002,0.3683556403833861,1.9844674545084815,168461810266178.5,374018688793693.75,98.0,271240249529936.12,102778439263757.61,515318382473515.7,1.9844674545084815,17.634531296478148,18.402990545700174,98.0,18.01876092108916,0.38422962461101295,1.9264798149427977,1.9844674545084815,6.295519824529043,6.546796446697071,98.0,6.421158135613057,0.12563831108401416,0.6299349523917991,1.9844674545084815,99.0,0.9696969696969697,-0.1620371760899391,-0.12498450659000085,98.0,-0.14351084133996997,0.018526334749969123,0.09288875103480468,1.9844674545084815,KNeighborsRegressor,"{'mode': 'proxy', 'type': 'ExtraTrees'}",4,"['l3_T6W30', 'density_T6W30', 'asp_T6W30', 'z_pe_T6W30']",-0.07883982675499036,-0.026586473614851943,98.0,-0.052713150184921155,0.026126676570069212,0.13099592488406636,1.9844674545084815,7.999843373711556,8.162188949072242,98.0,8.081016161391899,0.08117278768034254,0.40699031769643285,1.9844674545084815,completed,True,COMPLETE
35,6.61171513306101,2026-06-12 20:51:10.807986,2026-06-12 20:51:28.305450,0 days 00:00:17.497464,,,,,,,,,,,,,,,RandomForestRegressor,5.0,sqrt,1.0,2.0,175.0,12,,,,,,,,False,,,,,,,,,-0.03907307295886234,-0.02425778821927563,98.0,-0.03166543058906898,0.007407642369793351,0.037141002639162174,1.9844674545084815,6.551417278189045,6.672012987932976,98.0,6.61171513306101,0.06029785487196587,0.3023259864795521,1.9844674545084815,158573148211253.97,350554417529791.9,98.0,254563782870522.94,95990634659268.97,481285169725899.94,1.9844674545084815,17.162241755186834,17.794128122262556,98.0,17.478184938724695,0.31594318353786194,1.5841000453066396,1.9844674545084815,6.245645779302175,6.4153786996506055,98.0,6.33051223947639,0.08486646017421465,0.4255099347344422,1.9844674545084815,99.0,0.8585858585858586,-0.08028372602267268,-0.054779624218254656,98.0,-0.06753167512046367,0.012752050902209012,0.06393720600565221,1.9844674545084815,RandomForestRegressor,"{'mode': 'original', 'type': 'RandomForestRegressor'}",12,"['re_T6W30', 'l1_T6W30', 'l3_T6W30', 'lsc_T6W30', 'atd_T6W30', 'density_T6W30', 'diameter_T6W30', 'asp_T6W30', 'z_re_T6W30', 'z_pe_T6W30', 'z_l2_T6W30', 'z_density_T6W30']",-0.019771498271757976,0.027923943727710544,98.0,0.004076222727976286,0.02384772099973426,0.11956952352356102,1.9844674545084815,7.740844429992517,7.882360775806742,98.0,7.8116026028996295,0.07075817290711185,0.3547727273392449,1.9844674545084815,completed,False,COMPLETE
