number,value,datetime_start,datetime_complete,duration,params_dt_max_depth,params_dt_min_samples_leaf,params_dt_min_samples_split,params_elastic_alpha,params_elastic_l1_ratio,params_et_max_depth,params_et_max_features,params_et_min_samples_leaf,params_et_min_samples_split,params_et_n_estimators,params_knn_metric,params_knn_n_neighbors,params_knn_weights,params_quantile_alpha,params_regressor,params_rf_max_depth,params_rf_max_features,params_rf_min_samples_leaf,params_rf_min_samples_split,params_rf_n_estimators,params_rfe_n_features,params_rfe_proxy_et_max_depth,params_rfe_proxy_et_min_samples_leaf,params_rfe_proxy_et_min_samples_split,params_rfe_proxy_et_n_estimators,params_rfe_proxy_lsvr_C,params_rfe_proxy_lsvr_epsilon,params_rfe_proxy_type,params_use_scaler,params_xgb_booster,params_xgb_colsample_bytree,params_xgb_learning_rate,params_xgb_max_depth,params_xgb_n_estimators,params_xgb_reg_alpha,params_xgb_reg_lambda,params_xgb_subsample,user_attrs_d2mae_ci_lower_val,user_attrs_d2mae_ci_upper_val,user_attrs_d2mae_df_val,user_attrs_d2mae_mean_val,user_attrs_d2mae_samperror_val,user_attrs_d2mae_std_val,user_attrs_d2mae_t_critical_val,user_attrs_mae_ci_lower_val,user_attrs_mae_ci_upper_val,user_attrs_mae_df_val,user_attrs_mae_mean_val,user_attrs_mae_samperror_val,user_attrs_mae_std_val,user_attrs_mae_t_critical_val,user_attrs_mape_ci_lower_val,user_attrs_mape_ci_upper_val,user_attrs_mape_df_val,user_attrs_mape_mean_val,user_attrs_mape_samperror_val,user_attrs_mape_std_val,user_attrs_mape_t_critical_val,user_attrs_max_error_ci_lower_val,user_attrs_max_error_ci_upper_val,user_attrs_max_error_df_val,user_attrs_max_error_mean_val,user_attrs_max_error_samperror_val,user_attrs_max_error_std_val,user_attrs_max_error_t_critical_val,user_attrs_median_ae_ci_lower_val,user_attrs_median_ae_ci_upper_val,user_attrs_median_ae_df_val,user_attrs_median_ae_mean_val,user_attrs_median_ae_samperror_val,user_attrs_median_ae_std_val,user_attrs_median_ae_t_critical_val,user_attrs_n_splits_val,user_attrs_r2_below_zero_val,user_attrs_r2_ci_lower_val,user_attrs_r2_ci_upper_val,user_attrs_r2_df_val,user_attrs_r2_mean_val,user_attrs_r2_samperror_val,user_attrs_r2_std_val,user_attrs_r2_t_critical_val,user_attrs_regressor_final,user_attrs_rfe_estimator,user_attrs_rfe_n_features,user_attrs_rfe_selected_features,user_attrs_rho_ci_lower_val,user_attrs_rho_ci_upper_val,user_attrs_rho_df_val,user_attrs_rho_mean_val,user_attrs_rho_samperror_val,user_attrs_rho_std_val,user_attrs_rho_t_critical_val,user_attrs_rmse_ci_lower_val,user_attrs_rmse_ci_upper_val,user_attrs_rmse_df_val,user_attrs_rmse_mean_val,user_attrs_rmse_samperror_val,user_attrs_rmse_std_val,user_attrs_rmse_t_critical_val,user_attrs_termination_reason,user_attrs_use_scaler_final,state
233,6.514559862265513,2026-06-12 21:12:05.008233,2026-06-12 21:12:24.610247,0 days 00:00:19.602014,,,,,,,,,,,,,,,RandomForestRegressor,3.0,,2.0,6.0,203.0,5,,,,,,,,True,,,,,,,,,-0.022953505886885106,-0.009762349190674735,98.0,-0.01635792753877992,0.0065955783481051865,0.033069414073321333,1.9844674545084815,6.454533606996307,6.57458611753472,98.0,6.514559862265513,0.06002625526920631,0.3009642196636995,1.9844674545084815,156708906027932.88,345888129406149.7,98.0,251298517717041.28,94589611689108.4,474260613836910.44,1.9844674545084815,17.080403651765685,17.701558618535884,98.0,17.390981135150785,0.31057748338509866,1.557197088389148,1.9844674545084815,6.172661571205715,6.37474918641588,98.0,6.2737053788107975,0.10104380760508243,0.5066211538821972,1.9844674545084815,99.0,0.797979797979798,-0.06272789243092655,-0.0396419642006224,98.0,-0.051184928315774474,0.011542964115152071,0.05787499439940932,1.9844674545084815,RandomForestRegressor,"{'mode': 'original', 'type': 'RandomForestRegressor'}",5,"['l3_T6W30', 'atd_T6W30', 'density_T6W30', 'diameter_T6W30', 'z_l2_T6W30']",-0.015919730978858106,0.03774074003799497,98.0,0.010910504529568434,0.026830235508426538,0.1345234823823726,1.9844674545084815,7.682278175055353,7.822969293318256,98.0,7.7526237341868045,0.07034555913145188,0.35270393290159324,1.9844674545084815,completed,True,COMPLETE
234,7.129182449041629,2026-06-12 21:12:24.622810,2026-06-12 21:12:26.531273,0 days 00:00:01.908463,,,,,,,,,,,,,,,XGBRegressor,,,,,,3,,,,,,,,False,gbtree,0.8769340413549565,0.043615447042338384,6.0,161.0,0.0015886199576773381,1.3779643280309122,0.8755885684770214,,,,,,,,,,,,,,,,,,,,,,,,,,,,,,,,,,,,,,,,,,,,,XGBRegressor,"{'mode': 'original', 'type': 'XGBRegressor'}",3,"['z_density_T6W30', 'z_diameter_T6W30', 'z_asp_T6W30']",,,,,,,,,,,,,,,pruned,False,PRUNED
235,6.472705770799677,2026-06-12 21:12:26.541263,2026-06-12 21:12:33.748811,0 days 00:00:07.207548,,,,,,,,,,,,,,,XGBRegressor,,,,,,8,,,,,,,,False,gbtree,0.7149788098899108,0.0028665332547584666,3.0,172.0,0.3009833970105686,1.1995541049382383e-07,0.671053810431797,-0.012839638695280747,-0.006765041318748603,98.0,-0.009802340007014675,0.0030372986882660716,0.015228639959296651,1.9844674545084815,6.425018712957628,6.520392828641726,98.0,6.472705770799677,0.04768705784204919,0.23909700991880328,1.9844674545084815,170226084106187.7,374745095382532.94,98.0,272485589744360.3,102259505638172.62,512716513458348.94,1.9844674545084815,16.520605937222882,17.031329470627597,98.0,16.77596770392524,0.2553617667023587,1.2803523142138413,1.9844674545084815,6.225855775448945,6.367485435426904,98.0,6.2966706054379245,0.07081482998897894,0.3550567989401815,1.9844674545084815,99.0,0.6666666666666666,-0.01431399355494738,-0.005228747205297515,98.0,-0.009771370380122447,0.004542623174824932,0.02277615075113281,1.9844674545084815,XGBRegressor,"{'mode': 'original', 'type': 'XGBRegressor'}",8,"['atd_T6W30', 'density_T6W30', 'asp_T6W30', 'z_re_T6W30', 'z_pe_T6W30', 'z_l2_T6W30', 'z_l3_T6W30', 'z_lsc_T6W30']",-0.013108759306534329,0.037949438271385465,98.0,0.012420339482425569,0.025529098788959897,0.12799974380008336,1.9844674545084815,7.541095689460424,7.6614776863064735,98.0,7.601286687883449,0.06019099842302503,0.30179022146094014,1.9844674545084815,completed,False,COMPLETE
236,7.184811455595726,2026-06-12 21:12:33.774499,2026-06-12 21:12:36.596508,0 days 00:00:02.822009,,,,,,,,,,,,,,,XGBRegressor,,,,,,19,,,,,,,,False,gbtree,0.8285152491170537,0.10806113572524977,10.0,347.0,1.2175258738653325,3.941568343635868e-05,0.7833026294527314,,,,,,,,,,,,,,,,,,,,,,,,,,,,,,,,,,,,,,,,,,,,,XGBRegressor,"{'mode': 'original', 'type': 'XGBRegressor'}",19,"['edges_T6W30', 're_T6W30', 'pe_T6W30', 'l1_T6W30', 'l2_T6W30', 'l3_T6W30', 'lcc_T6W30', 'lsc_T6W30', 'atd_T6W30', 'density_T6W30', 'diameter_T6W30', 'z_re_T6W30', 'z_pe_T6W30', 'z_l2_T6W30', 'z_l3_T6W30', 'z_lsc_T6W30', 'z_density_T6W30', 'z_diameter_T6W30', 'z_asp_T6W30']",,,,,,,,,,,,,,,pruned,False,PRUNED
237,6.490849673202615,2026-06-12 21:12:36.607353,2026-06-12 21:12:36.811836,0 days 00:00:00.204483,,,,,,,,,,,euclidean,12.0,uniform,,KNeighborsRegressor,,,,,,19,,,,,0.015326057621818302,0.5665821846009316,LinearSVR,,,,,,,,,,,,,,,,,,,,,,,,,,,,,,,,,,,,,,,,,,,,,,,,,,,,,,KNeighborsRegressor,"{'mode': 'proxy', 'type': 'LinearSVR'}",19,"['nodes_T6W30', 're_T6W30', 'pe_T6W30', 'l1_T6W30', 'l2_T6W30', 'l3_T6W30', 'lcc_T6W30', 'lsc_T6W30', 'atd_T6W30', 'density_T6W30', 'diameter_T6W30', 'asp_T6W30', 'z_pe_T6W30', 'z_l1_T6W30', 'z_l2_T6W30', 'z_l3_T6W30', 'z_lsc_T6W30', 'z_diameter_T6W30', 'z_asp_T6W30']",,,,,,,,,,,,,,,pruned,True,PRUNED
238,6.708455160126681,2026-06-12 21:12:36.821525,2026-06-12 21:12:38.849883,0 days 00:00:02.028358,,,,,,,,,,,,,,,LinearRegression,,,,,,14,,,,,,,,True,,,,,,,,,-0.05675704065576775,-0.036841490047806964,98.0,-0.046799265351787356,0.00995777530398039,0.04992705376186202,1.9844674545084815,6.63583776180125,6.781072558452111,98.0,6.708455160126681,0.07261739832543049,0.36409465363122606,1.9844674545084815,161095777776212.56,354782690293308.6,98.0,257939234034760.6,96843456258548.05,485561111744742.7,1.9844674545084815,17.636541557310537,18.72391857358147,98.0,18.180230065446004,0.5436885081354681,2.7259869345048964,1.9844674545084815,6.099652012576478,6.329352212878834,98.0,6.214502112727656,0.1148501001511779,0.5758441970980216,1.9844674545084815,99.0,0.8585858585858586,-0.14680130942851086,-0.1030031532103778,98.0,-0.12490223131944433,0.021899078109066532,0.10979926908468567,1.9844674545084815,LinearRegression,"{'mode': 'original', 'type': 'LinearRegression'}",14,"['nodes_T6W30', 'pe_T6W30', 'l2_T6W30', 'l3_T6W30', 'lcc_T6W30', 'atd_T6W30', 'density_T6W30', 'diameter_T6W30', 'asp_T6W30', 'z_pe_T6W30', 'z_l2_T6W30', 'z_l3_T6W30', 'z_diameter_T6W30', 'z_asp_T6W30']",-0.027565940545666547,0.023611263492557804,98.0,-0.0019773385265543716,0.025588602019112176,0.12829808563650036,1.9844674545084815,7.920807972877071,8.103470827751952,98.0,8.012139400314512,0.09133142743744035,0.4579244809826112,1.9844674545084815,completed,True,COMPLETE
239,6.548818688812658,2026-06-12 21:12:38.862548,2026-06-12 21:12:52.580916,0 days 00:00:13.718368,,,,,,,,,,,,,,,RandomForestRegressor,3.0,sqrt,3.0,7.0,144.0,18,,,,,,,,True,,,,,,,,,-0.02762214253539699,-0.01581511282239421,98.0,-0.0217186276788956,0.005903514856501388,0.029599493323240425,1.9844674545084815,6.491798558716235,6.605838818909081,98.0,6.548818688812658,0.057020130096423115,0.28589187985538517,1.9844674545084815,161267381768285.5,355679236339976.3,98.0,258473309054130.9,97205927285845.4,487378496643933.75,1.9844674545084815,16.92061077577893,17.520170573497712,98.0,17.22039067463832,0.2997798988593914,1.503059335060074,1.9844674545084815,6.181540969311099,6.3319067662553365,98.0,6.256723867783218,0.07518289847211906,0.37695775405673826,1.9844674545084815,99.0,0.797979797979798,-0.05943636235274096,-0.039139253607094394,98.0,-0.04928780797991768,0.010148554372823283,0.05088359641682127,1.9844674545084815,RandomForestRegressor,"{'mode': 'original', 'type': 'RandomForestRegressor'}",18,"['nodes_T6W30', 'edges_T6W30', 're_T6W30', 'l1_T6W30', 'l2_T6W30', 'l3_T6W30', 'lcc_T6W30', 'lsc_T6W30', 'atd_T6W30', 'density_T6W30', 'diameter_T6W30', 'asp_T6W30', 'z_re_T6W30', 'z_pe_T6W30', 'z_l2_T6W30', 'z_lsc_T6W30', 'z_density_T6W30', 'z_diameter_T6W30']",-0.04005126771753903,0.006486544136356416,98.0,-0.016782361790591307,0.023268905926947723,0.11666741633847139,1.9844674545084815,7.6792309127006755,7.813188369271038,98.0,7.746209640985857,0.06697872828518169,0.33582305945974766,1.9844674545084815,completed,True,COMPLETE
240,8.170824654648182,2026-06-12 21:12:52.593369,2026-06-12 21:12:52.739687,0 days 00:00:00.146318,11.0,1.0,9.0,,,,,,,,,,,,DecisionTreeRegressor,,,,,,15,,,,,,,,True,,,,,,,,,,,,,,,,,,,,,,,,,,,,,,,,,,,,,,,,,,,,,,,,,,,,,DecisionTreeRegressor,"{'mode': 'original', 'type': 'DecisionTreeRegressor'}",15,"['edges_T6W30', 're_T6W30', 'l1_T6W30', 'l2_T6W30', 'l3_T6W30', 'atd_T6W30', 'diameter_T6W30', 'z_re_T6W30', 'z_pe_T6W30', 'z_l1_T6W30', 'z_l3_T6W30', 'z_lsc_T6W30', 'z_density_T6W30', 'z_diameter_T6W30', 'z_asp_T6W30']",,,,,,,,,,,,,,,pruned,True,PRUNED
241,6.5744702390372325,2026-06-12 21:12:52.778998,2026-06-12 21:12:54.791621,0 days 00:00:02.012623,,,,,,,,,,,,,,,LinearRegression,,,,,,9,,,,,,,,True,,,,,,,,,-0.033512161867180285,-0.01823465573002469,98.0,-0.025873408798602487,0.0076387530685777996,0.03829976309829207,1.9844674545084815,6.513915783540699,6.635024694533766,98.0,6.5744702390372325,0.06055445549653358,0.30361255027387657,1.9844674545084815,157167131966169.8,346022632021302.8,98.0,251594881993736.3,94427750027566.48,473449059485552.7,1.9844674545084815,16.967930993982243,17.80059948033393,98.0,17.384265237158086,0.4163342431758434,2.087448401615932,1.9844674545084815,6.016989559796354,6.231982597704182,98.0,6.124486078750268,0.10749651895391359,0.5389742504914461,1.9844674545084815,99.0,0.8383838383838383,-0.07665995613395982,-0.04665250688324871,98.0,-0.06165623150860426,0.015003724625355552,0.07522681955866865,1.9844674545084815,LinearRegression,"{'mode': 'original', 'type': 'LinearRegression'}",9,"['pe_T6W30', 'l2_T6W30', 'atd_T6W30', 'density_T6W30', 'asp_T6W30', 'z_pe_T6W30', 'z_l2_T6W30', 'z_diameter_T6W30', 'z_asp_T6W30']",0.007458639246106978,0.058145783873805944,98.0,0.03280221155995646,0.025343572313849483,0.1270695370004397,1.9844674545084815,7.714972111037406,7.8611466542146395,98.0,7.788059382626023,0.07308727158861701,0.3664505400572832,1.9844674545084815,completed,True,COMPLETE
242,6.43236284412755,2026-06-12 21:12:54.804016,2026-06-12 21:12:57.463101,0 days 00:00:02.659085,,,,,,,,,,,,,,0.23939475196027465,QuantileRegressor,,,,,,15,,,,,,,,False,,,,,,,,,-0.004618760704527799,-0.0023266854860824436,98.0,-0.0034727230953051215,0.001146037609222678,0.005746090826723593,1.9844674545084815,6.387146941252938,6.477578747002163,98.0,6.43236284412755,0.04521590287461224,0.22670694455311866,1.9844674545084815,159975467009718.8,352020212552703.8,98.0,255997839781211.3,96022372771492.52,481444300695108.6,1.9844674545084815,17.65307108337025,18.14490871460955,98.0,17.8989898989899,0.24591881561964796,1.2330065254221743,1.9844674545084815,5.956835168213341,6.06336685198868,98.0,6.01010101010101,0.05326584188766987,0.26706834312012434,1.9844674545084815,99.0,1.0,-0.03940786471611372,-0.03383770038410198,98.0,-0.03662278255010785,0.0027850821660058717,0.013964057511701019,1.9844674545084815,QuantileRegressor,"{'mode': 'original', 'type': 'QuantileRegressor'}",15,"['lcc_T6W30', 'lsc_T6W30', 'atd_T6W30', 'density_T6W30', 'diameter_T6W30', 'asp_T6W30', 'z_re_T6W30', 'z_pe_T6W30', 'z_l1_T6W30', 'z_l2_T6W30', 'z_l3_T6W30', 'z_lsc_T6W30', 'z_density_T6W30', 'z_diameter_T6W30', 'z_asp_T6W30']",,,,,,,,7.641821067877172,7.76254996760978,98.0,7.702185517743476,0.06036444986630419,0.3026598855444638,1.9844674545084815,completed,False,COMPLETE
243,6.601068196005217,2026-06-12 21:12:57.475351,2026-06-12 21:12:58.271113,0 days 00:00:00.795762,,,,,,11.0,,5.0,10.0,154.0,,,,,ExtraTreesRegressor,,,,,,21,,,,,,,,True,,,,,,,,,,,,,,,,,,,,,,,,,,,,,,,,,,,,,,,,,,,,,,,,,,,,,ExtraTreesRegressor,"{'mode': 'original', 'type': 'ExtraTreesRegressor'}",21,"['nodes_T6W30', 're_T6W30', 'pe_T6W30', 'l1_T6W30', 'l2_T6W30', 'l3_T6W30', 'lcc_T6W30', 'lsc_T6W30', 'atd_T6W30', 'density_T6W30', 'diameter_T6W30', 'asp_T6W30', 'z_re_T6W30', 'z_pe_T6W30', 'z_l1_T6W30', 'z_l2_T6W30', 'z_l3_T6W30', 'z_lsc_T6W30', 'z_density_T6W30', 'z_diameter_T6W30', 'z_asp_T6W30']",,,,,,,,,,,,,,,pruned,True,PRUNED
244,6.672144936641222,2026-06-12 21:12:58.281086,2026-06-12 21:13:37.269573,0 days 00:00:38.988487,,,,,,,,,,,,,,,RandomForestRegressor,12.0,log2,3.0,11.0,425.0,19,,,,,,,,True,,,,,,,,,-0.04894660423590898,-0.03329384593735163,98.0,-0.0411202250866303,0.007826379149278672,0.03924049706067978,1.9844674545084815,6.610232876596047,6.734056996686396,98.0,6.672144936641222,0.06191206004517437,0.3104194115675074,1.9844674545084815,156461178093824.7,345958752328374.94,98.0,251209965211099.8,94748787117275.11,475058699746367.5,1.9844674545084815,17.503372566997374,18.130943174498082,98.0,17.817157870747728,0.3137853037503546,1.5732807029461577,1.9844674545084815,6.211888658259329,6.40991732942141,98.0,6.31090299384037,0.09901433558104054,0.4964456321658123,1.9844674545084815,99.0,0.8686868686868687,-0.10739113383697883,-0.07851119886478732,98.0,-0.09295116635088307,0.014439967486095759,0.0724002109898645,1.9844674545084815,RandomForestRegressor,"{'mode': 'original', 'type': 'RandomForestRegressor'}",19,"['nodes_T6W30', 're_T6W30', 'pe_T6W30', 'l1_T6W30', 'l2_T6W30', 'l3_T6W30', 'lcc_T6W30', 'lsc_T6W30', 'atd_T6W30', 'density_T6W30', 'diameter_T6W30', 'asp_T6W30', 'z_re_T6W30', 'z_pe_T6W30', 'z_l2_T6W30', 'z_l3_T6W30', 'z_lsc_T6W30', 'z_density_T6W30', 'z_diameter_T6W30']",-0.06011679495264405,-0.011400760787888597,98.0,-0.03575877787026632,0.024358017082377725,0.12212808496674037,1.9844674545084815,7.830913488208805,7.974167941413232,98.0,7.9025407148110185,0.0716272266022137,0.35913005507890083,1.9844674545084815,completed,True,COMPLETE
245,6.687211728138581,2026-06-12 21:13:37.283572,2026-06-12 21:13:58.740672,0 days 00:00:21.457100,,,,,,,,,,,,,,,RandomForestRegressor,15.0,log2,4.0,5.0,228.0,18,,,,,,,,True,,,,,,,,,-0.05158004136629875,-0.03542969252147811,98.0,-0.04350486694388843,0.008075174422410316,0.04048792578829682,1.9844674545084815,6.62489574709678,6.749527709180382,98.0,6.687211728138581,0.06231598104180098,0.31244462148623897,1.9844674545084815,156230826746464.38,345471173482874.3,98.0,250851000114669.34,94620173368204.97,474413846315925.8,1.9844674545084815,17.471934632116472,18.10527523441324,98.0,17.788604933264857,0.3166703011483861,1.5877457230733718,1.9844674545084815,6.270175472941551,6.461430267097624,98.0,6.3658028700195874,0.09562739707803616,0.4794639414200865,1.9844674545084815,99.0,0.8888888888888888,-0.11166594689752704,-0.08239324506028584,98.0,-0.09702959597890644,0.014636350918620597,0.07338485323115784,1.9844674545084815,RandomForestRegressor,"{'mode': 'original', 'type': 'RandomForestRegressor'}",18,"['nodes_T6W30', 're_T6W30', 'l1_T6W30', 'l2_T6W30', 'l3_T6W30', 'lcc_T6W30', 'lsc_T6W30', 'atd_T6W30', 'density_T6W30', 'diameter_T6W30', 'asp_T6W30', 'z_re_T6W30', 'z_pe_T6W30', 'z_l2_T6W30', 'z_l3_T6W30', 'z_lsc_T6W30', 'z_density_T6W30', 'z_diameter_T6W30']",-0.06423182196326332,-0.015706439903162433,98.0,-0.03996913093321288,0.024262691030050448,0.12165013193062921,1.9844674545084815,7.845188991028132,7.98899815463128,98.0,7.917093572829706,0.07190458180157427,0.3605206797442387,1.9844674545084815,completed,True,COMPLETE
246,6.6585781535051485,2026-06-12 21:13:58.753114,2026-06-12 21:14:01.006398,0 days 00:00:02.253284,,,,0.0012983159593181188,0.3072164170212709,,,,,,,,,,ElasticNet,,,,,,13,,,,,,,,False,,,,,,,,,-0.04723515691127281,-0.030563172997413905,98.0,-0.038899164954343354,0.00833599195692945,0.04179563264755563,1.9844674545084815,6.591352621201508,6.725803685808789,98.0,6.6585781535051485,0.06722553230364042,0.3370605042827201,1.9844674545084815,158357793990300.62,349080819556144.94,98.0,253719306773222.78,95361512782922.14,478130830449879.56,1.9844674545084815,17.72693396685992,18.899982073378606,98.0,18.313458020119263,0.5865240532593433,2.9407590597067483,1.9844674545084815,6.002960119557237,6.228544574748014,98.0,6.115752347152625,0.11279222759538896,0.5655262786281334,1.9844674545084815,99.0,0.898989898989899,-0.11931950147073697,-0.08508530031949266,98.0,-0.10220240089511481,0.017117100575622164,0.08582302518361484,1.9844674545084815,ElasticNet,"{'mode': 'original', 'type': 'ElasticNet'}",13,"['edges_T6W30', 'pe_T6W30', 'l1_T6W30', 'l2_T6W30', 'l3_T6W30', 'atd_T6W30', 'diameter_T6W30', 'z_pe_T6W30', 'z_l3_T6W30', 'z_lsc_T6W30', 'z_density_T6W30', 'z_diameter_T6W30', 'z_asp_T6W30']",-0.059535151252885804,-0.010171682614492094,98.0,-0.03485341693368895,0.024681734319196857,0.12375116315367733,1.9844674545084815,7.855458231753901,8.013228634055428,98.0,7.934343432904665,0.07888520115076372,0.3955206417737859,1.9844674545084815,completed,False,COMPLETE
247,7.434497233395125,2026-06-12 21:14:01.018973,2026-06-12 21:14:01.220802,0 days 00:00:00.201829,,,,,,,,,,,euclidean,3.0,distance,,KNeighborsRegressor,,,,,,6,,,,,7.920678473390555,0.00034820752090989644,LinearSVR,,,,,,,,,,,,,,,,,,,,,,,,,,,,,,,,,,,,,,,,,,,,,,,,,,,,,,KNeighborsRegressor,"{'mode': 'proxy', 'type': 'LinearSVR'}",6,"['l1_T6W30', 'density_T6W30', 'z_l1_T6W30', 'z_l3_T6W30', 'z_lsc_T6W30', 'z_diameter_T6W30']",,,,,,,,,,,,,,,pruned,True,PRUNED
248,6.440797300304893,2026-06-12 21:14:01.230545,2026-06-12 21:14:03.388839,0 days 00:00:02.158294,,,,0.8646887143722551,0.3064328227033716,,,,,,,,,,ElasticNet,,,,,,2,,,,,,,,True,,,,,,,,,-0.007165408478528241,-0.0024771708368060493,98.0,-0.004821289657667145,0.0023441188208610957,0.011753121839025884,1.9844674545084815,6.394772385752359,6.486822214857427,98.0,6.440797300304893,0.04602491455253399,0.23076322904483917,1.9844674545084815,174005543616032.06,382886681903043.2,98.0,278446112759537.62,104440569143505.56,523652096112565.44,1.9844674545084815,16.317649144862916,16.779869450269064,98.0,16.54875929756599,0.2311101527030729,1.15875772114542,1.9844674545084815,6.198250539926216,6.35709532940036,98.0,6.277672934663288,0.07942239473707145,0.398214063973561,1.9844674545084815,99.0,0.40404040404040403,-0.003967170217929984,0.0022770179493019262,98.0,-0.0008450761343140286,0.003122094083615955,0.01565379358379144,1.9844674545084815,ElasticNet,"{'mode': 'original', 'type': 'ElasticNet'}",2,"['density_T6W30', 'z_l2_T6W30']",0.059346755687764915,0.10798179889532052,97.0,0.08366427729154272,0.024317521603777797,0.12129206918321701,1.9847231860139845,7.509124981343225,7.626612991586224,98.0,7.567868986464725,0.05874400512149965,0.29453517601625795,1.9844674545084815,completed,True,COMPLETE
