number,value,datetime_start,datetime_complete,duration,params_dt_max_depth,params_dt_min_samples_leaf,params_dt_min_samples_split,params_elastic_alpha,params_elastic_l1_ratio,params_et_max_depth,params_et_max_features,params_et_min_samples_leaf,params_et_min_samples_split,params_et_n_estimators,params_knn_metric,params_knn_n_neighbors,params_knn_weights,params_quantile_alpha,params_regressor,params_rf_max_depth,params_rf_max_features,params_rf_min_samples_leaf,params_rf_min_samples_split,params_rf_n_estimators,params_rfe_n_features,params_rfe_proxy_et_max_depth,params_rfe_proxy_et_min_samples_leaf,params_rfe_proxy_et_min_samples_split,params_rfe_proxy_et_n_estimators,params_rfe_proxy_lsvr_C,params_rfe_proxy_lsvr_epsilon,params_rfe_proxy_type,params_use_scaler,params_xgb_booster,params_xgb_colsample_bytree,params_xgb_learning_rate,params_xgb_max_depth,params_xgb_n_estimators,params_xgb_reg_alpha,params_xgb_reg_lambda,params_xgb_subsample,user_attrs_d2mae_ci_lower_val,user_attrs_d2mae_ci_upper_val,user_attrs_d2mae_df_val,user_attrs_d2mae_mean_val,user_attrs_d2mae_samperror_val,user_attrs_d2mae_std_val,user_attrs_d2mae_t_critical_val,user_attrs_mae_ci_lower_val,user_attrs_mae_ci_upper_val,user_attrs_mae_df_val,user_attrs_mae_mean_val,user_attrs_mae_samperror_val,user_attrs_mae_std_val,user_attrs_mae_t_critical_val,user_attrs_mape_ci_lower_val,user_attrs_mape_ci_upper_val,user_attrs_mape_df_val,user_attrs_mape_mean_val,user_attrs_mape_samperror_val,user_attrs_mape_std_val,user_attrs_mape_t_critical_val,user_attrs_max_error_ci_lower_val,user_attrs_max_error_ci_upper_val,user_attrs_max_error_df_val,user_attrs_max_error_mean_val,user_attrs_max_error_samperror_val,user_attrs_max_error_std_val,user_attrs_max_error_t_critical_val,user_attrs_median_ae_ci_lower_val,user_attrs_median_ae_ci_upper_val,user_attrs_median_ae_df_val,user_attrs_median_ae_mean_val,user_attrs_median_ae_samperror_val,user_attrs_median_ae_std_val,user_attrs_median_ae_t_critical_val,user_attrs_n_splits_val,user_attrs_r2_below_zero_val,user_attrs_r2_ci_lower_val,user_attrs_r2_ci_upper_val,user_attrs_r2_df_val,user_attrs_r2_mean_val,user_attrs_r2_samperror_val,user_attrs_r2_std_val,user_attrs_r2_t_critical_val,user_attrs_regressor_final,user_attrs_rfe_estimator,user_attrs_rfe_n_features,user_attrs_rfe_selected_features,user_attrs_rho_ci_lower_val,user_attrs_rho_ci_upper_val,user_attrs_rho_df_val,user_attrs_rho_mean_val,user_attrs_rho_samperror_val,user_attrs_rho_std_val,user_attrs_rho_t_critical_val,user_attrs_rmse_ci_lower_val,user_attrs_rmse_ci_upper_val,user_attrs_rmse_df_val,user_attrs_rmse_mean_val,user_attrs_rmse_samperror_val,user_attrs_rmse_std_val,user_attrs_rmse_t_critical_val,user_attrs_termination_reason,user_attrs_use_scaler_final,state
249,6.774525870766288,2026-06-12 21:14:03.401384,2026-06-12 21:14:06.036144,0 days 00:00:02.634760,,,,,,,,,,,,,,0.00017900514722041515,QuantileRegressor,,,,,,10,,,,,,,,False,,,,,,,,,-0.06809843402577956,-0.04566031501098693,98.0,-0.05687937451838324,0.011219059507396318,0.05625097675777081,1.9844674545084815,6.689135908749892,6.859915832782685,98.0,6.774525870766288,0.08538996201639659,0.42813470822261324,1.9844674545084815,140236025735498.7,310418019294184.1,98.0,225327022514841.4,85090996779342.7,426635733501085.75,1.9844674545084815,19.895570803297442,21.15194245655429,98.0,20.523756629925867,0.628185826628423,3.1496460385062304,1.9844674545084815,5.740282279378353,6.047585304581536,98.0,5.893933791979944,0.15365151260159166,0.7703896800307025,1.9844674545084815,99.0,0.98989898989899,-0.2582570309165484,-0.19668943389375929,98.0,-0.22747323240515385,0.030783798511394556,0.15434615828882642,1.9844674545084815,QuantileRegressor,"{'mode': 'original', 'type': 'QuantileRegressor'}",10,"['nodes_T6W30', 'edges_T6W30', 're_T6W30', 'l1_T6W30', 'lcc_T6W30', 'z_l1_T6W30', 'z_l3_T6W30', 'z_lsc_T6W30', 'z_diameter_T6W30', 'z_asp_T6W30']",-0.05950526113107685,-0.01332416383851684,98.0,-0.03641471248479684,0.023090548646280004,0.11577315499305248,1.9844674545084815,8.252985742324169,8.474402277563195,98.0,8.363694009943682,0.110708267619513,0.555077561060512,1.9844674545084815,completed,False,COMPLETE
250,6.799439775910365,2026-06-12 21:14:06.048694,2026-06-12 21:14:06.333937,0 days 00:00:00.285243,,,,,,,,,,,manhattan,7.0,uniform,,KNeighborsRegressor,,,,,,14,6.0,1.0,7.0,40.0,,,ExtraTrees,,,,,,,,,,,,,,,,,,,,,,,,,,,,,,,,,,,,,,,,,,,,,,,,,,,,,,KNeighborsRegressor,"{'mode': 'proxy', 'type': 'ExtraTrees'}",14,"['edges_T6W30', 're_T6W30', 'l1_T6W30', 'l2_T6W30', 'l3_T6W30', 'lsc_T6W30', 'atd_T6W30', 'density_T6W30', 'diameter_T6W30', 'asp_T6W30', 'z_re_T6W30', 'z_pe_T6W30', 'z_l3_T6W30', 'z_density_T6W30']",,,,,,,,,,,,,,,pruned,True,PRUNED
251,6.585057010012495,2026-06-12 21:14:06.345515,2026-06-12 21:14:08.403268,0 days 00:00:02.057753,,,,,,,,,,,,,,,LinearRegression,,,,,,10,,,,,,,,True,,,,,,,,,-0.03552119805733783,-0.01951338991331662,98.0,-0.027517293985327224,0.008003904072010605,0.04013058506635758,1.9844674545084815,6.522308369180156,6.647805650844833,98.0,6.585057010012495,0.06274864083233829,0.3146139241631248,1.9844674545084815,160792580010644.94,353949315840079.7,98.0,257370947925362.3,96578367914717.39,484231991575824.44,1.9844674545084815,17.07722725538256,17.868592319678257,98.0,17.47290978753041,0.3956825321478473,1.9839032767970333,1.9844674545084815,5.996124236724311,6.217192336486102,98.0,6.106658286605207,0.11053404988089514,0.5542040548669381,1.9844674545084815,99.0,0.8484848484848485,-0.08641706787040312,-0.05493940190653587,98.0,-0.0706782348884695,0.01573883298193363,0.07891256193779192,1.9844674545084815,LinearRegression,"{'mode': 'original', 'type': 'LinearRegression'}",10,"['pe_T6W30', 'l2_T6W30', 'atd_T6W30', 'density_T6W30', 'diameter_T6W30', 'asp_T6W30', 'z_pe_T6W30', 'z_l2_T6W30', 'z_diameter_T6W30', 'z_asp_T6W30']",-0.0063852187945694985,0.044739463828113626,98.0,0.019177122516772064,0.025562341311341562,0.1281664176957542,1.9844674545084815,7.745300205754999,7.896133325255995,98.0,7.820716765505497,0.07541655975049774,0.3781293028064891,1.9844674545084815,completed,True,COMPLETE
252,6.888390148227998,2026-06-12 21:14:08.415905,2026-06-12 21:14:10.647308,0 days 00:00:02.231403,,,,,,,,,,,euclidean,9.0,distance,,KNeighborsRegressor,,,,,,3,5.0,2.0,9.0,70.0,,,ExtraTrees,,,,,,,,,,-0.08567831130513394,-0.06376807271557013,98.0,-0.07472319201035203,0.010955119294781903,0.05492761317676596,1.9844674545084815,6.806390391418039,6.970389905037957,98.0,6.888390148227998,0.08199975680995958,0.41113663862991345,1.9844674545084815,194160130643165.94,429953545623433.7,98.0,312056838133299.8,117896707490133.89,591119509480551.2,1.9844674545084815,18.509015472133065,19.253010123252487,98.0,18.881012797692776,0.37199732555970966,1.8651485804328698,1.9844674545084815,6.225952082343776,6.499618103929848,98.0,6.362785093136812,0.13683301079303606,0.6860637921334252,1.9844674545084815,99.0,0.9797979797979798,-0.2123999281169836,-0.17219846276435669,98.0,-0.19229919544067015,0.020100732676313463,0.10078258751048187,1.9844674545084815,KNeighborsRegressor,"{'mode': 'proxy', 'type': 'ExtraTrees'}",3,"['l3_T6W30', 'density_T6W30', 'asp_T6W30']",-0.11315822539971837,-0.06271714294120176,98.0,-0.08793768417046006,0.025220541229258313,0.12645267435921217,1.9844674545084815,8.16511858373252,8.337844363354842,98.0,8.25148147354368,0.08636288981116107,0.43301284785046756,1.9844674545084815,completed,True,COMPLETE
253,6.703136875389229,2026-06-12 21:14:10.661869,2026-06-12 21:14:12.478689,0 days 00:00:01.816820,,,,,,,,,,,,,,,LinearRegression,,,,,,15,,,,,,,,False,,,,,,,,,-0.05701036019414188,-0.03476498176217013,98.0,-0.045887670978156006,0.01112268921598587,0.055767788036051764,1.9844674545084815,6.621918519286087,6.784355231492372,98.0,6.703136875389229,0.08121835610314221,0.40721879213228934,1.9844674545084815,154158604876753.56,339634051896148.25,98.0,246896328386450.9,92737723509697.33,464975475553316.56,1.9844674545084815,17.88648959608467,19.02625697467867,98.0,18.45637328538167,0.5698836892970015,2.8573263329376783,1.9844674545084815,6.039580277291636,6.30418685863531,98.0,6.171883567963473,0.13230329067183735,0.6633523356972797,1.9844674545084815,99.0,0.8686868686868687,-0.1572611633077433,-0.10684413368805297,98.0,-0.13205264849789813,0.025208514809845164,0.12639237537974404,1.9844674545084815,LinearRegression,"{'mode': 'original', 'type': 'LinearRegression'}",15,"['nodes_T6W30', 'pe_T6W30', 'l2_T6W30', 'lcc_T6W30', 'atd_T6W30', 'density_T6W30', 'diameter_T6W30', 'asp_T6W30', 'z_pe_T6W30', 'z_l1_T6W30', 'z_l2_T6W30', 'z_l3_T6W30', 'z_lsc_T6W30', 'z_diameter_T6W30', 'z_asp_T6W30']",-0.020518190140211737,0.036569783335537884,98.0,0.008025796597663075,0.02854398673787481,0.14311601908411153,1.9844674545084815,7.934329354320723,8.135154044483086,98.0,8.034741699401904,0.10041234508118095,0.5034550788888372,1.9844674545084815,completed,False,COMPLETE
254,8.029877061935887,2026-06-12 21:14:12.492273,2026-06-12 21:14:12.656039,0 days 00:00:00.163766,16.0,5.0,2.0,,,,,,,,,,,,DecisionTreeRegressor,,,,,,2,,,,,,,,True,,,,,,,,,,,,,,,,,,,,,,,,,,,,,,,,,,,,,,,,,,,,,,,,,,,,,DecisionTreeRegressor,"{'mode': 'original', 'type': 'DecisionTreeRegressor'}",2,"['z_re_T6W30', 'z_pe_T6W30']",,,,,,,,,,,,,,,pruned,True,PRUNED
255,6.445966029005149,2026-06-12 21:14:12.665647,2026-06-12 21:14:14.454745,0 days 00:00:01.789098,,,,0.2339884881450403,0.8468872244289528,,,,,,,,,,ElasticNet,,,,,,8,,,,,,,,False,,,,,,,,,-0.009307367352406157,-0.0019269818424035934,98.0,-0.005617174597404875,0.0036901927550012812,0.018502170057697206,1.9844674545084815,6.396086704356574,6.495845353653723,98.0,6.445966029005149,0.04987932464857422,0.25008876453953355,1.9844674545084815,172334861456503.38,379362700846191.56,98.0,275848781151347.47,103513919694844.08,519005990388204.56,1.9844674545084815,16.340398964935762,16.84392874839644,98.0,16.5921638566661,0.25176489173033867,1.2623180279781439,1.9844674545084815,6.1374156956997545,6.2994932497092115,98.0,6.218454472704483,0.08103877700472893,0.40631840474381287,1.9844674545084815,99.0,0.5656565656565656,-0.01651249315659077,-0.003985706113731079,98.0,-0.010249099635160925,0.006263393521429846,0.031403880438146306,1.9844674545084815,ElasticNet,"{'mode': 'original', 'type': 'ElasticNet'}",8,"['nodes_T6W30', 'lcc_T6W30', 'lsc_T6W30', 'diameter_T6W30', 'z_re_T6W30', 'z_pe_T6W30', 'z_l2_T6W30', 'z_asp_T6W30']",0.023782416112543548,0.07221503406884476,98.0,0.04799872509069415,0.024216308978150605,0.12141757805909698,1.9844674545084815,7.540724452248697,7.664416696262493,98.0,7.602570574255595,0.061846122006897736,0.31008880639903436,1.9844674545084815,completed,False,COMPLETE
256,7.076097574062126,2026-06-12 21:14:14.467202,2026-06-12 21:14:35.822619,0 days 00:00:21.355417,,,,,,,,,,,,,,,XGBRegressor,,,,,,17,,,,,,,,False,gbtree,0.5299716504306542,0.07089301624794533,7.0,155.0,1.5092586963835046e-07,0.0028442823442350845,0.6093569444532696,-0.11923082865002024,-0.08987199547112842,98.0,-0.10455141206057433,0.01467941658944591,0.07360077917816395,1.9844674545084815,6.981777278852205,7.170417869272047,98.0,7.076097574062126,0.09432029520992136,0.4729102943202657,1.9844674545084815,144671808135043.8,324897197715347.44,98.0,234784502925195.62,90112694790151.83,451813906226200.75,1.9844674545084815,19.137868331266418,20.076276664451875,98.0,19.607072497859146,0.4692041665927284,2.352531658492115,1.9844674545084815,6.355313335844802,6.62770362229556,98.0,6.491508479070181,0.1361951432253791,0.6828656030428732,1.9844674545084815,99.0,0.9797979797979798,-0.30095056169662343,-0.24244725773131762,98.0,-0.27169890971397054,0.02925165198265291,0.14666416509492927,1.9844674545084815,XGBRegressor,"{'mode': 'original', 'type': 'XGBRegressor'}",17,"['l2_T6W30', 'l3_T6W30', 'lcc_T6W30', 'lsc_T6W30', 'atd_T6W30', 'density_T6W30', 'diameter_T6W30', 'asp_T6W30', 'z_re_T6W30', 'z_pe_T6W30', 'z_l1_T6W30', 'z_l2_T6W30', 'z_l3_T6W30', 'z_lsc_T6W30', 'z_density_T6W30', 'z_diameter_T6W30', 'z_asp_T6W30']",-0.08122124398945552,-0.02170211007691088,98.0,-0.0514616770331832,0.029759566956272316,0.14921078795196585,1.9844674545084815,8.407311338247233,8.618719570393118,98.0,8.513015454320175,0.10570411607294289,0.5299873641368836,1.9844674545084815,completed,False,COMPLETE
257,6.413719612418511,2026-06-12 21:14:35.835410,2026-06-12 21:14:38.506208,0 days 00:00:02.670798,,,,,,,,,,,,,,0.013551637750925319,QuantileRegressor,,,,,,13,,,,,,,,False,,,,,,,,,-0.0073237676897719385,0.00620505110191301,98.0,-0.0005593582939294647,0.006764409395842474,0.033915912065064696,1.9844674545084815,6.351472696062307,6.475966528774715,98.0,6.413719612418511,0.06224691635620444,0.31209833969481854,1.9844674545084815,150361378214524.62,330958976846874.8,98.0,240660177530699.72,90298799316175.1,452747011301626.06,1.9844674545084815,17.235491055314817,17.86608249709856,98.0,17.55078677620669,0.3152957208918727,1.580853747680082,1.9844674545084815,5.811731575213641,6.020870200396915,98.0,5.916300887805278,0.10456931259163678,0.5242975998380577,1.9844674545084815,99.0,0.696969696969697,-0.05136919002059048,-0.028399094880952616,98.0,-0.03988414245077155,0.011485047569818932,0.057584608004428786,1.9844674545084815,QuantileRegressor,"{'mode': 'original', 'type': 'QuantileRegressor'}",13,"['nodes_T6W30', 'lsc_T6W30', 'diameter_T6W30', 'asp_T6W30', 'z_re_T6W30', 'z_pe_T6W30', 'z_l1_T6W30', 'z_l2_T6W30', 'z_l3_T6W30', 'z_lsc_T6W30', 'z_density_T6W30', 'z_diameter_T6W30', 'z_asp_T6W30']",0.038860009792347244,0.08780283494845734,98.0,0.06333142237040229,0.024471412578055043,0.122696635956917,1.9844674545084815,7.641069513011962,7.780721450756767,98.0,7.710895481884364,0.06982596887240254,0.35009877160745084,1.9844674545084815,completed,False,COMPLETE
258,6.593308122624191,2026-06-12 21:14:38.550960,2026-06-12 21:14:39.709342,0 days 00:00:01.158382,,,,,,,,,,,,,,,RandomForestRegressor,13.0,,5.0,5.0,90.0,8,,,,,,,,True,,,,,,,,,,,,,,,,,,,,,,,,,,,,,,,,,,,,,,,,,,,,,,,,,,,,,RandomForestRegressor,"{'mode': 'original', 'type': 'RandomForestRegressor'}",8,"['l1_T6W30', 'l2_T6W30', 'l3_T6W30', 'lsc_T6W30', 'density_T6W30', 'diameter_T6W30', 'z_pe_T6W30', 'z_density_T6W30']",,,,,,,,,,,,,,,pruned,True,PRUNED
259,7.43135455047269,2026-06-12 21:14:39.720264,2026-06-12 21:14:39.969032,0 days 00:00:00.248768,6.0,4.0,14.0,,,,,,,,,,,,DecisionTreeRegressor,,,,,,14,,,,,,,,False,,,,,,,,,,,,,,,,,,,,,,,,,,,,,,,,,,,,,,,,,,,,,,,,,,,,,DecisionTreeRegressor,"{'mode': 'original', 'type': 'DecisionTreeRegressor'}",14,"['edges_T6W30', 'pe_T6W30', 'l3_T6W30', 'atd_T6W30', 'asp_T6W30', 'z_re_T6W30', 'z_pe_T6W30', 'z_l1_T6W30', 'z_l2_T6W30', 'z_l3_T6W30', 'z_lsc_T6W30', 'z_density_T6W30', 'z_diameter_T6W30', 'z_asp_T6W30']",,,,,,,,,,,,,,,pruned,False,PRUNED
260,6.436382066533125,2026-06-12 21:14:39.980590,2026-06-12 21:14:42.901744,0 days 00:00:02.921154,,,,0.17739453395672486,0.10343411486048337,,,,,,,,,,ElasticNet,,,,,,10,,,,,,,,False,,,,,,,,,-0.007912329955394669,-0.0003411662893235208,98.0,-0.004126748122359095,0.003785581833035574,0.01898043909690809,1.9844674545084815,6.386392104544769,6.4863720285214805,98.0,6.436382066533125,0.0499899619883553,0.2506434864771848,1.9844674545084815,169109393971453.12,372165838189038.75,98.0,270637616080245.94,101528222108792.81,509049948289729.8,1.9844674545084815,16.29531688389941,16.81147117922316,98.0,16.553394031561286,0.25807714766187617,1.293966898497097,1.9844674545084815,6.089106408126549,6.247966673242111,98.0,6.16853654068433,0.07943013255778082,0.3982528604495572,1.9844674545084815,99.0,0.5454545454545454,-0.015241358184359972,-0.002074200741179799,98.0,-0.008657779462769886,0.006583578721590087,0.03300924943013018,1.9844674545084815,ElasticNet,"{'mode': 'original', 'type': 'ElasticNet'}",10,"['nodes_T6W30', 're_T6W30', 'l2_T6W30', 'diameter_T6W30', 'z_pe_T6W30', 'z_l1_T6W30', 'z_l2_T6W30', 'z_lsc_T6W30', 'z_density_T6W30', 'z_asp_T6W30']",0.03611133504162298,0.08113791145405998,98.0,0.05862462324784148,0.0225132882062185,0.11287884254416378,1.9844674545084815,7.535440183197218,7.65686989404704,98.0,7.596155038622129,0.06071485542491169,0.30441677567594316,1.9844674545084815,completed,False,COMPLETE
261,6.468530685001274,2026-06-12 21:14:42.914362,2026-06-12 21:14:45.334528,0 days 00:00:02.420166,,,,6.139856646782011,0.5657449506132892,,,,,,,,,,ElasticNet,,,,,,12,,,,,,,,False,,,,,,,,,-0.010838388593969092,-0.007533868684572212,98.0,-0.009186128639270652,0.0016522599546984402,0.008284227055598078,1.9844674545084815,6.425014538013637,6.51204683198891,98.0,6.468530685001274,0.04351614698763684,0.21818457876754607,1.9844674545084815,177419237234444.94,390358231448248.06,98.0,283888734341346.5,106469497106901.55,533824889976163.06,1.9844674545084815,16.30109010929698,16.7555332673264,98.0,16.52831168831169,0.2272215790147102,1.139260893624293,1.9844674545084815,6.205775317066685,6.373387742096375,98.0,6.28958152958153,0.08380621251484449,0.4201939841054797,1.9844674545084815,99.0,1.0,-0.002091831357214119,-0.0012107691911632688,98.0,-0.001651300274188694,0.0004405310830254252,0.0022087683638723947,1.9844674545084815,ElasticNet,"{'mode': 'original', 'type': 'ElasticNet'}",12,"['density_T6W30', 'diameter_T6W30', 'asp_T6W30', 'z_re_T6W30', 'z_pe_T6W30', 'z_l1_T6W30', 'z_l2_T6W30', 'z_l3_T6W30', 'z_lsc_T6W30', 'z_density_T6W30', 'z_diameter_T6W30', 'z_asp_T6W30']",,,,,,,,7.513725752597121,7.628433438825785,98.0,7.571079595711453,0.05735384311433189,0.28756507565239264,1.9844674545084815,completed,False,COMPLETE
262,6.511874584007771,2026-06-12 21:14:45.347113,2026-06-12 21:15:29.239672,0 days 00:00:43.892559,,,,,,,,,,,,,,,RandomForestRegressor,10.0,sqrt,5.0,7.0,495.0,8,,,,,,,,False,,,,,,,,,-0.023424450650431163,-0.008748650861676425,98.0,-0.016086550756053794,0.00733789989437737,0.03679132249341846,1.9844674545084815,6.452162349861858,6.571586818153683,98.0,6.511874584007771,0.059712234145912875,0.29938975659073136,1.9844674545084815,148889720582972.3,329299373796084.7,98.0,239094547189528.5,90204826606556.19,452275843758468.56,1.9844674545084815,17.301777281424496,17.98070786898403,98.0,17.641242575204263,0.3394652937797659,1.7020369967631108,1.9844674545084815,6.151651974637214,6.330853452758677,98.0,6.241252713697945,0.08960073906073128,0.449247023519352,1.9844674545084815,99.0,0.7575757575757576,-0.058201752119085945,-0.03292483558924804,98.0,-0.04556329385416699,0.012638458264918955,0.06336766657181248,1.9844674545084815,RandomForestRegressor,"{'mode': 'original', 'type': 'RandomForestRegressor'}",8,"['re_T6W30', 'l2_T6W30', 'lsc_T6W30', 'atd_T6W30', 'density_T6W30', 'asp_T6W30', 'z_pe_T6W30', 'z_density_T6W30']",0.028987549958709904,0.07371402304689469,98.0,0.051350786502802295,0.02236323654409239,0.11212650206917511,1.9844674545084815,7.661441978094746,7.7991885515682045,98.0,7.730315264831475,0.0688732867367292,0.345322141210226,1.9844674545084815,completed,False,COMPLETE
263,6.577153330151759,2026-06-12 21:15:29.252488,2026-06-12 21:15:33.373132,0 days 00:00:04.120644,,,,,,,,,,,,,,,RandomForestRegressor,16.0,sqrt,3.0,11.0,365.0,2,,,,,,,,False,,,,,,,,,,,,,,,,,,,,,,,,,,,,,,,,,,,,,,,,,,,,,,,,,,,,,RandomForestRegressor,"{'mode': 'original', 'type': 'RandomForestRegressor'}",2,"['atd_T6W30', 'density_T6W30']",,,,,,,,,,,,,,,pruned,False,PRUNED
264,8.702594157092426,2026-06-12 21:15:33.382957,2026-06-12 21:15:33.532170,0 days 00:00:00.149213,12.0,1.0,3.0,,,,,,,,,,,,DecisionTreeRegressor,,,,,,4,,,,,,,,False,,,,,,,,,,,,,,,,,,,,,,,,,,,,,,,,,,,,,,,,,,,,,,,,,,,,,DecisionTreeRegressor,"{'mode': 'original', 'type': 'DecisionTreeRegressor'}",4,"['edges_T6W30', 'z_re_T6W30', 'z_pe_T6W30', 'z_lsc_T6W30']",,,,,,,,,,,,,,,pruned,False,PRUNED
265,6.49389422692025,2026-06-12 21:15:33.542883,2026-06-12 21:15:51.447109,0 days 00:00:17.904226,,,,,,19.0,sqrt,3.0,10.0,326.0,,,,,ExtraTreesRegressor,,,,,,11,,,,,,,,False,,,,,,,,,-0.01910740792437089,-0.007298137650949463,98.0,-0.013202772787660176,0.005904635136710713,0.029605110269649824,1.9844674545084815,6.438948798328277,6.548839655512222,98.0,6.49389422692025,0.05494542859197256,0.27548958311837063,1.9844674545084815,162215934868910.16,357653029934125.4,98.0,259934482401517.75,97718547532607.6,489948711158543.7,1.9844674545084815,16.90627996052859,17.515622479241518,98.0,17.210951219885054,0.3046712593564653,1.5275840116119177,1.9844674545084815,6.195398504918627,6.39580334011143,98.0,6.295600922515028,0.10020241759640104,0.5024025284447124,1.9844674545084815,99.0,0.7777777777777778,-0.04662698110013689,-0.026412095742989715,98.0,-0.0365195384215633,0.010107442678573587,0.050677467466690676,1.9844674545084815,ExtraTreesRegressor,"{'mode': 'original', 'type': 'ExtraTreesRegressor'}",11,"['nodes_T6W30', 're_T6W30', 'l2_T6W30', 'lcc_T6W30', 'atd_T6W30', 'density_T6W30', 'diameter_T6W30', 'asp_T6W30', 'z_pe_T6W30', 'z_l2_T6W30', 'z_density_T6W30']",0.009487498650067133,0.05303678096678245,98.0,0.031262139808424794,0.02177464115835766,0.10917535760462639,1.9844674545084815,7.633523146912183,7.763586482735579,98.0,7.698554814823881,0.06503166791169819,0.3260607395663028,1.9844674545084815,completed,False,COMPLETE
