number,value,datetime_start,datetime_complete,duration,params_dt_max_depth,params_dt_min_samples_leaf,params_dt_min_samples_split,params_elastic_alpha,params_elastic_l1_ratio,params_et_max_depth,params_et_max_features,params_et_min_samples_leaf,params_et_min_samples_split,params_et_n_estimators,params_knn_metric,params_knn_n_neighbors,params_knn_weights,params_quantile_alpha,params_regressor,params_rf_max_depth,params_rf_max_features,params_rf_min_samples_leaf,params_rf_min_samples_split,params_rf_n_estimators,params_rfe_n_features,params_rfe_proxy_et_max_depth,params_rfe_proxy_et_min_samples_leaf,params_rfe_proxy_et_min_samples_split,params_rfe_proxy_et_n_estimators,params_rfe_proxy_lsvr_C,params_rfe_proxy_lsvr_epsilon,params_rfe_proxy_type,params_use_scaler,params_xgb_booster,params_xgb_colsample_bytree,params_xgb_learning_rate,params_xgb_max_depth,params_xgb_n_estimators,params_xgb_reg_alpha,params_xgb_reg_lambda,params_xgb_subsample,user_attrs_d2mae_ci_lower_val,user_attrs_d2mae_ci_upper_val,user_attrs_d2mae_df_val,user_attrs_d2mae_mean_val,user_attrs_d2mae_samperror_val,user_attrs_d2mae_std_val,user_attrs_d2mae_t_critical_val,user_attrs_mae_ci_lower_val,user_attrs_mae_ci_upper_val,user_attrs_mae_df_val,user_attrs_mae_mean_val,user_attrs_mae_samperror_val,user_attrs_mae_std_val,user_attrs_mae_t_critical_val,user_attrs_mape_ci_lower_val,user_attrs_mape_ci_upper_val,user_attrs_mape_df_val,user_attrs_mape_mean_val,user_attrs_mape_samperror_val,user_attrs_mape_std_val,user_attrs_mape_t_critical_val,user_attrs_max_error_ci_lower_val,user_attrs_max_error_ci_upper_val,user_attrs_max_error_df_val,user_attrs_max_error_mean_val,user_attrs_max_error_samperror_val,user_attrs_max_error_std_val,user_attrs_max_error_t_critical_val,user_attrs_median_ae_ci_lower_val,user_attrs_median_ae_ci_upper_val,user_attrs_median_ae_df_val,user_attrs_median_ae_mean_val,user_attrs_median_ae_samperror_val,user_attrs_median_ae_std_val,user_attrs_median_ae_t_critical_val,user_attrs_n_splits_val,user_attrs_r2_below_zero_val,user_attrs_r2_ci_lower_val,user_attrs_r2_ci_upper_val,user_attrs_r2_df_val,user_attrs_r2_mean_val,user_attrs_r2_samperror_val,user_attrs_r2_std_val,user_attrs_r2_t_critical_val,user_attrs_regressor_final,user_attrs_rfe_estimator,user_attrs_rfe_n_features,user_attrs_rfe_selected_features,user_attrs_rho_ci_lower_val,user_attrs_rho_ci_upper_val,user_attrs_rho_df_val,user_attrs_rho_mean_val,user_attrs_rho_samperror_val,user_attrs_rho_std_val,user_attrs_rho_t_critical_val,user_attrs_rmse_ci_lower_val,user_attrs_rmse_ci_upper_val,user_attrs_rmse_df_val,user_attrs_rmse_mean_val,user_attrs_rmse_samperror_val,user_attrs_rmse_std_val,user_attrs_rmse_t_critical_val,user_attrs_termination_reason,user_attrs_use_scaler_final,state
122,7.820725733961028,2026-06-12 20:59:47.933098,2026-06-12 20:59:48.134523,0 days 00:00:00.201425,14.0,1.0,16.0,,,,,,,,,,,,DecisionTreeRegressor,,,,,,10,,,,,,,,True,,,,,,,,,,,,,,,,,,,,,,,,,,,,,,,,,,,,,,,,,,,,,,,,,,,,,DecisionTreeRegressor,"{'mode': 'original', 'type': 'DecisionTreeRegressor'}",10,"['edges_T6W30', 're_T6W30', 'l3_T6W30', 'atd_T6W30', 'z_re_T6W30', 'z_pe_T6W30', 'z_l1_T6W30', 'z_lsc_T6W30', 'z_diameter_T6W30', 'z_asp_T6W30']",,,,,,,,,,,,,,,pruned,True,PRUNED
123,6.548855664958357,2026-06-12 20:59:48.143696,2026-06-12 20:59:51.085566,0 days 00:00:02.941870,,,,,,,,,,,,,,,LinearRegression,,,,,,7,,,,,,,,False,,,,,,,,,-0.028177134544389724,-0.015312433545912548,98.0,-0.021744784045151136,0.006432350499238588,0.03225100982769247,1.9844674545084815,6.49033752594925,6.607373803967465,98.0,6.548855664958357,0.05851813900910776,0.29340271126463163,1.9844674545084815,168997738408275.75,372120287323712.1,98.0,270559012865993.94,101561274457718.17,509215668679212.06,1.9844674545084815,16.998296242149348,18.148450378225437,98.0,17.573373310187392,0.5750770680380437,2.8833652916101116,1.9844674545084815,6.050098245957164,6.25468710662439,98.0,6.152392676290777,0.10229443033361328,0.5128916215616806,1.9844674545084815,99.0,0.7070707070707071,-0.06549744710744386,-0.03808826168814418,98.0,-0.05179285439779402,0.01370459270964984,0.06871313281447561,1.9844674545084815,LinearRegression,"{'mode': 'original', 'type': 'LinearRegression'}",7,"['pe_T6W30', 'l2_T6W30', 'atd_T6W30', 'density_T6W30', 'asp_T6W30', 'z_l2_T6W30', 'z_asp_T6W30']",0.004111578937562102,0.05509360045253389,98.0,0.029602589695047997,0.025491010757485895,0.12780877512113298,1.9844674545084815,7.679539434191043,7.827371108164129,98.0,7.753455271177586,0.07391583698654305,0.3706048644826332,1.9844674545084815,completed,False,COMPLETE
124,6.339293208477603,2026-06-12 20:59:51.100750,2026-06-12 20:59:53.537776,0 days 00:00:02.437026,,,,,,,,,,,,,,0.025992279021942115,QuantileRegressor,,,,,,4,,,,,,,,True,,,,,,,,,0.006723534936186476,0.015345591479660445,98.0,0.01103456320792346,0.004311028271736984,0.02161496255151324,1.9844674545084815,6.287737038638032,6.390849378317173,98.0,6.339293208477603,0.05155616983957046,0.25849625892914124,1.9844674545084815,151368900581544.44,333182452254560.6,98.0,242275676418052.53,90906775836508.11,455795330377924.5,1.9844674545084815,17.309519624115296,17.939510772548275,98.0,17.624515198331785,0.3149955742164904,1.5793488493729002,1.9844674545084815,5.787586662019158,5.980235172585169,98.0,5.883910917302163,0.0963242552830052,0.48295790226995394,1.9844674545084815,99.0,0.5757575757575758,-0.026722636729587697,-0.009674186009357322,98.0,-0.01819841136947251,0.008524225360115188,0.0427394116497667,1.9844674545084815,QuantileRegressor,"{'mode': 'original', 'type': 'QuantileRegressor'}",4,"['density_T6W30', 'z_lsc_T6W30', 'z_diameter_T6W30', 'z_asp_T6W30']",0.07531313913681612,0.12419205316717621,97.0,0.09975259615199616,0.024439457015180046,0.12190026431908102,1.9847231860139845,7.56733286442195,7.695330603168899,98.0,7.631331733795425,0.06399886937347454,0.3208824154357661,1.9844674545084815,completed,True,COMPLETE
125,7.290196078431373,2026-06-12 20:59:53.549980,2026-06-12 20:59:53.807853,0 days 00:00:00.257873,,,,,,,,,,,euclidean,3.0,uniform,,KNeighborsRegressor,,,,,,17,11.0,2.0,4.0,30.0,,,ExtraTrees,,,,,,,,,,,,,,,,,,,,,,,,,,,,,,,,,,,,,,,,,,,,,,,,,,,,,,KNeighborsRegressor,"{'mode': 'proxy', 'type': 'ExtraTrees'}",17,"['re_T6W30', 'pe_T6W30', 'l1_T6W30', 'l3_T6W30', 'lcc_T6W30', 'lsc_T6W30', 'atd_T6W30', 'density_T6W30', 'diameter_T6W30', 'asp_T6W30', 'z_re_T6W30', 'z_pe_T6W30', 'z_l2_T6W30', 'z_l3_T6W30', 'z_lsc_T6W30', 'z_density_T6W30', 'z_diameter_T6W30']",,,,,,,,,,,,,,,pruned,True,PRUNED
126,7.207281540046483,2026-06-12 20:59:53.817460,2026-06-12 20:59:53.971109,0 days 00:00:00.153649,8.0,1.0,19.0,,,,,,,,,,,,DecisionTreeRegressor,,,,,,15,,,,,,,,True,,,,,,,,,,,,,,,,,,,,,,,,,,,,,,,,,,,,,,,,,,,,,,,,,,,,,DecisionTreeRegressor,"{'mode': 'original', 'type': 'DecisionTreeRegressor'}",15,"['edges_T6W30', 're_T6W30', 'l3_T6W30', 'atd_T6W30', 'diameter_T6W30', 'asp_T6W30', 'z_re_T6W30', 'z_pe_T6W30', 'z_l1_T6W30', 'z_l2_T6W30', 'z_l3_T6W30', 'z_lsc_T6W30', 'z_density_T6W30', 'z_diameter_T6W30', 'z_asp_T6W30']",,,,,,,,,,,,,,,pruned,True,PRUNED
127,6.499258767073404,2026-06-12 20:59:53.980637,2026-06-12 20:59:56.551921,0 days 00:00:02.571284,,,,,,,,,,,,,,,XGBRegressor,,,,,,7,,,,,,,,False,gblinear,0.8042636363482333,0.014099932173699115,7.0,139.0,1.3981615309912755e-05,1.0638050900691945e-07,0.9860026648157685,-0.017831001833470785,-0.010153589782742407,98.0,-0.013992295808106596,0.0038387060253641885,0.019246797226658823,1.9844674545084815,6.450483197606631,6.548034336540177,98.0,6.499258767073404,0.04877556946677359,0.24455467257426639,1.9844674545084815,172024164426113.8,378524388648396.9,98.0,275274276537255.34,103250112111141.53,517683291792159.8,1.9844674545084815,16.3068286686065,16.771307467226933,98.0,16.539068067916716,0.23223939931021753,1.164419623964494,1.9844674545084815,6.210516648493373,6.340430810563751,98.0,6.275473729528562,0.06495708103518917,0.3256867701926511,1.9844674545084815,99.0,0.5757575757575758,-0.01757817586174262,-0.004695555057577708,98.0,-0.011136865459660163,0.0064413104020824554,0.03229593367235967,1.9844674545084815,XGBRegressor,"{'mode': 'original', 'type': 'XGBRegressor'}",7,"['l1_T6W30', 'density_T6W30', 'z_pe_T6W30', 'z_l2_T6W30', 'z_lsc_T6W30', 'z_density_T6W30', 'z_asp_T6W30']",-0.0062100593607102295,0.05021673646232033,98.0,0.02200333855080505,0.02821339791151528,0.1414584875971211,1.9844674545084815,7.54459274700015,7.666642082764502,98.0,7.605617414882326,0.06102466788217588,0.3059701370179832,1.9844674545084815,completed,False,COMPLETE
128,6.47568424220364,2026-06-12 20:59:56.572119,2026-06-12 21:00:11.313929,0 days 00:00:14.741810,,,,,,11.0,sqrt,5.0,3.0,256.0,,,,,ExtraTreesRegressor,,,,,,10,,,,,,,,True,,,,,,,,,-0.015446911695399962,-0.0051792973471843,98.0,-0.010313104521292131,0.005133807174107831,0.025740274203843328,1.9844674545084815,6.422565441574017,6.528803042833262,98.0,6.47568424220364,0.05311880062962281,0.2663310964388508,1.9844674545084815,165620514294426.0,364894197773931.3,98.0,265257356034178.66,99636841739752.64,499566801051867.06,1.9844674545084815,16.75242054964067,17.38093412748776,98.0,17.066677338564215,0.31425678892354325,1.575644671289599,1.9844674545084815,6.209667256416224,6.386583403622429,98.0,6.298125330019326,0.08845807360310275,0.443517840243642,1.9844674545084815,99.0,0.7171717171717171,-0.035853495179370386,-0.018095701860075045,98.0,-0.026974598519722715,0.00887889665964767,0.04451768967864223,1.9844674545084815,ExtraTreesRegressor,"{'mode': 'original', 'type': 'ExtraTreesRegressor'}",10,"['nodes_T6W30', 're_T6W30', 'lcc_T6W30', 'atd_T6W30', 'density_T6W30', 'diameter_T6W30', 'asp_T6W30', 'z_pe_T6W30', 'z_l2_T6W30', 'z_density_T6W30']",0.0014498951010131766,0.04961475457910336,98.0,0.025532324840058268,0.02408242973904509,0.12074632411287202,1.9844674545084815,7.59920461798123,7.728823194057774,98.0,7.664013906019502,0.06480928803827184,0.32494575438565965,1.9844674545084815,completed,True,COMPLETE
129,6.627640539791683,2026-06-12 21:00:11.327273,2026-06-12 21:00:11.973135,0 days 00:00:00.645862,,,,,,8.0,,3.0,10.0,124.0,,,,,ExtraTreesRegressor,,,,,,20,,,,,,,,False,,,,,,,,,,,,,,,,,,,,,,,,,,,,,,,,,,,,,,,,,,,,,,,,,,,,,ExtraTreesRegressor,"{'mode': 'original', 'type': 'ExtraTreesRegressor'}",20,"['nodes_T6W30', 'edges_T6W30', 're_T6W30', 'pe_T6W30', 'l1_T6W30', 'l2_T6W30', 'l3_T6W30', 'lcc_T6W30', 'lsc_T6W30', 'atd_T6W30', 'density_T6W30', 'diameter_T6W30', 'asp_T6W30', 'z_re_T6W30', 'z_pe_T6W30', 'z_l1_T6W30', 'z_l2_T6W30', 'z_l3_T6W30', 'z_lsc_T6W30', 'z_density_T6W30']",,,,,,,,,,,,,,,pruned,False,PRUNED
130,6.641268244339569,2026-06-12 21:00:11.983159,2026-06-12 21:00:12.229269,0 days 00:00:00.246110,,,,,,,,,,,,,,0.00033679722132229183,QuantileRegressor,,,,,,15,,,,,,,,True,,,,,,,,,,,,,,,,,,,,,,,,,,,,,,,,,,,,,,,,,,,,,,,,,,,,,QuantileRegressor,"{'mode': 'original', 'type': 'QuantileRegressor'}",15,"['nodes_T6W30', 'edges_T6W30', 're_T6W30', 'pe_T6W30', 'l1_T6W30', 'l3_T6W30', 'lcc_T6W30', 'lsc_T6W30', 'asp_T6W30', 'z_l1_T6W30', 'z_l2_T6W30', 'z_l3_T6W30', 'z_lsc_T6W30', 'z_diameter_T6W30', 'z_asp_T6W30']",,,,,,,,,,,,,,,pruned,True,PRUNED
131,6.5059879736902575,2026-06-12 21:00:12.238647,2026-06-12 21:00:17.497888,0 days 00:00:05.259241,,,,,,,,,,,,,,,RandomForestRegressor,9.0,,3.0,12.0,409.0,8,,,,,,,,False,,,,,,,,,,,,,,,,,,,,,,,,,,,,,,,,,,,,,,,,,,,,,,,,,,,,,RandomForestRegressor,"{'mode': 'original', 'type': 'RandomForestRegressor'}",8,"['l1_T6W30', 'l2_T6W30', 'lsc_T6W30', 'atd_T6W30', 'density_T6W30', 'diameter_T6W30', 'z_pe_T6W30', 'z_density_T6W30']",,,,,,,,,,,,,,,pruned,False,PRUNED
132,6.757284484627227,2026-06-12 21:00:17.509029,2026-06-12 21:00:45.470421,0 days 00:00:27.961392,,,,,,,,,,,,,,,RandomForestRegressor,13.0,,5.0,2.0,248.0,10,,,,,,,,True,,,,,,,,,-0.06285834167972923,-0.04593406498039705,98.0,-0.05439620333006314,0.008462138349666087,0.04242811505851238,1.9844674545084815,6.6916418417052705,6.822927127549183,98.0,6.757284484627227,0.06564264292195647,0.3291240927002229,1.9844674545084815,153245613649516.56,339256304659901.75,98.0,246250959154709.16,93005345505192.61,466317299138310.4,1.9844674545084815,17.69666653567621,18.34092776730031,98.0,18.01879715148826,0.32213061581205055,1.6151230654462694,1.9844674545084815,6.285017160756584,6.484445241189511,98.0,6.3847312009730475,0.09971404021646316,0.4999538646659175,1.9844674545084815,99.0,0.9292929292929293,-0.14525913795264087,-0.11301053335136049,98.0,-0.12913483565200068,0.016124302300640183,0.08084525742560009,1.9844674545084815,RandomForestRegressor,"{'mode': 'original', 'type': 'RandomForestRegressor'}",10,"['re_T6W30', 'l1_T6W30', 'lsc_T6W30', 'atd_T6W30', 'density_T6W30', 'diameter_T6W30', 'z_l2_T6W30', 'z_l3_T6W30', 'z_lsc_T6W30', 'z_density_T6W30']",-0.08736005100442455,-0.03900415993346347,98.0,-0.06318210546894401,0.02417794553548054,0.12122522850247332,1.9844674545084815,7.955582005215513,8.10745435216183,98.0,8.031518178688671,0.07593617347315815,0.3807345817442752,1.9844674545084815,completed,True,COMPLETE
133,6.767393420342613,2026-06-12 21:00:45.483618,2026-06-12 21:00:47.292613,0 days 00:00:01.808995,,,,,,,,,,,,,,,LinearRegression,,,,,,17,,,,,,,,True,,,,,,,,,-0.06655194952137335,-0.0452971650717261,98.0,-0.05592455729654972,0.010627392224823626,0.053284430182419434,1.9844674545084815,6.689055256020079,6.845731584665148,98.0,6.767393420342613,0.07833816432253513,0.39277786677646587,1.9844674545084815,155257927325486.0,342217675352152.9,98.0,248737801338819.44,93479874013333.42,468696526386791.5,1.9844674545084815,18.150573798559506,19.349884618655906,98.0,18.750229208607706,0.5996554100481992,3.0065980585141765,1.9844674545084815,6.054319555302375,6.320779921321011,98.0,6.187549738311693,0.13323018300931838,0.6679996592361402,1.9844674545084815,99.0,0.9191919191919192,-0.17989827208622436,-0.1297656865409628,98.0,-0.15483197931359358,0.025066292772630786,0.12567929167566755,1.9844674545084815,LinearRegression,"{'mode': 'original', 'type': 'LinearRegression'}",17,"['nodes_T6W30', 'pe_T6W30', 'l1_T6W30', 'l2_T6W30', 'l3_T6W30', 'lcc_T6W30', 'atd_T6W30', 'density_T6W30', 'diameter_T6W30', 'asp_T6W30', 'z_pe_T6W30', 'z_l1_T6W30', 'z_l2_T6W30', 'z_l3_T6W30', 'z_lsc_T6W30', 'z_diameter_T6W30', 'z_asp_T6W30']",-0.04463659969768253,0.008981929263130718,98.0,-0.017827335217275905,0.026809264480406624,0.13441833624165045,1.9844674545084815,8.015298838172596,8.217030563521247,98.0,8.116164700846921,0.10086586267432586,0.505728960008232,1.9844674545084815,completed,True,COMPLETE
134,6.8534987197505295,2026-06-12 21:00:47.306222,2026-06-12 21:00:49.108503,0 days 00:00:01.802281,,,,,,,,,,,,,,,LinearRegression,,,,,,19,,,,,,,,False,,,,,,,,,-0.08057251781942042,-0.058229370990621074,98.0,-0.06940094440502075,0.011171573414399668,0.05601288736073081,1.9844674545084815,6.77274686941864,6.934250570082419,98.0,6.8534987197505295,0.08075185033189,0.40487978989428774,1.9844674545084815,162947968989060.97,359870760236961.6,98.0,261409364613011.3,98461395623950.34,493673259610499.7,1.9844674545084815,18.46215476400047,19.654984710151805,98.0,19.058569737076137,0.5964149730756688,2.9903509083224282,1.9844674545084815,6.122809599185172,6.395780423206435,98.0,6.259295011195803,0.13648541201063108,0.6843209748306734,1.9844674545084815,99.0,0.9595959595959596,-0.20956687630888324,-0.1589670764682997,98.0,-0.18426697638859146,0.025299899920291767,0.1268505690206949,1.9844674545084815,LinearRegression,"{'mode': 'original', 'type': 'LinearRegression'}",19,"['nodes_T6W30', 're_T6W30', 'pe_T6W30', 'l1_T6W30', 'l2_T6W30', 'l3_T6W30', 'lcc_T6W30', 'atd_T6W30', 'density_T6W30', 'diameter_T6W30', 'asp_T6W30', 'z_pe_T6W30', 'z_l1_T6W30', 'z_l2_T6W30', 'z_l3_T6W30', 'z_lsc_T6W30', 'z_density_T6W30', 'z_diameter_T6W30', 'z_asp_T6W30']",-0.0707224667328816,-0.017424130785120003,98.0,-0.044073298759000804,0.0266491679738808,0.13361563215922292,1.9844674545084815,8.118503157641355,8.318980970993723,98.0,8.218742064317539,0.10023890667618353,0.5025854801776455,1.9844674545084815,completed,False,COMPLETE
135,6.7024321943238,2026-06-12 21:00:49.120519,2026-06-12 21:01:00.568466,0 days 00:00:11.447947,,,,,,,,,,,,,,,RandomForestRegressor,8.0,sqrt,4.0,6.0,114.0,19,,,,,,,,False,,,,,,,,,-0.05356827203564372,-0.03802617192015378,98.0,-0.04579722197789875,0.00777105005774497,0.038963083839024346,1.9844674545084815,6.6393778365523515,6.765486552095248,98.0,6.7024321943238,0.06305435777144791,0.3161467510836858,1.9844674545084815,156374437705992.56,346157462433505.94,98.0,251265950069749.25,94891512363756.67,475774306479470.94,1.9844674545084815,17.39683719556114,18.041810224696718,98.0,17.71932371012893,0.3224865145677889,1.6169074977887452,1.9844674545084815,6.312548922959473,6.516299570525788,98.0,6.41442424674263,0.10187532378315776,0.510790273154253,1.9844674545084815,99.0,0.9191919191919192,-0.11297770643406183,-0.08525897971096044,98.0,-0.09911834307251113,0.01385936336155069,0.06948913372053375,1.9844674545084815,RandomForestRegressor,"{'mode': 'original', 'type': 'RandomForestRegressor'}",19,"['nodes_T6W30', 're_T6W30', 'l1_T6W30', 'l2_T6W30', 'l3_T6W30', 'lcc_T6W30', 'lsc_T6W30', 'atd_T6W30', 'density_T6W30', 'diameter_T6W30', 'asp_T6W30', 'z_re_T6W30', 'z_pe_T6W30', 'z_l2_T6W30', 'z_l3_T6W30', 'z_lsc_T6W30', 'z_density_T6W30', 'z_diameter_T6W30', 'z_asp_T6W30']",-0.06650124856443258,-0.019063395632129266,98.0,-0.04278232209828092,0.023718926466151657,0.11892376366193386,1.9844674545084815,7.853815845380714,7.997254999207035,98.0,7.9255354222938745,0.07171957691316104,0.35959308811578305,1.9844674545084815,completed,False,COMPLETE
136,6.529759704974792,2026-06-12 21:01:00.580863,2026-06-12 21:01:02.558153,0 days 00:00:01.977290,,,,0.0013674069569182747,0.83704112524294,,,,,,,,,,ElasticNet,,,,,,7,,,,,,,,False,,,,,,,,,-0.02551236787868632,-0.012157861964426989,98.0,-0.018835114921556654,0.006677252957129666,0.03347892046117026,1.9844674545084815,6.472279567664149,6.587239842285435,98.0,6.529759704974792,0.05748013731064245,0.28819829913218814,1.9844674545084815,160244474966313.25,352751127600367.94,98.0,256497801283340.6,96253326317027.34,482602273207282.25,1.9844674545084815,17.24802621240045,18.080336181269853,98.0,17.664181196835152,0.4161549844347021,2.0865496204591945,1.9844674545084815,5.956678734963038,6.114002757468841,98.0,6.035340746215939,0.07866201125290168,0.3944015952308087,1.9844674545084815,99.0,0.797979797979798,-0.06429518288377105,-0.037597506474797995,98.0,-0.05094634467928452,0.01334883820448653,0.06692942372654175,1.9844674545084815,ElasticNet,"{'mode': 'original', 'type': 'ElasticNet'}",7,"['pe_T6W30', 'l2_T6W30', 'z_pe_T6W30', 'z_l2_T6W30', 'z_lsc_T6W30', 'z_diameter_T6W30', 'z_asp_T6W30']",-0.018393665208064906,0.034109489995593156,98.0,0.007857912393764124,0.02625157760182903,0.1316221632091159,1.9844674545084815,7.679162964964737,7.821178511522115,98.0,7.750170738243426,0.07100777327868849,0.35602419273088776,1.9844674545084815,completed,False,COMPLETE
137,6.475803556918923,2026-06-12 21:01:02.571359,2026-06-12 21:01:04.405788,0 days 00:00:01.834429,,,,0.6765873641051084,0.7884473432532987,,,,,,,,,,ElasticNet,,,,,,15,,,,,,,,True,,,,,,,,,-0.013045008426041897,-0.007546994380596851,98.0,-0.010296001403319373,0.002749007022722522,0.01378318120517754,1.9844674545084815,6.429111532237457,6.52249558160039,98.0,6.475803556918923,0.04669202468146664,0.23410803672080568,1.9844674545084815,173429116379677.2,381692447266793.4,98.0,277560781823235.28,104131665443558.1,522103291167313.1,1.9844674545084815,16.396855493056137,16.857730448631436,98.0,16.627292970843786,0.2304374777876493,1.1553850123182603,1.9844674545084815,6.20637779851352,6.364235977693907,98.0,6.2853068881037135,0.07892908959019317,0.3957406929808102,1.9844674545084815,99.0,0.5656565656565656,-0.01456216383215001,-0.005962754822367388,98.0,-0.010262459327258699,0.004299704504891311,0.021558186585111914,1.9844674545084815,ElasticNet,"{'mode': 'original', 'type': 'ElasticNet'}",15,"['nodes_T6W30', 're_T6W30', 'lcc_T6W30', 'atd_T6W30', 'density_T6W30', 'diameter_T6W30', 'asp_T6W30', 'z_pe_T6W30', 'z_l1_T6W30', 'z_l2_T6W30', 'z_l3_T6W30', 'z_lsc_T6W30', 'z_density_T6W30', 'z_diameter_T6W30', 'z_asp_T6W30']",-0.012138052788135423,0.034331882517005294,97.0,0.011096914864434934,0.023234967652570358,0.11589245606129348,1.9847231860139845,7.543776193126637,7.662306865180111,98.0,7.603041529153374,0.05926533602673705,0.29714906469509805,1.9844674545084815,completed,True,COMPLETE
138,6.465959787622359,2026-06-12 21:01:04.418023,2026-06-12 21:01:06.176274,0 days 00:00:01.758251,,,,7.655995024940027,0.11072059332631567,,,,,,,,,,ElasticNet,,,,,,10,,,,,,,,True,,,,,,,,,-0.010480548214273007,-0.007076590946166155,98.0,-0.00877856958021958,0.0017019786340534263,0.00853351036450473,1.9844674545084815,6.4221379155722556,6.509781659672463,98.0,6.465959787622359,0.04382187205010373,0.21971744641761562,1.9844674545084815,176991916861820.56,389422463086431.94,98.0,283207189974126.25,106215273112305.67,532550242310567.5,1.9844674545084815,16.314732242449303,16.77288602912418,98.0,16.54380913578674,0.22907689333743794,1.1485632101667191,1.9844674545084815,6.221380721206687,6.3883973686869595,98.0,6.304889044946823,0.0835083237401366,0.41870040663301444,1.9844674545084815,99.0,0.8080808080808081,-0.002764031275005856,-0.0011891896299920709,98.0,-0.0019766104524989634,0.0007874208225068924,0.003948030613102559,1.9844674545084815,ElasticNet,"{'mode': 'original', 'type': 'ElasticNet'}",10,"['nodes_T6W30', 're_T6W30', 'lcc_T6W30', 'atd_T6W30', 'density_T6W30', 'diameter_T6W30', 'asp_T6W30', 'z_l2_T6W30', 'z_diameter_T6W30', 'z_asp_T6W30']",0.002718800852934262,0.05270012833130573,62.0,0.027709464592119995,0.024990663739185733,0.09922965003090777,1.9989715170333788,7.514884214434803,7.629717331603059,98.0,7.572300773018931,0.057416558584128474,0.2878795232610852,1.9844674545084815,completed,True,COMPLETE
