number,value,datetime_start,datetime_complete,duration,params_dt_max_depth,params_dt_min_samples_leaf,params_dt_min_samples_split,params_elastic_alpha,params_elastic_l1_ratio,params_et_max_depth,params_et_max_features,params_et_min_samples_leaf,params_et_min_samples_split,params_et_n_estimators,params_knn_metric,params_knn_n_neighbors,params_knn_weights,params_quantile_alpha,params_regressor,params_rf_max_depth,params_rf_max_features,params_rf_min_samples_leaf,params_rf_min_samples_split,params_rf_n_estimators,params_rfe_n_features,params_rfe_proxy_et_max_depth,params_rfe_proxy_et_min_samples_leaf,params_rfe_proxy_et_min_samples_split,params_rfe_proxy_et_n_estimators,params_rfe_proxy_lsvr_C,params_rfe_proxy_lsvr_epsilon,params_rfe_proxy_type,params_use_scaler,params_xgb_booster,params_xgb_colsample_bytree,params_xgb_learning_rate,params_xgb_max_depth,params_xgb_n_estimators,params_xgb_reg_alpha,params_xgb_reg_lambda,params_xgb_subsample,user_attrs_d2mae_ci_lower_val,user_attrs_d2mae_ci_upper_val,user_attrs_d2mae_df_val,user_attrs_d2mae_mean_val,user_attrs_d2mae_samperror_val,user_attrs_d2mae_std_val,user_attrs_d2mae_t_critical_val,user_attrs_mae_ci_lower_val,user_attrs_mae_ci_upper_val,user_attrs_mae_df_val,user_attrs_mae_mean_val,user_attrs_mae_samperror_val,user_attrs_mae_std_val,user_attrs_mae_t_critical_val,user_attrs_mape_ci_lower_val,user_attrs_mape_ci_upper_val,user_attrs_mape_df_val,user_attrs_mape_mean_val,user_attrs_mape_samperror_val,user_attrs_mape_std_val,user_attrs_mape_t_critical_val,user_attrs_max_error_ci_lower_val,user_attrs_max_error_ci_upper_val,user_attrs_max_error_df_val,user_attrs_max_error_mean_val,user_attrs_max_error_samperror_val,user_attrs_max_error_std_val,user_attrs_max_error_t_critical_val,user_attrs_median_ae_ci_lower_val,user_attrs_median_ae_ci_upper_val,user_attrs_median_ae_df_val,user_attrs_median_ae_mean_val,user_attrs_median_ae_samperror_val,user_attrs_median_ae_std_val,user_attrs_median_ae_t_critical_val,user_attrs_n_splits_val,user_attrs_r2_below_zero_val,user_attrs_r2_ci_lower_val,user_attrs_r2_ci_upper_val,user_attrs_r2_df_val,user_attrs_r2_mean_val,user_attrs_r2_samperror_val,user_attrs_r2_std_val,user_attrs_r2_t_critical_val,user_attrs_regressor_final,user_attrs_rfe_estimator,user_attrs_rfe_n_features,user_attrs_rfe_selected_features,user_attrs_rho_ci_lower_val,user_attrs_rho_ci_upper_val,user_attrs_rho_df_val,user_attrs_rho_mean_val,user_attrs_rho_samperror_val,user_attrs_rho_std_val,user_attrs_rho_t_critical_val,user_attrs_rmse_ci_lower_val,user_attrs_rmse_ci_upper_val,user_attrs_rmse_df_val,user_attrs_rmse_mean_val,user_attrs_rmse_samperror_val,user_attrs_rmse_std_val,user_attrs_rmse_t_critical_val,user_attrs_termination_reason,user_attrs_use_scaler_final,state
188,6.433601667035733,2026-06-12 21:04:57.394747,2026-06-12 21:04:59.826029,0 days 00:00:02.431282,,,,,,,,,,,,,,0.009610996297600935,QuantileRegressor,,,,,,4,,,,,,,,True,,,,,,,,,-0.01040463142928701,0.002989525105347939,98.0,-0.003707553161969535,0.006697078267317474,0.03357832211438858,1.9844674545084815,6.372687129513521,6.494516204557945,98.0,6.433601667035733,0.060914537522212125,0.30541795701443103,1.9844674545084815,145395809097786.8,320814704751132.3,98.0,233105256924459.56,87709447826672.73,439764323193262.6,1.9844674545084815,17.7715781787191,18.464825655356474,98.0,18.118201917037787,0.34662373831868676,1.737928552299933,1.9844674545084815,5.811144958197169,6.030834907258419,98.0,5.920989932727794,0.10984497453062474,0.5507491162879191,1.9844674545084815,99.0,0.7777777777777778,-0.07366067008167312,-0.04530538225032927,98.0,-0.05948302616600119,0.014177643915671926,0.0710849530528513,1.9844674545084815,QuantileRegressor,"{'mode': 'original', 'type': 'QuantileRegressor'}",4,"['l1_T6W30', 'density_T6W30', 'z_l3_T6W30', 'z_lsc_T6W30']",0.03595282441314471,0.08441396145722829,98.0,0.0601833929351865,0.024230568522041796,0.12148907364849738,1.9844674545084815,7.706982730812373,7.855765187853939,98.0,7.781373959333156,0.0743912285207827,0.37298841883723177,1.9844674545084815,completed,True,COMPLETE
189,6.540811548738384,2026-06-12 21:04:59.839626,2026-06-12 21:05:24.025958,0 days 00:00:24.186332,,,,,,19.0,log2,4.0,2.0,425.0,,,,,ExtraTreesRegressor,,,,,,8,,,,,,,,True,,,,,,,,,-0.026240621625863284,-0.014862601301714894,98.0,-0.020551611463789088,0.005689010162074194,0.0285239933160694,1.9844674545084815,6.487641529986414,6.593981567490355,98.0,6.540811548738384,0.05317001875197035,0.26658789776946573,1.9844674545084815,168209832932035.72,370773079100724.5,98.0,269491456016380.12,101281623084344.4,507813531281370.9,1.9844674545084815,16.887936050445937,17.53377503288366,98.0,17.2108555416648,0.3229194912188603,1.6190783891651588,1.9844674545084815,6.258439404029305,6.45832170199926,98.0,6.358380553014283,0.09994114898497738,0.5010925599416451,1.9844674545084815,99.0,0.8080808080808081,-0.05923330427693154,-0.03888951085514857,98.0,-0.049061407566040056,0.010171896710891486,0.05100063201283365,1.9844674545084815,ExtraTreesRegressor,"{'mode': 'original', 'type': 'ExtraTreesRegressor'}",8,"['nodes_T6W30', 're_T6W30', 'lcc_T6W30', 'atd_T6W30', 'density_T6W30', 'diameter_T6W30', 'asp_T6W30', 'z_l2_T6W30']",-0.024961879907513702,0.019050918396614144,98.0,-0.0029554807554497803,0.022006399152063923,0.11033736352043456,1.9844674545084815,7.6801082033603985,7.809744096760473,98.0,7.744926150060436,0.06481794670003672,0.32498916784481535,1.9844674545084815,completed,True,COMPLETE
190,8.16685866081546,2026-06-12 21:05:24.041049,2026-06-12 21:05:24.187315,0 days 00:00:00.146266,8.0,2.0,3.0,,,,,,,,,,,,DecisionTreeRegressor,,,,,,21,,,,,,,,False,,,,,,,,,,,,,,,,,,,,,,,,,,,,,,,,,,,,,,,,,,,,,,,,,,,,,DecisionTreeRegressor,"{'mode': 'original', 'type': 'DecisionTreeRegressor'}",21,"['edges_T6W30', 're_T6W30', 'pe_T6W30', 'l1_T6W30', 'l2_T6W30', 'l3_T6W30', 'lcc_T6W30', 'lsc_T6W30', 'atd_T6W30', 'density_T6W30', 'diameter_T6W30', 'asp_T6W30', 'z_re_T6W30', 'z_pe_T6W30', 'z_l1_T6W30', 'z_l2_T6W30', 'z_l3_T6W30', 'z_lsc_T6W30', 'z_density_T6W30', 'z_diameter_T6W30', 'z_asp_T6W30']",,,,,,,,,,,,,,,pruned,False,PRUNED
191,6.763145330892374,2026-06-12 21:05:24.233001,2026-06-12 21:05:24.511016,0 days 00:00:00.278015,,,,,,,,,,,manhattan,6.0,distance,,KNeighborsRegressor,,,,,,9,10.0,3.0,9.0,40.0,,,ExtraTrees,,,,,,,,,,,,,,,,,,,,,,,,,,,,,,,,,,,,,,,,,,,,,,,,,,,,,,KNeighborsRegressor,"{'mode': 'proxy', 'type': 'ExtraTrees'}",9,"['re_T6W30', 'l1_T6W30', 'lsc_T6W30', 'atd_T6W30', 'density_T6W30', 'asp_T6W30', 'z_pe_T6W30', 'z_l2_T6W30', 'z_lsc_T6W30']",,,,,,,,,,,,,,,pruned,True,PRUNED
192,6.554192420821966,2026-06-12 21:05:24.520811,2026-06-12 21:05:52.968965,0 days 00:00:28.448154,,,,,,,,,,,,,,,XGBRegressor,,,,,,22,,,,,,,,True,gbtree,0.7995222935751908,0.005450361842724383,10.0,84.0,0.0041005206621905965,0.006863464331724661,0.5460334930412377,-0.02680629865282557,-0.018452883985912723,98.0,-0.022629591319369147,0.004176707333456422,0.020941493980255493,1.9844674545084815,6.506478316477448,6.601906525166484,98.0,6.554192420821966,0.04771410434451839,0.2392326177369783,1.9844674545084815,168940020869381.78,372088334407445.75,98.0,270514177638413.78,101574156769032.0,509280258994810.5,1.9844674545084815,16.664591130599963,17.176605738758912,98.0,16.920598434679437,0.25600730407947403,1.2835889587803886,1.9844674545084815,6.2340211329480155,6.372171638886542,98.0,6.303096385917279,0.069075252969263,0.34633477492026415,1.9844674545084815,99.0,0.8686868686868687,-0.04010114945138636,-0.02795277032353498,98.0,-0.03402695988746067,0.006074189563925691,0.03045523519662423,1.9844674545084815,XGBRegressor,"{'mode': 'original', 'type': 'XGBRegressor'}",22,"['nodes_T6W30', 'edges_T6W30', 're_T6W30', 'pe_T6W30', 'l1_T6W30', 'l2_T6W30', 'l3_T6W30', 'lcc_T6W30', 'lsc_T6W30', 'atd_T6W30', 'density_T6W30', 'diameter_T6W30', 'asp_T6W30', 'z_re_T6W30', 'z_pe_T6W30', 'z_l1_T6W30', 'z_l2_T6W30', 'z_l3_T6W30', 'z_lsc_T6W30', 'z_density_T6W30', 'z_diameter_T6W30', 'z_asp_T6W30']",-0.09221833698012594,-0.04068932321896679,98.0,-0.06645383009954636,0.025764506880579574,0.1291800508553726,1.9844674545084815,7.631689978569248,7.75039134954607,98.0,7.691040664057659,0.05935068548841158,0.29757699633961576,1.9844674545084815,completed,True,COMPLETE
193,7.549195476606781,2026-06-12 21:05:52.996268,2026-06-12 21:05:55.243672,0 days 00:00:02.247404,,,,,,,,,,,,,,,XGBRegressor,,,,,,2,,,,,,,,True,gbtree,0.6013163170676716,0.066755502433454,10.0,119.0,0.0019421055975565888,0.02042943471222008,0.9414969124148865,,,,,,,,,,,,,,,,,,,,,,,,,,,,,,,,,,,,,,,,,,,,,XGBRegressor,"{'mode': 'original', 'type': 'XGBRegressor'}",2,"['z_density_T6W30', 'z_diameter_T6W30']",,,,,,,,,,,,,,,pruned,True,PRUNED
194,6.618951613181923,2026-06-12 21:05:55.300394,2026-06-12 21:06:02.628796,0 days 00:00:07.328402,,,,,,,,,,,,,,,RandomForestRegressor,10.0,sqrt,4.0,3.0,53.0,11,,,,,,,,True,,,,,,,,,-0.041111117515576445,-0.02434814106424385,98.0,-0.03272962928991015,0.0083814882256663,0.04202374531186539,1.9844674545084815,6.551923491245515,6.685979735118331,98.0,6.618951613181923,0.06702812193640856,0.3360707131178206,1.9844674545084815,158332839849977.53,351110034700051.1,98.0,254721437275014.34,96388597425036.81,483280505812040.44,1.9844674545084815,17.615696562143736,18.28632120746744,98.0,17.95100888480559,0.33531232266185385,1.681214513231817,1.9844674545084815,6.165187560603745,6.394827194700709,98.0,6.280007377652227,0.11481981704848199,0.5756923613666238,1.9844674545084815,99.0,0.8585858585858586,-0.1034329893013562,-0.07179346614846317,98.0,-0.08761322772490969,0.015819761576446514,0.0793183279011494,1.9844674545084815,RandomForestRegressor,"{'mode': 'original', 'type': 'RandomForestRegressor'}",11,"['l1_T6W30', 'l2_T6W30', 'l3_T6W30', 'lsc_T6W30', 'atd_T6W30', 'density_T6W30', 'diameter_T6W30', 'asp_T6W30', 'z_pe_T6W30', 'z_l2_T6W30', 'z_density_T6W30']",-0.014254132752513993,0.0345347072712935,98.0,0.010140287259389752,0.024394420011903745,0.12231060475294285,1.9844674545084815,7.806659940886909,7.95833175267605,98.0,7.882495846781479,0.07583590589457055,0.38023185250668,1.9844674545084815,completed,True,COMPLETE
195,6.75782174679478,2026-06-12 21:06:02.656867,2026-06-12 21:06:04.658910,0 days 00:00:02.002043,,,,,,,,,,,,,,,LinearRegression,,,,,,17,,,,,,,,False,,,,,,,,,-0.06602986243630121,-0.04279411542949996,98.0,-0.054411988932900585,0.011617873503400624,0.05825058080703378,1.9844674545084815,6.673568998888003,6.842074494701556,98.0,6.75782174679478,0.08425274790677685,0.4224328573315776,1.9844674545084815,156778076491958.38,345523698752017.94,98.0,251150887621988.16,94372811130029.78,473173602648337.6,1.9844674545084815,18.059725570275127,19.209531723778866,98.0,18.634628647026997,0.5749030767518705,2.882492920821087,1.9844674545084815,6.019734356880629,6.2948685980413925,98.0,6.157301477461011,0.1375671205803822,0.689744527809926,1.9844674545084815,99.0,0.898989898989899,-0.17816880893668172,-0.1264722688424492,98.0,-0.15232053888956545,0.02584827004711627,0.12960002901226772,1.9844674545084815,LinearRegression,"{'mode': 'original', 'type': 'LinearRegression'}",17,"['nodes_T6W30', 're_T6W30', 'pe_T6W30', 'l1_T6W30', 'l2_T6W30', 'lcc_T6W30', 'atd_T6W30', 'density_T6W30', 'diameter_T6W30', 'asp_T6W30', 'z_pe_T6W30', 'z_l1_T6W30', 'z_l2_T6W30', 'z_l3_T6W30', 'z_lsc_T6W30', 'z_diameter_T6W30', 'z_asp_T6W30']",-0.03657042291857839,0.019029909194475413,98.0,-0.00877025686205149,0.027800166056526902,0.13938659418616295,1.9844674545084815,8.00354549892642,8.209584031530637,98.0,8.106564765228528,0.10301926630210897,0.5165258594574834,1.9844674545084815,completed,False,COMPLETE
196,6.468530685128635,2026-06-12 21:06:04.671098,2026-06-12 21:06:06.816352,0 days 00:00:02.145254,,,,,,,,,,,,,,,XGBRegressor,,,,,,17,,,,,,,,False,gblinear,0.9114919025208837,0.11941144217950807,10.0,86.0,2.4796739133918027,0.0007911989368573516,0.9025451592478313,-0.010838388541066939,-0.007533868782542732,98.0,-0.009186128661804835,0.0016522598792621031,0.008284226677369614,1.9844674545084815,6.425014538328891,6.512046831928379,98.0,6.468530685128635,0.043516146799743846,0.21818457782547385,1.9844674545084815,177419236940719.84,390358230798959.0,98.0,283888733869839.44,106469496929119.6,533824889084786.4,1.9844674545084815,16.30109012005722,16.755533281006638,98.0,16.52831170053193,0.2272215804747096,1.1392609009445493,1.9844674545084815,6.205775292841113,6.373387690138093,98.0,6.289581491489603,0.08380619864848934,0.42019391458129,1.9844674545084815,99.0,1.0,-0.0020918304280213573,-0.0012107687988393476,98.0,-0.0016512996134303525,0.0004405308145910048,0.0022087670179754115,1.9844674545084815,XGBRegressor,"{'mode': 'original', 'type': 'XGBRegressor'}",17,"['l2_T6W30', 'l3_T6W30', 'lcc_T6W30', 'lsc_T6W30', 'atd_T6W30', 'density_T6W30', 'diameter_T6W30', 'asp_T6W30', 'z_re_T6W30', 'z_pe_T6W30', 'z_l1_T6W30', 'z_l2_T6W30', 'z_l3_T6W30', 'z_lsc_T6W30', 'z_density_T6W30', 'z_diameter_T6W30', 'z_asp_T6W30']",,,,,,,,7.513725750103782,7.62843343635113,98.0,7.571079593227456,0.05735384312367405,0.28756507569923306,1.9844674545084815,completed,False,COMPLETE
197,6.471330584780198,2026-06-12 21:06:06.828985,2026-06-12 21:06:26.747532,0 days 00:00:19.918547,,,,,,16.0,log2,4.0,6.0,350.0,,,,,ExtraTreesRegressor,,,,,,11,,,,,,,,False,,,,,,,,,-0.015059823389648602,-0.004269164266628103,98.0,-0.009664493828138353,0.00539532956151025,0.027051515108280265,1.9844674545084815,6.418095772952937,6.524565396607458,98.0,6.471330584780198,0.05323481182726041,0.26691276223513716,1.9844674545084815,163866100985058.38,361122460910262.44,98.0,262494280947660.4,98628179962602.03,494509495656031.94,1.9844674545084815,16.807852291132335,17.3980645061036,98.0,17.102958398617968,0.29510610748563226,1.4796255231828244,1.9844674545084815,6.177055306984632,6.364402245063332,98.0,6.270728776023982,0.09367346903935068,0.46966718790273565,1.9844674545084815,99.0,0.7171717171717171,-0.037182088937129355,-0.01928841268909519,98.0,-0.028235250813112272,0.008946838124017082,0.04485833977775375,1.9844674545084815,ExtraTreesRegressor,"{'mode': 'original', 'type': 'ExtraTreesRegressor'}",11,"['nodes_T6W30', 're_T6W30', 'l2_T6W30', 'lcc_T6W30', 'atd_T6W30', 'density_T6W30', 'diameter_T6W30', 'asp_T6W30', 'z_pe_T6W30', 'z_l2_T6W30', 'z_density_T6W30']",0.01555177038261658,0.058004029870882864,98.0,0.036777900126749724,0.021226129744133144,0.1064251892155048,1.9844674545084815,7.60479920720602,7.732003347042494,98.0,7.668401277124257,0.06360206991823673,0.31889291204474096,1.9844674545084815,completed,False,COMPLETE
198,6.482983165280314,2026-06-12 21:06:26.760327,2026-06-12 21:06:28.427157,0 days 00:00:01.666830,,,,0.02854162178907665,0.9271106288584273,,,,,,,,,,ElasticNet,,,,,,4,,,,,,,,True,,,,,,,,,-0.015283155853059012,-0.007647182610241954,98.0,-0.011465169231650483,0.0038179866214085286,0.019142912697873115,1.9844674545084815,6.434816881289635,6.531149449270993,98.0,6.482983165280314,0.04816628399067937,0.24149979055567755,1.9844674545084815,167115784439820.72,367967024060255.75,98.0,267541404250038.22,100425619810217.5,503521636738361.8,1.9844674545084815,16.601102008074285,17.13883091955178,98.0,16.869966463813032,0.26886445573874596,1.348053126982727,1.9844674545084815,6.110462912202387,6.286672113416875,98.0,6.198567512809631,0.08810460060724463,0.44174557036117934,1.9844674545084815,99.0,0.6767676767676768,-0.027910983999317435,-0.013611996576029545,98.0,-0.02076149028767349,0.007149493711643946,0.03584667719592527,1.9844674545084815,ElasticNet,"{'mode': 'original', 'type': 'ElasticNet'}",4,"['l3_T6W30', 'z_l3_T6W30', 'z_diameter_T6W30', 'z_asp_T6W30']",-0.024674458055935992,0.022919853622550303,98.0,-0.000877302216692843,0.023797155839243148,0.11931599606293355,1.9844674545084815,7.579693511167132,7.703148795595851,98.0,7.641421153381492,0.061727642214359744,0.30949476337324183,1.9844674545084815,completed,True,COMPLETE
199,6.8534987197505295,2026-06-12 21:06:28.439800,2026-06-12 21:06:30.132271,0 days 00:00:01.692471,,,,,,,,,,,,,,,LinearRegression,,,,,,19,,,,,,,,False,,,,,,,,,-0.08057251781942042,-0.058229370990621074,98.0,-0.06940094440502075,0.011171573414399668,0.05601288736073081,1.9844674545084815,6.77274686941864,6.934250570082419,98.0,6.8534987197505295,0.08075185033189,0.40487978989428774,1.9844674545084815,162947968989060.97,359870760236961.6,98.0,261409364613011.3,98461395623950.34,493673259610499.7,1.9844674545084815,18.46215476400047,19.654984710151805,98.0,19.058569737076137,0.5964149730756688,2.9903509083224282,1.9844674545084815,6.122809599185172,6.395780423206435,98.0,6.259295011195803,0.13648541201063108,0.6843209748306734,1.9844674545084815,99.0,0.9595959595959596,-0.20956687630888324,-0.1589670764682997,98.0,-0.18426697638859146,0.025299899920291767,0.1268505690206949,1.9844674545084815,LinearRegression,"{'mode': 'original', 'type': 'LinearRegression'}",19,"['nodes_T6W30', 're_T6W30', 'pe_T6W30', 'l1_T6W30', 'l2_T6W30', 'l3_T6W30', 'lcc_T6W30', 'atd_T6W30', 'density_T6W30', 'diameter_T6W30', 'asp_T6W30', 'z_pe_T6W30', 'z_l1_T6W30', 'z_l2_T6W30', 'z_l3_T6W30', 'z_lsc_T6W30', 'z_density_T6W30', 'z_diameter_T6W30', 'z_asp_T6W30']",-0.0707224667328816,-0.017424130785120003,98.0,-0.044073298759000804,0.0266491679738808,0.13361563215922292,1.9844674545084815,8.118503157641355,8.318980970993723,98.0,8.218742064317539,0.10023890667618353,0.5025854801776455,1.9844674545084815,completed,False,COMPLETE
200,6.8097840379981065,2026-06-12 21:06:30.144702,2026-06-12 21:06:31.930369,0 days 00:00:01.785667,,,,,,,,,,,,,,,LinearRegression,,,,,,18,,,,,,,,False,,,,,,,,,-0.07412919194520003,-0.0509718940581803,98.0,-0.06255054300169016,0.011578648943509864,0.05805391371517156,1.9844674545084815,6.726256174292165,6.893311901704048,98.0,6.8097840379981065,0.08352786370594141,0.41879837760478883,1.9844674545084815,162620484440177.53,359076431730146.4,98.0,260848458085161.97,98227973644984.44,492502910678407.2,1.9844674545084815,18.205127354656234,19.369981465020167,98.0,18.7875544098382,0.5824270551819666,2.9202172180777586,1.9844674545084815,6.0827063609599605,6.3569997186506,98.0,6.2198530398052805,0.1371466788453203,0.6876364849520223,1.9844674545084815,99.0,0.9191919191919192,-0.19492301343966617,-0.14338935104355915,98.0,-0.16915618224161266,0.0257668311980535,0.1291917046957072,1.9844674545084815,LinearRegression,"{'mode': 'original', 'type': 'LinearRegression'}",18,"['nodes_T6W30', 're_T6W30', 'pe_T6W30', 'l1_T6W30', 'l2_T6W30', 'lcc_T6W30', 'atd_T6W30', 'density_T6W30', 'diameter_T6W30', 'asp_T6W30', 'z_pe_T6W30', 'z_l1_T6W30', 'z_l2_T6W30', 'z_l3_T6W30', 'z_lsc_T6W30', 'z_density_T6W30', 'z_diameter_T6W30', 'z_asp_T6W30']",-0.056691935473732566,-0.0016048267573269374,98.0,-0.02914838111552975,0.027543554358202813,0.13809997486939365,1.9844674545084815,8.06423667968626,8.266324203737344,98.0,8.165280441711802,0.10104376202554129,0.5066209253520153,1.9844674545084815,completed,False,COMPLETE
201,6.372922012725129,2026-06-12 21:06:31.944561,2026-06-12 21:06:34.446587,0 days 00:00:02.502026,,,,,,,,,,,,,,0.05845961471326635,QuantileRegressor,,,,,,12,,,,,,,,False,,,,,,,,,0.002703314393026966,0.008991133217926713,98.0,0.00584722380547684,0.003143909412449874,0.01576317294436894,1.9844674545084815,6.322840985371467,6.423003040078791,98.0,6.372922012725129,0.050081027353661725,0.25110007695555,1.9844674545084815,156194563086665.25,343740449721785.8,98.0,249967506404225.53,93772943317560.27,470165939630353.7,1.9844674545084815,17.34685251530984,17.895494598421635,98.0,17.621173556865738,0.27432104155589776,1.3754117733804072,1.9844674545084815,5.842272045332551,6.026194135978896,98.0,5.934233090655724,0.09196104532317229,0.46108130718834045,1.9844674545084815,99.0,0.696969696969697,-0.029160495016391626,-0.016413338972838323,98.0,-0.022786916994614975,0.0063735780217766495,0.03195633189488281,1.9844674545084815,QuantileRegressor,"{'mode': 'original', 'type': 'QuantileRegressor'}",12,"['nodes_T6W30', 'diameter_T6W30', 'asp_T6W30', 'z_re_T6W30', 'z_pe_T6W30', 'z_l1_T6W30', 'z_l2_T6W30', 'z_l3_T6W30', 'z_lsc_T6W30', 'z_density_T6W30', 'z_diameter_T6W30', 'z_asp_T6W30']",0.06177611839354204,0.11018966418464039,86.0,0.08598289128909122,0.024206772895549178,0.11357807805721518,1.98793420623902,7.5866258810714,7.712935034283144,98.0,7.649780457677272,0.06315457660587268,0.3166492359240774,1.9844674545084815,completed,False,COMPLETE
202,6.498661684411648,2026-06-12 21:06:34.460285,2026-06-12 21:06:36.280843,0 days 00:00:01.820558,,,,0.000787528498540362,0.6939495905101568,,,,,,,,,,ElasticNet,,,,,,6,,,,,,,,False,,,,,,,,,-0.020603000117080165,-0.0073371225142194315,98.0,-0.013970061315649799,0.006632938801430367,0.03325673476542293,1.9844674545084815,6.441017599096448,6.556305769726847,98.0,6.498661684411648,0.05764408531519929,0.2890203141493765,1.9844674545084815,160762506740144.56,353918227792201.3,98.0,257340367266172.94,96577860526028.38,484229447591693.25,1.9844674545084815,17.049670795933693,17.72094865850653,98.0,17.38530972722011,0.3356389312864173,1.682852088479287,1.9844674545084815,5.927263101484011,6.091973443114896,98.0,6.009618272299454,0.08235517081544233,0.4129186404945632,1.9844674545084815,99.0,0.7373737373737373,-0.05297084852759249,-0.026813841860880906,98.0,-0.0398923451942367,0.013078503333355791,0.06557399811864965,1.9844674545084815,ElasticNet,"{'mode': 'original', 'type': 'ElasticNet'}",6,"['pe_T6W30', 'l2_T6W30', 'z_pe_T6W30', 'z_lsc_T6W30', 'z_diameter_T6W30', 'z_asp_T6W30']",-0.00655464233365043,0.04829136213409592,98.0,0.020868359900222743,0.027423002233873173,0.13749554142831102,1.9844674545084815,7.639467009891435,7.7790352409109875,98.0,7.709251125401211,0.0697841155097763,0.34988892402381244,1.9844674545084815,completed,False,COMPLETE
