number,value,datetime_start,datetime_complete,duration,params_dt_max_depth,params_dt_min_samples_leaf,params_dt_min_samples_split,params_elastic_alpha,params_elastic_l1_ratio,params_et_max_depth,params_et_max_features,params_et_min_samples_leaf,params_et_min_samples_split,params_et_n_estimators,params_knn_metric,params_knn_n_neighbors,params_knn_weights,params_quantile_alpha,params_regressor,params_rf_max_depth,params_rf_max_features,params_rf_min_samples_leaf,params_rf_min_samples_split,params_rf_n_estimators,params_rfe_n_features,params_rfe_proxy_et_max_depth,params_rfe_proxy_et_min_samples_leaf,params_rfe_proxy_et_min_samples_split,params_rfe_proxy_et_n_estimators,params_rfe_proxy_lsvr_C,params_rfe_proxy_lsvr_epsilon,params_rfe_proxy_type,params_use_scaler,params_xgb_booster,params_xgb_colsample_bytree,params_xgb_learning_rate,params_xgb_max_depth,params_xgb_n_estimators,params_xgb_reg_alpha,params_xgb_reg_lambda,params_xgb_subsample,user_attrs_d2mae_ci_lower_val,user_attrs_d2mae_ci_upper_val,user_attrs_d2mae_df_val,user_attrs_d2mae_mean_val,user_attrs_d2mae_samperror_val,user_attrs_d2mae_std_val,user_attrs_d2mae_t_critical_val,user_attrs_mae_ci_lower_val,user_attrs_mae_ci_upper_val,user_attrs_mae_df_val,user_attrs_mae_mean_val,user_attrs_mae_samperror_val,user_attrs_mae_std_val,user_attrs_mae_t_critical_val,user_attrs_mape_ci_lower_val,user_attrs_mape_ci_upper_val,user_attrs_mape_df_val,user_attrs_mape_mean_val,user_attrs_mape_samperror_val,user_attrs_mape_std_val,user_attrs_mape_t_critical_val,user_attrs_max_error_ci_lower_val,user_attrs_max_error_ci_upper_val,user_attrs_max_error_df_val,user_attrs_max_error_mean_val,user_attrs_max_error_samperror_val,user_attrs_max_error_std_val,user_attrs_max_error_t_critical_val,user_attrs_median_ae_ci_lower_val,user_attrs_median_ae_ci_upper_val,user_attrs_median_ae_df_val,user_attrs_median_ae_mean_val,user_attrs_median_ae_samperror_val,user_attrs_median_ae_std_val,user_attrs_median_ae_t_critical_val,user_attrs_n_splits_val,user_attrs_r2_below_zero_val,user_attrs_r2_ci_lower_val,user_attrs_r2_ci_upper_val,user_attrs_r2_df_val,user_attrs_r2_mean_val,user_attrs_r2_samperror_val,user_attrs_r2_std_val,user_attrs_r2_t_critical_val,user_attrs_regressor_final,user_attrs_rfe_estimator,user_attrs_rfe_n_features,user_attrs_rfe_selected_features,user_attrs_rho_ci_lower_val,user_attrs_rho_ci_upper_val,user_attrs_rho_df_val,user_attrs_rho_mean_val,user_attrs_rho_samperror_val,user_attrs_rho_std_val,user_attrs_rho_t_critical_val,user_attrs_rmse_ci_lower_val,user_attrs_rmse_ci_upper_val,user_attrs_rmse_df_val,user_attrs_rmse_mean_val,user_attrs_rmse_samperror_val,user_attrs_rmse_std_val,user_attrs_rmse_t_critical_val,user_attrs_termination_reason,user_attrs_use_scaler_final,state
91,6.965817861054389,2026-06-12 20:57:34.022811,2026-06-12 20:57:35.712526,0 days 00:00:01.689715,,,,,,,,,,,,,,,LinearRegression,,,,,,22,,,,,,,,True,,,,,,,,,-0.09945270766507086,-0.07454666486827036,98.0,-0.08699968626667061,0.012453021398400254,0.06243790905856455,1.9844674545084815,6.879193041523335,7.052442680585443,98.0,6.965817861054389,0.08662481953105423,0.43432613106963275,1.9844674545084815,163392545175109.4,360595192436492.1,98.0,261993868805800.78,98601323630691.38,494374841329516.56,1.9844674545084815,18.864932383689258,20.159332257463504,98.0,19.51213232057638,0.6471999368871229,3.2449804356120384,1.9844674545084815,6.174085240703209,6.4545109914406416,98.0,6.314298116071925,0.14021287536871627,0.7030100150824754,1.9844674545084815,99.0,0.9696969696969697,-0.2534169508122856,-0.19772055553814075,98.0,-0.22556875317521316,0.027848197637072417,0.13962741859030517,1.9844674545084815,LinearRegression,"{'mode': 'original', 'type': 'LinearRegression'}",22,"['nodes_T6W30', 'edges_T6W30', 're_T6W30', 'pe_T6W30', 'l1_T6W30', 'l2_T6W30', 'l3_T6W30', 'lcc_T6W30', 'lsc_T6W30', 'atd_T6W30', 'density_T6W30', 'diameter_T6W30', 'asp_T6W30', 'z_re_T6W30', 'z_pe_T6W30', 'z_l1_T6W30', 'z_l2_T6W30', 'z_l3_T6W30', 'z_lsc_T6W30', 'z_density_T6W30', 'z_diameter_T6W30', 'z_asp_T6W30']",-0.10508391071372074,-0.051618624356954926,98.0,-0.07835126753533783,0.026732643178382903,0.13403416651009273,1.9844674545084815,8.253184726666978,8.464500032579037,98.0,8.358842379623008,0.10565765295603002,0.5297544038154025,1.9844674545084815,completed,True,COMPLETE
92,6.623433211668505,2026-06-12 20:57:35.729768,2026-06-12 20:57:37.429745,0 days 00:00:01.699977,,,,,,,,,,,minkowski,14.0,uniform,,KNeighborsRegressor,,,,,,9,,,,,0.0010544710041137256,0.0019876655910112248,LinearSVR,,,,,,,,,,-0.04091146140106633,-0.02574057949416088,98.0,-0.033326020447613604,0.0075854409534527245,0.03803246274688283,1.9844674545084815,6.5580910750037695,6.688775348333241,98.0,6.623433211668505,0.06534213666473557,0.3276173914941767,1.9844674545084815,171320954359690.25,379284653253358.1,98.0,275302803806524.2,103981849446833.95,521352132289502.0,1.9844674545084815,17.620643771161568,18.31586416534637,98.0,17.96825396825397,0.3476101970923993,1.7428745345826746,1.9844674545084815,6.1158584490113705,6.3127129795600565,98.0,6.2142857142857135,0.09842726527434291,0.49350213425892847,1.9844674545084815,99.0,0.8585858585858586,-0.09420782590453126,-0.0667355130528871,98.0,-0.08047166947870918,0.013736156425822087,0.06887138938345302,1.9844674545084815,KNeighborsRegressor,"{'mode': 'proxy', 'type': 'LinearSVR'}",9,"['nodes_T6W30', 'l3_T6W30', 'lcc_T6W30', 'lsc_T6W30', 'atd_T6W30', 'density_T6W30', 'z_re_T6W30', 'z_l3_T6W30', 'z_lsc_T6W30']",-0.046130532107390466,0.006325726142780111,98.0,-0.019902402982305178,0.02622812912508529,0.13150459544691198,1.9844674545084815,7.782546175472343,7.936080561566805,98.0,7.859313368519574,0.07676719304723112,0.3849012111052848,1.9844674545084815,completed,True,COMPLETE
93,6.436202481511988,2026-06-12 20:57:37.473770,2026-06-12 20:57:39.534918,0 days 00:00:02.061148,,,,0.1251560159806257,0.46349404380057235,,,,,,,,,,ElasticNet,,,,,,9,,,,,,,,False,,,,,,,,,-0.008022976382123459,-0.00017819748986140378,98.0,-0.004100586935992432,0.003922389446131028,0.019666375548127113,1.9844674545084815,6.3858459095122955,6.486559053511681,98.0,6.436202481511988,0.050356571999692866,0.2524816237304296,1.9844674545084815,169303297649388.62,372607289570784.9,98.0,270955293610086.75,101651995960698.14,509670535074402.5,1.9844674545084815,16.294915602881613,16.818385392007922,98.0,16.556650497444767,0.2617348945631558,1.31230638905725,1.9844674545084815,6.0957118460713104,6.250065496604339,98.0,6.172888671337825,0.0771768252665142,0.3869550563880321,1.9844674545084815,99.0,0.5555555555555556,-0.015572369526617199,-0.0018426972261537614,98.0,-0.00870753337638548,0.006864836150231719,0.03441943939044197,1.9844674545084815,ElasticNet,"{'mode': 'original', 'type': 'ElasticNet'}",9,"['nodes_T6W30', 're_T6W30', 'l2_T6W30', 'diameter_T6W30', 'z_pe_T6W30', 'z_l2_T6W30', 'z_lsc_T6W30', 'z_density_T6W30', 'z_asp_T6W30']",0.03867358357820454,0.08416880875436242,98.0,0.06142119616628348,0.02274761258807894,0.11405371601275718,1.9844674545084815,7.534872325767815,7.657756309679782,98.0,7.596314317723799,0.06144199195598311,0.3080625483079592,1.9844674545084815,completed,False,COMPLETE
94,6.8097840379981065,2026-06-12 20:57:39.548434,2026-06-12 20:57:41.351680,0 days 00:00:01.803246,,,,,,,,,,,,,,,LinearRegression,,,,,,18,,,,,,,,False,,,,,,,,,-0.07412919194520003,-0.0509718940581803,98.0,-0.06255054300169016,0.011578648943509864,0.05805391371517156,1.9844674545084815,6.726256174292165,6.893311901704048,98.0,6.8097840379981065,0.08352786370594141,0.41879837760478883,1.9844674545084815,162620484440177.53,359076431730146.4,98.0,260848458085161.97,98227973644984.44,492502910678407.2,1.9844674545084815,18.205127354656234,19.369981465020167,98.0,18.7875544098382,0.5824270551819666,2.9202172180777586,1.9844674545084815,6.0827063609599605,6.3569997186506,98.0,6.2198530398052805,0.1371466788453203,0.6876364849520223,1.9844674545084815,99.0,0.9191919191919192,-0.19492301343966617,-0.14338935104355915,98.0,-0.16915618224161266,0.0257668311980535,0.1291917046957072,1.9844674545084815,LinearRegression,"{'mode': 'original', 'type': 'LinearRegression'}",18,"['nodes_T6W30', 're_T6W30', 'pe_T6W30', 'l1_T6W30', 'l2_T6W30', 'lcc_T6W30', 'atd_T6W30', 'density_T6W30', 'diameter_T6W30', 'asp_T6W30', 'z_pe_T6W30', 'z_l1_T6W30', 'z_l2_T6W30', 'z_l3_T6W30', 'z_lsc_T6W30', 'z_density_T6W30', 'z_diameter_T6W30', 'z_asp_T6W30']",-0.056691935473732566,-0.0016048267573269374,98.0,-0.02914838111552975,0.027543554358202813,0.13809997486939365,1.9844674545084815,8.06423667968626,8.266324203737344,98.0,8.165280441711802,0.10104376202554129,0.5066209253520153,1.9844674545084815,completed,False,COMPLETE
95,6.86638429528044,2026-06-12 20:57:41.438457,2026-06-12 20:57:41.661427,0 days 00:00:00.222970,,,,,,,,,,,,,,0.00020014140832964604,QuantileRegressor,,,,,,21,,,,,,,,False,,,,,,,,,,,,,,,,,,,,,,,,,,,,,,,,,,,,,,,,,,,,,,,,,,,,,QuantileRegressor,"{'mode': 'original', 'type': 'QuantileRegressor'}",21,"['nodes_T6W30', 'edges_T6W30', 're_T6W30', 'pe_T6W30', 'l1_T6W30', 'l2_T6W30', 'l3_T6W30', 'lcc_T6W30', 'lsc_T6W30', 'density_T6W30', 'diameter_T6W30', 'asp_T6W30', 'z_re_T6W30', 'z_pe_T6W30', 'z_l1_T6W30', 'z_l2_T6W30', 'z_l3_T6W30', 'z_lsc_T6W30', 'z_density_T6W30', 'z_diameter_T6W30', 'z_asp_T6W30']",,,,,,,,,,,,,,,pruned,False,PRUNED
96,7.27326797385621,2026-06-12 20:57:41.671520,2026-06-12 20:57:41.809616,0 days 00:00:00.138096,15.0,3.0,7.0,,,,,,,,,,,,DecisionTreeRegressor,,,,,,4,,,,,,,,False,,,,,,,,,,,,,,,,,,,,,,,,,,,,,,,,,,,,,,,,,,,,,,,,,,,,,DecisionTreeRegressor,"{'mode': 'original', 'type': 'DecisionTreeRegressor'}",4,"['pe_T6W30', 'atd_T6W30', 'z_pe_T6W30', 'z_lsc_T6W30']",,,,,,,,,,,,,,,pruned,False,PRUNED
97,6.554127738764169,2026-06-12 20:57:41.818897,2026-06-12 20:58:04.073435,0 days 00:00:22.254538,,,,,,12.0,sqrt,4.0,2.0,413.0,,,,,ExtraTreesRegressor,,,,,,20,,,,,,,,True,,,,,,,,,-0.028114605802036896,-0.017094751365665864,98.0,-0.02260467858385138,0.005509927218185518,0.02762609358501316,1.9844674545084815,6.500674429046512,6.607581048481826,98.0,6.554127738764169,0.05345330971765695,0.2680082836330061,1.9844674545084815,166185366942209.25,366241126016727.75,98.0,266213246479468.5,100027879537259.23,501527416203649.9,1.9844674545084815,16.9437357377011,17.516640191814727,98.0,17.230187964757913,0.2864522270568116,1.4362360370547587,1.9844674545084815,6.146624383854148,6.320335241552474,98.0,6.233479812703311,0.0868554288491628,0.4354823776680663,1.9844674545084815,99.0,0.8484848484848485,-0.059512699655298776,-0.040351888714667425,98.0,-0.0499322941849831,0.009580405470315674,0.04803496809028114,1.9844674545084815,ExtraTreesRegressor,"{'mode': 'original', 'type': 'ExtraTreesRegressor'}",20,"['nodes_T6W30', 're_T6W30', 'pe_T6W30', 'l1_T6W30', 'l2_T6W30', 'l3_T6W30', 'lcc_T6W30', 'lsc_T6W30', 'atd_T6W30', 'density_T6W30', 'diameter_T6W30', 'asp_T6W30', 'z_re_T6W30', 'z_pe_T6W30', 'z_l1_T6W30', 'z_l2_T6W30', 'z_l3_T6W30', 'z_lsc_T6W30', 'z_density_T6W30', 'z_asp_T6W30']",-0.04372758759029438,0.0016438616377099022,98.0,-0.02104186297629224,0.02268572461400214,0.11374341736525609,1.9844674545084815,7.684108166021179,7.813014830688292,98.0,7.748561498354736,0.06445333233355689,0.3231610365080589,1.9844674545084815,completed,True,COMPLETE
98,6.520467242082782,2026-06-12 20:58:04.086825,2026-06-12 20:58:07.415028,0 days 00:00:03.328203,,,,,,,,,,,manhattan,16.0,distance,,KNeighborsRegressor,,,,,,6,3.0,5.0,10.0,60.0,,,ExtraTrees,,,,,,,,,,-0.026254232666390973,-0.008461744789914814,98.0,-0.017357988728152893,0.008896243938238079,0.04460466678792276,1.9844674545084815,6.45155466832652,6.589379815839044,98.0,6.520467242082782,0.06891257375626199,0.3455191214670081,1.9844674545084815,168012373234789.62,371249680996346.44,98.0,269631027115568.03,101618653880778.4,509503362009549.4,1.9844674545084815,17.131212508538532,17.760188016121035,98.0,17.445700262329783,0.31448775379125227,1.5768027005697534,1.9844674545084815,6.190831475679193,6.401818006056635,98.0,6.296324740867914,0.10549326518872092,0.5289301838821656,1.9844674545084815,99.0,0.7575757575757576,-0.0773060590586076,-0.04470199495022105,98.0,-0.061004027004414325,0.01630203205419328,0.08173637242768102,1.9844674545084815,KNeighborsRegressor,"{'mode': 'proxy', 'type': 'ExtraTrees'}",6,"['nodes_T6W30', 'atd_T6W30', 'density_T6W30', 'diameter_T6W30', 'asp_T6W30', 'z_pe_T6W30']",0.020131780215854076,0.07341383340469314,98.0,0.046772806810273605,0.02664102659441953,0.13357481228955825,1.9844674545084815,7.707122468085088,7.863060947443729,98.0,7.785091707764408,0.07796923967931996,0.3909281242452685,1.9844674545084815,completed,True,COMPLETE
99,6.750167116897853,2026-06-12 20:58:07.428592,2026-06-12 20:58:07.653382,0 days 00:00:00.224790,,,,,,,,,,,,,,0.00048105946370578004,QuantileRegressor,,,,,,16,,,,,,,,False,,,,,,,,,,,,,,,,,,,,,,,,,,,,,,,,,,,,,,,,,,,,,,,,,,,,,QuantileRegressor,"{'mode': 'original', 'type': 'QuantileRegressor'}",16,"['nodes_T6W30', 'edges_T6W30', 're_T6W30', 'l1_T6W30', 'l2_T6W30', 'l3_T6W30', 'lcc_T6W30', 'lsc_T6W30', 'diameter_T6W30', 'asp_T6W30', 'z_l1_T6W30', 'z_l2_T6W30', 'z_l3_T6W30', 'z_lsc_T6W30', 'z_diameter_T6W30', 'z_asp_T6W30']",,,,,,,,,,,,,,,pruned,False,PRUNED
100,6.408382910994717,2026-06-12 20:58:07.662792,2026-06-12 20:58:13.517824,0 days 00:00:05.855032,,,,,,3.0,,1.0,11.0,85.0,,,,,ExtraTreesRegressor,,,,,,3,,,,,,,,True,,,,,,,,,-0.0043579648252758275,0.004841650772405896,98.0,0.0002418429735650344,0.0045998077988408615,0.023062867383155414,1.9844674545084815,6.356032550006795,6.4607332719826385,98.0,6.408382910994717,0.05235036098792168,0.2624782351186498,1.9844674545084815,170535527759735.06,375557082468177.3,98.0,273046305113956.2,102510777354221.12,513976358764456.06,1.9844674545084815,16.337855289167504,16.90546017248081,98.0,16.621657730824158,0.2838024416566546,1.4229503407930488,1.9844674545084815,6.092226150942301,6.2816702434626865,98.0,6.186948197202494,0.09472204626019336,0.47492462439636185,1.9844674545084815,99.0,0.494949494949495,-0.014753237287502035,0.0008819549680777498,98.0,-0.006935641159712143,0.007817596127789893,0.03919646007724969,1.9844674545084815,ExtraTreesRegressor,"{'mode': 'original', 'type': 'ExtraTreesRegressor'}",3,"['density_T6W30', 'diameter_T6W30', 'asp_T6W30']",0.046454921040556575,0.09461154243435627,98.0,0.07053323173745642,0.024078310696899842,0.1207256717450132,1.9844674545084815,7.527707076515347,7.6502934144955015,98.0,7.589000245505424,0.061293168990077154,0.30731636836384896,1.9844674545084815,completed,True,COMPLETE
101,6.799991425182417,2026-06-12 20:58:13.531678,2026-06-12 20:58:13.732795,0 days 00:00:00.201117,,,,,,,,,,,euclidean,7.0,distance,,KNeighborsRegressor,,,,,,16,8.0,1.0,12.0,20.0,,,ExtraTrees,,,,,,,,,,,,,,,,,,,,,,,,,,,,,,,,,,,,,,,,,,,,,,,,,,,,,,KNeighborsRegressor,"{'mode': 'proxy', 'type': 'ExtraTrees'}",16,"['edges_T6W30', 're_T6W30', 'l2_T6W30', 'l3_T6W30', 'lcc_T6W30', 'lsc_T6W30', 'atd_T6W30', 'density_T6W30', 'diameter_T6W30', 'asp_T6W30', 'z_re_T6W30', 'z_pe_T6W30', 'z_l1_T6W30', 'z_l3_T6W30', 'z_lsc_T6W30', 'z_density_T6W30']",,,,,,,,,,,,,,,pruned,True,PRUNED
102,7.447676153743968,2026-06-12 20:58:13.742122,2026-06-12 20:58:14.663230,0 days 00:00:00.921108,,,,,,,,,,,,,,,XGBRegressor,,,,,,17,,,,,,,,True,gbtree,0.7699785651402797,0.28741006847416,3.0,230.0,0.37870378817184325,0.0004882270025709819,0.9635004839621477,,,,,,,,,,,,,,,,,,,,,,,,,,,,,,,,,,,,,,,,,,,,,XGBRegressor,"{'mode': 'original', 'type': 'XGBRegressor'}",17,"['edges_T6W30', 'pe_T6W30', 'l1_T6W30', 'l2_T6W30', 'l3_T6W30', 'lsc_T6W30', 'atd_T6W30', 'density_T6W30', 'diameter_T6W30', 'z_re_T6W30', 'z_pe_T6W30', 'z_l1_T6W30', 'z_l3_T6W30', 'z_lsc_T6W30', 'z_density_T6W30', 'z_diameter_T6W30', 'z_asp_T6W30']",,,,,,,,,,,,,,,pruned,True,PRUNED
103,6.474751294242356,2026-06-12 20:58:14.673651,2026-06-12 20:58:16.411721,0 days 00:00:01.738070,,,,0.05875045082789027,0.30552431065802355,,,,,,,,,,ElasticNet,,,,,,10,,,,,,,,False,,,,,,,,,-0.01502160324626689,-0.005210415204105406,98.0,-0.010116009225186148,0.004905594021080742,0.024596041680762293,1.9844674545084815,6.420659494164914,6.528843094319798,98.0,6.474751294242356,0.05409180007744175,0.2712095953262579,1.9844674545084815,164445089892248.2,362051811796110.5,98.0,263248450844179.34,98803360951931.14,495387831469533.9,1.9844674545084815,16.4724435489016,16.961207477987557,98.0,16.71682551344458,0.24438196454297667,1.2253009442068328,1.9844674545084815,6.033009713782971,6.205009094485217,98.0,6.119009404134094,0.08599969035112318,0.43119181067961043,1.9844674545084815,99.0,0.6262626262626263,-0.030820560323560266,-0.013454827865980188,98.0,-0.022137694094770226,0.008682866228790038,0.043534817344047794,1.9844674545084815,ElasticNet,"{'mode': 'original', 'type': 'ElasticNet'}",10,"['re_T6W30', 'l2_T6W30', 'diameter_T6W30', 'z_pe_T6W30', 'z_l1_T6W30', 'z_l2_T6W30', 'z_l3_T6W30', 'z_lsc_T6W30', 'z_density_T6W30', 'z_asp_T6W30']",0.0035868543744814567,0.04903965907710353,98.0,0.026313256725792492,0.022726402351311036,0.1139473705089588,1.9844674545084815,7.582132405676546,7.7095738341167355,98.0,7.645853119896641,0.06372071422009452,0.3194877798999159,1.9844674545084815,completed,False,COMPLETE
104,6.601118810065788,2026-06-12 20:58:16.424131,2026-06-12 20:58:18.150911,0 days 00:00:01.726780,,,,,,,,,,,manhattan,19.0,distance,,KNeighborsRegressor,,,,,,16,2.0,1.0,6.0,40.0,,,ExtraTrees,,,,,,,,,,-0.03681153222403949,-0.023133836516272988,98.0,-0.02997268437015624,0.006838847853883251,0.03428913728687366,1.9844674545084815,6.542432779509622,6.6598048406219545,98.0,6.601118810065788,0.05868603055616643,0.29424449871617314,1.9844674545084815,173368604786447.5,382850026630663.75,98.0,278109315708555.62,104740710922108.14,525156969867899.25,1.9844674545084815,17.385818367703322,18.012272348416957,98.0,17.69904535806014,0.3132269903568167,1.5704813886451017,1.9844674545084815,6.312558905774697,6.502867409028177,98.0,6.407713157401437,0.09515425162673975,0.47709164864756193,1.9844674545084815,99.0,0.8484848484848485,-0.08217538818363032,-0.05750506857430676,98.0,-0.06984022837896854,0.01233515980466178,0.06184696560509183,1.9844674545084815,KNeighborsRegressor,"{'mode': 'proxy', 'type': 'ExtraTrees'}",16,"['nodes_T6W30', 're_T6W30', 'pe_T6W30', 'l1_T6W30', 'l3_T6W30', 'lcc_T6W30', 'lsc_T6W30', 'atd_T6W30', 'density_T6W30', 'diameter_T6W30', 'asp_T6W30', 'z_pe_T6W30', 'z_l2_T6W30', 'z_l3_T6W30', 'z_lsc_T6W30', 'z_diameter_T6W30']",-0.05288579159870237,-0.004369524464971505,98.0,-0.028627658031836936,0.02425813356686543,0.12162728137390244,1.9844674545084815,7.751226519374428,7.888834297130875,98.0,7.820030408252651,0.06880388887822325,0.34497418893104564,1.9844674545084815,completed,True,COMPLETE
105,6.556616673520941,2026-06-12 20:58:18.163266,2026-06-12 20:58:20.078468,0 days 00:00:01.915202,,,,0.0007485022950356935,0.5025660764634424,,,,,,,,,,ElasticNet,,,,,,10,,,,,,,,False,,,,,,,,,-0.03020376677713816,-0.015801826636646546,98.0,-0.023002796706892353,0.0072009700702458075,0.03610477329117987,1.9844674545084815,6.495875350026098,6.617357997015785,98.0,6.556616673520941,0.060741323494843076,0.3045494833049162,1.9844674545084815,155208472442818.16,341825870184726.1,98.0,248517171313772.12,93308698870953.97,467838275394438.1,1.9844674545084815,17.21191173942606,18.178031433932237,98.0,17.69497158667915,0.48305984725308837,2.4220023276043676,1.9844674545084815,5.965290787623128,6.182520674812422,98.0,6.073905731217775,0.10861494359464731,0.5445818933094341,1.9844674545084815,99.0,0.797979797979798,-0.07418707744444833,-0.044459400435254814,98.0,-0.05932323893985157,0.014863838504596754,0.07452544785078616,1.9844674545084815,ElasticNet,"{'mode': 'original', 'type': 'ElasticNet'}",10,"['pe_T6W30', 'l2_T6W30', 'atd_T6W30', 'asp_T6W30', 'z_pe_T6W30', 'z_l2_T6W30', 'z_l3_T6W30', 'z_lsc_T6W30', 'z_diameter_T6W30', 'z_asp_T6W30']",-0.010404801482097385,0.04417842780179779,98.0,0.0168868131598502,0.027291614641947584,0.1368367802928706,1.9844674545084815,7.706469301360349,7.852842784254281,98.0,7.779656042807315,0.07318674144696607,0.36694926962426727,1.9844674545084815,completed,False,COMPLETE
106,6.534928589486727,2026-06-12 20:58:20.090819,2026-06-12 20:58:43.718344,0 days 00:00:23.627525,,,,,,,,,,,,,,,XGBRegressor,,,,,,18,,,,,,,,True,gbtree,0.6080190912547998,0.0018270239281680462,5.0,278.0,0.0037695681044651328,0.0071090215639210445,0.8204131573451031,-0.02348893849455746,-0.015697892708359286,98.0,-0.019593415601458372,0.003895522893099086,0.019531669974173712,1.9844674545084815,6.487220757864797,6.582636421108656,98.0,6.534928589486727,0.04770783162192929,0.23920116708174874,1.9844674545084815,165451834857310.3,364435189810462.75,98.0,264943512333886.53,99491677476576.23,498838965390721.75,1.9844674545084815,16.671682945402534,17.2085833405034,98.0,16.940133142952966,0.2684501975504317,1.3459760876634135,1.9844674545084815,6.195329350307135,6.325280938833046,98.0,6.260305144570091,0.06497579426295537,0.3257805960021536,1.9844674545084815,99.0,0.7676767676767676,-0.03372748023365544,-0.02171150817001593,98.0,-0.027719494201835684,0.006007986031819756,0.03012329887492827,1.9844674545084815,XGBRegressor,"{'mode': 'original', 'type': 'XGBRegressor'}",18,"['l1_T6W30', 'l2_T6W30', 'l3_T6W30', 'lcc_T6W30', 'lsc_T6W30', 'atd_T6W30', 'density_T6W30', 'diameter_T6W30', 'asp_T6W30', 'z_re_T6W30', 'z_pe_T6W30', 'z_l1_T6W30', 'z_l2_T6W30', 'z_l3_T6W30', 'z_lsc_T6W30', 'z_density_T6W30', 'z_diameter_T6W30', 'z_asp_T6W30']",-0.06334606730421381,-0.012874766126899903,98.0,-0.03811041671555686,0.025235650588656955,0.12652843081845883,1.9844674545084815,7.607880833219506,7.727546447020311,98.0,7.667713640119908,0.05983280690040231,0.2999942934688836,1.9844674545084815,completed,True,COMPLETE
