number,value,datetime_start,datetime_complete,duration,params_dt_max_depth,params_dt_min_samples_leaf,params_dt_min_samples_split,params_elastic_alpha,params_elastic_l1_ratio,params_et_max_depth,params_et_max_features,params_et_min_samples_leaf,params_et_min_samples_split,params_et_n_estimators,params_knn_metric,params_knn_n_neighbors,params_knn_weights,params_quantile_alpha,params_regressor,params_rf_max_depth,params_rf_max_features,params_rf_min_samples_leaf,params_rf_min_samples_split,params_rf_n_estimators,params_rfe_n_features,params_rfe_proxy_et_max_depth,params_rfe_proxy_et_min_samples_leaf,params_rfe_proxy_et_min_samples_split,params_rfe_proxy_et_n_estimators,params_rfe_proxy_lsvr_C,params_rfe_proxy_lsvr_epsilon,params_rfe_proxy_type,params_use_scaler,params_xgb_booster,params_xgb_colsample_bytree,params_xgb_learning_rate,params_xgb_max_depth,params_xgb_n_estimators,params_xgb_reg_alpha,params_xgb_reg_lambda,params_xgb_subsample,user_attrs_d2mae_ci_lower_val,user_attrs_d2mae_ci_upper_val,user_attrs_d2mae_df_val,user_attrs_d2mae_mean_val,user_attrs_d2mae_samperror_val,user_attrs_d2mae_std_val,user_attrs_d2mae_t_critical_val,user_attrs_mae_ci_lower_val,user_attrs_mae_ci_upper_val,user_attrs_mae_df_val,user_attrs_mae_mean_val,user_attrs_mae_samperror_val,user_attrs_mae_std_val,user_attrs_mae_t_critical_val,user_attrs_mape_ci_lower_val,user_attrs_mape_ci_upper_val,user_attrs_mape_df_val,user_attrs_mape_mean_val,user_attrs_mape_samperror_val,user_attrs_mape_std_val,user_attrs_mape_t_critical_val,user_attrs_max_error_ci_lower_val,user_attrs_max_error_ci_upper_val,user_attrs_max_error_df_val,user_attrs_max_error_mean_val,user_attrs_max_error_samperror_val,user_attrs_max_error_std_val,user_attrs_max_error_t_critical_val,user_attrs_median_ae_ci_lower_val,user_attrs_median_ae_ci_upper_val,user_attrs_median_ae_df_val,user_attrs_median_ae_mean_val,user_attrs_median_ae_samperror_val,user_attrs_median_ae_std_val,user_attrs_median_ae_t_critical_val,user_attrs_n_splits_val,user_attrs_r2_below_zero_val,user_attrs_r2_ci_lower_val,user_attrs_r2_ci_upper_val,user_attrs_r2_df_val,user_attrs_r2_mean_val,user_attrs_r2_samperror_val,user_attrs_r2_std_val,user_attrs_r2_t_critical_val,user_attrs_regressor_final,user_attrs_rfe_estimator,user_attrs_rfe_n_features,user_attrs_rfe_selected_features,user_attrs_rho_ci_lower_val,user_attrs_rho_ci_upper_val,user_attrs_rho_df_val,user_attrs_rho_mean_val,user_attrs_rho_samperror_val,user_attrs_rho_std_val,user_attrs_rho_t_critical_val,user_attrs_rmse_ci_lower_val,user_attrs_rmse_ci_upper_val,user_attrs_rmse_df_val,user_attrs_rmse_mean_val,user_attrs_rmse_samperror_val,user_attrs_rmse_std_val,user_attrs_rmse_t_critical_val,user_attrs_termination_reason,user_attrs_use_scaler_final,state
63,6.767393420342613,2026-06-12 20:53:58.785091,2026-06-12 20:54:00.499304,0 days 00:00:01.714213,,,,,,,,,,,,,,,LinearRegression,,,,,,17,,,,,,,,True,,,,,,,,,-0.06655194952137335,-0.0452971650717261,98.0,-0.05592455729654972,0.010627392224823626,0.053284430182419434,1.9844674545084815,6.689055256020079,6.845731584665148,98.0,6.767393420342613,0.07833816432253513,0.39277786677646587,1.9844674545084815,155257927325486.0,342217675352152.9,98.0,248737801338819.44,93479874013333.42,468696526386791.5,1.9844674545084815,18.150573798559506,19.349884618655906,98.0,18.750229208607706,0.5996554100481992,3.0065980585141765,1.9844674545084815,6.054319555302375,6.320779921321011,98.0,6.187549738311693,0.13323018300931838,0.6679996592361402,1.9844674545084815,99.0,0.9191919191919192,-0.17989827208622436,-0.1297656865409628,98.0,-0.15483197931359358,0.025066292772630786,0.12567929167566755,1.9844674545084815,LinearRegression,"{'mode': 'original', 'type': 'LinearRegression'}",17,"['nodes_T6W30', 'pe_T6W30', 'l1_T6W30', 'l2_T6W30', 'l3_T6W30', 'lcc_T6W30', 'atd_T6W30', 'density_T6W30', 'diameter_T6W30', 'asp_T6W30', 'z_pe_T6W30', 'z_l1_T6W30', 'z_l2_T6W30', 'z_l3_T6W30', 'z_lsc_T6W30', 'z_diameter_T6W30', 'z_asp_T6W30']",-0.04463659969768253,0.008981929263130718,98.0,-0.017827335217275905,0.026809264480406624,0.13441833624165045,1.9844674545084815,8.015298838172596,8.217030563521247,98.0,8.116164700846921,0.10086586267432586,0.505728960008232,1.9844674545084815,completed,True,COMPLETE
64,7.904666977902272,2026-06-12 20:54:00.517057,2026-06-12 20:54:00.722041,0 days 00:00:00.204984,18.0,5.0,2.0,,,,,,,,,,,,DecisionTreeRegressor,,,,,,13,,,,,,,,True,,,,,,,,,,,,,,,,,,,,,,,,,,,,,,,,,,,,,,,,,,,,,,,,,,,,,DecisionTreeRegressor,"{'mode': 'original', 'type': 'DecisionTreeRegressor'}",13,"['edges_T6W30', 'pe_T6W30', 'l1_T6W30', 'l3_T6W30', 'atd_T6W30', 'asp_T6W30', 'z_re_T6W30', 'z_pe_T6W30', 'z_l2_T6W30', 'z_l3_T6W30', 'z_lsc_T6W30', 'z_density_T6W30', 'z_asp_T6W30']",,,,,,,,,,,,,,,pruned,True,PRUNED
65,6.43236284412755,2026-06-12 20:54:00.731323,2026-06-12 20:54:03.306231,0 days 00:00:02.574908,,,,,,,,,,,,,,0.6940121430516972,QuantileRegressor,,,,,,10,,,,,,,,False,,,,,,,,,-0.004618760704527799,-0.0023266854860824436,98.0,-0.0034727230953051215,0.001146037609222678,0.005746090826723593,1.9844674545084815,6.387146941252938,6.477578747002163,98.0,6.43236284412755,0.04521590287461224,0.22670694455311866,1.9844674545084815,159975467009718.8,352020212552703.8,98.0,255997839781211.3,96022372771492.52,481444300695108.6,1.9844674545084815,17.65307108337025,18.14490871460955,98.0,17.8989898989899,0.24591881561964796,1.2330065254221743,1.9844674545084815,5.956835168213341,6.06336685198868,98.0,6.01010101010101,0.05326584188766987,0.26706834312012434,1.9844674545084815,99.0,1.0,-0.03940786471611372,-0.03383770038410198,98.0,-0.03662278255010785,0.0027850821660058717,0.013964057511701019,1.9844674545084815,QuantileRegressor,"{'mode': 'original', 'type': 'QuantileRegressor'}",10,"['asp_T6W30', 'z_re_T6W30', 'z_pe_T6W30', 'z_l1_T6W30', 'z_l2_T6W30', 'z_l3_T6W30', 'z_lsc_T6W30', 'z_density_T6W30', 'z_diameter_T6W30', 'z_asp_T6W30']",,,,,,,,7.641821067877172,7.76254996760978,98.0,7.702185517743476,0.06036444986630419,0.3026598855444638,1.9844674545084815,completed,False,COMPLETE
66,6.468530685001274,2026-06-12 20:54:03.318499,2026-06-12 20:54:05.089063,0 days 00:00:01.770564,,,,8.681843415114091,0.42777313373586234,,,,,,,,,,ElasticNet,,,,,,10,,,,,,,,True,,,,,,,,,-0.010838388593969092,-0.007533868684572212,98.0,-0.009186128639270652,0.0016522599546984402,0.008284227055598078,1.9844674545084815,6.425014538013637,6.51204683198891,98.0,6.468530685001274,0.04351614698763684,0.21818457876754607,1.9844674545084815,177419237234444.94,390358231448248.06,98.0,283888734341346.5,106469497106901.55,533824889976163.06,1.9844674545084815,16.30109010929698,16.7555332673264,98.0,16.52831168831169,0.2272215790147102,1.139260893624293,1.9844674545084815,6.205775317066685,6.373387742096375,98.0,6.28958152958153,0.08380621251484449,0.4201939841054797,1.9844674545084815,99.0,1.0,-0.002091831357214119,-0.0012107691911632688,98.0,-0.001651300274188694,0.0004405310830254252,0.0022087683638723947,1.9844674545084815,ElasticNet,"{'mode': 'original', 'type': 'ElasticNet'}",10,"['asp_T6W30', 'z_re_T6W30', 'z_pe_T6W30', 'z_l1_T6W30', 'z_l2_T6W30', 'z_l3_T6W30', 'z_lsc_T6W30', 'z_density_T6W30', 'z_diameter_T6W30', 'z_asp_T6W30']",,,,,,,,7.513725752597121,7.628433438825785,98.0,7.571079595711453,0.05735384311433189,0.28756507565239264,1.9844674545084815,completed,True,COMPLETE
67,6.758828559436756,2026-06-12 20:54:05.132532,2026-06-12 20:54:05.301880,0 days 00:00:00.169348,,,,,,,,,,,,,,0.000684178985066717,QuantileRegressor,,,,,,22,,,,,,,,False,,,,,,,,,,,,,,,,,,,,,,,,,,,,,,,,,,,,,,,,,,,,,,,,,,,,,QuantileRegressor,"{'mode': 'original', 'type': 'QuantileRegressor'}",22,"['nodes_T6W30', 'edges_T6W30', 're_T6W30', 'pe_T6W30', 'l1_T6W30', 'l2_T6W30', 'l3_T6W30', 'lcc_T6W30', 'lsc_T6W30', 'atd_T6W30', 'density_T6W30', 'diameter_T6W30', 'asp_T6W30', 'z_re_T6W30', 'z_pe_T6W30', 'z_l1_T6W30', 'z_l2_T6W30', 'z_l3_T6W30', 'z_lsc_T6W30', 'z_density_T6W30', 'z_diameter_T6W30', 'z_asp_T6W30']",,,,,,,,,,,,,,,pruned,False,PRUNED
68,6.67745046387107,2026-06-12 20:54:05.311033,2026-06-12 20:54:07.165812,0 days 00:00:01.854779,,,,0.0056315286232431,0.05784267656339637,,,,,,,,,,ElasticNet,,,,,,22,,,,,,,,False,,,,,,,,,-0.04999398288576299,-0.03370372713765959,98.0,-0.04184885501171129,0.008145127874051703,0.04083866374274044,1.9844674545084815,6.611211602945794,6.743689324796346,98.0,6.67745046387107,0.06623886092527655,0.3321134560265527,1.9844674545084815,159140349087494.12,350832156346411.9,98.0,254986252716953.0,95845903629458.86,480559506243269.4,1.9844674545084815,17.334274489505212,18.26128286865528,98.0,17.797778679080245,0.4635041895750328,2.3239526787183786,1.9844674545084815,6.066364547327638,6.281742944204097,98.0,6.1740537457658675,0.10768919843822881,0.5399403215945336,1.9844674545084815,99.0,0.8888888888888888,-0.11336169674869968,-0.0806431626475237,98.0,-0.0970024296981117,0.016359267050587992,0.08202334162058061,1.9844674545084815,ElasticNet,"{'mode': 'original', 'type': 'ElasticNet'}",22,"['nodes_T6W30', 'edges_T6W30', 're_T6W30', 'pe_T6W30', 'l1_T6W30', 'l2_T6W30', 'l3_T6W30', 'lcc_T6W30', 'lsc_T6W30', 'atd_T6W30', 'density_T6W30', 'diameter_T6W30', 'asp_T6W30', 'z_re_T6W30', 'z_pe_T6W30', 'z_l1_T6W30', 'z_l2_T6W30', 'z_l3_T6W30', 'z_lsc_T6W30', 'z_density_T6W30', 'z_diameter_T6W30', 'z_asp_T6W30']",-0.07292282871116856,-0.021668018994181682,98.0,-0.04729542385267512,0.02562740485849344,0.12849263827388782,1.9844674545084815,7.838862989562876,7.993431935107476,98.0,7.916147462335176,0.07728447277230015,0.3874947876678248,1.9844674545084815,completed,False,COMPLETE
69,6.636202419309814,2026-06-12 20:54:07.179014,2026-06-12 20:54:09.724543,0 days 00:00:02.545529,,,,,,,,,,,,,,0.0013154915843893178,QuantileRegressor,,,,,,13,,,,,,,,True,,,,,,,,,-0.04708174879582936,-0.023493820396789773,98.0,-0.03528778459630957,0.011793964199519792,0.059133477777865324,1.9844674545084815,6.547605027173846,6.7247998114457825,98.0,6.636202419309814,0.08859739213596828,0.44421636613602883,1.9844674545084815,143183615871077.38,316262944474229.94,98.0,229723280172653.66,86539664301576.27,433899173281325.3,1.9844674545084815,19.220217163818603,20.354768296757243,98.0,19.787492730287923,0.5672755664693204,2.844249527661391,1.9844674545084815,5.55408189110127,5.808743592486315,98.0,5.6814127417937925,0.12733085069252215,0.6384211366496704,1.9844674545084815,99.0,0.9595959595959596,-0.21249529379300633,-0.15965712814774827,98.0,-0.1860762109703773,0.026419082822629027,0.1324620136685786,1.9844674545084815,QuantileRegressor,"{'mode': 'original', 'type': 'QuantileRegressor'}",13,"['nodes_T6W30', 're_T6W30', 'l1_T6W30', 'l2_T6W30', 'l3_T6W30', 'lsc_T6W30', 'density_T6W30', 'z_l1_T6W30', 'z_l2_T6W30', 'z_l3_T6W30', 'z_lsc_T6W30', 'z_diameter_T6W30', 'z_asp_T6W30']",0.0030808245551679422,0.05277117005477846,98.0,0.0279259973049732,0.024845172749805258,0.12457062323011413,1.9844674545084815,8.1213012666357,8.326931321093754,98.0,8.224116293864727,0.10281502722902763,0.5155018300060528,1.9844674545084815,completed,True,COMPLETE
70,6.60353900673697,2026-06-12 20:54:09.736993,2026-06-12 20:54:29.944537,0 days 00:00:20.207544,,,,,,,,,,,,,,,XGBRegressor,,,,,,6,,,,,,,,True,gbtree,0.686344258506157,0.0016423917387278226,6.0,345.0,2.1766272093025525e-06,0.03241761224097118,0.7042266065353493,-0.03426274576983563,-0.02623919337206304,98.0,-0.030250969570949336,0.004011776198886295,0.020114549670777446,1.9844674545084815,6.553393960347953,6.653684053125986,98.0,6.60353900673697,0.050145046389016304,0.2514210604807208,1.9844674545084815,160784890014991.34,354198929891899.75,98.0,257491909953445.53,96707019938454.19,484877036910710.75,1.9844674545084815,16.781694606711234,17.346461669953115,98.0,17.064078138332174,0.28238353162094004,1.415836101369706,1.9844674545084815,6.269737150328899,6.412427417560691,98.0,6.341082283944795,0.0713451336158957,0.3577156757357445,1.9844674545084815,99.0,0.9090909090909091,-0.05311615660187141,-0.03926610156768623,98.0,-0.04619112908477882,0.006925027517092589,0.03472123145920469,1.9844674545084815,XGBRegressor,"{'mode': 'original', 'type': 'XGBRegressor'}",6,"['z_l2_T6W30', 'z_l3_T6W30', 'z_lsc_T6W30', 'z_density_T6W30', 'z_diameter_T6W30', 'z_asp_T6W30']",-0.13218057062732444,-0.07718768748681804,98.0,-0.10468412905707124,0.0274964415702532,0.1378637571776878,1.9844674545084815,7.672673662995011,7.800353055573213,98.0,7.736513359284112,0.06383969628910081,0.32008434127779717,1.9844674545084815,completed,True,COMPLETE
71,6.795893075988253,2026-06-12 20:54:29.957384,2026-06-12 20:54:32.827804,0 days 00:00:02.870420,,,,,,,,,,,,,,0.0021634225433779957,QuantileRegressor,,,,,,20,,,,,,,,True,,,,,,,,,-0.07165416974253866,-0.04885940120559311,98.0,-0.060256785474065884,0.011397384268472774,0.057145075053981274,1.9844674545084815,6.710767321229503,6.881018830747004,98.0,6.795893075988253,0.08512575475875014,0.4268100057108468,1.9844674545084815,147302726896390.44,325720226475109.9,98.0,236511476685750.16,89208749789359.72,447281637795291.8,1.9844674545084815,19.33703619143299,20.55719558262869,98.0,19.94711588703084,0.6100796955978517,3.0588641369482277,1.9844674545084815,5.878524244172408,6.1439901669592105,98.0,6.011257205565809,0.13273296139340152,0.6655066515520326,1.9844674545084815,99.0,0.9696969696969697,-0.24547108350297553,-0.18891882254320191,98.0,-0.21719495302308872,0.028276130479886797,0.14177302093595356,1.9844674545084815,QuantileRegressor,"{'mode': 'original', 'type': 'QuantileRegressor'}",20,"['edges_T6W30', 're_T6W30', 'l1_T6W30', 'l2_T6W30', 'l3_T6W30', 'lcc_T6W30', 'lsc_T6W30', 'atd_T6W30', 'density_T6W30', 'diameter_T6W30', 'asp_T6W30', 'z_re_T6W30', 'z_pe_T6W30', 'z_l1_T6W30', 'z_l2_T6W30', 'z_l3_T6W30', 'z_lsc_T6W30', 'z_density_T6W30', 'z_diameter_T6W30', 'z_asp_T6W30']",-0.038867699131122604,0.007868943697110204,98.0,-0.015499377717006201,0.023368321414116405,0.11716587329508181,1.9844674545084815,8.226170580840241,8.432682228485374,98.0,8.329426404662808,0.10325582382256698,0.5177119296068027,1.9844674545084815,completed,True,COMPLETE
72,6.680211106245014,2026-06-12 20:54:32.841842,2026-06-12 20:54:45.952114,0 days 00:00:13.110272,,,,,,,,,,,,,,,RandomForestRegressor,18.0,sqrt,1.0,11.0,121.0,17,,,,,,,,False,,,,,,,,,-0.051110838345039655,-0.03372267103853224,98.0,-0.04241675469178595,0.008694083653253708,0.04359106012289855,1.9844674545084815,6.6147575706917054,6.745664641798322,98.0,6.680211106245014,0.06545353555330853,0.32817593174327936,1.9844674545084815,154613763315717.53,342114009107836.4,98.0,248363886211776.97,93750122896059.44,470051520859457.7,1.9844674545084815,17.639750025564116,18.28248630178661,98.0,17.961118163675362,0.321368138111246,1.6113000965603304,1.9844674545084815,6.222461586448926,6.439773828993063,98.0,6.331117707720995,0.1086561212720686,0.544788353091026,1.9844674545084815,99.0,0.898989898989899,-0.11576802289700694,-0.08497945327804135,98.0,-0.10037373808752414,0.01539428480948279,0.07718504001604017,1.9844674545084815,RandomForestRegressor,"{'mode': 'original', 'type': 'RandomForestRegressor'}",17,"['nodes_T6W30', 're_T6W30', 'l1_T6W30', 'l2_T6W30', 'l3_T6W30', 'lcc_T6W30', 'lsc_T6W30', 'atd_T6W30', 'density_T6W30', 'diameter_T6W30', 'z_re_T6W30', 'z_pe_T6W30', 'z_l2_T6W30', 'z_l3_T6W30', 'z_lsc_T6W30', 'z_density_T6W30', 'z_diameter_T6W30']",-0.05745310325190496,-0.005935766194283362,98.0,-0.03169443472309416,0.0257586685288108,0.12915077808171163,1.9844674545084815,7.855286723016772,8.002106858501618,98.0,7.928696790759195,0.0734100677424231,0.3680690000479156,1.9844674545084815,completed,False,COMPLETE
73,6.452388754172429,2026-06-12 20:54:45.969683,2026-06-12 20:54:49.606388,0 days 00:00:03.636705,,,,,,,,,,,,,,,XGBRegressor,,,,,,21,,,,,,,,True,gblinear,0.8805139512510141,0.08546171499332564,6.0,335.0,0.0007437024429559987,4.644383085593196,0.5534903194134793,-0.009531591338217437,-0.003746297464685999,98.0,-0.006638944401451718,0.0028926469367657193,0.014503373968305797,1.9844674545084815,6.405324476952562,6.499453031392297,98.0,6.452388754172429,0.047064277219867334,0.2359744649068576,1.9844674545084815,171112503376219.38,376543006003447.7,98.0,273827754689833.53,102715251313614.16,515001565906802.0,1.9844674545084815,16.35902271635397,16.824494681902273,98.0,16.59175869912812,0.2327359827741513,1.1669094320334874,1.9844674545084815,6.147726450907906,6.294145808675229,98.0,6.220936129791568,0.07320967888366181,0.36706427509487766,1.9844674545084815,99.0,0.5555555555555556,-0.010950205065366713,-0.001967796523233525,98.0,-0.006459000794300119,0.004491204271066594,0.02251834272735742,1.9844674545084815,XGBRegressor,"{'mode': 'original', 'type': 'XGBRegressor'}",21,"['nodes_T6W30', 'edges_T6W30', 're_T6W30', 'pe_T6W30', 'l2_T6W30', 'l3_T6W30', 'lcc_T6W30', 'lsc_T6W30', 'atd_T6W30', 'density_T6W30', 'diameter_T6W30', 'asp_T6W30', 'z_re_T6W30', 'z_pe_T6W30', 'z_l1_T6W30', 'z_l2_T6W30', 'z_l3_T6W30', 'z_lsc_T6W30', 'z_density_T6W30', 'z_diameter_T6W30', 'z_asp_T6W30']",0.005176731246625661,0.051323733239476955,98.0,0.02825023224305131,0.023073500996425647,0.11568768018519537,1.9844674545084815,7.529260633534055,7.648096597161522,98.0,7.5886786153477885,0.059417981813732916,0.29791441179133327,1.9844674545084815,completed,True,COMPLETE
74,6.921494484460922,2026-06-12 20:54:49.619991,2026-06-12 20:54:53.677655,0 days 00:00:04.057664,,,,0.00016932074437214252,0.8715368061523763,,,,,,,,,,ElasticNet,,,,,,22,,,,,,,,False,,,,,,,,,-0.09146900295790132,-0.06874839650600219,98.0,-0.08010869973195175,0.011360303225949572,0.05695915529308229,1.9844674545084815,6.841805262543988,7.001183706377856,98.0,6.921494484460922,0.07968922191693407,0.39955190245127825,1.9844674545084815,160681734529826.38,354645287481715.44,98.0,257663511005770.9,96981776475944.55,486254632206842.94,1.9844674545084815,18.38246115484045,19.581542874852623,98.0,18.982002014846536,0.5995408600060878,3.0060237187709773,1.9844674545084815,6.181539982754142,6.434346225200409,98.0,6.3079431039772755,0.1264031212231337,0.6337696158349655,1.9844674545084815,99.0,0.9595959595959596,-0.2280746607529967,-0.17716286238282664,98.0,-0.20261876156791167,0.025455899185085028,0.12763273003983647,1.9844674545084815,ElasticNet,"{'mode': 'original', 'type': 'ElasticNet'}",22,"['nodes_T6W30', 'edges_T6W30', 're_T6W30', 'pe_T6W30', 'l1_T6W30', 'l2_T6W30', 'l3_T6W30', 'lcc_T6W30', 'lsc_T6W30', 'atd_T6W30', 'density_T6W30', 'diameter_T6W30', 'asp_T6W30', 'z_re_T6W30', 'z_pe_T6W30', 'z_l1_T6W30', 'z_l2_T6W30', 'z_l3_T6W30', 'z_lsc_T6W30', 'z_density_T6W30', 'z_diameter_T6W30', 'z_asp_T6W30']",-0.10814017737967085,-0.054734572687540395,98.0,-0.08143737503360562,0.026702802346065226,0.13388454826766988,1.9844674545084815,8.184139533084108,8.378783893619199,98.0,8.281461713351653,0.09732218026754542,0.4879613747156044,1.9844674545084815,completed,False,COMPLETE
75,6.591444454550168,2026-06-12 20:54:53.690141,2026-06-12 20:54:55.579475,0 days 00:00:01.889334,,,,,,,,,,,,,,,LinearRegression,,,,,,11,,,,,,,,True,,,,,,,,,-0.03782272707378985,-0.01935898462888469,98.0,-0.02859085585133727,0.00923187122245258,0.04628746047942402,1.9844674545084815,6.524201166778824,6.658687742321512,98.0,6.591444454550168,0.06724328777134413,0.3371495280017285,1.9844674545084815,161549256896429.06,355605740776512.5,98.0,258577498836470.78,97028241940041.72,486487604296815.9,1.9844674545084815,17.24555047948878,18.09039314349629,98.0,17.667971811492535,0.4224213320037555,2.117968312126758,1.9844674545084815,6.0271041099275,6.248664858710033,98.0,6.137884484318766,0.11078037439126633,0.5554390954956667,1.9844674545084815,99.0,0.8181818181818182,-0.09672018756893469,-0.0612731800293874,98.0,-0.07899668379916104,0.017723503769773642,0.08886345579703345,1.9844674545084815,LinearRegression,"{'mode': 'original', 'type': 'LinearRegression'}",11,"['pe_T6W30', 'l2_T6W30', 'lcc_T6W30', 'atd_T6W30', 'density_T6W30', 'diameter_T6W30', 'asp_T6W30', 'z_pe_T6W30', 'z_l2_T6W30', 'z_diameter_T6W30', 'z_asp_T6W30']",0.00028436585324745703,0.05000886782432705,98.0,0.02514661683878725,0.024862250985539795,0.12465625139179146,1.9844674545084815,7.770611667193288,7.927799196875847,98.0,7.849205432034568,0.07859376484127954,0.39405941616388895,1.9844674545084815,completed,True,COMPLETE
76,6.488283821188554,2026-06-12 20:54:55.591329,2026-06-12 20:54:57.470654,0 days 00:00:01.879325,,,,0.1873078899092956,0.2732595269982093,,,,,,,,,,ElasticNet,,,,,,21,,,,,,,,False,,,,,,,,,-0.016779402509733338,-0.007636828164250153,98.0,-0.012208115336991746,0.004571287172741592,0.02291986849142395,1.9844674545084815,6.434865678277929,6.541701964099178,98.0,6.488283821188554,0.053418142910624744,0.26783196161209966,1.9844674545084815,168532278527089.47,371100232665483.5,98.0,269816255596286.47,101283977069197.0,507825333870272.7,1.9844674545084815,16.497764877167352,16.979331590450403,98.0,16.738548233808878,0.2407833566415255,1.2072579692773024,1.9844674545084815,6.07526749609172,6.241959660685985,98.0,6.158613578388852,0.08334608229713238,0.41788694810437743,1.9844674545084815,99.0,0.6666666666666666,-0.03367641948049763,-0.017378107869272567,98.0,-0.025527263674885097,0.008149155805612528,0.04085885929339784,1.9844674545084815,ElasticNet,"{'mode': 'original', 'type': 'ElasticNet'}",21,"['nodes_T6W30', 're_T6W30', 'pe_T6W30', 'l1_T6W30', 'l2_T6W30', 'l3_T6W30', 'lcc_T6W30', 'lsc_T6W30', 'atd_T6W30', 'density_T6W30', 'diameter_T6W30', 'asp_T6W30', 'z_re_T6W30', 'z_pe_T6W30', 'z_l1_T6W30', 'z_l2_T6W30', 'z_l3_T6W30', 'z_lsc_T6W30', 'z_density_T6W30', 'z_diameter_T6W30', 'z_asp_T6W30']",-0.017488416424290328,0.028704081735900815,98.0,0.005607832655805243,0.023096249080095572,0.11580173626315424,1.9844674545084815,7.594877529004547,7.7232568270473365,98.0,7.659067178025942,0.06418964902139442,0.3218389609941457,1.9844674545084815,completed,False,COMPLETE
