number,value,datetime_start,datetime_complete,duration,params_dt_max_depth,params_dt_min_samples_leaf,params_dt_min_samples_split,params_elastic_alpha,params_elastic_l1_ratio,params_et_max_depth,params_et_max_features,params_et_min_samples_leaf,params_et_min_samples_split,params_et_n_estimators,params_knn_metric,params_knn_n_neighbors,params_knn_weights,params_quantile_alpha,params_regressor,params_rf_max_depth,params_rf_max_features,params_rf_min_samples_leaf,params_rf_min_samples_split,params_rf_n_estimators,params_rfe_n_features,params_rfe_proxy_et_max_depth,params_rfe_proxy_et_min_samples_leaf,params_rfe_proxy_et_min_samples_split,params_rfe_proxy_et_n_estimators,params_rfe_proxy_lsvr_C,params_rfe_proxy_lsvr_epsilon,params_rfe_proxy_type,params_use_scaler,params_xgb_booster,params_xgb_colsample_bytree,params_xgb_learning_rate,params_xgb_max_depth,params_xgb_n_estimators,params_xgb_reg_alpha,params_xgb_reg_lambda,params_xgb_subsample,user_attrs_d2mae_ci_lower_val,user_attrs_d2mae_ci_upper_val,user_attrs_d2mae_df_val,user_attrs_d2mae_mean_val,user_attrs_d2mae_samperror_val,user_attrs_d2mae_std_val,user_attrs_d2mae_t_critical_val,user_attrs_mae_ci_lower_val,user_attrs_mae_ci_upper_val,user_attrs_mae_df_val,user_attrs_mae_mean_val,user_attrs_mae_samperror_val,user_attrs_mae_std_val,user_attrs_mae_t_critical_val,user_attrs_mape_ci_lower_val,user_attrs_mape_ci_upper_val,user_attrs_mape_df_val,user_attrs_mape_mean_val,user_attrs_mape_samperror_val,user_attrs_mape_std_val,user_attrs_mape_t_critical_val,user_attrs_max_error_ci_lower_val,user_attrs_max_error_ci_upper_val,user_attrs_max_error_df_val,user_attrs_max_error_mean_val,user_attrs_max_error_samperror_val,user_attrs_max_error_std_val,user_attrs_max_error_t_critical_val,user_attrs_median_ae_ci_lower_val,user_attrs_median_ae_ci_upper_val,user_attrs_median_ae_df_val,user_attrs_median_ae_mean_val,user_attrs_median_ae_samperror_val,user_attrs_median_ae_std_val,user_attrs_median_ae_t_critical_val,user_attrs_n_splits_val,user_attrs_r2_below_zero_val,user_attrs_r2_ci_lower_val,user_attrs_r2_ci_upper_val,user_attrs_r2_df_val,user_attrs_r2_mean_val,user_attrs_r2_samperror_val,user_attrs_r2_std_val,user_attrs_r2_t_critical_val,user_attrs_regressor_final,user_attrs_rfe_estimator,user_attrs_rfe_n_features,user_attrs_rfe_selected_features,user_attrs_rho_ci_lower_val,user_attrs_rho_ci_upper_val,user_attrs_rho_df_val,user_attrs_rho_mean_val,user_attrs_rho_samperror_val,user_attrs_rho_std_val,user_attrs_rho_t_critical_val,user_attrs_rmse_ci_lower_val,user_attrs_rmse_ci_upper_val,user_attrs_rmse_df_val,user_attrs_rmse_mean_val,user_attrs_rmse_samperror_val,user_attrs_rmse_std_val,user_attrs_rmse_t_critical_val,user_attrs_termination_reason,user_attrs_use_scaler_final,state
23,1.066937786203027,2026-06-13 07:02:40.063686,2026-06-13 07:02:45.434517,0 days 00:00:05.370831,,,,,,19.0,log2,2.0,3.0,54.0,,,,,ExtraTreesRegressor,,,,,,15,,,,,,,,True,,,,,,,,,-0.06619789070370287,-0.05254536648932254,98.0,-0.0593716285965127,0.006826262107190166,0.03422603390960348,1.9844674545084815,1.0553412845125856,1.0785342878934683,98.0,1.066937786203027,0.01159650169044129,0.05814342518019587,1.9844674545084815,221186137449376.06,303633831713524.56,98.0,262409984581450.3,41223847132074.234,206691270811376.88,1.9844674545084815,3.0995110448240153,3.2029445679705466,98.0,3.151227806397281,0.051716761573265504,0.25930144601934385,1.9844674545084815,0.9359490512949444,0.9662774421937625,98.0,0.9511132467443535,0.015164195449409057,0.07603140042288307,1.9844674545084815,99.0,0.48484848484848486,-0.007142291734534827,0.015293473030429345,98.0,0.004075590647947259,0.011217882382482086,0.05624507479904176,1.9844674545084815,ExtraTreesRegressor,"{'mode': 'original', 'type': 'ExtraTreesRegressor'}",15,"['edges_T2W20', 're_T2W20', 'pe_T2W20', 'l1_T2W20', 'l2_T2W20', 'l3_T2W20', 'lcc_T2W20', 'lsc_T2W20', 'density_T2W20', 'asp_T2W20', 'z_l1_T2W20', 'z_l3_T2W20', 'z_lsc_T2W20', 'z_density_T2W20', 'z_diameter_T2W20']",0.11105554356582753,0.15374505022038215,98.0,0.13240029689310484,0.021344753327277307,0.10701995318961216,1.9844674545084815,1.3139848926861342,1.3444940492580535,98.0,1.3292394709720938,0.015254578285959634,0.07648456878648398,1.9844674545084815,completed,True,COMPLETE
24,1.100587424845861,2026-06-13 07:02:45.446724,2026-06-13 07:02:47.484813,0 days 00:00:02.038089,,,,,,,,,,,manhattan,10.0,distance,,KNeighborsRegressor,,,,,,4,,,,,1.111840595313212,0.029707920514735964,LinearSVR,,,,,,,,,,-0.1046704678038207,-0.08113270948354975,98.0,-0.09290158864368522,0.011768879160135463,0.059007704492997255,1.9844674545084815,1.0858068876806182,1.1153679620111037,98.0,1.100587424845861,0.01478053716524269,0.07410778523826436,1.9844674545084815,232503132786803.0,316597900925965.06,98.0,274550516856384.03,42047384069581.02,210820383158122.2,1.9844674545084815,3.1870318813612144,3.3261229653604314,98.0,3.256577423360823,0.06954554199960833,0.34869274595143196,1.9844674545084815,0.8838464140675231,0.9217461696161975,98.0,0.9027962918418603,0.01894987777433719,0.09501234337371127,1.9844674545084815,99.0,0.6464646464646465,-0.06460411137731838,-0.026944546288805982,98.0,-0.04577432883306218,0.018829782544256195,0.09441020074388107,1.9844674545084815,KNeighborsRegressor,"{'mode': 'proxy', 'type': 'LinearSVR'}",4,"['edges_T2W20', 'lsc_T2W20', 'density_T2W20', 'diameter_T2W20']",0.13003449318688254,0.18017738647881282,98.0,0.15510593983284768,0.025071446645965133,0.12570513255911697,1.9844674545084815,1.3431714508420196,1.379371820604125,98.0,1.3612716357230723,0.018100184881052698,0.0907520882997562,1.9844674545084815,completed,True,COMPLETE
25,1.2473433713561162,2026-06-13 07:02:47.497398,2026-06-13 07:03:05.602563,0 days 00:00:18.105165,,,,,,,,,,,,,,,XGBRegressor,,,,,,21,,,,,,,,True,gbtree,0.6881297927654579,0.2769773095430998,10.0,416.0,5.642953223871804e-08,0.09870115694031281,0.8766890926294708,-0.25773649242523466,-0.21934189068924617,98.0,-0.2385391915572404,0.019197300867994243,0.09625289216315866,1.9844674545084815,1.2250455228875012,1.269641219824731,98.0,1.2473433713561162,0.022297848468615013,0.11179865434615621,1.9844674545084815,224671484656870.28,312636851843935.75,98.0,268654168250403.0,43982683593532.73,220523735606637.38,1.9844674545084815,3.5479270098176134,3.7356466565252684,98.0,3.641786833171441,0.09385982335382728,0.47060154538657134,1.9844674545084815,1.0585978437354469,1.119555388155068,98.0,1.0890766159452574,0.03047877220981063,0.15281679413939886,1.9844674545084815,99.0,0.9797979797979798,-0.3653517524032978,-0.29064535272336084,98.0,-0.3279985525633293,0.03735319983996847,0.18728432402388281,1.9844674545084815,XGBRegressor,"{'mode': 'original', 'type': 'XGBRegressor'}",21,"['nodes_T2W20', 're_T2W20', 'pe_T2W20', 'l1_T2W20', 'l2_T2W20', 'l3_T2W20', 'lcc_T2W20', 'lsc_T2W20', 'atd_T2W20', 'density_T2W20', 'diameter_T2W20', 'asp_T2W20', 'z_re_T2W20', 'z_pe_T2W20', 'z_l1_T2W20', 'z_l2_T2W20', 'z_l3_T2W20', 'z_lsc_T2W20', 'z_density_T2W20', 'z_diameter_T2W20', 'z_asp_T2W20']",-0.029955452388580894,0.02943924741989552,98.0,-0.00025810248434268837,0.029697349904238207,0.1488988393482883,1.9844674545084815,1.5055563725114018,1.5573918215113751,98.0,1.5314740970113885,0.025917724499986583,0.12994826504859108,1.9844674545084815,completed,True,COMPLETE
26,1.0762436801586488,2026-06-13 07:03:05.614826,2026-06-13 07:03:44.851567,0 days 00:00:39.236741,,,,,,,,,,,,,,,XGBRegressor,,,,,,20,,,,,,,,True,gbtree,0.6117979192597263,0.005102035565208404,5.0,483.0,4.666624480502756,1.286442182600391e-08,0.9342995640947301,-0.0763162668249576,-0.06077070349758534,98.0,-0.06854348516127147,0.0077727816636861255,0.038971765897042245,1.9844674545084815,1.0637131722776971,1.0887741880396005,98.0,1.0762436801586488,0.01253050788095166,0.06282641669827954,1.9844674545084815,204058670814262.38,281499383413361.6,98.0,242779027113812.0,38720356299549.61,194139077417554.97,1.9844674545084815,3.041085640476114,3.155089111152415,98.0,3.0980873758142646,0.05700173533815065,0.2857996508125347,1.9844674545084815,0.9433683858288833,0.9794970591347454,98.0,0.9614327224818143,0.018064336652931074,0.09057234971778796,1.9844674545084815,99.0,0.3939393939393939,0.004033528369567694,0.028425806421256753,98.0,0.016229667395412224,0.01219613902584453,0.06114993261467576,1.9844674545084815,XGBRegressor,"{'mode': 'original', 'type': 'XGBRegressor'}",20,"['edges_T2W20', 're_T2W20', 'pe_T2W20', 'l1_T2W20', 'l2_T2W20', 'l3_T2W20', 'lcc_T2W20', 'lsc_T2W20', 'atd_T2W20', 'density_T2W20', 'diameter_T2W20', 'asp_T2W20', 'z_pe_T2W20', 'z_l1_T2W20', 'z_l2_T2W20', 'z_l3_T2W20', 'z_lsc_T2W20', 'z_density_T2W20', 'z_diameter_T2W20', 'z_asp_T2W20']",0.1574257948686545,0.19659438249724387,98.0,0.17701008868294918,0.01958429381429468,0.09819322693127498,1.9844674545084815,1.3052053016432554,1.33698546903605,98.0,1.3210953853396528,0.015890083696397286,0.07967091431289809,1.9844674545084815,completed,True,COMPLETE
27,1.025132195391695,2026-06-13 07:03:44.864852,2026-06-13 07:03:47.312876,0 days 00:00:02.448024,,,,0.08347790852520648,0.901158010490989,,,,,,,,,,ElasticNet,,,,,,2,,,,,,,,False,,,,,,,,,-0.02235269102275347,-0.013058295495787586,98.0,-0.017705493259270528,0.004647197763482942,0.0233004748045151,1.9844674545084815,1.0144037066327736,1.0358606841506164,98.0,1.025132195391695,0.010728488758921515,0.05379131570041517,1.9844674545084815,232200141017946.7,316262474213589.3,98.0,274231307615768.0,42031166597821.305,210739070760552.28,1.9844674545084815,2.992064769133246,3.038201487872308,98.0,3.015133128502777,0.023068359369530927,0.11566190070387956,1.9844674545084815,0.9677174710075677,0.9799733532205223,98.0,0.973845412114045,0.006127941106477293,0.030724738782800163,1.9844674545084815,99.0,0.1717171717171717,0.014962378735424938,0.025984739328038593,98.0,0.020473559031731765,0.005511180296306826,0.027632376363728346,1.9844674545084815,ElasticNet,"{'mode': 'original', 'type': 'ElasticNet'}",2,"['lcc_T2W20', 'z_asp_T2W20']",0.1376495238089253,0.19021880259013413,98.0,0.16393416319952972,0.026284639390604395,0.1317879309288385,1.9844674545084815,1.3047482084256805,1.332709827880597,98.0,1.3187290181531388,0.013980809727458373,0.07009805077828579,1.9844674545084815,completed,False,COMPLETE
28,1.1716139374817327,2026-06-13 07:03:47.325181,2026-06-13 07:03:51.518440,0 days 00:00:04.193259,,,,0.0002447220966646715,0.9743948076661665,,,,,,,,,,ElasticNet,,,,,,22,,,,,,,,False,,,,,,,,,-0.1864467025719816,-0.1389308896617788,98.0,-0.1626887961168802,0.023757906455101403,0.11911920450534724,1.9844674545084815,1.1441333400633018,1.1990945349001636,98.0,1.1716139374817327,0.02748059741843092,0.13778431656011075,1.9844674545084815,233463413214031.4,317141398247024.6,98.0,275302405730528.03,41838992516496.62,209775533685549.28,1.9844674545084815,4.124519290956059,5.402188476093256,98.0,4.763353883524657,0.6388345925685986,3.203037633853849,1.9844674545084815,0.9579780060649223,1.005311778376379,98.0,0.9816448922206507,0.023666886155728362,0.11866283998199813,1.9844674545084815,99.0,0.8282828282828283,-0.5213933892787816,-0.2682347240956792,98.0,-0.3948140566872304,0.12657933259155119,0.6346531178417756,1.9844674545084815,ElasticNet,"{'mode': 'original', 'type': 'ElasticNet'}",22,"['nodes_T2W20', 'edges_T2W20', 're_T2W20', 'pe_T2W20', 'l1_T2W20', 'l2_T2W20', 'l3_T2W20', 'lcc_T2W20', 'lsc_T2W20', 'atd_T2W20', 'density_T2W20', 'diameter_T2W20', 'asp_T2W20', 'z_re_T2W20', 'z_pe_T2W20', 'z_l1_T2W20', 'z_l2_T2W20', 'z_l3_T2W20', 'z_lsc_T2W20', 'z_density_T2W20', 'z_diameter_T2W20', 'z_asp_T2W20']",0.09799383321409683,0.15613883447803767,98.0,0.12706633384606725,0.029072500631970418,0.14576592238066963,1.9844674545084815,1.4796148826348638,1.6129795167888792,98.0,1.5462971997118715,0.0666823170770076,0.33433689032313235,1.9844674545084815,completed,False,COMPLETE
29,1.3323458627278075,2026-06-13 07:03:51.530534,2026-06-13 07:03:53.437373,0 days 00:00:01.906839,13.0,5.0,9.0,,,,,,,,,,,,DecisionTreeRegressor,,,,,,20,,,,,,,,True,,,,,,,,,-0.3481378462227255,-0.2994513355338616,98.0,-0.32379459087829354,0.02434325534443192,0.12205407143846321,1.9844674545084815,1.3072668908297578,1.3574248346258573,98.0,1.3323458627278075,0.025078971898049765,0.12574286324231995,1.9844674545084815,194442806011577.8,271420017996872.94,98.0,232931412004225.38,38488605992647.56,192977110042432.4,1.9844674545084815,3.760962968725954,3.9408888831258997,98.0,3.8509259259259268,0.08996295719997306,0.45106314046911056,1.9844674545084815,1.11476522857199,1.1903854849120572,98.0,1.1525753567420236,0.037810128170033645,0.18957530615634396,1.9844674545084815,99.0,0.98989898989899,-0.5858773534101611,-0.4825400534320814,98.0,-0.5342087034211213,0.05166864998903985,0.2590602204866445,1.9844674545084815,DecisionTreeRegressor,"{'mode': 'original', 'type': 'DecisionTreeRegressor'}",20,"['edges_T2W20', 're_T2W20', 'l1_T2W20', 'l2_T2W20', 'l3_T2W20', 'lcc_T2W20', 'lsc_T2W20', 'atd_T2W20', 'density_T2W20', 'diameter_T2W20', 'asp_T2W20', 'z_re_T2W20', 'z_pe_T2W20', 'z_l1_T2W20', 'z_l2_T2W20', 'z_l3_T2W20', 'z_lsc_T2W20', 'z_density_T2W20', 'z_diameter_T2W20', 'z_asp_T2W20']",0.03778774359398302,0.09474412625110168,98.0,0.06626593492254235,0.028478191328559326,0.14278612903960883,1.9844674545084815,1.615190641837835,1.6696497026233947,98.0,1.6424201722306149,0.027229530392779762,0.1365254975463391,1.9844674545084815,completed,True,COMPLETE
30,1.074132527283238,2026-06-13 07:03:53.449748,2026-06-13 07:04:18.330468,0 days 00:00:24.880720,,,,,,10.0,log2,2.0,6.0,428.0,,,,,ExtraTreesRegressor,,,,,,22,,,,,,,,True,,,,,,,,,-0.07282173446182147,-0.059842368521460854,98.0,-0.06633205149164116,0.006489682970180306,0.03253846774591476,1.9844674545084815,1.0619849757465156,1.0862800788199605,98.0,1.074132527283238,0.01214755153672241,0.06090632095368716,1.9844674545084815,227367700972358.22,311434005715396.6,98.0,269400853343877.4,42033152371519.19,210749027184266.03,1.9844674545084815,3.0819023480639016,3.176760357436959,98.0,3.1293313527504303,0.047429004686528844,0.23780316331393633,1.9844674545084815,0.9506064883359597,0.9795157120398355,98.0,0.9650611001878976,0.014454611851937912,0.07247363602893095,1.9844674545084815,99.0,0.6262626262626263,-0.023383769266190436,-0.0030612141712265343,98.0,-0.013222491718708484,0.01016127754748195,0.050947388840913314,1.9844674545084815,ExtraTreesRegressor,"{'mode': 'original', 'type': 'ExtraTreesRegressor'}",22,"['nodes_T2W20', 'edges_T2W20', 're_T2W20', 'pe_T2W20', 'l1_T2W20', 'l2_T2W20', 'l3_T2W20', 'lcc_T2W20', 'lsc_T2W20', 'atd_T2W20', 'density_T2W20', 'diameter_T2W20', 'asp_T2W20', 'z_re_T2W20', 'z_pe_T2W20', 'z_l1_T2W20', 'z_l2_T2W20', 'z_l3_T2W20', 'z_lsc_T2W20', 'z_density_T2W20', 'z_diameter_T2W20', 'z_asp_T2W20']",0.06531507651728682,0.109454679236555,98.0,0.08738487787692091,0.022069801359634083,0.11065525434738573,1.9844674545084815,1.3253634212931547,1.3566936478947291,98.0,1.341028534593942,0.015665113300787202,0.07854294057443038,1.9844674545084815,completed,True,COMPLETE
31,1.046545489761416,2026-06-13 07:04:18.349519,2026-06-13 07:04:20.392177,0 days 00:00:02.042658,,,,,,,,,,,,,,,LinearRegression,,,,,,6,,,,,,,,True,,,,,,,,,-0.05058546834702215,-0.02777415632976795,98.0,-0.03917981233839505,0.011405656008627101,0.05718654853603747,1.9844674545084815,1.0320596577368668,1.061031321785965,98.0,1.046545489761416,0.014485832024549106,0.0726301701129839,1.9844674545084815,230389011026213.7,314260378985293.7,98.0,272324695005753.7,41935683979539.984,210260332722112.16,1.9844674545084815,3.179815235234655,3.3538351739138723,98.0,3.2668252045742636,0.0870099693396085,0.4362572245730555,1.9844674545084815,0.9040018985271082,0.9330758389307138,98.0,0.918538868728911,0.014536970201802751,0.07288657060878599,1.9844674545084815,99.0,0.48484848484848486,-0.030000837351152762,0.0074919439842918555,98.0,-0.011254446683430454,0.01874639066772231,0.0939920841891376,1.9844674545084815,LinearRegression,"{'mode': 'original', 'type': 'LinearRegression'}",6,"['nodes_T2W20', 'atd_T2W20', 'diameter_T2W20', 'asp_T2W20', 'z_diameter_T2W20', 'z_asp_T2W20']",0.10803694788340301,0.16122042701952466,98.0,0.13462868745146384,0.02659173956806082,0.1333276932353866,1.9844674545084815,1.3211947476471535,1.3554822385783318,98.0,1.3383384931127427,0.01714374546558921,0.08595661936637693,1.9844674545084815,completed,True,COMPLETE
32,1.221372985358428,2026-06-13 07:04:20.419263,2026-06-13 07:04:22.055247,0 days 00:00:01.635984,12.0,3.0,18.0,,,,,,,,,,,,DecisionTreeRegressor,,,,,,4,,,,,,,,True,,,,,,,,,-0.23512544549052833,-0.19208378681250887,98.0,-0.2136046161515186,0.02152082933900973,0.10790277653474475,1.9844674545084815,1.1992495903723037,1.2434963803445525,98.0,1.221372985358428,0.02212339498612438,0.11092396616196189,1.9844674545084815,186807553882148.62,260223228951135.8,98.0,223515391416642.22,36707837534493.58,184048557244887.03,1.9844674545084815,3.495041769535163,3.6631031472104674,98.0,3.5790724583728153,0.08403068883765226,0.4213194806240252,1.9844674545084815,1.0158340530330559,1.082298375045896,98.0,1.049066214039476,0.033232161006420055,0.1666219450168923,1.9844674545084815,99.0,0.9292929292929293,-0.3400833492304785,-0.2547957560575623,98.0,-0.2974395526440204,0.04264379658645811,0.21381072175136867,1.9844674545084815,DecisionTreeRegressor,"{'mode': 'original', 'type': 'DecisionTreeRegressor'}",4,"['edges_T2W20', 'z_pe_T2W20', 'z_lsc_T2W20', 'z_asp_T2W20']",0.11737223512066956,0.1706510950293511,98.0,0.14401166507501034,0.026639429954340776,0.1335668069336814,1.9844674545084815,1.4854116889245883,1.5371143907161369,98.0,1.5112630398203626,0.025851350895774203,0.1296154760063885,1.9844674545084815,completed,True,COMPLETE
33,1.0425566225165943,2026-06-13 07:04:22.067580,2026-06-13 07:04:23.849389,0 days 00:00:01.781809,,,,0.015394819813084208,0.9041586944937484,,,,,,,,,,ElasticNet,,,,,,9,,,,,,,,True,,,,,,,,,-0.04488211070820962,-0.024984717494897446,98.0,-0.03493341410155353,0.009948696606656085,0.04988153429636282,1.9844674545084815,1.0282771744546635,1.0568360705785251,98.0,1.0425566225165943,0.014279448061930784,0.0715953864507022,1.9844674545084815,222139962117920.44,303510599375015.9,98.0,262825280746468.16,40685318628547.7,203991155501773.88,1.9844674545084815,3.0651619691994525,3.1889532384849173,98.0,3.127057603842185,0.06189563464273261,0.31033705663121536,1.9844674545084815,0.8969013525842637,0.9248887745043881,98.0,0.9108950635443259,0.0139937109600622,0.07016273596289205,1.9844674545084815,99.0,0.35353535353535354,0.010028554193184184,0.04016530605870276,98.0,0.025096930125943474,0.01506837593275929,0.07555097321769234,1.9844674545084815,ElasticNet,"{'mode': 'original', 'type': 'ElasticNet'}",9,"['edges_T2W20', 'pe_T2W20', 'l2_T2W20', 'lsc_T2W20', 'density_T2W20', 'z_l2_T2W20', 'z_l3_T2W20', 'z_lsc_T2W20', 'z_diameter_T2W20']",0.17682887194848915,0.23122269167497275,98.0,0.20402578181173095,0.02719690986324181,0.1363619422458564,1.9844674545084815,1.2975701718330452,1.3322991314045936,98.0,1.3149346516188194,0.017364479785774142,0.08706335394659545,1.9844674545084815,completed,True,COMPLETE
34,1.0875649856984322,2026-06-13 07:04:23.861540,2026-06-13 07:04:25.737149,0 days 00:00:01.875609,,,,,,,,,,,euclidean,10.0,distance,,KNeighborsRegressor,,,,,,4,3.0,1.0,3.0,20.0,,,ExtraTrees,,,,,,,,,,-0.0909721849627188,-0.06926969437998359,98.0,-0.0801209396713512,0.010851245291367604,0.05440680177114481,1.9844674545084815,1.073894846256736,1.1012351251401284,98.0,1.0875649856984322,0.013670139441696283,0.06854038839025653,1.9844674545084815,225204630562450.38,308589737048991.9,98.0,266897183805721.12,41692553243270.734,209041305281713.53,1.9844674545084815,3.1778324871602135,3.3078732249763942,98.0,3.242852856068304,0.06502036890809024,0.3260040877597127,1.9844674545084815,0.8889912913007197,0.9295858613266664,98.0,0.9092885763136931,0.02029728501297329,0.10176807661621737,1.9844674545084815,99.0,0.6161616161616161,-0.058349500755364755,-0.01868772031136434,98.0,-0.03851861053336455,0.01983089022200021,0.09942963081960883,1.9844674545084815,KNeighborsRegressor,"{'mode': 'proxy', 'type': 'ExtraTrees'}",4,"['edges_T2W20', 'l2_T2W20', 'l3_T2W20', 'atd_T2W20']",0.13847999869544927,0.18659611390552297,98.0,0.16253805630048612,0.024058057605036837,0.12062412524738496,1.9844674545084815,1.3379062410778537,1.374573483113186,98.0,1.3562398620955198,0.018333621017666092,0.09192250821654219,1.9844674545084815,completed,True,COMPLETE
35,1.0759183775354697,2026-06-13 07:04:25.749673,2026-06-13 07:04:43.536982,0 days 00:00:17.787309,,,,,,,,,,,,,,,RandomForestRegressor,5.0,sqrt,1.0,2.0,175.0,12,,,,,,,,False,,,,,,,,,-0.0758009558344344,-0.06071602652816656,98.0,-0.06825849118130048,0.007542464653133918,0.037816984892542684,1.9844674545084815,1.0636240996375526,1.0882126554333869,98.0,1.0759183775354697,0.01229427789791706,0.06164198878109027,1.9844674545084815,216252094116898.94,297417808064547.6,98.0,256834951090723.28,40582856973824.35,203477425437804.94,1.9844674545084815,3.0383275505951124,3.160482638154467,98.0,3.0994050943747897,0.06107754377967725,0.3062352502281801,1.9844674545084815,0.9376774034366493,0.9728679631670052,98.0,0.9552726833018272,0.017595279865178,0.08822055699856955,1.9844674545084815,99.0,0.42424242424242425,-0.010079356081343744,0.01553945138244204,98.0,0.0027300476505491486,0.012809403731892892,0.06422476600008967,1.9844674545084815,RandomForestRegressor,"{'mode': 'original', 'type': 'RandomForestRegressor'}",12,"['edges_T2W20', 'l2_T2W20', 'l3_T2W20', 'lcc_T2W20', 'density_T2W20', 'diameter_T2W20', 'z_re_T2W20', 'z_l1_T2W20', 'z_l2_T2W20', 'z_l3_T2W20', 'z_lsc_T2W20', 'z_density_T2W20']",0.11820426462853512,0.16058279865888064,98.0,0.13939353164370788,0.021189267015172764,0.10624036405180802,1.9844674545084815,1.3136942023392513,1.3466703936098503,98.0,1.3301822979745508,0.016488095635299564,0.08266927221035685,1.9844674545084815,completed,False,COMPLETE
