number,value,datetime_start,datetime_complete,duration,params_dt_max_depth,params_dt_min_samples_leaf,params_dt_min_samples_split,params_elastic_alpha,params_elastic_l1_ratio,params_et_max_depth,params_et_max_features,params_et_min_samples_leaf,params_et_min_samples_split,params_et_n_estimators,params_knn_metric,params_knn_n_neighbors,params_knn_weights,params_quantile_alpha,params_regressor,params_rf_max_depth,params_rf_max_features,params_rf_min_samples_leaf,params_rf_min_samples_split,params_rf_n_estimators,params_rfe_n_features,params_rfe_proxy_et_max_depth,params_rfe_proxy_et_min_samples_leaf,params_rfe_proxy_et_min_samples_split,params_rfe_proxy_et_n_estimators,params_rfe_proxy_lsvr_C,params_rfe_proxy_lsvr_epsilon,params_rfe_proxy_type,params_use_scaler,params_xgb_booster,params_xgb_colsample_bytree,params_xgb_learning_rate,params_xgb_max_depth,params_xgb_n_estimators,params_xgb_reg_alpha,params_xgb_reg_lambda,params_xgb_subsample,user_attrs_d2mae_ci_lower_val,user_attrs_d2mae_ci_upper_val,user_attrs_d2mae_df_val,user_attrs_d2mae_mean_val,user_attrs_d2mae_samperror_val,user_attrs_d2mae_std_val,user_attrs_d2mae_t_critical_val,user_attrs_mae_ci_lower_val,user_attrs_mae_ci_upper_val,user_attrs_mae_df_val,user_attrs_mae_mean_val,user_attrs_mae_samperror_val,user_attrs_mae_std_val,user_attrs_mae_t_critical_val,user_attrs_mape_ci_lower_val,user_attrs_mape_ci_upper_val,user_attrs_mape_df_val,user_attrs_mape_mean_val,user_attrs_mape_samperror_val,user_attrs_mape_std_val,user_attrs_mape_t_critical_val,user_attrs_max_error_ci_lower_val,user_attrs_max_error_ci_upper_val,user_attrs_max_error_df_val,user_attrs_max_error_mean_val,user_attrs_max_error_samperror_val,user_attrs_max_error_std_val,user_attrs_max_error_t_critical_val,user_attrs_median_ae_ci_lower_val,user_attrs_median_ae_ci_upper_val,user_attrs_median_ae_df_val,user_attrs_median_ae_mean_val,user_attrs_median_ae_samperror_val,user_attrs_median_ae_std_val,user_attrs_median_ae_t_critical_val,user_attrs_n_splits_val,user_attrs_r2_below_zero_val,user_attrs_r2_ci_lower_val,user_attrs_r2_ci_upper_val,user_attrs_r2_df_val,user_attrs_r2_mean_val,user_attrs_r2_samperror_val,user_attrs_r2_std_val,user_attrs_r2_t_critical_val,user_attrs_regressor_final,user_attrs_rfe_estimator,user_attrs_rfe_n_features,user_attrs_rfe_selected_features,user_attrs_rho_ci_lower_val,user_attrs_rho_ci_upper_val,user_attrs_rho_df_val,user_attrs_rho_mean_val,user_attrs_rho_samperror_val,user_attrs_rho_std_val,user_attrs_rho_t_critical_val,user_attrs_rmse_ci_lower_val,user_attrs_rmse_ci_upper_val,user_attrs_rmse_df_val,user_attrs_rmse_mean_val,user_attrs_rmse_samperror_val,user_attrs_rmse_std_val,user_attrs_rmse_t_critical_val,user_attrs_termination_reason,user_attrs_use_scaler_final,state
103,1.0349899074643245,2026-06-13 07:11:41.854542,2026-06-13 07:11:43.514154,0 days 00:00:01.659612,,,,0.05875045082789027,0.30552431065802355,,,,,,,,,,ElasticNet,,,,,,10,,,,,,,,False,,,,,,,,,-0.03424521474459651,-0.020513760800863794,98.0,-0.02737948777273015,0.006865726971866358,0.03442390585993813,1.9844674545084815,1.0226355182157385,1.0473442967129105,98.0,1.0349899074643245,0.012354389248585923,0.061943379658562954,1.9844674545084815,222382845021576.16,303849243024709.4,98.0,263116044023142.78,40733199001566.62,204231221770079.6,1.9844674545084815,3.0746219447312035,3.164722671745128,98.0,3.1196723082381657,0.045050363506962184,0.2258769506382062,1.9844674545084815,0.9388639457159007,0.9614356380576174,98.0,0.9501497918867591,0.011285846170858357,0.056585836827962574,1.9844674545084815,99.0,0.25252525252525254,0.014969888991448363,0.033854943630611735,98.0,0.024412416311030048,0.009442527319581685,0.04734366409575032,1.9844674545084815,ElasticNet,"{'mode': 'original', 'type': 'ElasticNet'}",10,"['edges_T2W20', 'lcc_T2W20', 'lsc_T2W20', 'z_re_T2W20', 'z_l2_T2W20', 'z_l3_T2W20', 'z_lsc_T2W20', 'z_density_T2W20', 'z_diameter_T2W20', 'z_asp_T2W20']",0.10759731901165825,0.16276351318888177,98.0,0.13518041610027,0.027583097088611754,0.1382982372288816,1.9844674545084815,1.3002921526698499,1.3318634838299817,98.0,1.3160778182499158,0.015785665580065885,0.07914737479240838,1.9844674545084815,completed,False,COMPLETE
104,1.0747398761622016,2026-06-13 07:11:43.527079,2026-06-13 07:11:46.126044,0 days 00:00:02.598965,,,,,,,,,,,manhattan,19.0,distance,,KNeighborsRegressor,,,,,,16,2.0,1.0,6.0,40.0,,,ExtraTrees,,,,,,,,,,-0.07362624385429707,-0.059935948024158206,98.0,-0.06678109593922764,0.006845147915069436,0.03432072501444771,1.9844674545084815,1.061746180859641,1.0877335714647622,98.0,1.0747398761622016,0.01299369530256062,0.06514878114159499,1.9844674545084815,239990967757099.94,329978459744666.7,98.0,284984713750883.3,44993745993783.375,225593077429778.7,1.9844674545084815,3.1085403747404765,3.20253428200838,98.0,3.1555373283744284,0.04699695363395172,0.23563691277389207,1.9844674545084815,0.9402666399040016,0.9748840188614953,98.0,0.9575753293827485,0.017308689478746895,0.08678362824750012,1.9844674545084815,99.0,0.6161616161616161,-0.035852473514262094,-0.013641042144809974,98.0,-0.024746757829536035,0.011105715684726061,0.055682684849660484,1.9844674545084815,KNeighborsRegressor,"{'mode': 'proxy', 'type': 'ExtraTrees'}",16,"['nodes_T2W20', 'edges_T2W20', 'l2_T2W20', 'l3_T2W20', 'lcc_T2W20', 'lsc_T2W20', 'atd_T2W20', 'density_T2W20', 'diameter_T2W20', 'z_re_T2W20', 'z_pe_T2W20', 'z_l1_T2W20', 'z_l2_T2W20', 'z_l3_T2W20', 'z_lsc_T2W20', 'z_density_T2W20']",0.04264537196100045,0.09398307122930204,98.0,0.06831422159515124,0.025668849634150795,0.12870043725299976,1.9844674545084815,1.3318751181242636,1.365750848909386,98.0,1.3488129835168248,0.01693786539256114,0.08492436214417792,1.9844674545084815,completed,True,COMPLETE
105,1.0648596322384443,2026-06-13 07:11:46.138963,2026-06-13 07:11:48.603283,0 days 00:00:02.464320,,,,0.0007485022950356935,0.5025660764634424,,,,,,,,,,ElasticNet,,,,,,10,,,,,,,,False,,,,,,,,,-0.07184032250783386,-0.04292332270886903,98.0,-0.057381822608351445,0.014458499899482414,0.07249313021843183,1.9844674545084815,1.0477410829209846,1.081978181555904,98.0,1.0648596322384443,0.017118549317459816,0.08583028899600341,1.9844674545084815,232923463211573.22,317884365490018.9,98.0,275403914350796.03,42480451139222.81,212991727882064.12,1.9844674545084815,3.215801794160602,3.4687176594436817,98.0,3.342259726802142,0.12645793264153993,0.6340444335075873,1.9844674545084815,0.9007843332301466,0.9376482019199015,98.0,0.9192162675750241,0.01843193434487745,0.09241543907944556,1.9844674545084815,99.0,0.48484848484848486,-0.057102139752300524,0.002186825804523309,98.0,-0.02745765697388861,0.029644482778411918,0.14863377011818535,1.9844674545084815,ElasticNet,"{'mode': 'original', 'type': 'ElasticNet'}",10,"['edges_T2W20', 're_T2W20', 'pe_T2W20', 'l2_T2W20', 'lsc_T2W20', 'atd_T2W20', 'asp_T2W20', 'z_l3_T2W20', 'z_diameter_T2W20', 'z_asp_T2W20']",0.16400099044818675,0.2221128372248801,98.0,0.19305691383653342,0.029055923388346668,0.1456828061314713,1.9844674545084815,1.3242803539481585,1.3705310642542428,98.0,1.3474057091012006,0.023125355153042083,0.11594767051296768,1.9844674545084815,completed,False,COMPLETE
106,1.0425548523865162,2026-06-13 07:11:48.643616,2026-06-13 07:12:10.543931,0 days 00:00:21.900315,,,,,,,,,,,,,,,XGBRegressor,,,,,,18,,,,,,,,True,gbtree,0.6080190912547998,0.0018270239281680462,5.0,278.0,0.0037695681044651328,0.0071090215639210445,0.8204131573451031,-0.038858662729345024,-0.031016235547449554,98.0,-0.03493744913839729,0.003921213590947736,0.01966047995567195,1.9844674545084815,1.0316392350673607,1.0534704697056718,98.0,1.0425548523865162,0.01091561731915553,0.05472955515671711,1.9844674545084815,228743680845113.8,312496043960245.0,98.0,270619862402679.4,41876181557565.61,209961994937799.22,1.9844674545084815,3.0221216992647,3.0815808796170745,98.0,3.0518512894408873,0.029729590176187183,0.14906048808425146,1.9844674545084815,0.9675531249312576,0.9844494100314062,98.0,0.9760012674813319,0.008448142550074308,0.042357941850408386,1.9844674545084815,99.0,0.29292929292929293,0.010806638977069275,0.022208828343931737,98.0,0.016507733660500505,0.00570109468343123,0.028584583611497936,1.9844674545084815,XGBRegressor,"{'mode': 'original', 'type': 'XGBRegressor'}",18,"['edges_T2W20', 'l2_T2W20', 'l3_T2W20', 'lcc_T2W20', 'lsc_T2W20', 'atd_T2W20', 'density_T2W20', 'diameter_T2W20', 'asp_T2W20', 'z_re_T2W20', 'z_pe_T2W20', 'z_l1_T2W20', 'z_l2_T2W20', 'z_l3_T2W20', 'z_lsc_T2W20', 'z_density_T2W20', 'z_diameter_T2W20', 'z_asp_T2W20']",0.1127853237327307,0.15486000089300106,98.0,0.13382266231286588,0.021037338580135186,0.10547861366956705,1.9844674545084815,1.3067049182437347,1.3364980182146238,98.0,1.3216014682291792,0.01489654998544464,0.07468945916988769,1.9844674545084815,completed,True,COMPLETE
107,1.094124557383188,2026-06-13 07:12:10.556560,2026-06-13 07:12:13.091734,0 days 00:00:02.535174,,,,,,,,,,,,,,0.00032005827119523133,QuantileRegressor,,,,,,16,,,,,,,,False,,,,,,,,,-0.10548121550258399,-0.06660920145037863,98.0,-0.08604520847648131,0.019436007026102674,0.09744973531590617,1.9844674545084815,1.0717488926852392,1.1165002220811366,98.0,1.094124557383188,0.022375664697948737,0.11218881529545353,1.9844674545084815,226422394891782.7,308480816187720.0,98.0,267451605539751.34,41029210647968.66,205715387553389.03,1.9844674545084815,3.3862121155980027,4.0158073005976895,98.0,3.701009708097846,0.31479759249984346,1.5783561935327002,1.9844674545084815,0.9580406841550553,0.990304959271445,98.0,0.9741728217132501,0.016132137558194832,0.08088454243788719,1.9844674545084815,99.0,0.6565656565656566,-0.19703533214302388,-0.07270175919278787,98.0,-0.13486854566790588,0.06216678647511801,0.3116965783817937,1.9844674545084815,QuantileRegressor,"{'mode': 'original', 'type': 'QuantileRegressor'}",16,"['nodes_T2W20', 'edges_T2W20', 're_T2W20', 'pe_T2W20', 'l1_T2W20', 'l2_T2W20', 'lcc_T2W20', 'lsc_T2W20', 'atd_T2W20', 'diameter_T2W20', 'asp_T2W20', 'z_re_T2W20', 'z_pe_T2W20', 'z_l2_T2W20', 'z_diameter_T2W20', 'z_asp_T2W20']",0.06563821092856163,0.12384044587348757,98.0,0.0947393284010246,0.029101117472462967,0.14590940367946886,1.9844674545084815,1.3727436850813086,1.4477882625321221,98.0,1.4102659738067154,0.03752228872540684,0.18813211478196912,1.9844674545084815,completed,False,COMPLETE
108,1.0075757575757578,2026-06-13 07:12:13.104059,2026-06-13 07:12:15.336689,0 days 00:00:02.232630,,,,,,,,,,,,,,2.710323160002809,QuantileRegressor,,,,,,11,,,,,,,,True,,,,,,,,,0.0,0.0,98.0,0.0,0.0,0.0,1.9844674545084815,0.9969166374215648,1.0182348777299508,98.0,1.0075757575757578,0.010659120154193034,0.053443510096056954,1.9844674545084815,243249413827922.25,331073265925134.4,98.0,287161339876528.3,43911926048606.08,220168966027914.5,1.9844674545084815,2.969853864095874,3.009944115702106,98.0,2.98989898989899,0.02004512580311598,0.10050378152592122,1.9844674545084815,1.0,1.0,98.0,1.0,0.0,0.0,1.9844674545084815,99.0,0.8787878787878788,-0.0030948902600817954,-0.0016582379893588322,98.0,-0.002376564124720314,0.0007183261353614816,0.0036015983976267767,1.9844674545084815,QuantileRegressor,"{'mode': 'original', 'type': 'QuantileRegressor'}",11,"['diameter_T2W20', 'asp_T2W20', 'z_re_T2W20', 'z_pe_T2W20', 'z_l1_T2W20', 'z_l2_T2W20', 'z_l3_T2W20', 'z_lsc_T2W20', 'z_density_T2W20', 'z_diameter_T2W20', 'z_asp_T2W20']",,,,,,,,1.3196611267084086,1.3492364416432259,98.0,1.3344487841758172,0.014787657467408713,0.07414348555266105,1.9844674545084815,completed,True,COMPLETE
109,1.1014033554096616,2026-06-13 07:12:15.349248,2026-06-13 07:12:38.857378,0 days 00:00:23.508130,,,,,,,,,,,,,,,RandomForestRegressor,16.0,,3.0,3.0,167.0,22,,,,,,,,True,,,,,,,,,-0.10285696482402155,-0.08424021266695726,98.0,-0.09354858874548941,0.009308376078532148,0.04667104636542018,1.9844674545084815,1.0877021248612253,1.115104585958098,98.0,1.1014033554096616,0.013701230548436274,0.06869627535399458,1.9844674545084815,208611932279330.38,287406311265760.1,98.0,248009121772545.25,39397189493214.875,197532635337508.3,1.9844674545084815,3.133249995079155,3.269495321728946,98.0,3.2013726584040505,0.06812266332489562,0.3415586082630076,1.9844674545084815,0.9590252306463571,0.9971856790008617,98.0,0.9781054548236094,0.019080224177252293,0.09566588411623096,1.9844674545084815,99.0,0.5757575757575758,-0.03970017077542527,-0.0061646940540794025,98.0,-0.022932432414752336,0.016767738360672933,0.0840713662481937,1.9844674545084815,RandomForestRegressor,"{'mode': 'original', 'type': 'RandomForestRegressor'}",22,"['nodes_T2W20', 'edges_T2W20', 're_T2W20', 'pe_T2W20', 'l1_T2W20', 'l2_T2W20', 'l3_T2W20', 'lcc_T2W20', 'lsc_T2W20', 'atd_T2W20', 'density_T2W20', 'diameter_T2W20', 'asp_T2W20', 'z_re_T2W20', 'z_pe_T2W20', 'z_l1_T2W20', 'z_l2_T2W20', 'z_l3_T2W20', 'z_lsc_T2W20', 'z_density_T2W20', 'z_diameter_T2W20', 'z_asp_T2W20']",0.12293358610587132,0.16447274797440067,98.0,0.143703167040136,0.02076958093426467,0.10413610995036954,1.9844674545084815,1.3289131713904305,1.3644725701605582,98.0,1.3466928707754944,0.01777969938506393,0.08914521366162974,1.9844674545084815,completed,True,COMPLETE
110,1.055657510223456,2026-06-13 07:12:38.891448,2026-06-13 07:12:42.120911,0 days 00:00:03.229463,,,,0.0042012607279230466,0.7373570773877997,,,,,,,,,,ElasticNet,,,,,,11,,,,,,,,True,,,,,,,,,-0.060978688674253705,-0.0352682363276575,98.0,-0.0481234625009556,0.012855226173298104,0.06445451405381641,1.9844674545084815,1.0397001543623785,1.0716148660845335,98.0,1.055657510223456,0.015957355861077556,0.08000820862614957,1.9844674545084815,232480056325400.47,316413267469081.25,98.0,274446661897240.88,41966605571840.4,210415369761416.3,1.9844674545084815,3.1819315386661957,3.371211442359998,98.0,3.276571490513097,0.09463995184690104,0.4745130131618368,1.9844674545084815,0.9130471653252424,0.9426293175310673,98.0,0.9278382414281549,0.01479107610291246,0.0741606261682481,1.9844674545084815,99.0,0.42424242424242425,-0.03530879940317515,0.01060563598990137,98.0,-0.01235158170663689,0.02295721769653826,0.11510465010188313,1.9844674545084815,ElasticNet,"{'mode': 'original', 'type': 'ElasticNet'}",11,"['nodes_T2W20', 'edges_T2W20', 're_T2W20', 'pe_T2W20', 'l2_T2W20', 'lsc_T2W20', 'density_T2W20', 'asp_T2W20', 'z_re_T2W20', 'z_diameter_T2W20', 'z_asp_T2W20']",0.15291174243797845,0.20397752700687327,98.0,0.17844463472242586,0.02553289228444741,0.12801876391726505,1.9844674545084815,1.3191168927789396,1.3579699057395984,98.0,1.338543399259269,0.0194265064803293,0.09740210075445901,1.9844674545084815,completed,True,COMPLETE
111,1.072646103896104,2026-06-13 07:12:42.133424,2026-06-13 07:12:45.095975,0 days 00:00:02.962551,,,,,,,,,,,minkowski,14.0,uniform,,KNeighborsRegressor,,,,,,15,,,,,0.4339260158221391,0.3806019094922788,LinearSVR,,,,,,,,,,-0.07270537235434947,-0.056748306847063675,98.0,-0.06472683960070658,0.0079785327536429,0.040003376414074844,1.9844674545084815,1.0591985363121035,1.0860936714801044,98.0,1.072646103896104,0.013447567584000458,0.06742444062423142,1.9844674545084815,234313445102376.94,322543976355501.75,98.0,278428710728939.34,44115265626562.41,221188485522041.06,1.9844674545084815,3.2193066722201302,3.34057788766443,98.0,3.27994227994228,0.060635607722149994,0.30401943749592764,1.9844674545084815,0.8825951676636633,0.917549132480637,98.0,0.9000721500721501,0.017476982408486854,0.08762742818216118,1.9844674545084815,99.0,0.6868686868686869,-0.0462072358118967,-0.019908377833575668,98.0,-0.03305780682273619,0.013149428989160519,0.06592961058452268,1.9844674545084815,KNeighborsRegressor,"{'mode': 'proxy', 'type': 'LinearSVR'}",15,"['nodes_T2W20', 'edges_T2W20', 're_T2W20', 'pe_T2W20', 'l1_T2W20', 'l2_T2W20', 'lcc_T2W20', 'lsc_T2W20', 'density_T2W20', 'diameter_T2W20', 'asp_T2W20', 'z_l1_T2W20', 'z_lsc_T2W20', 'z_diameter_T2W20', 'z_asp_T2W20']",0.05807198588869712,0.10575987722338916,98.0,0.08191593155604314,0.023843945667346017,0.1195505944739126,1.9844674545084815,1.3374327710134033,1.3699723408898905,98.0,1.353702555951647,0.016269784938243555,0.08157468937674459,1.9844674545084815,completed,True,COMPLETE
112,1.0184150084100876,2026-06-13 07:12:45.110500,2026-06-13 07:12:51.808233,0 days 00:00:06.697733,,,,,,3.0,sqrt,5.0,2.0,82.0,,,,,ExtraTreesRegressor,,,,,,9,,,,,,,,False,,,,,,,,,-0.014747492063903694,-0.007062377513887217,98.0,-0.010904934788895456,0.003842557275008238,0.019266106916038132,1.9844674545084815,1.007539108343347,1.0292909084768282,98.0,1.0184150084100876,0.010875900066740633,0.054530417765476784,1.9844674545084815,229030354151899.38,312188468940857.4,98.0,270609411546378.38,41579057394478.984,208472251133433.16,1.9844674545084815,3.0152385097129906,3.0773337589113026,98.0,3.0462861343121466,0.031047624599156193,0.1556689496619348,1.9844674545084815,0.9551373677325663,0.9671748735600831,98.0,0.9611561206463247,0.006018752913758422,0.03017728268928332,1.9844674545084815,99.0,0.09090909090909091,0.029474184415017063,0.040480515836170516,98.0,0.03497735012559379,0.005503165710576725,0.027592192222149467,1.9844674545084815,ExtraTreesRegressor,"{'mode': 'original', 'type': 'ExtraTreesRegressor'}",9,"['nodes_T2W20', 'edges_T2W20', 'l3_T2W20', 'lcc_T2W20', 'atd_T2W20', 'density_T2W20', 'asp_T2W20', 'z_l3_T2W20', 'z_lsc_T2W20']",0.19599512632121754,0.24520737762919534,98.0,0.22060125197520644,0.024606125653988894,0.12337207065786739,1.9844674545084815,1.2944937977651247,1.3237724112240152,98.0,1.30913310449457,0.01463930672944535,0.07339967330104818,1.9844674545084815,completed,False,COMPLETE
113,1.1920988255403562,2026-06-13 07:12:51.822308,2026-06-13 07:12:54.639637,0 days 00:00:02.817329,,,,,,,,,,,,,,,LinearRegression,,,,,,22,,,,,,,,False,,,,,,,,,-0.20793100538402712,-0.15835833908745048,98.0,-0.1831446722357388,0.024786333148288316,0.1242756087455948,1.9844674545084815,1.1638914802349807,1.2203061708457317,98.0,1.1920988255403562,0.028207345305375532,0.1414281405785438,1.9844674545084815,233109683887895.16,316566290801341.75,98.0,274837987344618.47,41728303456723.31,209220552430253.97,1.9844674545084815,4.201708396565477,5.523084847929379,98.0,4.862396622247428,0.6606882256819512,3.31260904735082,1.9844674545084815,0.9654415434611977,1.0123174111682265,98.0,0.9888794773147122,0.023437933853514406,0.11751490145631467,1.9844674545084815,99.0,0.8181818181818182,-0.5928797974228042,-0.30413380748837826,98.0,-0.4485068024555912,0.14437299496721293,0.7238683402112714,1.9844674545084815,LinearRegression,"{'mode': 'original', 'type': 'LinearRegression'}",22,"['nodes_T2W20', 'edges_T2W20', 're_T2W20', 'pe_T2W20', 'l1_T2W20', 'l2_T2W20', 'l3_T2W20', 'lcc_T2W20', 'lsc_T2W20', 'atd_T2W20', 'density_T2W20', 'diameter_T2W20', 'asp_T2W20', 'z_re_T2W20', 'z_pe_T2W20', 'z_l1_T2W20', 'z_l2_T2W20', 'z_l3_T2W20', 'z_lsc_T2W20', 'z_density_T2W20', 'z_diameter_T2W20', 'z_asp_T2W20']",0.09156057551389393,0.15080586681657265,98.0,0.12118322116523329,0.029622645651339354,0.14852428146393534,1.9844674545084815,1.5018669203354145,1.6436196289166516,98.0,1.572743274626033,0.07087635429061848,0.35536527417906244,1.9844674545084815,completed,False,COMPLETE
114,1.0508308481450133,2026-06-13 07:12:54.651992,2026-06-13 07:12:57.459170,0 days 00:00:02.807178,,,,,,,,,,,,,,,XGBRegressor,,,,,,15,,,,,,,,True,gblinear,0.9899851646794253,0.09517259270730555,10.0,68.0,0.0026117662573891046,0.0017450341235732876,0.6464110183504823,-0.05169463800925525,-0.034338088448060494,98.0,-0.04301636322865787,0.008678274780597375,0.043511796390696064,1.9844674545084815,1.0369135979173552,1.0647480983726714,98.0,1.0508308481450133,0.013917250227658018,0.06977937130754688,1.9844674545084815,228347356383190.47,311384728476103.94,98.0,269866042429647.22,41518686046456.74,208169556661388.0,1.9844674545084815,3.1120325864907654,3.2536609995504637,98.0,3.1828467930206146,0.07081420652984909,0.355053672993216,1.9844674545084815,0.9314671636777269,0.9590812160565821,98.0,0.9452741898671545,0.01380702618942759,0.06922672161275208,1.9844674545084815,99.0,0.41414141414141414,-0.010663899065912058,0.018032352516060543,98.0,0.003684226725074243,0.0143481257909863,0.07193972808988608,1.9844674545084815,XGBRegressor,"{'mode': 'original', 'type': 'XGBRegressor'}",15,"['edges_T2W20', 'pe_T2W20', 'l2_T2W20', 'lcc_T2W20', 'lsc_T2W20', 'atd_T2W20', 'density_T2W20', 'diameter_T2W20', 'z_re_T2W20', 'z_pe_T2W20', 'z_l1_T2W20', 'z_l2_T2W20', 'z_lsc_T2W20', 'z_diameter_T2W20', 'z_asp_T2W20']",0.13073941687937926,0.18118950569729828,98.0,0.15596446128833877,0.025225044408959504,0.126475252745265,1.9844674545084815,1.3119234906684178,1.3471556801928897,98.0,1.3295395854306538,0.017616094762235943,0.08832492031795919,1.9844674545084815,completed,True,COMPLETE
115,1.0073382451285517,2026-06-13 07:12:57.472716,2026-06-13 07:12:59.987520,0 days 00:00:02.514804,,,,,,,,,,,,,,0.00040504836317817647,QuantileRegressor,,,,,,6,,,,,,,,True,,,,,,,,,-0.008118314655417656,0.008183067537706624,98.0,3.237644114448465e-05,0.00815069109656214,0.04086655705232907,1.9844674545084815,0.9945576382684974,1.0201188519886062,98.0,1.0073382451285517,0.012780606860054344,0.0640803820463885,1.9844674545084815,220075476029137.22,299166871947325.06,98.0,259621173988231.16,39545697959093.93,198277238417382.12,1.9844674545084815,3.135271387869087,3.273657323456932,98.0,3.2044643556630095,0.06919296779392231,0.3469249824917268,1.9844674545084815,0.9641705259021881,0.977123990564375,98.0,0.9706472582332816,0.006476732331093506,0.032473534843313646,1.9844674545084815,99.0,0.23232323232323232,0.016098794250314456,0.04079315588875592,98.0,0.02844597506953519,0.012347180819220734,0.06190723748528952,1.9844674545084815,QuantileRegressor,"{'mode': 'original', 'type': 'QuantileRegressor'}",6,"['edges_T2W20', 'atd_T2W20', 'diameter_T2W20', 'asp_T2W20', 'z_diameter_T2W20', 'z_asp_T2W20']",0.18099672371883235,0.23833071605640932,98.0,0.20966371988762084,0.028666996168788483,0.14373277315647828,1.9844674545084815,1.2970149811089855,1.3288407313022739,98.0,1.3129278562056297,0.015912875096644147,0.07978518757481616,1.9844674545084815,completed,True,COMPLETE
