number,value,datetime_start,datetime_complete,duration,params_dt_max_depth,params_dt_min_samples_leaf,params_dt_min_samples_split,params_elastic_alpha,params_elastic_l1_ratio,params_et_max_depth,params_et_max_features,params_et_min_samples_leaf,params_et_min_samples_split,params_et_n_estimators,params_knn_metric,params_knn_n_neighbors,params_knn_weights,params_quantile_alpha,params_regressor,params_rf_max_depth,params_rf_max_features,params_rf_min_samples_leaf,params_rf_min_samples_split,params_rf_n_estimators,params_rfe_n_features,params_rfe_proxy_et_max_depth,params_rfe_proxy_et_min_samples_leaf,params_rfe_proxy_et_min_samples_split,params_rfe_proxy_et_n_estimators,params_rfe_proxy_lsvr_C,params_rfe_proxy_lsvr_epsilon,params_rfe_proxy_type,params_use_scaler,params_xgb_booster,params_xgb_colsample_bytree,params_xgb_learning_rate,params_xgb_max_depth,params_xgb_n_estimators,params_xgb_reg_alpha,params_xgb_reg_lambda,params_xgb_subsample,user_attrs_d2mae_ci_lower_val,user_attrs_d2mae_ci_upper_val,user_attrs_d2mae_df_val,user_attrs_d2mae_mean_val,user_attrs_d2mae_samperror_val,user_attrs_d2mae_std_val,user_attrs_d2mae_t_critical_val,user_attrs_mae_ci_lower_val,user_attrs_mae_ci_upper_val,user_attrs_mae_df_val,user_attrs_mae_mean_val,user_attrs_mae_samperror_val,user_attrs_mae_std_val,user_attrs_mae_t_critical_val,user_attrs_mape_ci_lower_val,user_attrs_mape_ci_upper_val,user_attrs_mape_df_val,user_attrs_mape_mean_val,user_attrs_mape_samperror_val,user_attrs_mape_std_val,user_attrs_mape_t_critical_val,user_attrs_max_error_ci_lower_val,user_attrs_max_error_ci_upper_val,user_attrs_max_error_df_val,user_attrs_max_error_mean_val,user_attrs_max_error_samperror_val,user_attrs_max_error_std_val,user_attrs_max_error_t_critical_val,user_attrs_median_ae_ci_lower_val,user_attrs_median_ae_ci_upper_val,user_attrs_median_ae_df_val,user_attrs_median_ae_mean_val,user_attrs_median_ae_samperror_val,user_attrs_median_ae_std_val,user_attrs_median_ae_t_critical_val,user_attrs_n_splits_val,user_attrs_r2_below_zero_val,user_attrs_r2_ci_lower_val,user_attrs_r2_ci_upper_val,user_attrs_r2_df_val,user_attrs_r2_mean_val,user_attrs_r2_samperror_val,user_attrs_r2_std_val,user_attrs_r2_t_critical_val,user_attrs_regressor_final,user_attrs_rfe_estimator,user_attrs_rfe_n_features,user_attrs_rfe_selected_features,user_attrs_rho_ci_lower_val,user_attrs_rho_ci_upper_val,user_attrs_rho_df_val,user_attrs_rho_mean_val,user_attrs_rho_samperror_val,user_attrs_rho_std_val,user_attrs_rho_t_critical_val,user_attrs_rmse_ci_lower_val,user_attrs_rmse_ci_upper_val,user_attrs_rmse_df_val,user_attrs_rmse_mean_val,user_attrs_rmse_samperror_val,user_attrs_rmse_std_val,user_attrs_rmse_t_critical_val,user_attrs_termination_reason,user_attrs_use_scaler_final,state
284,1.3373641264739753,2026-06-13 07:32:40.114738,2026-06-13 07:32:41.900715,0 days 00:00:01.785977,13.0,3.0,12.0,,,,,,,,,,,,DecisionTreeRegressor,,,,,,12,,,,,,,,True,,,,,,,,,-0.35292505953276626,-0.3055693644269106,98.0,-0.3292472119798384,0.02367784755292785,0.11871779907181261,1.9844674545084815,1.3137365481051921,1.3609917048427584,98.0,1.3373641264739753,0.023627578368783157,0.11846575559997871,1.9844674545084815,189367646600692.62,269595231107351.7,98.0,229481438854022.16,40113792253329.52,201125592944800.5,1.9844674545084815,3.8549029278702394,4.055409430926969,98.0,3.955156179398604,0.10025325152836476,0.502657403492261,1.9844674545084815,1.1199593039944251,1.1867870921459105,98.0,1.1533731980701678,0.03341389407574271,0.1675331321490978,1.9844674545084815,99.0,0.98989898989899,-0.6080984046250694,-0.5047553006882483,98.0,-0.5564268526566588,0.05167155196841054,0.2590747706522823,1.9844674545084815,DecisionTreeRegressor,"{'mode': 'original', 'type': 'DecisionTreeRegressor'}",12,"['edges_T2W20', 'l2_T2W20', 'l3_T2W20', 'density_T2W20', 'diameter_T2W20', 'z_re_T2W20', 'z_pe_T2W20', 'z_l1_T2W20', 'z_l2_T2W20', 'z_lsc_T2W20', 'z_density_T2W20', 'z_asp_T2W20']",0.049601070585254446,0.09620429327976279,98.0,0.07290268193250862,0.023301611347254177,0.11683139727076776,1.9844674545084815,1.6277738381645384,1.6802338358886406,98.0,1.6540038370265895,0.026229998862051164,0.1315139700768033,1.9844674545084815,completed,True,COMPLETE
285,1.1692236363079365,2026-06-13 07:32:42.083201,2026-06-13 07:32:44.003365,0 days 00:00:01.920164,,,,,,,,,,,,,,,LinearRegression,,,,,,21,,,,,,,,False,,,,,,,,,-0.1820772924221865,-0.13957999298594825,98.0,-0.16082864270406738,0.021248649718119114,0.10653810157972173,1.9844674545084815,1.1452328735409958,1.1932143990748771,98.0,1.1692236363079365,0.0239907627669406,0.12028671725243015,1.9844674545084815,233787510321041.78,317647662122852.4,98.0,275717586221947.06,41930075900905.29,210232214509464.47,1.9844674545084815,3.6083421832265934,4.390584690790056,98.0,3.9994634370083246,0.3911212537817311,1.961033591224105,1.9844674545084815,0.9625284691092081,1.0090236185554973,98.0,0.9857760438323526,0.023247574723144582,0.11656046432091995,1.9844674545084815,99.0,0.7878787878787878,-0.35647880666425524,-0.188509944151815,98.0,-0.2724943754080351,0.08398443125622013,0.42108755083202315,1.9844674545084815,LinearRegression,"{'mode': 'original', 'type': 'LinearRegression'}",21,"['nodes_T2W20', 'edges_T2W20', 're_T2W20', 'pe_T2W20', 'l1_T2W20', 'l2_T2W20', 'l3_T2W20', 'lcc_T2W20', 'lsc_T2W20', 'atd_T2W20', 'density_T2W20', 'diameter_T2W20', 'asp_T2W20', 'z_re_T2W20', 'z_l1_T2W20', 'z_l2_T2W20', 'z_l3_T2W20', 'z_lsc_T2W20', 'z_density_T2W20', 'z_diameter_T2W20', 'z_asp_T2W20']",0.09595104600310068,0.15483937495637484,98.0,0.12539521047973776,0.029444164476637075,0.1476293989291508,1.9844674545084815,1.4431079464179262,1.5344951596830887,98.0,1.4888015530505074,0.0456936066325813,0.22910209211151264,1.9844674545084815,completed,False,COMPLETE
286,1.0163473719197893,2026-06-13 07:32:44.021621,2026-06-13 07:32:49.536413,0 days 00:00:05.514792,,,,,,,,,,,,,,,XGBRegressor,,,,,,15,,,,,,,,False,gbtree,0.6069973393491568,0.0026646637168733,2.0,86.0,3.544537957319563e-06,4.006964783909137e-05,0.7590387490201724,-0.010328260618929417,-0.007180719368403282,98.0,-0.00875448999366635,0.0015737706252630678,0.007890691265642473,1.9844674545084815,1.0056556129103573,1.0270391309292213,98.0,1.0163473719197893,0.010691759009431983,0.05360715727933787,1.9844674545084815,235928505007569.34,321632646402759.25,98.0,278780575705164.28,42852070697594.945,214854982384542.06,1.9844674545084815,3.00141777029745,3.0451110651918425,98.0,3.023264417744646,0.021846647447196266,0.10953638823087483,1.9844674545084815,0.9789619887753473,0.9862430833771467,98.0,0.982602536076247,0.0036405473008996854,0.0182532538911543,1.9844674545084815,99.0,0.10101010101010101,0.009855595951423289,0.014328759795005596,98.0,0.012092177873214443,0.0022365819217911526,0.011213945127627016,1.9844674545084815,XGBRegressor,"{'mode': 'original', 'type': 'XGBRegressor'}",15,"['edges_T2W20', 're_T2W20', 'l1_T2W20', 'l2_T2W20', 'l3_T2W20', 'lcc_T2W20', 'lsc_T2W20', 'atd_T2W20', 'density_T2W20', 'diameter_T2W20', 'asp_T2W20', 'z_pe_T2W20', 'z_l3_T2W20', 'z_lsc_T2W20', 'z_diameter_T2W20']",0.15449358634630123,0.1980348696246717,98.0,0.17626422798548647,0.021770641639185254,0.10915530451017039,1.9844674545084815,1.3100867993051295,1.3393847216197636,98.0,1.3247357604624466,0.014648961157316957,0.07344807940830318,1.9844674545084815,completed,False,COMPLETE
287,1.0075757575757578,2026-06-13 07:32:49.577677,2026-06-13 07:32:52.033362,0 days 00:00:02.455685,,,,,,,,,,,,,,4.557241216716546,QuantileRegressor,,,,,,22,,,,,,,,False,,,,,,,,,0.0,0.0,98.0,0.0,0.0,0.0,1.9844674545084815,0.9969166374215648,1.0182348777299508,98.0,1.0075757575757578,0.010659120154193034,0.053443510096056954,1.9844674545084815,243249413827922.25,331073265925134.4,98.0,287161339876528.3,43911926048606.08,220168966027914.5,1.9844674545084815,2.969853864095874,3.009944115702106,98.0,2.98989898989899,0.02004512580311598,0.10050378152592122,1.9844674545084815,1.0,1.0,98.0,1.0,0.0,0.0,1.9844674545084815,99.0,0.8787878787878788,-0.0030948902600817954,-0.0016582379893588322,98.0,-0.002376564124720314,0.0007183261353614816,0.0036015983976267767,1.9844674545084815,QuantileRegressor,"{'mode': 'original', 'type': 'QuantileRegressor'}",22,"['nodes_T2W20', 'edges_T2W20', 're_T2W20', 'pe_T2W20', 'l1_T2W20', 'l2_T2W20', 'l3_T2W20', 'lcc_T2W20', 'lsc_T2W20', 'atd_T2W20', 'density_T2W20', 'diameter_T2W20', 'asp_T2W20', 'z_re_T2W20', 'z_pe_T2W20', 'z_l1_T2W20', 'z_l2_T2W20', 'z_l3_T2W20', 'z_lsc_T2W20', 'z_density_T2W20', 'z_diameter_T2W20', 'z_asp_T2W20']",,,,,,,,1.3196611267084086,1.3492364416432259,98.0,1.3344487841758172,0.014787657467408713,0.07414348555266105,1.9844674545084815,completed,False,COMPLETE
288,1.3347222222222224,2026-06-13 07:32:52.074932,2026-06-13 07:32:52.278701,0 days 00:00:00.203769,,,,,,,,,,,minkowski,3.0,uniform,,KNeighborsRegressor,,,,,,21,4.0,4.0,12.0,40.0,,,ExtraTrees,,,,,,,,,,,,,,,,,,,,,,,,,,,,,,,,,,,,,,,,,,,,,,,,,,,,,,KNeighborsRegressor,"{'mode': 'proxy', 'type': 'ExtraTrees'}",21,"['nodes_T2W20', 'edges_T2W20', 're_T2W20', 'pe_T2W20', 'l1_T2W20', 'l2_T2W20', 'l3_T2W20', 'lcc_T2W20', 'lsc_T2W20', 'atd_T2W20', 'density_T2W20', 'diameter_T2W20', 'asp_T2W20', 'z_re_T2W20', 'z_pe_T2W20', 'z_l1_T2W20', 'z_l2_T2W20', 'z_l3_T2W20', 'z_lsc_T2W20', 'z_density_T2W20', 'z_asp_T2W20']",,,,,,,,,,,,,,,pruned,True,PRUNED
289,1.0463482916374354,2026-06-13 07:32:52.288676,2026-06-13 07:33:01.545858,0 days 00:00:09.257182,,,,,,11.0,log2,3.0,5.0,143.0,,,,,ExtraTreesRegressor,,,,,,10,,,,,,,,True,,,,,,,,,-0.044517156322990234,-0.03291310966557956,98.0,-0.0387151329942849,0.005802023328705339,0.02909062735569631,1.9844674545084815,1.0346821690141286,1.0580144142607422,98.0,1.0463482916374354,0.011666122623306798,0.05849249592662431,1.9844674545084815,223407771842193.8,305544196682598.8,98.0,264475984262396.3,41068212420202.516,205910937615494.72,1.9844674545084815,3.0615448305943227,3.16112204435694,98.0,3.1113334374756314,0.04978860688130851,0.2496339168747524,1.9844674545084815,0.9220120151431692,0.952357563952565,98.0,0.9371847895478671,0.015172774404697912,0.07607441424362636,1.9844674545084815,99.0,0.23232323232323232,0.020236256871381024,0.04031084509243731,98.0,0.03027355098190917,0.010037294110528143,0.05032575122272978,1.9844674545084815,ExtraTreesRegressor,"{'mode': 'original', 'type': 'ExtraTreesRegressor'}",10,"['nodes_T2W20', 'edges_T2W20', 're_T2W20', 'l1_T2W20', 'l2_T2W20', 'l3_T2W20', 'lcc_T2W20', 'z_l2_T2W20', 'z_l3_T2W20', 'z_lsc_T2W20']",0.1571550472886185,0.2021330308340083,98.0,0.1796440390613134,0.022488991772694894,0.11275702323154387,1.9844674545084815,1.2963248108557974,1.3276824933461882,98.0,1.3120036521009928,0.015678841245195318,0.07861177078977276,1.9844674545084815,completed,True,COMPLETE
290,1.0980975212002526,2026-06-13 07:33:01.558463,2026-06-13 07:33:03.745865,0 days 00:00:02.187402,,,,,,,,,,,,,,,RandomForestRegressor,8.0,,3.0,2.0,219.0,18,,,,,,,,False,,,,,,,,,,,,,,,,,,,,,,,,,,,,,,,,,,,,,,,,,,,,,,,,,,,,,RandomForestRegressor,"{'mode': 'original', 'type': 'RandomForestRegressor'}",18,"['edges_T2W20', 're_T2W20', 'l1_T2W20', 'l2_T2W20', 'l3_T2W20', 'lcc_T2W20', 'lsc_T2W20', 'density_T2W20', 'diameter_T2W20', 'z_re_T2W20', 'z_pe_T2W20', 'z_l1_T2W20', 'z_l2_T2W20', 'z_l3_T2W20', 'z_lsc_T2W20', 'z_density_T2W20', 'z_diameter_T2W20', 'z_asp_T2W20']",,,,,,,,,,,,,,,pruned,False,PRUNED
291,1.0052731311582155,2026-06-13 07:33:03.756305,2026-06-13 07:33:06.399202,0 days 00:00:02.642897,,,,,,,,,,,,,,,XGBRegressor,,,,,,8,,,,,,,,True,gblinear,0.6560320223260103,0.018396906939747597,7.0,275.0,0.166557531238763,0.5659296068864758,0.5599764708654849,-0.00038965650514839094,0.004847608713892683,98.0,0.002228976104372146,0.002618632609520537,0.013129500022543823,1.9844674545084815,0.9945365529291562,1.0160097093872749,98.0,1.0052731311582155,0.010736578229059301,0.05383187530315221,1.9844674545084815,234075345500522.66,318567138773843.7,98.0,276321242137183.2,42245896636660.52,211815700616733.8,1.9844674545084815,3.0420544573237933,3.111041134828195,98.0,3.076547796075994,0.034493338752200724,0.17294533424738498,1.9844674545084815,0.9720694880463062,0.9795629129095106,98.0,0.9758162004779084,0.0037467124316022064,0.018785552725623995,1.9844674545084815,99.0,0.1111111111111111,0.01892142839796284,0.026532334888905447,98.0,0.022726881643434144,0.0038054532454713024,0.019080071901095407,1.9844674545084815,XGBRegressor,"{'mode': 'original', 'type': 'XGBRegressor'}",8,"['edges_T2W20', 'lcc_T2W20', 'z_l2_T2W20', 'z_l3_T2W20', 'z_lsc_T2W20', 'z_density_T2W20', 'z_diameter_T2W20', 'z_asp_T2W20']",0.18023407212355044,0.23036741051961176,98.0,0.2053007413215811,0.025066669198030654,0.12568117902606488,1.9844674545084815,1.3027881274697362,1.3323580645094535,98.0,1.3175730959895948,0.014784968519858645,0.0741300035022234,1.9844674545084815,completed,True,COMPLETE
292,1.1262139793715715,2026-06-13 07:33:06.412534,2026-06-13 07:33:08.438289,0 days 00:00:02.025755,,,,,,,,,,,,,,,RandomForestRegressor,18.0,,1.0,3.0,163.0,10,,,,,,,,True,,,,,,,,,,,,,,,,,,,,,,,,,,,,,,,,,,,,,,,,,,,,,,,,,,,,,RandomForestRegressor,"{'mode': 'original', 'type': 'RandomForestRegressor'}",10,"['edges_T2W20', 'l3_T2W20', 'lcc_T2W20', 'lsc_T2W20', 'z_re_T2W20', 'z_l1_T2W20', 'z_l2_T2W20', 'z_l3_T2W20', 'z_lsc_T2W20', 'z_density_T2W20']",,,,,,,,,,,,,,,pruned,True,PRUNED
293,1.0315747153842092,2026-06-13 07:33:08.448586,2026-06-13 07:33:10.208702,0 days 00:00:01.760116,,,,0.352325526118713,0.10540137739646227,,,,,,,,,,ElasticNet,,,,,,19,,,,,,,,False,,,,,,,,,-0.02928255358148742,-0.018727938458683337,98.0,-0.02400524602008538,0.0052773075614020405,0.02645976739710931,1.9844674545084815,1.0201286930192242,1.0430207377491942,98.0,1.0315747153842092,0.011446022364985048,0.05738894045416481,1.9844674545084815,229904933080195.5,313533710370578.5,98.0,271719321725387.0,41814388645191.516,209652172917917.9,1.9844674545084815,3.039018941601336,3.0968826818659974,98.0,3.0679508117336667,0.028931870132330464,0.1450608184491444,1.9844674545084815,0.9674179968485773,0.9821589422475773,98.0,0.9747884695480773,0.007370472699499939,0.03695463850958515,1.9844674545084815,99.0,0.2828282828282828,0.006326361705455351,0.02032536859304608,98.0,0.013325865149250717,0.006999503443795366,0.03509464454425068,1.9844674545084815,ElasticNet,"{'mode': 'original', 'type': 'ElasticNet'}",19,"['edges_T2W20', 'l1_T2W20', 'l2_T2W20', 'l3_T2W20', 'lcc_T2W20', 'lsc_T2W20', 'atd_T2W20', 'density_T2W20', 'diameter_T2W20', 'asp_T2W20', 'z_re_T2W20', 'z_pe_T2W20', 'z_l1_T2W20', 'z_l2_T2W20', 'z_l3_T2W20', 'z_lsc_T2W20', 'z_density_T2W20', 'z_diameter_T2W20', 'z_asp_T2W20']",0.08617220484308058,0.14285404559896947,98.0,0.11451312522102503,0.02834092037794444,0.1420978694713746,1.9844674545084815,1.3086922846041678,1.33853942210286,98.0,1.3236158533535138,0.014923568749346127,0.07482492791031502,1.9844674545084815,completed,False,COMPLETE
294,1.0972718035181364,2026-06-13 07:33:10.221150,2026-06-13 07:33:13.879639,0 days 00:00:03.658489,,,,,,,,,,,,,,,XGBRegressor,,,,,,2,,,,,,,,False,gbtree,0.9710291097442978,0.004679593024223319,7.0,356.0,4.835619142236148e-06,0.095399845303622,0.6243958943695885,,,,,,,,,,,,,,,,,,,,,,,,,,,,,,,,,,,,,,,,,,,,,XGBRegressor,"{'mode': 'original', 'type': 'XGBRegressor'}",2,"['z_diameter_T2W20', 'z_asp_T2W20']",,,,,,,,,,,,,,,pruned,False,PRUNED
295,1.03816911077666,2026-06-13 07:33:13.890180,2026-06-13 07:33:16.314723,0 days 00:00:02.424543,,,,0.0004918786513508437,0.982739540910386,,,,,,,,,,ElasticNet,,,,,,7,,,,,,,,False,,,,,,,,,-0.04264422296830652,-0.019336001992003957,98.0,-0.03099011248015524,0.011654110488151282,0.05843226856665724,1.9844674545084815,1.0239263625521138,1.0524118590012062,98.0,1.03816911077666,0.014242748224546159,0.07141137800521927,1.9844674545084815,224096304201521.7,304475767180770.94,98.0,264286035691146.3,40189731489624.62,201506342883155.12,1.9844674545084815,3.192333887937051,3.3557778390232174,98.0,3.274055863480134,0.08172197554308296,0.40974387771474774,1.9844674545084815,0.8876181423741766,0.9146465012094375,98.0,0.901132321791807,0.01351417941763047,0.06775842411926894,1.9844674545084815,99.0,0.3939393939393939,-0.013650533039143074,0.02874424435705736,98.0,0.007546855658957144,0.021197388698100218,0.10628108516548829,1.9844674545084815,ElasticNet,"{'mode': 'original', 'type': 'ElasticNet'}",7,"['nodes_T2W20', 'edges_T2W20', 'atd_T2W20', 'diameter_T2W20', 'asp_T2W20', 'z_diameter_T2W20', 'z_asp_T2W20']",0.16995392815349294,0.22257187335492581,98.0,0.19626290075420938,0.026308972600716435,0.1319099346347242,1.9844674545084815,1.307840831061899,1.3425787218938652,98.0,1.325209776477882,0.01736894541598318,0.08708574406413888,1.9844674545084815,completed,False,COMPLETE
296,1.0132347357393516,2026-06-13 07:33:16.327850,2026-06-13 07:33:18.960224,0 days 00:00:02.632374,,,,,,,,,,,,,,,XGBRegressor,,,,,,9,,,,,,,,True,gblinear,0.6604272713749217,0.07295892049245895,4.0,256.0,0.002314467260697325,9.153982302423422,0.7564373711526339,-0.007643328953566278,-0.003795207091121921,98.0,-0.005719268022344099,0.0019240609312221786,0.009647003534597649,1.9844674545084815,1.0027424031339676,1.0237270683447357,98.0,1.0132347357393516,0.010492332605384057,0.05260725795519308,1.9844674545084815,237466663987813.0,323665059496834.0,98.0,280565861742323.5,43099197754510.5,216094046882382.4,1.9844674545084815,3.0105741277680407,3.0553777397690247,98.0,3.0329759337685327,0.022401806000492217,0.11231988455315929,1.9844674545084815,0.9793755755552165,0.985784989387577,98.0,0.9825802824713967,0.0032047069161802396,0.0160680041084262,1.9844674545084815,99.0,0.15151515151515152,0.011063829132009042,0.015720620038865128,98.0,0.013392224585437084,0.0023283954534280425,0.011674286819437343,1.9844674545084815,XGBRegressor,"{'mode': 'original', 'type': 'XGBRegressor'}",9,"['nodes_T2W20', 'edges_T2W20', 'l2_T2W20', 'lcc_T2W20', 'atd_T2W20', 'density_T2W20', 'diameter_T2W20', 'asp_T2W20', 'z_l2_T2W20']",0.156249028883913,0.20732679735530374,98.0,0.18178791311960837,0.02553888423569535,0.12804880681971684,1.9844674545084815,1.3093133057398072,1.338335220200642,98.0,1.3238242629702246,0.014510957230417445,0.07275614478763487,1.9844674545084815,completed,True,COMPLETE
297,1.2656249999999998,2026-06-13 07:33:18.972749,2026-06-13 07:33:19.133128,0 days 00:00:00.160379,,,,,,,,,,,manhattan,4.0,uniform,,KNeighborsRegressor,,,,,,15,,,,,0.024850070766863297,0.0031571825764638364,LinearSVR,,,,,,,,,,,,,,,,,,,,,,,,,,,,,,,,,,,,,,,,,,,,,,,,,,,,,,KNeighborsRegressor,"{'mode': 'proxy', 'type': 'LinearSVR'}",15,"['edges_T2W20', 're_T2W20', 'pe_T2W20', 'l1_T2W20', 'l2_T2W20', 'lcc_T2W20', 'lsc_T2W20', 'atd_T2W20', 'density_T2W20', 'asp_T2W20', 'z_re_T2W20', 'z_l2_T2W20', 'z_l3_T2W20', 'z_lsc_T2W20', 'z_asp_T2W20']",,,,,,,,,,,,,,,pruned,True,PRUNED
298,1.080840251297061,2026-06-13 07:33:19.142717,2026-06-13 07:33:38.835771,0 days 00:00:19.693054,,,,,,,,,,,,,,,RandomForestRegressor,10.0,log2,3.0,9.0,203.0,18,,,,,,,,False,,,,,,,,,-0.08054262023663278,-0.06543974883832895,98.0,-0.07299118453748087,0.007551435699151914,0.03786196460770673,1.9844674545084815,1.067990412709444,1.093690089884678,98.0,1.080840251297061,0.01284983858761707,0.06442750136556706,1.9844674545084815,217800403852948.94,299069949664142.0,98.0,258435176758545.47,40634772905596.516,203737725498567.5,1.9844674545084815,3.0745572611982026,3.188161165005982,98.0,3.131359213102092,0.05680195190388979,0.284797961383061,1.9844674545084815,0.9360989855290123,0.971010146627354,98.0,0.9535545660781831,0.01745558054917089,0.08752012190660738,1.9844674545084815,99.0,0.5050505050505051,-0.015356915142549013,0.010476777027746336,98.0,-0.0024400690574013385,0.012916846085147675,0.06476346867046508,1.9844674545084815,RandomForestRegressor,"{'mode': 'original', 'type': 'RandomForestRegressor'}",18,"['edges_T2W20', 're_T2W20', 'l1_T2W20', 'l2_T2W20', 'l3_T2W20', 'lcc_T2W20', 'lsc_T2W20', 'atd_T2W20', 'density_T2W20', 'diameter_T2W20', 'z_re_T2W20', 'z_pe_T2W20', 'z_l1_T2W20', 'z_l2_T2W20', 'z_l3_T2W20', 'z_lsc_T2W20', 'z_diameter_T2W20', 'z_asp_T2W20']",0.11522342115463595,0.15847206520405546,98.0,0.1368477431793457,0.021624322024709753,0.10842167606050923,1.9844674545084815,1.3169429050706334,1.3504375122974273,98.0,1.3336902086840303,0.016747303613396988,0.08396890895279273,1.9844674545084815,completed,False,COMPLETE
299,1.0247832200041522,2026-06-13 07:33:38.901410,2026-06-13 07:33:54.614904,0 days 00:00:15.713494,,,,,,,,,,,,,,,XGBRegressor,,,,,,8,,,,,,,,True,gbtree,0.6173772108624856,0.0010406289634983384,5.0,368.0,0.23432759471836886,1.0863642854536062e-05,0.7017404845134998,-0.020120008509900738,-0.014414123022840165,98.0,-0.01726706576637045,0.002852942743530286,0.014304302054176099,1.9844674545084815,1.0142791978886605,1.035287242119644,98.0,1.0247832200041522,0.010504022115491772,0.05266586771307388,1.9844674545084815,233138817344397.44,317657609184364.44,98.0,275398213264380.94,42259395919983.516,211883384353676.94,1.9844674545084815,2.9958173883687804,3.0361841021760103,98.0,3.0160007452723954,0.020183356903615095,0.10119685516692034,1.9844674545084815,0.965718131665586,0.9791564054459468,98.0,0.9724372685557664,0.006719136890180442,0.03368892132113628,1.9844674545084815,99.0,0.1717171717171717,0.015946460474562,0.023200727015891046,98.0,0.019573593745226523,0.0036271332706645236,0.01818599760264913,1.9844674545084815,XGBRegressor,"{'mode': 'original', 'type': 'XGBRegressor'}",8,"['edges_T2W20', 'z_pe_T2W20', 'z_l2_T2W20', 'z_l3_T2W20', 'z_lsc_T2W20', 'z_density_T2W20', 'z_diameter_T2W20', 'z_asp_T2W20']",0.15233341874970316,0.19633501084458402,98.0,0.1743342147971436,0.022000796047440433,0.11030927024686386,1.9844674545084815,1.3052344352942564,1.3339049735764357,98.0,1.319569704435346,0.014335269141089723,0.07187526643745983,1.9844674545084815,completed,True,COMPLETE
