number,value,datetime_start,datetime_complete,duration,params_dt_max_depth,params_dt_min_samples_leaf,params_dt_min_samples_split,params_elastic_alpha,params_elastic_l1_ratio,params_et_max_depth,params_et_max_features,params_et_min_samples_leaf,params_et_min_samples_split,params_et_n_estimators,params_knn_metric,params_knn_n_neighbors,params_knn_weights,params_quantile_alpha,params_regressor,params_rf_max_depth,params_rf_max_features,params_rf_min_samples_leaf,params_rf_min_samples_split,params_rf_n_estimators,params_rfe_n_features,params_rfe_proxy_et_max_depth,params_rfe_proxy_et_min_samples_leaf,params_rfe_proxy_et_min_samples_split,params_rfe_proxy_et_n_estimators,params_rfe_proxy_lsvr_C,params_rfe_proxy_lsvr_epsilon,params_rfe_proxy_type,params_use_scaler,params_xgb_booster,params_xgb_colsample_bytree,params_xgb_learning_rate,params_xgb_max_depth,params_xgb_n_estimators,params_xgb_reg_alpha,params_xgb_reg_lambda,params_xgb_subsample,user_attrs_d2mae_ci_lower_val,user_attrs_d2mae_ci_upper_val,user_attrs_d2mae_df_val,user_attrs_d2mae_mean_val,user_attrs_d2mae_samperror_val,user_attrs_d2mae_std_val,user_attrs_d2mae_t_critical_val,user_attrs_mae_ci_lower_val,user_attrs_mae_ci_upper_val,user_attrs_mae_df_val,user_attrs_mae_mean_val,user_attrs_mae_samperror_val,user_attrs_mae_std_val,user_attrs_mae_t_critical_val,user_attrs_mape_ci_lower_val,user_attrs_mape_ci_upper_val,user_attrs_mape_df_val,user_attrs_mape_mean_val,user_attrs_mape_samperror_val,user_attrs_mape_std_val,user_attrs_mape_t_critical_val,user_attrs_max_error_ci_lower_val,user_attrs_max_error_ci_upper_val,user_attrs_max_error_df_val,user_attrs_max_error_mean_val,user_attrs_max_error_samperror_val,user_attrs_max_error_std_val,user_attrs_max_error_t_critical_val,user_attrs_median_ae_ci_lower_val,user_attrs_median_ae_ci_upper_val,user_attrs_median_ae_df_val,user_attrs_median_ae_mean_val,user_attrs_median_ae_samperror_val,user_attrs_median_ae_std_val,user_attrs_median_ae_t_critical_val,user_attrs_n_splits_val,user_attrs_r2_below_zero_val,user_attrs_r2_ci_lower_val,user_attrs_r2_ci_upper_val,user_attrs_r2_df_val,user_attrs_r2_mean_val,user_attrs_r2_samperror_val,user_attrs_r2_std_val,user_attrs_r2_t_critical_val,user_attrs_regressor_final,user_attrs_rfe_estimator,user_attrs_rfe_n_features,user_attrs_rfe_selected_features,user_attrs_rho_ci_lower_val,user_attrs_rho_ci_upper_val,user_attrs_rho_df_val,user_attrs_rho_mean_val,user_attrs_rho_samperror_val,user_attrs_rho_std_val,user_attrs_rho_t_critical_val,user_attrs_rmse_ci_lower_val,user_attrs_rmse_ci_upper_val,user_attrs_rmse_df_val,user_attrs_rmse_mean_val,user_attrs_rmse_samperror_val,user_attrs_rmse_std_val,user_attrs_rmse_t_critical_val,user_attrs_termination_reason,user_attrs_use_scaler_final,state
131,1.0787303173415828,2026-06-13 07:13:54.281021,2026-06-13 07:14:35.775785,0 days 00:00:41.494764,,,,,,,,,,,,,,,RandomForestRegressor,9.0,,3.0,12.0,409.0,8,,,,,,,,False,,,,,,,,,-0.08048858916162303,-0.06087205114833382,98.0,-0.07068032015497842,0.009808269006644605,0.04917744767847942,1.9844674545084815,1.0637810963628178,1.0936795383203477,98.0,1.0787303173415828,0.014949220978765023,0.07495354501586438,1.9844674545084815,203126693993440.2,279186041904983.25,98.0,241156367949211.72,38029673955771.55,190676081571847.12,1.9844674545084815,3.1462544601412654,3.3134208649984673,98.0,3.2298376625698664,0.08358320242860079,0.41907583911571716,1.9844674545084815,0.9094644773617958,0.9498170306053776,98.0,0.9296407539835867,0.020176276621790862,0.10116135550956752,1.9844674545084815,99.0,0.3333333333333333,-0.005168475999751105,0.029620271890691767,98.0,0.012225897945470332,0.017394373945221437,0.08721323956465053,1.9844674545084815,RandomForestRegressor,"{'mode': 'original', 'type': 'RandomForestRegressor'}",8,"['edges_T2W20', 'l1_T2W20', 'l2_T2W20', 'l3_T2W20', 'lsc_T2W20', 'z_re_T2W20', 'z_l3_T2W20', 'z_lsc_T2W20']",0.18082485687253547,0.22185551907040774,98.0,0.2013401879714716,0.02051533109893612,0.10286133272253646,1.9844674545084815,1.3046149901502984,1.3424978825841494,98.0,1.3235564363672239,0.0189414462169256,0.09497006858769393,1.9844674545084815,completed,False,COMPLETE
132,1.0705903447680922,2026-06-13 07:14:35.788388,2026-06-13 07:15:02.485237,0 days 00:00:26.696849,,,,,,,,,,,,,,,RandomForestRegressor,13.0,,5.0,2.0,248.0,10,,,,,,,,True,,,,,,,,,-0.07127463853546245,-0.054201023187967,98.0,-0.06273783086171472,0.008536807673747726,0.04280249781409592,1.9844674545084815,1.0569686779135583,1.0842120116226261,98.0,1.0705903447680922,0.013621666854533905,0.0682973528334826,1.9844674545084815,207715169595612.12,285348022426322.7,98.0,246531596010967.4,38816426415355.3,194620761095918.5,1.9844674545084815,3.080268760922139,3.2221577415139127,98.0,3.1512132512180258,0.07094449029588673,0.3557068996821792,1.9844674545084815,0.9090313201014526,0.9443433306970301,98.0,0.9266873253992414,0.017656005297788796,0.08852502680694728,1.9844674545084815,99.0,0.30303030303030304,0.008164153278376796,0.03853493771028636,98.0,0.02334954549433158,0.015185392215954783,0.07613767838865351,1.9844674545084815,RandomForestRegressor,"{'mode': 'original', 'type': 'RandomForestRegressor'}",10,"['edges_T2W20', 're_T2W20', 'l1_T2W20', 'l2_T2W20', 'l3_T2W20', 'lsc_T2W20', 'z_l2_T2W20', 'z_l3_T2W20', 'z_lsc_T2W20', 'z_diameter_T2W20']",0.1983329026360524,0.23742885703021777,98.0,0.2178808798331351,0.01954797719708269,0.09801113990433966,1.9844674545084815,1.2988060895956646,1.3334204562241179,98.0,1.3161132729098912,0.017307183314226714,0.08677607652488359,1.9844674545084815,completed,True,COMPLETE
133,1.1223690766220502,2026-06-13 07:15:02.497671,2026-06-13 07:15:05.388450,0 days 00:00:02.890779,,,,,,,,,,,,,,,LinearRegression,,,,,,17,,,,,,,,True,,,,,,,,,-0.1326755818604862,-0.09715659550433833,98.0,-0.11491608868241227,0.017759493178073925,0.08904390223895584,1.9844674545084815,1.1033573960447645,1.141380757199336,98.0,1.1223690766220502,0.019011680577285854,0.09532221498371019,1.9844674545084815,237489275442010.5,322467057023198.1,98.0,279978166232604.3,42488890790593.82,213034043250192.9,1.9844674545084815,3.305618055821553,3.634320864118687,98.0,3.46996945997012,0.16435140414856717,0.8240376128474232,1.9844674545084815,0.926697833403442,0.9667900473228436,98.0,0.9467439403631428,0.020046106959700737,0.10050870092368433,1.9844674545084815,99.0,0.7070707070707071,-0.1652877533698308,-0.08550153746168662,98.0,-0.1253946454157587,0.039893107954072075,0.20001910916332563,1.9844674545084815,LinearRegression,"{'mode': 'original', 'type': 'LinearRegression'}",17,"['nodes_T2W20', 'edges_T2W20', 'pe_T2W20', 'l1_T2W20', 'l2_T2W20', 'lcc_T2W20', 'lsc_T2W20', 'atd_T2W20', 'density_T2W20', 'diameter_T2W20', 'asp_T2W20', 'z_l1_T2W20', 'z_l2_T2W20', 'z_lsc_T2W20', 'z_density_T2W20', 'z_diameter_T2W20', 'z_asp_T2W20']",0.11772420422664792,0.1713376701621075,98.0,0.1445309371943777,0.026806732967729792,0.13440564355019513,1.9844674545084815,1.382847914652531,1.4316049133298008,98.0,1.4072264139911659,0.024378499338634896,0.12223078046629711,1.9844674545084815,completed,True,COMPLETE
134,1.1507443523895022,2026-06-13 07:15:05.402087,2026-06-13 07:15:07.988909,0 days 00:00:02.586822,,,,,,,,,,,,,,,LinearRegression,,,,,,19,,,,,,,,False,,,,,,,,,-0.16230234330118976,-0.12153116637846119,98.0,-0.14191675483982547,0.02038558846136428,0.10221081918477205,1.9844674545084815,1.126392233393241,1.1750964713857635,98.0,1.1507443523895022,0.02435211899626118,0.12209851269244784,1.9844674545084815,232566859030883.5,316248451031350.44,98.0,274407655031116.97,41840796000233.484,209784576129944.78,1.9844674545084815,3.516298087257958,4.3183038514193575,98.0,3.917300969338658,0.4010028820806995,2.010578853320963,1.9844674545084815,0.9455539910965823,0.9967010590373074,98.0,0.9711275250669449,0.02557353397036256,0.12822253630373848,1.9844674545084815,99.0,0.7575757575757576,-0.315523638760612,-0.14545261016975297,98.0,-0.2304881244651825,0.08503551429542953,0.42635755118901175,1.9844674545084815,LinearRegression,"{'mode': 'original', 'type': 'LinearRegression'}",19,"['nodes_T2W20', 'edges_T2W20', 'pe_T2W20', 'l1_T2W20', 'l2_T2W20', 'l3_T2W20', 'lcc_T2W20', 'atd_T2W20', 'density_T2W20', 'diameter_T2W20', 'asp_T2W20', 'z_re_T2W20', 'z_l1_T2W20', 'z_l2_T2W20', 'z_l3_T2W20', 'z_lsc_T2W20', 'z_density_T2W20', 'z_diameter_T2W20', 'z_asp_T2W20']",0.10328586052930797,0.16227116456990012,98.0,0.13277851254960404,0.02949265202029607,0.1478725094759489,1.9844674545084815,1.4169164628405941,1.510709157764772,98.0,1.463812810302683,0.046896347462088955,0.23513248587149355,1.9844674545084815,completed,False,COMPLETE
135,1.0793106931750671,2026-06-13 07:15:08.001283,2026-06-13 07:15:19.616263,0 days 00:00:11.614980,,,,,,,,,,,,,,,RandomForestRegressor,8.0,sqrt,4.0,6.0,114.0,19,,,,,,,,False,,,,,,,,,-0.07904169505192458,-0.06378172098112954,98.0,-0.07141170801652706,0.007629987035397526,0.03825581129213966,1.9844674545084815,1.0662507814979985,1.0923706048521358,98.0,1.0793106931750671,0.013059911677068662,0.06548078185350673,1.9844674545084815,218931036178654.3,301176321047147.3,98.0,260053678612900.8,41122642434246.516,206183842973817.84,1.9844674545084815,3.0884425909124755,3.2014950247390126,98.0,3.144968807825744,0.05652621691326853,0.28341546024394904,1.9844674545084815,0.9319918439452018,0.9684432220244478,98.0,0.9502175329848248,0.018225689039622992,0.09138135062803666,1.9844674545084815,99.0,0.45454545454545453,-0.017340059814186747,0.007942423167385203,98.0,-0.004698818323400773,0.012641241490785975,0.06338162132207066,1.9844674545084815,RandomForestRegressor,"{'mode': 'original', 'type': 'RandomForestRegressor'}",19,"['edges_T2W20', 're_T2W20', 'l1_T2W20', 'l2_T2W20', 'l3_T2W20', 'lcc_T2W20', 'lsc_T2W20', 'atd_T2W20', 'density_T2W20', 'diameter_T2W20', 'asp_T2W20', 'z_re_T2W20', 'z_pe_T2W20', 'z_l1_T2W20', 'z_l2_T2W20', 'z_l3_T2W20', 'z_lsc_T2W20', 'z_diameter_T2W20', 'z_asp_T2W20']",0.10690488903895184,0.14984231320738456,98.0,0.1283736011231682,0.021468712084216357,0.1076414670652542,1.9844674545084815,1.3185650235658097,1.351907847854902,98.0,1.3352364357103559,0.01667141214454608,0.08358839851449519,1.9844674545084815,completed,False,COMPLETE
136,1.0482150783984565,2026-06-13 07:15:19.628623,2026-06-13 07:15:21.355745,0 days 00:00:01.727122,,,,0.0013674069569182747,0.83704112524294,,,,,,,,,,ElasticNet,,,,,,7,,,,,,,,False,,,,,,,,,-0.051597002121313025,-0.02942677655358434,98.0,-0.04051188933744868,0.011085112783864341,0.05557938445297829,1.9844674545084815,1.0329749954515153,1.0634551613453977,98.0,1.0482150783984565,0.015240082946941324,0.07641189094948013,1.9844674545084815,227342162024902.66,310763928696156.4,98.0,269053045360529.5,41710883335626.85,209133210097657.47,1.9844674545084815,3.2399250805067243,3.4974782750247346,98.0,3.3687016777657295,0.12877659725900498,0.6456699311190498,1.9844674545084815,0.9209863329636472,0.9481769973643854,98.0,0.9345816651640163,0.013595332200369096,0.0681653141346619,1.9844674545084815,99.0,0.46464646464646464,-0.04447157746025295,0.005407266960738566,98.0,-0.019532155249757193,0.02493942221049576,0.12504317836891507,1.9844674545084815,ElasticNet,"{'mode': 'original', 'type': 'ElasticNet'}",7,"['edges_T2W20', 're_T2W20', 'pe_T2W20', 'l2_T2W20', 'asp_T2W20', 'z_diameter_T2W20', 'z_asp_T2W20']",0.10750286771025132,0.16240293430287156,98.0,0.13495290100656143,0.027450033296310114,0.137631071832074,1.9844674545084815,1.3225784399668576,1.3641228645855366,98.0,1.343350652276197,0.0207722123093395,0.10414930333953712,1.9844674545084815,completed,False,COMPLETE
137,1.0151897765534128,2026-06-13 07:15:21.368228,2026-06-13 07:15:22.991475,0 days 00:00:01.623247,,,,0.6765873641051084,0.7884473432532987,,,,,,,,,,ElasticNet,,,,,,15,,,,,,,,True,,,,,,,,,-0.008443339149005608,-0.006889279046144798,98.0,-0.007666309097575203,0.0007770300514304052,0.003895932572091772,1.9844674545084815,1.0048612895143063,1.0255182635925193,98.0,1.0151897765534128,0.01032848703910649,0.051785756550867056,1.9844674545084815,241077355323462.2,328386068633303.8,98.0,284731711978383.0,43654356654920.805,218877544945055.3,1.9844674545084815,2.9992886360115256,3.0396461665596406,98.0,3.019467401285583,0.020178765274057514,0.10117383330422736,1.9844674545084815,0.9679492393024587,0.974750485215448,98.0,0.9713498622589534,0.003400622956494683,0.0170503029029853,1.9844674545084815,99.0,1.0,-0.0034871412259275033,-0.0018535020443341188,98.0,-0.002670321635130811,0.0008168195907966922,0.004095432401165666,1.9844674545084815,ElasticNet,"{'mode': 'original', 'type': 'ElasticNet'}",15,"['lcc_T2W20', 'lsc_T2W20', 'atd_T2W20', 'density_T2W20', 'diameter_T2W20', 'asp_T2W20', 'z_re_T2W20', 'z_pe_T2W20', 'z_l1_T2W20', 'z_l2_T2W20', 'z_l3_T2W20', 'z_lsc_T2W20', 'z_density_T2W20', 'z_diameter_T2W20', 'z_asp_T2W20']",,,,,,,,1.3198997115289124,1.3493526673910676,98.0,1.33462618945999,0.014726477931077609,0.07383673892439481,1.9844674545084815,completed,True,COMPLETE
138,1.0151897765534128,2026-06-13 07:15:23.003660,2026-06-13 07:15:24.960121,0 days 00:00:01.956461,,,,7.655995024940027,0.11072059332631567,,,,,,,,,,ElasticNet,,,,,,10,,,,,,,,True,,,,,,,,,-0.008443339149005608,-0.006889279046144798,98.0,-0.007666309097575203,0.0007770300514304052,0.003895932572091772,1.9844674545084815,1.0048612895143063,1.0255182635925193,98.0,1.0151897765534128,0.01032848703910649,0.051785756550867056,1.9844674545084815,241077355323462.2,328386068633303.8,98.0,284731711978383.0,43654356654920.805,218877544945055.3,1.9844674545084815,2.9992886360115256,3.0396461665596406,98.0,3.019467401285583,0.020178765274057514,0.10117383330422736,1.9844674545084815,0.9679492393024587,0.974750485215448,98.0,0.9713498622589534,0.003400622956494683,0.0170503029029853,1.9844674545084815,99.0,1.0,-0.0034871412259275033,-0.0018535020443341188,98.0,-0.002670321635130811,0.0008168195907966922,0.004095432401165666,1.9844674545084815,ElasticNet,"{'mode': 'original', 'type': 'ElasticNet'}",10,"['asp_T2W20', 'z_re_T2W20', 'z_pe_T2W20', 'z_l1_T2W20', 'z_l2_T2W20', 'z_l3_T2W20', 'z_lsc_T2W20', 'z_density_T2W20', 'z_diameter_T2W20', 'z_asp_T2W20']",,,,,,,,1.3198997115289124,1.3493526673910676,98.0,1.33462618945999,0.014726477931077609,0.07383673892439481,1.9844674545084815,completed,True,COMPLETE
139,1.0075757575757578,2026-06-13 07:15:24.996374,2026-06-13 07:15:27.229718,0 days 00:00:02.233344,,,,,,,,,,,,,,6.517060990074383,QuantileRegressor,,,,,,17,,,,,,,,True,,,,,,,,,0.0,0.0,98.0,0.0,0.0,0.0,1.9844674545084815,0.9969166374215648,1.0182348777299508,98.0,1.0075757575757578,0.010659120154193034,0.053443510096056954,1.9844674545084815,243249413827922.25,331073265925134.4,98.0,287161339876528.3,43911926048606.08,220168966027914.5,1.9844674545084815,2.969853864095874,3.009944115702106,98.0,2.98989898989899,0.02004512580311598,0.10050378152592122,1.9844674545084815,1.0,1.0,98.0,1.0,0.0,0.0,1.9844674545084815,99.0,0.8787878787878788,-0.0030948902600817954,-0.0016582379893588322,98.0,-0.002376564124720314,0.0007183261353614816,0.0036015983976267767,1.9844674545084815,QuantileRegressor,"{'mode': 'original', 'type': 'QuantileRegressor'}",17,"['l2_T2W20', 'l3_T2W20', 'lcc_T2W20', 'lsc_T2W20', 'atd_T2W20', 'density_T2W20', 'diameter_T2W20', 'asp_T2W20', 'z_re_T2W20', 'z_pe_T2W20', 'z_l1_T2W20', 'z_l2_T2W20', 'z_l3_T2W20', 'z_lsc_T2W20', 'z_density_T2W20', 'z_diameter_T2W20', 'z_asp_T2W20']",,,,,,,,1.3196611267084086,1.3492364416432259,98.0,1.3344487841758172,0.014787657467408713,0.07414348555266105,1.9844674545084815,completed,True,COMPLETE
140,1.0882901987613953,2026-06-13 07:15:27.241656,2026-06-13 07:15:51.119077,0 days 00:00:23.877421,,,,,,,,,,,,,,,RandomForestRegressor,7.0,log2,2.0,8.0,261.0,20,,,,,,,,True,,,,,,,,,-0.08802295362515555,-0.07281766884034827,98.0,-0.08042031123275191,0.007602642392403649,0.038118708634248946,1.9844674545084815,1.07545034947997,1.1011300480428206,98.0,1.0882901987613953,0.012839849281425255,0.06437741621983345,1.9844674545084815,218654146537804.2,300369062874444.1,98.0,259511604706124.16,40857458168319.96,204854241863374.78,1.9844674545084815,3.0905820200116505,3.2074889644584417,98.0,3.149035492235046,0.05845347222339563,0.29307847999928405,1.9844674545084815,0.956351741903461,0.9933134530538453,98.0,0.9748325974786531,0.018480855575192162,0.09266072407749555,1.9844674545084815,99.0,0.5959595959595959,-0.030893624703524244,-0.004779085460021471,98.0,-0.017836355081772858,0.013057269621751386,0.0654675349149245,1.9844674545084815,RandomForestRegressor,"{'mode': 'original', 'type': 'RandomForestRegressor'}",20,"['edges_T2W20', 're_T2W20', 'pe_T2W20', 'l1_T2W20', 'l2_T2W20', 'l3_T2W20', 'lcc_T2W20', 'lsc_T2W20', 'atd_T2W20', 'density_T2W20', 'diameter_T2W20', 'asp_T2W20', 'z_re_T2W20', 'z_pe_T2W20', 'z_l1_T2W20', 'z_l2_T2W20', 'z_l3_T2W20', 'z_lsc_T2W20', 'z_density_T2W20', 'z_diameter_T2W20']",0.08214691991384233,0.12507294770827324,98.0,0.10360993381105779,0.021463013897215454,0.10761289706040326,1.9844674545084815,1.3270514180301514,1.3606689427274485,98.0,1.3438601803788,0.016808762348648646,0.08427705544991435,1.9844674545084815,completed,True,COMPLETE
141,1.0942824533099398,2026-06-13 07:15:51.132196,2026-06-13 07:15:56.651750,0 days 00:00:05.519554,,,,,,,,,,,,,,,RandomForestRegressor,18.0,sqrt,1.0,7.0,498.0,3,,,,,,,,False,,,,,,,,,,,,,,,,,,,,,,,,,,,,,,,,,,,,,,,,,,,,,,,,,,,,,RandomForestRegressor,"{'mode': 'original', 'type': 'RandomForestRegressor'}",3,"['lcc_T2W20', 'z_l3_T2W20', 'z_lsc_T2W20']",,,,,,,,,,,,,,,pruned,False,PRUNED
142,1.1043356044438393,2026-06-13 07:15:56.663777,2026-06-13 07:15:58.404531,0 days 00:00:01.740754,,,,,,,,,,,,,,,LinearRegression,,,,,,14,,,,,,,,False,,,,,,,,,-0.11239863191818858,-0.0808486557384174,98.0,-0.09662364382830299,0.015774988089885585,0.0790938391772735,1.9844674545084815,1.086162316371419,1.1225088925162596,98.0,1.1043356044438393,0.01817328807242037,0.09111861865961668,1.9844674545084815,235708331335741.3,320190626545146.06,98.0,277949478940443.7,42241147604702.375,211791889557872.44,1.9844674545084815,3.326909930942174,3.615733727584082,98.0,3.471321829263128,0.14441189832095397,0.7240633968152268,1.9844674545084815,0.917979717371889,0.9563400450849103,98.0,0.9371598812283997,0.019180163856510633,0.09616696930714504,1.9844674545084815,99.0,0.6868686868686869,-0.13600234879428402,-0.06030054756827563,98.0,-0.09815144818127983,0.037850900613004196,0.18977973414252067,1.9844674545084815,LinearRegression,"{'mode': 'original', 'type': 'LinearRegression'}",14,"['nodes_T2W20', 'edges_T2W20', 'pe_T2W20', 'l1_T2W20', 'l2_T2W20', 'lcc_T2W20', 'atd_T2W20', 'density_T2W20', 'diameter_T2W20', 'asp_T2W20', 'z_l1_T2W20', 'z_lsc_T2W20', 'z_diameter_T2W20', 'z_asp_T2W20']",0.12041804851182024,0.17227310969591728,98.0,0.14634557910386875,0.025927530592048515,0.12999743158133803,1.9844674545084815,1.367169457621532,1.4144130900052965,98.0,1.3907912738134143,0.02362181619188213,0.11843686475768304,1.9844674545084815,completed,False,COMPLETE
143,1.0870604888418975,2026-06-13 07:15:58.416641,2026-06-13 07:16:00.266054,0 days 00:00:01.849413,,,,,,,,,,,,,,,LinearRegression,,,,,,12,,,,,,,,False,,,,,,,,,-0.09484488056128407,-0.06440817144383754,98.0,-0.0796265260025608,0.015218354558723259,0.0763029474983974,1.9844674545084815,1.0698977676170434,1.1042232100667517,98.0,1.0870604888418975,0.017162721224854176,0.08605176147634352,1.9844674545084815,228635397403030.62,310232961834737.3,98.0,269434179618883.97,40798782215853.34,204560047894953.1,1.9844674545084815,3.293632812125546,3.572796222815053,98.0,3.4332145174702995,0.1395817053447535,0.6998454066476307,1.9844674545084815,0.9091178917434358,0.9421747527231815,98.0,0.9256463222333087,0.01652843048987281,0.08287150618243194,1.9844674545084815,99.0,0.6262626262626263,-0.10355688497617913,-0.031827088599071345,98.0,-0.06769198678762524,0.035864898188553894,0.17982216362201658,1.9844674545084815,LinearRegression,"{'mode': 'original', 'type': 'LinearRegression'}",12,"['nodes_T2W20', 'edges_T2W20', 'pe_T2W20', 'l2_T2W20', 'lcc_T2W20', 'atd_T2W20', 'density_T2W20', 'diameter_T2W20', 'asp_T2W20', 'z_lsc_T2W20', 'z_diameter_T2W20', 'z_asp_T2W20']",0.15447854769389643,0.20371785317264038,98.0,0.1790982004332684,0.024619652739371972,0.12343989379090117,1.9844674545084815,1.3492690851905373,1.3938014084834678,98.0,1.3715352468370026,0.02226616164646529,0.11163978053903394,1.9844674545084815,completed,False,COMPLETE
144,1.0371454679041514,2026-06-13 07:16:00.278164,2026-06-13 07:16:02.392134,0 days 00:00:02.113970,,,,0.00016913898789842018,0.14002409755331768,,,,,,,,,,ElasticNet,,,,,,7,,,,,,,,False,,,,,,,,,-0.04000368006806319,-0.019407433543439642,98.0,-0.029705556805751415,0.010298123262311772,0.051633516329515905,1.9844674545084815,1.0230738140567985,1.0512171217515043,98.0,1.0371454679041514,0.01407165384735291,0.07055353195952017,1.9844674545084815,224989685722870.22,306929740879518.2,98.0,265959713301194.22,40970027578323.99,205418650962158.7,1.9844674545084815,3.1702256468666388,3.334363466626969,98.0,3.252294556746804,0.08206890988016505,0.4114833635708314,1.9844674545084815,0.8909964812619507,0.9159737878602355,98.0,0.9034851345610931,0.012488653299142345,0.06261656300180794,1.9844674545084815,99.0,0.37373737373737376,-0.006909336806691703,0.028663565479191216,98.0,0.010877114336249756,0.01778645114294146,0.08917906614054676,1.9844674545084815,ElasticNet,"{'mode': 'original', 'type': 'ElasticNet'}",7,"['edges_T2W20', 'l2_T2W20', 'atd_T2W20', 'diameter_T2W20', 'asp_T2W20', 'z_diameter_T2W20', 'z_asp_T2W20']",0.16286097031676847,0.21422531225639066,98.0,0.18854314128657956,0.025682170969811086,0.12876722878237132,1.9844674545084815,1.3064108362636968,1.341310973789416,98.0,1.3238609050265564,0.017450068762859698,0.08749248649175995,1.9844674545084815,completed,False,COMPLETE
