number,value,datetime_start,datetime_complete,duration,params_dt_max_depth,params_dt_min_samples_leaf,params_dt_min_samples_split,params_elastic_alpha,params_elastic_l1_ratio,params_et_max_depth,params_et_max_features,params_et_min_samples_leaf,params_et_min_samples_split,params_et_n_estimators,params_knn_metric,params_knn_n_neighbors,params_knn_weights,params_quantile_alpha,params_regressor,params_rf_max_depth,params_rf_max_features,params_rf_min_samples_leaf,params_rf_min_samples_split,params_rf_n_estimators,params_rfe_n_features,params_rfe_proxy_et_max_depth,params_rfe_proxy_et_min_samples_leaf,params_rfe_proxy_et_min_samples_split,params_rfe_proxy_et_n_estimators,params_rfe_proxy_lsvr_C,params_rfe_proxy_lsvr_epsilon,params_rfe_proxy_type,params_use_scaler,params_xgb_booster,params_xgb_colsample_bytree,params_xgb_learning_rate,params_xgb_max_depth,params_xgb_n_estimators,params_xgb_reg_alpha,params_xgb_reg_lambda,params_xgb_subsample,user_attrs_d2mae_ci_lower_val,user_attrs_d2mae_ci_upper_val,user_attrs_d2mae_df_val,user_attrs_d2mae_mean_val,user_attrs_d2mae_samperror_val,user_attrs_d2mae_std_val,user_attrs_d2mae_t_critical_val,user_attrs_mae_ci_lower_val,user_attrs_mae_ci_upper_val,user_attrs_mae_df_val,user_attrs_mae_mean_val,user_attrs_mae_samperror_val,user_attrs_mae_std_val,user_attrs_mae_t_critical_val,user_attrs_mape_ci_lower_val,user_attrs_mape_ci_upper_val,user_attrs_mape_df_val,user_attrs_mape_mean_val,user_attrs_mape_samperror_val,user_attrs_mape_std_val,user_attrs_mape_t_critical_val,user_attrs_max_error_ci_lower_val,user_attrs_max_error_ci_upper_val,user_attrs_max_error_df_val,user_attrs_max_error_mean_val,user_attrs_max_error_samperror_val,user_attrs_max_error_std_val,user_attrs_max_error_t_critical_val,user_attrs_median_ae_ci_lower_val,user_attrs_median_ae_ci_upper_val,user_attrs_median_ae_df_val,user_attrs_median_ae_mean_val,user_attrs_median_ae_samperror_val,user_attrs_median_ae_std_val,user_attrs_median_ae_t_critical_val,user_attrs_n_splits_val,user_attrs_r2_below_zero_val,user_attrs_r2_ci_lower_val,user_attrs_r2_ci_upper_val,user_attrs_r2_df_val,user_attrs_r2_mean_val,user_attrs_r2_samperror_val,user_attrs_r2_std_val,user_attrs_r2_t_critical_val,user_attrs_regressor_final,user_attrs_rfe_estimator,user_attrs_rfe_n_features,user_attrs_rfe_selected_features,user_attrs_rho_ci_lower_val,user_attrs_rho_ci_upper_val,user_attrs_rho_df_val,user_attrs_rho_mean_val,user_attrs_rho_samperror_val,user_attrs_rho_std_val,user_attrs_rho_t_critical_val,user_attrs_rmse_ci_lower_val,user_attrs_rmse_ci_upper_val,user_attrs_rmse_df_val,user_attrs_rmse_mean_val,user_attrs_rmse_samperror_val,user_attrs_rmse_std_val,user_attrs_rmse_t_critical_val,user_attrs_termination_reason,user_attrs_use_scaler_final,state
49,1.0075757575757578,2026-06-13 07:06:13.468369,2026-06-13 07:06:15.600027,0 days 00:00:02.131658,,,,,,,,,,,,,,4.244656636175243,QuantileRegressor,,,,,,11,,,,,,,,False,,,,,,,,,0.0,0.0,98.0,0.0,0.0,0.0,1.9844674545084815,0.9969166374215648,1.0182348777299508,98.0,1.0075757575757578,0.010659120154193034,0.053443510096056954,1.9844674545084815,243249413827922.25,331073265925134.4,98.0,287161339876528.3,43911926048606.08,220168966027914.5,1.9844674545084815,2.969853864095874,3.009944115702106,98.0,2.98989898989899,0.02004512580311598,0.10050378152592122,1.9844674545084815,1.0,1.0,98.0,1.0,0.0,0.0,1.9844674545084815,99.0,0.8787878787878788,-0.0030948902600817954,-0.0016582379893588322,98.0,-0.002376564124720314,0.0007183261353614816,0.0036015983976267767,1.9844674545084815,QuantileRegressor,"{'mode': 'original', 'type': 'QuantileRegressor'}",11,"['diameter_T2W20', 'asp_T2W20', 'z_re_T2W20', 'z_pe_T2W20', 'z_l1_T2W20', 'z_l2_T2W20', 'z_l3_T2W20', 'z_lsc_T2W20', 'z_density_T2W20', 'z_diameter_T2W20', 'z_asp_T2W20']",,,,,,,,1.3196611267084086,1.3492364416432259,98.0,1.3344487841758172,0.014787657467408713,0.07414348555266105,1.9844674545084815,completed,False,COMPLETE
50,1.0146237887865421,2026-06-13 07:06:15.692181,2026-06-13 07:06:18.312056,0 days 00:00:02.619875,,,,0.004742269251269964,0.8028534485980114,,,,,,,,,,ElasticNet,,,,,,2,,,,,,,,True,,,,,,,,,-0.014711226599908029,0.00020327393541498193,98.0,-0.007253976332246523,0.007457250267661505,0.03738973050339569,1.9844674545084815,1.002408581548623,1.0268389960244613,98.0,1.0146237887865421,0.012215207237919199,0.06124553827159533,1.9844674545084815,219481357926855.25,299026701989144.44,98.0,259254029957999.84,39772672031144.59,199415258341701.22,1.9844674545084815,3.135689184400422,3.2877062457770094,98.0,3.211697715088716,0.07600853068829362,0.3810973718715724,1.9844674545084815,0.9013296690597117,0.920526927102473,98.0,0.9109282980810923,0.009598629021380688,0.04812633872136892,1.9844674545084815,99.0,0.18181818181818182,0.02933890018477462,0.053176837259848946,98.0,0.04125786872231178,0.011918968537537164,0.059760234067712976,1.9844674545084815,ElasticNet,"{'mode': 'original', 'type': 'ElasticNet'}",2,"['edges_T2W20', 'lsc_T2W20']",0.19508841703359922,0.2420217267983428,98.0,0.218555071915971,0.0234666548823718,0.11765890514268887,1.9844674545084815,1.2880258509730453,1.3209095352757825,98.0,1.304467693124414,0.016441842151368628,0.08243736296271896,1.9844674545084815,completed,True,COMPLETE
51,1.0738676485035967,2026-06-13 07:06:18.327327,2026-06-13 07:06:29.663682,0 days 00:00:11.336355,,,,,,,,,,,,,,,RandomForestRegressor,5.0,sqrt,3.0,7.0,113.0,15,,,,,,,,False,,,,,,,,,-0.07262991476684126,-0.05933705497939625,98.0,-0.06598348487311875,0.006646429893722502,0.03332437743355046,1.9844674545084815,1.0612914321712665,1.086443864835927,98.0,1.0738676485035967,0.012576216332330173,0.0630555932201111,1.9844674545084815,219543649826527.97,300653369025429.75,98.0,260098509425978.84,40554859599450.88,203337050065509.03,1.9844674545084815,3.1065882495700565,3.222668461217599,98.0,3.1646283553938277,0.05804010582377124,0.2910059119981619,1.9844674545084815,0.9473754364487557,0.9800191345923481,98.0,0.9636972855205519,0.01632184907179625,0.08183573250290463,1.9844674545084815,99.0,0.47474747474747475,-0.016582641435020206,0.006830789370284085,98.0,-0.0048759260323680605,0.011706715402652145,0.0586960231016057,1.9844674545084815,RandomForestRegressor,"{'mode': 'original', 'type': 'RandomForestRegressor'}",15,"['edges_T2W20', 're_T2W20', 'l1_T2W20', 'l2_T2W20', 'l3_T2W20', 'lcc_T2W20', 'lsc_T2W20', 'atd_T2W20', 'density_T2W20', 'diameter_T2W20', 'z_re_T2W20', 'z_l1_T2W20', 'z_l3_T2W20', 'z_lsc_T2W20', 'z_density_T2W20']",0.09883364678430184,0.14124701319665336,98.0,0.1200403299904776,0.02120668320617576,0.10632768667940197,1.9844674545084815,1.3189927996181185,1.3519488666198236,98.0,1.335470833118971,0.016478033500852616,0.08261882191275965,1.9844674545084815,completed,False,COMPLETE
52,1.0207039146411299,2026-06-13 07:06:29.675711,2026-06-13 07:06:31.844885,0 days 00:00:02.169174,,,,,,,,,,,,,,,XGBRegressor,,,,,,3,,,,,,,,False,gblinear,0.6025698202410036,0.0033110184908801267,8.0,80.0,5.202229242282237e-07,2.1327846708235122e-08,0.9490271447203569,-0.014330221502945807,-0.011957333059158918,98.0,-0.013143777281052363,0.0011864442218934442,0.005948684585024372,1.9844674545084815,1.010284126186147,1.0311237030961127,98.0,1.0207039146411299,0.010419788454982783,0.052243530557594016,1.9844674545084815,241060477544346.94,328496634568799.06,98.0,284778556056573.0,43718078512226.06,219197038456242.88,1.9844674545084815,3.0234128512853493,3.0596704363486813,98.0,3.0415416438170153,0.018128792531665886,0.09089552352163698,1.9844674545084815,0.9710279189989054,0.9793518548249965,98.0,0.975189886911951,0.004161967913045556,0.02086759234933821,1.9844674545084815,99.0,0.8080808080808081,-0.006806193988928757,-0.004061018368559275,98.0,-0.005433606178744016,0.001372587810184741,0.006881985513830286,1.9844674545084815,XGBRegressor,"{'mode': 'original', 'type': 'XGBRegressor'}",3,"['l2_T2W20', 'z_l2_T2W20', 'z_diameter_T2W20']",-0.06874004421123109,-0.01841409971929258,98.0,-0.04357707196526183,0.02516297224596925,0.12616403059733297,1.9844674545084815,1.3217608307284778,1.3510953140783157,98.0,1.3364280724033968,0.014667241674918964,0.07353973566256163,1.9844674545084815,completed,False,COMPLETE
53,1.0556889275859505,2026-06-13 07:06:31.857438,2026-06-13 07:06:33.555681,0 days 00:00:01.698243,,,,,,,,,,,,,,,LinearRegression,,,,,,9,,,,,,,,False,,,,,,,,,-0.06124886306892946,-0.03570127104439268,98.0,-0.04847506705666107,0.01277379601226839,0.06404623329797907,1.9844674545084815,1.0406551546934644,1.0707227004784365,98.0,1.0556889275859505,0.015033772892486015,0.07537747785358656,1.9844674545084815,218535726531124.16,296171526144942.0,98.0,257353626338033.06,38817899806908.91,194628148498934.1,1.9844674545084815,3.141605214753795,3.3201166169045497,98.0,3.2308609158291723,0.08925570107537746,0.4475170457362865,1.9844674545084815,0.8817720143513451,0.9125149749521054,98.0,0.8971434946517253,0.015371480300380143,0.07707070102794053,1.9844674545084815,99.0,0.43434343434343436,-0.03257513323862681,0.01735599130423985,98.0,-0.00760957096719348,0.02496556227143333,0.12517424140136235,1.9844674545084815,LinearRegression,"{'mode': 'original', 'type': 'LinearRegression'}",9,"['nodes_T2W20', 'edges_T2W20', 'atd_T2W20', 'density_T2W20', 'diameter_T2W20', 'asp_T2W20', 'z_lsc_T2W20', 'z_diameter_T2W20', 'z_asp_T2W20']",0.18243009297633153,0.2295425450305091,98.0,0.20598631900342032,0.023556226027088782,0.11810800378382899,1.9844674545084815,1.3165221495833568,1.3522536085248662,98.0,1.3343878790541115,0.01786572947075461,0.08957655787078248,1.9844674545084815,completed,False,COMPLETE
54,1.2336777430666928,2026-06-13 07:06:33.568101,2026-06-13 07:06:33.814636,0 days 00:00:00.246535,,,,,,,,,,,minkowski,5.0,distance,,KNeighborsRegressor,,,,,,7,,,,,0.008968733598183252,0.00024989960578908907,LinearSVR,,,,,,,,,,,,,,,,,,,,,,,,,,,,,,,,,,,,,,,,,,,,,,,,,,,,,,KNeighborsRegressor,"{'mode': 'proxy', 'type': 'LinearSVR'}",7,"['re_T2W20', 'lsc_T2W20', 'diameter_T2W20', 'asp_T2W20', 'z_re_T2W20', 'z_l1_T2W20', 'z_l3_T2W20']",,,,,,,,,,,,,,,pruned,True,PRUNED
55,1.0205450870272286,2026-06-13 07:06:33.824023,2026-06-13 07:06:39.890974,0 days 00:00:06.066951,,,,,,,,,,,,,,,XGBRegressor,,,,,,9,,,,,,,,False,gbtree,0.7107122752962489,0.0028147353837328012,2.0,143.0,1.0815470066957966,0.22750558138165483,0.7915207804848461,-0.01567396564380603,-0.010220752746688511,98.0,-0.012947359195247272,0.0027266064485587604,0.01367086749690139,1.9844674545084815,1.0096670634281188,1.0314231106263383,98.0,1.0205450870272286,0.010878023599109742,0.054541064894129625,1.9844674545084815,233782844713591.12,318609808851051.56,98.0,276196326782321.34,42413482068730.234,212655953245582.0,1.9844674545084815,3.0056702978579337,3.057897716229165,98.0,3.0317840070435493,0.02611370918561546,0.13093090802226648,1.9844674545084815,0.9582351593868893,0.9715944067787651,98.0,0.9649147830828272,0.006679623695937917,0.0334908070523336,1.9844674545084815,99.0,0.1111111111111111,0.01632063113285059,0.023704015874884642,98.0,0.020012323503867616,0.0036916923710170256,0.018509688946922422,1.9844674545084815,XGBRegressor,"{'mode': 'original', 'type': 'XGBRegressor'}",9,"['edges_T2W20', 're_T2W20', 'pe_T2W20', 'l2_T2W20', 'lsc_T2W20', 'atd_T2W20', 'density_T2W20', 'z_lsc_T2W20', 'z_diameter_T2W20']",0.1582896217695104,0.20160268466625098,98.0,0.17994615321788068,0.021656531448370285,0.10858317012696955,1.9844674545084815,1.3046828524366867,1.334050006894838,98.0,1.3193664296657623,0.014683577229075564,0.07362164011066465,1.9844674545084815,completed,False,COMPLETE
56,1.034870734036922,2026-06-13 07:06:39.904494,2026-06-13 07:06:44.135485,0 days 00:00:04.230991,,,,,,,,,,,,,,,XGBRegressor,,,,,,7,,,,,,,,True,gblinear,0.7126067522346167,0.1644047400164349,6.0,441.0,1.5930293410397775e-08,2.6187632305518894e-06,0.8999276279736577,-0.03847783444823283,-0.01664003426725951,98.0,-0.02755893435774617,0.010918900090486659,0.054746014566146806,1.9844674545084815,1.0206968162225543,1.04904465185129,98.0,1.034870734036922,0.014173917814367777,0.07106627084176947,1.9844674545084815,232792323083189.16,316884152084703.9,98.0,274838237583946.53,42045914500757.37,210813014921801.72,1.9844674545084815,3.1080240280265543,3.2227775745393266,98.0,3.1654008012829404,0.057376773256386196,0.28768004454857315,1.9844674545084815,0.8958423230896049,0.9216683455879082,98.0,0.9087553343387565,0.012913011249151677,0.064744241277087,1.9844674545084815,99.0,0.30303030303030304,0.008824067773267608,0.04177779880767108,98.0,0.025300933290469344,0.016476865517201737,0.08261296578719442,1.9844674545084815,XGBRegressor,"{'mode': 'original', 'type': 'XGBRegressor'}",7,"['nodes_T2W20', 'edges_T2W20', 'l2_T2W20', 'lsc_T2W20', 'density_T2W20', 'diameter_T2W20', 'z_diameter_T2W20']",0.21568357824832854,0.2617828938451818,98.0,0.23873323604675517,0.02304965779842662,0.11556813333943795,1.9844674545084815,1.2975382326827067,1.3309244469645578,98.0,1.3142313398236323,0.016693107140925447,0.08369717454302872,1.9844674545084815,completed,True,COMPLETE
57,1.0327317647896646,2026-06-13 07:06:44.151436,2026-06-13 07:06:47.359465,0 days 00:00:03.208029,,,,,,,,,,,,,,0.0023457196365169446,QuantileRegressor,,,,,,13,,,,,,,,False,,,,,,,,,-0.03520687755898516,-0.014356118920424146,98.0,-0.024781498239704654,0.010425379319280509,0.052271562459685256,1.9844674545084815,1.0169309520643186,1.0485325775150105,98.0,1.0327317647896646,0.01580081272534594,0.07922332070539095,1.9844674545084815,223432726256410.88,304562781927898.44,98.0,263997754092154.66,40565027835743.766,203388032344638.72,1.9844674545084815,3.174637551434392,3.40416667479865,98.0,3.289402113116521,0.11476456168212906,0.5754153177939062,1.9844674545084815,0.969447517810969,0.9884947301431805,98.0,0.9789711239770748,0.009523606166105732,0.04775018340410806,1.9844674545084815,99.0,0.32323232323232326,-0.029679386196197796,0.014648376062666467,98.0,-0.0075155050667656655,0.02216388112943213,0.11112695867703988,1.9844674545084815,QuantileRegressor,"{'mode': 'original', 'type': 'QuantileRegressor'}",13,"['nodes_T2W20', 'edges_T2W20', 'pe_T2W20', 'l1_T2W20', 'l3_T2W20', 'lcc_T2W20', 'lsc_T2W20', 'diameter_T2W20', 'z_re_T2W20', 'z_pe_T2W20', 'z_l1_T2W20', 'z_l2_T2W20', 'z_asp_T2W20']",0.11895508542939877,0.1731678842161688,98.0,0.14606148482278378,0.027106399393385012,0.13590813394464424,1.9844674545084815,1.3150835741287656,1.3575972478165454,98.0,1.3363404109726555,0.021256836843889904,0.10657915081572426,1.9844674545084815,completed,False,COMPLETE
58,1.0501327376327374,2026-06-13 07:06:47.372389,2026-06-13 07:06:49.661673,0 days 00:00:02.289284,,,,,,,,,,,euclidean,13.0,uniform,,KNeighborsRegressor,,,,,,7,10.0,4.0,2.0,30.0,,,ExtraTrees,,,,,,,,,,-0.050812218025610575,-0.03303856097139063,98.0,-0.0419253894985006,0.00888682852710997,0.04455745908105723,1.9844674545084815,1.0349892343068368,1.065276240958638,98.0,1.0501327376327374,0.015143503325900736,0.07592765267488619,1.9844674545084815,229550578775490.16,314882243310804.2,98.0,272216411043147.16,42665832267657.01,213921205931450.22,1.9844674545084815,3.1419207891322314,3.293199645988204,98.0,3.2175602175602176,0.07563942842798602,0.37924673879024184,1.9844674545084815,0.8817521810671474,0.9170046176896516,98.0,0.8993783993783995,0.017626218311252093,0.08837567854061039,1.9844674545084815,99.0,0.3838383838383838,0.004370041642068185,0.03666996365967397,98.0,0.020520002650871075,0.01614996100880289,0.08097390701476959,1.9844674545084815,KNeighborsRegressor,"{'mode': 'proxy', 'type': 'ExtraTrees'}",7,"['edges_T2W20', 'l2_T2W20', 'l3_T2W20', 'z_l1_T2W20', 'z_l2_T2W20', 'z_l3_T2W20', 'z_lsc_T2W20']",0.1702260195821856,0.21959074205964998,98.0,0.1949083808209178,0.024682361238732183,0.12375430645068788,1.9844674545084815,1.298755402077998,1.3385935395972535,98.0,1.3186744708376257,0.01991906875962773,0.09987174710104488,1.9844674545084815,completed,True,COMPLETE
59,1.0584034151245936,2026-06-13 07:06:49.675355,2026-06-13 07:07:04.394266,0 days 00:00:14.718911,,,,,,,,,,,,,,,RandomForestRegressor,2.0,,3.0,4.0,146.0,9,,,,,,,,True,,,,,,,,,-0.05904780509665555,-0.04226831296738687,98.0,-0.05065805903202121,0.008389746064634341,0.04206514909509289,1.9844674545084815,1.045014217159053,1.071792613090134,98.0,1.0584034151245936,0.0133891979655406,0.06713178257663119,1.9844674545084815,211517181877782.53,290228075384440.7,98.0,250872628631111.6,39355446753329.07,197323342402608.2,1.9844674545084815,3.025384654830057,3.155504829172554,98.0,3.0904447420013055,0.06506008717124837,0.3262032302186945,1.9844674545084815,0.8836819188087666,0.9247150784208888,98.0,0.9041984986148277,0.020516579806061093,0.10286759358561662,1.9844674545084815,99.0,0.2727272727272727,0.011058876097048139,0.03844451862197809,98.0,0.024751697359513113,0.013692821262464974,0.06865411223422424,1.9844674545084815,RandomForestRegressor,"{'mode': 'original', 'type': 'RandomForestRegressor'}",9,"['edges_T2W20', 'l2_T2W20', 'l3_T2W20', 'lcc_T2W20', 'lsc_T2W20', 'diameter_T2W20', 'z_re_T2W20', 'z_l3_T2W20', 'z_lsc_T2W20']",0.16727423004119796,0.21086324384143323,98.0,0.1890687369413156,0.021794506900117645,0.1092749619767469,1.9844674545084815,1.2984610367867049,1.3324264345598151,98.0,1.31544373567326,0.016982698886555174,0.08514915173790148,1.9844674545084815,completed,True,COMPLETE
60,1.113676450116608,2026-06-13 07:07:04.408638,2026-06-13 07:07:06.496359,0 days 00:00:02.087721,,,,,,,,,,,,,,,LinearRegression,,,,,,16,,,,,,,,True,,,,,,,,,-0.12313468394103923,-0.08928590129407095,98.0,-0.10621029261755509,0.01692439132348414,0.08485680482834558,1.9844674545084815,1.09525946428343,1.1320934359497863,98.0,1.113676450116608,0.018416985833178263,0.09234048909066979,1.9844674545084815,236719887539002.62,321567111143389.06,98.0,279143499341195.84,42423611802193.21,212706742476284.72,1.9844674545084815,3.279599400111354,3.574692155486651,98.0,3.4271457777990024,0.14754637768764833,0.7397792886765185,1.9844674545084815,0.915917993090043,0.9562679320537666,98.0,0.9360929625719048,0.020174969481861774,0.1011548016716347,1.9844674545084815,99.0,0.6868686868686869,-0.14004137278879913,-0.06672568453223687,98.0,-0.103383528660518,0.03665784412828114,0.1837978964894963,1.9844674545084815,LinearRegression,"{'mode': 'original', 'type': 'LinearRegression'}",16,"['nodes_T2W20', 'edges_T2W20', 'pe_T2W20', 'l1_T2W20', 'l2_T2W20', 'lcc_T2W20', 'lsc_T2W20', 'atd_T2W20', 'density_T2W20', 'diameter_T2W20', 'asp_T2W20', 'z_l1_T2W20', 'z_l2_T2W20', 'z_density_T2W20', 'z_diameter_T2W20', 'z_asp_T2W20']",0.1312154320411898,0.18287803003957054,98.0,0.15704673104038017,0.02583129899919037,0.1295149382770055,1.9844674545084815,1.3712403138461111,1.416894706147788,98.0,1.3940675099969495,0.022827196150838454,0.11445273815326147,1.9844674545084815,completed,True,COMPLETE
61,1.2821576694209271,2026-06-13 07:07:06.509446,2026-06-13 07:07:08.337503,0 days 00:00:01.828057,18.0,5.0,15.0,,,,,,,,,,,,DecisionTreeRegressor,,,,,,15,,,,,,,,False,,,,,,,,,-0.2943414199268363,-0.25302601145025866,98.0,-0.2736837156885475,0.02065770423828884,0.10357517403404574,1.9844674545084815,1.2601895711319262,1.304125767709928,98.0,1.2821576694209271,0.021968098289000825,0.1101453277302202,1.9844674545084815,184984511309724.7,258502377911000.62,98.0,221743444610362.66,36758933300637.96,184304745096632.84,1.9844674545084815,3.635536288700027,3.8090096255428585,98.0,3.722272957121443,0.08673666842141568,0.43488692757204517,1.9844674545084815,1.0987381724194147,1.165398084141084,98.0,1.1320681282802494,0.03332995586083464,0.1671122763213192,1.9844674545084815,99.0,0.98989898989899,-0.4402758607685745,-0.3577031400153511,98.0,-0.3989895003919628,0.04128636037661168,0.20700470448763203,1.9844674545084815,DecisionTreeRegressor,"{'mode': 'original', 'type': 'DecisionTreeRegressor'}",15,"['edges_T2W20', 're_T2W20', 'l2_T2W20', 'l3_T2W20', 'lcc_T2W20', 'atd_T2W20', 'asp_T2W20', 'z_re_T2W20', 'z_pe_T2W20', 'z_l2_T2W20', 'z_l3_T2W20', 'z_lsc_T2W20', 'z_density_T2W20', 'z_diameter_T2W20', 'z_asp_T2W20']",0.06545482776873644,0.1195252385897395,98.0,0.09249003317923797,0.02703520541050153,0.135551176119986,1.9844674545084815,1.5460793295836144,1.594763462884412,98.0,1.5704213962340132,0.02434206665039889,0.12204811147360341,1.9844674545084815,completed,False,COMPLETE
62,1.088959034792368,2026-06-13 07:07:08.367551,2026-06-13 07:07:10.268156,0 days 00:00:01.900605,,,,,,,,,,,manhattan,15.0,uniform,,KNeighborsRegressor,,,,,,20,12.0,3.0,12.0,80.0,,,ExtraTrees,,,,,,,,,,-0.08874430957400836,-0.07290590613171069,98.0,-0.08082510785285953,0.00791920172114883,0.0397058979554181,1.9844674545084815,1.0750344780348342,1.102883591549902,98.0,1.088959034792368,0.013924556757533913,0.06981600534464759,1.9844674545084815,240846621344626.88,331327876767989.25,98.0,286087249056308.06,45240627711681.19,226830911828128.5,1.9844674545084815,3.1590596282915424,3.2948124255805107,98.0,3.2269360269360265,0.06787639864448426,0.34032386761429756,1.9844674545084815,0.9374644378143148,0.9716264712765944,98.0,0.9545454545454546,0.01708101673113986,0.08564210525035602,1.9844674545084815,99.0,0.7676767676767676,-0.05983111046147431,-0.03321739695775171,98.0,-0.04652425370961301,0.0133068567518613,0.06671893391549097,1.9844674545084815,KNeighborsRegressor,"{'mode': 'proxy', 'type': 'ExtraTrees'}",20,"['nodes_T2W20', 'edges_T2W20', 'pe_T2W20', 'l1_T2W20', 'l2_T2W20', 'l3_T2W20', 'lcc_T2W20', 'lsc_T2W20', 'atd_T2W20', 'density_T2W20', 'diameter_T2W20', 'asp_T2W20', 'z_re_T2W20', 'z_pe_T2W20', 'z_l1_T2W20', 'z_l2_T2W20', 'z_l3_T2W20', 'z_lsc_T2W20', 'z_density_T2W20', 'z_asp_T2W20']",0.013826969855653556,0.06890246247623713,98.0,0.041364716165945344,0.027537746310291787,0.13807085403552735,1.9844674545084815,1.3451061520144048,1.3807091167828747,98.0,1.3629076343986397,0.017801482384234905,0.08925443092527587,1.9844674545084815,completed,True,COMPLETE
