number,value,datetime_start,datetime_complete,duration,params_dt_max_depth,params_dt_min_samples_leaf,params_dt_min_samples_split,params_elastic_alpha,params_elastic_l1_ratio,params_et_max_depth,params_et_max_features,params_et_min_samples_leaf,params_et_min_samples_split,params_et_n_estimators,params_knn_metric,params_knn_n_neighbors,params_knn_weights,params_quantile_alpha,params_regressor,params_rf_max_depth,params_rf_max_features,params_rf_min_samples_leaf,params_rf_min_samples_split,params_rf_n_estimators,params_rfe_n_features,params_rfe_proxy_et_max_depth,params_rfe_proxy_et_min_samples_leaf,params_rfe_proxy_et_min_samples_split,params_rfe_proxy_et_n_estimators,params_rfe_proxy_lsvr_C,params_rfe_proxy_lsvr_epsilon,params_rfe_proxy_type,params_use_scaler,params_xgb_booster,params_xgb_colsample_bytree,params_xgb_learning_rate,params_xgb_max_depth,params_xgb_n_estimators,params_xgb_reg_alpha,params_xgb_reg_lambda,params_xgb_subsample,user_attrs_d2mae_ci_lower_val,user_attrs_d2mae_ci_upper_val,user_attrs_d2mae_df_val,user_attrs_d2mae_mean_val,user_attrs_d2mae_samperror_val,user_attrs_d2mae_std_val,user_attrs_d2mae_t_critical_val,user_attrs_mae_ci_lower_val,user_attrs_mae_ci_upper_val,user_attrs_mae_df_val,user_attrs_mae_mean_val,user_attrs_mae_samperror_val,user_attrs_mae_std_val,user_attrs_mae_t_critical_val,user_attrs_mape_ci_lower_val,user_attrs_mape_ci_upper_val,user_attrs_mape_df_val,user_attrs_mape_mean_val,user_attrs_mape_samperror_val,user_attrs_mape_std_val,user_attrs_mape_t_critical_val,user_attrs_max_error_ci_lower_val,user_attrs_max_error_ci_upper_val,user_attrs_max_error_df_val,user_attrs_max_error_mean_val,user_attrs_max_error_samperror_val,user_attrs_max_error_std_val,user_attrs_max_error_t_critical_val,user_attrs_median_ae_ci_lower_val,user_attrs_median_ae_ci_upper_val,user_attrs_median_ae_df_val,user_attrs_median_ae_mean_val,user_attrs_median_ae_samperror_val,user_attrs_median_ae_std_val,user_attrs_median_ae_t_critical_val,user_attrs_n_splits_val,user_attrs_r2_below_zero_val,user_attrs_r2_ci_lower_val,user_attrs_r2_ci_upper_val,user_attrs_r2_df_val,user_attrs_r2_mean_val,user_attrs_r2_samperror_val,user_attrs_r2_std_val,user_attrs_r2_t_critical_val,user_attrs_regressor_final,user_attrs_rfe_estimator,user_attrs_rfe_n_features,user_attrs_rfe_selected_features,user_attrs_rho_ci_lower_val,user_attrs_rho_ci_upper_val,user_attrs_rho_df_val,user_attrs_rho_mean_val,user_attrs_rho_samperror_val,user_attrs_rho_std_val,user_attrs_rho_t_critical_val,user_attrs_rmse_ci_lower_val,user_attrs_rmse_ci_upper_val,user_attrs_rmse_df_val,user_attrs_rmse_mean_val,user_attrs_rmse_samperror_val,user_attrs_rmse_std_val,user_attrs_rmse_t_critical_val,user_attrs_termination_reason,user_attrs_use_scaler_final,state
194,1.084631870428086,2026-06-13 07:20:17.215127,2026-06-13 07:20:23.712268,0 days 00:00:06.497141,,,,,,,,,,,,,,,RandomForestRegressor,10.0,sqrt,4.0,3.0,53.0,11,,,,,,,,True,,,,,,,,,-0.08463031152743095,-0.06901615607195757,98.0,-0.07682323379969426,0.007807077727736693,0.03914372212033526,1.9844674545084815,1.0718523733905285,1.0974113674656434,98.0,1.084631870428086,0.012779497037557335,0.0640748175336552,1.9844674545084815,237100632100416.4,325766842261652.8,98.0,281433737181034.6,44333105080618.195,222280705601535.2,1.9844674545084815,3.193120490193563,3.309715060767386,98.0,3.2514177754804745,0.05829728528691144,0.29229537801749605,1.9844674545084815,0.9111527415668134,0.9447698743344018,98.0,0.9279613079506076,0.01680856638379422,0.08427607290637186,1.9844674545084815,99.0,0.6767676767676768,-0.04825795010204476,-0.021983575024401673,98.0,-0.03512076256322322,0.013137187538821546,0.06586823346658824,1.9844674545084815,RandomForestRegressor,"{'mode': 'original', 'type': 'RandomForestRegressor'}",11,"['l2_T2W20', 'lcc_T2W20', 'lsc_T2W20', 'atd_T2W20', 'density_T2W20', 'diameter_T2W20', 'z_pe_T2W20', 'z_l1_T2W20', 'z_l3_T2W20', 'z_lsc_T2W20', 'z_diameter_T2W20']",0.05831544510591321,0.10489874927909026,98.0,0.08160709719250174,0.02329165208658853,0.11678146276958623,1.9844674545084815,1.3384476984698244,1.372088279807895,98.0,1.3552679891388597,0.016820290669035436,0.08433485702247093,1.9844674545084815,completed,True,COMPLETE
195,1.1337006988640452,2026-06-13 07:20:23.725161,2026-06-13 07:20:25.914832,0 days 00:00:02.189671,,,,,,,,,,,,,,,LinearRegression,,,,,,17,,,,,,,,False,,,,,,,,,-0.14376634327586785,-0.1070059368578374,98.0,-0.1253861400668526,0.01838020320901522,0.09215606556251922,1.9844674545084815,1.1121339061873263,1.1552674915407641,98.0,1.1337006988640452,0.02156679267671899,0.10813323102511346,1.9844674545084815,229235098583052.84,311625821597753.75,98.0,270430460090403.28,41195361507350.44,206548447412212.9,1.9844674545084815,3.4021295536525162,3.961992023052116,98.0,3.682060788352316,0.27993123469979975,1.4035405879157243,1.9844674545084815,0.9403333910101592,0.9879431691285523,98.0,0.9641382800693558,0.023804889059196588,0.11935476947130855,1.9844674545084815,99.0,0.7171717171717171,-0.2243331162590474,-0.10727655382483957,98.0,-0.1658048350419435,0.05852828121710392,0.2934535630411008,1.9844674545084815,LinearRegression,"{'mode': 'original', 'type': 'LinearRegression'}",17,"['nodes_T2W20', 'edges_T2W20', 'pe_T2W20', 'l1_T2W20', 'l2_T2W20', 'l3_T2W20', 'lcc_T2W20', 'atd_T2W20', 'density_T2W20', 'diameter_T2W20', 'asp_T2W20', 'z_l1_T2W20', 'z_l2_T2W20', 'z_lsc_T2W20', 'z_density_T2W20', 'z_diameter_T2W20', 'z_asp_T2W20']",0.12152281158332968,0.17909143090412294,98.0,0.1503071212437263,0.028784309660396624,0.1443209684936607,1.9844674545084815,1.3948757194602976,1.4647252343662844,98.0,1.429800476913291,0.03492475745299342,0.17510841425379362,1.9844674545084815,completed,False,COMPLETE
196,1.0151897747107228,2026-06-13 07:20:25.931063,2026-06-13 07:20:28.323817,0 days 00:00:02.392754,,,,,,,,,,,,,,,XGBRegressor,,,,,,17,,,,,,,,False,gblinear,0.9114919025208837,0.11941144217950807,10.0,86.0,2.4796739133918027,0.0007911989368573516,0.9025451592478313,-0.008443335561664114,-0.0068892786912797665,98.0,-0.00766630712647194,0.0007770284351921741,0.003895924468473183,1.9844674545084815,1.0048612872114127,1.025518262210033,98.0,1.0151897747107228,0.01032848749931017,0.05178575885827139,1.9844674545084815,241077355703089.66,328386068820620.0,98.0,284731712261854.8,43654356558765.164,218877544462942.8,1.9844674545084815,2.999288629927203,3.0396461595955273,98.0,3.019467394761365,0.020178764834162383,0.10117383109864757,1.9844674545084815,0.9679492550959159,0.9747504903520328,98.0,0.9713498727239743,0.0034006176280584064,0.01705027618686485,1.9844674545084815,99.0,1.0,-0.0034871392515538314,-0.0018535005676548933,98.0,-0.0026703199096043623,0.0008168193419494692,0.004095431153476469,1.9844674545084815,XGBRegressor,"{'mode': 'original', 'type': 'XGBRegressor'}",17,"['l2_T2W20', 'l3_T2W20', 'lcc_T2W20', 'lsc_T2W20', 'atd_T2W20', 'density_T2W20', 'diameter_T2W20', 'asp_T2W20', 'z_re_T2W20', 'z_pe_T2W20', 'z_l1_T2W20', 'z_l2_T2W20', 'z_l3_T2W20', 'z_lsc_T2W20', 'z_density_T2W20', 'z_diameter_T2W20', 'z_asp_T2W20']",,,,,,,,1.3198997104195724,1.3493526661876745,98.0,1.3346261883036235,0.01472647788405099,0.07383673868860917,1.9844674545084815,completed,False,COMPLETE
197,1.0337620442907989,2026-06-13 07:20:28.336581,2026-06-13 07:20:48.615324,0 days 00:00:20.278743,,,,,,16.0,log2,4.0,6.0,350.0,,,,,ExtraTreesRegressor,,,,,,11,,,,,,,,False,,,,,,,,,-0.03056561130950589,-0.021695726972974744,98.0,-0.026130669141240317,0.0044349421682655715,0.02223625150260572,1.9844674545084815,1.0224620550795127,1.045062033502085,98.0,1.0337620442907989,0.01129998921128606,0.05665674828340662,1.9844674545084815,225835148053267.22,308619604401121.7,98.0,267227376227194.44,41392228173927.23,207535512529274.66,1.9844674545084815,3.058983229218294,3.151202289725133,98.0,3.1050927594717135,0.04610953025341934,0.231187481703514,1.9844674545084815,0.9228828312343346,0.9482907938214268,98.0,0.9355868125278807,0.012703981293546121,0.06369619093323294,1.9844674545084815,99.0,0.15151515151515152,0.030792582597195223,0.0452959731924964,98.0,0.03804427789484581,0.0072516952976505854,0.036359103307514816,1.9844674545084815,ExtraTreesRegressor,"{'mode': 'original', 'type': 'ExtraTreesRegressor'}",11,"['edges_T2W20', 'l1_T2W20', 'l2_T2W20', 'l3_T2W20', 'lcc_T2W20', 'lsc_T2W20', 'atd_T2W20', 'diameter_T2W20', 'z_l2_T2W20', 'z_l3_T2W20', 'z_lsc_T2W20']",0.184546677289541,0.2243753984037432,98.0,0.2044610378466421,0.019914360557101114,0.0998481407559033,1.9844674545084815,1.2917616063708108,1.3223127813862952,98.0,1.307037193878553,0.015275587507742107,0.07658990642600765,1.9844674545084815,completed,False,COMPLETE
198,1.0144384299691729,2026-06-13 07:20:48.627692,2026-06-13 07:20:50.570145,0 days 00:00:01.942453,,,,0.02854162178907665,0.9271106288584273,,,,,,,,,,ElasticNet,,,,,,4,,,,,,,,True,,,,,,,,,-0.01432532384514311,0.0003216108232549598,98.0,-0.007001856510944074,0.007323467334199034,0.03671895942175354,1.9844674545084815,1.0020654853164377,1.026811374621908,98.0,1.0144384299691729,0.012372944652735236,0.06203641415997067,1.9844674545084815,221862293280210.88,302199352377724.75,98.0,262030822828967.8,40168529548756.945,201400038973974.44,1.9844674545084815,3.095460392717612,3.225960055087507,98.0,3.1607102239025595,0.0652498311849476,0.3271545832351827,1.9844674545084815,0.9075625359517524,0.9265080947310899,98.0,0.9170353153414211,0.009472779389668702,0.047495344233485344,1.9844674545084815,99.0,0.16161616161616163,0.03597531427431279,0.05814650250134734,98.0,0.047060908387830065,0.011085594113517274,0.05558179778032557,1.9844674545084815,ElasticNet,"{'mode': 'original', 'type': 'ElasticNet'}",4,"['edges_T2W20', 'density_T2W20', 'z_lsc_T2W20', 'z_diameter_T2W20']",0.18547208296577825,0.23888770207880497,98.0,0.2121798925222916,0.026707809556513355,0.1339096538015476,1.9844674545084815,1.284684445836882,1.3162108663834542,98.0,1.300447656110168,0.015763210273286032,0.07903478666156467,1.9844674545084815,completed,True,COMPLETE
199,1.1507443523895022,2026-06-13 07:20:50.595861,2026-06-13 07:20:52.665975,0 days 00:00:02.070114,,,,,,,,,,,,,,,LinearRegression,,,,,,19,,,,,,,,False,,,,,,,,,-0.16230234330118976,-0.12153116637846119,98.0,-0.14191675483982547,0.02038558846136428,0.10221081918477205,1.9844674545084815,1.126392233393241,1.1750964713857635,98.0,1.1507443523895022,0.02435211899626118,0.12209851269244784,1.9844674545084815,232566859030883.5,316248451031350.44,98.0,274407655031116.97,41840796000233.484,209784576129944.78,1.9844674545084815,3.516298087257958,4.3183038514193575,98.0,3.917300969338658,0.4010028820806995,2.010578853320963,1.9844674545084815,0.9455539910965823,0.9967010590373074,98.0,0.9711275250669449,0.02557353397036256,0.12822253630373848,1.9844674545084815,99.0,0.7575757575757576,-0.315523638760612,-0.14545261016975297,98.0,-0.2304881244651825,0.08503551429542953,0.42635755118901175,1.9844674545084815,LinearRegression,"{'mode': 'original', 'type': 'LinearRegression'}",19,"['nodes_T2W20', 'edges_T2W20', 'pe_T2W20', 'l1_T2W20', 'l2_T2W20', 'l3_T2W20', 'lcc_T2W20', 'atd_T2W20', 'density_T2W20', 'diameter_T2W20', 'asp_T2W20', 'z_re_T2W20', 'z_l1_T2W20', 'z_l2_T2W20', 'z_l3_T2W20', 'z_lsc_T2W20', 'z_density_T2W20', 'z_diameter_T2W20', 'z_asp_T2W20']",0.10328586052930797,0.16227116456990012,98.0,0.13277851254960404,0.02949265202029607,0.1478725094759489,1.9844674545084815,1.4169164628405941,1.510709157764772,98.0,1.463812810302683,0.046896347462088955,0.23513248587149355,1.9844674545084815,completed,False,COMPLETE
200,1.1441806479059862,2026-06-13 07:20:52.679106,2026-06-13 07:20:54.327122,0 days 00:00:01.648016,,,,,,,,,,,,,,,LinearRegression,,,,,,18,,,,,,,,False,,,,,,,,,-0.15544540285997727,-0.11535449894633487,98.0,-0.13539995090315607,0.020045451956821204,0.10050541682025939,1.9844674545084815,1.12013511159913,1.1682261842128423,98.0,1.1441806479059862,0.024045536306856123,0.1205613450069846,1.9844674545084815,232060743494232.66,315482100140289.9,98.0,273771421817261.25,41710678323028.59,209132182189846.5,1.9844674545084815,3.4752279436091302,4.267770398855749,98.0,3.87149917123244,0.39627122762330946,1.9868549230990955,1.9844674545084815,0.9435749315850304,0.9931265057090675,98.0,0.9683507186470489,0.024775787062018603,0.1242227319734151,1.9844674545084815,99.0,0.7373737373737373,-0.2984671950735902,-0.13000811951498603,98.0,-0.21423765729428812,0.08422953777930209,0.4223164846231285,1.9844674545084815,LinearRegression,"{'mode': 'original', 'type': 'LinearRegression'}",18,"['nodes_T2W20', 'edges_T2W20', 'pe_T2W20', 'l1_T2W20', 'l2_T2W20', 'l3_T2W20', 'lcc_T2W20', 'atd_T2W20', 'density_T2W20', 'diameter_T2W20', 'asp_T2W20', 'z_l1_T2W20', 'z_l2_T2W20', 'z_l3_T2W20', 'z_lsc_T2W20', 'z_density_T2W20', 'z_diameter_T2W20', 'z_asp_T2W20']",0.1108284172605482,0.16932159649155687,98.0,0.14007500687605254,0.029246589615504325,0.14663878301217745,1.9844674545084815,1.4078075248756468,1.5007121486645876,98.0,1.4542598367701172,0.046452311894470404,0.23290614645531807,1.9844674545084815,completed,False,COMPLETE
201,1.0075757575757578,2026-06-13 07:20:54.342800,2026-06-13 07:20:56.751143,0 days 00:00:02.408343,,,,,,,,,,,,,,0.05845961471326635,QuantileRegressor,,,,,,12,,,,,,,,False,,,,,,,,,-5.844106046482266e-17,-8.8451834518535e-18,98.0,-3.364312195833808e-17,2.4797938506484578e-17,1.2433379657619978e-16,1.9844674545084815,0.9969166374215648,1.0182348777299508,98.0,1.0075757575757578,0.010659120154193034,0.05344351009605695,1.9844674545084815,243249413827922.2,331073265925134.3,98.0,287161339876528.25,43911926048606.08,220168966027914.5,1.9844674545084815,2.969853864095874,3.009944115702106,98.0,2.98989898989899,0.02004512580311598,0.10050378152592122,1.9844674545084815,1.0,1.0,98.0,1.0,5.4423244462667474e-17,2.7287141647958493e-16,1.9844674545084815,99.0,0.8787878787878788,-0.0030948902600818,-0.001658237989358837,98.0,-0.0023765641247203186,0.0007183261353614815,0.0036015983976267762,1.9844674545084815,QuantileRegressor,"{'mode': 'original', 'type': 'QuantileRegressor'}",12,"['density_T2W20', 'diameter_T2W20', 'asp_T2W20', 'z_re_T2W20', 'z_pe_T2W20', 'z_l1_T2W20', 'z_l2_T2W20', 'z_l3_T2W20', 'z_lsc_T2W20', 'z_density_T2W20', 'z_diameter_T2W20', 'z_asp_T2W20']",,,,,,,,1.3196611267084086,1.3492364416432259,98.0,1.3344487841758172,0.014787657467408713,0.07414348555266105,1.9844674545084815,completed,False,COMPLETE
202,1.0389232523654912,2026-06-13 07:20:56.763590,2026-06-13 07:20:58.411658,0 days 00:00:01.648068,,,,0.000787528498540362,0.6939495905101568,,,,,,,,,,ElasticNet,,,,,,6,,,,,,,,False,,,,,,,,,-0.040384829758658126,-0.022233837088173176,98.0,-0.03130933342341565,0.009075496335242475,0.04550341613594267,1.9844674545084815,1.0252404009733573,1.052606103757625,98.0,1.0389232523654912,0.013682851392133944,0.0686041245374927,1.9844674545084815,222410345810885.2,304299885329663.8,98.0,263355115570274.5,40944769759389.32,205292011381995.16,1.9844674545084815,3.1863738634838725,3.3391482626852786,98.0,3.2627610630845756,0.07638719960070287,0.38299597096330373,1.9844674545084815,0.9153702162350302,0.9434460567762791,98.0,0.9294081365056547,0.01403792027062447,0.07038439597808992,1.9844674545084815,99.0,0.36363636363636365,-0.004441284119887128,0.026633928505406926,98.0,0.011096322192759899,0.015537606312647027,0.0779036363064035,1.9844674545084815,ElasticNet,"{'mode': 'original', 'type': 'ElasticNet'}",6,"['edges_T2W20', 're_T2W20', 'l2_T2W20', 'atd_T2W20', 'z_diameter_T2W20', 'z_asp_T2W20']",0.11547880284607182,0.16836483787351525,98.0,0.14192182035979353,0.02644301751372171,0.13258201924939142,1.9844674545084815,1.3066922308410742,1.342020986870625,98.0,1.3243566088558496,0.017664378014775474,0.08856700657435172,1.9844674545084815,completed,False,COMPLETE
203,1.0582297880769276,2026-06-13 07:20:58.424261,2026-06-13 07:21:23.702463,0 days 00:00:25.278202,,,,,,6.0,,1.0,5.0,451.0,,,,,ExtraTreesRegressor,,,,,,7,,,,,,,,False,,,,,,,,,-0.060052982857657526,-0.04059623256554818,98.0,-0.05032460771160285,0.009728375146054671,0.048776869743032136,1.9844674545084815,1.043514093349945,1.0729454828039102,98.0,1.0582297880769276,0.014715694726982599,0.07378267327276664,1.9844674545084815,209160133541956.0,286986136749051.5,98.0,248073135145503.75,38913001603547.75,195104977144760.2,1.9844674545084815,3.0144654932698334,3.1591455830949586,98.0,3.086805538182396,0.07234004491256246,0.3627040379231408,1.9844674545084815,0.8859999387516686,0.9307159818061619,98.0,0.9083579602789152,0.022358021527246696,0.11210035461972223,1.9844674545084815,99.0,0.26262626262626265,0.017505434581504206,0.04868234579247381,98.0,0.03309389018698901,0.0155884556054848,0.07815858837147463,1.9844674545084815,ExtraTreesRegressor,"{'mode': 'original', 'type': 'ExtraTreesRegressor'}",7,"['edges_T2W20', 'l2_T2W20', 'l3_T2W20', 'z_re_T2W20', 'z_pe_T2W20', 'z_l2_T2W20', 'z_lsc_T2W20']",0.18976071206822984,0.23834533342175832,98.0,0.21405302274499408,0.02429231067676424,0.1217986411757912,1.9844674545084815,1.2914446005199136,1.3281091183872142,98.0,1.309776859453564,0.018332258933650307,0.09191567889575435,1.9844674545084815,completed,False,COMPLETE
204,1.0448198949594016,2026-06-13 07:21:23.716249,2026-06-13 07:21:44.961498,0 days 00:00:21.245249,,,,,,15.0,log2,3.0,3.0,364.0,,,,,ExtraTreesRegressor,,,,,,13,,,,,,,,False,,,,,,,,,-0.0421569138766557,-0.032169552888795944,98.0,-0.03716323338272582,0.0049936804939298765,0.02503769636078641,1.9844674545084815,1.0333846985273374,1.056255091391466,98.0,1.0448198949594016,0.011435196432064147,0.05733466056548846,1.9844674545084815,226241121053574.84,309051501264475.44,98.0,267646311159025.12,41405190105450.29,207600502050754.53,1.9844674545084815,3.0639772407572354,3.1618399879575354,98.0,3.1129086143573854,0.04893137360015017,0.24533585522861925,1.9844674545084815,0.9373771802996544,0.9645045818474884,98.0,0.9509408810735714,0.013563700773917036,0.06800671807471614,1.9844674545084815,99.0,0.21212121212121213,0.01641492012213154,0.03239496052741451,98.0,0.024404940324773024,0.007990020202641482,0.04006097306254607,1.9844674545084815,ExtraTreesRegressor,"{'mode': 'original', 'type': 'ExtraTreesRegressor'}",13,"['edges_T2W20', 're_T2W20', 'l1_T2W20', 'l2_T2W20', 'l3_T2W20', 'lcc_T2W20', 'lsc_T2W20', 'atd_T2W20', 'diameter_T2W20', 'z_l1_T2W20', 'z_l2_T2W20', 'z_l3_T2W20', 'z_lsc_T2W20']",0.14241276729822985,0.18524769298397029,98.0,0.16383023014110007,0.021417462842870227,0.10738450970782917,1.9844674545084815,1.300935899023468,1.3313034436704405,98.0,1.3161196713469543,0.0151837723234862,0.07612955644816997,1.9844674545084815,completed,False,COMPLETE
205,1.0629584507797527,2026-06-13 07:21:44.973929,2026-06-13 07:21:46.771070,0 days 00:00:01.797141,,,,,,,,,,,minkowski,18.0,distance,,KNeighborsRegressor,,,,,,16,,,,,0.1748691422370216,0.0326366689670085,LinearSVR,,,,,,,,,,-0.0632311239361282,-0.04721072566140763,98.0,-0.05522092479876792,0.008010199137360289,0.04016214774542531,1.9844674545084815,1.0498500059277542,1.0760668956317512,98.0,1.0629584507797527,0.013108444851998474,0.06572412118985287,1.9844674545084815,230830147183409.38,315828051374456.4,98.0,273329099278932.88,42498952095523.5,213084489388693.16,1.9844674545084815,3.1291326984923873,3.2249846572807734,98.0,3.1770586778865804,0.04792597939419306,0.24029493303060376,1.9844674545084815,0.9222646959664571,0.9530151149058763,98.0,0.9376399054361667,0.015375209469709607,0.07708939862172183,1.9844674545084815,99.0,0.5252525252525253,-0.02350647726229184,0.0018950574706794645,98.0,-0.010805709895806186,0.01270076736648565,0.06368007670046141,1.9844674545084815,KNeighborsRegressor,"{'mode': 'proxy', 'type': 'LinearSVR'}",16,"['edges_T2W20', 're_T2W20', 'pe_T2W20', 'l2_T2W20', 'l3_T2W20', 'lcc_T2W20', 'lsc_T2W20', 'atd_T2W20', 'density_T2W20', 'diameter_T2W20', 'asp_T2W20', 'z_re_T2W20', 'z_pe_T2W20', 'z_l1_T2W20', 'z_lsc_T2W20', 'z_diameter_T2W20']",0.07029911580051652,0.12315367821481286,98.0,0.0967263970076647,0.02642728120714817,0.13250311935455283,1.9844674545084815,1.3228690797375167,1.3553260479372702,98.0,1.3390975638373934,0.016228484099876785,0.081367612081405,1.9844674545084815,completed,True,COMPLETE
206,1.2391975308641974,2026-06-13 07:21:46.783582,2026-06-13 07:21:46.929717,0 days 00:00:00.146135,10.0,5.0,5.0,,,,,,,,,,,,DecisionTreeRegressor,,,,,,20,,,,,,,,False,,,,,,,,,,,,,,,,,,,,,,,,,,,,,,,,,,,,,,,,,,,,,,,,,,,,,DecisionTreeRegressor,"{'mode': 'original', 'type': 'DecisionTreeRegressor'}",20,"['edges_T2W20', 're_T2W20', 'l1_T2W20', 'l2_T2W20', 'l3_T2W20', 'lcc_T2W20', 'lsc_T2W20', 'atd_T2W20', 'density_T2W20', 'diameter_T2W20', 'asp_T2W20', 'z_re_T2W20', 'z_pe_T2W20', 'z_l1_T2W20', 'z_l2_T2W20', 'z_l3_T2W20', 'z_lsc_T2W20', 'z_density_T2W20', 'z_diameter_T2W20', 'z_asp_T2W20']",,,,,,,,,,,,,,,pruned,False,PRUNED
