number,value,datetime_start,datetime_complete,duration,params_dt_max_depth,params_dt_min_samples_leaf,params_dt_min_samples_split,params_elastic_alpha,params_elastic_l1_ratio,params_et_max_depth,params_et_max_features,params_et_min_samples_leaf,params_et_min_samples_split,params_et_n_estimators,params_knn_metric,params_knn_n_neighbors,params_knn_weights,params_quantile_alpha,params_regressor,params_rf_max_depth,params_rf_max_features,params_rf_min_samples_leaf,params_rf_min_samples_split,params_rf_n_estimators,params_rfe_n_features,params_rfe_proxy_et_max_depth,params_rfe_proxy_et_min_samples_leaf,params_rfe_proxy_et_min_samples_split,params_rfe_proxy_et_n_estimators,params_rfe_proxy_lsvr_C,params_rfe_proxy_lsvr_epsilon,params_rfe_proxy_type,params_use_scaler,params_xgb_booster,params_xgb_colsample_bytree,params_xgb_learning_rate,params_xgb_max_depth,params_xgb_n_estimators,params_xgb_reg_alpha,params_xgb_reg_lambda,params_xgb_subsample,user_attrs_d2mae_ci_lower_val,user_attrs_d2mae_ci_upper_val,user_attrs_d2mae_df_val,user_attrs_d2mae_mean_val,user_attrs_d2mae_samperror_val,user_attrs_d2mae_std_val,user_attrs_d2mae_t_critical_val,user_attrs_mae_ci_lower_val,user_attrs_mae_ci_upper_val,user_attrs_mae_df_val,user_attrs_mae_mean_val,user_attrs_mae_samperror_val,user_attrs_mae_std_val,user_attrs_mae_t_critical_val,user_attrs_mape_ci_lower_val,user_attrs_mape_ci_upper_val,user_attrs_mape_df_val,user_attrs_mape_mean_val,user_attrs_mape_samperror_val,user_attrs_mape_std_val,user_attrs_mape_t_critical_val,user_attrs_max_error_ci_lower_val,user_attrs_max_error_ci_upper_val,user_attrs_max_error_df_val,user_attrs_max_error_mean_val,user_attrs_max_error_samperror_val,user_attrs_max_error_std_val,user_attrs_max_error_t_critical_val,user_attrs_median_ae_ci_lower_val,user_attrs_median_ae_ci_upper_val,user_attrs_median_ae_df_val,user_attrs_median_ae_mean_val,user_attrs_median_ae_samperror_val,user_attrs_median_ae_std_val,user_attrs_median_ae_t_critical_val,user_attrs_n_splits_val,user_attrs_r2_below_zero_val,user_attrs_r2_ci_lower_val,user_attrs_r2_ci_upper_val,user_attrs_r2_df_val,user_attrs_r2_mean_val,user_attrs_r2_samperror_val,user_attrs_r2_std_val,user_attrs_r2_t_critical_val,user_attrs_regressor_final,user_attrs_rfe_estimator,user_attrs_rfe_n_features,user_attrs_rfe_selected_features,user_attrs_rho_ci_lower_val,user_attrs_rho_ci_upper_val,user_attrs_rho_df_val,user_attrs_rho_mean_val,user_attrs_rho_samperror_val,user_attrs_rho_std_val,user_attrs_rho_t_critical_val,user_attrs_rmse_ci_lower_val,user_attrs_rmse_ci_upper_val,user_attrs_rmse_df_val,user_attrs_rmse_mean_val,user_attrs_rmse_samperror_val,user_attrs_rmse_std_val,user_attrs_rmse_t_critical_val,user_attrs_termination_reason,user_attrs_use_scaler_final,state
207,1.0249148506991104,2026-06-13 07:21:46.939204,2026-06-13 07:22:11.510252,0 days 00:00:24.571048,,,,,,3.0,log2,1.0,9.0,486.0,,,,,ExtraTreesRegressor,,,,,,22,,,,,,,,False,,,,,,,,,-0.020823074691491823,-0.013751676479457391,98.0,-0.017287375585474607,0.003535699106017215,0.017727558010003135,1.9844674545084815,1.0137796467019042,1.0360500546963165,98.0,1.0249148506991104,0.011135203997206222,0.055830535601218936,1.9844674545084815,235460824836671.25,321057330728925.94,98.0,278259077782798.6,42798252946127.36,214585146835050.34,1.9844674545084815,3.029473503400866,3.076911454141034,98.0,3.05319247877095,0.02371897537008414,0.11892400886020274,1.9844674545084815,0.9729757734316312,0.9826476773915162,98.0,0.9778117254115737,0.0048359519799424785,0.02424686510006499,1.9844674545084815,99.0,0.24242424242424243,0.006883804324179584,0.016294078849549292,98.0,0.011588941586864437,0.004705137262684854,0.023590976287354633,1.9844674545084815,ExtraTreesRegressor,"{'mode': 'original', 'type': 'ExtraTreesRegressor'}",22,"['nodes_T2W20', 'edges_T2W20', 're_T2W20', 'pe_T2W20', 'l1_T2W20', 'l2_T2W20', 'l3_T2W20', 'lcc_T2W20', 'lsc_T2W20', 'atd_T2W20', 'density_T2W20', 'diameter_T2W20', 'asp_T2W20', 'z_re_T2W20', 'z_pe_T2W20', 'z_l1_T2W20', 'z_l2_T2W20', 'z_l3_T2W20', 'z_lsc_T2W20', 'z_density_T2W20', 'z_diameter_T2W20', 'z_asp_T2W20']",0.09427393734502504,0.14233023267771908,98.0,0.11830208501137206,0.024028147666347022,0.12047416051415952,1.9844674545084815,1.3103486563658968,1.3394451170336017,98.0,1.3248968866997493,0.014548230333852368,0.07294302751819046,1.9844674545084815,completed,False,COMPLETE
208,1.113676450116608,2026-06-13 07:22:11.523587,2026-06-13 07:22:13.353668,0 days 00:00:01.830081,,,,,,,,,,,,,,,LinearRegression,,,,,,16,,,,,,,,True,,,,,,,,,-0.12313468394103923,-0.08928590129407095,98.0,-0.10621029261755509,0.01692439132348414,0.08485680482834558,1.9844674545084815,1.09525946428343,1.1320934359497863,98.0,1.113676450116608,0.018416985833178263,0.09234048909066979,1.9844674545084815,236719887539002.62,321567111143389.06,98.0,279143499341195.84,42423611802193.21,212706742476284.72,1.9844674545084815,3.279599400111354,3.574692155486651,98.0,3.4271457777990024,0.14754637768764833,0.7397792886765185,1.9844674545084815,0.915917993090043,0.9562679320537666,98.0,0.9360929625719048,0.020174969481861774,0.1011548016716347,1.9844674545084815,99.0,0.6868686868686869,-0.14004137278879913,-0.06672568453223687,98.0,-0.103383528660518,0.03665784412828114,0.1837978964894963,1.9844674545084815,LinearRegression,"{'mode': 'original', 'type': 'LinearRegression'}",16,"['nodes_T2W20', 'edges_T2W20', 'pe_T2W20', 'l1_T2W20', 'l2_T2W20', 'lcc_T2W20', 'lsc_T2W20', 'atd_T2W20', 'density_T2W20', 'diameter_T2W20', 'asp_T2W20', 'z_l1_T2W20', 'z_l2_T2W20', 'z_density_T2W20', 'z_diameter_T2W20', 'z_asp_T2W20']",0.1312154320411898,0.18287803003957054,98.0,0.15704673104038017,0.02583129899919037,0.1295149382770055,1.9844674545084815,1.3712403138461111,1.416894706147788,98.0,1.3940675099969495,0.022827196150838454,0.11445273815326147,1.9844674545084815,completed,True,COMPLETE
209,1.2604166666666665,2026-06-13 07:22:13.432353,2026-06-13 07:22:13.840766,0 days 00:00:00.408413,,,,,,,,,,,minkowski,2.0,uniform,,KNeighborsRegressor,,,,,,6,8.0,1.0,10.0,60.0,,,ExtraTrees,,,,,,,,,,,,,,,,,,,,,,,,,,,,,,,,,,,,,,,,,,,,,,,,,,,,,,KNeighborsRegressor,"{'mode': 'proxy', 'type': 'ExtraTrees'}",6,"['edges_T2W20', 'l3_T2W20', 'z_re_T2W20', 'z_pe_T2W20', 'z_l2_T2W20', 'z_lsc_T2W20']",,,,,,,,,,,,,,,pruned,True,PRUNED
210,0.9908912475806195,2026-06-13 07:22:13.852181,2026-06-13 07:22:16.247874,0 days 00:00:02.395693,,,,,,,,,,,,,,0.023421035943396177,QuantileRegressor,,,,,,17,,,,,,,,True,,,,,,,,,0.011897839426918843,0.02128170490718312,98.0,0.01658977216705098,0.004691932740132137,0.023524770444456607,1.9844674545084815,0.9792994847395622,1.0024830104216769,98.0,0.9908912475806195,0.011591762841057335,0.05811966517550211,1.9844674545084815,222262735133377.88,302565444125362.06,98.0,262414089629369.97,40151354495992.11,201313925383681.84,1.9844674545084815,3.1010099969395166,3.2076888295517834,98.0,3.15434941324565,0.053339416306133515,0.267437236154361,1.9844674545084815,0.993168726156845,0.9978662325955728,98.0,0.9955174793762089,0.002348753219363902,0.011776358139920421,1.9844674545084815,99.0,0.12121212121212122,0.032278296996301026,0.047438114243186835,98.0,0.03985820561974393,0.007579908623442901,0.0380047243284714,1.9844674545084815,QuantileRegressor,"{'mode': 'original', 'type': 'QuantileRegressor'}",17,"['edges_T2W20', 'l3_T2W20', 'lcc_T2W20', 'lsc_T2W20', 'atd_T2W20', 'density_T2W20', 'diameter_T2W20', 'asp_T2W20', 'z_re_T2W20', 'z_pe_T2W20', 'z_l1_T2W20', 'z_l2_T2W20', 'z_l3_T2W20', 'z_lsc_T2W20', 'z_density_T2W20', 'z_diameter_T2W20', 'z_asp_T2W20']",0.22175222903475664,0.2746032707720171,96.0,0.2481777499033869,0.026425520868630255,0.13111498960609816,1.984984311522457,1.290350423284205,1.3213270643357269,98.0,1.305838743809966,0.015488320525760903,0.07765652346679407,1.9844674545084815,completed,True,COMPLETE
211,1.3091302910052909,2026-06-13 07:22:16.260216,2026-06-13 07:22:16.449834,0 days 00:00:00.189618,15.0,5.0,9.0,,,,,,,,,,,,DecisionTreeRegressor,,,,,,15,,,,,,,,True,,,,,,,,,,,,,,,,,,,,,,,,,,,,,,,,,,,,,,,,,,,,,,,,,,,,,DecisionTreeRegressor,"{'mode': 'original', 'type': 'DecisionTreeRegressor'}",15,"['edges_T2W20', 're_T2W20', 'l2_T2W20', 'l3_T2W20', 'lcc_T2W20', 'lsc_T2W20', 'atd_T2W20', 'asp_T2W20', 'z_re_T2W20', 'z_pe_T2W20', 'z_l1_T2W20', 'z_l3_T2W20', 'z_lsc_T2W20', 'z_density_T2W20', 'z_diameter_T2W20']",,,,,,,,,,,,,,,pruned,True,PRUNED
212,1.0227488277530032,2026-06-13 07:22:16.459189,2026-06-13 07:22:25.313961,0 days 00:00:08.854772,,,,,,13.0,sqrt,4.0,4.0,148.0,,,,,ExtraTreesRegressor,,,,,,5,,,,,,,,False,,,,,,,,,-0.02007932925656447,-0.010420225704943005,98.0,-0.015249777480753738,0.004829551775810733,0.024214775268147935,1.9844674545084815,1.011583900952142,1.0339137545538646,98.0,1.0227488277530032,0.0111649268008614,0.05597956206252623,1.9844674545084815,222223486702023.7,303117714462969.5,98.0,262670600582496.6,40447113880472.92,202796826356918.94,1.9844674545084815,3.019196664978406,3.1074947060659404,98.0,3.0633456855221732,0.04414902054376714,0.22135772850198,1.9844674545084815,0.9062920141526463,0.9294006258658145,98.0,0.9178463200092304,0.011554305856584113,0.05793186048816353,1.9844674545084815,99.0,0.09090909090909091,0.04758913047592018,0.06251701853409278,98.0,0.05505307450500648,0.0074639440290863,0.03742329219527191,1.9844674545084815,ExtraTreesRegressor,"{'mode': 'original', 'type': 'ExtraTreesRegressor'}",5,"['edges_T2W20', 'l3_T2W20', 'lcc_T2W20', 'z_l3_T2W20', 'z_lsc_T2W20']",0.24647261834497292,0.2899428743013792,98.0,0.26820774632317607,0.021735127978203143,0.10897724340645923,1.9844674545084815,1.280424384824672,1.3102128399142974,98.0,1.2953186123694846,0.014894227544812663,0.0746778147398065,1.9844674545084815,completed,False,COMPLETE
213,1.049155769926129,2026-06-13 07:22:25.326607,2026-06-13 07:22:45.775896,0 days 00:00:20.449289,,,,,,,,,,,,,,,XGBRegressor,,,,,,19,,,,,,,,False,gbtree,0.944059094467018,0.006312158622574144,8.0,67.0,8.46477785593672e-06,1.284245525384529,0.9489595934788329,-0.04556062324091345,-0.03706450024945543,98.0,-0.04131256174518444,0.004248061495729008,0.021299254924559183,1.9844674545084815,1.0374073802406254,1.0609041596116324,98.0,1.049155769926129,0.011748389685503558,0.058904972801402396,1.9844674545084815,227596633847807.38,310854791319932.75,98.0,269225712583870.06,41629078736062.68,208723051953320.25,1.9844674545084815,3.036494875231046,3.1056345460030848,98.0,3.0710647106170654,0.034569835386019286,0.1733288789079814,1.9844674545084815,0.9534972083897104,0.9749635148321938,98.0,0.9642303616109521,0.010733153221241708,0.05381470273757168,1.9844674545084815,99.0,0.31313131313131315,0.007046082286023923,0.02009791079833715,98.0,0.013571996542180536,0.006525914256156613,0.03272012693258846,1.9844674545084815,XGBRegressor,"{'mode': 'original', 'type': 'XGBRegressor'}",19,"['edges_T2W20', 're_T2W20', 'l2_T2W20', 'l3_T2W20', 'lcc_T2W20', 'lsc_T2W20', 'atd_T2W20', 'density_T2W20', 'diameter_T2W20', 'asp_T2W20', 'z_re_T2W20', 'z_pe_T2W20', 'z_l1_T2W20', 'z_l2_T2W20', 'z_l3_T2W20', 'z_lsc_T2W20', 'z_density_T2W20', 'z_diameter_T2W20', 'z_asp_T2W20']",0.0886338065365428,0.13227434645303662,98.0,0.11045407649478972,0.021820269958246912,0.10940413476374236,1.9844674545084815,1.3080872957804541,1.3392872584464721,98.0,1.3236872771134631,0.01559998133300897,0.07821637694373873,1.9844674545084815,completed,False,COMPLETE
214,1.020884454680355,2026-06-13 07:22:45.791639,2026-06-13 07:22:55.170618,0 days 00:00:09.378979,,,,,,2.0,,1.0,6.0,158.0,,,,,ExtraTreesRegressor,,,,,,13,,,,,,,,False,,,,,,,,,-0.01854370048091774,-0.00818188491736669,98.0,-0.013362792699142215,0.005180907781775526,0.025976430825122115,1.9844674545084815,1.0094452310414144,1.0323236783192957,98.0,1.020884454680355,0.01143922363894073,0.057354852482668695,1.9844674545084815,229120587178682.28,312381231472722.75,98.0,270750909325702.5,41630322147020.23,208729286262072.0,1.9844674545084815,3.0395282381528466,3.131425956849527,98.0,3.0854770975011867,0.04594885934833999,0.23038189765778272,1.9844674545084815,0.9352399859755174,0.9536839772628605,98.0,0.9444619816191889,0.009221995643671502,0.04623794554886163,1.9844674545084815,99.0,0.18181818181818182,0.02462031470096605,0.039863311056558784,98.0,0.03224181287876242,0.007621498177796369,0.0382132492100589,1.9844674545084815,ExtraTreesRegressor,"{'mode': 'original', 'type': 'ExtraTreesRegressor'}",13,"['nodes_T2W20', 'edges_T2W20', 'l2_T2W20', 'l3_T2W20', 'lcc_T2W20', 'lsc_T2W20', 'atd_T2W20', 'density_T2W20', 'diameter_T2W20', 'z_re_T2W20', 'z_l2_T2W20', 'z_l3_T2W20', 'z_lsc_T2W20']",0.16790205130493127,0.21998710578565286,98.0,0.19394457854529207,0.026042527240360786,0.1305740105527902,1.9844674545084815,1.2957657803268499,1.3259933142391034,98.0,1.3108795472829766,0.015113766956126743,0.07577855819473706,1.9844674545084815,completed,False,COMPLETE
215,1.0393827874888533,2026-06-13 07:22:55.183379,2026-06-13 07:23:13.339128,0 days 00:00:18.155749,,,,,,13.0,log2,3.0,11.0,304.0,,,,,ExtraTreesRegressor,,,,,,11,,,,,,,,True,,,,,,,,,-0.037107077848222675,-0.02646821419909459,98.0,-0.03178764602365863,0.005319431824564044,0.02667097324252817,1.9844674545084815,1.027939688358084,1.0508258866196225,98.0,1.0393827874888533,0.011443099130769338,0.057374283719363026,1.9844674545084815,222683156262345.9,304253382790928.0,98.0,263468269526636.94,40785113264291.04,204491513462443.2,1.9844674545084815,3.0608303962539813,3.169458164140409,98.0,3.115144280197195,0.0543138839432137,0.2723230963611332,1.9844674545084815,0.9190632998446342,0.9469792768571843,98.0,0.9330212883509093,0.013957988506275052,0.06998362799788066,1.9844674545084815,99.0,0.1414141414141414,0.028598643514502406,0.04609189161642188,98.0,0.037345267565462144,0.00874662405095974,0.04385449117861741,1.9844674545084815,ExtraTreesRegressor,"{'mode': 'original', 'type': 'ExtraTreesRegressor'}",11,"['edges_T2W20', 'l1_T2W20', 'l2_T2W20', 'l3_T2W20', 'lcc_T2W20', 'lsc_T2W20', 'atd_T2W20', 'density_T2W20', 'z_l1_T2W20', 'z_l3_T2W20', 'z_lsc_T2W20']",0.18171408953375187,0.22226685857503972,98.0,0.2019904740543958,0.02027638452064392,0.10166328413272352,1.9844674545084815,1.2920376533818358,1.3225803725462195,98.0,1.3073090129640277,0.015271359582191823,0.07656870813022307,1.9844674545084815,completed,True,COMPLETE
216,1.2141666666666666,2026-06-13 07:23:13.351954,2026-06-13 07:23:13.665550,0 days 00:00:00.313596,,,,,,,,,,,manhattan,5.0,uniform,,KNeighborsRegressor,,,,,,21,9.0,2.0,9.0,50.0,,,ExtraTrees,,,,,,,,,,,,,,,,,,,,,,,,,,,,,,,,,,,,,,,,,,,,,,,,,,,,,,KNeighborsRegressor,"{'mode': 'proxy', 'type': 'ExtraTrees'}",21,"['nodes_T2W20', 'edges_T2W20', 're_T2W20', 'pe_T2W20', 'l1_T2W20', 'l2_T2W20', 'l3_T2W20', 'lcc_T2W20', 'lsc_T2W20', 'density_T2W20', 'diameter_T2W20', 'asp_T2W20', 'z_re_T2W20', 'z_pe_T2W20', 'z_l1_T2W20', 'z_l2_T2W20', 'z_l3_T2W20', 'z_lsc_T2W20', 'z_density_T2W20', 'z_diameter_T2W20', 'z_asp_T2W20']",,,,,,,,,,,,,,,pruned,True,PRUNED
217,1.0819104344906953,2026-06-13 07:23:13.756835,2026-06-13 07:23:54.708618,0 days 00:00:40.951783,,,,,,,,,,,,,,,RandomForestRegressor,10.0,,5.0,9.0,368.0,14,,,,,,,,True,,,,,,,,,-0.08252136765492323,-0.06572615291066235,98.0,-0.07412376028279279,0.00839760737213044,0.04210456471856447,1.9844674545084815,1.0687294637692675,1.0950914052121232,98.0,1.0819104344906953,0.013180970721427808,0.06608775692891969,1.9844674545084815,211068753714535.84,289841292142273.7,98.0,250455022928404.78,39386269213868.93,197477882407525.88,1.9844674545084815,3.1149970525449815,3.2506279868925345,98.0,3.182812519718758,0.06781546717377672,0.34001836475638625,1.9844674545084815,0.9231253580306933,0.9600978173206955,98.0,0.9416115876756944,0.018486229645001098,0.09268766899883392,1.9844674545084815,99.0,0.45454545454545453,-0.015516283186581187,0.015405039997120566,98.0,-5.562159473030998e-05,0.015460661591850876,0.07751784499312236,1.9844674545084815,RandomForestRegressor,"{'mode': 'original', 'type': 'RandomForestRegressor'}",14,"['edges_T2W20', 're_T2W20', 'l1_T2W20', 'l2_T2W20', 'l3_T2W20', 'lcc_T2W20', 'lsc_T2W20', 'density_T2W20', 'diameter_T2W20', 'z_l2_T2W20', 'z_l3_T2W20', 'z_lsc_T2W20', 'z_density_T2W20', 'z_diameter_T2W20']",0.1548105829225624,0.19477466440422114,98.0,0.17479262366339177,0.019982040740829363,0.10018748082619613,1.9844674545084815,1.3143633293284764,1.3490773332906503,98.0,1.3317203313095634,0.017357001981086813,0.08702586115877407,1.9844674545084815,completed,True,COMPLETE
218,1.0813102646621502,2026-06-13 07:23:54.721524,2026-06-13 07:24:38.374096,0 days 00:00:43.652572,,,,,,,,,,,,,,,RandomForestRegressor,13.0,,2.0,8.0,465.0,3,,,,,,,,True,,,,,,,,,-0.08563838673026479,-0.06156024058703162,98.0,-0.0735993136586482,0.012039073071616585,0.06036242334664054,1.9844674545084815,1.0658275386358,1.0967929906885003,98.0,1.0813102646621502,0.015482726026350044,0.07762847333869517,1.9844674545084815,217262461104177.8,298975247411894.75,98.0,258118854258036.28,40856393153858.45,204848902012589.47,1.9844674545084815,3.304944108777332,3.521372331031756,98.0,3.413158219904544,0.10821411112721223,0.5425721688940688,1.9844674545084815,0.8828853494102838,0.9235228328682897,98.0,0.9032040911392868,0.02031874172900297,0.10187565793654889,1.9844674545084815,99.0,0.6565656565656566,-0.05980687113968995,-0.01984144811161469,98.0,-0.03982415962565232,0.01998271151403763,0.10019084400009881,1.9844674545084815,RandomForestRegressor,"{'mode': 'original', 'type': 'RandomForestRegressor'}",3,"['l3_T2W20', 'lsc_T2W20', 'z_lsc_T2W20']",0.1350234626172133,0.18654219021033,98.0,0.16078282641377165,0.02575936379655835,0.1291542640682047,1.9844674545084815,1.3380409828296074,1.377037823186268,98.0,1.3575394030079377,0.01949842017833038,0.09776266714170005,1.9844674545084815,completed,True,COMPLETE
219,1.2305062620808556,2026-06-13 07:24:38.387382,2026-06-13 07:24:38.586560,0 days 00:00:00.199178,17.0,1.0,20.0,,,,,,,,,,,,DecisionTreeRegressor,,,,,,20,,,,,,,,True,,,,,,,,,,,,,,,,,,,,,,,,,,,,,,,,,,,,,,,,,,,,,,,,,,,,,DecisionTreeRegressor,"{'mode': 'original', 'type': 'DecisionTreeRegressor'}",20,"['edges_T2W20', 'pe_T2W20', 'l1_T2W20', 'l2_T2W20', 'l3_T2W20', 'lcc_T2W20', 'lsc_T2W20', 'atd_T2W20', 'density_T2W20', 'diameter_T2W20', 'asp_T2W20', 'z_re_T2W20', 'z_pe_T2W20', 'z_l1_T2W20', 'z_l2_T2W20', 'z_l3_T2W20', 'z_lsc_T2W20', 'z_density_T2W20', 'z_diameter_T2W20', 'z_asp_T2W20']",,,,,,,,,,,,,,,pruned,True,PRUNED
220,1.056238610560846,2026-06-13 07:24:38.596845,2026-06-13 07:24:46.784617,0 days 00:00:08.187772,,,,,,,,,,,,,,,XGBRegressor,,,,,,5,,,,,,,,False,gbtree,0.6053965507750143,0.009019282545016091,2.0,473.0,1.1595567099204797e-06,0.00016671124676531315,0.535517444522001,-0.05821069310656989,-0.03937866611971801,98.0,-0.04879467961314395,0.009416013493425938,0.04721072705072767,1.9844674545084815,1.0431468357224913,1.0693303853992004,98.0,1.056238610560846,0.013091774838354582,0.06564053980324769,1.9844674545084815,216190736020365.28,294349475414500.4,98.0,255270105717432.84,39079369697067.56,195939126188683.88,1.9844674545084815,3.084847202708568,3.2067351456622246,98.0,3.1457911741853963,0.0609439714768282,0.3055655352223821,1.9844674545084815,0.8576321730556146,0.8967026885263613,98.0,0.8771674307909879,0.019535257735373318,0.09794736609651614,1.9844674545084815,99.0,0.37373737373737376,-0.002422934926352583,0.028316350987245744,98.0,0.01294670803044658,0.015369642956799164,0.07706148881447454,1.9844674545084815,XGBRegressor,"{'mode': 'original', 'type': 'XGBRegressor'}",5,"['edges_T2W20', 'diameter_T2W20', 'z_l1_T2W20', 'z_lsc_T2W20', 'z_diameter_T2W20']",0.1968022126550262,0.23742735771740095,98.0,0.21711478518621358,0.020312572531187373,0.10184472634172935,1.9844674545084815,1.3069409622145856,1.3380716122904943,98.0,1.32250628725254,0.015565325037954388,0.0780426145667462,1.9844674545084815,completed,False,COMPLETE
221,1.0453247933600869,2026-06-13 07:24:46.797112,2026-06-13 07:24:49.128389,0 days 00:00:02.331277,,,,0.00044503574138373846,0.25646306101676597,,,,,,,,,,ElasticNet,,,,,,9,,,,,,,,True,,,,,,,,,-0.050598933609763946,-0.025977642005543436,98.0,-0.03828828780765369,0.012310645802110257,0.061724055428275616,1.9844674545084815,1.031101035987455,1.0595485507327187,98.0,1.0453247933600869,0.014223757372631844,0.07131616022257553,1.9844674545084815,223196114623812.62,302505507141833.6,98.0,262850810882823.12,39654696259010.51,198823742411874.84,1.9844674545084815,3.11977832655656,3.2455797966991837,98.0,3.182679061627872,0.06290073507131196,0.31537650586579413,1.9844674545084815,0.8911692429084568,0.9192687375052071,98.0,0.9052189902068319,0.014049747298375204,0.07044369523242416,1.9844674545084815,99.0,0.3434343434343434,-0.014138613742245638,0.02903282903198359,98.0,0.0074471076448689765,0.021585721387114613,0.10822813723786835,1.9844674545084815,ElasticNet,"{'mode': 'original', 'type': 'ElasticNet'}",9,"['nodes_T2W20', 'edges_T2W20', 'lsc_T2W20', 'atd_T2W20', 'density_T2W20', 'diameter_T2W20', 'asp_T2W20', 'z_diameter_T2W20', 'z_asp_T2W20']",0.19490178883212345,0.23949461430148467,98.0,0.21719820156680406,0.022296412734680617,0.11179145575378573,1.9844674545084815,1.3083019601167465,1.3414318773772418,98.0,1.3248669187469941,0.016564958630247723,0.08305465376034428,1.9844674545084815,completed,True,COMPLETE
222,1.1671376519364134,2026-06-13 07:24:49.141159,2026-06-13 07:24:49.271161,0 days 00:00:00.130002,7.0,5.0,12.0,,,,,,,,,,,,DecisionTreeRegressor,,,,,,4,,,,,,,,False,,,,,,,,,,,,,,,,,,,,,,,,,,,,,,,,,,,,,,,,,,,,,,,,,,,,,DecisionTreeRegressor,"{'mode': 'original', 'type': 'DecisionTreeRegressor'}",4,"['edges_T2W20', 're_T2W20', 'l3_T2W20', 'z_diameter_T2W20']",,,,,,,,,,,,,,,pruned,False,PRUNED
