number,value,datetime_start,datetime_complete,duration,params_dt_max_depth,params_dt_min_samples_leaf,params_dt_min_samples_split,params_elastic_alpha,params_elastic_l1_ratio,params_et_max_depth,params_et_max_features,params_et_min_samples_leaf,params_et_min_samples_split,params_et_n_estimators,params_knn_metric,params_knn_n_neighbors,params_knn_weights,params_quantile_alpha,params_regressor,params_rf_max_depth,params_rf_max_features,params_rf_min_samples_leaf,params_rf_min_samples_split,params_rf_n_estimators,params_rfe_n_features,params_rfe_proxy_et_max_depth,params_rfe_proxy_et_min_samples_leaf,params_rfe_proxy_et_min_samples_split,params_rfe_proxy_et_n_estimators,params_rfe_proxy_lsvr_C,params_rfe_proxy_lsvr_epsilon,params_rfe_proxy_type,params_use_scaler,params_xgb_booster,params_xgb_colsample_bytree,params_xgb_learning_rate,params_xgb_max_depth,params_xgb_n_estimators,params_xgb_reg_alpha,params_xgb_reg_lambda,params_xgb_subsample,user_attrs_d2mae_ci_lower_val,user_attrs_d2mae_ci_upper_val,user_attrs_d2mae_df_val,user_attrs_d2mae_mean_val,user_attrs_d2mae_samperror_val,user_attrs_d2mae_std_val,user_attrs_d2mae_t_critical_val,user_attrs_mae_ci_lower_val,user_attrs_mae_ci_upper_val,user_attrs_mae_df_val,user_attrs_mae_mean_val,user_attrs_mae_samperror_val,user_attrs_mae_std_val,user_attrs_mae_t_critical_val,user_attrs_mape_ci_lower_val,user_attrs_mape_ci_upper_val,user_attrs_mape_df_val,user_attrs_mape_mean_val,user_attrs_mape_samperror_val,user_attrs_mape_std_val,user_attrs_mape_t_critical_val,user_attrs_max_error_ci_lower_val,user_attrs_max_error_ci_upper_val,user_attrs_max_error_df_val,user_attrs_max_error_mean_val,user_attrs_max_error_samperror_val,user_attrs_max_error_std_val,user_attrs_max_error_t_critical_val,user_attrs_median_ae_ci_lower_val,user_attrs_median_ae_ci_upper_val,user_attrs_median_ae_df_val,user_attrs_median_ae_mean_val,user_attrs_median_ae_samperror_val,user_attrs_median_ae_std_val,user_attrs_median_ae_t_critical_val,user_attrs_n_splits_val,user_attrs_r2_below_zero_val,user_attrs_r2_ci_lower_val,user_attrs_r2_ci_upper_val,user_attrs_r2_df_val,user_attrs_r2_mean_val,user_attrs_r2_samperror_val,user_attrs_r2_std_val,user_attrs_r2_t_critical_val,user_attrs_regressor_final,user_attrs_rfe_estimator,user_attrs_rfe_n_features,user_attrs_rfe_selected_features,user_attrs_rho_ci_lower_val,user_attrs_rho_ci_upper_val,user_attrs_rho_df_val,user_attrs_rho_mean_val,user_attrs_rho_samperror_val,user_attrs_rho_std_val,user_attrs_rho_t_critical_val,user_attrs_rmse_ci_lower_val,user_attrs_rmse_ci_upper_val,user_attrs_rmse_df_val,user_attrs_rmse_mean_val,user_attrs_rmse_samperror_val,user_attrs_rmse_std_val,user_attrs_rmse_t_critical_val,user_attrs_termination_reason,user_attrs_use_scaler_final,state
116,1.2613352388352388,2026-06-13 07:12:59.999822,2026-06-13 07:13:00.140199,0 days 00:00:00.140377,17.0,4.0,15.0,,,,,,,,,,,,DecisionTreeRegressor,,,,,,15,,,,,,,,True,,,,,,,,,,,,,,,,,,,,,,,,,,,,,,,,,,,,,,,,,,,,,,,,,,,,,DecisionTreeRegressor,"{'mode': 'original', 'type': 'DecisionTreeRegressor'}",15,"['edges_T2W20', 'pe_T2W20', 'l1_T2W20', 'l2_T2W20', 'l3_T2W20', 'lcc_T2W20', 'atd_T2W20', 'density_T2W20', 'diameter_T2W20', 'z_pe_T2W20', 'z_l2_T2W20', 'z_lsc_T2W20', 'z_density_T2W20', 'z_diameter_T2W20', 'z_asp_T2W20']",,,,,,,,,,,,,,,pruned,True,PRUNED
117,0.9915387085017281,2026-06-13 07:13:00.150377,2026-06-13 07:13:03.088022,0 days 00:00:02.937645,,,,,,,,,,,,,,0.03382699854685835,QuantileRegressor,,,,,,19,,,,,,,,True,,,,,,,,,0.011332719807266028,0.02053505250771137,98.0,0.0159338861574887,0.004601166350222672,0.023069678991753457,1.9844674545084815,0.9800156546576209,1.0030617623458353,98.0,0.9915387085017281,0.01152305384410723,0.05777516676296208,1.9844674545084815,223341431320929.2,303875839590624.8,98.0,263608635455777.0,40267204134847.8,201894781144217.88,1.9844674545084815,3.093989452389164,3.196434720108063,98.0,3.1452120862486135,0.05122263385944958,0.25682395077770565,1.9844674545084815,0.994792043190615,0.999425829237482,98.0,0.9971089362140485,0.002316893023433546,0.011616615058105502,1.9844674545084815,99.0,0.16161616161616163,0.030307179339992357,0.04505371762912219,98.0,0.037680448484557275,0.007373269144564917,0.036968659539266896,1.9844674545084815,QuantileRegressor,"{'mode': 'original', 'type': 'QuantileRegressor'}",19,"['edges_T2W20', 'l1_T2W20', 'l2_T2W20', 'l3_T2W20', 'lcc_T2W20', 'lsc_T2W20', 'atd_T2W20', 'density_T2W20', 'diameter_T2W20', 'asp_T2W20', 'z_re_T2W20', 'z_pe_T2W20', 'z_l1_T2W20', 'z_l2_T2W20', 'z_l3_T2W20', 'z_lsc_T2W20', 'z_density_T2W20', 'z_diameter_T2W20', 'z_asp_T2W20']",0.22336288710129804,0.28034517987452223,93.0,0.25185403348791013,0.02849114638661211,0.1391034648627096,1.9858018143458227,1.2919823652154148,1.3225854266776733,98.0,1.307283895946544,0.015301530731129189,0.07671998253932234,1.9844674545084815,completed,True,COMPLETE
118,1.0151897692921188,2026-06-13 07:13:03.137635,2026-06-13 07:13:05.898556,0 days 00:00:02.760921,,,,,,,,,,,,,,,XGBRegressor,,,,,,6,,,,,,,,False,gblinear,0.8632308575565024,0.001054667477065073,6.0,122.0,8.438972315176365,7.8091343805248e-08,0.6233394322608115,-0.00844333109680992,-0.006889272476016321,98.0,-0.007666301786413121,0.0007770293103967997,0.003895928856640927,1.9844674545084815,1.0048612819588134,1.0255182566254242,98.0,1.0151897692921188,0.01032848733330543,0.05178575802594416,1.9844674545084815,241077357396834.28,328386071194079.25,98.0,284731714295456.75,43654356898622.47,218877546166945.3,1.9844674545084815,2.9992886081973014,3.0396461379765958,98.0,3.0194673730869486,0.02017876488964725,0.10117383137684184,1.9844674545084815,0.9679492698684458,0.9747505092952615,98.0,0.9713498895818536,0.0034006197134079114,0.017050286642549345,1.9844674545084815,99.0,1.0,-0.003487140140435489,-0.00185350130168345,98.0,-0.0026703207210594694,0.0008168194193760196,0.004095431541683616,1.9844674545084815,XGBRegressor,"{'mode': 'original', 'type': 'XGBRegressor'}",6,"['z_l2_T2W20', 'z_l3_T2W20', 'z_lsc_T2W20', 'z_density_T2W20', 'z_diameter_T2W20', 'z_asp_T2W20']",,,,,,,,1.3198997108675676,1.349352666885092,98.0,1.3346261888763298,0.014726478008762185,0.07383673931389567,1.9844674545084815,completed,False,COMPLETE
119,1.0646320135730012,2026-06-13 07:13:05.913372,2026-06-13 07:13:08.770239,0 days 00:00:02.856867,,,,,,,,,,,manhattan,16.0,distance,,KNeighborsRegressor,,,,,,11,11.0,2.0,12.0,40.0,,,ExtraTrees,,,,,,,,,,-0.0637799325830396,-0.04950495333894349,98.0,-0.056642442960991544,0.007137489622048054,0.03578649017539903,1.9844674545084815,1.0512633247980978,1.0780007023479046,98.0,1.0646320135730012,0.013368688774903346,0.06702895203142405,1.9844674545084815,237243695481311.7,325675689456221.6,98.0,281459692468766.66,44215996987454.97,221693540106751.2,1.9844674545084815,3.129593137145066,3.2473365228282107,98.0,3.1884648299866383,0.05887169284157243,0.2951753864518414,1.9844674545084815,0.9113784527839434,0.9471244759734915,98.0,0.9292514643787174,0.017873011594774047,0.08961306953993751,1.9844674545084815,99.0,0.5454545454545454,-0.01707533088374939,0.00637752547047317,98.0,-0.005348902706638109,0.01172642817711128,0.05879486051459928,1.9844674545084815,KNeighborsRegressor,"{'mode': 'proxy', 'type': 'ExtraTrees'}",11,"['edges_T2W20', 'l3_T2W20', 'lcc_T2W20', 'lsc_T2W20', 'z_re_T2W20', 'z_pe_T2W20', 'z_l1_T2W20', 'z_l2_T2W20', 'z_l3_T2W20', 'z_lsc_T2W20', 'z_density_T2W20']",0.10713020210150209,0.15151483305293723,98.0,0.12932251757721966,0.022192315475717574,0.11126952497245621,1.9844674545084815,1.3183988192997051,1.3539612543283925,98.0,1.3361800368140488,0.017781217514343584,0.0891528253740704,1.9844674545084815,completed,True,COMPLETE
120,1.0720962876979265,2026-06-13 07:13:08.782847,2026-06-13 07:13:12.206511,0 days 00:00:03.423664,,,,0.0002917112640198782,0.5882022669483905,,,,,,,,,,ElasticNet,,,,,,12,,,,,,,,False,,,,,,,,,-0.08057453481344726,-0.049108665983660316,98.0,-0.06484160039855379,0.015732934414893474,0.07888298725220787,1.9844674545084815,1.0546864685537656,1.0895061068420875,98.0,1.0720962876979265,0.01740981914416103,0.08729067988181771,1.9844674545084815,239286248472795.72,325622984126339.7,98.0,282454616299567.7,43168367826771.98,216440857069506.28,1.9844674545084815,3.2930876203077815,3.5049698358719916,98.0,3.3990287280898865,0.10594110778210493,0.531175611254663,1.9844674545084815,0.8995756119128083,0.9334688015932252,98.0,0.9165222067530168,0.016946594840208395,0.0849681305149928,1.9844674545084815,99.0,0.5858585858585859,-0.08317342435373434,-0.022484024157552428,98.0,-0.05282872425564338,0.030344700098090954,0.15214457315374166,1.9844674545084815,ElasticNet,"{'mode': 'original', 'type': 'ElasticNet'}",12,"['nodes_T2W20', 'edges_T2W20', 're_T2W20', 'pe_T2W20', 'l2_T2W20', 'lsc_T2W20', 'atd_T2W20', 'diameter_T2W20', 'asp_T2W20', 'z_l2_T2W20', 'z_diameter_T2W20', 'z_asp_T2W20']",0.12311729366496726,0.1807326872122294,98.0,0.15192499043859833,0.028807696773631073,0.14443822858681868,1.9844674545084815,1.3415563472510361,1.38535342214122,98.0,1.363454884696128,0.02189853744509192,0.10979655826238814,1.9844674545084815,completed,False,COMPLETE
121,1.0172135334223609,2026-06-13 07:13:12.218908,2026-06-13 07:13:18.831173,0 days 00:00:06.612265,,,,,,,,,,,,,,,XGBRegressor,,,,,,5,,,,,,,,False,gbtree,0.8924484885557338,0.0013964897465066847,2.0,274.0,0.023395288908658208,0.12517992356932114,0.6671191593480303,-0.012326484662935407,-0.006864623881784764,98.0,-0.009595554272360085,0.0027309303905753207,0.013692547207372232,1.9844674545084815,1.0062170782231241,1.0282099886215976,98.0,1.0172135334223609,0.010996455199236727,0.055134866289133964,1.9844674545084815,231656589843769.7,316312047661091.3,98.0,273984318752430.5,42327728908660.81,212225997507243.1,1.9844674545084815,2.99960188561772,3.0531631610895875,98.0,3.0263825233536537,0.02678063773593385,0.13427480528551933,1.9844674545084815,0.9496950161282872,0.96286976484875,98.0,0.9562823904885186,0.006587374360231367,0.03302828029281977,1.9844674545084815,99.0,0.06060606060606061,0.025280334095416405,0.03249309270138221,98.0,0.028886713398399308,0.0036063793029829042,0.01808193977561642,1.9844674545084815,XGBRegressor,"{'mode': 'original', 'type': 'XGBRegressor'}",5,"['edges_T2W20', 'l2_T2W20', 'l3_T2W20', 'lsc_T2W20', 'z_lsc_T2W20']",0.2257107648457627,0.2677781682776531,98.0,0.2467444665617079,0.021033701715945194,0.10546037888233846,1.9844674545084815,1.2986146408750532,1.328271663619676,98.0,1.3134431522473646,0.014828511372311465,0.07434832197889035,1.9844674545084815,completed,False,COMPLETE
122,1.2788868409640468,2026-06-13 07:13:18.844547,2026-06-13 07:13:19.085541,0 days 00:00:00.240994,14.0,1.0,16.0,,,,,,,,,,,,DecisionTreeRegressor,,,,,,10,,,,,,,,True,,,,,,,,,,,,,,,,,,,,,,,,,,,,,,,,,,,,,,,,,,,,,,,,,,,,,DecisionTreeRegressor,"{'mode': 'original', 'type': 'DecisionTreeRegressor'}",10,"['edges_T2W20', 'l2_T2W20', 'density_T2W20', 'diameter_T2W20', 'z_re_T2W20', 'z_l2_T2W20', 'z_l3_T2W20', 'z_lsc_T2W20', 'z_density_T2W20', 'z_asp_T2W20']",,,,,,,,,,,,,,,pruned,True,PRUNED
123,1.0296980193247662,2026-06-13 07:13:19.095528,2026-06-13 07:13:21.716412,0 days 00:00:02.620884,,,,,,,,,,,,,,,LinearRegression,,,,,,7,,,,,,,,False,,,,,,,,,-0.03353749381560583,-0.011343094778347065,98.0,-0.022440294296976446,0.011097199518629381,0.05563998584616079,1.9844674545084815,1.015455495396533,1.0439405432529996,98.0,1.0296980193247662,0.01424252392823332,0.07141025341124844,1.9844674545084815,217338040777655.44,295830156663507.3,98.0,256584098720581.38,39246057942925.94,196774880436835.56,1.9844674545084815,3.113666683112911,3.2673882807496333,98.0,3.190527481931272,0.07686079881836103,0.3853705388642427,1.9844674545084815,0.8612392587945717,0.8904819583963809,98.0,0.8758606085954763,0.014621349800904524,0.07330963948231987,1.9844674545084815,99.0,0.31313131313131315,0.011140447121887092,0.04696845678511974,98.0,0.029054451953503414,0.01791400483161632,0.0898186045592785,1.9844674545084815,LinearRegression,"{'mode': 'original', 'type': 'LinearRegression'}",7,"['edges_T2W20', 'atd_T2W20', 'density_T2W20', 'diameter_T2W20', 'asp_T2W20', 'z_diameter_T2W20', 'z_asp_T2W20']",0.18860369641910726,0.23738525899842491,98.0,0.2129944777087661,0.024390781289658815,0.12229236064965661,1.9844674545084815,1.2944042901674775,1.3286048132229287,98.0,1.311504551695203,0.01710026152772557,0.08573859628017334,1.9844674545084815,completed,False,COMPLETE
124,0.9896555349565486,2026-06-13 07:13:21.728623,2026-06-13 07:13:24.772548,0 days 00:00:03.043925,,,,,,,,,,,,,,0.025992279021942115,QuantileRegressor,,,,,,4,,,,,,,,True,,,,,,,,,0.01310054805499444,0.022522166016788952,98.0,0.017811357035891696,0.004710808980897256,0.023619413580973775,1.9844674545084815,0.9780808522614974,1.0012302176515997,98.0,0.9896555349565486,0.011574682695051158,0.058034027435959014,1.9844674545084815,222188712009840.78,302512358765938.25,98.0,262350535387889.5,40161823378048.72,201366415063485.94,1.9844674545084815,3.0997358209634194,3.204395904274375,98.0,3.152065862618897,0.05233004165547783,0.2623763564989421,1.9844674545084815,0.9951659644713359,0.9996340689338507,98.0,0.9974000167025933,0.0022340522312574132,0.011201261572171776,1.9844674545084815,99.0,0.12121212121212122,0.03362359745950181,0.04836245204084249,98.0,0.04099302475017215,0.007369427290670337,0.03694939695901333,1.9844674545084815,QuantileRegressor,"{'mode': 'original', 'type': 'QuantileRegressor'}",4,"['edges_T2W20', 'z_density_T2W20', 'z_diameter_T2W20', 'z_asp_T2W20']",0.23582221166285772,0.2882623453388315,96.0,0.2620422785008446,0.026220066837986895,0.1300955923640815,1.984984311522457,1.2896348113964233,1.3205267399753908,98.0,1.305080775685907,0.015445964289483692,0.0774441545368668,1.9844674545084815,completed,True,COMPLETE
125,1.275,2026-06-13 07:13:24.790468,2026-06-13 07:13:24.981371,0 days 00:00:00.190903,,,,,,,,,,,euclidean,3.0,uniform,,KNeighborsRegressor,,,,,,17,11.0,2.0,4.0,30.0,,,ExtraTrees,,,,,,,,,,,,,,,,,,,,,,,,,,,,,,,,,,,,,,,,,,,,,,,,,,,,,,KNeighborsRegressor,"{'mode': 'proxy', 'type': 'ExtraTrees'}",17,"['edges_T2W20', 're_T2W20', 'l1_T2W20', 'l2_T2W20', 'l3_T2W20', 'lsc_T2W20', 'density_T2W20', 'diameter_T2W20', 'z_re_T2W20', 'z_pe_T2W20', 'z_l1_T2W20', 'z_l2_T2W20', 'z_l3_T2W20', 'z_lsc_T2W20', 'z_density_T2W20', 'z_diameter_T2W20', 'z_asp_T2W20']",,,,,,,,,,,,,,,pruned,True,PRUNED
126,1.2694223409239944,2026-06-13 07:13:24.990746,2026-06-13 07:13:25.173825,0 days 00:00:00.183079,8.0,1.0,19.0,,,,,,,,,,,,DecisionTreeRegressor,,,,,,15,,,,,,,,True,,,,,,,,,,,,,,,,,,,,,,,,,,,,,,,,,,,,,,,,,,,,,,,,,,,,,DecisionTreeRegressor,"{'mode': 'original', 'type': 'DecisionTreeRegressor'}",15,"['edges_T2W20', 'l2_T2W20', 'atd_T2W20', 'density_T2W20', 'diameter_T2W20', 'asp_T2W20', 'z_re_T2W20', 'z_pe_T2W20', 'z_l1_T2W20', 'z_l2_T2W20', 'z_l3_T2W20', 'z_lsc_T2W20', 'z_density_T2W20', 'z_diameter_T2W20', 'z_asp_T2W20']",,,,,,,,,,,,,,,pruned,True,PRUNED
127,1.0425860651514747,2026-06-13 07:13:25.184228,2026-06-13 07:13:27.676033,0 days 00:00:02.491805,,,,,,,,,,,,,,,XGBRegressor,,,,,,7,,,,,,,,False,gblinear,0.8042636363482333,0.014099932173699115,7.0,139.0,1.3981615309912755e-05,1.0638050900691945e-07,0.9860026648157685,-0.03871734141812281,-0.030647495311758165,98.0,-0.03468241836494049,0.0040349230531823215,0.020230605135334243,1.9844674545084815,1.0305227880718375,1.0546493422311118,98.0,1.0425860651514747,0.012063277079637216,0.06048377924922006,1.9844674545084815,244875880291618.12,334253025582790.5,98.0,289564452937204.3,44688572645586.195,224062976006819.53,1.9844674545084815,3.0807812144006883,3.118940126780595,98.0,3.0998606705906417,0.01907945618995344,0.09566203352290187,1.9844674545084815,0.9780539843991307,0.9925036330195631,98.0,0.9852788087093469,0.00722482431021617,0.03622437550001587,1.9844674545084815,99.0,0.8181818181818182,-0.03186445687283635,-0.02004185177030212,98.0,-0.025953154321569236,0.0059113025512671155,0.029638539861586592,1.9844674545084815,XGBRegressor,"{'mode': 'original', 'type': 'XGBRegressor'}",7,"['l1_T2W20', 'l2_T2W20', 'density_T2W20', 'z_l1_T2W20', 'z_l2_T2W20', 'z_lsc_T2W20', 'z_diameter_T2W20']",-0.10696921286482675,-0.05509311311743709,98.0,-0.08103116299113192,0.025938049873694833,0.1300501739584513,1.9844674545084815,1.3344363955900915,1.3653721983973175,98.0,1.3499042969937045,0.015467901403612875,0.07755414451385192,1.9844674545084815,completed,False,COMPLETE
128,1.0288321428018108,2026-06-13 07:13:27.688247,2026-06-13 07:13:42.807207,0 days 00:00:15.118960,,,,,,11.0,sqrt,5.0,3.0,256.0,,,,,ExtraTreesRegressor,,,,,,10,,,,,,,,True,,,,,,,,,-0.025165962264049282,-0.017264103744485698,98.0,-0.02121503300426749,0.003950929259781794,0.019809470643868603,1.9844674545084815,1.017654249765386,1.0400100358382356,98.0,1.0288321428018108,0.011177893036424842,0.056044573163932195,1.9844674545084815,228217023284827.0,311872502292948.2,98.0,270044762788887.6,41827739504060.6,209719112473006.8,1.9844674545084815,3.038942615126162,3.125328587789916,98.0,3.082135601458039,0.04319298633187693,0.21656429120920015,1.9844674545084815,0.9323512049802556,0.9550097856561639,98.0,0.9436804953182097,0.01132929033795414,0.05680366050845508,1.9844674545084815,99.0,0.1414141414141414,0.031037912486803584,0.044262561117959925,98.0,0.037650236802381755,0.006612324315578171,0.033153376283031354,1.9844674545084815,ExtraTreesRegressor,"{'mode': 'original', 'type': 'ExtraTreesRegressor'}",10,"['edges_T2W20', 'l1_T2W20', 'l2_T2W20', 'l3_T2W20', 'atd_T2W20', 'asp_T2W20', 'z_l2_T2W20', 'z_l3_T2W20', 'z_lsc_T2W20', 'z_density_T2W20']",0.194273348218717,0.23924029252881174,98.0,0.21675682037376437,0.022483472155047368,0.11272934855134467,1.9844674545084815,1.2921341878432684,1.3225914603577191,98.0,1.3073628241004938,0.015228636257225328,0.07635449866301054,1.9844674545084815,completed,True,COMPLETE
129,1.087311802985528,2026-06-13 07:13:42.835832,2026-06-13 07:13:51.783657,0 days 00:00:08.947825,,,,,,8.0,,3.0,10.0,124.0,,,,,ExtraTreesRegressor,,,,,,20,,,,,,,,False,,,,,,,,,-0.08825719004327447,-0.07069418154952291,98.0,-0.07947568579639869,0.008781504246875778,0.04402937616683642,1.9844674545084815,1.0738362822440715,1.1007873237269845,98.0,1.087311802985528,0.013475520741456477,0.06756459429837212,1.9844674545084815,211807951454859.72,290571175114553.94,98.0,251189563284706.84,39381611829847.12,197454530860081.97,1.9844674545084815,3.1152931988424273,3.253229685091376,98.0,3.1842614419669015,0.06896824312447404,0.34579824079384214,1.9844674545084815,0.9425609959662725,0.9843892539194993,98.0,0.9634751249428859,0.020914128976613412,0.10486085595650134,1.9844674545084815,99.0,0.5353535353535354,-0.026718618101077347,0.001988826308430858,98.0,-0.012364895896323244,0.014353722204754102,0.07196778781633391,1.9844674545084815,ExtraTreesRegressor,"{'mode': 'original', 'type': 'ExtraTreesRegressor'}",20,"['edges_T2W20', 're_T2W20', 'pe_T2W20', 'l1_T2W20', 'l2_T2W20', 'l3_T2W20', 'lcc_T2W20', 'lsc_T2W20', 'atd_T2W20', 'density_T2W20', 'diameter_T2W20', 'z_re_T2W20', 'z_pe_T2W20', 'z_l1_T2W20', 'z_l2_T2W20', 'z_l3_T2W20', 'z_lsc_T2W20', 'z_density_T2W20', 'z_diameter_T2W20', 'z_asp_T2W20']",0.11793460686228416,0.1578237265153322,98.0,0.13787916668880817,0.019944559826524023,0.09999955615763904,1.9844674545084815,1.3231970743080477,1.356746924995091,98.0,1.3399719996515693,0.01677492534352156,0.08410740089128567,1.9844674545084815,completed,False,COMPLETE
130,1.0810184577695483,2026-06-13 07:13:51.797391,2026-06-13 07:13:54.268774,0 days 00:00:02.471383,,,,,,,,,,,,,,0.00033679722132229183,QuantileRegressor,,,,,,15,,,,,,,,True,,,,,,,,,-0.08825226939693809,-0.05782006100500239,98.0,-0.07303616520097024,0.015216104195967849,0.07629166445787448,1.9844674545084815,1.06229576554584,1.0997411499932566,98.0,1.0810184577695483,0.018722692223708166,0.09387326312195671,1.9844674545084815,226041902516273.84,308588707021238.4,98.0,267315304768756.1,41273402252482.26,206939734055953.0,1.9844674545084815,3.2461691491915676,3.4586123332955303,98.0,3.352390741243549,0.10622159205198135,0.5325819246925529,1.9844674545084815,0.9453305715240231,0.9789563690654967,98.0,0.9621434702947599,0.01681289877073674,0.08429779495865698,1.9844674545084815,99.0,0.6262626262626263,-0.09605637533054595,-0.04156836740216513,98.0,-0.06881237136635554,0.02724400396419041,0.13659806624325044,1.9844674545084815,QuantileRegressor,"{'mode': 'original', 'type': 'QuantileRegressor'}",15,"['nodes_T2W20', 'edges_T2W20', 'l1_T2W20', 'l2_T2W20', 'lcc_T2W20', 'lsc_T2W20', 'atd_T2W20', 'density_T2W20', 'diameter_T2W20', 'asp_T2W20', 'z_l1_T2W20', 'z_l2_T2W20', 'z_density_T2W20', 'z_diameter_T2W20', 'z_asp_T2W20']",0.0993979457841773,0.1551723793693113,98.0,0.1272851625767443,0.027887216792567004,0.13982305580993012,1.9844674545084815,1.3528261443577148,1.3972480333760646,98.0,1.3750370888668897,0.022210944509174897,0.11136292864210755,1.9844674545084815,completed,True,COMPLETE
