number,value,datetime_start,datetime_complete,duration,params_dt_max_depth,params_dt_min_samples_leaf,params_dt_min_samples_split,params_elastic_alpha,params_elastic_l1_ratio,params_et_max_depth,params_et_max_features,params_et_min_samples_leaf,params_et_min_samples_split,params_et_n_estimators,params_knn_metric,params_knn_n_neighbors,params_knn_weights,params_quantile_alpha,params_regressor,params_rf_max_depth,params_rf_max_features,params_rf_min_samples_leaf,params_rf_min_samples_split,params_rf_n_estimators,params_rfe_n_features,params_rfe_proxy_et_max_depth,params_rfe_proxy_et_min_samples_leaf,params_rfe_proxy_et_min_samples_split,params_rfe_proxy_et_n_estimators,params_rfe_proxy_lsvr_C,params_rfe_proxy_lsvr_epsilon,params_rfe_proxy_type,params_use_scaler,params_xgb_booster,params_xgb_colsample_bytree,params_xgb_learning_rate,params_xgb_max_depth,params_xgb_n_estimators,params_xgb_reg_alpha,params_xgb_reg_lambda,params_xgb_subsample,user_attrs_d2mae_ci_lower_val,user_attrs_d2mae_ci_upper_val,user_attrs_d2mae_df_val,user_attrs_d2mae_mean_val,user_attrs_d2mae_samperror_val,user_attrs_d2mae_std_val,user_attrs_d2mae_t_critical_val,user_attrs_mae_ci_lower_val,user_attrs_mae_ci_upper_val,user_attrs_mae_df_val,user_attrs_mae_mean_val,user_attrs_mae_samperror_val,user_attrs_mae_std_val,user_attrs_mae_t_critical_val,user_attrs_mape_ci_lower_val,user_attrs_mape_ci_upper_val,user_attrs_mape_df_val,user_attrs_mape_mean_val,user_attrs_mape_samperror_val,user_attrs_mape_std_val,user_attrs_mape_t_critical_val,user_attrs_max_error_ci_lower_val,user_attrs_max_error_ci_upper_val,user_attrs_max_error_df_val,user_attrs_max_error_mean_val,user_attrs_max_error_samperror_val,user_attrs_max_error_std_val,user_attrs_max_error_t_critical_val,user_attrs_median_ae_ci_lower_val,user_attrs_median_ae_ci_upper_val,user_attrs_median_ae_df_val,user_attrs_median_ae_mean_val,user_attrs_median_ae_samperror_val,user_attrs_median_ae_std_val,user_attrs_median_ae_t_critical_val,user_attrs_n_splits_val,user_attrs_r2_below_zero_val,user_attrs_r2_ci_lower_val,user_attrs_r2_ci_upper_val,user_attrs_r2_df_val,user_attrs_r2_mean_val,user_attrs_r2_samperror_val,user_attrs_r2_std_val,user_attrs_r2_t_critical_val,user_attrs_regressor_final,user_attrs_rfe_estimator,user_attrs_rfe_n_features,user_attrs_rfe_selected_features,user_attrs_rho_ci_lower_val,user_attrs_rho_ci_upper_val,user_attrs_rho_df_val,user_attrs_rho_mean_val,user_attrs_rho_samperror_val,user_attrs_rho_std_val,user_attrs_rho_t_critical_val,user_attrs_rmse_ci_lower_val,user_attrs_rmse_ci_upper_val,user_attrs_rmse_df_val,user_attrs_rmse_mean_val,user_attrs_rmse_samperror_val,user_attrs_rmse_std_val,user_attrs_rmse_t_critical_val,user_attrs_termination_reason,user_attrs_use_scaler_final,state
238,1.0982630852245716,2026-06-13 07:27:10.274974,2026-06-13 07:27:12.152351,0 days 00:00:01.877377,,,,,,,,,,,,,,,LinearRegression,,,,,,14,,,,,,,,True,,,,,,,,,-0.1068665952347339,-0.07494104028965463,98.0,-0.09090381776219426,0.015962777472539626,0.08003539191545664,1.9844674545084815,1.0808331770829656,1.1156929933661777,98.0,1.0982630852245716,0.017429908141606137,0.08739140363033039,1.9844674545084815,235210623397078.94,319199780153017.94,98.0,277205201775048.44,41994578377969.49,210555621951573.6,1.9844674545084815,3.242307880461723,3.479051930833695,98.0,3.360679905647709,0.11837202518598594,0.593502693618607,1.9844674545084815,0.9161386889882797,0.9523821787622271,98.0,0.9342604338752534,0.01812174488697368,0.09086018750282747,1.9844674545084815,99.0,0.6060606060606061,-0.0989243015667723,-0.03321619583393633,98.0,-0.06607024870035431,0.03285405286641799,0.16472615756865225,1.9844674545084815,LinearRegression,"{'mode': 'original', 'type': 'LinearRegression'}",14,"['nodes_T2W20', 'edges_T2W20', 'pe_T2W20', 'l2_T2W20', 'lcc_T2W20', 'lsc_T2W20', 'atd_T2W20', 'density_T2W20', 'diameter_T2W20', 'asp_T2W20', 'z_l1_T2W20', 'z_l2_T2W20', 'z_diameter_T2W20', 'z_asp_T2W20']",0.15746238101283996,0.2084597945270147,98.0,0.18296108776992734,0.02549870675708738,0.1278473619112668,1.9844674545084815,1.3496347477837412,1.3926533126327705,98.0,1.3711440302082558,0.021509282424514567,0.10784488173362858,1.9844674545084815,completed,True,COMPLETE
239,1.0595959898424978,2026-06-13 07:27:12.164775,2026-06-13 07:27:25.844321,0 days 00:00:13.679546,,,,,,,,,,,,,,,RandomForestRegressor,3.0,sqrt,3.0,7.0,144.0,18,,,,,,,,True,,,,,,,,,-0.05804358912075905,-0.04589680586568354,98.0,-0.05197019749322129,0.006073391627537755,0.030451234442266672,1.9844674545084815,1.0480289441764583,1.0711630355085373,98.0,1.0595959898424978,0.011567045666039428,0.05799573631706852,1.9844674545084815,221376410081878.72,303374085806074.94,98.0,262375247943976.84,40998837862098.12,205563102161646.0,1.9844674545084815,3.041048409520118,3.140399610355605,98.0,3.0907240099378614,0.049675600417743715,0.24906731644347113,1.9844674545084815,0.9400516832129909,0.967039399366893,98.0,0.953545541289942,0.013493858076951065,0.06765653543051653,1.9844674545084815,99.0,0.36363636363636365,-0.002864519384012246,0.01660182052444368,98.0,0.006868650570215716,0.009733169954227962,0.04880091031817447,1.9844674545084815,RandomForestRegressor,"{'mode': 'original', 'type': 'RandomForestRegressor'}",18,"['edges_T2W20', 're_T2W20', 'l1_T2W20', 'l2_T2W20', 'l3_T2W20', 'lcc_T2W20', 'lsc_T2W20', 'atd_T2W20', 'density_T2W20', 'diameter_T2W20', 'asp_T2W20', 'z_re_T2W20', 'z_pe_T2W20', 'z_l1_T2W20', 'z_l2_T2W20', 'z_l3_T2W20', 'z_lsc_T2W20', 'z_asp_T2W20']",0.10278758469337755,0.14638633049740607,98.0,0.12458695759539182,0.021799372902014266,0.1092993595084125,1.9844674545084815,1.3122465361893025,1.343171299869346,98.0,1.3277089180293242,0.01546238184002158,0.077526470104684,1.9844674545084815,completed,True,COMPLETE
240,1.405000231930379,2026-06-13 07:27:25.857001,2026-06-13 07:27:26.100442,0 days 00:00:00.243441,11.0,1.0,9.0,,,,,,,,,,,,DecisionTreeRegressor,,,,,,15,,,,,,,,True,,,,,,,,,,,,,,,,,,,,,,,,,,,,,,,,,,,,,,,,,,,,,,,,,,,,,DecisionTreeRegressor,"{'mode': 'original', 'type': 'DecisionTreeRegressor'}",15,"['edges_T2W20', 're_T2W20', 'l2_T2W20', 'lcc_T2W20', 'lsc_T2W20', 'density_T2W20', 'diameter_T2W20', 'asp_T2W20', 'z_re_T2W20', 'z_pe_T2W20', 'z_l2_T2W20', 'z_l3_T2W20', 'z_lsc_T2W20', 'z_density_T2W20', 'z_asp_T2W20']",,,,,,,,,,,,,,,pruned,True,PRUNED
241,1.0610368194434323,2026-06-13 07:27:26.109985,2026-06-13 07:27:27.920915,0 days 00:00:01.810930,,,,,,,,,,,,,,,LinearRegression,,,,,,9,,,,,,,,True,,,,,,,,,-0.0679079856572345,-0.039513544674314935,98.0,-0.053710765165774714,0.014197220491459777,0.07118310758255258,1.9844674545084815,1.0445571887682221,1.0775164501186425,98.0,1.0610368194434323,0.01647963067521016,0.08262682994744429,1.9844674545084815,227683570981592.88,309913933123905.4,98.0,268798752052749.12,41115181071156.24,206146432622130.56,1.9844674545084815,3.32972463002867,3.611569674407117,98.0,3.4706471522178934,0.1409225221892235,0.7065680964689107,1.9844674545084815,0.8863064561215791,0.9224899455746928,98.0,0.9043982008481359,0.018091744726556853,0.0907097704090217,1.9844674545084815,99.0,0.5151515151515151,-0.07469739299314854,-0.010172934635135654,98.0,-0.0424351638141421,0.032262229179006445,0.16175882679878356,1.9844674545084815,LinearRegression,"{'mode': 'original', 'type': 'LinearRegression'}",9,"['nodes_T2W20', 'edges_T2W20', 'pe_T2W20', 'l2_T2W20', 'atd_T2W20', 'diameter_T2W20', 'asp_T2W20', 'z_diameter_T2W20', 'z_asp_T2W20']",0.15768385785471628,0.20958535595266703,98.0,0.18363460690369166,0.02595074904897536,0.1301138460526297,1.9844674545084815,1.3338080921265365,1.3785128043744517,98.0,1.356160448250494,0.022352356123957553,0.11207194898834727,1.9844674545084815,completed,True,COMPLETE
242,1.0075757575757578,2026-06-13 07:27:27.933263,2026-06-13 07:27:30.237354,0 days 00:00:02.304091,,,,,,,,,,,,,,0.23939475196027465,QuantileRegressor,,,,,,15,,,,,,,,False,,,,,,,,,0.0,0.0,98.0,0.0,0.0,0.0,1.9844674545084815,0.9969166374215648,1.0182348777299508,98.0,1.0075757575757578,0.010659120154193034,0.053443510096056954,1.9844674545084815,243249413827922.25,331073265925134.4,98.0,287161339876528.3,43911926048606.08,220168966027914.5,1.9844674545084815,2.969853864095874,3.009944115702106,98.0,2.98989898989899,0.02004512580311598,0.10050378152592122,1.9844674545084815,1.0,1.0,98.0,1.0,0.0,0.0,1.9844674545084815,99.0,0.8787878787878788,-0.0030948902600817954,-0.0016582379893588322,98.0,-0.002376564124720314,0.0007183261353614816,0.0036015983976267767,1.9844674545084815,QuantileRegressor,"{'mode': 'original', 'type': 'QuantileRegressor'}",15,"['lcc_T2W20', 'lsc_T2W20', 'atd_T2W20', 'density_T2W20', 'diameter_T2W20', 'asp_T2W20', 'z_re_T2W20', 'z_pe_T2W20', 'z_l1_T2W20', 'z_l2_T2W20', 'z_l3_T2W20', 'z_lsc_T2W20', 'z_density_T2W20', 'z_diameter_T2W20', 'z_asp_T2W20']",,,,,,,,1.3196611267084086,1.3492364416432259,98.0,1.3344487841758172,0.014787657467408713,0.07414348555266105,1.9844674545084815,completed,False,COMPLETE
243,1.0808938582914003,2026-06-13 07:27:30.249936,2026-06-13 07:27:41.236229,0 days 00:00:10.986293,,,,,,11.0,,5.0,10.0,154.0,,,,,ExtraTreesRegressor,,,,,,21,,,,,,,,True,,,,,,,,,-0.08140405007895371,-0.06500294428137665,98.0,-0.07320349718016518,0.008200552898788531,0.041116557961611004,1.9844674545084815,1.0682093403890642,1.0935783761937363,98.0,1.0808938582914003,0.012684517902336058,0.06359860389700561,1.9844674545084815,212659772860085.3,291797277789639.7,98.0,252228525324862.5,39568752464777.17,198392830857416.44,1.9844674545084815,3.1094007635830216,3.246599114288588,98.0,3.177999938935805,0.0685991753527834,0.34394778063417136,1.9844674545084815,0.9271752170358111,0.9642520263653759,98.0,0.9457136217005935,0.01853840466478245,0.09294926809482963,1.9844674545084815,99.0,0.46464646464646464,-0.01698738741421909,0.011913227968705734,98.0,-0.002537079722756678,0.014450307691462412,0.07245205550066033,1.9844674545084815,ExtraTreesRegressor,"{'mode': 'original', 'type': 'ExtraTreesRegressor'}",21,"['nodes_T2W20', 'edges_T2W20', 're_T2W20', 'pe_T2W20', 'l1_T2W20', 'l2_T2W20', 'l3_T2W20', 'lcc_T2W20', 'lsc_T2W20', 'atd_T2W20', 'density_T2W20', 'diameter_T2W20', 'z_re_T2W20', 'z_pe_T2W20', 'z_l1_T2W20', 'z_l2_T2W20', 'z_l3_T2W20', 'z_lsc_T2W20', 'z_density_T2W20', 'z_diameter_T2W20', 'z_asp_T2W20']",0.12413913592239642,0.1663836413686098,98.0,0.14526138864550311,0.021122252723106697,0.10590436267994958,1.9844674545084815,1.316833686660231,1.3499296924538593,98.0,1.3333816895570452,0.016548002896814126,0.08296963981005231,1.9844674545084815,completed,True,COMPLETE
244,1.0817792752975794,2026-06-13 07:27:41.249363,2026-06-13 07:28:19.325733,0 days 00:00:38.076370,,,,,,,,,,,,,,,RandomForestRegressor,12.0,log2,3.0,11.0,425.0,19,,,,,,,,True,,,,,,,,,-0.08143287393537225,-0.0664394087038876,98.0,-0.07393614131962993,0.00749673261574232,0.03758769011335871,1.9844674545084815,1.0690136381719724,1.0945449124231865,98.0,1.0817792752975794,0.012765637125607143,0.06400532564937907,1.9844674545084815,217965158194432.25,299186782870154.2,98.0,258575970532293.22,40610812337860.984,203617590175467.94,1.9844674545084815,3.093189957410056,3.212844827340474,98.0,3.153017392375265,0.059827434965208946,0.2999673592502437,1.9844674545084815,0.9462310897509192,0.9830746607275458,98.0,0.9646528752392325,0.018421785488313285,0.09236455396787874,1.9844674545084815,99.0,0.5252525252525253,-0.020709416241890016,0.0050196735569016954,98.0,-0.00784487134249416,0.012864544899395855,0.06450123699389808,1.9844674545084815,RandomForestRegressor,"{'mode': 'original', 'type': 'RandomForestRegressor'}",19,"['edges_T2W20', 're_T2W20', 'l1_T2W20', 'l2_T2W20', 'l3_T2W20', 'lcc_T2W20', 'lsc_T2W20', 'atd_T2W20', 'density_T2W20', 'diameter_T2W20', 'asp_T2W20', 'z_re_T2W20', 'z_pe_T2W20', 'z_l1_T2W20', 'z_l2_T2W20', 'z_l3_T2W20', 'z_lsc_T2W20', 'z_density_T2W20', 'z_asp_T2W20']",0.09933965758459318,0.14303230156152727,98.0,0.12118597957306022,0.02184632198846704,0.10953475642106035,1.9844674545084815,1.3206274319631621,1.353865842150081,98.0,1.3372466370566216,0.01661920509345948,0.08332663881749672,1.9844674545084815,completed,True,COMPLETE
245,1.0748983277133375,2026-06-13 07:28:19.338258,2026-06-13 07:28:40.454356,0 days 00:00:21.116098,,,,,,,,,,,,,,,RandomForestRegressor,15.0,log2,4.0,5.0,228.0,18,,,,,,,,True,,,,,,,,,-0.07432580805080502,-0.06004818660487422,98.0,-0.06718699732783961,0.007138810722965401,0.035793114012000256,1.9844674545084815,1.0626765243615155,1.0871201310651595,98.0,1.0748983277133375,0.012221803351821941,0.06127861037087337,1.9844674545084815,218793015940901.44,300807935158708.3,98.0,259800475549804.88,41007459608903.42,205606330533760.16,1.9844674545084815,3.0813206296509055,3.1920090578304325,98.0,3.136664843740669,0.05534421408976358,0.277489044281117,1.9844674545084815,0.9343915771280303,0.9719499902824561,98.0,0.9531707837052432,0.01877920657721291,0.0941566191005376,1.9844674545084815,99.0,0.47474747474747475,-0.006429355035170864,0.017217583315694562,98.0,0.005394114140261849,0.011823469175432713,0.05928141207781464,1.9844674545084815,RandomForestRegressor,"{'mode': 'original', 'type': 'RandomForestRegressor'}",18,"['edges_T2W20', 're_T2W20', 'pe_T2W20', 'l1_T2W20', 'l2_T2W20', 'l3_T2W20', 'lcc_T2W20', 'lsc_T2W20', 'atd_T2W20', 'density_T2W20', 'diameter_T2W20', 'z_l1_T2W20', 'z_l2_T2W20', 'z_l3_T2W20', 'z_lsc_T2W20', 'z_density_T2W20', 'z_diameter_T2W20', 'z_asp_T2W20']",0.13251007622053057,0.17303264558726045,98.0,0.1527713609038955,0.02026128468336495,0.10158757541620718,1.9844674545084815,1.3125117157371013,1.3443796867293156,98.0,1.3284457012332085,0.01593398549610713,0.0798910325067159,1.9844674545084815,completed,True,COMPLETE
246,1.095841585974427,2026-06-13 07:28:40.467205,2026-06-13 07:28:43.044238,0 days 00:00:02.577033,,,,0.0012983159593181188,0.3072164170212709,,,,,,,,,,ElasticNet,,,,,,13,,,,,,,,False,,,,,,,,,-0.1053032342126638,-0.06939417399778375,98.0,-0.08734870410522377,0.01795453010744003,0.09002179327995147,1.9844674545084815,1.073516915707643,1.1181662562412111,98.0,1.095841585974427,0.022324670266784027,0.11193313552476235,1.9844674545084815,226740337356127.12,309672822604176.06,98.0,268206579980151.6,41466242624024.47,207906611827697.56,1.9844674545084815,3.588252096020886,4.477893761924513,98.0,4.033072928972699,0.4448208329518131,2.2302766394321076,1.9844674545084815,0.9140655868456986,0.9527053658789637,98.0,0.9333854763623312,0.019319889516632514,0.09686753648524037,1.9844674545084815,99.0,0.6060606060606061,-0.23796352630806927,-0.08074049944416727,98.0,-0.15935201287611828,0.07861151343195101,0.3941484054023083,1.9844674545084815,ElasticNet,"{'mode': 'original', 'type': 'ElasticNet'}",13,"['edges_T2W20', 're_T2W20', 'pe_T2W20', 'l2_T2W20', 'l3_T2W20', 'lsc_T2W20', 'atd_T2W20', 'asp_T2W20', 'z_re_T2W20', 'z_pe_T2W20', 'z_l3_T2W20', 'z_diameter_T2W20', 'z_asp_T2W20']",0.15693002962856717,0.2132537842714224,98.0,0.18509190694999478,0.028161877321427605,0.14120016973066735,1.9844674545084815,1.373636211374548,1.4690063839392802,98.0,1.421321297656914,0.04768508628236603,0.23908712476240127,1.9844674545084815,completed,False,COMPLETE
247,1.2199392647884422,2026-06-13 07:28:43.062830,2026-06-13 07:28:43.274563,0 days 00:00:00.211733,,,,,,,,,,,euclidean,3.0,distance,,KNeighborsRegressor,,,,,,6,,,,,7.920678473390555,0.00034820752090989644,LinearSVR,,,,,,,,,,,,,,,,,,,,,,,,,,,,,,,,,,,,,,,,,,,,,,,,,,,,,,KNeighborsRegressor,"{'mode': 'proxy', 'type': 'LinearSVR'}",6,"['edges_T2W20', 'atd_T2W20', 'diameter_T2W20', 'asp_T2W20', 'z_diameter_T2W20', 'z_asp_T2W20']",,,,,,,,,,,,,,,pruned,True,PRUNED
248,1.0151897765534128,2026-06-13 07:28:43.285497,2026-06-13 07:28:45.308686,0 days 00:00:02.023189,,,,0.8646887143722551,0.3064328227033716,,,,,,,,,,ElasticNet,,,,,,2,,,,,,,,True,,,,,,,,,-0.008443339149005608,-0.006889279046144798,98.0,-0.007666309097575203,0.0007770300514304052,0.003895932572091772,1.9844674545084815,1.0048612895143063,1.0255182635925193,98.0,1.0151897765534128,0.01032848703910649,0.051785756550867056,1.9844674545084815,241077355323462.2,328386068633303.8,98.0,284731711978383.0,43654356654920.805,218877544945055.3,1.9844674545084815,2.9992886360115256,3.0396461665596406,98.0,3.019467401285583,0.020178765274057514,0.10117383330422736,1.9844674545084815,0.9679492393024587,0.974750485215448,98.0,0.9713498622589534,0.003400622956494683,0.0170503029029853,1.9844674545084815,99.0,1.0,-0.0034871412259275033,-0.0018535020443341188,98.0,-0.002670321635130811,0.0008168195907966922,0.004095432401165666,1.9844674545084815,ElasticNet,"{'mode': 'original', 'type': 'ElasticNet'}",2,"['z_diameter_T2W20', 'z_asp_T2W20']",,,,,,,,1.3198997115289124,1.3493526673910676,98.0,1.33462618945999,0.014726477931077609,0.07383673892439481,1.9844674545084815,completed,True,COMPLETE
249,1.0283015495534507,2026-06-13 07:28:45.322593,2026-06-13 07:28:48.960469,0 days 00:00:03.637876,,,,,,,,,,,,,,0.00017900514722041515,QuantileRegressor,,,,,,10,,,,,,,,False,,,,,,,,,-0.032164498994865245,-0.009184975954167656,98.0,-0.02067473747451645,0.011489761520348793,0.05760824316934771,1.9844674545084815,1.012713422100998,1.0438896770059034,98.0,1.0283015495534507,0.015588127452452765,0.07815694305275911,1.9844674545084815,223329204881934.44,304500073322849.9,98.0,263914639102392.16,40585434220457.72,203490347433661.78,1.9844674545084815,3.2036665286275534,3.411167969414655,98.0,3.3074172490211042,0.10375072039355089,0.5201932798031862,1.9844674545084815,0.966818661097727,0.9849448141149255,98.0,0.9758817376063262,0.009063076508599307,0.0454411446612812,1.9844674545084815,99.0,0.32323232323232326,-0.02480891896457117,0.017250763773494975,98.0,-0.0037790775955380976,0.021029841369033072,0.10544102358038222,1.9844674545084815,QuantileRegressor,"{'mode': 'original', 'type': 'QuantileRegressor'}",10,"['nodes_T2W20', 'edges_T2W20', 'pe_T2W20', 'l2_T2W20', 'lcc_T2W20', 'atd_T2W20', 'diameter_T2W20', 'asp_T2W20', 'z_diameter_T2W20', 'z_asp_T2W20']",0.12313339268136932,0.17994801619374357,98.0,0.15154070443755643,0.028407311756187117,0.1424307476303667,1.9844674545084815,1.314120808138162,1.3528397189469168,98.0,1.3334802635425393,0.01935945540437735,0.0970659149527463,1.9844674545084815,completed,False,COMPLETE
250,1.1672619047619048,2026-06-13 07:28:48.973031,2026-06-13 07:28:49.217320,0 days 00:00:00.244289,,,,,,,,,,,manhattan,7.0,uniform,,KNeighborsRegressor,,,,,,14,6.0,1.0,7.0,40.0,,,ExtraTrees,,,,,,,,,,,,,,,,,,,,,,,,,,,,,,,,,,,,,,,,,,,,,,,,,,,,,,KNeighborsRegressor,"{'mode': 'proxy', 'type': 'ExtraTrees'}",14,"['edges_T2W20', 're_T2W20', 'l1_T2W20', 'l2_T2W20', 'l3_T2W20', 'atd_T2W20', 'z_re_T2W20', 'z_pe_T2W20', 'z_l1_T2W20', 'z_l2_T2W20', 'z_l3_T2W20', 'z_lsc_T2W20', 'z_density_T2W20', 'z_asp_T2W20']",,,,,,,,,,,,,,,pruned,True,PRUNED
251,1.0693333606423006,2026-06-13 07:28:49.228715,2026-06-13 07:28:51.191337,0 days 00:00:01.962622,,,,,,,,,,,,,,,LinearRegression,,,,,,10,,,,,,,,True,,,,,,,,,-0.07790323355172797,-0.046467627179495985,98.0,-0.06218543036561198,0.01571780318611599,0.0788071211426006,1.9844674545084815,1.052151453372076,1.0865152679125252,98.0,1.0693333606423006,0.017181907270224523,0.08614795793483361,1.9844674545084815,237102947325009.28,321712959567541.5,98.0,279407953446275.4,42305006121266.12,212112068261679.53,1.9844674545084815,3.3359168517974713,3.5703382740108434,98.0,3.4531275629041573,0.1172107111066862,0.587680008460364,1.9844674545084815,0.8938490824119877,0.9300560371468237,98.0,0.9119525597794057,0.018103477367418033,0.09076859641916582,1.9844674545084815,99.0,0.5555555555555556,-0.08079093090171194,-0.015502108965334202,98.0,-0.04814651993352307,0.03264441096818887,0.16367503902017083,1.9844674545084815,LinearRegression,"{'mode': 'original', 'type': 'LinearRegression'}",10,"['nodes_T2W20', 'edges_T2W20', 'pe_T2W20', 'l2_T2W20', 'lsc_T2W20', 'atd_T2W20', 'diameter_T2W20', 'asp_T2W20', 'z_diameter_T2W20', 'z_asp_T2W20']",0.17024474577603163,0.2229782326676608,98.0,0.1966114892218462,0.026366743445814585,0.1321995905067472,1.9844674545084815,1.337421787401646,1.3818064939929626,98.0,1.3596141406973044,0.02219235329565833,0.11126971459696146,1.9844674545084815,completed,True,COMPLETE
252,1.103859816733406,2026-06-13 07:28:51.204443,2026-06-13 07:28:51.653338,0 days 00:00:00.448895,,,,,,,,,,,euclidean,9.0,distance,,KNeighborsRegressor,,,,,,3,5.0,2.0,9.0,70.0,,,ExtraTrees,,,,,,,,,,,,,,,,,,,,,,,,,,,,,,,,,,,,,,,,,,,,,,,,,,,,,,KNeighborsRegressor,"{'mode': 'proxy', 'type': 'ExtraTrees'}",3,"['edges_T2W20', 'l3_T2W20', 'atd_T2W20']",,,,,,,,,,,,,,,pruned,True,PRUNED
253,1.1086033097295631,2026-06-13 07:28:51.663350,2026-06-13 07:28:53.479739,0 days 00:00:01.816389,,,,,,,,,,,,,,,LinearRegression,,,,,,15,,,,,,,,False,,,,,,,,,-0.11664334335163999,-0.08492120209572206,98.0,-0.10078227272368102,0.015861070627958967,0.07952544637618562,1.9844674545084815,1.090121491121237,1.1270851283378893,98.0,1.1086033097295631,0.018481818608326296,0.09266555260651882,1.9844674545084815,235177426938261.8,319400327678552.25,98.0,277288877308407.03,42111450370145.21,211141603665208.0,1.9844674545084815,3.2767387016995024,3.541263614144562,98.0,3.4090011579220323,0.13226245622252988,0.6631475968189988,1.9844674545084815,0.9128691544360192,0.952432600751238,98.0,0.9326508775936286,0.01978172315760944,0.0991831132399071,1.9844674545084815,99.0,0.6666666666666666,-0.12811569852914975,-0.05830547377008149,98.0,-0.09321058614961562,0.034905112379534135,0.1750099162852398,1.9844674545084815,LinearRegression,"{'mode': 'original', 'type': 'LinearRegression'}",15,"['nodes_T2W20', 'edges_T2W20', 'pe_T2W20', 'l1_T2W20', 'l2_T2W20', 'lcc_T2W20', 'atd_T2W20', 'density_T2W20', 'diameter_T2W20', 'asp_T2W20', 'z_l1_T2W20', 'z_l2_T2W20', 'z_lsc_T2W20', 'z_diameter_T2W20', 'z_asp_T2W20']",0.12498807446729081,0.17686210203255312,98.0,0.15092508824992196,0.025937013782631153,0.13004497912600538,1.9844674545084815,1.365300294309188,1.411654277116678,98.0,1.388477285712933,0.023176991403744893,0.11620656828744041,1.9844674545084815,completed,False,COMPLETE
