number,value,datetime_start,datetime_complete,duration,params_dt_max_depth,params_dt_min_samples_leaf,params_dt_min_samples_split,params_elastic_alpha,params_elastic_l1_ratio,params_et_max_depth,params_et_max_features,params_et_min_samples_leaf,params_et_min_samples_split,params_et_n_estimators,params_knn_metric,params_knn_n_neighbors,params_knn_weights,params_quantile_alpha,params_regressor,params_rf_max_depth,params_rf_max_features,params_rf_min_samples_leaf,params_rf_min_samples_split,params_rf_n_estimators,params_rfe_n_features,params_rfe_proxy_et_max_depth,params_rfe_proxy_et_min_samples_leaf,params_rfe_proxy_et_min_samples_split,params_rfe_proxy_et_n_estimators,params_rfe_proxy_lsvr_C,params_rfe_proxy_lsvr_epsilon,params_rfe_proxy_type,params_use_scaler,params_xgb_booster,params_xgb_colsample_bytree,params_xgb_learning_rate,params_xgb_max_depth,params_xgb_n_estimators,params_xgb_reg_alpha,params_xgb_reg_lambda,params_xgb_subsample,user_attrs_d2mae_ci_lower_val,user_attrs_d2mae_ci_upper_val,user_attrs_d2mae_df_val,user_attrs_d2mae_mean_val,user_attrs_d2mae_samperror_val,user_attrs_d2mae_std_val,user_attrs_d2mae_t_critical_val,user_attrs_mae_ci_lower_val,user_attrs_mae_ci_upper_val,user_attrs_mae_df_val,user_attrs_mae_mean_val,user_attrs_mae_samperror_val,user_attrs_mae_std_val,user_attrs_mae_t_critical_val,user_attrs_mape_ci_lower_val,user_attrs_mape_ci_upper_val,user_attrs_mape_df_val,user_attrs_mape_mean_val,user_attrs_mape_samperror_val,user_attrs_mape_std_val,user_attrs_mape_t_critical_val,user_attrs_max_error_ci_lower_val,user_attrs_max_error_ci_upper_val,user_attrs_max_error_df_val,user_attrs_max_error_mean_val,user_attrs_max_error_samperror_val,user_attrs_max_error_std_val,user_attrs_max_error_t_critical_val,user_attrs_median_ae_ci_lower_val,user_attrs_median_ae_ci_upper_val,user_attrs_median_ae_df_val,user_attrs_median_ae_mean_val,user_attrs_median_ae_samperror_val,user_attrs_median_ae_std_val,user_attrs_median_ae_t_critical_val,user_attrs_n_splits_val,user_attrs_r2_below_zero_val,user_attrs_r2_ci_lower_val,user_attrs_r2_ci_upper_val,user_attrs_r2_df_val,user_attrs_r2_mean_val,user_attrs_r2_samperror_val,user_attrs_r2_std_val,user_attrs_r2_t_critical_val,user_attrs_regressor_final,user_attrs_rfe_estimator,user_attrs_rfe_n_features,user_attrs_rfe_selected_features,user_attrs_rho_ci_lower_val,user_attrs_rho_ci_upper_val,user_attrs_rho_df_val,user_attrs_rho_mean_val,user_attrs_rho_samperror_val,user_attrs_rho_std_val,user_attrs_rho_t_critical_val,user_attrs_rmse_ci_lower_val,user_attrs_rmse_ci_upper_val,user_attrs_rmse_df_val,user_attrs_rmse_mean_val,user_attrs_rmse_samperror_val,user_attrs_rmse_std_val,user_attrs_rmse_t_critical_val,user_attrs_termination_reason,user_attrs_use_scaler_final,state
177,1.2827314343638412,2026-06-13 07:18:43.803499,2026-06-13 07:18:44.020854,0 days 00:00:00.217355,8.0,2.0,19.0,,,,,,,,,,,,DecisionTreeRegressor,,,,,,15,,,,,,,,True,,,,,,,,,,,,,,,,,,,,,,,,,,,,,,,,,,,,,,,,,,,,,,,,,,,,,DecisionTreeRegressor,"{'mode': 'original', 'type': 'DecisionTreeRegressor'}",15,"['edges_T2W20', 'l2_T2W20', 'atd_T2W20', 'density_T2W20', 'diameter_T2W20', 'asp_T2W20', 'z_re_T2W20', 'z_pe_T2W20', 'z_l1_T2W20', 'z_l2_T2W20', 'z_l3_T2W20', 'z_lsc_T2W20', 'z_density_T2W20', 'z_diameter_T2W20', 'z_asp_T2W20']",,,,,,,,,,,,,,,pruned,True,PRUNED
178,1.0253782097552762,2026-06-13 07:18:44.030131,2026-06-13 07:18:46.522009,0 days 00:00:02.491878,,,,,,,,,,,,,,0.002782432865907844,QuantileRegressor,,,,,,10,,,,,,,,True,,,,,,,,,-0.025990684969148352,-0.00920800289929665,98.0,-0.0175993439342225,0.008391341034925852,0.04207314607886305,1.9844674545084815,1.0113580487323712,1.039398370778181,98.0,1.0253782097552762,0.014020161022904943,0.07029535330654976,1.9844674545084815,220950938028888.9,301512078334048.94,98.0,261231508181468.94,40280570152580.02,201961796703971.7,1.9844674545084815,3.110016427893119,3.2368508842958423,98.0,3.1734336560944807,0.06341722820136182,0.31796613853819683,1.9844674545084815,0.9564926133899535,0.9761864345493322,98.0,0.9663395239696428,0.009846910579689344,0.04937119174640154,1.9844674545084815,99.0,0.2727272727272727,0.007217723605770084,0.03401219220021855,98.0,0.020614957902994314,0.01339723429722423,0.06717207574973144,1.9844674545084815,QuantileRegressor,"{'mode': 'original', 'type': 'QuantileRegressor'}",10,"['edges_T2W20', 're_T2W20', 'pe_T2W20', 'l2_T2W20', 'l3_T2W20', 'lsc_T2W20', 'density_T2W20', 'diameter_T2W20', 'z_re_T2W20', 'z_l1_T2W20']",0.1579829964281495,0.2151033459073492,98.0,0.18654317116774935,0.02856017473959985,0.1431971837225725,1.9844674545084815,1.3011256500878348,1.3355831186913762,98.0,1.3183543843896055,0.017228734301770687,0.08638274287927589,1.9844674545084815,completed,True,COMPLETE
179,1.0368570437947149,2026-06-13 07:18:46.535735,2026-06-13 07:18:48.311892,0 days 00:00:01.776157,,,,0.006103877323127746,0.7875490858587793,,,,,,,,,,ElasticNet,,,,,,7,,,,,,,,True,,,,,,,,,-0.04004626928527101,-0.018979695775244314,98.0,-0.02951298253025766,0.010533286755013346,0.052812596996082616,1.9844674545084815,1.0229220201728748,1.050792067416555,98.0,1.0368570437947149,0.013935023621840131,0.06986848490770077,1.9844674545084815,230338432767894.34,313422440459040.5,98.0,271880436613467.44,41542003845573.086,208286469222130.84,1.9844674545084815,3.108953929906587,3.2288923179748075,98.0,3.168923123940697,0.059969194034110364,0.30067812168846053,1.9844674545084815,0.9042352685834828,0.9294215294811968,98.0,0.9168283990323398,0.012593130448857038,0.06314039850838002,1.9844674545084815,99.0,0.31313131313131315,0.008337922261051747,0.04026886488815247,98.0,0.02430339357460211,0.01596547131355036,0.08004889850110082,1.9844674545084815,ElasticNet,"{'mode': 'original', 'type': 'ElasticNet'}",7,"['nodes_T2W20', 'edges_T2W20', 'l2_T2W20', 'lsc_T2W20', 'density_T2W20', 'diameter_T2W20', 'z_diameter_T2W20']",0.20537974715428575,0.2523855194781492,98.0,0.22888263331621747,0.023502886161931722,0.11784056429719161,1.9844674545084815,1.2985388692815976,1.3313628621229183,98.0,1.314950865702258,0.016411996420660435,0.08228772016037189,1.9844674545084815,completed,True,COMPLETE
180,1.143333333333333,2026-06-13 07:18:48.324247,2026-06-13 07:18:48.648937,0 days 00:00:00.324690,,,,,,,,,,,manhattan,5.0,uniform,,KNeighborsRegressor,,,,,,7,8.0,4.0,7.0,50.0,,,ExtraTrees,,,,,,,,,,,,,,,,,,,,,,,,,,,,,,,,,,,,,,,,,,,,,,,,,,,,,,KNeighborsRegressor,"{'mode': 'proxy', 'type': 'ExtraTrees'}",7,"['edges_T2W20', 'l2_T2W20', 'l3_T2W20', 'lsc_T2W20', 'z_l2_T2W20', 'z_l3_T2W20', 'z_lsc_T2W20']",,,,,,,,,,,,,,,pruned,True,PRUNED
181,1.019782454040366,2026-06-13 07:18:48.658848,2026-06-13 07:18:51.007854,0 days 00:00:02.349006,,,,,,,,,,,,,,0.0008524707546537274,QuantileRegressor,,,,,,8,,,,,,,,False,,,,,,,,,-0.02183718134631943,-0.002198623248233904,98.0,-0.012017902297276666,0.009819279049042761,0.04923265066930342,1.9844674545084815,1.004890173452982,1.0346747346277498,98.0,1.019782454040366,0.014892280587383904,0.07466805293606517,1.9844674545084815,223793393572735.97,304378753048772.75,98.0,264086073310754.38,40292679738018.41,202022512667604.06,1.9844674545084815,3.139611412188188,3.2799158564976176,98.0,3.209763634342903,0.07015222215471467,0.3517345652128228,1.9844674545084815,0.9726262583256226,0.9865003441859718,98.0,0.9795633012557972,0.006937042930174623,0.034781475254289915,1.9844674545084815,99.0,0.31313131313131315,-0.0045831383261663305,0.025178543748340648,98.0,0.010297702711087158,0.014880841037253489,0.07461069644659463,1.9844674545084815,QuantileRegressor,"{'mode': 'original', 'type': 'QuantileRegressor'}",8,"['edges_T2W20', 're_T2W20', 'pe_T2W20', 'l2_T2W20', 'lsc_T2W20', 'diameter_T2W20', 'z_re_T2W20', 'z_l2_T2W20']",0.13069109469193566,0.18670666134905342,98.0,0.15869887802049454,0.028007783328558872,0.1404275615093047,1.9844674545084815,1.307284481737061,1.3431554596163733,98.0,1.3252199706767172,0.01793548893965602,0.08992632321976031,1.9844674545084815,completed,False,COMPLETE
182,1.0617299836213847,2026-06-13 07:18:51.020107,2026-06-13 07:19:12.008393,0 days 00:00:20.988286,,,,,,16.0,sqrt,1.0,9.0,362.0,,,,,ExtraTreesRegressor,,,,,,10,,,,,,,,True,,,,,,,,,-0.06135788911488635,-0.046420660278260376,98.0,-0.05388927469657336,0.007468614418312983,0.03744670894920451,1.9844674545084815,1.0486306693417067,1.0748292979010627,98.0,1.0617299836213847,0.01309931427967812,0.06567834162953957,1.9844674545084815,219576086988478.47,300135536589054.1,98.0,259855811788766.3,40279724800287.84,201957558212134.78,1.9844674545084815,3.0633451136242136,3.181601073825035,98.0,3.1224730937246243,0.05912798010041073,0.29646037906915673,1.9844674545084815,0.910009061575568,0.9474049260650399,98.0,0.928706993820304,0.01869793224473589,0.09374911964979006,1.9844674545084815,99.0,0.2727272727272727,0.008182153821766498,0.033518033395557395,98.0,0.020850093608661947,0.01266793978689545,0.0635154832766254,1.9844674545084815,ExtraTreesRegressor,"{'mode': 'original', 'type': 'ExtraTreesRegressor'}",10,"['edges_T2W20', 'l1_T2W20', 'l2_T2W20', 'l3_T2W20', 'lsc_T2W20', 'density_T2W20', 'z_l1_T2W20', 'z_l2_T2W20', 'z_l3_T2W20', 'z_lsc_T2W20']",0.16921153125750032,0.2109000792870946,98.0,0.19005580527229746,0.020844274014797135,0.10451061181785926,1.9844674545084815,1.3016074579795731,1.3346153524094366,98.0,1.3181114051945049,0.016503947214931848,0.08274875007005458,1.9844674545084815,completed,True,COMPLETE
183,1.02609194840245,2026-06-13 07:19:12.020948,2026-06-13 07:19:14.477696,0 days 00:00:02.456748,,,,,,,,,,,,,,,XGBRegressor,,,,,,10,,,,,,,,False,gblinear,0.9834227498996426,0.0010084417932528184,4.0,187.0,1.0438578212275792e-06,0.009277366769193843,0.8646723970439982,-0.02018361359921727,-0.016835440945457546,98.0,-0.018509527272337407,0.0016740863268798628,0.00839366178615408,1.9844674545084815,1.01561700336386,1.03656689344104,98.0,1.02609194840245,0.010474945038589823,0.05252007884584155,1.9844674545084815,239863591132231.44,326947795929676.06,98.0,283405693530953.75,43542102398722.305,218314715988473.03,1.9844674545084815,3.039492100141107,3.0747255039084216,98.0,3.0571088020247643,0.017616701883657195,0.08832796434967446,1.9844674545084815,0.9661518882782256,0.9763626420577882,98.0,0.9712572651680069,0.005105376889781249,0.025597728274586326,1.9844674545084815,99.0,0.7676767676767676,-0.00888505640390599,-0.004994915052906893,98.0,-0.006939985728406442,0.0019450706754995484,0.009752343793846109,1.9844674545084815,XGBRegressor,"{'mode': 'original', 'type': 'XGBRegressor'}",10,"['re_T2W20', 'l1_T2W20', 'l2_T2W20', 'l3_T2W20', 'z_pe_T2W20', 'z_l1_T2W20', 'z_l2_T2W20', 'z_lsc_T2W20', 'z_diameter_T2W20', 'z_asp_T2W20']",-0.0707743022341144,-0.016404719201994617,98.0,-0.04358951071805451,0.027184791516059893,0.13630118235192562,1.9844674545084815,1.3227766054032497,1.3520148617145684,98.0,1.337395733558909,0.014619128155659375,0.07329850042784151,1.9844674545084815,completed,False,COMPLETE
184,1.3045468073593072,2026-06-13 07:19:14.490310,2026-06-13 07:19:14.627861,0 days 00:00:00.137551,9.0,4.0,13.0,,,,,,,,,,,,DecisionTreeRegressor,,,,,,3,,,,,,,,True,,,,,,,,,,,,,,,,,,,,,,,,,,,,,,,,,,,,,,,,,,,,,,,,,,,,,DecisionTreeRegressor,"{'mode': 'original', 'type': 'DecisionTreeRegressor'}",3,"['l2_T2W20', 'l3_T2W20', 'z_diameter_T2W20']",,,,,,,,,,,,,,,pruned,True,PRUNED
185,1.0674487659505456,2026-06-13 07:19:14.638291,2026-06-13 07:19:16.602803,0 days 00:00:01.964512,,,,,,,,,,,euclidean,13.0,distance,,KNeighborsRegressor,,,,,,11,11.0,4.0,9.0,80.0,,,ExtraTrees,,,,,,,,,,-0.06783587193781154,-0.05104002803050796,98.0,-0.05943794998415975,0.00839792195365179,0.04210614199140397,1.9844674545084815,1.0533809442048192,1.081516587696272,98.0,1.0674487659505456,0.014067821745726392,0.07053431827593247,1.9844674545084815,230543872224524.38,315641424549458.06,98.0,273092648386991.22,42548776162466.86,213334301097933.2,1.9844674545084815,3.1687412957693177,3.306180272555094,98.0,3.237460784162206,0.06871948839288793,0.3445510153365201,1.9844674545084815,0.9138031544904326,0.9522319816599076,98.0,0.9330175680751701,0.019214413584737477,0.09633869320834887,1.9844674545084815,99.0,0.5555555555555556,-0.030876169283731332,-0.001652818116960053,98.0,-0.016264493700345693,0.01461167558338564,0.07326113415222107,1.9844674545084815,KNeighborsRegressor,"{'mode': 'proxy', 'type': 'ExtraTrees'}",11,"['edges_T2W20', 'l1_T2W20', 'l2_T2W20', 'l3_T2W20', 'atd_T2W20', 'z_re_T2W20', 'z_l2_T2W20', 'z_l3_T2W20', 'z_lsc_T2W20', 'z_density_T2W20', 'z_asp_T2W20']",0.0869308082329693,0.13587518560705097,98.0,0.11140299692001013,0.024472188687040833,0.12270052727137988,1.9844674545084815,1.3248453273619416,1.3609573513413504,98.0,1.342901339351646,0.01805601198970434,0.09053061088599243,1.9844674545084815,completed,True,COMPLETE
186,1.1507443523895022,2026-06-13 07:19:16.615698,2026-06-13 07:19:18.395471,0 days 00:00:01.779773,,,,,,,,,,,,,,,LinearRegression,,,,,,19,,,,,,,,False,,,,,,,,,-0.16230234330118976,-0.12153116637846119,98.0,-0.14191675483982547,0.02038558846136428,0.10221081918477205,1.9844674545084815,1.126392233393241,1.1750964713857635,98.0,1.1507443523895022,0.02435211899626118,0.12209851269244784,1.9844674545084815,232566859030883.5,316248451031350.44,98.0,274407655031116.97,41840796000233.484,209784576129944.78,1.9844674545084815,3.516298087257958,4.3183038514193575,98.0,3.917300969338658,0.4010028820806995,2.010578853320963,1.9844674545084815,0.9455539910965823,0.9967010590373074,98.0,0.9711275250669449,0.02557353397036256,0.12822253630373848,1.9844674545084815,99.0,0.7575757575757576,-0.315523638760612,-0.14545261016975297,98.0,-0.2304881244651825,0.08503551429542953,0.42635755118901175,1.9844674545084815,LinearRegression,"{'mode': 'original', 'type': 'LinearRegression'}",19,"['nodes_T2W20', 'edges_T2W20', 'pe_T2W20', 'l1_T2W20', 'l2_T2W20', 'l3_T2W20', 'lcc_T2W20', 'atd_T2W20', 'density_T2W20', 'diameter_T2W20', 'asp_T2W20', 'z_re_T2W20', 'z_l1_T2W20', 'z_l2_T2W20', 'z_l3_T2W20', 'z_lsc_T2W20', 'z_density_T2W20', 'z_diameter_T2W20', 'z_asp_T2W20']",0.10328586052930797,0.16227116456990012,98.0,0.13277851254960404,0.02949265202029607,0.1478725094759489,1.9844674545084815,1.4169164628405941,1.510709157764772,98.0,1.463812810302683,0.046896347462088955,0.23513248587149355,1.9844674545084815,completed,False,COMPLETE
187,1.0774212503874656,2026-06-13 07:19:18.407917,2026-06-13 07:19:25.471807,0 days 00:00:07.063890,,,,,,,,,,,,,,,RandomForestRegressor,17.0,sqrt,4.0,2.0,61.0,16,,,,,,,,True,,,,,,,,,-0.07699313753698943,-0.0618749678110387,98.0,-0.06943405267401406,0.007559084862975362,0.0379003165690423,1.9844674545084815,1.0640545121786629,1.0907879885962684,98.0,1.0774212503874656,0.013366738208802836,0.06701917213424889,1.9844674545084815,218396403074773.03,300847206560239.75,98.0,259621804817506.38,41225401742733.34,206699065436942.03,1.9844674545084815,3.1160001520436005,3.242032375417325,98.0,3.1790162637304626,0.06301611168686212,0.3159549899459814,1.9844674545084815,0.9288807881672424,0.9633025265706668,98.0,0.9460916573689546,0.017210869201712168,0.08629316947720021,1.9844674545084815,99.0,0.48484848484848486,-0.012053039489789766,0.014609417038443758,98.0,0.0012781887743269953,0.013331228264116762,0.06684112966358642,1.9844674545084815,RandomForestRegressor,"{'mode': 'original', 'type': 'RandomForestRegressor'}",16,"['edges_T2W20', 'l1_T2W20', 'l2_T2W20', 'l3_T2W20', 'lcc_T2W20', 'lsc_T2W20', 'atd_T2W20', 'density_T2W20', 'diameter_T2W20', 'z_pe_T2W20', 'z_l1_T2W20', 'z_l2_T2W20', 'z_l3_T2W20', 'z_lsc_T2W20', 'z_density_T2W20', 'z_diameter_T2W20']",0.12254104871864052,0.16670306856334827,98.0,0.1446220586409944,0.022081009922353876,0.11071145269454871,1.9844674545084815,1.314027929685559,1.3485122840775383,98.0,1.3312701068815487,0.017242177195989684,0.086450143888226,1.9844674545084815,completed,True,COMPLETE
188,0.9920951682564519,2026-06-13 07:19:25.484254,2026-06-13 07:19:27.671167,0 days 00:00:02.186913,,,,,,,,,,,,,,0.009610996297600935,QuantileRegressor,,,,,,4,,,,,,,,True,,,,,,,,,0.01030979559762532,0.020353829596713436,98.0,0.015331812597169378,0.0050220169995440584,0.025179772095178313,1.9844674545084815,0.9805679555036799,1.003622381009224,98.0,0.9920951682564519,0.011527212752772069,0.05779601901661928,1.9844674545084815,220366746788232.84,299617026852048.25,98.0,259991886820140.53,39625140031907.695,198675551144798.38,1.9844674545084815,3.1100746172946705,3.224639617752355,98.0,3.1673571175235127,0.05728250022884217,0.28720737124848345,1.9844674545084815,0.9929542613565769,0.9966612008725781,98.0,0.9948077311145775,0.0018534697580005987,0.00929306812302656,1.9844674545084815,99.0,0.13131313131313133,0.0319624883929871,0.04811870376312516,98.0,0.04004059607805613,0.008078107685069027,0.040502632804471465,1.9844674545084815,QuantileRegressor,"{'mode': 'original', 'type': 'QuantileRegressor'}",4,"['edges_T2W20', 'pe_T2W20', 'density_T2W20', 'z_l2_T2W20']",0.20265831454126937,0.25130325067060966,97.0,0.2269807826059395,0.02432246806467015,0.12131674137171315,1.9847231860139845,1.2902187689721671,1.3210339959182464,98.0,1.3056263824452068,0.015407613473039615,0.07725186828657861,1.9844674545084815,completed,True,COMPLETE
189,1.0285295680663842,2026-06-13 07:19:27.683644,2026-06-13 07:19:51.469486,0 days 00:00:23.785842,,,,,,19.0,log2,4.0,2.0,425.0,,,,,ExtraTreesRegressor,,,,,,8,,,,,,,,True,,,,,,,,,-0.025900701820064966,-0.015993109441223,98.0,-0.020946905630643983,0.004953796189420984,0.024837721391008375,1.9844674545084815,1.0170892525252688,1.0399698836074995,98.0,1.0285295680663842,0.011440315541115447,0.05736032714512246,1.9844674545084815,223823681339447.2,305499273198182.25,98.0,264661477268814.72,40837795929367.516,204755657829161.3,1.9844674545084815,3.060298406517198,3.166733585327478,98.0,3.113515995922338,0.053217589405140014,0.26682641114075456,1.9844674545084815,0.9002578468086749,0.9270013742351327,98.0,0.9136296105219038,0.013371763713228879,0.0670443693918692,1.9844674545084815,99.0,0.1414141414141414,0.04416820580769823,0.06128998893633032,98.0,0.052729097372014276,0.008560891564316048,0.0429232514626261,1.9844674545084815,ExtraTreesRegressor,"{'mode': 'original', 'type': 'ExtraTreesRegressor'}",8,"['edges_T2W20', 'l1_T2W20', 'l2_T2W20', 'l3_T2W20', 'lsc_T2W20', 'atd_T2W20', 'z_l3_T2W20', 'z_lsc_T2W20']",0.22802954222372418,0.2680722901052197,98.0,0.24805091616447195,0.020021373940747766,0.10038469262571999,1.9844674545084815,1.2814044220891618,1.3124904756426103,98.0,1.296947448865886,0.01554302677672417,0.07793081384286443,1.9844674545084815,completed,True,COMPLETE
190,1.4151750084562584,2026-06-13 07:19:51.481882,2026-06-13 07:19:51.629009,0 days 00:00:00.147127,8.0,2.0,3.0,,,,,,,,,,,,DecisionTreeRegressor,,,,,,21,,,,,,,,False,,,,,,,,,,,,,,,,,,,,,,,,,,,,,,,,,,,,,,,,,,,,,,,,,,,,,DecisionTreeRegressor,"{'mode': 'original', 'type': 'DecisionTreeRegressor'}",21,"['edges_T2W20', 're_T2W20', 'pe_T2W20', 'l1_T2W20', 'l2_T2W20', 'l3_T2W20', 'lcc_T2W20', 'lsc_T2W20', 'atd_T2W20', 'density_T2W20', 'diameter_T2W20', 'asp_T2W20', 'z_re_T2W20', 'z_pe_T2W20', 'z_l1_T2W20', 'z_l2_T2W20', 'z_l3_T2W20', 'z_lsc_T2W20', 'z_density_T2W20', 'z_diameter_T2W20', 'z_asp_T2W20']",,,,,,,,,,,,,,,pruned,False,PRUNED
191,1.1796070779434216,2026-06-13 07:19:51.638285,2026-06-13 07:19:52.029928,0 days 00:00:00.391643,,,,,,,,,,,manhattan,6.0,distance,,KNeighborsRegressor,,,,,,9,10.0,3.0,9.0,40.0,,,ExtraTrees,,,,,,,,,,,,,,,,,,,,,,,,,,,,,,,,,,,,,,,,,,,,,,,,,,,,,,KNeighborsRegressor,"{'mode': 'proxy', 'type': 'ExtraTrees'}",9,"['edges_T2W20', 'l3_T2W20', 'lcc_T2W20', 'lsc_T2W20', 'z_re_T2W20', 'z_l2_T2W20', 'z_l3_T2W20', 'z_lsc_T2W20', 'z_density_T2W20']",,,,,,,,,,,,,,,pruned,True,PRUNED
192,1.0436207836725897,2026-06-13 07:19:52.081503,2026-06-13 07:20:15.217250,0 days 00:00:23.135747,,,,,,,,,,,,,,,XGBRegressor,,,,,,22,,,,,,,,True,gbtree,0.7995222935751908,0.005450361842724383,10.0,84.0,0.0041005206621905965,0.006863464331724661,0.5460334930412377,-0.04017132277791078,-0.0317308257697129,98.0,-0.03595107427381184,0.004220248504098939,0.02115980402453359,1.9844674545084815,1.032396833296098,1.0548447340490814,98.0,1.0436207836725897,0.011223950376491786,0.05627549897049579,1.9844674545084815,230820847389461.56,315699489092236.44,98.0,273260168240849.0,42439320851387.44,212785505705994.66,1.9844674545084815,3.0318673688578532,3.099029551047684,98.0,3.0654484599527687,0.033581091094915416,0.16837143732372065,1.9844674545084815,0.9720717956981075,0.9910848562708003,98.0,0.9815783259844539,0.009506530286346392,0.04766456705499894,1.9844674545084815,99.0,0.32323232323232326,0.00584602990318837,0.018777990153025687,98.0,0.012312010028107029,0.006465980124918658,0.03241962461142323,1.9844674545084815,XGBRegressor,"{'mode': 'original', 'type': 'XGBRegressor'}",22,"['nodes_T2W20', 'edges_T2W20', 're_T2W20', 'pe_T2W20', 'l1_T2W20', 'l2_T2W20', 'l3_T2W20', 'lcc_T2W20', 'lsc_T2W20', 'atd_T2W20', 'density_T2W20', 'diameter_T2W20', 'asp_T2W20', 'z_re_T2W20', 'z_pe_T2W20', 'z_l1_T2W20', 'z_l2_T2W20', 'z_l3_T2W20', 'z_lsc_T2W20', 'z_density_T2W20', 'z_diameter_T2W20', 'z_asp_T2W20']",0.0913206909189226,0.13836007099823572,98.0,0.11484038095857915,0.02351969003965655,0.11792481686174183,1.9844674545084815,1.3091135296653558,1.3398099870197504,98.0,1.324461758342553,0.015348228677197377,0.0769541202651438,1.9844674545084815,completed,True,COMPLETE
193,1.3453146697332463,2026-06-13 07:20:15.231201,2026-06-13 07:20:17.204783,0 days 00:00:01.973582,,,,,,,,,,,,,,,XGBRegressor,,,,,,2,,,,,,,,True,gbtree,0.6013163170676716,0.066755502433454,10.0,119.0,0.0019421055975565888,0.02042943471222008,0.9414969124148865,,,,,,,,,,,,,,,,,,,,,,,,,,,,,,,,,,,,,,,,,,,,,XGBRegressor,"{'mode': 'original', 'type': 'XGBRegressor'}",2,"['z_lsc_T2W20', 'z_density_T2W20']",,,,,,,,,,,,,,,pruned,True,PRUNED
