number,value,datetime_start,datetime_complete,duration,params_dt_max_depth,params_dt_min_samples_leaf,params_dt_min_samples_split,params_elastic_alpha,params_elastic_l1_ratio,params_et_max_depth,params_et_max_features,params_et_min_samples_leaf,params_et_min_samples_split,params_et_n_estimators,params_knn_metric,params_knn_n_neighbors,params_knn_weights,params_quantile_alpha,params_regressor,params_rf_max_depth,params_rf_max_features,params_rf_min_samples_leaf,params_rf_min_samples_split,params_rf_n_estimators,params_rfe_n_features,params_rfe_proxy_et_max_depth,params_rfe_proxy_et_min_samples_leaf,params_rfe_proxy_et_min_samples_split,params_rfe_proxy_et_n_estimators,params_rfe_proxy_lsvr_C,params_rfe_proxy_lsvr_epsilon,params_rfe_proxy_type,params_use_scaler,params_xgb_booster,params_xgb_colsample_bytree,params_xgb_learning_rate,params_xgb_max_depth,params_xgb_n_estimators,params_xgb_reg_alpha,params_xgb_reg_lambda,params_xgb_subsample,user_attrs_d2mae_ci_lower_val,user_attrs_d2mae_ci_upper_val,user_attrs_d2mae_df_val,user_attrs_d2mae_mean_val,user_attrs_d2mae_samperror_val,user_attrs_d2mae_std_val,user_attrs_d2mae_t_critical_val,user_attrs_mae_ci_lower_val,user_attrs_mae_ci_upper_val,user_attrs_mae_df_val,user_attrs_mae_mean_val,user_attrs_mae_samperror_val,user_attrs_mae_std_val,user_attrs_mae_t_critical_val,user_attrs_mape_ci_lower_val,user_attrs_mape_ci_upper_val,user_attrs_mape_df_val,user_attrs_mape_mean_val,user_attrs_mape_samperror_val,user_attrs_mape_std_val,user_attrs_mape_t_critical_val,user_attrs_max_error_ci_lower_val,user_attrs_max_error_ci_upper_val,user_attrs_max_error_df_val,user_attrs_max_error_mean_val,user_attrs_max_error_samperror_val,user_attrs_max_error_std_val,user_attrs_max_error_t_critical_val,user_attrs_median_ae_ci_lower_val,user_attrs_median_ae_ci_upper_val,user_attrs_median_ae_df_val,user_attrs_median_ae_mean_val,user_attrs_median_ae_samperror_val,user_attrs_median_ae_std_val,user_attrs_median_ae_t_critical_val,user_attrs_n_splits_val,user_attrs_r2_below_zero_val,user_attrs_r2_ci_lower_val,user_attrs_r2_ci_upper_val,user_attrs_r2_df_val,user_attrs_r2_mean_val,user_attrs_r2_samperror_val,user_attrs_r2_std_val,user_attrs_r2_t_critical_val,user_attrs_regressor_final,user_attrs_rfe_estimator,user_attrs_rfe_n_features,user_attrs_rfe_selected_features,user_attrs_rho_ci_lower_val,user_attrs_rho_ci_upper_val,user_attrs_rho_df_val,user_attrs_rho_mean_val,user_attrs_rho_samperror_val,user_attrs_rho_std_val,user_attrs_rho_t_critical_val,user_attrs_rmse_ci_lower_val,user_attrs_rmse_ci_upper_val,user_attrs_rmse_df_val,user_attrs_rmse_mean_val,user_attrs_rmse_samperror_val,user_attrs_rmse_std_val,user_attrs_rmse_t_critical_val,user_attrs_termination_reason,user_attrs_use_scaler_final,state
89,1.0580020045934875,2026-06-13 07:10:48.813727,2026-06-13 07:10:51.796779,0 days 00:00:02.983052,,,,,,,,,,,,,,,LinearRegression,,,,,,4,,,,,,,,False,,,,,,,,,-0.05763855867805376,-0.04373287067988514,98.0,-0.05068571467896945,0.006952843999084308,0.0348606998594719,1.9844674545084815,1.0471834176974195,1.0688205914895554,98.0,1.0580020045934875,0.010818586896068008,0.0542430566164166,1.9844674545084815,238158142771981.25,324336584550582.06,98.0,281247363661281.66,43089220889300.42,216044024114192.5,1.9844674545084815,3.0670920950835345,3.124662584916445,98.0,3.0958773399999897,0.02878524491645502,0.14432565775186176,1.9844674545084815,0.9725908380556284,0.9891274704016692,98.0,0.9808591542286488,0.008268316173020368,0.041456314637411916,1.9844674545084815,99.0,0.6060606060606061,-0.036489380084431075,-0.016480420597476172,98.0,-0.026484900340953625,0.010004479743477453,0.05016122404493271,1.9844674545084815,LinearRegression,"{'mode': 'original', 'type': 'LinearRegression'}",4,"['diameter_T2W20', 'asp_T2W20', 'z_diameter_T2W20', 'z_asp_T2W20']",0.014683244426412896,0.06309656512730114,98.0,0.03888990477685701,0.024206660350444116,0.12136920103315248,1.9844674545084815,1.3358069597490754,1.3626657735199872,98.0,1.3492363666345313,0.013429406885455868,0.06733338512790722,1.9844674545084815,completed,False,COMPLETE
90,1.0893424990647214,2026-06-13 07:10:51.809199,2026-06-13 07:10:54.853993,0 days 00:00:03.044794,,,,,,,,,,,minkowski,9.0,uniform,,KNeighborsRegressor,,,,,,21,11.0,1.0,8.0,60.0,,,ExtraTrees,,,,,,,,,,-0.09273961269750705,-0.07010283080791735,98.0,-0.0814212217527122,0.01131839094479485,0.05674901229922927,1.9844674545084815,1.0738389877429262,1.1048460103865165,98.0,1.0893424990647214,0.015503511321795092,0.07773268823925898,1.9844674545084815,232648032582192.12,319139800550557.44,98.0,275893916566374.78,43245883984182.66,216829513495295.38,1.9844674545084815,3.1951726176733515,3.3008992117318114,98.0,3.2480359147025815,0.052863297029230163,0.2650500329880563,1.9844674545084815,0.9027328781047389,0.9536083115697841,98.0,0.9281705948372615,0.02543771673252261,0.1275415654715575,1.9844674545084815,99.0,0.7878787878787878,-0.07902119877954998,-0.04406524486657659,98.0,-0.061543221823063286,0.017477976956486698,0.08763241472282325,1.9844674545084815,KNeighborsRegressor,"{'mode': 'proxy', 'type': 'ExtraTrees'}",21,"['nodes_T2W20', 'edges_T2W20', 're_T2W20', 'pe_T2W20', 'l1_T2W20', 'l2_T2W20', 'l3_T2W20', 'lcc_T2W20', 'lsc_T2W20', 'density_T2W20', 'diameter_T2W20', 'asp_T2W20', 'z_re_T2W20', 'z_pe_T2W20', 'z_l1_T2W20', 'z_l2_T2W20', 'z_l3_T2W20', 'z_lsc_T2W20', 'z_density_T2W20', 'z_diameter_T2W20', 'z_asp_T2W20']",0.04070983986352328,0.09565200707036106,98.0,0.06818092346694217,0.02747108360341889,0.13773661546834218,1.9844674545084815,1.3538519771838984,1.3894512298457045,98.0,1.3716516035148014,0.01779962633090312,0.08924512490343343,1.9844674545084815,completed,True,COMPLETE
91,1.1920988255403562,2026-06-13 07:10:54.867206,2026-06-13 07:10:57.160440,0 days 00:00:02.293234,,,,,,,,,,,,,,,LinearRegression,,,,,,22,,,,,,,,True,,,,,,,,,-0.20793100538402715,-0.15835833908745067,98.0,-0.1831446722357389,0.024786333148288226,0.12427560874559436,1.9844674545084815,1.1638914802349807,1.2203061708457317,98.0,1.1920988255403562,0.028207345305375418,0.14142814057854322,1.9844674545084815,233109683887894.94,316566290801341.44,98.0,274837987344618.2,41728303456723.266,209220552430253.75,1.9844674545084815,4.201708396565473,5.523084847929369,98.0,4.862396622247421,0.6606882256819483,3.3126090473508056,1.9844674545084815,0.9654415434611996,1.0123174111682278,98.0,0.9888794773147137,0.023437933853514097,0.11751490145631312,1.9844674545084815,99.0,0.8181818181818182,-0.5928797974228024,-0.3041338074883777,98.0,-0.44850680245559005,0.14437299496721237,0.7238683402112687,1.9844674545084815,LinearRegression,"{'mode': 'original', 'type': 'LinearRegression'}",22,"['nodes_T2W20', 'edges_T2W20', 're_T2W20', 'pe_T2W20', 'l1_T2W20', 'l2_T2W20', 'l3_T2W20', 'lcc_T2W20', 'lsc_T2W20', 'atd_T2W20', 'density_T2W20', 'diameter_T2W20', 'asp_T2W20', 'z_re_T2W20', 'z_pe_T2W20', 'z_l1_T2W20', 'z_l2_T2W20', 'z_l3_T2W20', 'z_lsc_T2W20', 'z_density_T2W20', 'z_diameter_T2W20', 'z_asp_T2W20']",0.09156057551389393,0.15080586681657265,98.0,0.12118322116523329,0.029622645651339354,0.14852428146393534,1.9844674545084815,1.5018669203354142,1.6436196289166505,98.0,1.5727432746260324,0.07087635429061823,0.35536527417906116,1.9844674545084815,completed,True,COMPLETE
92,1.094366281866282,2026-06-13 07:10:57.176157,2026-06-13 07:10:59.289548,0 days 00:00:02.113391,,,,,,,,,,,minkowski,14.0,uniform,,KNeighborsRegressor,,,,,,9,,,,,0.0010544710041137256,0.0019876655910112248,LinearSVR,,,,,,,,,,-0.09371068694494522,-0.07820075999297182,98.0,-0.08595572346895852,0.007754963475986701,0.03888242770773278,1.9844674545084815,1.0798112611879185,1.1089213025446456,98.0,1.094366281866282,0.014555020678363537,0.07297707346571602,1.9844674545084815,249286328291685.97,341418492963049.06,98.0,295352410627367.5,46066082335681.54,230969639217766.3,1.9844674545084815,3.2280491883594986,3.3347213744110635,98.0,3.281385281385281,0.0533360930257826,0.2674205736377164,1.9844674545084815,0.9387910198182594,0.977514896487657,98.0,0.9581529581529582,0.019361938334698837,0.09707836405828078,1.9844674545084815,99.0,0.8484848484848485,-0.07706422549428386,-0.050314146723856104,98.0,-0.06368918610906998,0.013375039385213883,0.0670607932060555,1.9844674545084815,KNeighborsRegressor,"{'mode': 'proxy', 'type': 'LinearSVR'}",9,"['pe_T2W20', 'l2_T2W20', 'l3_T2W20', 'lsc_T2W20', 'z_re_T2W20', 'z_pe_T2W20', 'z_l2_T2W20', 'z_l3_T2W20', 'z_density_T2W20']",-0.0119078075028192,0.03977700876024799,98.0,0.013934600628714397,0.025842408131533597,0.1295706380925583,1.9844674545084815,1.3560351274386868,1.3923541059420617,98.0,1.3741946166903742,0.018159489251687443,0.09104943307914791,1.9844674545084815,completed,True,COMPLETE
93,1.0289612131518935,2026-06-13 07:10:59.305102,2026-06-13 07:11:01.768300,0 days 00:00:02.463198,,,,0.1251560159806257,0.46349404380057235,,,,,,,,,,ElasticNet,,,,,,9,,,,,,,,False,,,,,,,,,-0.026400118279499448,-0.016599944893402736,98.0,-0.021500031586451092,0.004900086693048357,0.024568428619173407,1.9844674545084815,1.0180678808702628,1.0398545454335242,98.0,1.0289612131518935,0.010893332281630733,0.054617820734858755,1.9844674545084815,231369680749928.6,315403603229201.6,98.0,273386641989565.1,42016961239636.5,210667846851581.75,1.9844674545084815,2.988572350874744,3.0354774308977266,98.0,3.0120248908862353,0.02345254001149121,0.11758813492586995,1.9844674545084815,0.9682433982038785,0.9815943053686675,98.0,0.974918851786273,0.006675453582394532,0.03346989861880122,1.9844674545084815,99.0,0.21212121212121213,0.013739944900536857,0.025797291255544426,98.0,0.01976861807804064,0.006028673177503784,0.030227021664729833,1.9844674545084815,ElasticNet,"{'mode': 'original', 'type': 'ElasticNet'}",9,"['lcc_T2W20', 'z_pe_T2W20', 'z_l1_T2W20', 'z_l2_T2W20', 'z_l3_T2W20', 'z_lsc_T2W20', 'z_density_T2W20', 'z_diameter_T2W20', 'z_asp_T2W20']",0.12059068886273201,0.17337587193104603,98.0,0.14698328039688902,0.026392591534157003,0.13232918962471457,1.9844674545084815,1.305126987533739,1.3332121291365289,98.0,1.319169558335134,0.014042570801394883,0.07040771316417894,1.9844674545084815,completed,False,COMPLETE
94,1.1441806479059862,2026-06-13 07:11:01.782921,2026-06-13 07:11:04.550237,0 days 00:00:02.767316,,,,,,,,,,,,,,,LinearRegression,,,,,,18,,,,,,,,False,,,,,,,,,-0.15544540285997727,-0.11535449894633487,98.0,-0.13539995090315607,0.020045451956821204,0.10050541682025939,1.9844674545084815,1.12013511159913,1.1682261842128423,98.0,1.1441806479059862,0.024045536306856123,0.1205613450069846,1.9844674545084815,232060743494232.66,315482100140289.9,98.0,273771421817261.25,41710678323028.59,209132182189846.5,1.9844674545084815,3.4752279436091302,4.267770398855749,98.0,3.87149917123244,0.39627122762330946,1.9868549230990955,1.9844674545084815,0.9435749315850304,0.9931265057090675,98.0,0.9683507186470489,0.024775787062018603,0.1242227319734151,1.9844674545084815,99.0,0.7373737373737373,-0.2984671950735902,-0.13000811951498603,98.0,-0.21423765729428812,0.08422953777930209,0.4223164846231285,1.9844674545084815,LinearRegression,"{'mode': 'original', 'type': 'LinearRegression'}",18,"['nodes_T2W20', 'edges_T2W20', 'pe_T2W20', 'l1_T2W20', 'l2_T2W20', 'l3_T2W20', 'lcc_T2W20', 'atd_T2W20', 'density_T2W20', 'diameter_T2W20', 'asp_T2W20', 'z_l1_T2W20', 'z_l2_T2W20', 'z_l3_T2W20', 'z_lsc_T2W20', 'z_density_T2W20', 'z_diameter_T2W20', 'z_asp_T2W20']",0.1108284172605482,0.16932159649155687,98.0,0.14007500687605254,0.029246589615504325,0.14663878301217745,1.9844674545084815,1.4078075248756468,1.5007121486645876,98.0,1.4542598367701172,0.046452311894470404,0.23290614645531807,1.9844674545084815,completed,False,COMPLETE
95,1.1696708555538289,2026-06-13 07:11:04.564615,2026-06-13 07:11:08.255913,0 days 00:00:03.691298,,,,,,,,,,,,,,0.00020014140832964604,QuantileRegressor,,,,,,21,,,,,,,,False,,,,,,,,,-0.1853885708839179,-0.13482284810170575,98.0,-0.16010570949281183,0.02528286139110607,0.12676513994274238,1.9844674545084815,1.1397589264192143,1.1995827846884435,98.0,1.1696708555538289,0.0299119291346145,0.14997471306948923,1.9844674545084815,229943459588626.84,313966593803215.4,98.0,271955026695921.12,42011567107294.28,210640801339182.94,1.9844674545084815,4.228674270384696,5.6744814690029415,98.0,4.951577869693819,0.7229035993091233,3.6245492357035847,1.9844674545084815,0.9701539371358248,1.012606344514916,98.0,0.9913801408253704,0.021226203689545652,0.1064255599686573,1.9844674545084815,99.0,0.797979797979798,-0.5965737692958372,-0.29482844192798485,98.0,-0.445701105611911,0.15087266368392618,0.7564568752552305,1.9844674545084815,QuantileRegressor,"{'mode': 'original', 'type': 'QuantileRegressor'}",21,"['nodes_T2W20', 'edges_T2W20', 're_T2W20', 'pe_T2W20', 'l1_T2W20', 'l2_T2W20', 'l3_T2W20', 'lcc_T2W20', 'lsc_T2W20', 'atd_T2W20', 'diameter_T2W20', 'asp_T2W20', 'z_re_T2W20', 'z_pe_T2W20', 'z_l1_T2W20', 'z_l2_T2W20', 'z_l3_T2W20', 'z_lsc_T2W20', 'z_density_T2W20', 'z_diameter_T2W20', 'z_asp_T2W20']",0.03431747745749068,0.09121691799489746,98.0,0.06276719772619407,0.02844972026870339,0.14264337866689092,1.9844674545084815,1.4902230942809085,1.6453340479310665,98.0,1.5677785711059875,0.0775554768250791,0.3888535684697343,1.9844674545084815,completed,False,COMPLETE
96,1.4316666666666666,2026-06-13 07:11:08.268839,2026-06-13 07:11:08.382240,0 days 00:00:00.113401,15.0,3.0,7.0,,,,,,,,,,,,DecisionTreeRegressor,,,,,,4,,,,,,,,False,,,,,,,,,,,,,,,,,,,,,,,,,,,,,,,,,,,,,,,,,,,,,,,,,,,,,DecisionTreeRegressor,"{'mode': 'original', 'type': 'DecisionTreeRegressor'}",4,"['density_T2W20', 'z_re_T2W20', 'z_pe_T2W20', 'z_lsc_T2W20']",,,,,,,,,,,,,,,pruned,False,PRUNED
97,1.0521271089337958,2026-06-13 07:11:08.415340,2026-06-13 07:11:30.166093,0 days 00:00:21.750753,,,,,,12.0,sqrt,4.0,2.0,413.0,,,,,ExtraTreesRegressor,,,,,,20,,,,,,,,True,,,,,,,,,-0.04952145174000444,-0.039277570017811125,98.0,-0.04439951087890778,0.005121940861096655,0.025680777978072174,1.9844674545084815,1.0405287505474252,1.0637254673201664,98.0,1.0521271089337958,0.011598358386370466,0.05815273442394215,1.9844674545084815,229664899945417.94,314321125017030.0,98.0,271993012481223.97,42328112535806.03,212227920966300.88,1.9844674545084815,3.0632896010454793,3.149970545012682,98.0,3.1066300730290806,0.043340471983601456,0.21730376602540835,1.9844674545084815,0.9505301156770354,0.9764480712231494,98.0,0.9634890934500924,0.012958977773056997,0.06497471174264867,1.9844674545084815,99.0,0.32323232323232326,0.001773625971377828,0.018120842785756097,98.0,0.009947234378566962,0.008173608407189134,0.04098146161332009,1.9844674545084815,ExtraTreesRegressor,"{'mode': 'original', 'type': 'ExtraTreesRegressor'}",20,"['nodes_T2W20', 'edges_T2W20', 're_T2W20', 'pe_T2W20', 'l1_T2W20', 'l2_T2W20', 'l3_T2W20', 'lcc_T2W20', 'lsc_T2W20', 'atd_T2W20', 'density_T2W20', 'diameter_T2W20', 'asp_T2W20', 'z_pe_T2W20', 'z_l1_T2W20', 'z_l2_T2W20', 'z_l3_T2W20', 'z_lsc_T2W20', 'z_density_T2W20', 'z_diameter_T2W20']",0.09374541435492847,0.1380908882271947,98.0,0.11591815129106159,0.022172736936133114,0.11117136059652162,1.9844674545084815,1.3104673674766516,1.3412435720343623,98.0,1.325855469755507,0.0153881022788554,0.07715404157215133,1.9844674545084815,completed,True,COMPLETE
98,1.0591152340125716,2026-06-13 07:11:30.178526,2026-06-13 07:11:32.179424,0 days 00:00:02.000898,,,,,,,,,,,manhattan,16.0,distance,,KNeighborsRegressor,,,,,,6,3.0,5.0,10.0,60.0,,,ExtraTrees,,,,,,,,,,-0.05976084915421155,-0.04305616464800793,98.0,-0.05140850690110974,0.008352342253101809,0.041877611010302324,1.9844674545084815,1.0458896074221629,1.0723408606029803,98.0,1.0591152340125716,0.013225626590408648,0.06631165593279637,1.9844674545084815,227977065163730.88,313513376294144.6,98.0,270745220728937.75,42768155565206.875,214434242289663.8,1.9844674545084815,3.0840786455301212,3.1983994995955345,98.0,3.141239072562828,0.05716042703270653,0.286595311341497,1.9844674545084815,0.8717350125674577,0.908810679178079,98.0,0.8902728458727683,0.018537833305310638,0.0929464033691057,1.9844674545084815,99.0,0.37373737373737376,0.004744097153034766,0.033394468770917556,98.0,0.019069282961976162,0.014325185808941395,0.07182470985720972,1.9844674545084815,KNeighborsRegressor,"{'mode': 'proxy', 'type': 'ExtraTrees'}",6,"['nodes_T2W20', 'edges_T2W20', 'l2_T2W20', 'l3_T2W20', 'atd_T2W20', 'z_lsc_T2W20']",0.2035514735469645,0.24675740722018813,98.0,0.22515444038357632,0.021602966836611805,0.1083146037886701,1.9844674545084815,1.3019829474620759,1.3362138238367793,98.0,1.3190983856494276,0.017115438187351735,0.08581469017443688,1.9844674545084815,completed,True,COMPLETE
99,1.0997606544072598,2026-06-13 07:11:32.191761,2026-06-13 07:11:34.895073,0 days 00:00:02.703312,,,,,,,,,,,,,,0.00048105946370578004,QuantileRegressor,,,,,,16,,,,,,,,False,,,,,,,,,-0.11073313828185936,-0.07088289894380774,98.0,-0.09080801861283355,0.019925119669025812,0.09990208561236934,1.9844674545084815,1.0747944858284466,1.124726822986073,98.0,1.0997606544072598,0.024966168578813185,0.12517728135157474,1.9844674545084815,222418866641097.44,303764779802802.9,98.0,263091823221950.16,40672956580852.72,203929173723612.28,1.9844674545084815,3.6755724658194504,4.7368436782021694,98.0,4.20620807201081,0.5306356061913595,2.6605412985854637,1.9844674545084815,0.9555119152121592,0.9860755562876808,98.0,0.97079373574992,0.015281820537760785,0.07662115806759846,1.9844674545084815,99.0,0.6464646464646465,-0.31298256698572363,-0.11420302485181287,98.0,-0.21359279591876826,0.09938977106695539,0.4983280192570222,1.9844674545084815,QuantileRegressor,"{'mode': 'original', 'type': 'QuantileRegressor'}",16,"['edges_T2W20', 're_T2W20', 'pe_T2W20', 'l1_T2W20', 'l2_T2W20', 'l3_T2W20', 'lsc_T2W20', 'atd_T2W20', 'asp_T2W20', 'z_re_T2W20', 'z_pe_T2W20', 'z_l2_T2W20', 'z_lsc_T2W20', 'z_density_T2W20', 'z_diameter_T2W20', 'z_asp_T2W20']",0.09101866661380115,0.14300088917879486,98.0,0.117009777896298,0.025991111282496857,0.130316217299365,1.9844674545084815,1.3922631452133276,1.508496138012242,98.0,1.4503796416127848,0.0581164963994571,0.2913889248963986,1.9844674545084815,completed,False,COMPLETE
100,1.026120337026916,2026-06-13 07:11:34.907438,2026-06-13 07:11:40.771389,0 days 00:00:05.863951,,,,,,3.0,,1.0,11.0,85.0,,,,,ExtraTreesRegressor,,,,,,3,,,,,,,,True,,,,,,,,,-0.025846510193652673,-0.011194272089639204,98.0,-0.01852039114164594,0.007326119052006735,0.03673225480686767,1.9844674545084815,1.013377155995722,1.03886351805811,98.0,1.026120337026916,0.012743181031194081,0.06389273356943986,1.9844674545084815,222115450032017.84,302448492182356.3,98.0,262281971107187.06,40166521075169.23,201389968735820.62,1.9844674545084815,3.0298972314677615,3.157586304387711,98.0,3.093741767927736,0.06384453645997482,0.3201086092959102,1.9844674545084815,0.8660836805248461,0.8936114931481708,98.0,0.8798475868365084,0.013763906311662303,0.06901052387885344,1.9844674545084815,99.0,0.1111111111111111,0.026851817916984565,0.04898594139480134,98.0,0.037918879655892954,0.01106706173890839,0.0554888787461852,1.9844674545084815,ExtraTreesRegressor,"{'mode': 'original', 'type': 'ExtraTreesRegressor'}",3,"['edges_T2W20', 'l2_T2W20', 'z_l2_T2W20']",0.16328359746584956,0.20921155070645706,98.0,0.1862475740861533,0.022963976620303746,0.11513853850967606,1.9844674545084815,1.2905650378173799,1.3231675386399684,98.0,1.3068662882286741,0.016301250411294328,0.081732453366862,1.9844674545084815,completed,True,COMPLETE
101,1.182029077258791,2026-06-13 07:11:40.785491,2026-06-13 07:11:40.992148,0 days 00:00:00.206657,,,,,,,,,,,euclidean,7.0,distance,,KNeighborsRegressor,,,,,,16,8.0,1.0,12.0,20.0,,,ExtraTrees,,,,,,,,,,,,,,,,,,,,,,,,,,,,,,,,,,,,,,,,,,,,,,,,,,,,,,KNeighborsRegressor,"{'mode': 'proxy', 'type': 'ExtraTrees'}",16,"['edges_T2W20', 're_T2W20', 'l1_T2W20', 'l2_T2W20', 'l3_T2W20', 'lcc_T2W20', 'lsc_T2W20', 'atd_T2W20', 'density_T2W20', 'z_re_T2W20', 'z_pe_T2W20', 'z_l1_T2W20', 'z_l2_T2W20', 'z_l3_T2W20', 'z_lsc_T2W20', 'z_density_T2W20']",,,,,,,,,,,,,,,pruned,True,PRUNED
102,1.1589359001566966,2026-06-13 07:11:41.001271,2026-06-13 07:11:41.844303,0 days 00:00:00.843032,,,,,,,,,,,,,,,XGBRegressor,,,,,,17,,,,,,,,True,gbtree,0.7699785651402797,0.28741006847416,3.0,230.0,0.37870378817184325,0.0004882270025709819,0.9635004839621477,,,,,,,,,,,,,,,,,,,,,,,,,,,,,,,,,,,,,,,,,,,,,XGBRegressor,"{'mode': 'original', 'type': 'XGBRegressor'}",17,"['edges_T2W20', 're_T2W20', 'l1_T2W20', 'l2_T2W20', 'l3_T2W20', 'lcc_T2W20', 'lsc_T2W20', 'density_T2W20', 'diameter_T2W20', 'asp_T2W20', 'z_pe_T2W20', 'z_l1_T2W20', 'z_l2_T2W20', 'z_l3_T2W20', 'z_lsc_T2W20', 'z_diameter_T2W20', 'z_asp_T2W20']",,,,,,,,,,,,,,,pruned,True,PRUNED
