number,value,datetime_start,datetime_complete,duration,params_dt_max_depth,params_dt_min_samples_leaf,params_dt_min_samples_split,params_elastic_alpha,params_elastic_l1_ratio,params_et_max_depth,params_et_max_features,params_et_min_samples_leaf,params_et_min_samples_split,params_et_n_estimators,params_knn_metric,params_knn_n_neighbors,params_knn_weights,params_quantile_alpha,params_regressor,params_rf_max_depth,params_rf_max_features,params_rf_min_samples_leaf,params_rf_min_samples_split,params_rf_n_estimators,params_rfe_n_features,params_rfe_proxy_et_max_depth,params_rfe_proxy_et_min_samples_leaf,params_rfe_proxy_et_min_samples_split,params_rfe_proxy_et_n_estimators,params_rfe_proxy_lsvr_C,params_rfe_proxy_lsvr_epsilon,params_rfe_proxy_type,params_use_scaler,params_xgb_booster,params_xgb_colsample_bytree,params_xgb_learning_rate,params_xgb_max_depth,params_xgb_n_estimators,params_xgb_reg_alpha,params_xgb_reg_lambda,params_xgb_subsample,user_attrs_d2mae_ci_lower_val,user_attrs_d2mae_ci_upper_val,user_attrs_d2mae_df_val,user_attrs_d2mae_mean_val,user_attrs_d2mae_samperror_val,user_attrs_d2mae_std_val,user_attrs_d2mae_t_critical_val,user_attrs_mae_ci_lower_val,user_attrs_mae_ci_upper_val,user_attrs_mae_df_val,user_attrs_mae_mean_val,user_attrs_mae_samperror_val,user_attrs_mae_std_val,user_attrs_mae_t_critical_val,user_attrs_mape_ci_lower_val,user_attrs_mape_ci_upper_val,user_attrs_mape_df_val,user_attrs_mape_mean_val,user_attrs_mape_samperror_val,user_attrs_mape_std_val,user_attrs_mape_t_critical_val,user_attrs_max_error_ci_lower_val,user_attrs_max_error_ci_upper_val,user_attrs_max_error_df_val,user_attrs_max_error_mean_val,user_attrs_max_error_samperror_val,user_attrs_max_error_std_val,user_attrs_max_error_t_critical_val,user_attrs_median_ae_ci_lower_val,user_attrs_median_ae_ci_upper_val,user_attrs_median_ae_df_val,user_attrs_median_ae_mean_val,user_attrs_median_ae_samperror_val,user_attrs_median_ae_std_val,user_attrs_median_ae_t_critical_val,user_attrs_n_splits_val,user_attrs_r2_below_zero_val,user_attrs_r2_ci_lower_val,user_attrs_r2_ci_upper_val,user_attrs_r2_df_val,user_attrs_r2_mean_val,user_attrs_r2_samperror_val,user_attrs_r2_std_val,user_attrs_r2_t_critical_val,user_attrs_regressor_final,user_attrs_rfe_estimator,user_attrs_rfe_n_features,user_attrs_rfe_selected_features,user_attrs_rho_ci_lower_val,user_attrs_rho_ci_upper_val,user_attrs_rho_df_val,user_attrs_rho_mean_val,user_attrs_rho_samperror_val,user_attrs_rho_std_val,user_attrs_rho_t_critical_val,user_attrs_rmse_ci_lower_val,user_attrs_rmse_ci_upper_val,user_attrs_rmse_df_val,user_attrs_rmse_mean_val,user_attrs_rmse_samperror_val,user_attrs_rmse_std_val,user_attrs_rmse_t_critical_val,user_attrs_termination_reason,user_attrs_use_scaler_final,state
36,1.4325797659130994,2026-06-13 07:04:43.551854,2026-06-13 07:04:46.559963,0 days 00:00:03.008109,16.0,2.0,5.0,,,,,,,,,,,,DecisionTreeRegressor,,,,,,9,,,,,,,,False,,,,,,,,,-0.4508422826784125,-0.39641217605146944,98.0,-0.42362722936494096,0.027215053313471533,0.1364529112612632,1.9844674545084815,1.4048390115830651,1.4603205202431337,98.0,1.4325797659130994,0.027740754330034235,0.13908871113777777,1.9844674545084815,184479462576276.72,260952318750351.72,98.0,222715890663314.22,38236428087037.5,191712721213944.28,1.9844674545084815,4.121288828215969,4.346724639797498,98.0,4.2340067340067336,0.11271790579076421,0.5651536382921244,1.9844674545084815,1.1750235653780712,1.2618451214906152,98.0,1.2184343434343432,0.04341077805627208,0.2176562719780792,1.9844674545084815,99.0,1.0,-0.8455388108389081,-0.7203576692072546,98.0,-0.7829482400230814,0.06259057081582672,0.31382138065098547,1.9844674545084815,DecisionTreeRegressor,"{'mode': 'original', 'type': 'DecisionTreeRegressor'}",9,"['edges_T2W20', 'l2_T2W20', 'lsc_T2W20', 'density_T2W20', 'z_re_T2W20', 'z_l3_T2W20', 'z_lsc_T2W20', 'z_density_T2W20', 'z_asp_T2W20']",0.0524711340600243,0.10511481303721437,98.0,0.07879297354861933,0.026321839488595032,0.13197444761912602,1.9844674545084815,1.7404441430992907,1.7987431883824554,98.0,1.769593665740873,0.029149522641582302,0.14615210121051347,1.9844674545084815,completed,False,COMPLETE
37,1.0177574140211694,2026-06-13 07:04:46.572598,2026-06-13 07:05:02.250493,0 days 00:00:15.677895,,,,,,4.0,,3.0,6.0,289.0,,,,,ExtraTreesRegressor,,,,,,2,,,,,,,,True,,,,,,,,,-0.017359100020388884,-0.0030702236865366534,98.0,-0.010214661853462769,0.007144438166926116,0.03582132931999743,1.9844674545084815,1.005197489472971,1.0303173385693678,98.0,1.0177574140211694,0.012559924548198364,0.06297390822949876,1.9844674545084815,216077503799437.0,294886603846261.56,98.0,255482053822849.28,39404550023412.28,197569540125542.12,1.9844674545084815,2.9829759862830056,3.0901714676080823,98.0,3.036573726945544,0.053597740662538154,0.26873244252691864,1.9844674545084815,0.8571702113311223,0.8902793094181146,98.0,0.8737247603746184,0.016554549043496233,0.08300246137986621,1.9844674545084815,99.0,0.10101010101010101,0.05427314611611272,0.0756535100929707,98.0,0.06496332810454171,0.010690181988428991,0.0535992502910803,1.9844674545084815,ExtraTreesRegressor,"{'mode': 'original', 'type': 'ExtraTreesRegressor'}",2,"['edges_T2W20', 'l3_T2W20']",0.25982079418068704,0.30773690917810936,98.0,0.2837788516793982,0.023958057498711133,0.12012273708262897,1.9844674545084815,1.2724611936660215,1.3041536802047446,98.0,1.288307436935383,0.015846243269361595,0.07945110383407769,1.9844674545084815,completed,True,COMPLETE
38,1.081168619374699,2026-06-13 07:05:02.262871,2026-06-13 07:05:21.159881,0 days 00:00:18.897010,,,,,,13.0,,3.0,10.0,292.0,,,,,ExtraTreesRegressor,,,,,,15,,,,,,,,True,,,,,,,,,-0.08228096326060232,-0.06424353170611617,98.0,-0.07326224748335924,0.009018715777243076,0.04521872544095065,1.9844674545084815,1.0671975626068728,1.0951396761425252,98.0,1.081168619374699,0.013971056767826139,0.07004915064496975,1.9844674545084815,209978600409017.25,287944863761945.06,98.0,248961732085481.16,38983131676463.9,195456600656430.34,1.9844674545084815,3.1230000617684404,3.2703323641472446,98.0,3.1966662129578425,0.07366615118940194,0.3693529707777757,1.9844674545084815,0.9340861420032712,0.9699302228210508,98.0,0.952008182412161,0.01792204040888982,0.08985889394985967,1.9844674545084815,99.0,0.42424242424242425,-0.010600317658518708,0.021049943619116683,98.0,0.005224812980298988,0.015825130638817696,0.07934524771581418,1.9844674545084815,ExtraTreesRegressor,"{'mode': 'original', 'type': 'ExtraTreesRegressor'}",15,"['edges_T2W20', 'pe_T2W20', 'l1_T2W20', 'l2_T2W20', 'l3_T2W20', 'lsc_T2W20', 'atd_T2W20', 'density_T2W20', 'z_re_T2W20', 'z_pe_T2W20', 'z_l2_T2W20', 'z_l3_T2W20', 'z_lsc_T2W20', 'z_density_T2W20', 'z_asp_T2W20']",0.153146927209284,0.1954926264011603,98.0,0.17431977680522215,0.021172849595938154,0.10615804914232922,1.9844674545084815,1.3104510807181116,1.3461065918737003,98.0,1.328278836295906,0.017827755577794344,0.08938616146822291,1.9844674545084815,completed,True,COMPLETE
39,0.9906119685796638,2026-06-13 07:05:21.171882,2026-06-13 07:05:24.588847,0 days 00:00:03.416965,,,,,,,,,,,,,,0.0026636419343091617,QuantileRegressor,,,,,,5,,,,,,,,False,,,,,,,,,0.010591480620308836,0.022848305886078547,98.0,0.01671989325319369,0.006128412632884856,0.03072710295788766,1.9844674545084815,0.9788803520979564,1.0023435850613713,98.0,0.9906119685796638,0.011731616481707438,0.05882087403213685,1.9844674545084815,222487743883141.75,302966622810025.44,98.0,262727183346583.6,40239439463441.83,201755572515819.5,1.9844674545084815,3.159710557763966,3.295076982880847,98.0,3.2273937703224065,0.06768321255844054,0.33935525647280157,1.9844674545084815,0.9919162390790761,0.9968037598218382,98.0,0.9943599994504572,0.0024437603713810376,0.01225271224931922,1.9844674545084815,99.0,0.16161616161616163,0.026399420937237607,0.04880567726722345,98.0,0.03760254910223053,0.011203128164992922,0.05617109897740404,1.9844674545084815,QuantileRegressor,"{'mode': 'original', 'type': 'QuantileRegressor'}",5,"['nodes_T2W20', 'edges_T2W20', 'pe_T2W20', 'lcc_T2W20', 'z_pe_T2W20']",0.1848244632769828,0.2346733310290338,98.0,0.2097488971530083,0.024924433876025498,0.12496802871369055,1.9844674545084815,1.2914255177273153,1.3221711667103142,98.0,1.3067983422188147,0.015372824491499395,0.07707744063595823,1.9844674545084815,completed,False,COMPLETE
40,1.0335392424511356,2026-06-13 07:05:24.609117,2026-06-13 07:05:35.438248,0 days 00:00:10.829131,,,,,,5.0,log2,5.0,9.0,166.0,,,,,ExtraTreesRegressor,,,,,,18,,,,,,,,True,,,,,,,,,-0.030136009985392755,-0.021840156179083216,98.0,-0.025988083082237986,0.004147926903154769,0.02079719246238676,1.9844674545084815,1.022664525609691,1.0444139592925803,98.0,1.0335392424511356,0.010874716841444622,0.05452448522018801,1.9844674545084815,231042748974484.7,315579671044375.6,98.0,273311210009430.16,42268461034945.47,211928835718891.22,1.9844674545084815,3.051268600880182,3.1236274869114173,98.0,3.0874480438957996,0.03617944301561757,0.18139925248091526,1.9844674545084815,0.9580572476332918,0.9749303351902607,98.0,0.9664937914117763,0.008436543778484492,0.04229978704423347,1.9844674545084815,99.0,0.23232323232323232,0.012400151825095265,0.024960375922604337,98.0,0.0186802638738498,0.006280112048754536,0.031487705066346676,1.9844674545084815,ExtraTreesRegressor,"{'mode': 'original', 'type': 'ExtraTreesRegressor'}",18,"['nodes_T2W20', 'edges_T2W20', 're_T2W20', 'pe_T2W20', 'l1_T2W20', 'l2_T2W20', 'l3_T2W20', 'lcc_T2W20', 'lsc_T2W20', 'atd_T2W20', 'density_T2W20', 'diameter_T2W20', 'asp_T2W20', 'z_l1_T2W20', 'z_l2_T2W20', 'z_l3_T2W20', 'z_lsc_T2W20', 'z_density_T2W20']",0.12006975102519825,0.16572574078900743,98.0,0.14289774590710283,0.02282799488190458,0.1144567428920372,1.9844674545084815,1.3053258785348167,1.334779118702544,98.0,1.3200524986186803,0.014726620083863568,0.07383745166088167,1.9844674545084815,completed,True,COMPLETE
41,1.3475450200913852,2026-06-13 07:05:35.453430,2026-06-13 07:05:37.499622,0 days 00:00:02.046192,11.0,1.0,12.0,,,,,,,,,,,,DecisionTreeRegressor,,,,,,9,,,,,,,,True,,,,,,,,,-0.36285309990385356,-0.31292072624754336,98.0,-0.33788691307569846,0.02496618682815512,0.12517737285151806,1.9844674545084815,1.3195593283225984,1.375530711860172,98.0,1.3475450200913852,0.027985691768786947,0.14031679716096923,1.9844674545084815,201565140635735.97,277998427024627.66,98.0,239781783830181.8,38216643194445.85,191613522209554.16,1.9844674545084815,3.967107731023466,4.200791317178613,98.0,4.0839495241010395,0.11684179307757345,0.585830299091458,1.9844674545084815,1.1289864923316113,1.2019892969636436,98.0,1.1654878946476275,0.03650140231601627,0.18301351659206788,1.9844674545084815,99.0,0.9797979797979798,-0.6394815704330046,-0.5308917730834324,98.0,-0.5851866717582185,0.054294898674786055,0.27222790657340107,1.9844674545084815,DecisionTreeRegressor,"{'mode': 'original', 'type': 'DecisionTreeRegressor'}",9,"['edges_T2W20', 'l2_T2W20', 'density_T2W20', 'diameter_T2W20', 'z_re_T2W20', 'z_l3_T2W20', 'z_lsc_T2W20', 'z_density_T2W20', 'z_asp_T2W20']",0.053464955738247597,0.11271715659939001,98.0,0.0830910561688188,0.029626100430571203,0.14854160329970473,1.9844674545084815,1.6390754373673369,1.701555184949963,98.0,1.67031531115865,0.03123987379131312,0.15663286333336066,1.9844674545084815,completed,True,COMPLETE
42,0.9947968385909782,2026-06-13 07:05:37.518231,2026-06-13 07:05:40.017747,0 days 00:00:02.499516,,,,,,,,,,,,,,0.011460526527150103,QuantileRegressor,,,,,,9,,,,,,,,True,,,,,,,,,0.007553840690122823,0.017755915930705385,98.0,0.012654878310414104,0.005101037620291281,0.025575971714059575,1.9844674545084815,0.9832184896424581,1.0063751875394984,98.0,0.9947968385909782,0.011578348948520167,0.05805240957739764,1.9844674545084815,220566543761389.12,300024649062189.94,98.0,260295596411789.53,39729052650400.4,199196556161646.6,1.9844674545084815,3.1056760262431187,3.215999495405791,98.0,3.160837760824455,0.05516173458133617,0.27657411459556247,1.9844674545084815,0.9886198674311301,0.994879811505552,98.0,0.991749839468341,0.0031299720372109678,0.015693292668744124,1.9844674545084815,99.0,0.13131313131313133,0.03117394801178289,0.04707565969316636,98.0,0.039124803852474625,0.007950855840691735,0.03986460779571458,1.9844674545084815,QuantileRegressor,"{'mode': 'original', 'type': 'QuantileRegressor'}",9,"['edges_T2W20', 'pe_T2W20', 'l1_T2W20', 'l3_T2W20', 'density_T2W20', 'z_l2_T2W20', 'z_lsc_T2W20', 'z_density_T2W20', 'z_asp_T2W20']",0.18696131360308074,0.238074060574371,97.0,0.21251768708872587,0.025556373485645125,0.12747127241829778,1.9847231860139845,1.2909407424097292,1.3215278600716265,98.0,1.3062343012406779,0.01529355883094853,0.07668001241780888,1.9844674545084815,completed,True,COMPLETE
43,1.0075757575757578,2026-06-13 07:05:40.029957,2026-06-13 07:05:42.236988,0 days 00:00:02.207031,,,,,,,,,,,,,,1.6186162039332974,QuantileRegressor,,,,,,4,,,,,,,,True,,,,,,,,,0.0,0.0,98.0,0.0,0.0,0.0,1.9844674545084815,0.9969166374215648,1.0182348777299508,98.0,1.0075757575757578,0.010659120154193034,0.053443510096056954,1.9844674545084815,243249413827922.25,331073265925134.4,98.0,287161339876528.3,43911926048606.08,220168966027914.5,1.9844674545084815,2.969853864095874,3.009944115702106,98.0,2.98989898989899,0.02004512580311598,0.10050378152592122,1.9844674545084815,1.0,1.0,98.0,1.0,0.0,0.0,1.9844674545084815,99.0,0.8787878787878788,-0.0030948902600817954,-0.0016582379893588322,98.0,-0.002376564124720314,0.0007183261353614816,0.0036015983976267767,1.9844674545084815,QuantileRegressor,"{'mode': 'original', 'type': 'QuantileRegressor'}",4,"['z_lsc_T2W20', 'z_density_T2W20', 'z_diameter_T2W20', 'z_asp_T2W20']",,,,,,,,1.3196611267084086,1.3492364416432259,98.0,1.3344487841758172,0.014787657467408713,0.07414348555266105,1.9844674545084815,completed,True,COMPLETE
44,1.0197449532847167,2026-06-13 07:05:42.248952,2026-06-13 07:06:06.089763,0 days 00:00:23.840811,,,,,,10.0,log2,3.0,6.0,418.0,,,,,ExtraTreesRegressor,,,,,,6,,,,,,,,True,,,,,,,,,-0.017189128460814142,-0.007287469097146876,98.0,-0.012238298778980508,0.004950829681833632,0.02482284768887337,1.9844674545084815,1.0084337871842166,1.0310561193852168,98.0,1.0197449532847167,0.011311166100500173,0.05671278782352964,1.9844674545084815,225400926168194.6,307758830547175.25,98.0,266579878357684.94,41178952189490.336,206466173122023.9,1.9844674545084815,3.043916219006035,3.1410122556521793,98.0,3.092464237329107,0.0485480183230723,0.2434137592840653,1.9844674545084815,0.904878517976271,0.9312444935049619,98.0,0.9180615057406164,0.013182987764345486,0.06609787013263403,1.9844674545084815,99.0,0.09090909090909091,0.050880557498633704,0.06635061128049245,98.0,0.058615584389563075,0.007735026890929373,0.03878246813608154,1.9844674545084815,ExtraTreesRegressor,"{'mode': 'original', 'type': 'ExtraTreesRegressor'}",6,"['edges_T2W20', 'l2_T2W20', 'l3_T2W20', 'lsc_T2W20', 'z_l3_T2W20', 'z_lsc_T2W20']",0.2538609427128729,0.29804469975891895,98.0,0.27595282123589593,0.022091878523023006,0.1107659465140374,1.9844674545084815,1.2776162445236243,1.3083475776324345,98.0,1.2929819110780294,0.015365666554405185,0.07704155162468641,1.9844674545084815,completed,True,COMPLETE
45,1.337377464823803,2026-06-13 07:06:06.102698,2026-06-13 07:06:07.825694,0 days 00:00:01.722996,17.0,3.0,13.0,,,,,,,,,,,,DecisionTreeRegressor,,,,,,20,,,,,,,,True,,,,,,,,,-0.354049954449773,-0.3036959183487024,98.0,-0.3288729363992377,0.025177018050535304,0.12623445452419318,1.9844674545084815,1.311422288304268,1.363332641343338,98.0,1.337377464823803,0.025955176519534866,0.1301360448424101,1.9844674545084815,193100535210912.72,272466277901132.78,98.0,232783406556022.75,39682871345110.03,198965008808785.22,1.9844674545084815,3.804539852359717,3.9844809472671434,98.0,3.8945103998134303,0.08997054745371302,0.4511011970625737,1.9844674545084815,1.1244712096202705,1.2005477388835264,98.0,1.1625094742518984,0.03803826463162793,0.19071915415806637,1.9844674545084815,99.0,0.9797979797979798,-0.5847230991178153,-0.4848865491961726,98.0,-0.5348048241569939,0.04991827496082136,0.2502840565876306,1.9844674545084815,DecisionTreeRegressor,"{'mode': 'original', 'type': 'DecisionTreeRegressor'}",20,"['edges_T2W20', 'pe_T2W20', 'l1_T2W20', 'l2_T2W20', 'l3_T2W20', 'lcc_T2W20', 'lsc_T2W20', 'atd_T2W20', 'density_T2W20', 'diameter_T2W20', 'asp_T2W20', 'z_re_T2W20', 'z_pe_T2W20', 'z_l1_T2W20', 'z_l2_T2W20', 'z_l3_T2W20', 'z_lsc_T2W20', 'z_density_T2W20', 'z_diameter_T2W20', 'z_asp_T2W20']",0.046372856108657025,0.10399796140343362,98.0,0.07518540875604532,0.028812552647388294,0.14446257533724602,1.9844674545084815,1.6158149684947796,1.6711018878924444,98.0,1.643458428193612,0.027643459698832442,0.1386008878906705,1.9844674545084815,completed,True,COMPLETE
46,1.146180647355434,2026-06-13 07:06:07.905134,2026-06-13 07:06:09.720287,0 days 00:00:01.815153,,,,,,,,,,,,,,,LinearRegression,,,,,,19,,,,,,,,True,,,,,,,,,-0.15803795670316645,-0.11808891778235343,98.0,-0.13806343724275993,0.0199745194604065,0.10014977005641403,1.9844674545084815,1.123871688035635,1.1684896066752328,98.0,1.146180647355434,0.022308959319798916,0.11185436277976359,1.9844674545084815,232160906629081.78,315483804821431.5,98.0,273822355725256.66,41661449096174.875,208885352935244.03,1.9844674545084815,3.453590487603237,4.0297172782643536,98.0,3.7416538829337953,0.28806339533055836,1.4443142355044267,1.9844674545084815,0.945817168483783,0.9926149106451316,98.0,0.9692160395644573,0.02339887108067429,0.11731904554471398,1.9844674545084815,99.0,0.7474747474747475,-0.2574082176880722,-0.1359890999285498,98.0,-0.196698658808311,0.0607095588797612,0.30439021945365374,1.9844674545084815,LinearRegression,"{'mode': 'original', 'type': 'LinearRegression'}",19,"['nodes_T2W20', 'edges_T2W20', 'pe_T2W20', 'l1_T2W20', 'l2_T2W20', 'l3_T2W20', 'lcc_T2W20', 'lsc_T2W20', 'atd_T2W20', 'density_T2W20', 'diameter_T2W20', 'asp_T2W20', 'z_re_T2W20', 'z_l1_T2W20', 'z_l2_T2W20', 'z_lsc_T2W20', 'z_density_T2W20', 'z_diameter_T2W20', 'z_asp_T2W20']",0.11831919627453402,0.17590093543528396,98.0,0.147110065854909,0.028790869580374964,0.14435385912107837,1.9844674545084815,1.4121687507048306,1.4835826559465581,98.0,1.4478757033256944,0.03570695262086381,0.1790302440808759,1.9844674545084815,completed,True,COMPLETE
47,1.0027946045513247,2026-06-13 07:06:09.732577,2026-06-13 07:06:11.434435,0 days 00:00:01.701858,,,,0.2949458041415269,0.5427244433475962,,,,,,,,,,ElasticNet,,,,,,7,,,,,,,,True,,,,,,,,,0.0011864434264895326,0.008237203109566799,98.0,0.004711823268028166,0.0035253798415386334,0.01767581849423006,1.9844674545084815,0.9917381581422986,1.0138510509603509,98.0,1.0027946045513247,0.011056446409026121,0.05543565479509644,1.9844674545084815,231817883457246.6,315426692303558.94,98.0,273622287880402.78,41804404423156.18,209602113263516.06,1.9844674545084815,3.0633718946356647,3.150712879193381,98.0,3.107042386914523,0.04367049227885837,0.21895844696776817,1.9844674545084815,0.9590148738027268,0.9698131423112731,98.0,0.964414008057,0.005399134254273231,0.027070591367216214,1.9844674545084815,99.0,0.10101010101010101,0.024718556931181086,0.03541563338369032,98.0,0.030067095157435702,0.0053485382262546165,0.02681690914062367,1.9844674545084815,ElasticNet,"{'mode': 'original', 'type': 'ElasticNet'}",7,"['edges_T2W20', 'z_l2_T2W20', 'z_l3_T2W20', 'z_lsc_T2W20', 'z_density_T2W20', 'z_diameter_T2W20', 'z_asp_T2W20']",0.20431236682752674,0.2565811636000544,98.0,0.23044676521379057,0.02613439838626382,0.13103464111540503,1.9844674545084815,1.2975049426066405,1.3277002412534167,98.0,1.3126025919300286,0.015097649323388055,0.07569774637767018,1.9844674545084815,completed,True,COMPLETE
48,1.3371689781412002,2026-06-13 07:06:11.466325,2026-06-13 07:06:13.455659,0 days 00:00:01.989334,13.0,5.0,2.0,,,,,,,,,,,,DecisionTreeRegressor,,,,,,21,,,,,,,,True,,,,,,,,,-0.3536561338819535,-0.3042288242043293,98.0,-0.3289424790431414,0.024713654838812094,0.1239112086909872,1.9844674545084815,1.312402622463966,1.3619353338184343,98.0,1.3371689781412002,0.02476635567723423,0.12417544417661275,1.9844674545084815,184833722376028.44,261166695267187.06,98.0,223000208821607.75,38166486445579.31,191362042474298.5,1.9844674545084815,3.7365391580955527,3.942393020836627,98.0,3.83946608946609,0.10292693137053721,0.5160629035308882,1.9844674545084815,1.1175807203314774,1.1876421432247195,98.0,1.1526114317780984,0.035030711446621086,0.17563965447308413,1.9844674545084815,99.0,0.98989898989899,-0.5915245868945717,-0.4843728734151075,98.0,-0.5379487301548396,0.05357585673973208,0.2686227192446487,1.9844674545084815,DecisionTreeRegressor,"{'mode': 'original', 'type': 'DecisionTreeRegressor'}",21,"['edges_T2W20', 're_T2W20', 'pe_T2W20', 'l1_T2W20', 'l2_T2W20', 'l3_T2W20', 'lcc_T2W20', 'lsc_T2W20', 'atd_T2W20', 'density_T2W20', 'diameter_T2W20', 'asp_T2W20', 'z_re_T2W20', 'z_pe_T2W20', 'z_l1_T2W20', 'z_l2_T2W20', 'z_l3_T2W20', 'z_lsc_T2W20', 'z_density_T2W20', 'z_diameter_T2W20', 'z_asp_T2W20']",0.0427994187435098,0.09746794549927935,98.0,0.07013368212139458,0.027334263377884777,0.13705061577991565,1.9844674545084815,1.615817330517792,1.6720686223739274,98.0,1.6439429764458597,0.02812564592806758,0.14101851000558496,1.9844674545084815,completed,True,COMPLETE
