number,value,datetime_start,datetime_complete,duration,params_dt_max_depth,params_dt_min_samples_leaf,params_dt_min_samples_split,params_elastic_alpha,params_elastic_l1_ratio,params_et_max_depth,params_et_max_features,params_et_min_samples_leaf,params_et_min_samples_split,params_et_n_estimators,params_knn_metric,params_knn_n_neighbors,params_knn_weights,params_quantile_alpha,params_regressor,params_rf_max_depth,params_rf_max_features,params_rf_min_samples_leaf,params_rf_min_samples_split,params_rf_n_estimators,params_rfe_n_features,params_rfe_proxy_et_max_depth,params_rfe_proxy_et_min_samples_leaf,params_rfe_proxy_et_min_samples_split,params_rfe_proxy_et_n_estimators,params_rfe_proxy_lsvr_C,params_rfe_proxy_lsvr_epsilon,params_rfe_proxy_type,params_use_scaler,params_xgb_booster,params_xgb_colsample_bytree,params_xgb_learning_rate,params_xgb_max_depth,params_xgb_n_estimators,params_xgb_reg_alpha,params_xgb_reg_lambda,params_xgb_subsample,user_attrs_d2mae_ci_lower_val,user_attrs_d2mae_ci_upper_val,user_attrs_d2mae_df_val,user_attrs_d2mae_mean_val,user_attrs_d2mae_samperror_val,user_attrs_d2mae_std_val,user_attrs_d2mae_t_critical_val,user_attrs_mae_ci_lower_val,user_attrs_mae_ci_upper_val,user_attrs_mae_df_val,user_attrs_mae_mean_val,user_attrs_mae_samperror_val,user_attrs_mae_std_val,user_attrs_mae_t_critical_val,user_attrs_mape_ci_lower_val,user_attrs_mape_ci_upper_val,user_attrs_mape_df_val,user_attrs_mape_mean_val,user_attrs_mape_samperror_val,user_attrs_mape_std_val,user_attrs_mape_t_critical_val,user_attrs_max_error_ci_lower_val,user_attrs_max_error_ci_upper_val,user_attrs_max_error_df_val,user_attrs_max_error_mean_val,user_attrs_max_error_samperror_val,user_attrs_max_error_std_val,user_attrs_max_error_t_critical_val,user_attrs_median_ae_ci_lower_val,user_attrs_median_ae_ci_upper_val,user_attrs_median_ae_df_val,user_attrs_median_ae_mean_val,user_attrs_median_ae_samperror_val,user_attrs_median_ae_std_val,user_attrs_median_ae_t_critical_val,user_attrs_n_splits_val,user_attrs_r2_below_zero_val,user_attrs_r2_ci_lower_val,user_attrs_r2_ci_upper_val,user_attrs_r2_df_val,user_attrs_r2_mean_val,user_attrs_r2_samperror_val,user_attrs_r2_std_val,user_attrs_r2_t_critical_val,user_attrs_regressor_final,user_attrs_rfe_estimator,user_attrs_rfe_n_features,user_attrs_rfe_selected_features,user_attrs_rho_ci_lower_val,user_attrs_rho_ci_upper_val,user_attrs_rho_df_val,user_attrs_rho_mean_val,user_attrs_rho_samperror_val,user_attrs_rho_std_val,user_attrs_rho_t_critical_val,user_attrs_rmse_ci_lower_val,user_attrs_rmse_ci_upper_val,user_attrs_rmse_df_val,user_attrs_rmse_mean_val,user_attrs_rmse_samperror_val,user_attrs_rmse_std_val,user_attrs_rmse_t_critical_val,user_attrs_termination_reason,user_attrs_use_scaler_final,state
223,1.0990620180118853,2026-06-13 07:24:49.280715,2026-06-13 07:25:00.721050,0 days 00:00:11.440335,,,,,,,,,,,,,,,RandomForestRegressor,9.0,,4.0,7.0,75.0,20,,,,,,,,False,,,,,,,,,-0.10065829805310808,-0.08178663303385206,98.0,-0.09122246554348007,0.009435832509628005,0.047310097146679955,1.9844674545084815,1.085224525435849,1.1128995105879216,98.0,1.0990620180118853,0.013837492576036267,0.06937947630701928,1.9844674545084815,208640215606049.88,287292644551020.25,98.0,247966430078535.06,39326214472485.17,197176775362007.1,1.9844674545084815,3.1404235691972477,3.2848755426540164,98.0,3.212649555925632,0.07222598672838448,0.3621321642947855,1.9844674545084815,0.9614341308257599,0.9985745413310056,98.0,0.9800043360783828,0.01857020525262287,0.09310871230905417,1.9844674545084815,99.0,0.5656565656565656,-0.03938729493684445,-0.004930158940543782,98.0,-0.022158726938694116,0.017228567998150333,0.08638190905349245,1.9844674545084815,RandomForestRegressor,"{'mode': 'original', 'type': 'RandomForestRegressor'}",20,"['edges_T2W20', 're_T2W20', 'pe_T2W20', 'l1_T2W20', 'l2_T2W20', 'l3_T2W20', 'lcc_T2W20', 'lsc_T2W20', 'atd_T2W20', 'density_T2W20', 'diameter_T2W20', 'asp_T2W20', 'z_re_T2W20', 'z_pe_T2W20', 'z_l1_T2W20', 'z_l2_T2W20', 'z_l3_T2W20', 'z_lsc_T2W20', 'z_density_T2W20', 'z_diameter_T2W20']",0.12321793043198016,0.16627253722778043,98.0,0.1447452338298803,0.021527303397900138,0.10793523666528715,1.9844674545084815,1.3280330687233364,1.364280363638954,98.0,1.3461567161811452,0.01812364745780883,0.09086972675767832,1.9844674545084815,completed,False,COMPLETE
224,1.0877928560847994,2026-06-13 07:25:00.733709,2026-06-13 07:25:32.808134,0 days 00:00:32.074425,,,,,,,,,,,,,,,RandomForestRegressor,17.0,,5.0,5.0,267.0,18,,,,,,,,True,,,,,,,,,-0.08828940747066791,-0.07161464580129254,98.0,-0.07995202663598022,0.008337380834687682,0.041802596308854176,1.9844674545084815,1.0745715218507672,1.1010141903188315,98.0,1.0877928560847994,0.0132213342340322,0.06629013458881843,1.9844674545084815,209070819187142.06,287282251287856.5,98.0,248176535237499.28,39105716050357.2,196071223545469.47,1.9844674545084815,3.100847218825574,3.2363595034023676,98.0,3.168603361113971,0.06775614228839677,0.33972091711859936,1.9844674545084815,0.939676384957392,0.9755846882927092,98.0,0.9576305366250506,0.017954151667658586,0.09001989582969407,1.9844674545084815,99.0,0.48484848484848486,-0.01971245161300968,0.010858577296365749,98.0,-0.004426937158321965,0.015285514454687715,0.07663967891019359,1.9844674545084815,RandomForestRegressor,"{'mode': 'original', 'type': 'RandomForestRegressor'}",18,"['edges_T2W20', 're_T2W20', 'l1_T2W20', 'l2_T2W20', 'l3_T2W20', 'lcc_T2W20', 'lsc_T2W20', 'density_T2W20', 'diameter_T2W20', 'z_re_T2W20', 'z_pe_T2W20', 'z_l1_T2W20', 'z_l2_T2W20', 'z_l3_T2W20', 'z_lsc_T2W20', 'z_density_T2W20', 'z_diameter_T2W20', 'z_asp_T2W20']",0.142613858113281,0.18347924058812062,98.0,0.16304654935070081,0.020432691237419816,0.10244698667807929,1.9844674545084815,1.317303159228505,1.3520942171521129,98.0,1.334698688190309,0.01739552896180406,0.08721903067493934,1.9844674545084815,completed,True,COMPLETE
225,0.9987652054318232,2026-06-13 07:25:32.879076,2026-06-13 07:25:35.559069,0 days 00:00:02.679993,,,,,,,,,,,,,,0.007258824163134309,QuantileRegressor,,,,,,15,,,,,,,,False,,,,,,,,,0.003688814794435228,0.013758199476570376,98.0,0.008723507135502802,0.005034692341067574,0.02524332468984688,1.9844674545084815,0.987132996972576,1.0103974138910705,98.0,0.9987652054318232,0.011632208459247294,0.058322454502651784,1.9844674545084815,222724548662496.16,303515716696918.9,98.0,263120132679707.5,40395584017211.34,202538461995918.16,1.9844674545084815,3.0958423738834497,3.1991290376289863,98.0,3.147485705756218,0.051643331872768115,0.2589332785830908,1.9844674545084815,0.982757854337762,0.9922900066048725,98.0,0.9875239304713173,0.004766076133555263,0.023896516248767295,1.9844674545084815,99.0,0.16161616161616163,0.027386186433921954,0.0427094524224071,98.0,0.035047819428164526,0.007661632994242571,0.03841448021570642,1.9844674545084815,QuantileRegressor,"{'mode': 'original', 'type': 'QuantileRegressor'}",15,"['nodes_T2W20', 'edges_T2W20', 'pe_T2W20', 'l3_T2W20', 'lsc_T2W20', 'asp_T2W20', 'z_re_T2W20', 'z_pe_T2W20', 'z_l1_T2W20', 'z_l2_T2W20', 'z_l3_T2W20', 'z_lsc_T2W20', 'z_density_T2W20', 'z_diameter_T2W20', 'z_asp_T2W20']",0.15073614656206502,0.20227105393431216,98.0,0.1765036002481886,0.025767453686123563,0.129194825773899,1.9844674545084815,1.2936898573595728,1.3244055704591458,98.0,1.3090477139093593,0.015357856549786586,0.0770023932274973,1.9844674545084815,completed,False,COMPLETE
226,1.443835285085285,2026-06-13 07:25:35.571548,2026-06-13 07:25:35.804223,0 days 00:00:00.232675,12.0,2.0,4.0,,,,,,,,,,,,DecisionTreeRegressor,,,,,,18,,,,,,,,False,,,,,,,,,,,,,,,,,,,,,,,,,,,,,,,,,,,,,,,,,,,,,,,,,,,,,DecisionTreeRegressor,"{'mode': 'original', 'type': 'DecisionTreeRegressor'}",18,"['edges_T2W20', 're_T2W20', 'pe_T2W20', 'l2_T2W20', 'l3_T2W20', 'lcc_T2W20', 'lsc_T2W20', 'density_T2W20', 'diameter_T2W20', 'z_re_T2W20', 'z_pe_T2W20', 'z_l1_T2W20', 'z_l2_T2W20', 'z_l3_T2W20', 'z_lsc_T2W20', 'z_density_T2W20', 'z_diameter_T2W20', 'z_asp_T2W20']",,,,,,,,,,,,,,,pruned,False,PRUNED
227,1.0736862728642549,2026-06-13 07:25:35.813627,2026-06-13 07:25:52.311204,0 days 00:00:16.497577,,,,,,,,,,,,,,,RandomForestRegressor,7.0,sqrt,5.0,2.0,162.0,5,,,,,,,,False,,,,,,,,,-0.07416307488028376,-0.05722373678972794,98.0,-0.06569340583500585,0.00846966904527791,0.04246587303488743,1.9844674545084815,1.059733478428701,1.0876390672998089,98.0,1.0736862728642549,0.013952794435553905,0.06995758556970556,1.9844674545084815,234517296786837.2,323342561102750.5,98.0,278929928944793.84,44412632157956.66,222679444531124.6,1.9844674545084815,3.133087875099634,3.252186279548844,98.0,3.192637077324239,0.05954920222460501,0.29857233470164896,1.9844674545084815,0.915467564039426,0.9500695756636958,98.0,0.9327685698515609,0.017301005812134927,0.08674510329345034,1.9844674545084815,99.0,0.6060606060606061,-0.03120888507562146,-0.002851477825471835,98.0,-0.017030181450546647,0.014178703625074812,0.07109026630472882,1.9844674545084815,RandomForestRegressor,"{'mode': 'original', 'type': 'RandomForestRegressor'}",5,"['l3_T2W20', 'density_T2W20', 'diameter_T2W20', 'z_l2_T2W20', 'z_lsc_T2W20']",0.07572808944444234,0.12548641700800217,98.0,0.10060725322622226,0.02487916378177991,0.12474105006030592,1.9844674545084815,1.3259870619925787,1.3605434773134104,98.0,1.3432652696529945,0.01727820766041589,0.08663079618048579,1.9844674545084815,completed,False,COMPLETE
228,1.106903043726128,2026-06-13 07:25:52.324943,2026-06-13 07:26:10.754284,0 days 00:00:18.429341,,,,,,10.0,,1.0,10.0,261.0,,,,,ExtraTreesRegressor,,,,,,22,,,,,,,,False,,,,,,,,,-0.10899537827801993,-0.08899560805674274,98.0,-0.09899549316738133,0.00999988511063859,0.05013818712415883,1.9844674545084815,1.0926651668737348,1.1211409205785212,98.0,1.106903043726128,0.014237876852393107,0.07138695354775212,1.9844674545084815,211448468992832.9,290003840813518.56,98.0,250726154903175.72,39277685910342.82,196933459153606.72,1.9844674545084815,3.1382769248276605,3.2728374139132517,98.0,3.205557169370456,0.06728024454279573,0.3373348246828447,1.9844674545084815,0.951230387727309,0.9901659172290271,98.0,0.970698152478168,0.019467764750859096,0.09760896461992896,1.9844674545084815,99.0,0.7272727272727273,-0.060437024488956416,-0.026181243479799145,98.0,-0.04330913398437778,0.017127890504578636,0.08587712455286663,1.9844674545084815,ExtraTreesRegressor,"{'mode': 'original', 'type': 'ExtraTreesRegressor'}",22,"['nodes_T2W20', 'edges_T2W20', 're_T2W20', 'pe_T2W20', 'l1_T2W20', 'l2_T2W20', 'l3_T2W20', 'lcc_T2W20', 'lsc_T2W20', 'atd_T2W20', 'density_T2W20', 'diameter_T2W20', 'asp_T2W20', 'z_re_T2W20', 'z_pe_T2W20', 'z_l1_T2W20', 'z_l2_T2W20', 'z_l3_T2W20', 'z_lsc_T2W20', 'z_density_T2W20', 'z_diameter_T2W20', 'z_asp_T2W20']",0.09738214106924173,0.1384429455254879,98.0,0.11791254329736481,0.02053040222812308,0.10293689750023016,1.9844674545084815,1.3421604576912163,1.3777358750774078,98.0,1.359948166384312,0.01778770869309566,0.08918537134148175,1.9844674545084815,completed,False,COMPLETE
229,1.0075757575757578,2026-06-13 07:26:10.766995,2026-06-13 07:26:13.758618,0 days 00:00:02.991623,,,,,,,,,,,,,,0.03542175278867556,QuantileRegressor,,,,,,12,,,,,,,,False,,,,,,,,,-8.288368331157973e-17,-2.4774306955102108e-17,98.0,-5.3828995133340925e-17,2.9054688178238816e-17,1.4567661294076563e-16,1.9844674545084815,0.9969166374215648,1.0182348777299508,98.0,1.0075757575757578,0.01065912015419303,0.053443510096056926,1.9844674545084815,243249413827922.2,331073265925134.3,98.0,287161339876528.25,43911926048606.08,220168966027914.5,1.9844674545084815,2.969853864095874,3.009944115702106,98.0,2.98989898989899,0.020045125803115963,0.10050378152592114,1.9844674545084815,0.9999999999999999,1.0,98.0,1.0,6.930414212311926e-17,3.474823968278924e-16,1.9844674545084815,99.0,0.8787878787878788,-0.0030948902600818028,-0.0016582379893588387,98.0,-0.0023765641247203207,0.0007183261353614821,0.0036015983976267797,1.9844674545084815,QuantileRegressor,"{'mode': 'original', 'type': 'QuantileRegressor'}",12,"['density_T2W20', 'diameter_T2W20', 'asp_T2W20', 'z_re_T2W20', 'z_pe_T2W20', 'z_l1_T2W20', 'z_l2_T2W20', 'z_l3_T2W20', 'z_lsc_T2W20', 'z_density_T2W20', 'z_diameter_T2W20', 'z_asp_T2W20']",,,,,,,,1.3196611267084086,1.3492364416432259,98.0,1.3344487841758172,0.014787657467408713,0.07414348555266105,1.9844674545084815,completed,False,COMPLETE
230,1.0373614665684636,2026-06-13 07:26:13.794004,2026-06-13 07:26:34.974274,0 days 00:00:21.180270,,,,,,4.0,,2.0,8.0,376.0,,,,,ExtraTreesRegressor,,,,,,10,,,,,,,,True,,,,,,,,,-0.03750020947099832,-0.02199706098649903,98.0,-0.02974863522874868,0.007751574242249647,0.038865434508967414,1.9844674545084815,1.0244798013974894,1.0502431317394378,98.0,1.0373614665684636,0.012881665170974284,0.06458707591809756,1.9844674545084815,218360418517991.62,298521821291089.94,98.0,258441119904540.78,40080701386549.164,200959679431557.3,1.9844674545084815,3.0437913000695085,3.183591867256103,98.0,3.113691583662806,0.06990028359329714,0.3504713764265131,1.9844674545084815,0.89209547031818,0.928727369453725,98.0,0.9104114198859525,0.018315949567772515,0.0918339057524422,1.9844674545084815,99.0,0.16161616161616163,0.02844544618586347,0.05281046970528847,98.0,0.04062795794557597,0.012182511759712503,0.061081607187757465,1.9844674545084815,ExtraTreesRegressor,"{'mode': 'original', 'type': 'ExtraTreesRegressor'}",10,"['edges_T2W20', 'pe_T2W20', 'l2_T2W20', 'l3_T2W20', 'lsc_T2W20', 'atd_T2W20', 'density_T2W20', 'z_re_T2W20', 'z_l3_T2W20', 'z_lsc_T2W20']",0.1882462983184594,0.23543741274044416,98.0,0.21184185552945178,0.02359555721099238,0.11830520547530396,1.9844674545084815,1.2883350497934993,1.3213865593687315,98.0,1.3048608045811154,0.01652575478761603,0.08285809054225662,1.9844674545084815,completed,True,COMPLETE
231,1.2688194444444445,2026-06-13 07:26:34.987082,2026-06-13 07:26:35.325556,0 days 00:00:00.338474,17.0,4.0,11.0,,,,,,,,,,,,DecisionTreeRegressor,,,,,,6,,,,,,,,True,,,,,,,,,,,,,,,,,,,,,,,,,,,,,,,,,,,,,,,,,,,,,,,,,,,,,DecisionTreeRegressor,"{'mode': 'original', 'type': 'DecisionTreeRegressor'}",6,"['edges_T2W20', 'l2_T2W20', 'l3_T2W20', 'atd_T2W20', 'density_T2W20', 'z_asp_T2W20']",,,,,,,,,,,,,,,pruned,True,PRUNED
232,1.0075757575757578,2026-06-13 07:26:35.335997,2026-06-13 07:26:38.011393,0 days 00:00:02.675396,,,,,,,,,,,,,,5.442611243442007,QuantileRegressor,,,,,,20,,,,,,,,False,,,,,,,,,0.0,0.0,98.0,0.0,0.0,0.0,1.9844674545084815,0.9969166374215648,1.0182348777299508,98.0,1.0075757575757578,0.010659120154193034,0.053443510096056954,1.9844674545084815,243249413827922.25,331073265925134.4,98.0,287161339876528.3,43911926048606.08,220168966027914.5,1.9844674545084815,2.969853864095874,3.009944115702106,98.0,2.98989898989899,0.02004512580311598,0.10050378152592122,1.9844674545084815,1.0,1.0,98.0,1.0,0.0,0.0,1.9844674545084815,99.0,0.8787878787878788,-0.0030948902600817954,-0.0016582379893588322,98.0,-0.002376564124720314,0.0007183261353614816,0.0036015983976267767,1.9844674545084815,QuantileRegressor,"{'mode': 'original', 'type': 'QuantileRegressor'}",20,"['re_T2W20', 'pe_T2W20', 'l1_T2W20', 'l2_T2W20', 'l3_T2W20', 'lcc_T2W20', 'lsc_T2W20', 'atd_T2W20', 'density_T2W20', 'diameter_T2W20', 'asp_T2W20', 'z_re_T2W20', 'z_pe_T2W20', 'z_l1_T2W20', 'z_l2_T2W20', 'z_l3_T2W20', 'z_lsc_T2W20', 'z_density_T2W20', 'z_diameter_T2W20', 'z_asp_T2W20']",,,,,,,,1.3196611267084086,1.3492364416432259,98.0,1.3344487841758172,0.014787657467408713,0.07414348555266105,1.9844674545084815,completed,False,COMPLETE
233,1.0572692960459662,2026-06-13 07:26:38.024064,2026-06-13 07:26:57.161747,0 days 00:00:19.137683,,,,,,,,,,,,,,,RandomForestRegressor,3.0,,2.0,6.0,203.0,5,,,,,,,,True,,,,,,,,,-0.05916016380913809,-0.039701732549471305,98.0,-0.0494309481793047,0.00972921562983339,0.04878108382474468,1.9844674545084815,1.042658616572294,1.0718799755196384,98.0,1.0572692960459662,0.014610679473672257,0.07325613978132049,1.9844674545084815,204711636486650.4,281470785135498.1,98.0,243091210811074.25,38379574324423.836,192430438743374.72,1.9844674545084815,3.030214025295333,3.181212458619015,98.0,3.105713241957174,0.07549921666184098,0.3785437343366697,1.9844674545084815,0.8514444921418293,0.8962240502319606,98.0,0.8738342711868949,0.022389779045065627,0.11225958288618605,1.9844674545084815,99.0,0.26262626262626265,0.02418925253064041,0.056090065868565825,98.0,0.04013965919960312,0.01595040666896271,0.079973366236386,1.9844674545084815,RandomForestRegressor,"{'mode': 'original', 'type': 'RandomForestRegressor'}",5,"['edges_T2W20', 'l2_T2W20', 'l3_T2W20', 'z_re_T2W20', 'z_lsc_T2W20']",0.20235045293857942,0.2467383356517623,98.0,0.22454439429517087,0.022193941356591453,0.11127767693806323,1.9844674545084815,1.2866754644675868,1.3228729425083383,98.0,1.3047742034879626,0.018098739020375666,0.09074483893315063,1.9844674545084815,completed,True,COMPLETE
234,1.16009012957414,2026-06-13 07:26:57.174560,2026-06-13 07:26:58.699481,0 days 00:00:01.524921,,,,,,,,,,,,,,,XGBRegressor,,,,,,3,,,,,,,,False,gbtree,0.8769340413549565,0.043615447042338384,6.0,161.0,0.0015886199576773381,1.3779643280309122,0.8755885684770214,,,,,,,,,,,,,,,,,,,,,,,,,,,,,,,,,,,,,,,,,,,,,XGBRegressor,"{'mode': 'original', 'type': 'XGBRegressor'}",3,"['z_l3_T2W20', 'z_lsc_T2W20', 'z_asp_T2W20']",,,,,,,,,,,,,,,pruned,False,PRUNED
235,1.025667555253915,2026-06-13 07:26:58.709527,2026-06-13 07:27:05.848428,0 days 00:00:07.138901,,,,,,,,,,,,,,,XGBRegressor,,,,,,8,,,,,,,,False,gbtree,0.7149788098899108,0.0028665332547584666,3.0,172.0,0.3009833970105686,1.1995541049382383e-07,0.671053810431797,-0.02155074359490827,-0.014803159610265116,98.0,-0.018176951602586693,0.0033737919923215766,0.016915775767168347,1.9844674545084815,1.0151365638313545,1.0361985466764754,98.0,1.025667555253915,0.010530991422560336,0.05280108848305793,1.9844674545084815,231427184654865.12,315204533108876.44,98.0,273315858881870.78,41888674227005.66,210024631637234.8,1.9844674545084815,3.0145858308626576,3.0747765833336262,98.0,3.044681207098142,0.030095376235484285,0.15089449414387462,1.9844674545084815,0.9347174562758674,0.9496757853945291,98.0,0.9421966208351983,0.007479164559330875,0.03749960605139007,1.9844674545084815,99.0,0.16161616161616163,0.01969838456616565,0.029505738551939234,98.0,0.02460206155905244,0.0049036769928867945,0.024586429938502557,1.9844674545084815,XGBRegressor,"{'mode': 'original', 'type': 'XGBRegressor'}",8,"['edges_T2W20', 'lcc_T2W20', 'atd_T2W20', 'density_T2W20', 'diameter_T2W20', 'asp_T2W20', 'z_lsc_T2W20', 'z_diameter_T2W20']",0.1781495442954029,0.22324238923609038,98.0,0.20069596676574664,0.02254642247034374,0.11304497364632667,1.9844674545084815,1.3015680267641767,1.3307783812813403,98.0,1.3161732040227585,0.014605177258581839,0.07322855235539023,1.9844674545084815,completed,False,COMPLETE
236,1.122927681605021,2026-06-13 07:27:05.861173,2026-06-13 07:27:08.139378,0 days 00:00:02.278205,,,,,,,,,,,,,,,XGBRegressor,,,,,,19,,,,,,,,False,gbtree,0.8285152491170537,0.10806113572524977,10.0,347.0,1.2175258738653325,3.941568343635868e-05,0.7833026294527314,,,,,,,,,,,,,,,,,,,,,,,,,,,,,,,,,,,,,,,,,,,,,XGBRegressor,"{'mode': 'original', 'type': 'XGBRegressor'}",19,"['nodes_T2W20', 'edges_T2W20', 're_T2W20', 'pe_T2W20', 'l1_T2W20', 'l2_T2W20', 'l3_T2W20', 'lcc_T2W20', 'atd_T2W20', 'density_T2W20', 'diameter_T2W20', 'asp_T2W20', 'z_re_T2W20', 'z_pe_T2W20', 'z_l1_T2W20', 'z_l2_T2W20', 'z_lsc_T2W20', 'z_density_T2W20', 'z_diameter_T2W20']",,,,,,,,,,,,,,,pruned,False,PRUNED
237,1.0767571548821546,2026-06-13 07:27:08.157238,2026-06-13 07:27:10.245103,0 days 00:00:02.087865,,,,,,,,,,,euclidean,12.0,uniform,,KNeighborsRegressor,,,,,,19,,,,,0.015326057621818302,0.5665821846009316,LinearSVR,,,,,,,,,,-0.0778630525471757,-0.059768377457035796,98.0,-0.06881571500210575,0.009047337545069947,0.04536223144479475,1.9844674545084815,1.062587678098642,1.0909266316656672,98.0,1.0767571548821546,0.014169476783512628,0.0710440040623439,1.9844674545084815,230006948733218.78,315252097060937.25,98.0,272629522897078.03,42622574163859.25,213704315149321.06,1.9844674545084815,3.1127449823481466,3.212170842567678,98.0,3.162457912457912,0.049712930109765775,0.24925448290220353,1.9844674545084815,0.9201251588471248,0.9611879724660065,98.0,0.9406565656565656,0.02053140680944089,0.10294193434670756,1.9844674545084815,99.0,0.6363636363636364,-0.04054149320304002,-0.010938743062529406,98.0,-0.025740118132784713,0.014801375070255307,0.07421226391669303,1.9844674545084815,KNeighborsRegressor,"{'mode': 'proxy', 'type': 'LinearSVR'}",19,"['nodes_T2W20', 'edges_T2W20', 're_T2W20', 'pe_T2W20', 'l1_T2W20', 'l2_T2W20', 'l3_T2W20', 'lcc_T2W20', 'lsc_T2W20', 'atd_T2W20', 'density_T2W20', 'z_re_T2W20', 'z_pe_T2W20', 'z_l1_T2W20', 'z_l2_T2W20', 'z_l3_T2W20', 'z_lsc_T2W20', 'z_density_T2W20', 'z_asp_T2W20']",0.06832540920089902,0.12046420987995976,98.0,0.09439480954042939,0.02606940033953036,0.13070874894826803,1.9844674545084815,1.3314684291900676,1.3662998797374728,98.0,1.3488841544637702,0.017415725273702554,0.08732029248484825,1.9844674545084815,completed,True,COMPLETE
