number,value,datetime_start,datetime_complete,duration,params_dt_max_depth,params_dt_min_samples_leaf,params_dt_min_samples_split,params_elastic_alpha,params_elastic_l1_ratio,params_et_max_depth,params_et_max_features,params_et_min_samples_leaf,params_et_min_samples_split,params_et_n_estimators,params_knn_metric,params_knn_n_neighbors,params_knn_weights,params_quantile_alpha,params_regressor,params_rf_max_depth,params_rf_max_features,params_rf_min_samples_leaf,params_rf_min_samples_split,params_rf_n_estimators,params_rfe_n_features,params_rfe_proxy_et_max_depth,params_rfe_proxy_et_min_samples_leaf,params_rfe_proxy_et_min_samples_split,params_rfe_proxy_et_n_estimators,params_rfe_proxy_lsvr_C,params_rfe_proxy_lsvr_epsilon,params_rfe_proxy_type,params_use_scaler,params_xgb_booster,params_xgb_colsample_bytree,params_xgb_learning_rate,params_xgb_max_depth,params_xgb_n_estimators,params_xgb_reg_alpha,params_xgb_reg_lambda,params_xgb_subsample,user_attrs_d2mae_ci_lower_val,user_attrs_d2mae_ci_upper_val,user_attrs_d2mae_df_val,user_attrs_d2mae_mean_val,user_attrs_d2mae_samperror_val,user_attrs_d2mae_std_val,user_attrs_d2mae_t_critical_val,user_attrs_mae_ci_lower_val,user_attrs_mae_ci_upper_val,user_attrs_mae_df_val,user_attrs_mae_mean_val,user_attrs_mae_samperror_val,user_attrs_mae_std_val,user_attrs_mae_t_critical_val,user_attrs_mape_ci_lower_val,user_attrs_mape_ci_upper_val,user_attrs_mape_df_val,user_attrs_mape_mean_val,user_attrs_mape_samperror_val,user_attrs_mape_std_val,user_attrs_mape_t_critical_val,user_attrs_max_error_ci_lower_val,user_attrs_max_error_ci_upper_val,user_attrs_max_error_df_val,user_attrs_max_error_mean_val,user_attrs_max_error_samperror_val,user_attrs_max_error_std_val,user_attrs_max_error_t_critical_val,user_attrs_median_ae_ci_lower_val,user_attrs_median_ae_ci_upper_val,user_attrs_median_ae_df_val,user_attrs_median_ae_mean_val,user_attrs_median_ae_samperror_val,user_attrs_median_ae_std_val,user_attrs_median_ae_t_critical_val,user_attrs_n_splits_val,user_attrs_r2_below_zero_val,user_attrs_r2_ci_lower_val,user_attrs_r2_ci_upper_val,user_attrs_r2_df_val,user_attrs_r2_mean_val,user_attrs_r2_samperror_val,user_attrs_r2_std_val,user_attrs_r2_t_critical_val,user_attrs_regressor_final,user_attrs_rfe_estimator,user_attrs_rfe_n_features,user_attrs_rfe_selected_features,user_attrs_rho_ci_lower_val,user_attrs_rho_ci_upper_val,user_attrs_rho_df_val,user_attrs_rho_mean_val,user_attrs_rho_samperror_val,user_attrs_rho_std_val,user_attrs_rho_t_critical_val,user_attrs_rmse_ci_lower_val,user_attrs_rmse_ci_upper_val,user_attrs_rmse_df_val,user_attrs_rmse_mean_val,user_attrs_rmse_samperror_val,user_attrs_rmse_std_val,user_attrs_rmse_t_critical_val,user_attrs_termination_reason,user_attrs_use_scaler_final,state
260,1.0963841394157277,2026-06-13 07:41:50.308397,2026-06-13 07:41:52.010959,0 days 00:00:01.702562,,,,0.17739453395672486,0.10343411486048337,,,,,,,,,,ElasticNet,,,,,,5,,,,,,,,False,,,,,,,,,-0.029413464752702376,-0.02214180655963725,98.0,-0.025777635656169813,0.0036358290965325633,0.01822959739802148,1.9844674545084815,1.0850757373789963,1.107692541452459,98.0,1.0963841394157277,0.011308402036731377,0.056698929149661924,1.9844674545084815,366330289865824.94,467799145802051.56,98.0,417064717833938.25,50734427968113.32,254376146821548.94,1.9844674545084815,3.093309497404898,3.124536409311147,98.0,3.1089229533580225,0.01561345595312472,0.0782839370224112,1.9844674545084815,0.979352164736343,0.995483985861265,98.0,0.987418075298804,0.008065910562460983,0.0404414779402973,1.9844674545084815,99.0,0.6262626262626263,-0.019648449737648566,-0.008721207128660622,98.0,-0.014184828433154594,0.005463621304493971,0.027393921461040267,1.9844674545084815,ElasticNet,"{'mode': 'original', 'type': 'ElasticNet'}",5,"['z_pe_T6W50', 'z_l3_T6W50', 'z_density_T6W50', 'z_diameter_T6W50', 'z_asp_T6W50']",-0.016501920924848826,0.03744798556087283,98.0,0.010473032318012,0.026974953242860828,0.13524907920363322,1.9844674545084815,1.3894371436932629,1.4193451038391587,98.0,1.4043911237662108,0.0149539800729479,0.07497740652547599,1.9844674545084815,completed,False,COMPLETE
261,1.0844478397419572,2026-06-13 07:41:52.023393,2026-06-13 07:41:53.613714,0 days 00:00:01.590321,,,,6.139856646782011,0.5657449506132892,,,,,,,,,,ElasticNet,,,,,,6,,,,,,,,False,,,,,,,,,-0.015362925360866643,-0.013601939939541534,98.0,-0.014482432650204088,0.0008804927106625554,0.004414681548860102,1.9844674545084815,1.0733265229737856,1.0955691565101289,98.0,1.0844478397419572,0.011121316768171546,0.05576090675245988,1.9844674545084815,370261102803136.9,472582158246560.1,98.0,421421630524848.5,51160527721711.64,256512558284590.84,1.9844674545084815,3.0623906010794792,3.073713295024417,98.0,3.068051948051948,0.005661346972469041,0.028385293504868705,1.9844674545084815,0.933402966543196,0.9519649988247691,98.0,0.9426839826839826,0.009281016140786635,0.04653386702153648,1.9844674545084815,99.0,1.0,-0.003151138210298774,-0.0019109951987363633,98.0,-0.0025310667045175686,0.0006200715057812055,0.0031089618373857154,1.9844674545084815,ElasticNet,"{'mode': 'original', 'type': 'ElasticNet'}",6,"['z_l2_T6W50', 'z_l3_T6W50', 'z_lsc_T6W50', 'z_density_T6W50', 'z_diameter_T6W50', 'z_asp_T6W50']",,,,,,,,1.3812301907536824,1.4121686825828264,98.0,1.3966994366682544,0.015469245914571893,0.07756088572550665,1.9844674545084815,completed,False,COMPLETE
262,1.1274408035555996,2026-06-13 07:41:53.626063,2026-06-13 07:41:58.171341,0 days 00:00:04.545278,,,,,,,,,,,,,,,RandomForestRegressor,10.0,sqrt,5.0,7.0,495.0,4,,,,,,,,False,,,,,,,,,,,,,,,,,,,,,,,,,,,,,,,,,,,,,,,,,,,,,,,,,,,,,RandomForestRegressor,"{'mode': 'original', 'type': 'RandomForestRegressor'}",4,"['z_re_T6W50', 'z_density_T6W50', 'z_diameter_T6W50', 'z_asp_T6W50']",,,,,,,,,,,,,,,pruned,False,PRUNED
263,1.1908436095648658,2026-06-13 07:41:58.181925,2026-06-13 07:42:02.126208,0 days 00:00:03.944283,,,,,,,,,,,,,,,RandomForestRegressor,16.0,sqrt,3.0,11.0,365.0,2,,,,,,,,False,,,,,,,,,,,,,,,,,,,,,,,,,,,,,,,,,,,,,,,,,,,,,,,,,,,,,RandomForestRegressor,"{'mode': 'original', 'type': 'RandomForestRegressor'}",2,"['z_density_T6W50', 'z_asp_T6W50']",,,,,,,,,,,,,,,pruned,False,PRUNED
264,1.4571455062963603,2026-06-13 07:42:02.136628,2026-06-13 07:42:02.265753,0 days 00:00:00.129125,12.0,1.0,3.0,,,,,,,,,,,,DecisionTreeRegressor,,,,,,2,,,,,,,,False,,,,,,,,,,,,,,,,,,,,,,,,,,,,,,,,,,,,,,,,,,,,,,,,,,,,,DecisionTreeRegressor,"{'mode': 'original', 'type': 'DecisionTreeRegressor'}",2,"['z_re_T6W50', 'z_diameter_T6W50']",,,,,,,,,,,,,,,pruned,False,PRUNED
265,1.0995119003065292,2026-06-13 07:42:02.275327,2026-06-13 07:42:19.821669,0 days 00:00:17.546342,,,,,,19.0,sqrt,3.0,10.0,326.0,,,,,ExtraTreesRegressor,,,,,,5,,,,,,,,False,,,,,,,,,-0.03425112548239677,-0.022982047549639763,98.0,-0.028616586516018266,0.005634538966378501,0.028250881478038205,1.9844674545084815,1.0869916422402712,1.1120321583727872,98.0,1.0995119003065292,0.01252025806625805,0.06277502539513852,1.9844674545084815,344851254446258.44,441116156550815.56,98.0,392983705498537.0,48132451052278.586,241330156387111.56,1.9844674545084815,3.1571531789352187,3.2295113693578736,98.0,3.193332274146546,0.03617909521132734,0.18139750863322168,1.9844674545084815,0.9625949685951318,0.9908626401642837,98.0,0.9767288043797078,0.014133835784575922,0.07086530450187802,1.9844674545084815,99.0,0.36363636363636365,0.0015100617436092367,0.018318676782665123,98.0,0.00991436926313718,0.008404307519527943,0.04213815842891801,1.9844674545084815,ExtraTreesRegressor,"{'mode': 'original', 'type': 'ExtraTreesRegressor'}",5,"['z_pe_T6W50', 'z_l3_T6W50', 'z_lsc_T6W50', 'z_density_T6W50', 'z_asp_T6W50']",0.10080591962766756,0.15261188271511922,98.0,0.12670890117139338,0.025902981543725823,0.12987434568935977,1.9844674545084815,1.3721273874121624,1.4026502476301201,98.0,1.3873888175211413,0.015261430108978952,0.07651892297964553,1.9844674545084815,completed,False,COMPLETE
266,1.1183020814681865,2026-06-13 07:42:19.835423,2026-06-13 07:42:31.699050,0 days 00:00:11.863627,,,,,,14.0,,4.0,6.0,199.0,,,,,ExtraTreesRegressor,,,,,,4,,,,,,,,True,,,,,,,,,-0.05387796567457843,-0.03859717418143887,98.0,-0.04623756992800865,0.00764039574656978,0.03830799928257173,1.9844674545084815,1.104577137998728,1.1320270249376452,98.0,1.1183020814681865,0.013724943469458576,0.06881516900710383,1.9844674545084815,332170443597557.25,424306827937245.1,98.0,378238635767401.2,46068192169843.97,230980217665305.12,1.9844674545084815,3.1884098862716344,3.3149836085026876,98.0,3.251696747387161,0.06328686111552667,0.31731249409407414,1.9844674545084815,0.9254369889617423,0.9671905162191018,98.0,0.946313752590422,0.020876763628679715,0.10467351072343802,1.9844674545084815,99.0,0.4444444444444444,-0.011702653088097658,0.015342443575816288,98.0,0.0018198952438593155,0.013522548331956973,0.06780038482060559,1.9844674545084815,ExtraTreesRegressor,"{'mode': 'original', 'type': 'ExtraTreesRegressor'}",4,"['z_l3_T6W50', 'z_density_T6W50', 'z_diameter_T6W50', 'z_asp_T6W50']",0.10066201858733861,0.14840846665244517,98.0,0.12453524261989189,0.02387322403255327,0.1196973925758117,1.9844674545084815,1.376161398626229,1.4084802610991027,98.0,1.392320829862666,0.016159431236436914,0.08102138956481589,1.9844674545084815,completed,True,COMPLETE
267,1.0691225985343633,2026-06-13 07:42:31.711645,2026-06-13 07:42:33.767265,0 days 00:00:02.055620,,,,,,,,,,,,,,0.018142510366534415,QuantileRegressor,,,,,,4,,,,,,,,False,,,,,,,,,-2.5456380329118513e-16,2.1304824380041132e-17,98.0,-1.16629489455572e-16,1.3793431383561314e-16,6.915855893759147e-16,1.9844674545084815,1.0575870578016928,1.0806581392670338,98.0,1.0691225985343633,0.011535540732670513,0.057837774477796554,1.9844674545084815,378756762949842.25,482894502655208.6,98.0,430825632802525.44,52068869852683.17,261066873382366.94,1.9844674545084815,2.9999999999999996,3.0000000000000013,98.0,3.0000000000000004,9.905078983246093e-16,4.966284092736454e-15,1.9844674545084815,0.9999999999999999,1.0000000000000002,98.0,1.0,1.3947189561864115e-16,6.992948342625523e-16,1.9844674545084815,99.0,0.9191919191919192,-0.004402232239554169,-0.0028129100148471965,98.0,-0.0036075711272006827,0.0007946611123534863,0.003984332530889142,1.9844674545084815,QuantileRegressor,"{'mode': 'original', 'type': 'QuantileRegressor'}",4,"['z_lsc_T6W50', 'z_density_T6W50', 'z_diameter_T6W50', 'z_asp_T6W50']",-0.3670670136972672,0.3536764573868953,2.0,-0.006695278155185937,0.36037173554208124,0.14506914565866091,4.302652729749462,1.3817940130923385,1.413236739470511,98.0,1.3975153762814247,0.015721363189086183,0.07882497055717959,1.9844674545084815,completed,False,COMPLETE
268,1.0691225985343633,2026-06-13 07:42:33.779875,2026-06-13 07:42:36.382379,0 days 00:00:02.602504,,,,,,,,,,,,,,5.041035599333766,QuantileRegressor,,,,,,7,,,,,,,,False,,,,,,,,,0.0,0.0,98.0,0.0,0.0,0.0,1.9844674545084815,1.0575870578016928,1.0806581392670338,98.0,1.0691225985343633,0.011535540732670515,0.05783777447779657,1.9844674545084815,378756762949842.25,482894502655208.6,98.0,430825632802525.44,52068869852683.18,261066873382366.97,1.9844674545084815,3.0,3.0,98.0,3.0,0.0,0.0,1.9844674545084815,1.0,1.0,98.0,1.0,0.0,0.0,1.9844674545084815,99.0,0.9191919191919192,-0.004402232239554242,-0.002812910014847294,98.0,-0.003607571127200768,0.0007946611123534741,0.00398433253088908,1.9844674545084815,QuantileRegressor,"{'mode': 'original', 'type': 'QuantileRegressor'}",7,"['z_l1_T6W50', 'z_l2_T6W50', 'z_l3_T6W50', 'z_lsc_T6W50', 'z_density_T6W50', 'z_diameter_T6W50', 'z_asp_T6W50']",,,,,,,,1.3817940130923385,1.413236739470511,98.0,1.3975153762814247,0.01572136318908618,0.07882497055717957,1.9844674545084815,completed,False,COMPLETE
269,1.146246174191322,2026-06-13 07:42:36.395671,2026-06-13 07:42:36.525780,0 days 00:00:00.130109,,,,,,,,,,,,,,,LinearRegression,,,,,,7,,,,,,,,True,,,,,,,,,,,,,,,,,,,,,,,,,,,,,,,,,,,,,,,,,,,,,,,,,,,,,LinearRegression,"{'mode': 'original', 'type': 'LinearRegression'}",7,"['z_re_T6W50', 'z_pe_T6W50', 'z_l1_T6W50', 'z_l2_T6W50', 'z_density_T6W50', 'z_diameter_T6W50', 'z_asp_T6W50']",,,,,,,,,,,,,,,pruned,True,PRUNED
270,1.136142586542116,2026-06-13 07:42:36.535832,2026-06-13 07:42:55.199301,0 days 00:00:18.663469,,,,,,19.0,,2.0,6.0,305.0,,,,,ExtraTreesRegressor,,,,,,6,,,,,,,,True,,,,,,,,,-0.07356838481626105,-0.05279501031700773,98.0,-0.06318169756663439,0.010386687249626657,0.05207756520801064,1.9844674545084815,1.1213282211475128,1.150956951936719,98.0,1.136142586542116,0.014814365394603186,0.07427739579628478,1.9844674545084815,331151763331988.0,423582444367985.6,98.0,377367103849986.8,46215340517998.805,231718001283133.8,1.9844674545084815,3.242340339578115,3.3703648367631707,98.0,3.306352588170643,0.06401224859252791,0.3209494971853113,1.9844674545084815,0.9328874103133855,0.9793345123732016,98.0,0.9561109613432935,0.023223551029908043,0.1164400124943659,1.9844674545084815,99.0,0.5858585858585859,-0.04152498584025323,-0.005572343042946546,98.0,-0.023548664441599886,0.01797632139865334,0.09013105211887229,1.9844674545084815,ExtraTreesRegressor,"{'mode': 'original', 'type': 'ExtraTreesRegressor'}",6,"['z_re_T6W50', 'z_l3_T6W50', 'z_lsc_T6W50', 'z_density_T6W50', 'z_diameter_T6W50', 'z_asp_T6W50']",0.08009027202533114,0.13574897362890215,98.0,0.10791962282711665,0.0278293508017855,0.13953292288921873,1.9844674545084815,1.3920147295176268,1.4262090452099798,98.0,1.4091118873638033,0.01709715784617648,0.08572303480476036,1.9844674545084815,completed,True,COMPLETE
271,1.1091871870777352,2026-06-13 07:42:55.228303,2026-06-13 07:42:57.000361,0 days 00:00:01.772058,,,,0.00242854552214403,0.9408801695592043,,,,,,,,,,ElasticNet,,,,,,2,,,,,,,,True,,,,,,,,,-0.04449714686753295,-0.0314215919124642,98.0,-0.037959369389998575,0.006537777477534372,0.03277960765729204,1.9844674545084815,1.0972486770451377,1.1211256971103327,98.0,1.1091871870777352,0.011938510032597546,0.059858212706985624,1.9844674545084815,366072142307489.5,467791805218450.5,98.0,416931973762970.0,50859831455480.516,255004904396868.38,1.9844674545084815,3.1454810694879325,3.201712894017241,98.0,3.1735969817525866,0.028115912264653976,0.14096970662112251,1.9844674545084815,0.9989341063726143,1.0175704420161387,98.0,1.0082522741943765,0.00931816782176225,0.04672014095489905,1.9844674545084815,99.0,0.5050505050505051,-0.02763325225746753,-0.007337643019549936,98.0,-0.017485447638508733,0.010147804618958797,0.050879837243676895,1.9844674545084815,ElasticNet,"{'mode': 'original', 'type': 'ElasticNet'}",2,"['z_diameter_T6W50', 'z_asp_T6W50']",0.023060046543362724,0.075548454873122,98.0,0.04930425070824237,0.026244204164879645,0.13158519370822402,1.9844674545084815,1.3909499326236343,1.4214021356233846,98.0,1.4061760341235094,0.01522610149987503,0.07634178970316376,1.9844674545084815,completed,True,COMPLETE
272,1.1218619230724376,2026-06-13 07:42:57.013206,2026-06-13 07:42:58.779333,0 days 00:00:01.766127,,,,0.02549116922605986,0.8096750362658893,,,,,,,,,,ElasticNet,,,,,,9,,,,,,,,True,,,,,,,,,-0.056151626560490844,-0.04326381762910435,98.0,-0.049707722094797596,0.006443904465693247,0.032308939986461366,1.9844674545084815,1.1094264717755893,1.134297374369286,98.0,1.1218619230724376,0.012435451296848329,0.0623498147425145,1.9844674545084815,367415991152062.06,469713725544858.06,98.0,418564858348460.06,51148867196398.0,256454093852882.56,1.9844674545084815,3.177557090015676,3.2315381159127163,98.0,3.204547602964196,0.026990512948520375,0.13532709364333165,1.9844674545084815,0.9900641563556684,1.0112575227292464,98.0,1.0006608395424574,0.010596683186789054,0.05313045886391476,1.9844674545084815,99.0,0.8181818181818182,-0.057417037995347794,-0.037153892261449994,98.0,-0.047285465128398894,0.010131572866948898,0.050798453246698835,1.9844674545084815,ElasticNet,"{'mode': 'original', 'type': 'ElasticNet'}",9,"['z_re_T6W50', 'z_pe_T6W50', 'z_l1_T6W50', 'z_l2_T6W50', 'z_l3_T6W50', 'z_lsc_T6W50', 'z_density_T6W50', 'z_diameter_T6W50', 'z_asp_T6W50']",-0.0878823696833755,-0.031351622385161204,98.0,-0.05961699603426835,0.028265373649107143,0.14171908751686665,1.9844674545084815,1.411286140973982,1.4419701881232132,98.0,1.4266281645485976,0.01534202357461551,0.07692300864826698,1.9844674545084815,completed,True,COMPLETE
273,1.0902488703107696,2026-06-13 07:42:58.792116,2026-06-13 07:43:00.780045,0 days 00:00:01.987929,,,,0.09938153452537789,0.9024032761106747,,,,,,,,,,ElasticNet,,,,,,5,,,,,,,,True,,,,,,,,,-0.022558546158038054,-0.017474372470840625,98.0,-0.02001645931443934,0.0025420868435987137,0.012745709019658458,1.9844674545084815,1.0792549820703763,1.1012427585511628,98.0,1.0902488703107696,0.010993888240393348,0.05512199587498366,1.9844674545084815,370395968503060.06,472798863048473.2,98.0,421597415775766.6,51201447272706.56,256717723852206.9,1.9844674545084815,3.091113814427998,3.1199397512288325,98.0,3.105526782828415,0.014412968400417189,0.07226484091361302,1.9844674545084815,0.961341639666562,0.9783769206931491,98.0,0.9698592801798556,0.008517640513293475,0.04270639604223939,1.9844674545084815,99.0,0.8383838383838383,-0.01488285240164048,-0.007349778083029925,98.0,-0.011116315242335202,0.003766537159305277,0.01888495145833589,1.9844674545084815,ElasticNet,"{'mode': 'original', 'type': 'ElasticNet'}",5,"['z_pe_T6W50', 'z_lsc_T6W50', 'z_density_T6W50', 'z_diameter_T6W50', 'z_asp_T6W50']",-0.05393327588654914,0.006907160800844556,76.0,-0.023513057542852295,0.03042021834369685,0.1340262105980645,1.9916726096446642,1.3872877551831513,1.4176316349448363,98.0,1.4024596950639938,0.015171939880842622,0.07607023004423275,1.9844674545084815,completed,True,COMPLETE
274,1.0829183754501612,2026-06-13 07:43:00.792847,2026-06-13 07:43:18.271179,0 days 00:00:17.478332,,,,,,16.0,sqrt,3.0,8.0,334.0,,,,,ExtraTreesRegressor,,,,,,3,,,,,,,,False,,,,,,,,,-0.01586431044049698,-0.01003064363014671,98.0,-0.012947477035321843,0.002916833405175134,0.014624641929444036,1.9844674545084815,1.0710218983753288,1.0948148525249937,98.0,1.0829183754501612,0.01189647707483234,0.05964746465553336,1.9844674545084815,358176272574959.75,457331040893302.9,98.0,407753656734131.3,49577384159171.54,248574872270718.8,1.9844674545084815,3.0788261570058464,3.1281626396353386,98.0,3.1034943983205925,0.02466824131474612,0.12368351089822308,1.9844674545084815,0.9674842729635162,0.9820507732623811,98.0,0.9747675231129487,0.007283250149432459,0.036517315431535274,1.9844674545084815,99.0,0.21212121212121213,0.009477972894646518,0.018815378650838318,98.0,0.014146675772742418,0.004668702878095901,0.02340829878935708,1.9844674545084815,ExtraTreesRegressor,"{'mode': 'original', 'type': 'ExtraTreesRegressor'}",3,"['z_l3_T6W50', 'z_density_T6W50', 'z_asp_T6W50']",0.11675305891432598,0.165424306365538,98.0,0.141088682639932,0.02433562372560601,0.12201580744557528,1.9844674545084815,1.3695364230439957,1.4001500918174317,98.0,1.3848432574307137,0.01530683438671793,0.07674657441246972,1.9844674545084815,completed,False,COMPLETE
275,1.1189986724618624,2026-06-13 07:43:18.283952,2026-06-13 07:43:20.045048,0 days 00:00:01.761096,,,,,,,,,,,minkowski,14.0,distance,,KNeighborsRegressor,,,,,,8,7.0,2.0,7.0,40.0,,,ExtraTrees,,,,,,,,,,-0.056771501998758654,-0.03716722542823458,98.0,-0.046969363713496616,0.009802138285262038,0.04914670899973617,1.9844674545084815,1.104264267176869,1.1337330777468557,98.0,1.1189986724618624,0.01473440528499341,0.07387648569644592,1.9844674545084815,327011850936353.25,419064425414447.5,98.0,373038138175400.4,46026287239047.12,230770111525237.34,1.9844674545084815,3.1358445030568634,3.2437784598379453,98.0,3.1898114814474043,0.053966978390540904,0.2705837548265176,1.9844674545084815,0.9478457539315734,0.9918153923844346,98.0,0.969830573158004,0.02198481922643056,0.11022916444238917,1.9844674545084815,99.0,0.45454545454545453,-0.020868658393938415,0.009587566034858257,98.0,-0.005640546179540079,0.015228112214398336,0.07635187117709144,1.9844674545084815,KNeighborsRegressor,"{'mode': 'proxy', 'type': 'ExtraTrees'}",8,"['z_re_T6W50', 'z_pe_T6W50', 'z_l1_T6W50', 'z_l3_T6W50', 'z_lsc_T6W50', 'z_density_T6W50', 'z_diameter_T6W50', 'z_asp_T6W50']",0.11872305453798677,0.16876612760332826,98.0,0.1437445910706575,0.02502153653267074,0.12545488942411537,1.9844674545084815,1.381177212839615,1.4130886687297628,98.0,1.3971329407846889,0.01595572794507396,0.08000004645665384,1.9844674545084815,completed,True,COMPLETE
276,1.198171580941636,2026-06-13 07:43:20.062603,2026-06-13 07:43:20.230007,0 days 00:00:00.167404,3.0,1.0,2.0,,,,,,,,,,,,DecisionTreeRegressor,,,,,,6,,,,,,,,True,,,,,,,,,,,,,,,,,,,,,,,,,,,,,,,,,,,,,,,,,,,,,,,,,,,,,DecisionTreeRegressor,"{'mode': 'original', 'type': 'DecisionTreeRegressor'}",6,"['z_re_T6W50', 'z_l3_T6W50', 'z_lsc_T6W50', 'z_density_T6W50', 'z_diameter_T6W50', 'z_asp_T6W50']",,,,,,,,,,,,,,,pruned,True,PRUNED
