number,value,datetime_start,datetime_complete,duration,params_dt_max_depth,params_dt_min_samples_leaf,params_dt_min_samples_split,params_elastic_alpha,params_elastic_l1_ratio,params_et_max_depth,params_et_max_features,params_et_min_samples_leaf,params_et_min_samples_split,params_et_n_estimators,params_knn_metric,params_knn_n_neighbors,params_knn_weights,params_quantile_alpha,params_regressor,params_rf_max_depth,params_rf_max_features,params_rf_min_samples_leaf,params_rf_min_samples_split,params_rf_n_estimators,params_rfe_n_features,params_rfe_proxy_et_max_depth,params_rfe_proxy_et_min_samples_leaf,params_rfe_proxy_et_min_samples_split,params_rfe_proxy_et_n_estimators,params_rfe_proxy_lsvr_C,params_rfe_proxy_lsvr_epsilon,params_rfe_proxy_type,params_use_scaler,params_xgb_booster,params_xgb_colsample_bytree,params_xgb_learning_rate,params_xgb_max_depth,params_xgb_n_estimators,params_xgb_reg_alpha,params_xgb_reg_lambda,params_xgb_subsample,user_attrs_d2mae_ci_lower_val,user_attrs_d2mae_ci_upper_val,user_attrs_d2mae_df_val,user_attrs_d2mae_mean_val,user_attrs_d2mae_samperror_val,user_attrs_d2mae_std_val,user_attrs_d2mae_t_critical_val,user_attrs_mae_ci_lower_val,user_attrs_mae_ci_upper_val,user_attrs_mae_df_val,user_attrs_mae_mean_val,user_attrs_mae_samperror_val,user_attrs_mae_std_val,user_attrs_mae_t_critical_val,user_attrs_mape_ci_lower_val,user_attrs_mape_ci_upper_val,user_attrs_mape_df_val,user_attrs_mape_mean_val,user_attrs_mape_samperror_val,user_attrs_mape_std_val,user_attrs_mape_t_critical_val,user_attrs_max_error_ci_lower_val,user_attrs_max_error_ci_upper_val,user_attrs_max_error_df_val,user_attrs_max_error_mean_val,user_attrs_max_error_samperror_val,user_attrs_max_error_std_val,user_attrs_max_error_t_critical_val,user_attrs_median_ae_ci_lower_val,user_attrs_median_ae_ci_upper_val,user_attrs_median_ae_df_val,user_attrs_median_ae_mean_val,user_attrs_median_ae_samperror_val,user_attrs_median_ae_std_val,user_attrs_median_ae_t_critical_val,user_attrs_n_splits_val,user_attrs_r2_below_zero_val,user_attrs_r2_ci_lower_val,user_attrs_r2_ci_upper_val,user_attrs_r2_df_val,user_attrs_r2_mean_val,user_attrs_r2_samperror_val,user_attrs_r2_std_val,user_attrs_r2_t_critical_val,user_attrs_regressor_final,user_attrs_rfe_estimator,user_attrs_rfe_n_features,user_attrs_rfe_selected_features,user_attrs_rho_ci_lower_val,user_attrs_rho_ci_upper_val,user_attrs_rho_df_val,user_attrs_rho_mean_val,user_attrs_rho_samperror_val,user_attrs_rho_std_val,user_attrs_rho_t_critical_val,user_attrs_rmse_ci_lower_val,user_attrs_rmse_ci_upper_val,user_attrs_rmse_df_val,user_attrs_rmse_mean_val,user_attrs_rmse_samperror_val,user_attrs_rmse_std_val,user_attrs_rmse_t_critical_val,user_attrs_termination_reason,user_attrs_use_scaler_final,state
38,1.1260155926225028,2026-06-13 07:24:20.476310,2026-06-13 07:24:37.643964,0 days 00:00:17.167654,,,,,,13.0,,3.0,10.0,292.0,,,,,ExtraTreesRegressor,,,,,,7,,,,,,,,True,,,,,,,,,-0.062702051734836,-0.044706921706806076,98.0,-0.053704486720821044,0.008997565014014967,0.0451126781301249,1.9844674545084815,1.1123061259567895,1.1397250592882162,98.0,1.1260155926225028,0.013709466665713415,0.06873757022735053,1.9844674545084815,331318651293234.4,424528645203259.25,98.0,377923648248246.8,46604996955012.445,233671690464256.34,1.9844674545084815,3.2139765353928835,3.319890452544442,98.0,3.2669334939686627,0.052956958575779284,0.26551964039806764,1.9844674545084815,0.9528974187567789,0.9938695012231291,98.0,0.973383459989954,0.0204860412331751,0.1027144769582832,1.9844674545084815,99.0,0.5151515151515151,-0.031197767243612756,-0.0006300935733393655,98.0,-0.015913930408476062,0.015283836835136696,0.0766312675332586,1.9844674545084815,ExtraTreesRegressor,"{'mode': 'original', 'type': 'ExtraTreesRegressor'}",7,"['z_re_T6W50', 'z_pe_T6W50', 'z_l3_T6W50', 'z_lsc_T6W50', 'z_density_T6W50', 'z_diameter_T6W50', 'z_asp_T6W50']",0.07889159020516273,0.13587699287285293,98.0,0.10738429153900783,0.028492701333845107,0.1428588804114638,1.9844674545084815,1.3882141398183334,1.4203310182286457,98.0,1.4042725790234896,0.01605843920515606,0.0805150280110195,1.9844674545084815,completed,True,COMPLETE
39,1.0691225985343638,2026-06-13 07:24:37.676843,2026-06-13 07:24:40.439128,0 days 00:00:02.762285,,,,,,,,,,,,,,0.0026636419343091617,QuantileRegressor,,,,,,3,,,,,,,,False,,,,,,,,,-7.299840401379695e-16,-3.707914051213857e-17,98.0,-3.835315903250541e-16,3.464524498129155e-16,1.7370697329175544e-15,1.9844674545084815,1.0575870578016933,1.0806581392670342,98.0,1.0691225985343638,0.01153554073267057,0.057837774477796845,1.9844674545084815,378756762949842.4,482894502655208.75,98.0,430825632802525.56,52068869852683.16,261066873382366.88,1.9844674545084815,2.9999999999999996,3.000000000000003,98.0,3.0000000000000013,1.719920677711481e-15,8.62346955227183e-15,1.9844674545084815,1.0,1.0000000000000004,98.0,1.0000000000000002,1.5516236295748508e-16,7.779648968479235e-16,1.9844674545084815,99.0,0.9393939393939394,-0.004402232239554276,-0.0028129100148473326,98.0,-0.003607571127200804,0.0007946611123534715,0.003984332530889067,1.9844674545084815,QuantileRegressor,"{'mode': 'original', 'type': 'QuantileRegressor'}",3,"['z_density_T6W50', 'z_diameter_T6W50', 'z_asp_T6W50']",-0.15812841202221428,0.0304786201199385,5.0,-0.0638248959511379,0.0943035160710764,0.08986117155352506,2.5705818356363146,1.3817940130923385,1.413236739470511,98.0,1.3975153762814247,0.015721363189086183,0.07882497055717959,1.9844674545084815,completed,False,COMPLETE
40,1.0945476086218027,2026-06-13 07:24:40.468656,2026-06-13 07:24:50.903978,0 days 00:00:10.435322,,,,,,5.0,log2,5.0,9.0,166.0,,,,,ExtraTreesRegressor,,,,,,8,,,,,,,,True,,,,,,,,,-0.028122144652418916,-0.019919583135648334,98.0,-0.024020863894033625,0.00410128075838529,0.02056331446187007,1.9844674545084815,1.082956717047628,1.1061385001959774,98.0,1.0945476086218027,0.011590891574174629,0.05811529675111353,1.9844674545084815,354950907185750.9,454100614593875.25,98.0,404525760889813.06,49574853704062.22,248562184881776.16,1.9844674545084815,3.119908893013181,3.166227765267846,98.0,3.1430683291405135,0.02315943612733245,0.11611854830280609,1.9844674545084815,0.96725714078105,0.9860897367164598,98.0,0.9766734387487549,0.009416297967704981,0.04721215336957802,1.9844674545084815,99.0,0.3939393939393939,-0.004276834253758845,0.00841727496322935,98.0,0.0020702203547352527,0.0063470546084940975,0.031823346781192134,1.9844674545084815,ExtraTreesRegressor,"{'mode': 'original', 'type': 'ExtraTreesRegressor'}",8,"['z_re_T6W50', 'z_pe_T6W50', 'z_l1_T6W50', 'z_l3_T6W50', 'z_lsc_T6W50', 'z_density_T6W50', 'z_diameter_T6W50', 'z_asp_T6W50']",0.057239336442868896,0.1088969799700842,98.0,0.08306815820647655,0.025828821763607655,0.1295025177241869,1.9844674545084815,1.3781661792091757,1.407853839710587,98.0,1.3930100094598814,0.01484383025070568,0.07442512894046677,1.9844674545084815,completed,True,COMPLETE
41,1.344960179863445,2026-06-13 07:24:50.916453,2026-06-13 07:24:52.725350,0 days 00:00:01.808897,11.0,1.0,12.0,,,,,,,,,,,,DecisionTreeRegressor,,,,,,4,,,,,,,,True,,,,,,,,,-0.2859854522224788,-0.23509311778922398,98.0,-0.2605392850058514,0.025446167216627392,0.12758393515367358,1.9844674545084815,1.3192232514336661,1.3706971082932238,98.0,1.344960179863445,0.025736928429778802,0.12904177591405627,1.9844674545084815,317476693687868.44,412334595465242.2,98.0,364905644576555.3,47428950888686.9,237802893578210.78,1.9844674545084815,4.289170575862727,4.524630788221966,98.0,4.406900682042346,0.11773010617961935,0.590284191115461,1.9844674545084815,1.0597863674727173,1.1261646644441716,98.0,1.0929755159584444,0.033189148485727134,0.1664062855580762,1.9844674545084815,99.0,0.98989898989899,-0.5826702892865687,-0.46637099551233957,98.0,-0.5245206423994542,0.05814964688711458,0.2915551373413456,1.9844674545084815,DecisionTreeRegressor,"{'mode': 'original', 'type': 'DecisionTreeRegressor'}",4,"['z_lsc_T6W50', 'z_density_T6W50', 'z_diameter_T6W50', 'z_asp_T6W50']",0.0022737336838681253,0.06223348128659724,98.0,0.032253607485232684,0.02997987380136456,0.15031537922494123,1.9844674545084815,1.6800896212905674,1.7431447968231912,98.0,1.7116172090568793,0.03152758776631198,0.15807542561853946,1.9844674545084815,completed,True,COMPLETE
42,1.0691225985343633,2026-06-13 07:24:52.737411,2026-06-13 07:24:55.089985,0 days 00:00:02.352574,,,,,,,,,,,,,,0.011460526527150103,QuantileRegressor,,,,,,4,,,,,,,,True,,,,,,,,,-1.703256071594384e-16,-2.7047374996144992e-17,98.0,-9.868649107779169e-17,7.16391160816467e-17,3.591896674582458e-16,1.9844674545084815,1.0575870578016928,1.0806581392670338,98.0,1.0691225985343633,0.01153554073267051,0.05783777447779654,1.9844674545084815,378756762949842.25,482894502655208.6,98.0,430825632802525.44,52068869852683.17,261066873382366.94,1.9844674545084815,2.9999999999999996,3.0000000000000004,98.0,3.0,3.4081387959502213e-16,1.7087986392430199e-15,1.9844674545084815,0.9999999999999999,1.0,98.0,1.0,1.1066984003930276e-16,5.548848899261946e-16,1.9844674545084815,99.0,0.9191919191919192,-0.004402232239554261,-0.0028129100148473157,98.0,-0.0036075711272007885,0.0007946611123534727,0.003984332530889073,1.9844674545084815,QuantileRegressor,"{'mode': 'original', 'type': 'QuantileRegressor'}",4,"['z_lsc_T6W50', 'z_density_T6W50', 'z_diameter_T6W50', 'z_asp_T6W50']",-1.0618522224296505,0.954246934315942,1.0,-0.05380264405685428,1.0080495783727963,0.11219694746619331,12.706204736174694,1.3817940130923385,1.413236739470511,98.0,1.3975153762814247,0.01572136318908618,0.07882497055717957,1.9844674545084815,completed,True,COMPLETE
43,1.0691225985343633,2026-06-13 07:24:55.102386,2026-06-13 07:24:57.470024,0 days 00:00:02.367638,,,,,,,,,,,,,,1.6186162039332974,QuantileRegressor,,,,,,3,,,,,,,,True,,,,,,,,,0.0,0.0,98.0,0.0,0.0,0.0,1.9844674545084815,1.0575870578016928,1.0806581392670338,98.0,1.0691225985343633,0.011535540732670515,0.05783777447779657,1.9844674545084815,378756762949842.25,482894502655208.6,98.0,430825632802525.44,52068869852683.18,261066873382366.97,1.9844674545084815,3.0,3.0,98.0,3.0,0.0,0.0,1.9844674545084815,1.0,1.0,98.0,1.0,0.0,0.0,1.9844674545084815,99.0,0.9191919191919192,-0.004402232239554242,-0.002812910014847294,98.0,-0.003607571127200768,0.0007946611123534741,0.00398433253088908,1.9844674545084815,QuantileRegressor,"{'mode': 'original', 'type': 'QuantileRegressor'}",3,"['z_density_T6W50', 'z_diameter_T6W50', 'z_asp_T6W50']",,,,,,,,1.3817940130923385,1.413236739470511,98.0,1.3975153762814247,0.01572136318908618,0.07882497055717957,1.9844674545084815,completed,True,COMPLETE
44,1.082782899189912,2026-06-13 07:24:57.482197,2026-06-13 07:25:20.070484,0 days 00:00:22.588287,,,,,,10.0,log2,3.0,6.0,418.0,,,,,ExtraTreesRegressor,,,,,,3,,,,,,,,True,,,,,,,,,-0.015776420242294763,-0.009867465748462978,98.0,-0.01282194299537887,0.0029544772469158923,0.014813383496010878,1.9844674545084815,1.0708813929234426,1.0946844054563813,98.0,1.082782899189912,0.011901506266469351,0.05967268040037341,1.9844674545084815,357563990839330.06,456637186594107.94,98.0,407100588716719.0,49536597877388.945,248370374898450.12,1.9844674545084815,3.077655683572596,3.1271123733067663,98.0,3.102384028439681,0.024728344867085122,0.12398486267583438,1.9844674545084815,0.9650718575772604,0.9802621319148931,98.0,0.9726669947460768,0.0075951371688163,0.03808107837145415,1.9844674545084815,99.0,0.20202020202020202,0.010473165333538162,0.01989886396600466,98.0,0.015186014649771411,0.004712849316233249,0.02362964356999267,1.9844674545084815,ExtraTreesRegressor,"{'mode': 'original', 'type': 'ExtraTreesRegressor'}",3,"['z_l3_T6W50', 'z_density_T6W50', 'z_asp_T6W50']",0.12030372979712496,0.16818969487941604,98.0,0.1442467123382705,0.023942982541145533,0.12004715310991823,1.9844674545084815,1.3688114654982162,1.399404033450536,98.0,1.384107749474376,0.015296283976159881,0.07669367595884315,1.9844674545084815,completed,True,COMPLETE
45,1.402841082356828,2026-06-13 07:25:20.083904,2026-06-13 07:25:21.678342,0 days 00:00:01.594438,17.0,3.0,13.0,,,,,,,,,,,,DecisionTreeRegressor,,,,,,9,,,,,,,,True,,,,,,,,,-0.3380276646390348,-0.2911497729561182,98.0,-0.3145887187975765,0.02343894584145827,0.11751997543869902,1.9844674545084815,1.3792755512564756,1.4264066134571805,98.0,1.402841082356828,0.02356553110035252,0.11815465827028955,1.9844674545084815,310553255605437.2,404363936903045.2,98.0,357458596254241.2,46905340648804.01,235177576597374.2,1.9844674545084815,4.016409096587934,4.207154825460836,98.0,4.111781961024385,0.09537286443645032,0.47818774623665783,1.9844674545084815,1.1503417821406479,1.2252080888637686,98.0,1.1877749355022083,0.03743315336156034,0.1876852010922147,1.9844674545084815,99.0,1.0,-0.627712079069634,-0.5299051846795528,98.0,-0.5788086318745934,0.04890344719504063,0.24519583568743497,1.9844674545084815,DecisionTreeRegressor,"{'mode': 'original', 'type': 'DecisionTreeRegressor'}",9,"['z_re_T6W50', 'z_pe_T6W50', 'z_l1_T6W50', 'z_l2_T6W50', 'z_l3_T6W50', 'z_lsc_T6W50', 'z_density_T6W50', 'z_diameter_T6W50', 'z_asp_T6W50']",-0.008604106294044872,0.04128384166482476,98.0,0.016339867685389944,0.024943973979434816,0.1250660003753969,1.9844674545084815,1.7182870601494578,1.770265334120449,98.0,1.7442761971349534,0.025989136985495712,0.1303063184183892,1.9844674545084815,completed,True,COMPLETE
46,1.1467937559074517,2026-06-13 07:25:21.690345,2026-06-13 07:25:23.388769,0 days 00:00:01.698424,,,,,,,,,,,,,,,LinearRegression,,,,,,8,,,,,,,,True,,,,,,,,,-0.0826366602513458,-0.06384049477423329,98.0,-0.07323857751278955,0.009398082738556258,0.047120824463549246,1.9844674545084815,1.1329786991491415,1.1606088126657619,98.0,1.1467937559074517,0.013815056758310193,0.06926698589188074,1.9844674545084815,363327431145977.7,466051457349022.94,98.0,414689444247500.3,51362013101522.63,257522781058550.34,1.9844674545084815,3.321775860203286,3.4185866550377506,98.0,3.3701812576205183,0.04840539741723243,0.24269867570203404,1.9844674545084815,1.0114524301548038,1.0432032080282607,98.0,1.0273278190915323,0.015875388936728425,0.07959723660541741,1.9844674545084815,99.0,0.7575757575757576,-0.08846460144850557,-0.05497297385533445,98.0,-0.07171878765192001,0.016745813796585563,0.08396143919556599,1.9844674545084815,LinearRegression,"{'mode': 'original', 'type': 'LinearRegression'}",8,"['z_re_T6W50', 'z_pe_T6W50', 'z_l1_T6W50', 'z_l2_T6W50', 'z_lsc_T6W50', 'z_density_T6W50', 'z_diameter_T6W50', 'z_asp_T6W50']",-0.05410186879365584,0.004411563858883687,98.0,-0.024845152467386077,0.029256716326269763,0.14668955708744852,1.9844674545084815,1.4250208718973123,1.4598018661107528,98.0,1.4424113690040326,0.01739049710672026,0.0871938015759065,1.9844674545084815,completed,True,COMPLETE
47,1.085972367687622,2026-06-13 07:25:23.400844,2026-06-13 07:25:25.139523,0 days 00:00:01.738679,,,,0.2949458041415269,0.5427244433475962,,,,,,,,,,ElasticNet,,,,,,4,,,,,,,,True,,,,,,,,,-0.017161559843213738,-0.014725157340933197,98.0,-0.015943358592073468,0.0012182012511402695,0.0061079104018480854,1.9844674545084815,1.0749518748103246,1.0969928605649195,98.0,1.085972367687622,0.011020492877297446,0.055255388233866755,1.9844674545084815,370401339798297.4,472745316586667.5,98.0,421573328192482.44,51171988394185.055,256570020678876.7,1.9844674545084815,3.0675037836404675,3.082388000621104,98.0,3.0749458921307857,0.0074421084903183625,0.037313811504584876,1.9844674545084815,0.9416918669524106,0.9599924697498576,98.0,0.9508421683511341,0.0091503013987235,0.045878479472086016,1.9844674545084815,99.0,1.0,-0.006429083693187131,-0.003524676143611544,98.0,-0.0049768799183993375,0.0014522037747877934,0.007281170113170481,1.9844674545084815,ElasticNet,"{'mode': 'original', 'type': 'ElasticNet'}",4,"['z_lsc_T6W50', 'z_density_T6W50', 'z_diameter_T6W50', 'z_asp_T6W50']",-0.13174872089040607,-0.04239186875411326,27.0,-0.08707029482225966,0.0446784260681464,0.11522199655054848,2.0518305164802846,1.383004193175102,1.4136967226731352,98.0,1.3983504579241186,0.015346264749016672,0.0769442733721512,1.9844674545084815,completed,True,COMPLETE
48,1.4001125489241948,2026-06-13 07:25:25.151842,2026-06-13 07:25:26.814317,0 days 00:00:01.662475,13.0,5.0,2.0,,,,,,,,,,,,DecisionTreeRegressor,,,,,,9,,,,,,,,True,,,,,,,,,-0.333032748507743,-0.28861281532681604,98.0,-0.3108227819172795,0.022209966590463474,0.11135802547864086,1.9844674545084815,1.3747900265601911,1.4254350712881985,98.0,1.4001125489241948,0.02532252236400373,0.12696399515544413,1.9844674545084815,314223384400327.1,408641684386443.25,98.0,361432534393385.2,47209149993058.03,236700839073267.12,1.9844674545084815,3.987831966634565,4.202251406782142,98.0,4.0950416867083534,0.10720972007378848,0.5375362763787822,1.9844674545084815,1.1518242362600675,1.2314209136517493,98.0,1.1916225749559084,0.03979833869584083,0.19954394782394574,1.9844674545084815,99.0,1.0,-0.604952196785229,-0.5121763834889114,98.0,-0.5585642901370702,0.04638790664815889,0.23258322651617705,1.9844674545084815,DecisionTreeRegressor,"{'mode': 'original', 'type': 'DecisionTreeRegressor'}",9,"['z_re_T6W50', 'z_pe_T6W50', 'z_l1_T6W50', 'z_l2_T6W50', 'z_l3_T6W50', 'z_lsc_T6W50', 'z_density_T6W50', 'z_diameter_T6W50', 'z_asp_T6W50']",-0.018795866495263797,0.0292967186085899,98.0,0.005250426056663052,0.02404629255192685,0.12056513672623419,1.9844674545084815,1.7070885856148381,1.7620619263295283,98.0,1.7345752559721832,0.027486670357345037,0.1378147655247039,1.9844674545084815,completed,True,COMPLETE
49,1.0691225985343633,2026-06-13 07:25:26.826535,2026-06-13 07:25:29.056007,0 days 00:00:02.229472,,,,,,,,,,,,,,4.244656636175243,QuantileRegressor,,,,,,5,,,,,,,,False,,,,,,,,,0.0,0.0,98.0,0.0,0.0,0.0,1.9844674545084815,1.0575870578016928,1.0806581392670338,98.0,1.0691225985343633,0.011535540732670515,0.05783777447779657,1.9844674545084815,378756762949842.25,482894502655208.6,98.0,430825632802525.44,52068869852683.18,261066873382366.97,1.9844674545084815,3.0,3.0,98.0,3.0,0.0,0.0,1.9844674545084815,1.0,1.0,98.0,1.0,0.0,0.0,1.9844674545084815,99.0,0.9191919191919192,-0.004402232239554242,-0.002812910014847294,98.0,-0.003607571127200768,0.0007946611123534741,0.00398433253088908,1.9844674545084815,QuantileRegressor,"{'mode': 'original', 'type': 'QuantileRegressor'}",5,"['z_l3_T6W50', 'z_lsc_T6W50', 'z_density_T6W50', 'z_diameter_T6W50', 'z_asp_T6W50']",,,,,,,,1.3817940130923385,1.413236739470511,98.0,1.3975153762814247,0.01572136318908618,0.07882497055717957,1.9844674545084815,completed,False,COMPLETE
50,1.1073918618142962,2026-06-13 07:25:29.068404,2026-06-13 07:25:31.036838,0 days 00:00:01.968434,,,,0.004742269251269964,0.8028534485980114,,,,,,,,,,ElasticNet,,,,,,2,,,,,,,,True,,,,,,,,,-0.04249046518565544,-0.030030506591683034,98.0,-0.03626048588866924,0.006229979296986202,0.031236345649573415,1.9844674545084815,1.0955705139207002,1.1192132097078922,98.0,1.1073918618142962,0.011821347893596026,0.05927077623305301,1.9844674545084815,366408151039445.6,468184069036844.4,98.0,417296110038145.0,50887958998699.375,255145932419655.38,1.9844674545084815,3.139470256668223,3.193177719334199,98.0,3.166323988001211,0.02685373133298808,0.13464128754067883,1.9844674545084815,0.9977634803305026,1.0158500535571309,98.0,1.0068067669438168,0.00904328661331421,0.045341920574004824,1.9844674545084815,99.0,0.5151515151515151,-0.02623773492447765,-0.007092636662505283,98.0,-0.016665185793491466,0.009572549130986183,0.04799557737658246,1.9844674545084815,ElasticNet,"{'mode': 'original', 'type': 'ElasticNet'}",2,"['z_diameter_T6W50', 'z_asp_T6W50']",0.021284884434758445,0.07349771428109039,98.0,0.04739129935792442,0.026106414923165972,0.1308943354925245,1.9844674545084815,1.3905124846971468,1.4208546497978236,98.0,1.4056835672474852,0.015171082550338388,0.07606593149512214,1.9844674545084815,completed,True,COMPLETE
51,1.1232973882241102,2026-06-13 07:25:31.057939,2026-06-13 07:25:42.097559,0 days 00:00:11.039620,,,,,,,,,,,,,,,RandomForestRegressor,5.0,sqrt,3.0,7.0,113.0,7,,,,,,,,False,,,,,,,,,-0.05872079931590963,-0.04340069583215272,98.0,-0.05106074757403117,0.007660051741878457,0.038406552011927546,1.9844674545084815,1.1101193336920376,1.1364754427561827,98.0,1.1232973882241102,0.013178054532072579,0.06607313551617701,1.9844674545084815,338861460535698.2,434514530927070.2,98.0,386687995731384.2,47826535195685.98,239796332118893.75,1.9844674545084815,3.1952452189374685,3.2875005173653276,98.0,3.241372868151398,0.0461276492139297,0.2312783279304969,1.9844674545084815,0.9635245446711826,1.0004701958050783,98.0,0.9819973702381305,0.018472825566947838,0.09262046260933789,1.9844674545084815,99.0,0.6060606060606061,-0.032648625764414754,-0.007733812982968925,98.0,-0.020191219373691838,0.012457406390722913,0.06245989486771926,1.9844674545084815,RandomForestRegressor,"{'mode': 'original', 'type': 'RandomForestRegressor'}",7,"['z_re_T6W50', 'z_pe_T6W50', 'z_l3_T6W50', 'z_lsc_T6W50', 'z_density_T6W50', 'z_diameter_T6W50', 'z_asp_T6W50']",0.051021260207177864,0.10144290251527252,98.0,0.0762320813612252,0.025210821154047332,0.12640393910431702,1.9844674545084815,1.3921348096055814,1.4233001451570602,98.0,1.4077174773813208,0.015582667775739285,0.07812956890898953,1.9844674545084815,completed,False,COMPLETE
