number,value,datetime_start,datetime_complete,duration,params_dt_max_depth,params_dt_min_samples_leaf,params_dt_min_samples_split,params_elastic_alpha,params_elastic_l1_ratio,params_et_max_depth,params_et_max_features,params_et_min_samples_leaf,params_et_min_samples_split,params_et_n_estimators,params_knn_metric,params_knn_n_neighbors,params_knn_weights,params_quantile_alpha,params_regressor,params_rf_max_depth,params_rf_max_features,params_rf_min_samples_leaf,params_rf_min_samples_split,params_rf_n_estimators,params_rfe_n_features,params_rfe_proxy_et_max_depth,params_rfe_proxy_et_min_samples_leaf,params_rfe_proxy_et_min_samples_split,params_rfe_proxy_et_n_estimators,params_rfe_proxy_lsvr_C,params_rfe_proxy_lsvr_epsilon,params_rfe_proxy_type,params_use_scaler,params_xgb_booster,params_xgb_colsample_bytree,params_xgb_learning_rate,params_xgb_max_depth,params_xgb_n_estimators,params_xgb_reg_alpha,params_xgb_reg_lambda,params_xgb_subsample,user_attrs_d2mae_ci_lower_val,user_attrs_d2mae_ci_upper_val,user_attrs_d2mae_df_val,user_attrs_d2mae_mean_val,user_attrs_d2mae_samperror_val,user_attrs_d2mae_std_val,user_attrs_d2mae_t_critical_val,user_attrs_mae_ci_lower_val,user_attrs_mae_ci_upper_val,user_attrs_mae_df_val,user_attrs_mae_mean_val,user_attrs_mae_samperror_val,user_attrs_mae_std_val,user_attrs_mae_t_critical_val,user_attrs_mape_ci_lower_val,user_attrs_mape_ci_upper_val,user_attrs_mape_df_val,user_attrs_mape_mean_val,user_attrs_mape_samperror_val,user_attrs_mape_std_val,user_attrs_mape_t_critical_val,user_attrs_max_error_ci_lower_val,user_attrs_max_error_ci_upper_val,user_attrs_max_error_df_val,user_attrs_max_error_mean_val,user_attrs_max_error_samperror_val,user_attrs_max_error_std_val,user_attrs_max_error_t_critical_val,user_attrs_median_ae_ci_lower_val,user_attrs_median_ae_ci_upper_val,user_attrs_median_ae_df_val,user_attrs_median_ae_mean_val,user_attrs_median_ae_samperror_val,user_attrs_median_ae_std_val,user_attrs_median_ae_t_critical_val,user_attrs_n_splits_val,user_attrs_r2_below_zero_val,user_attrs_r2_ci_lower_val,user_attrs_r2_ci_upper_val,user_attrs_r2_df_val,user_attrs_r2_mean_val,user_attrs_r2_samperror_val,user_attrs_r2_std_val,user_attrs_r2_t_critical_val,user_attrs_regressor_final,user_attrs_rfe_estimator,user_attrs_rfe_n_features,user_attrs_rfe_selected_features,user_attrs_rho_ci_lower_val,user_attrs_rho_ci_upper_val,user_attrs_rho_df_val,user_attrs_rho_mean_val,user_attrs_rho_samperror_val,user_attrs_rho_std_val,user_attrs_rho_t_critical_val,user_attrs_rmse_ci_lower_val,user_attrs_rmse_ci_upper_val,user_attrs_rmse_df_val,user_attrs_rmse_mean_val,user_attrs_rmse_samperror_val,user_attrs_rmse_std_val,user_attrs_rmse_t_critical_val,user_attrs_termination_reason,user_attrs_use_scaler_final,state
196,1.0844478336601688,2026-06-13 07:36:17.495874,2026-06-13 07:36:19.898846,0 days 00:00:02.402972,,,,,,,,,,,,,,,XGBRegressor,,,,,,7,,,,,,,,False,gblinear,0.9114919025208837,0.11941144217950807,10.0,86.0,2.4796739133918027,0.0007911989368573516,0.9025451592478313,-0.015362919987852521,-0.01360193394401199,98.0,-0.014482426965932256,0.0008804930219202652,0.004414683109467761,1.9844674545084815,1.0733265169527664,1.0955691503675713,98.0,1.0844478336601688,0.011121316707402486,0.05576090644777132,1.9844674545084815,370261105659323.8,472582161721691.8,98.0,421421633690507.8,51160528031183.98,256512559836246.84,1.9844674545084815,3.0623905775247895,3.0737132692852915,98.0,3.0680519234050405,0.005661345880251032,0.028385288028622696,1.9844674545084815,0.9334029822004124,0.9519650037272849,98.0,0.9426839929638486,0.00928101076343626,0.04653384006016678,1.9844674545084815,99.0,1.0,-0.003151139249551751,-0.0019109953719222716,98.0,-0.0025310673107370113,0.0006200719388147398,0.003108964008562298,1.9844674545084815,XGBRegressor,"{'mode': 'original', 'type': 'XGBRegressor'}",7,"['z_l1_T6W50', 'z_l2_T6W50', 'z_l3_T6W50', 'z_lsc_T6W50', 'z_density_T6W50', 'z_diameter_T6W50', 'z_asp_T6W50']",,,,,,,,1.381230191074386,1.4121686831751745,98.0,1.3966994371247803,0.015469246050394332,0.07756088640650355,1.9844674545084815,completed,False,COMPLETE
197,1.0903800999897564,2026-06-13 07:36:19.911900,2026-06-13 07:36:39.921186,0 days 00:00:20.009286,,,,,,16.0,log2,4.0,6.0,350.0,,,,,ExtraTreesRegressor,,,,,,5,,,,,,,,False,,,,,,,,,-0.0244955658598384,-0.015514659228796959,98.0,-0.02000511254431768,0.004490453315520721,0.02251457752913121,1.9844674545084815,1.0781690427591801,1.1025911572203326,98.0,1.0903800999897564,0.012211057230576213,0.061224730648064954,1.9844674545084815,347227624401830.75,443987457553289.1,98.0,395607540977559.94,48379916575729.19,242570917914295.94,1.9844674545084815,3.119855114982651,3.1917532107821356,98.0,3.155804162882393,0.03594904789974222,0.1802440798659858,1.9844674545084815,0.9556025638850001,0.9833106918073826,98.0,0.9694566278461914,0.013854063961191288,0.06946256318257998,1.9844674545084815,99.0,0.23232323232323232,0.0134265269469059,0.027207893594594183,98.0,0.020317210270750043,0.006890683323844142,0.0345490339220663,1.9844674545084815,ExtraTreesRegressor,"{'mode': 'original', 'type': 'ExtraTreesRegressor'}",5,"['z_pe_T6W50', 'z_l3_T6W50', 'z_density_T6W50', 'z_diameter_T6W50', 'z_asp_T6W50']",0.13096350221516406,0.17574076683676254,98.0,0.1533521345259633,0.022388632310799246,0.1122538333024065,1.9844674545084815,1.3650275953179507,1.3955362983680277,98.0,1.3802819468429892,0.01525435152503844,0.07648343183527169,1.9844674545084815,completed,False,COMPLETE
198,1.0961087171084345,2026-06-13 07:36:39.934294,2026-06-13 07:36:41.673896,0 days 00:00:01.739602,,,,0.02854162178907665,0.9271106288584273,,,,,,,,,,ElasticNet,,,,,,2,,,,,,,,True,,,,,,,,,-0.02952320109290521,-0.021557493662986663,98.0,-0.025540347377945936,0.003982853714959274,0.0199695359136008,1.9844674545084815,1.0847827076197096,1.1074347265971594,98.0,1.0961087171084345,0.011326009488724796,0.05678721073620601,1.9844674545084815,368543997626619.0,470755513962216.9,98.0,419649755794417.94,51105758167798.92,256237950515361.44,1.9844674545084815,3.1024969333999066,3.1348544307505413,98.0,3.118675682075224,0.016178748675317163,0.08111824481411341,1.9844674545084815,0.9724108888408927,0.987121566267781,98.0,0.9797662275543368,0.007355338713444202,0.036878758575325736,1.9844674545084815,99.0,0.6464646464646465,-0.020765133971614738,-0.00961511376345503,98.0,-0.015190123867534884,0.005575010104079854,0.027952411125209596,1.9844674545084815,ElasticNet,"{'mode': 'original', 'type': 'ElasticNet'}",2,"['z_pe_T6W50', 'z_asp_T6W50']",-0.02307400941354236,0.030372134561188348,97.0,0.0036490625738229924,0.026723071987365354,0.1332905856563961,1.9847231860139845,1.3900632908584878,1.4201412559018192,98.0,1.4051022733801535,0.015038982521665642,0.07540359828994815,1.9844674545084815,completed,True,COMPLETE
199,1.1576270307306014,2026-06-13 07:36:41.686432,2026-06-13 07:36:41.790280,0 days 00:00:00.103848,,,,,,,,,,,,,,,LinearRegression,,,,,,8,,,,,,,,False,,,,,,,,,,,,,,,,,,,,,,,,,,,,,,,,,,,,,,,,,,,,,,,,,,,,,LinearRegression,"{'mode': 'original', 'type': 'LinearRegression'}",8,"['z_re_T6W50', 'z_pe_T6W50', 'z_l1_T6W50', 'z_l2_T6W50', 'z_lsc_T6W50', 'z_density_T6W50', 'z_diameter_T6W50', 'z_asp_T6W50']",,,,,,,,,,,,,,,pruned,False,PRUNED
200,1.1576270307306014,2026-06-13 07:36:41.799906,2026-06-13 07:36:41.919837,0 days 00:00:00.119931,,,,,,,,,,,,,,,LinearRegression,,,,,,8,,,,,,,,False,,,,,,,,,,,,,,,,,,,,,,,,,,,,,,,,,,,,,,,,,,,,,,,,,,,,,LinearRegression,"{'mode': 'original', 'type': 'LinearRegression'}",8,"['z_re_T6W50', 'z_pe_T6W50', 'z_l1_T6W50', 'z_l2_T6W50', 'z_lsc_T6W50', 'z_density_T6W50', 'z_diameter_T6W50', 'z_asp_T6W50']",,,,,,,,,,,,,,,pruned,False,PRUNED
201,1.0691225985343633,2026-06-13 07:36:41.932407,2026-06-13 07:36:44.265749,0 days 00:00:02.333342,,,,,,,,,,,,,,0.05845961471326635,QuantileRegressor,,,,,,6,,,,,,,,False,,,,,,,,,0.0,0.0,98.0,0.0,0.0,0.0,1.9844674545084815,1.0575870578016928,1.0806581392670338,98.0,1.0691225985343633,0.011535540732670515,0.05783777447779657,1.9844674545084815,378756762949842.25,482894502655208.6,98.0,430825632802525.44,52068869852683.18,261066873382366.97,1.9844674545084815,3.0,3.0,98.0,3.0,0.0,0.0,1.9844674545084815,1.0,1.0,98.0,1.0,0.0,0.0,1.9844674545084815,99.0,0.9191919191919192,-0.004402232239554242,-0.002812910014847294,98.0,-0.003607571127200768,0.0007946611123534741,0.00398433253088908,1.9844674545084815,QuantileRegressor,"{'mode': 'original', 'type': 'QuantileRegressor'}",6,"['z_l2_T6W50', 'z_l3_T6W50', 'z_lsc_T6W50', 'z_density_T6W50', 'z_diameter_T6W50', 'z_asp_T6W50']",,,,,,,,1.3817940130923385,1.413236739470511,98.0,1.3975153762814247,0.01572136318908618,0.07882497055717957,1.9844674545084815,completed,False,COMPLETE
202,1.1174780574845105,2026-06-13 07:36:44.278458,2026-06-13 07:36:46.061064,0 days 00:00:01.782606,,,,0.000787528498540362,0.6939495905101568,,,,,,,,,,ElasticNet,,,,,,3,,,,,,,,False,,,,,,,,,-0.053033051986228735,-0.03835075780235486,98.0,-0.0456919048942918,0.007341147091936934,0.03680760354035742,1.9844674545084815,1.1048854981217715,1.1300706168472494,98.0,1.1174780574845105,0.012592559362739047,0.06313753515321834,1.9844674545084815,368367745852387.44,470482793824462.7,98.0,419425269838425.06,51057523986037.64,255996110293781.8,1.9844674545084815,3.1493035750748475,3.21047760112219,98.0,3.1798905880985187,0.030587013023671363,0.1533595001924961,1.9844674545084815,1.0032697763529959,1.0275764172631405,98.0,1.0154230968080682,0.012153320455072275,0.060935245596773484,1.9844674545084815,99.0,0.5353535353535354,-0.03645757075939062,-0.013369043897714402,98.0,-0.02491330732855251,0.011544263430838109,0.05788150900755522,1.9844674545084815,ElasticNet,"{'mode': 'original', 'type': 'ElasticNet'}",3,"['z_l2_T6W50', 'z_diameter_T6W50', 'z_asp_T6W50']",0.01815367829781026,0.07187390686657952,98.0,0.045013792582194886,0.026860114284384628,0.1346732908695155,1.9844674545084815,1.3954666223422998,1.426913702773009,98.0,1.4111901625576544,0.015723540215354635,0.07883588589762741,1.9844674545084815,completed,False,COMPLETE
203,1.1002398153611166,2026-06-13 07:36:46.077982,2026-06-13 07:37:10.700099,0 days 00:00:24.622117,,,,,,6.0,,1.0,5.0,451.0,,,,,ExtraTreesRegressor,,,,,,3,,,,,,,,False,,,,,,,,,-0.03741911150336257,-0.021083802308020518,98.0,-0.029251456905691545,0.008167654597671025,0.04095160994878418,1.9844674545084815,1.0861623558781017,1.1143172748441315,98.0,1.1002398153611166,0.014077459483014854,0.07058264069866794,1.9844674545084815,352016673688173.3,450441301123323.44,98.0,401228987405748.4,49212313717575.04,246744454229736.38,1.9844674545084815,3.20323537505458,3.290169348037297,98.0,3.2467023615459385,0.04346698649135836,0.217938094119547,1.9844674545084815,0.9539195952694893,0.979505993121342,98.0,0.9667127941954157,0.012793198925926364,0.06414351710724028,1.9844674545084815,99.0,0.494949494949495,-0.021778590308888346,0.0027127743269095093,98.0,-0.009532907990989417,0.012245682317898927,0.06139833655334977,1.9844674545084815,ExtraTreesRegressor,"{'mode': 'original', 'type': 'ExtraTreesRegressor'}",3,"['z_l1_T6W50', 'z_lsc_T6W50', 'z_asp_T6W50']",0.07569133254701815,0.12781393935700064,98.0,0.1017526359520094,0.02606130340499125,0.13066815191994596,1.9844674545084815,1.384257504316845,1.4170107531528306,98.0,1.4006341287348378,0.016376624417992917,0.08211036931392932,1.9844674545084815,completed,False,COMPLETE
204,1.1021693365952379,2026-06-13 07:37:10.712926,2026-06-13 07:37:31.727629,0 days 00:00:21.014703,,,,,,15.0,log2,3.0,3.0,364.0,,,,,ExtraTreesRegressor,,,,,,6,,,,,,,,False,,,,,,,,,-0.0366128373767141,-0.025701099662110358,98.0,-0.03115696851941223,0.005455868857301872,0.02735505164966872,1.9844674545084815,1.0899296253088788,1.114409047881597,98.0,1.1021693365952379,0.012239711286359006,0.06136839853972657,1.9844674545084815,348621865405780.8,445905858340853.8,98.0,397263861873317.3,48641996467536.48,243884954076864.8,1.9844674545084815,3.1218489993064398,3.1846902913724136,98.0,3.1532696453394267,0.0314206460329871,0.1575392329945742,1.9844674545084815,0.968411997947604,0.9948464982584786,98.0,0.9816292481030413,0.013217250155437338,0.06626965752387684,1.9844674545084815,99.0,0.3838383838383838,-0.0026388137712009072,0.014052113814221992,98.0,0.005706650021510542,0.00834546379271145,0.04184312326065698,1.9844674545084815,ExtraTreesRegressor,"{'mode': 'original', 'type': 'ExtraTreesRegressor'}",6,"['z_re_T6W50', 'z_pe_T6W50', 'z_l3_T6W50', 'z_lsc_T6W50', 'z_density_T6W50', 'z_asp_T6W50']",0.07634232814775052,0.1284348089842387,98.0,0.10238856856599461,0.026046240418244097,0.13059262796743834,1.9844674545084815,1.3753005171618269,1.4052206724719647,98.0,1.3902605948168958,0.014960077655068968,0.07500797904806086,1.9844674545084815,completed,False,COMPLETE
205,1.118916774657234,2026-06-13 07:37:31.741498,2026-06-13 07:37:31.973891,0 days 00:00:00.232393,,,,,,,,,,,minkowski,18.0,distance,,KNeighborsRegressor,,,,,,7,,,,,0.1748691422370216,0.0326366689670085,LinearSVR,,,,,,,,,,,,,,,,,,,,,,,,,,,,,,,,,,,,,,,,,,,,,,,,,,,,,,KNeighborsRegressor,"{'mode': 'proxy', 'type': 'LinearSVR'}",7,"['z_re_T6W50', 'z_pe_T6W50', 'z_l1_T6W50', 'z_l2_T6W50', 'z_l3_T6W50', 'z_density_T6W50', 'z_diameter_T6W50']",,,,,,,,,,,,,,,pruned,True,PRUNED
206,1.354751775457658,2026-06-13 07:37:31.984775,2026-06-13 07:37:32.180648,0 days 00:00:00.195873,10.0,5.0,5.0,,,,,,,,,,,,DecisionTreeRegressor,,,,,,9,,,,,,,,False,,,,,,,,,,,,,,,,,,,,,,,,,,,,,,,,,,,,,,,,,,,,,,,,,,,,,DecisionTreeRegressor,"{'mode': 'original', 'type': 'DecisionTreeRegressor'}",9,"['z_re_T6W50', 'z_pe_T6W50', 'z_l1_T6W50', 'z_l2_T6W50', 'z_l3_T6W50', 'z_lsc_T6W50', 'z_density_T6W50', 'z_diameter_T6W50', 'z_asp_T6W50']",,,,,,,,,,,,,,,pruned,False,PRUNED
207,1.0911569403222743,2026-06-13 07:37:32.190481,2026-06-13 07:37:57.455159,0 days 00:00:25.264678,,,,,,3.0,log2,1.0,9.0,486.0,,,,,ExtraTreesRegressor,,,,,,9,,,,,,,,False,,,,,,,,,-0.024353572828867787,-0.017323256969393016,98.0,-0.0208384148991304,0.0035151579297373866,0.017624567092740226,1.9844674545084815,1.0797227464007166,1.102591134243832,98.0,1.0911569403222743,0.011434193921557556,0.057329634101802404,1.9844674545084815,362070605714770.75,462827787251969.75,98.0,412449196483370.25,50378590768599.516,252592023114369.6,1.9844674545084815,3.0968210351347882,3.134405878671149,98.0,3.1156134569029685,0.01879242176818024,0.094222878433547,1.9844674545084815,0.9778054244342327,0.9906874784889008,98.0,0.9842464514615668,0.006441027027334094,0.032294512866420155,1.9844674545084815,99.0,0.5252525252525253,-0.008159105460749922,0.001749988451141537,98.0,-0.0032045585048041925,0.0049545469559457295,0.024841485641506032,1.9844674545084815,ExtraTreesRegressor,"{'mode': 'original', 'type': 'ExtraTreesRegressor'}",9,"['z_re_T6W50', 'z_pe_T6W50', 'z_l1_T6W50', 'z_l2_T6W50', 'z_l3_T6W50', 'z_lsc_T6W50', 'z_density_T6W50', 'z_diameter_T6W50', 'z_asp_T6W50']",0.04242451378813637,0.09499210520382716,98.0,0.06870830949598176,0.026283795707845392,0.1317837008078345,1.9844674545084815,1.3818379584960703,1.4118341556375185,98.0,1.3968360570667944,0.014998098570724146,0.0751986112165968,1.9844674545084815,completed,False,COMPLETE
208,1.146246174191322,2026-06-13 07:37:57.467642,2026-06-13 07:37:57.565580,0 days 00:00:00.097938,,,,,,,,,,,,,,,LinearRegression,,,,,,7,,,,,,,,True,,,,,,,,,,,,,,,,,,,,,,,,,,,,,,,,,,,,,,,,,,,,,,,,,,,,,LinearRegression,"{'mode': 'original', 'type': 'LinearRegression'}",7,"['z_re_T6W50', 'z_pe_T6W50', 'z_l1_T6W50', 'z_l2_T6W50', 'z_density_T6W50', 'z_diameter_T6W50', 'z_asp_T6W50']",,,,,,,,,,,,,,,pruned,True,PRUNED
209,1.3490196078431373,2026-06-13 07:37:57.575762,2026-06-13 07:37:57.929454,0 days 00:00:00.353692,,,,,,,,,,,minkowski,2.0,uniform,,KNeighborsRegressor,,,,,,3,8.0,1.0,10.0,60.0,,,ExtraTrees,,,,,,,,,,,,,,,,,,,,,,,,,,,,,,,,,,,,,,,,,,,,,,,,,,,,,,KNeighborsRegressor,"{'mode': 'proxy', 'type': 'ExtraTrees'}",3,"['z_l3_T6W50', 'z_lsc_T6W50', 'z_asp_T6W50']",,,,,,,,,,,,,,,pruned,True,PRUNED
210,1.0691225985343633,2026-06-13 07:37:57.939316,2026-06-13 07:38:00.319312,0 days 00:00:02.379996,,,,,,,,,,,,,,0.023421035943396177,QuantileRegressor,,,,,,7,,,,,,,,True,,,,,,,,,-1.3653713377438097e-16,-5.635009878675734e-17,98.0,-9.644361628056916e-17,4.0093517493811815e-17,2.0102393780823154e-16,1.9844674545084815,1.0575870578016928,1.0806581392670338,98.0,1.0691225985343633,0.011535540732670506,0.057837774477796526,1.9844674545084815,378756762949842.3,482894502655208.7,98.0,430825632802525.5,52068869852683.17,261066873382366.94,1.9844674545084815,3.0,3.0,98.0,3.0,1.4454524863198921e-16,7.247319987815272e-16,1.9844674545084815,0.9999999999999999,1.0000000000000002,98.0,1.0,1.4033019230809955e-16,7.03598227706376e-16,1.9844674545084815,99.0,0.9191919191919192,-0.004402232239554242,-0.0028129100148472945,98.0,-0.003607571127200768,0.0007946611123534737,0.0039843325308890785,1.9844674545084815,QuantileRegressor,"{'mode': 'original', 'type': 'QuantileRegressor'}",7,"['z_l1_T6W50', 'z_l2_T6W50', 'z_l3_T6W50', 'z_lsc_T6W50', 'z_density_T6W50', 'z_diameter_T6W50', 'z_asp_T6W50']",,,0.0,0.03298290035766864,,,,1.3817940130923385,1.413236739470511,98.0,1.3975153762814247,0.01572136318908618,0.07882497055717957,1.9844674545084815,completed,True,COMPLETE
211,1.3193277310924372,2026-06-13 07:38:00.331984,2026-06-13 07:38:00.445055,0 days 00:00:00.113071,15.0,5.0,9.0,,,,,,,,,,,,DecisionTreeRegressor,,,,,,7,,,,,,,,True,,,,,,,,,,,,,,,,,,,,,,,,,,,,,,,,,,,,,,,,,,,,,,,,,,,,,DecisionTreeRegressor,"{'mode': 'original', 'type': 'DecisionTreeRegressor'}",7,"['z_re_T6W50', 'z_pe_T6W50', 'z_l3_T6W50', 'z_lsc_T6W50', 'z_density_T6W50', 'z_diameter_T6W50', 'z_asp_T6W50']",,,,,,,,,,,,,,,pruned,True,PRUNED
212,1.0805520985814747,2026-06-13 07:38:00.454693,2026-06-13 07:38:09.162792,0 days 00:00:08.708099,,,,,,13.0,sqrt,4.0,4.0,148.0,,,,,ExtraTreesRegressor,,,,,,3,,,,,,,,False,,,,,,,,,-0.01329116883355241,-0.008197867924823878,98.0,-0.010744518379188144,0.0025466504543642655,0.012768590399593676,1.9844674545084815,1.0688162375255275,1.092287959637422,98.0,1.0805520985814747,0.011735861055947172,0.05884215580239117,1.9844674545084815,361152840507825.75,461216526989421.75,98.0,411184683748623.75,50031843240797.99,250853473896913.4,1.9844674545084815,3.0805330803368727,3.1180857241929147,98.0,3.0993094022648937,0.018776321928020995,0.09414215582627279,1.9844674545084815,0.970239189516723,0.9831440091713886,98.0,0.9766915993440558,0.006452409827332746,0.032351584817749086,1.9844674545084815,99.0,0.23232323232323232,0.006902621346291517,0.014716621180668698,98.0,0.010809621263480108,0.003906999917188591,0.019589214353440222,1.9844674545084815,ExtraTreesRegressor,"{'mode': 'original', 'type': 'ExtraTreesRegressor'}",3,"['z_l3_T6W50', 'z_density_T6W50', 'z_asp_T6W50']",0.11095365585824873,0.15969621047989652,98.0,0.13532493316907263,0.024371277310823898,0.12219457011209829,1.9844674545084815,1.3719266877952414,1.4025409438572316,98.0,1.3872338158262365,0.015307128030995171,0.07674804670855685,1.9844674545084815,completed,False,COMPLETE
213,1.1052672698677681,2026-06-13 07:38:09.190004,2026-06-13 07:38:20.628414,0 days 00:00:11.438410,,,,,,,,,,,,,,,XGBRegressor,,,,,,8,,,,,,,,False,gbtree,0.944059094467018,0.006312158622574144,8.0,67.0,8.46477785593672e-06,1.284245525384529,0.9489595934788329,-0.03800390914976117,-0.0299610762482515,98.0,-0.033982492699006335,0.004021416450754835,0.020162884701306408,1.9844674545084815,1.0933552429631486,1.1171792967723877,98.0,1.1052672698677681,0.011912026904619566,0.059725429578829446,1.9844674545084815,356363616214379.75,455616638007861.75,98.0,405990127111120.75,49626510896741.03,248821187656726.4,1.9844674545084815,3.156259337956883,3.21129379981272,98.0,3.1837765688848014,0.02751723092791836,0.13796799244572086,1.9844674545084815,0.9774500792490768,0.9978880763239879,98.0,0.9876690777865323,0.010218998537455542,0.05123679474550803,1.9844674545084815,99.0,0.6262626262626263,-0.019660947573710584,-0.006802643231912678,98.0,-0.01323179540281163,0.006429152170898953,0.03223497380497792,1.9844674545084815,XGBRegressor,"{'mode': 'original', 'type': 'XGBRegressor'}",8,"['z_pe_T6W50', 'z_l1_T6W50', 'z_l2_T6W50', 'z_l3_T6W50', 'z_lsc_T6W50', 'z_density_T6W50', 'z_diameter_T6W50', 'z_asp_T6W50']",-0.005396654819089613,0.04382153056398154,98.0,0.01921243787244596,0.024609092691535574,0.12338694701715293,1.9844674545084815,1.3883688951348332,1.4191575182117737,98.0,1.4037632066733035,0.015394311538470285,0.07718517403187754,1.9844674545084815,completed,False,COMPLETE
214,1.0922432284624877,2026-06-13 07:38:20.641314,2026-06-13 07:38:29.636319,0 days 00:00:08.995005,,,,,,2.0,,1.0,6.0,158.0,,,,,ExtraTreesRegressor,,,,,,6,,,,,,,,False,,,,,,,,,-0.025812172236798298,-0.01797263548561516,98.0,-0.02189240386120673,0.003919768375591568,0.019653233824625388,1.9844674545084815,1.0808196963583994,1.103666760566576,98.0,1.0922432284624877,0.011423532104088339,0.05727617706770243,1.9844674545084815,362364571398397.25,463378289598551.75,98.0,412871430498474.5,50506859100077.28,253235144663725.6,1.9844674545084815,3.0972697806370055,3.1493628285349144,98.0,3.12331630458596,0.026046523948954414,0.1305940495553518,1.9844674545084815,0.9784591933482951,0.9916428198077527,98.0,0.9850510065780239,0.006591813229728804,0.03305053623546509,1.9844674545084815,99.0,0.5656565656565656,-0.011480947001837973,0.00011015301471499137,98.0,-0.005685396993561491,0.005795550008276482,0.029058170927708814,1.9844674545084815,ExtraTreesRegressor,"{'mode': 'original', 'type': 'ExtraTreesRegressor'}",6,"['z_re_T6W50', 'z_l1_T6W50', 'z_lsc_T6W50', 'z_density_T6W50', 'z_diameter_T6W50', 'z_asp_T6W50']",0.044264355199159604,0.0959412327934469,98.0,0.07010279399630326,0.025838438797143655,0.12955073634086822,1.9844674545084815,1.38351249910267,1.4134504090507902,98.0,1.39848145407673,0.014968954974060185,0.07505248882750512,1.9844674545084815,completed,False,COMPLETE
