number,value,datetime_start,datetime_complete,duration,params_dt_max_depth,params_dt_min_samples_leaf,params_dt_min_samples_split,params_elastic_alpha,params_elastic_l1_ratio,params_et_max_depth,params_et_max_features,params_et_min_samples_leaf,params_et_min_samples_split,params_et_n_estimators,params_knn_metric,params_knn_n_neighbors,params_knn_weights,params_quantile_alpha,params_regressor,params_rf_max_depth,params_rf_max_features,params_rf_min_samples_leaf,params_rf_min_samples_split,params_rf_n_estimators,params_rfe_n_features,params_rfe_proxy_et_max_depth,params_rfe_proxy_et_min_samples_leaf,params_rfe_proxy_et_min_samples_split,params_rfe_proxy_et_n_estimators,params_rfe_proxy_lsvr_C,params_rfe_proxy_lsvr_epsilon,params_rfe_proxy_type,params_use_scaler,params_xgb_booster,params_xgb_colsample_bytree,params_xgb_learning_rate,params_xgb_max_depth,params_xgb_n_estimators,params_xgb_reg_alpha,params_xgb_reg_lambda,params_xgb_subsample,user_attrs_d2mae_ci_lower_val,user_attrs_d2mae_ci_upper_val,user_attrs_d2mae_df_val,user_attrs_d2mae_mean_val,user_attrs_d2mae_samperror_val,user_attrs_d2mae_std_val,user_attrs_d2mae_t_critical_val,user_attrs_mae_ci_lower_val,user_attrs_mae_ci_upper_val,user_attrs_mae_df_val,user_attrs_mae_mean_val,user_attrs_mae_samperror_val,user_attrs_mae_std_val,user_attrs_mae_t_critical_val,user_attrs_mape_ci_lower_val,user_attrs_mape_ci_upper_val,user_attrs_mape_df_val,user_attrs_mape_mean_val,user_attrs_mape_samperror_val,user_attrs_mape_std_val,user_attrs_mape_t_critical_val,user_attrs_max_error_ci_lower_val,user_attrs_max_error_ci_upper_val,user_attrs_max_error_df_val,user_attrs_max_error_mean_val,user_attrs_max_error_samperror_val,user_attrs_max_error_std_val,user_attrs_max_error_t_critical_val,user_attrs_median_ae_ci_lower_val,user_attrs_median_ae_ci_upper_val,user_attrs_median_ae_df_val,user_attrs_median_ae_mean_val,user_attrs_median_ae_samperror_val,user_attrs_median_ae_std_val,user_attrs_median_ae_t_critical_val,user_attrs_n_splits_val,user_attrs_r2_below_zero_val,user_attrs_r2_ci_lower_val,user_attrs_r2_ci_upper_val,user_attrs_r2_df_val,user_attrs_r2_mean_val,user_attrs_r2_samperror_val,user_attrs_r2_std_val,user_attrs_r2_t_critical_val,user_attrs_regressor_final,user_attrs_rfe_estimator,user_attrs_rfe_n_features,user_attrs_rfe_selected_features,user_attrs_rho_ci_lower_val,user_attrs_rho_ci_upper_val,user_attrs_rho_df_val,user_attrs_rho_mean_val,user_attrs_rho_samperror_val,user_attrs_rho_std_val,user_attrs_rho_t_critical_val,user_attrs_rmse_ci_lower_val,user_attrs_rmse_ci_upper_val,user_attrs_rmse_df_val,user_attrs_rmse_mean_val,user_attrs_rmse_samperror_val,user_attrs_rmse_std_val,user_attrs_rmse_t_critical_val,user_attrs_termination_reason,user_attrs_use_scaler_final,state
25,1.2853730189095491,2026-06-13 07:22:36.573161,2026-06-13 07:22:48.658008,0 days 00:00:12.084847,,,,,,,,,,,,,,,XGBRegressor,,,,,,9,,,,,,,,True,gbtree,0.6881297927654579,0.2769773095430998,10.0,416.0,5.642953223871804e-08,0.09870115694031281,0.8766890926294708,-0.21978077827959622,-0.18730378970044162,98.0,-0.20354228399001892,0.016238494289577292,0.08141780193446826,1.9844674545084815,1.2668098087515784,1.3039362290675198,98.0,1.2853730189095491,0.018563210157970675,0.0930736397696457,1.9844674545084815,317710480306833.06,413187276563387.8,98.0,365448878435110.44,47738398128277.36,239354423764006.06,1.9844674545084815,3.704451383691083,3.9094481771987297,98.0,3.8069497804449064,0.10249839675382329,0.513914283965337,1.9844674545084815,1.0640257405632652,1.1217852371991304,98.0,1.0929054888811978,0.02887974831793254,0.14479948611836055,1.9844674545084815,99.0,0.9797979797979798,-0.3452760049278905,-0.27883364737856314,98.0,-0.3120548261532268,0.033221178774663684,0.16656688146518647,1.9844674545084815,XGBRegressor,"{'mode': 'original', 'type': 'XGBRegressor'}",9,"['z_re_T6W50', 'z_pe_T6W50', 'z_l1_T6W50', 'z_l2_T6W50', 'z_l3_T6W50', 'z_lsc_T6W50', 'z_density_T6W50', 'z_diameter_T6W50', 'z_asp_T6W50']",-0.028326097461116844,0.02202227993208693,98.0,-0.0031519087645149567,0.025174188696601887,0.12622026849351536,1.9844674545084815,1.5716023494904594,1.6133961545877347,98.0,1.592499252039097,0.020896902548637568,0.104774484777255,1.9844674545084815,completed,True,COMPLETE
26,1.1524548728906607,2026-06-13 07:22:48.671385,2026-06-13 07:23:10.530311,0 days 00:00:21.858926,,,,,,,,,,,,,,,XGBRegressor,,,,,,9,,,,,,,,True,gbtree,0.6117979192597263,0.005102035565208404,5.0,483.0,4.666624480502756,1.286442182600391e-08,0.9342995640947301,-0.08691710197180044,-0.06991348815332399,98.0,-0.07841529506256222,0.00850180690923823,0.04262700830986164,1.9844674545084815,1.1387822140158532,1.1661275317654682,98.0,1.1524548728906607,0.013672658874807536,0.0685530205162641,1.9844674545084815,342232723359303.6,438374074366480.75,98.0,390303398862892.2,48070675503588.555,241020421426594.56,1.9844674545084815,3.2248515576136496,3.318220242194429,98.0,3.2715358999040394,0.04668434229038959,0.2340695181621302,1.9844674545084815,0.9739942543068629,1.0126901788306646,98.0,0.9933422165687638,0.019347962261900806,0.09700828975788076,1.9844674545084815,99.0,0.7878787878787878,-0.07013018211924436,-0.04162694530353687,98.0,-0.05587856371139061,0.014251618407853746,0.07145585200722837,1.9844674545084815,XGBRegressor,"{'mode': 'original', 'type': 'XGBRegressor'}",9,"['z_re_T6W50', 'z_pe_T6W50', 'z_l1_T6W50', 'z_l2_T6W50', 'z_l3_T6W50', 'z_lsc_T6W50', 'z_density_T6W50', 'z_diameter_T6W50', 'z_asp_T6W50']",-0.0011406084906068759,0.053498050108523564,98.0,0.026178720808958344,0.02731932929956522,0.13697573815832015,1.9844674545084815,1.4158988716079697,1.4478177008741278,98.0,1.4318582862410487,0.015959414633079122,0.08001853105432934,1.9844674545084815,completed,True,COMPLETE
27,1.0867679149848695,2026-06-13 07:23:10.542741,2026-06-13 07:23:12.360488,0 days 00:00:01.817747,,,,0.08347790852520648,0.901158010490989,,,,,,,,,,ElasticNet,,,,,,2,,,,,,,,False,,,,,,,,,-0.0182275983523197,-0.0151733251223505,98.0,-0.0167004617373351,0.0015271366149846003,0.007656874105962881,1.9844674545084815,1.0757507568486133,1.0977850731211256,98.0,1.0867679149848695,0.01101715813625623,0.05523866825473847,1.9844674545084815,370141881860168.06,472524956422817.3,98.0,421333419141492.7,51191537281324.62,256668036381120.1,1.9844674545084815,3.069728843433996,3.0841079494860315,98.0,3.0769183964600137,0.0071895530260177075,0.036047529643519934,1.9844674545084815,0.9467898813681149,0.9646633077484531,98.0,0.955726594558284,0.008936713190169084,0.04480757461172694,1.9844674545084815,99.0,0.9191919191919192,-0.007615634560110188,-0.0038240840622630673,98.0,-0.0057198593111866276,0.00189577524892356,0.009505182622023977,1.9844674545084815,ElasticNet,"{'mode': 'original', 'type': 'ElasticNet'}",2,"['z_diameter_T6W50', 'z_asp_T6W50']",-0.05921057975234649,0.010170270211757579,44.0,-0.024520154770294456,0.034690424982052034,0.11546799116727048,2.0153675744437636,1.3835602271585874,1.4141036127848314,98.0,1.3988319199717094,0.015271692813122002,0.07657037890889183,1.9844674545084815,completed,False,COMPLETE
28,1.1523350854281125,2026-06-13 07:23:12.372797,2026-06-13 07:23:14.603691,0 days 00:00:02.230894,,,,0.0002447220966646715,0.9743948076661665,,,,,,,,,,ElasticNet,,,,,,9,,,,,,,,False,,,,,,,,,-0.08849496726160803,-0.0685093269399998,98.0,-0.07850214710080392,0.009992820160804116,0.050102764339506355,1.9844674545084815,1.1382982925471306,1.1663718783090944,98.0,1.1523350854281125,0.014036792880981953,0.07037874338586181,1.9844674545084815,360557493439489.7,462433837273188.56,98.0,411495665356339.1,50938171916849.42,255397693780751.25,1.9844674545084815,3.308202541527314,3.402167310689684,98.0,3.355184926108499,0.046982384581185005,0.2355638653452709,1.9844674545084815,1.0069518689987962,1.039012222606327,98.0,1.0229820458025616,0.016030176803765502,0.08037332382603939,1.9844674545084815,99.0,0.8080808080808081,-0.09818064074406255,-0.06226111778223447,98.0,-0.08022087926314851,0.017959761480914042,0.09004802273951569,1.9844674545084815,ElasticNet,"{'mode': 'original', 'type': 'ElasticNet'}",9,"['z_re_T6W50', 'z_pe_T6W50', 'z_l1_T6W50', 'z_l2_T6W50', 'z_l3_T6W50', 'z_lsc_T6W50', 'z_density_T6W50', 'z_diameter_T6W50', 'z_asp_T6W50']",-0.06329280072778462,-0.003973902181459255,98.0,-0.033633351454621936,0.02965944927316268,0.14870881027175753,1.9844674545084815,1.4304709731640677,1.4652036378803994,98.0,1.4478373055222336,0.017366332358165783,0.08707264251543453,1.9844674545084815,completed,False,COMPLETE
29,1.3939120833983536,2026-06-13 07:23:14.616456,2026-06-13 07:23:16.340247,0 days 00:00:01.723791,13.0,5.0,9.0,,,,,,,,,,,,DecisionTreeRegressor,,,,,,8,,,,,,,,True,,,,,,,,,-0.3287973201563641,-0.28047302718352896,98.0,-0.3046351736699465,0.02416214648641759,0.12114601402455305,1.9844674545084815,1.36588042703243,1.4219437397642771,98.0,1.3939120833983536,0.028031656365923516,0.1405472579659507,1.9844674545084815,322164854301341.6,422433342302704.25,98.0,372299098302022.94,50134244000681.29,251366898641686.0,1.9844674545084815,4.0097145084377095,4.1940212619647275,98.0,4.1018678852012185,0.09215337676350882,0.46204563324196607,1.9844674545084815,1.1322081297403273,1.2138997747009106,98.0,1.173053952220619,0.040845822480291734,0.20479590196274364,1.9844674545084815,99.0,1.0,-0.5964380192230881,-0.5003119768421765,98.0,-0.5483749980326323,0.04806302119045576,0.24098204364725878,1.9844674545084815,DecisionTreeRegressor,"{'mode': 'original', 'type': 'DecisionTreeRegressor'}",8,"['z_re_T6W50', 'z_pe_T6W50', 'z_l2_T6W50', 'z_l3_T6W50', 'z_lsc_T6W50', 'z_density_T6W50', 'z_diameter_T6W50', 'z_asp_T6W50']",-0.013995810460037249,0.03917998217859119,98.0,0.012592085859276972,0.02658789631931422,0.13330842366151752,1.9844674545084815,1.6995058081566634,1.7585360166912996,98.0,1.7290209124239815,0.029515104267318147,0.14798508226554558,1.9844674545084815,completed,True,COMPLETE
30,1.120008370688232,2026-06-13 07:23:16.352755,2026-06-13 07:23:40.209262,0 days 00:00:23.856507,,,,,,10.0,log2,2.0,6.0,428.0,,,,,ExtraTreesRegressor,,,,,,9,,,,,,,,True,,,,,,,,,-0.055479243358299,-0.040504342658668244,98.0,-0.04799179300848362,0.007487450349815379,0.03754114998006397,1.9844674545084815,1.1070021077522514,1.1330146336242126,98.0,1.120008370688232,0.013006262935980676,0.06521179370115453,1.9844674545084815,341930726413112.9,437733818286616.75,98.0,389832272349864.8,47901545936751.945,240172426697009.03,1.9844674545084815,3.1757246040331912,3.2586434316370685,98.0,3.21718401783513,0.04145941380193877,0.20787237295837235,1.9844674545084815,0.9603619452933482,0.9951232095591095,98.0,0.9777425774262288,0.017380632132880675,0.08714433981720912,1.9844674545084815,99.0,0.5757575757575758,-0.023269634354451174,-0.0004480945016005558,98.0,-0.011858864428025865,0.01141076992642531,0.05721218908737053,1.9844674545084815,ExtraTreesRegressor,"{'mode': 'original', 'type': 'ExtraTreesRegressor'}",9,"['z_re_T6W50', 'z_pe_T6W50', 'z_l1_T6W50', 'z_l2_T6W50', 'z_l3_T6W50', 'z_lsc_T6W50', 'z_density_T6W50', 'z_diameter_T6W50', 'z_asp_T6W50']",0.06384720356219456,0.11644299914502015,98.0,0.09014510135360736,0.026297897791412794,0.13185440691064668,1.9844674545084815,1.3866956474702643,1.4175028100708749,98.0,1.4020992287705696,0.015403581300305195,0.07723165147120138,1.9844674545084815,completed,True,COMPLETE
31,1.1190879283963782,2026-06-13 07:23:40.261741,2026-06-13 07:23:41.948665,0 days 00:00:01.686924,,,,,,,,,,,,,,,LinearRegression,,,,,,3,,,,,,,,True,,,,,,,,,-0.054692401616394964,-0.03986843306122188,98.0,-0.047280417338808424,0.007411984277586537,0.03716277242781495,1.9844674545084815,1.106762631264252,1.1314132255285043,98.0,1.1190879283963782,0.012325297132126248,0.061797515384848324,1.9844674545084815,368395745168159.5,470703821936406.0,98.0,419549783552282.75,51154038384123.22,256480021548546.34,1.9844674545084815,3.165051260297674,3.228337815200372,98.0,3.196694537749023,0.03164327745134865,0.15865547939041055,1.9844674545084815,1.0111598342703765,1.0326947758199392,98.0,1.0219273050451578,0.010767470774781246,0.0539867667065045,1.9844674545084815,99.0,0.6060606060606061,-0.04205133002286717,-0.01847060940393737,98.0,-0.03026096971340227,0.0117903603094649,0.05911540831887176,1.9844674545084815,LinearRegression,"{'mode': 'original', 'type': 'LinearRegression'}",3,"['z_pe_T6W50', 'z_diameter_T6W50', 'z_asp_T6W50']",-0.010011617422275371,0.04645934749133142,98.0,0.01822386503452802,0.028235482456803393,0.1415692167757023,1.9844674545084815,1.399205848642287,1.4303671750698261,98.0,1.4147865118560565,0.01558066321376957,0.07811951828320457,1.9844674545084815,completed,True,COMPLETE
32,1.2467389321431341,2026-06-13 07:23:41.960784,2026-06-13 07:23:43.734088,0 days 00:00:01.773304,12.0,3.0,18.0,,,,,,,,,,,,DecisionTreeRegressor,,,,,,3,,,,,,,,True,,,,,,,,,-0.18873873404944527,-0.14703482126199255,98.0,-0.1678867776557189,0.020851956393726355,0.104549130315627,1.9844674545084815,1.2250662605324893,1.268411603753779,98.0,1.2467389321431341,0.02167267161064485,0.1086640949043428,1.9844674545084815,310676110909004.06,407174419227849.8,98.0,358925265068426.94,48249154159422.86,241915291332086.62,1.9844674545084815,3.653853607659263,3.8501747862087026,98.0,3.752014196933983,0.09816058927471957,0.4921650537802325,1.9844674545084815,1.0200599696755326,1.0863300022092854,98.0,1.053194985942409,0.03313501626687651,0.16613487330802035,1.9844674545084815,99.0,0.8787878787878788,-0.29649270726270177,-0.21373043793900776,98.0,-0.25511157260085476,0.04138113466184702,0.20747989103178868,1.9844674545084815,DecisionTreeRegressor,"{'mode': 'original', 'type': 'DecisionTreeRegressor'}",3,"['z_re_T6W50', 'z_diameter_T6W50', 'z_asp_T6W50']",0.08467302775466953,0.1392072974768003,98.0,0.11194016261573492,0.027267134861065384,0.13671404169927173,1.9844674545084815,1.5300645646305377,1.580492982816077,98.0,1.5552787737233074,0.025214209092769543,0.12642092581003816,1.9844674545084815,completed,True,COMPLETE
33,1.1113724230986575,2026-06-13 07:23:43.746071,2026-06-13 07:23:45.475900,0 days 00:00:01.729829,,,,0.015394819813084208,0.9041586944937484,,,,,,,,,,ElasticNet,,,,,,4,,,,,,,,True,,,,,,,,,-0.04619424167068162,-0.033575724541728885,98.0,-0.03988498310620525,0.006309258564476364,0.03163384209123345,1.9844674545084815,1.0990593695022446,1.1236854766950704,98.0,1.1113724230986575,0.012313053596412936,0.06173612781110487,1.9844674545084815,368026075482436.4,470265810712364.25,98.0,419145943097400.3,51119867614963.97,256308693538341.5,1.9844674545084815,3.1403834319851462,3.1879653563223975,98.0,3.164174394153772,0.023790962168625657,0.11928494176451218,1.9844674545084815,0.9840453012658396,1.0059622990100285,98.0,0.995003800137934,0.01095849887209444,0.054944557959413144,1.9844674545084815,99.0,0.6060606060606061,-0.03347381324720484,-0.015874453694163675,98.0,-0.024674133470684256,0.008799679776520583,0.044120506024462734,1.9844674545084815,ElasticNet,"{'mode': 'original', 'type': 'ElasticNet'}",4,"['z_pe_T6W50', 'z_l2_T6W50', 'z_diameter_T6W50', 'z_asp_T6W50']",-0.005013245711949284,0.04609192885525639,98.0,0.020539341571653554,0.025552587283602837,0.12811751220708434,1.9844674545084815,1.3959961697567715,1.4267171896728832,98.0,1.4113566797148274,0.015360509958055825,0.07701569708837651,1.9844674545084815,completed,True,COMPLETE
34,1.1522712585240178,2026-06-13 07:23:45.487889,2026-06-13 07:23:47.272630,0 days 00:00:01.784741,,,,,,,,,,,euclidean,10.0,distance,,KNeighborsRegressor,,,,,,3,3.0,1.0,3.0,20.0,,,ExtraTrees,,,,,,,,,,-0.08787708214998383,-0.06789628822868837,98.0,-0.0778866851893361,0.009990396960647727,0.05009061471363204,1.9844674545084815,1.1364441443077429,1.1680983727402927,98.0,1.1522712585240178,0.015827114216274817,0.07935519312784842,1.9844674545084815,352195389997211.6,453594853268942.4,98.0,402895121633077.0,50699731635865.39,254202183703020.88,1.9844674545084815,3.4688351366320935,3.6046072562673386,98.0,3.536721196449716,0.06788605981762265,0.34037230754148595,1.9844674545084815,0.9205334042342961,0.9646697405275841,98.0,0.9426015723809401,0.022068168146644057,0.1106470656194552,1.9844674545084815,99.0,0.8585858585858586,-0.10901821137081746,-0.0719360272545462,98.0,-0.09047711931268183,0.01854109205813563,0.09296274235271633,1.9844674545084815,KNeighborsRegressor,"{'mode': 'proxy', 'type': 'ExtraTrees'}",3,"['z_lsc_T6W50', 'z_density_T6W50', 'z_asp_T6W50']",0.02958655757015376,0.08081930655882742,98.0,0.05520293206449059,0.02561637449433683,0.12843733339228042,1.9844674545084815,1.4353771142682112,1.4753252688434801,98.0,1.4553511915558457,0.019974077287634544,0.1001475530568249,1.9844674545084815,completed,True,COMPLETE
35,1.123507252869742,2026-06-13 07:23:47.303625,2026-06-13 07:24:03.225544,0 days 00:00:15.921919,,,,,,,,,,,,,,,RandomForestRegressor,5.0,sqrt,1.0,2.0,175.0,6,,,,,,,,False,,,,,,,,,-0.05944002037058722,-0.04311750633113335,98.0,-0.05127876335086028,0.008161257019726934,0.040919533284247196,1.9844674545084815,1.110043129950792,1.1369713757886921,98.0,1.123507252869742,0.013464122918949998,0.06750744702604698,1.9844674545084815,338993908189828.1,434908880589707.25,98.0,386951394389767.7,47957486199939.57,240452904257745.4,1.9844674545084815,3.2533678882104935,3.3510090690207655,98.0,3.3021884786156295,0.04882059040513577,0.24478040199086806,1.9844674545084815,0.9598491033805345,0.9924561129263607,98.0,0.9761526081534476,0.01630350477291311,0.08174375645719126,1.9844674545084815,99.0,0.696969696969697,-0.0436025274255381,-0.017163877229952808,98.0,-0.030383202327745454,0.013219325097792644,0.06628006102821025,1.9844674545084815,RandomForestRegressor,"{'mode': 'original', 'type': 'RandomForestRegressor'}",6,"['z_re_T6W50', 'z_pe_T6W50', 'z_lsc_T6W50', 'z_density_T6W50', 'z_diameter_T6W50', 'z_asp_T6W50']",0.026966198605885363,0.07956747172875875,98.0,0.05326683516732206,0.026300636561436695,0.13186813876480594,1.9844674545084815,1.3983713341409512,1.4312360986495294,98.0,1.4148037163952403,0.016432382254289023,0.08238993220879479,1.9844674545084815,completed,False,COMPLETE
36,1.5130721955142634,2026-06-13 07:24:03.238002,2026-06-13 07:24:04.902242,0 days 00:00:01.664240,16.0,2.0,5.0,,,,,,,,,,,,DecisionTreeRegressor,,,,,,4,,,,,,,,False,,,,,,,,,-0.44692587493890074,-0.38925081301148573,98.0,-0.41808834397519323,0.02883753096370749,0.1445878135258654,1.9844674545084815,1.4843055943700123,1.5418387966585145,98.0,1.5130721955142634,0.028766601144251062,0.14423218018395773,1.9844674545084815,353319330728372.5,454515896548689.4,98.0,403917613638530.94,50598282910158.43,253693532339857.56,1.9844674545084815,4.328765979716751,4.55170540075463,98.0,4.44023569023569,0.11146971051893956,0.5588953415803296,1.9844674545084815,1.2522325734328659,1.3454105242102314,98.0,1.2988215488215487,0.04658897538868281,0.23359136031228264,1.9844674545084815,99.0,1.0,-0.891070476535098,-0.7562677307808249,98.0,-0.8236691036579614,0.06740137287713655,0.33794214716965576,1.9844674545084815,DecisionTreeRegressor,"{'mode': 'original', 'type': 'DecisionTreeRegressor'}",4,"['z_re_T6W50', 'z_l3_T6W50', 'z_density_T6W50', 'z_diameter_T6W50']",-0.026725359787098196,0.030223314451406712,98.0,0.0017489773321542564,0.028474337119252454,0.1427668045108462,1.9844674545084815,1.840496142733203,1.9023473952658012,98.0,1.871421768999502,0.030925626266299102,0.15505726511016762,1.9844674545084815,completed,False,COMPLETE
37,1.094138891291491,2026-06-13 07:24:04.928567,2026-06-13 07:24:20.453515,0 days 00:00:15.524948,,,,,,4.0,,3.0,6.0,289.0,,,,,ExtraTreesRegressor,,,,,,2,,,,,,,,True,,,,,,,,,-0.0289486095404941,-0.018401886211400133,98.0,-0.023675247875947117,0.005273361664546986,0.02643998315832032,1.9844674545084815,1.0821143007034413,1.1061634818795405,98.0,1.094138891291491,0.012024590588049543,0.06028980996527935,1.9844674545084815,354146745479506.75,453096463537025.25,98.0,403621604508266.0,49474859028759.22,248060823947496.25,1.9844674545084815,3.072417082620046,3.1203397167776514,98.0,3.0963783996988488,0.023961317078802627,0.12013908021405152,1.9844674545084815,0.9442996890896376,0.9677346589981988,98.0,0.9560171740439182,0.011717484954280603,0.05875002030145517,1.9844674545084815,99.0,0.3434343434343434,0.0034202206933860446,0.019054473967703395,98.0,0.01123734733054472,0.007817126637158675,0.039194106109293005,1.9844674545084815,ExtraTreesRegressor,"{'mode': 'original', 'type': 'ExtraTreesRegressor'}",2,"['z_re_T6W50', 'z_asp_T6W50']",0.11449125764561718,0.1656865772799367,98.0,0.14008891746277694,0.02559765981715975,0.12834350031561093,1.9844674545084815,1.3715330119662297,1.4013263257603916,98.0,1.3864296688633106,0.014896656897080977,0.07468999521160909,1.9844674545084815,completed,True,COMPLETE
