number,value,datetime_start,datetime_complete,duration,params_dt_max_depth,params_dt_min_samples_leaf,params_dt_min_samples_split,params_elastic_alpha,params_elastic_l1_ratio,params_et_max_depth,params_et_max_features,params_et_min_samples_leaf,params_et_min_samples_split,params_et_n_estimators,params_knn_metric,params_knn_n_neighbors,params_knn_weights,params_quantile_alpha,params_regressor,params_rf_max_depth,params_rf_max_features,params_rf_min_samples_leaf,params_rf_min_samples_split,params_rf_n_estimators,params_rfe_n_features,params_rfe_proxy_et_max_depth,params_rfe_proxy_et_min_samples_leaf,params_rfe_proxy_et_min_samples_split,params_rfe_proxy_et_n_estimators,params_rfe_proxy_lsvr_C,params_rfe_proxy_lsvr_epsilon,params_rfe_proxy_type,params_use_scaler,params_xgb_booster,params_xgb_colsample_bytree,params_xgb_learning_rate,params_xgb_max_depth,params_xgb_n_estimators,params_xgb_reg_alpha,params_xgb_reg_lambda,params_xgb_subsample,user_attrs_d2mae_ci_lower_val,user_attrs_d2mae_ci_upper_val,user_attrs_d2mae_df_val,user_attrs_d2mae_mean_val,user_attrs_d2mae_samperror_val,user_attrs_d2mae_std_val,user_attrs_d2mae_t_critical_val,user_attrs_mae_ci_lower_val,user_attrs_mae_ci_upper_val,user_attrs_mae_df_val,user_attrs_mae_mean_val,user_attrs_mae_samperror_val,user_attrs_mae_std_val,user_attrs_mae_t_critical_val,user_attrs_mape_ci_lower_val,user_attrs_mape_ci_upper_val,user_attrs_mape_df_val,user_attrs_mape_mean_val,user_attrs_mape_samperror_val,user_attrs_mape_std_val,user_attrs_mape_t_critical_val,user_attrs_max_error_ci_lower_val,user_attrs_max_error_ci_upper_val,user_attrs_max_error_df_val,user_attrs_max_error_mean_val,user_attrs_max_error_samperror_val,user_attrs_max_error_std_val,user_attrs_max_error_t_critical_val,user_attrs_median_ae_ci_lower_val,user_attrs_median_ae_ci_upper_val,user_attrs_median_ae_df_val,user_attrs_median_ae_mean_val,user_attrs_median_ae_samperror_val,user_attrs_median_ae_std_val,user_attrs_median_ae_t_critical_val,user_attrs_n_splits_val,user_attrs_r2_below_zero_val,user_attrs_r2_ci_lower_val,user_attrs_r2_ci_upper_val,user_attrs_r2_df_val,user_attrs_r2_mean_val,user_attrs_r2_samperror_val,user_attrs_r2_std_val,user_attrs_r2_t_critical_val,user_attrs_regressor_final,user_attrs_rfe_estimator,user_attrs_rfe_n_features,user_attrs_rfe_selected_features,user_attrs_rho_ci_lower_val,user_attrs_rho_ci_upper_val,user_attrs_rho_df_val,user_attrs_rho_mean_val,user_attrs_rho_samperror_val,user_attrs_rho_std_val,user_attrs_rho_t_critical_val,user_attrs_rmse_ci_lower_val,user_attrs_rmse_ci_upper_val,user_attrs_rmse_df_val,user_attrs_rmse_mean_val,user_attrs_rmse_samperror_val,user_attrs_rmse_std_val,user_attrs_rmse_t_critical_val,user_attrs_termination_reason,user_attrs_use_scaler_final,state
83,1.1780060888296648,2026-06-13 07:27:58.422152,2026-06-13 07:28:02.639133,0 days 00:00:04.216981,,,,,,,,,,,,,,,RandomForestRegressor,6.0,,5.0,12.0,374.0,2,,,,,,,,False,,,,,,,,,,,,,,,,,,,,,,,,,,,,,,,,,,,,,,,,,,,,,,,,,,,,,RandomForestRegressor,"{'mode': 'original', 'type': 'RandomForestRegressor'}",2,"['z_density_T6W50', 'z_asp_T6W50']",,,,,,,,,,,,,,,pruned,False,PRUNED
84,1.160030458750865,2026-06-13 07:28:02.648559,2026-06-13 07:28:03.177358,0 days 00:00:00.528799,,,,,,,,,,,,,,,RandomForestRegressor,18.0,,3.0,8.0,68.0,9,,,,,,,,False,,,,,,,,,,,,,,,,,,,,,,,,,,,,,,,,,,,,,,,,,,,,,,,,,,,,,RandomForestRegressor,"{'mode': 'original', 'type': 'RandomForestRegressor'}",9,"['z_re_T6W50', 'z_pe_T6W50', 'z_l1_T6W50', 'z_l2_T6W50', 'z_l3_T6W50', 'z_lsc_T6W50', 'z_density_T6W50', 'z_diameter_T6W50', 'z_asp_T6W50']",,,,,,,,,,,,,,,pruned,False,PRUNED
85,1.1130859743353156,2026-06-13 07:28:03.186776,2026-06-13 07:28:42.156947,0 days 00:00:38.970171,,,,,,,,,,,,,,,RandomForestRegressor,5.0,log2,5.0,4.0,459.0,3,,,,,,,,False,,,,,,,,,-0.04845331162319463,-0.03384047725277963,98.0,-0.04114689443798713,0.007306417185207498,0.03663347208353172,1.9844674545084815,1.0989595189989618,1.1272124296716695,98.0,1.1130859743353156,0.014126455336353821,0.07082829984733191,1.9844674545084815,346016877823790.2,443282330065165.2,98.0,394649603944477.7,48632726120687.516,243838473704352.84,1.9844674545084815,3.2836107557061056,3.397908228459015,98.0,3.3407594920825603,0.05714873637645469,0.2865366958369913,1.9844674545084815,0.9378156073858795,0.9738323744095626,98.0,0.9558239908977211,0.018008383511841496,0.09029180758884398,1.9844674545084815,99.0,0.5656565656565656,-0.034444292779307585,-0.008864345890891611,98.0,-0.0216543193350996,0.012789973444207988,0.06412734494084314,1.9844674545084815,RandomForestRegressor,"{'mode': 'original', 'type': 'RandomForestRegressor'}",3,"['z_density_T6W50', 'z_diameter_T6W50', 'z_asp_T6W50']",0.06396635178421566,0.11144479225053282,98.0,0.08770557201737424,0.023739220233158585,0.1190255140997029,1.9844674545084815,1.3917170646715604,1.426653236746354,98.0,1.4091851507089572,0.01746808603739678,0.08758282287784967,1.9844674545084815,completed,False,COMPLETE
86,1.091234843738954,2026-06-13 07:28:42.169350,2026-06-13 07:28:45.776345,0 days 00:00:03.606995,,,,,,,,,,,,,,,XGBRegressor,,,,,,4,,,,,,,,False,gblinear,0.7268947706918196,0.0021095505016488166,8.0,196.0,1.3318464888627862e-06,4.5863872977933616e-08,0.9849105225392724,-0.022673393335232668,-0.019146247298742584,98.0,-0.020909820316987626,0.0017635730182450433,0.008842336988633756,1.9844674545084815,1.0802597304386654,1.1022099570392427,98.0,1.091234843738954,0.010975113300288572,0.055027860647448225,1.9844674545084815,366288349995699.3,467595139663257.44,98.0,416941744829478.4,50653394833779.08,253969856708457.0,1.9844674545084815,3.091611499212058,3.11064814249308,98.0,3.101129820852569,0.009518321640510839,0.04772368744638377,1.9844674545084815,0.9575531179180733,0.9724467730355301,98.0,0.9649999454768017,0.007446827558728428,0.03733747232992214,1.9844674545084815,99.0,0.7070707070707071,-0.008407999327046936,-0.004256116161016444,98.0,-0.00633205774403169,0.0020759415830152454,0.010408514337560635,1.9844674545084815,XGBRegressor,"{'mode': 'original', 'type': 'XGBRegressor'}",4,"['z_pe_T6W50', 'z_l1_T6W50', 'z_l3_T6W50', 'z_asp_T6W50']",-0.038976346541915896,0.012854284969954522,98.0,-0.013061030785980686,0.025915315755935208,0.12993618790383935,1.9844674545084815,1.3841221822984722,1.4142701851444588,98.0,1.3991961837214655,0.015074001422993415,0.07557917872994604,1.9844674545084815,completed,False,COMPLETE
87,1.1302187941874875,2026-06-13 07:28:45.789148,2026-06-13 07:28:48.200175,0 days 00:00:02.411027,,,,,,,,,,,,,,,LinearRegression,,,,,,5,,,,,,,,True,,,,,,,,,-0.06619561467512006,-0.049178395212101725,98.0,-0.05768700494361089,0.008508609731509163,0.042661116819331366,1.9844674545084815,1.116986116976374,1.143451471398601,98.0,1.1302187941874875,0.013232677211113562,0.0663470068729655,1.9844674545084815,361820525158086.5,463184603227621.5,98.0,412502564192854.0,50682039034767.48,254113475189398.4,1.9844674545084815,3.2132883751042907,3.2737415614854455,98.0,3.243514968294868,0.03022659319057758,0.15155239972734286,1.9844674545084815,1.0064499654103896,1.0323411699090366,98.0,1.019395567659713,0.012945602249323451,0.06490764852097998,1.9844674545084815,99.0,0.5959595959595959,-0.05194377513627842,-0.024697304148933227,98.0,-0.03832053964260582,0.013623235493672597,0.06830521779610925,1.9844674545084815,LinearRegression,"{'mode': 'original', 'type': 'LinearRegression'}",5,"['z_re_T6W50', 'z_pe_T6W50', 'z_l2_T6W50', 'z_diameter_T6W50', 'z_asp_T6W50']",-0.0014212931105560128,0.05232120437457995,98.0,0.025449955632011967,0.02687124874256798,0.13472911766569828,1.9844674545084815,1.403933076458445,1.4362128294320777,98.0,1.4200729529452614,0.016139876486816265,0.08092334446881742,1.9844674545084815,completed,True,COMPLETE
88,1.1090672139578266,2026-06-13 07:28:48.212906,2026-06-13 07:28:56.122583,0 days 00:00:07.909677,,,,,,,,,,,,,,,RandomForestRegressor,4.0,log2,5.0,6.0,67.0,3,,,,,,,,False,,,,,,,,,-0.04429938919140654,-0.03041688834368608,98.0,-0.03735813876754631,0.006941250423860231,0.034802571107232096,1.9844674545084815,1.0950766364619304,1.1230577914537228,98.0,1.1090672139578266,0.013990577495896188,0.07014702516112141,1.9844674545084815,346644269443682.56,444497099230519.44,98.0,395570684337101.0,48926414893418.42,245310992886376.38,1.9844674545084815,3.2695085456987196,3.37894233044227,98.0,3.3242254380704948,0.05471689237177513,0.2743437307764556,1.9844674545084815,0.9428676669819966,0.9742149371525941,98.0,0.9585413020672954,0.015673635085298756,0.07858566774796737,1.9844674545084815,99.0,0.5757575757575758,-0.02807262033137852,-0.003720218639669412,98.0,-0.015896419485523967,0.012176200845854555,0.06104996504622949,1.9844674545084815,RandomForestRegressor,"{'mode': 'original', 'type': 'RandomForestRegressor'}",3,"['z_density_T6W50', 'z_diameter_T6W50', 'z_asp_T6W50']",0.06754672347129917,0.11547061287731394,98.0,0.09150866817430656,0.02396194470300739,0.12014222704418745,1.9844674545084815,1.3879829276162359,1.4225505665619833,98.0,1.4052667470891096,0.017283819472873822,0.08665893311406138,1.9844674545084815,completed,False,COMPLETE
89,1.119032002190148,2026-06-13 07:28:56.135002,2026-06-13 07:28:58.162438,0 days 00:00:02.027436,,,,,,,,,,,,,,,LinearRegression,,,,,,3,,,,,,,,False,,,,,,,,,-0.0547877348504027,-0.03953843524495826,98.0,-0.04716308504768048,0.00762464980272222,0.038229051067633184,1.9844674545084815,1.1063106646739491,1.131753339706347,98.0,1.119032002190148,0.012721337516199036,0.06378321288693664,1.9844674545084815,368179924066444.94,470284203753421.44,98.0,419232063909933.2,51052139843488.266,255969114868968.72,1.9844674545084815,3.155041323157371,3.219217404556665,98.0,3.187129363857018,0.03208804069964712,0.16088546730751307,1.9844674545084815,1.004371036534563,1.0294424940115843,98.0,1.0169067652730737,0.012535728738510712,0.0628525934323468,1.9844674545084815,99.0,0.5454545454545454,-0.03820745411371383,-0.013890856250545414,98.0,-0.02604915518212962,0.012158298931584207,0.060960207062249014,1.9844674545084815,LinearRegression,"{'mode': 'original', 'type': 'LinearRegression'}",3,"['z_l2_T6W50', 'z_diameter_T6W50', 'z_asp_T6W50']",0.020534942321467343,0.0743841190659063,98.0,0.04745953069368682,0.02692458837221948,0.13499655597153995,1.9844674545084815,1.3960581607708447,1.4277174399020232,98.0,1.411887800336434,0.015829639565589207,0.07936785491696677,1.9844674545084815,completed,False,COMPLETE
90,1.120261437908497,2026-06-13 07:28:58.175139,2026-06-13 07:28:58.450729,0 days 00:00:00.275590,,,,,,,,,,,minkowski,9.0,uniform,,KNeighborsRegressor,,,,,,9,11.0,1.0,8.0,60.0,,,ExtraTrees,,,,,,,,,,,,,,,,,,,,,,,,,,,,,,,,,,,,,,,,,,,,,,,,,,,,,,KNeighborsRegressor,"{'mode': 'proxy', 'type': 'ExtraTrees'}",9,"['z_re_T6W50', 'z_pe_T6W50', 'z_l1_T6W50', 'z_l2_T6W50', 'z_l3_T6W50', 'z_lsc_T6W50', 'z_density_T6W50', 'z_diameter_T6W50', 'z_asp_T6W50']",,,,,,,,,,,,,,,pruned,True,PRUNED
91,1.1640180180237698,2026-06-13 07:28:58.460591,2026-06-13 07:28:58.750419,0 days 00:00:00.289828,,,,,,,,,,,,,,,LinearRegression,,,,,,9,,,,,,,,True,,,,,,,,,,,,,,,,,,,,,,,,,,,,,,,,,,,,,,,,,,,,,,,,,,,,,LinearRegression,"{'mode': 'original', 'type': 'LinearRegression'}",9,"['z_re_T6W50', 'z_pe_T6W50', 'z_l1_T6W50', 'z_l2_T6W50', 'z_l3_T6W50', 'z_lsc_T6W50', 'z_density_T6W50', 'z_diameter_T6W50', 'z_asp_T6W50']",,,,,,,,,,,,,,,pruned,True,PRUNED
92,1.1313725490196078,2026-06-13 07:28:58.760177,2026-06-13 07:28:58.997154,0 days 00:00:00.236977,,,,,,,,,,,minkowski,14.0,uniform,,KNeighborsRegressor,,,,,,4,,,,,0.0010544710041137256,0.0019876655910112248,LinearSVR,,,,,,,,,,,,,,,,,,,,,,,,,,,,,,,,,,,,,,,,,,,,,,,,,,,,,,KNeighborsRegressor,"{'mode': 'proxy', 'type': 'LinearSVR'}",4,"['z_pe_T6W50', 'z_l2_T6W50', 'z_l3_T6W50', 'z_asp_T6W50']",,,,,,,,,,,,,,,pruned,True,PRUNED
93,1.088845286901772,2026-06-13 07:28:59.006843,2026-06-13 07:29:01.277194,0 days 00:00:02.270351,,,,0.1251560159806257,0.46349404380057235,,,,,,,,,,ElasticNet,,,,,,5,,,,,,,,False,,,,,,,,,-0.020844549000563282,-0.016527784194063047,98.0,-0.018686166597313165,0.0021583824032501185,0.010821862413650804,1.9844674545084815,1.0778779940122132,1.0998125797913307,98.0,1.088845286901772,0.010967292889558774,0.05498865007530463,1.9844674545084815,370606143866145.4,472993309846596.75,98.0,421799726856371.06,51193582990225.66,256678293312529.47,1.9844674545084815,3.0764640372278467,3.095379185067357,98.0,3.0859216111476018,0.009457573919755201,0.047419105888004465,1.9844674545084815,0.9582596478299721,0.9751445287263534,98.0,0.9667020882781627,0.008442440448190642,0.04232935221681949,1.9844674545084815,99.0,0.8181818181818182,-0.011406481273481027,-0.005464753180092286,98.0,-0.008435617226786657,0.002970864046694371,0.014895544883323762,1.9844674545084815,ElasticNet,"{'mode': 'original', 'type': 'ElasticNet'}",5,"['z_pe_T6W50', 'z_lsc_T6W50', 'z_density_T6W50', 'z_diameter_T6W50', 'z_asp_T6W50']",-0.05732963636381076,0.005143298484275333,72.0,-0.026093168939767715,0.031236467424043048,0.13387979551009338,1.9934635666618719,1.3854578517007463,1.4158457194385072,98.0,1.4006517855696268,0.01519393386888039,0.07618050517996115,1.9844674545084815,completed,False,COMPLETE
94,1.1576270307306014,2026-06-13 07:29:01.289433,2026-06-13 07:29:01.462803,0 days 00:00:00.173370,,,,,,,,,,,,,,,LinearRegression,,,,,,8,,,,,,,,False,,,,,,,,,,,,,,,,,,,,,,,,,,,,,,,,,,,,,,,,,,,,,,,,,,,,,LinearRegression,"{'mode': 'original', 'type': 'LinearRegression'}",8,"['z_re_T6W50', 'z_pe_T6W50', 'z_l1_T6W50', 'z_l2_T6W50', 'z_lsc_T6W50', 'z_density_T6W50', 'z_diameter_T6W50', 'z_asp_T6W50']",,,,,,,,,,,,,,,pruned,False,PRUNED
95,1.0981778115895657,2026-06-13 07:29:01.472480,2026-06-13 07:29:03.898273,0 days 00:00:02.425793,,,,,,,,,,,,,,0.00020014140832964604,QuantileRegressor,,,,,,9,,,,,,,,False,,,,,,,,,-0.03949597003622309,-0.01590747155642573,98.0,-0.027701720796324412,0.011794249239898679,0.05913490693507028,1.9844674545084815,1.082699161422959,1.1136564617561724,98.0,1.0981778115895657,0.015478650166606761,0.07760803748205886,1.9844674545084815,376424439203360.75,481032800280233.6,98.0,428728619741797.2,52304180538436.414,262246692056689.38,1.9844674545084815,3.052870152877007,3.151753872857092,98.0,3.1023120128670496,0.04944185999004274,0.24789537084880778,1.9844674545084815,1.0039345169439777,1.0170909773548018,98.0,1.0105127471493898,0.006578230205412076,0.032982432631536725,1.9844674545084815,99.0,0.9494949494949495,-0.056420640846774395,-0.0234305685055945,98.0,-0.039925604676184445,0.016495036170589946,0.08270407119587327,1.9844674545084815,QuantileRegressor,"{'mode': 'original', 'type': 'QuantileRegressor'}",9,"['z_re_T6W50', 'z_pe_T6W50', 'z_l1_T6W50', 'z_l2_T6W50', 'z_l3_T6W50', 'z_lsc_T6W50', 'z_density_T6W50', 'z_diameter_T6W50', 'z_asp_T6W50']",-0.22235365738271085,-0.08112335581398251,24.0,-0.15173850659834667,0.07061515078436416,0.17107224186604936,2.0638985616280245,1.4035099639372521,1.4386485277971388,98.0,1.4210792458671955,0.0175692819299434,0.08809020656681835,1.9844674545084815,completed,False,COMPLETE
96,1.3303267973856208,2026-06-13 07:29:03.910846,2026-06-13 07:29:04.043714,0 days 00:00:00.132868,15.0,3.0,7.0,,,,,,,,,,,,DecisionTreeRegressor,,,,,,2,,,,,,,,False,,,,,,,,,,,,,,,,,,,,,,,,,,,,,,,,,,,,,,,,,,,,,,,,,,,,,DecisionTreeRegressor,"{'mode': 'original', 'type': 'DecisionTreeRegressor'}",2,"['z_re_T6W50', 'z_diameter_T6W50']",,,,,,,,,,,,,,,pruned,False,PRUNED
97,1.1078284937611302,2026-06-13 07:29:04.053605,2026-06-13 07:29:25.806970,0 days 00:00:21.753365,,,,,,12.0,sqrt,4.0,2.0,413.0,,,,,ExtraTreesRegressor,,,,,,9,,,,,,,,True,,,,,,,,,-0.042180107755714465,-0.030822742453883258,98.0,-0.03650142510479886,0.005678682650915604,0.028472212452462748,1.9844674545084815,1.0956132395161076,1.120043748006153,98.0,1.1078284937611302,0.012215254245022615,0.06124577395939786,1.9844674545084815,351055519990363.94,449001380345585.8,98.0,400028450167974.9,48972930177610.92,245544214768145.38,1.9844674545084815,3.148453263533122,3.2096571244264003,98.0,3.179055193979761,0.030601930446639388,0.15343429430621902,1.9844674545084815,0.962865378021993,0.9890655028345267,98.0,0.9759654404282598,0.013100062406266787,0.06568209264372425,1.9844674545084815,99.0,0.494949494949495,-0.012411783824027646,0.0041833267733019635,98.0,-0.004114228525362841,0.008297555298664805,0.04160291599699633,1.9844674545084815,ExtraTreesRegressor,"{'mode': 'original', 'type': 'ExtraTreesRegressor'}",9,"['z_re_T6W50', 'z_pe_T6W50', 'z_l1_T6W50', 'z_l2_T6W50', 'z_l3_T6W50', 'z_lsc_T6W50', 'z_density_T6W50', 'z_diameter_T6W50', 'z_asp_T6W50']",0.0567981331444847,0.10703463678409095,98.0,0.08191638496428783,0.025118251819803122,0.1259398079117139,1.9844674545084815,1.3820790902770648,1.4121790974152308,98.0,1.3971290938461478,0.015050003569083058,0.07545885645857758,1.9844674545084815,completed,True,COMPLETE
98,1.1424421040555643,2026-06-13 07:29:25.819963,2026-06-13 07:29:27.654112,0 days 00:00:01.834149,,,,,,,,,,,manhattan,16.0,distance,,KNeighborsRegressor,,,,,,3,3.0,5.0,10.0,60.0,,,ExtraTrees,,,,,,,,,,-0.07892262189709079,-0.05888448648345909,98.0,-0.06890355419027494,0.010019067706815852,0.05023436628882138,1.9844674545084815,1.1271826743148985,1.1577015337962302,98.0,1.1424421040555643,0.015259429740665862,0.0765088933803362,1.9844674545084815,352971451003503.75,454811231241870.25,98.0,403891341122687.0,50919890119183.234,255306031108409.34,1.9844674545084815,3.241687380656189,3.34846518668596,98.0,3.2950762836710745,0.053388903014885386,0.26768535639135455,1.9844674545084815,0.9466021264472366,0.9893298799635308,98.0,0.9679660032053837,0.021363876758147094,0.1071158357067408,1.9844674545084815,99.0,0.6262626262626263,-0.0593936239817687,-0.024488803881554836,98.0,-0.04194121393166177,0.01745241005010693,0.08750422541643903,1.9844674545084815,KNeighborsRegressor,"{'mode': 'proxy', 'type': 'ExtraTrees'}",3,"['z_re_T6W50', 'z_density_T6W50', 'z_asp_T6W50']",0.06771049041711577,0.11839400336636222,98.0,0.093052246891739,0.02534175647462322,0.12706043260714853,1.9844674545084815,1.4041402055488983,1.4401548588614306,98.0,1.4221475322051644,0.018007326656266198,0.09028650864570502,1.9844674545084815,completed,True,COMPLETE
99,1.0728744364957983,2026-06-13 07:29:27.666694,2026-06-13 07:29:30.034365,0 days 00:00:02.367671,,,,,,,,,,,,,,0.00048105946370578004,QuantileRegressor,,,,,,7,,,,,,,,False,,,,,,,,,-0.00873816917855415,0.0014450857689351482,98.0,-0.003646541704809501,0.005091627473744649,0.02552879040315443,1.9844674545084815,1.0606833131533697,1.0850655598382268,98.0,1.0728744364957983,0.012191123342428532,0.061124784598385114,1.9844674545084815,378121473252680.9,482440404961196.75,98.0,430280939106938.8,52159465854257.92,261521110529034.06,1.9844674545084815,2.9967536489864237,3.0170909975460116,98.0,3.0069223232662177,0.010168674279794008,0.05098447514187238,1.9844674545084815,0.9997973984804897,1.0012180191701205,98.0,1.0005077088253052,0.0007103103448154899,0.003561408215250038,1.9844674545084815,99.0,0.9191919191919192,-0.014575554037391192,-0.001793428647982859,98.0,-0.008184491342687025,0.006391062694704166,0.0320439978823762,1.9844674545084815,QuantileRegressor,"{'mode': 'original', 'type': 'QuantileRegressor'}",7,"['z_l1_T6W50', 'z_l2_T6W50', 'z_l3_T6W50', 'z_lsc_T6W50', 'z_density_T6W50', 'z_diameter_T6W50', 'z_asp_T6W50']",-0.13365349437421514,0.16725775104824858,7.0,0.016802128337016706,0.15045562271123186,0.17996633674901188,2.364624251592784,1.384527172154005,1.4163626711733512,98.0,1.400444921663678,0.015917749509673233,0.07980962727885964,1.9844674545084815,completed,False,COMPLETE
100,1.0879936433365618,2026-06-13 07:29:30.046567,2026-06-13 07:29:35.732350,0 days 00:00:05.685783,,,,,,3.0,,1.0,11.0,85.0,,,,,ExtraTreesRegressor,,,,,,2,,,,,,,,True,,,,,,,,,-0.022611134845234537,-0.012956446282606577,98.0,-0.017783790563920557,0.00482734428131398,0.02420370716377181,1.9844674545084815,1.0757037951846373,1.1002834914884863,98.0,1.0879936433365618,0.01228984815192453,0.06161977858257012,1.9844674545084815,355740125525822.0,455172121040125.6,98.0,405456123282973.8,49715997757151.81,249269863706779.8,1.9844674545084815,3.099495312466526,3.1538831521074493,98.0,3.1266892322869877,0.027193919820461668,0.13634695054117565,1.9844674545084815,0.9696244261250896,0.983593863286441,98.0,0.9766091447057653,0.006984718580675685,0.03502051506921191,1.9844674545084815,99.0,0.4444444444444444,-0.007170477981877139,0.006894166980427598,98.0,-0.0001381555007247709,0.0070323224811523685,0.03525919513838596,1.9844674545084815,ExtraTreesRegressor,"{'mode': 'original', 'type': 'ExtraTreesRegressor'}",2,"['z_lsc_T6W50', 'z_asp_T6W50']",0.09040009179053421,0.14412943068508594,98.0,0.11726476123781007,0.02686466944727587,0.1346961298928538,1.9844674545084815,1.3792008664517164,1.410028124461096,98.0,1.3946144954564061,0.0154136290046898,0.07728202941825076,1.9844674545084815,completed,True,COMPLETE
