number,value,datetime_start,datetime_complete,duration,params_dt_max_depth,params_dt_min_samples_leaf,params_dt_min_samples_split,params_elastic_alpha,params_elastic_l1_ratio,params_et_max_depth,params_et_max_features,params_et_min_samples_leaf,params_et_min_samples_split,params_et_n_estimators,params_knn_metric,params_knn_n_neighbors,params_knn_weights,params_quantile_alpha,params_regressor,params_rf_max_depth,params_rf_max_features,params_rf_min_samples_leaf,params_rf_min_samples_split,params_rf_n_estimators,params_rfe_n_features,params_rfe_proxy_et_max_depth,params_rfe_proxy_et_min_samples_leaf,params_rfe_proxy_et_min_samples_split,params_rfe_proxy_et_n_estimators,params_rfe_proxy_lsvr_C,params_rfe_proxy_lsvr_epsilon,params_rfe_proxy_type,params_use_scaler,params_xgb_booster,params_xgb_colsample_bytree,params_xgb_learning_rate,params_xgb_max_depth,params_xgb_n_estimators,params_xgb_reg_alpha,params_xgb_reg_lambda,params_xgb_subsample,user_attrs_d2mae_ci_lower_val,user_attrs_d2mae_ci_upper_val,user_attrs_d2mae_df_val,user_attrs_d2mae_mean_val,user_attrs_d2mae_samperror_val,user_attrs_d2mae_std_val,user_attrs_d2mae_t_critical_val,user_attrs_mae_ci_lower_val,user_attrs_mae_ci_upper_val,user_attrs_mae_df_val,user_attrs_mae_mean_val,user_attrs_mae_samperror_val,user_attrs_mae_std_val,user_attrs_mae_t_critical_val,user_attrs_mape_ci_lower_val,user_attrs_mape_ci_upper_val,user_attrs_mape_df_val,user_attrs_mape_mean_val,user_attrs_mape_samperror_val,user_attrs_mape_std_val,user_attrs_mape_t_critical_val,user_attrs_max_error_ci_lower_val,user_attrs_max_error_ci_upper_val,user_attrs_max_error_df_val,user_attrs_max_error_mean_val,user_attrs_max_error_samperror_val,user_attrs_max_error_std_val,user_attrs_max_error_t_critical_val,user_attrs_median_ae_ci_lower_val,user_attrs_median_ae_ci_upper_val,user_attrs_median_ae_df_val,user_attrs_median_ae_mean_val,user_attrs_median_ae_samperror_val,user_attrs_median_ae_std_val,user_attrs_median_ae_t_critical_val,user_attrs_n_splits_val,user_attrs_r2_below_zero_val,user_attrs_r2_ci_lower_val,user_attrs_r2_ci_upper_val,user_attrs_r2_df_val,user_attrs_r2_mean_val,user_attrs_r2_samperror_val,user_attrs_r2_std_val,user_attrs_r2_t_critical_val,user_attrs_regressor_final,user_attrs_rfe_estimator,user_attrs_rfe_n_features,user_attrs_rfe_selected_features,user_attrs_rho_ci_lower_val,user_attrs_rho_ci_upper_val,user_attrs_rho_df_val,user_attrs_rho_mean_val,user_attrs_rho_samperror_val,user_attrs_rho_std_val,user_attrs_rho_t_critical_val,user_attrs_rmse_ci_lower_val,user_attrs_rmse_ci_upper_val,user_attrs_rmse_df_val,user_attrs_rmse_mean_val,user_attrs_rmse_samperror_val,user_attrs_rmse_std_val,user_attrs_rmse_t_critical_val,user_attrs_termination_reason,user_attrs_use_scaler_final,state
117,1.0691225985343633,2026-06-13 07:30:16.711042,2026-06-13 07:30:19.067313,0 days 00:00:02.356271,,,,,,,,,,,,,,0.03382699854685835,QuantileRegressor,,,,,,8,,,,,,,,True,,,,,,,,,-1.7951381723232267e-16,-1.785916492326072e-17,98.0,-9.868649107779169e-17,8.082732615453097e-17,4.0525821633389716e-16,1.9844674545084815,1.0575870578016928,1.0806581392670338,98.0,1.0691225985343633,0.01153554073267051,0.05783777447779654,1.9844674545084815,378756762949842.4,482894502655208.75,98.0,430825632802525.56,52068869852683.17,261066873382366.94,1.9844674545084815,3.0,3.0,98.0,3.0,2.2097771797201345e-16,1.1079549466186693e-15,1.9844674545084815,0.9999999999999999,1.0,98.0,1.0,9.719066875818023e-17,4.873019922734484e-16,1.9844674545084815,99.0,0.9191919191919192,-0.004402232239554236,-0.0028129100148472736,98.0,-0.0036075711272007547,0.0007946611123534811,0.003984332530889116,1.9844674545084815,QuantileRegressor,"{'mode': 'original', 'type': 'QuantileRegressor'}",8,"['z_pe_T6W50', 'z_l1_T6W50', 'z_l2_T6W50', 'z_l3_T6W50', 'z_lsc_T6W50', 'z_density_T6W50', 'z_diameter_T6W50', 'z_asp_T6W50']",-2.1147668761488223,2.3416450389593244,1.0,0.11343908140525112,2.2282059575540734,0.24800159846016948,12.706204736174694,1.381794013092338,1.4132367394705105,98.0,1.3975153762814243,0.01572136318908618,0.07882497055717957,1.9844674545084815,completed,True,COMPLETE
118,1.084447843009917,2026-06-13 07:30:19.079510,2026-06-13 07:30:21.246614,0 days 00:00:02.167104,,,,,,,,,,,,,,,XGBRegressor,,,,,,3,,,,,,,,False,gblinear,0.8632308575565024,0.001054667477065073,6.0,122.0,8.438972315176365,7.8091343805248e-08,0.6233394322608115,-0.015362928089591192,-0.013601943282307792,98.0,-0.014482435685949492,0.0008804924036416997,0.004414680009495505,1.9844674545084815,1.073326526121357,1.095569159898477,98.0,1.084447843009917,0.011121316888559989,0.055760907356072635,1.9844674545084815,370261100602386.25,472582154869431.0,98.0,421421627735908.6,51160527133522.35,256512555335482.47,1.9844674545084815,3.062390615328936,3.073713308545736,98.0,3.068051961937336,0.005661346608400292,0.02838529167947303,1.9844674545084815,0.9334029559177492,0.9519649914776525,98.0,0.9426839736977008,0.00928101777995166,0.04653387524010717,1.9844674545084815,99.0,1.0,-0.0031511375438972884,-0.0019109948338879666,98.0,-0.0025310661888926275,0.000620071355004661,0.0031089610814107704,1.9844674545084815,XGBRegressor,"{'mode': 'original', 'type': 'XGBRegressor'}",3,"['z_density_T6W50', 'z_diameter_T6W50', 'z_asp_T6W50']",,,,,,,,1.3812301905334747,1.412168681982363,98.0,1.3966994362579188,0.015469245724444103,0.07756088477222942,1.9844674545084815,completed,False,COMPLETE
119,1.1214041893146898,2026-06-13 07:30:21.259413,2026-06-13 07:30:23.639630,0 days 00:00:02.380217,,,,,,,,,,,manhattan,16.0,distance,,KNeighborsRegressor,,,,,,5,11.0,2.0,12.0,40.0,,,ExtraTrees,,,,,,,,,,-0.058567027429932514,-0.03985119799161162,98.0,-0.049209112710772066,0.009357914719160447,0.04691942698241904,1.9844674545084815,1.1068827998567983,1.1359255787725813,98.0,1.1214041893146898,0.014521389457891491,0.07280845068589555,1.9844674545084815,338017167827786.06,433444976386600.3,98.0,385731072107193.2,47713904279407.12,239231614635255.1,1.9844674545084815,3.086912673217425,3.1905171110074946,98.0,3.1387148921124597,0.05180221889503482,0.2597299184610363,1.9844674545084815,0.9332938216065233,0.9740719617971997,98.0,0.9536828917018615,0.020389070095338212,0.10222827566689675,1.9844674545084815,99.0,0.46464646464646464,-0.008442264416358283,0.021259472705683288,98.0,0.006408604144662503,0.014850868561020785,0.074460418157864,1.9844674545084815,KNeighborsRegressor,"{'mode': 'proxy', 'type': 'ExtraTrees'}",5,"['z_re_T6W50', 'z_l3_T6W50', 'z_lsc_T6W50', 'z_density_T6W50', 'z_asp_T6W50']",0.12197410577350176,0.17544504021556773,98.0,0.14870957299453474,0.02673546722103298,0.1340483259106528,1.9844674545084815,1.3726805024569635,1.4050148261775428,98.0,1.3888476643172531,0.016167161860289665,0.08106014995666312,1.9844674545084815,completed,True,COMPLETE
120,1.1285043684269727,2026-06-13 07:30:23.652235,2026-06-13 07:30:25.380309,0 days 00:00:01.728074,,,,0.0002917112640198782,0.5882022669483905,,,,,,,,,,ElasticNet,,,,,,5,,,,,,,,False,,,,,,,,,-0.06449675232482305,-0.047550963928989415,98.0,-0.05602385812690623,0.008472894197916813,0.04248204355132078,1.9844674545084815,1.11510861256089,1.1419001242930553,98.0,1.1285043684269727,0.013395755866082652,0.06716466307884508,1.9844674545084815,364319817414837.0,466500827696079.9,98.0,415410322555458.44,51090505140621.46,256161473723641.16,1.9844674545084815,3.2315630237987505,3.3085391898883505,98.0,3.2700511068435505,0.038488083044800205,0.19297448804660575,1.9844674545084815,0.9957508262220688,1.024204722766603,98.0,1.009977774494336,0.014226948272267078,0.07133215899868503,1.9844674545084815,99.0,0.6161616161616161,-0.05557031716738013,-0.027106934315172512,98.0,-0.04133862574127632,0.01423169142610381,0.07135594058537263,1.9844674545084815,ElasticNet,"{'mode': 'original', 'type': 'ElasticNet'}",5,"['z_pe_T6W50', 'z_l2_T6W50', 'z_lsc_T6W50', 'z_diameter_T6W50', 'z_asp_T6W50']",-0.0035890746902089918,0.05227220911608861,98.0,0.02434156721293981,0.0279306419031488,0.14004078394341848,1.9844674545084815,1.4056190655489387,1.4386252417336858,98.0,1.4221221536413122,0.016503088092373497,0.08274444253580629,1.9844674545084815,completed,False,COMPLETE
121,1.0805206805036713,2026-06-13 07:30:25.403676,2026-06-13 07:30:31.993128,0 days 00:00:06.589452,,,,,,,,,,,,,,,XGBRegressor,,,,,,3,,,,,,,,False,gbtree,0.8924484885557338,0.0013964897465066847,2.0,274.0,0.023395288908658208,0.12517992356932114,0.6671191593480303,-0.012726283965037607,-0.008856152071176751,98.0,-0.010791218018107179,0.0019350659469304285,0.009702181322220182,1.9844674545084815,1.0692338298975854,1.0918075311097573,98.0,1.0805206805036713,0.011286850606085827,0.05659087294196106,1.9844674545084815,363793620010331.9,464639995514351.75,98.0,414216807762341.8,50423187752009.94,252815626873279.4,1.9844674545084815,3.1112318250647992,3.1422927191983274,98.0,3.1267622721315633,0.015530447066764132,0.07786774073302709,1.9844674545084815,0.9652673043194218,0.9782469271601075,98.0,0.9717571157397646,0.0064898114203429304,0.032539111779142996,1.9844674545084815,99.0,0.32323232323232326,-0.00030145206885060687,0.005661262127692239,98.0,0.002679905029420816,0.0029813570982714227,0.01494815574611397,1.9844674545084815,XGBRegressor,"{'mode': 'original', 'type': 'XGBRegressor'}",3,"['z_lsc_T6W50', 'z_diameter_T6W50', 'z_asp_T6W50']",0.06533837999229837,0.1165363523626896,98.0,0.09093736617749398,0.025598986185195616,0.12835015056089294,1.9844674545084815,1.37765864345794,1.4082803931466308,98.0,1.3929695183022854,0.015310874844345254,0.07676683276727526,1.9844674545084815,completed,False,COMPLETE
122,1.4273953279835632,2026-06-13 07:30:32.008046,2026-06-13 07:30:32.153685,0 days 00:00:00.145639,14.0,1.0,16.0,,,,,,,,,,,,DecisionTreeRegressor,,,,,,5,,,,,,,,True,,,,,,,,,,,,,,,,,,,,,,,,,,,,,,,,,,,,,,,,,,,,,,,,,,,,,DecisionTreeRegressor,"{'mode': 'original', 'type': 'DecisionTreeRegressor'}",5,"['z_l3_T6W50', 'z_lsc_T6W50', 'z_density_T6W50', 'z_diameter_T6W50', 'z_asp_T6W50']",,,,,,,,,,,,,,,pruned,True,PRUNED
123,1.124121078540681,2026-06-13 07:30:32.163136,2026-06-13 07:30:33.821326,0 days 00:00:01.658190,,,,,,,,,,,,,,,LinearRegression,,,,,,4,,,,,,,,False,,,,,,,,,-0.0601156957634798,-0.04366959029511431,98.0,-0.05189264302929705,0.008223052734182746,0.04122936935341967,1.9844674545084815,1.1108087284089796,1.1374334286723824,98.0,1.124121078540681,0.01331235013170132,0.0667464770425685,1.9844674545084815,364181496206143.8,465887096473901.56,98.0,415034296340022.7,50852800133878.87,254969650220016.06,1.9844674545084815,3.1763357645106,3.2405999959381107,98.0,3.2084678802243554,0.03213211571375533,0.16110645397690057,1.9844674545084815,0.9905723995915277,1.0209986636053285,98.0,1.005785531598428,0.015213132006900403,0.07627676226950099,1.9844674545084815,99.0,0.5757575757575758,-0.04279306520035539,-0.01642430721741736,98.0,-0.029608686208886376,0.013184378991469015,0.06610484557335959,1.9844674545084815,LinearRegression,"{'mode': 'original', 'type': 'LinearRegression'}",4,"['z_pe_T6W50', 'z_l2_T6W50', 'z_diameter_T6W50', 'z_asp_T6W50']",0.028522620436846054,0.08209888613484641,98.0,0.05531075328584623,0.02678813284900018,0.13431238485541225,1.9844674545084815,1.3980640036174359,1.4303344222850418,98.0,1.4141992129512388,0.016135209333802948,0.0808999439408584,1.9844674545084815,completed,False,COMPLETE
124,1.0691225985343633,2026-06-13 07:30:33.833692,2026-06-13 07:30:36.597349,0 days 00:00:02.763657,,,,,,,,,,,,,,0.025992279021942115,QuantileRegressor,,,,,,3,,,,,,,,True,,,,,,,,,-4.002433992904942e-17,-9.318905609846419e-18,98.0,-2.4671622769447922e-17,1.5352717159601503e-17,7.697662496076695e-17,1.9844674545084815,1.0575870578016928,1.0806581392670338,98.0,1.0691225985343633,0.011535540732670513,0.05783777447779656,1.9844674545084815,378756762949842.25,482894502655208.6,98.0,430825632802525.44,52068869852683.17,261066873382366.94,1.9844674545084815,3.0,3.0,98.0,3.0,6.987929009378868e-17,3.5036611761652676e-16,1.9844674545084815,0.9999999999999999,1.0,98.0,1.0,6.987929009378868e-17,3.5036611761652676e-16,1.9844674545084815,99.0,0.9191919191919192,-0.00440223223955424,-0.002812910014847292,98.0,-0.003607571127200766,0.0007946611123534741,0.00398433253088908,1.9844674545084815,QuantileRegressor,"{'mode': 'original', 'type': 'QuantileRegressor'}",3,"['z_density_T6W50', 'z_diameter_T6W50', 'z_asp_T6W50']",,,,,,,,1.3817940130923385,1.413236739470511,98.0,1.3975153762814247,0.01572136318908618,0.07882497055717957,1.9844674545084815,completed,True,COMPLETE
125,1.188235294117647,2026-06-13 07:30:36.611435,2026-06-13 07:30:36.830990,0 days 00:00:00.219555,,,,,,,,,,,euclidean,3.0,uniform,,KNeighborsRegressor,,,,,,8,11.0,2.0,4.0,30.0,,,ExtraTrees,,,,,,,,,,,,,,,,,,,,,,,,,,,,,,,,,,,,,,,,,,,,,,,,,,,,,,KNeighborsRegressor,"{'mode': 'proxy', 'type': 'ExtraTrees'}",8,"['z_re_T6W50', 'z_pe_T6W50', 'z_l1_T6W50', 'z_l3_T6W50', 'z_lsc_T6W50', 'z_density_T6W50', 'z_diameter_T6W50', 'z_asp_T6W50']",,,,,,,,,,,,,,,pruned,True,PRUNED
126,1.3650458642950902,2026-06-13 07:30:36.840768,2026-06-13 07:30:37.069878,0 days 00:00:00.229110,8.0,1.0,19.0,,,,,,,,,,,,DecisionTreeRegressor,,,,,,7,,,,,,,,True,,,,,,,,,,,,,,,,,,,,,,,,,,,,,,,,,,,,,,,,,,,,,,,,,,,,,DecisionTreeRegressor,"{'mode': 'original', 'type': 'DecisionTreeRegressor'}",7,"['z_re_T6W50', 'z_l2_T6W50', 'z_l3_T6W50', 'z_lsc_T6W50', 'z_density_T6W50', 'z_diameter_T6W50', 'z_asp_T6W50']",,,,,,,,,,,,,,,pruned,True,PRUNED
127,1.0996240133057729,2026-06-13 07:30:37.081167,2026-06-13 07:30:40.292592,0 days 00:00:03.211425,,,,,,,,,,,,,,,XGBRegressor,,,,,,4,,,,,,,,False,gblinear,0.8042636363482333,0.014099932173699115,7.0,139.0,1.3981615309912755e-05,1.0638050900691945e-07,0.9860026648157685,-0.03260407295074576,-0.025155581943251255,98.0,-0.028879827446998508,0.0037242455037472524,0.01867290632814706,1.9844674545084815,1.0885842962316779,1.1106637303798679,98.0,1.0996240133057729,0.011039717074094978,0.05535177597889403,1.9844674545084815,367363663116509.75,469491029880310.5,98.0,418427346498410.1,51063683381900.4,256026992742822.2,1.9844674545084815,3.1585365738006055,3.203062524751752,98.0,3.1807995492761787,0.022262975475573345,0.11162380547225842,1.9844674545084815,0.974502701379047,0.9884540594898346,98.0,0.9814783804344408,0.006975679055393791,0.034975192007488436,1.9844674545084815,99.0,0.8484848484848485,-0.027492250807120117,-0.01646681903113064,98.0,-0.02197953491912538,0.005512715887994737,0.027640075630524206,1.9844674545084815,XGBRegressor,"{'mode': 'original', 'type': 'XGBRegressor'}",4,"['z_pe_T6W50', 'z_l1_T6W50', 'z_lsc_T6W50', 'z_asp_T6W50']",-0.09711773857493841,-0.04258473039695453,98.0,-0.06985123448594648,0.027266504088991943,0.1367108790861116,1.9844674545084815,1.3948228471950694,1.4247116208846131,98.0,1.4097672340398413,0.014944386844771871,0.07492930726592523,1.9844674545084815,completed,False,COMPLETE
128,1.0864904483428603,2026-06-13 07:30:40.323657,2026-06-13 07:30:54.416292,0 days 00:00:14.092635,,,,,,11.0,sqrt,5.0,3.0,256.0,,,,,ExtraTreesRegressor,,,,,,5,,,,,,,,True,,,,,,,,,-0.020273954711138038,-0.012497796342380633,98.0,-0.016385875526759335,0.0038880791843787033,0.019494348139313507,1.9844674545084815,1.0746383119122256,1.0983425847734951,98.0,1.0864904483428603,0.011852136430634869,0.059425146149732384,1.9844674545084815,351666051719398.0,449359364594185.0,98.0,400512708156791.5,48846656437393.52,244911093852670.88,1.9844674545084815,3.111650448682617,3.171236884225291,98.0,3.141443666453954,0.029793217771337137,0.14937950897665098,1.9844674545084815,0.9623219374704606,0.9853367685270533,98.0,0.973829352998757,0.011507415528296414,0.05769675818168795,1.9844674545084815,99.0,0.23232323232323232,0.012717869592608524,0.024396159699080468,98.0,0.018557014645844496,0.0058391450532359725,0.02927675109114886,1.9844674545084815,ExtraTreesRegressor,"{'mode': 'original', 'type': 'ExtraTreesRegressor'}",5,"['z_pe_T6W50', 'z_l3_T6W50', 'z_density_T6W50', 'z_diameter_T6W50', 'z_asp_T6W50']",0.1295068387793972,0.1754414877715554,98.0,0.1524741632754763,0.0229673244960791,0.11515532434473677,1.9844674545084815,1.3665184072671699,1.3966524184558766,98.0,1.3815854128615233,0.015067005594353406,0.07554410251041348,1.9844674545084815,completed,True,COMPLETE
129,1.1242050386783546,2026-06-13 07:30:54.428817,2026-06-13 07:31:02.612604,0 days 00:00:08.183787,,,,,,8.0,,3.0,10.0,124.0,,,,,ExtraTreesRegressor,,,,,,8,,,,,,,,False,,,,,,,,,-0.06012611418629089,-0.043717366936585976,98.0,-0.05192174056143843,0.008204373624852454,0.04113571460953483,1.9844674545084815,1.1107307000451674,1.137679377311542,98.0,1.1242050386783546,0.013474338633187357,0.06755866735371802,1.9844674545084815,335164845363660.4,429198172258702.5,98.0,382181508811181.44,47016663447521.04,235735735341350.34,1.9844674545084815,3.1978298680125334,3.29069445171531,98.0,3.2442621598639216,0.0464322918513884,0.23280576843545348,1.9844674545084815,0.9603629252082189,0.9954653706247443,98.0,0.9779141479164816,0.01755122270826271,0.08799965986293874,1.9844674545084815,99.0,0.5656565656565656,-0.029852911260504884,-0.002871150395162253,98.0,-0.01636203082783357,0.013490880432671316,0.06764160589038327,1.9844674545084815,ExtraTreesRegressor,"{'mode': 'original', 'type': 'ExtraTreesRegressor'}",8,"['z_re_T6W50', 'z_pe_T6W50', 'z_l1_T6W50', 'z_l3_T6W50', 'z_lsc_T6W50', 'z_density_T6W50', 'z_diameter_T6W50', 'z_asp_T6W50']",0.06824200567321648,0.12269526702721317,98.0,0.09546863635021482,0.027226630676998344,0.136510958730058,1.9844674545084815,1.3890982016210842,1.4207554349387255,98.0,1.4049268182799048,0.015828616658820533,0.07936272618894533,1.9844674545084815,completed,False,COMPLETE
130,1.0759423565164616,2026-06-13 07:31:02.625228,2026-06-13 07:31:05.083655,0 days 00:00:02.458427,,,,,,,,,,,,,,0.00033679722132229183,QuantileRegressor,,,,,,7,,,,,,,,True,,,,,,,,,-0.01293911939813426,-9.802837437637886e-05,98.0,-0.00651857388625532,0.006420545511878941,0.03219182108115311,1.9844674545084815,1.0630622233061517,1.0888224897267715,98.0,1.0759423565164616,0.012880133210309973,0.06457939485680493,1.9844674545084815,377875587691867.2,482254364993596.06,98.0,430064976342731.6,52189388650864.42,261671139730263.44,1.9844674545084815,2.9988373773974857,3.0392967306776697,98.0,3.0190670540375777,0.02022967664009219,0.10142909659663032,1.9844674545084815,0.9994592085657391,1.0043810033358107,98.0,1.001920105950775,0.0024608973850358323,0.012338635116218888,1.9844674545084815,99.0,0.9292929292929293,-0.020277924250100603,-0.0037718090104047128,98.0,-0.012024866630252658,0.008253057619847945,0.04137981013903633,1.9844674545084815,QuantileRegressor,"{'mode': 'original', 'type': 'QuantileRegressor'}",7,"['z_l1_T6W50', 'z_l2_T6W50', 'z_l3_T6W50', 'z_lsc_T6W50', 'z_density_T6W50', 'z_diameter_T6W50', 'z_asp_T6W50']",-0.22110351466662576,0.04146343609181459,8.0,-0.08982003928740558,0.13128347537922017,0.1707934604821471,2.306004135204166,1.3867451669986646,1.4192355344151317,98.0,1.4029903507068981,0.016245183708233503,0.08145134185223993,1.9844674545084815,completed,True,COMPLETE
131,1.1321016516488611,2026-06-13 07:31:05.096574,2026-06-13 07:31:09.274662,0 days 00:00:04.178088,,,,,,,,,,,,,,,RandomForestRegressor,9.0,,3.0,12.0,409.0,4,,,,,,,,False,,,,,,,,,,,,,,,,,,,,,,,,,,,,,,,,,,,,,,,,,,,,,,,,,,,,,RandomForestRegressor,"{'mode': 'original', 'type': 'RandomForestRegressor'}",4,"['z_re_T6W50', 'z_density_T6W50', 'z_diameter_T6W50', 'z_asp_T6W50']",,,,,,,,,,,,,,,pruned,False,PRUNED
132,1.1330629469532607,2026-06-13 07:31:09.288400,2026-06-13 07:31:33.970183,0 days 00:00:24.681783,,,,,,,,,,,,,,,RandomForestRegressor,13.0,,5.0,2.0,248.0,5,,,,,,,,True,,,,,,,,,-0.06915039943139922,-0.05099090885444181,98.0,-0.06007065414292052,0.009079745288478703,0.0455247198619438,1.9844674545084815,1.1183747409872076,1.1477511529193138,98.0,1.1330629469532607,0.014688205966053221,0.07364484802537233,1.9844674545084815,324468519308682.3,417041029391945.7,98.0,370754774350314.0,46286255041631.71,232073557933674.2,1.9844674545084815,3.2751272627937857,3.4053618865462005,98.0,3.340244574669993,0.06511731187620719,0.32649014781160746,1.9844674545084815,0.9469252848050522,0.9955773150985499,98.0,0.971251299951801,0.024326015146748793,0.12196763121960764,1.9844674545084815,99.0,0.6464646464646465,-0.05415888229599447,-0.021723883796783916,98.0,-0.03794138304638919,0.016217499249605277,0.08131253540078817,1.9844674545084815,RandomForestRegressor,"{'mode': 'original', 'type': 'RandomForestRegressor'}",5,"['z_pe_T6W50', 'z_l3_T6W50', 'z_density_T6W50', 'z_diameter_T6W50', 'z_asp_T6W50']",0.08256899348522619,0.1299797803382658,98.0,0.10627438691174598,0.023705393426519797,0.11885591067503316,1.9844674545084815,1.4027463194612884,1.435827373743215,98.0,1.4192868466022517,0.016540527140963247,0.08293215729484352,1.9844674545084815,completed,True,COMPLETE
133,1.146246174191322,2026-06-13 07:31:33.983044,2026-06-13 07:31:34.151041,0 days 00:00:00.167997,,,,,,,,,,,,,,,LinearRegression,,,,,,7,,,,,,,,True,,,,,,,,,,,,,,,,,,,,,,,,,,,,,,,,,,,,,,,,,,,,,,,,,,,,,LinearRegression,"{'mode': 'original', 'type': 'LinearRegression'}",7,"['z_re_T6W50', 'z_pe_T6W50', 'z_l1_T6W50', 'z_l2_T6W50', 'z_density_T6W50', 'z_diameter_T6W50', 'z_asp_T6W50']",,,,,,,,,,,,,,,pruned,True,PRUNED
134,1.1576270307306014,2026-06-13 07:31:34.164236,2026-06-13 07:31:34.313334,0 days 00:00:00.149098,,,,,,,,,,,,,,,LinearRegression,,,,,,8,,,,,,,,False,,,,,,,,,,,,,,,,,,,,,,,,,,,,,,,,,,,,,,,,,,,,,,,,,,,,,LinearRegression,"{'mode': 'original', 'type': 'LinearRegression'}",8,"['z_re_T6W50', 'z_pe_T6W50', 'z_l1_T6W50', 'z_l2_T6W50', 'z_lsc_T6W50', 'z_density_T6W50', 'z_diameter_T6W50', 'z_asp_T6W50']",,,,,,,,,,,,,,,pruned,False,PRUNED
