number,value,datetime_start,datetime_complete,duration,params_dt_max_depth,params_dt_min_samples_leaf,params_dt_min_samples_split,params_elastic_alpha,params_elastic_l1_ratio,params_et_max_depth,params_et_max_features,params_et_min_samples_leaf,params_et_min_samples_split,params_et_n_estimators,params_knn_metric,params_knn_n_neighbors,params_knn_weights,params_quantile_alpha,params_regressor,params_rf_max_depth,params_rf_max_features,params_rf_min_samples_leaf,params_rf_min_samples_split,params_rf_n_estimators,params_rfe_n_features,params_rfe_proxy_et_max_depth,params_rfe_proxy_et_min_samples_leaf,params_rfe_proxy_et_min_samples_split,params_rfe_proxy_et_n_estimators,params_rfe_proxy_lsvr_C,params_rfe_proxy_lsvr_epsilon,params_rfe_proxy_type,params_use_scaler,params_xgb_booster,params_xgb_colsample_bytree,params_xgb_learning_rate,params_xgb_max_depth,params_xgb_n_estimators,params_xgb_reg_alpha,params_xgb_reg_lambda,params_xgb_subsample,user_attrs_d2mae_ci_lower_val,user_attrs_d2mae_ci_upper_val,user_attrs_d2mae_df_val,user_attrs_d2mae_mean_val,user_attrs_d2mae_samperror_val,user_attrs_d2mae_std_val,user_attrs_d2mae_t_critical_val,user_attrs_mae_ci_lower_val,user_attrs_mae_ci_upper_val,user_attrs_mae_df_val,user_attrs_mae_mean_val,user_attrs_mae_samperror_val,user_attrs_mae_std_val,user_attrs_mae_t_critical_val,user_attrs_mape_ci_lower_val,user_attrs_mape_ci_upper_val,user_attrs_mape_df_val,user_attrs_mape_mean_val,user_attrs_mape_samperror_val,user_attrs_mape_std_val,user_attrs_mape_t_critical_val,user_attrs_max_error_ci_lower_val,user_attrs_max_error_ci_upper_val,user_attrs_max_error_df_val,user_attrs_max_error_mean_val,user_attrs_max_error_samperror_val,user_attrs_max_error_std_val,user_attrs_max_error_t_critical_val,user_attrs_median_ae_ci_lower_val,user_attrs_median_ae_ci_upper_val,user_attrs_median_ae_df_val,user_attrs_median_ae_mean_val,user_attrs_median_ae_samperror_val,user_attrs_median_ae_std_val,user_attrs_median_ae_t_critical_val,user_attrs_n_splits_val,user_attrs_r2_below_zero_val,user_attrs_r2_ci_lower_val,user_attrs_r2_ci_upper_val,user_attrs_r2_df_val,user_attrs_r2_mean_val,user_attrs_r2_samperror_val,user_attrs_r2_std_val,user_attrs_r2_t_critical_val,user_attrs_regressor_final,user_attrs_rfe_estimator,user_attrs_rfe_n_features,user_attrs_rfe_selected_features,user_attrs_rho_ci_lower_val,user_attrs_rho_ci_upper_val,user_attrs_rho_df_val,user_attrs_rho_mean_val,user_attrs_rho_samperror_val,user_attrs_rho_std_val,user_attrs_rho_t_critical_val,user_attrs_rmse_ci_lower_val,user_attrs_rmse_ci_upper_val,user_attrs_rmse_df_val,user_attrs_rmse_mean_val,user_attrs_rmse_samperror_val,user_attrs_rmse_std_val,user_attrs_rmse_t_critical_val,user_attrs_termination_reason,user_attrs_use_scaler_final,state
172,1.2843137254901962,2026-06-13 07:34:54.747510,2026-06-13 07:34:54.934600,0 days 00:00:00.187090,,,,,,,,,,,minkowski,2.0,uniform,,KNeighborsRegressor,,,,,,7,10.0,2.0,8.0,30.0,,,ExtraTrees,,,,,,,,,,,,,,,,,,,,,,,,,,,,,,,,,,,,,,,,,,,,,,,,,,,,,,KNeighborsRegressor,"{'mode': 'proxy', 'type': 'ExtraTrees'}",7,"['z_re_T6W50', 'z_pe_T6W50', 'z_l3_T6W50', 'z_lsc_T6W50', 'z_density_T6W50', 'z_diameter_T6W50', 'z_asp_T6W50']",,,,,,,,,,,,,,,pruned,True,PRUNED
173,1.0691225985343633,2026-06-13 07:34:54.948258,2026-06-13 07:34:58.395671,0 days 00:00:03.447413,,,,,,,,,,,,,,0.14276079282242177,QuantileRegressor,,,,,,5,,,,,,,,True,,,,,,,,,0.0,0.0,98.0,0.0,0.0,0.0,1.9844674545084815,1.0575870578016928,1.0806581392670338,98.0,1.0691225985343633,0.011535540732670515,0.05783777447779657,1.9844674545084815,378756762949842.25,482894502655208.6,98.0,430825632802525.44,52068869852683.18,261066873382366.97,1.9844674545084815,3.0,3.0,98.0,3.0,0.0,0.0,1.9844674545084815,1.0,1.0,98.0,1.0,0.0,0.0,1.9844674545084815,99.0,0.9191919191919192,-0.004402232239554242,-0.002812910014847294,98.0,-0.003607571127200768,0.0007946611123534741,0.00398433253088908,1.9844674545084815,QuantileRegressor,"{'mode': 'original', 'type': 'QuantileRegressor'}",5,"['z_l3_T6W50', 'z_lsc_T6W50', 'z_density_T6W50', 'z_diameter_T6W50', 'z_asp_T6W50']",,,,,,,,1.3817940130923385,1.413236739470511,98.0,1.3975153762814247,0.01572136318908618,0.07882497055717957,1.9844674545084815,completed,True,COMPLETE
174,1.0961038556356444,2026-06-13 07:34:58.409273,2026-06-13 07:35:00.501613,0 days 00:00:02.092340,,,,0.05406120356371464,0.43281600220946925,,,,,,,,,,ElasticNet,,,,,,2,,,,,,,,True,,,,,,,,,-0.02949492532034486,-0.021576164956648963,98.0,-0.02553554513849691,0.003959380181847949,0.019851842521868862,1.9844674545084815,1.0847859294308286,1.1074217818404601,98.0,1.0961038556356444,0.011317926204815731,0.05674668215045462,1.9844674545084815,368500726824994.44,470704001635901.7,98.0,419602364230448.06,51101637405453.61,256217289522632.28,1.9844674545084815,3.1028902204629216,3.1351088209163245,98.0,3.118999520689623,0.01610930022670147,0.08077003888238007,1.9844674545084815,0.9731043072599119,0.9875616128240916,98.0,0.9803329600420018,0.0072286527820898,0.036243570984471535,1.9844674545084815,99.0,0.6464646464646465,-0.020674217078651965,-0.009593761282801247,98.0,-0.015133989180726606,0.005540227897925359,0.027778017445535232,1.9844674545084815,ElasticNet,"{'mode': 'original', 'type': 'ElasticNet'}",2,"['z_pe_T6W50', 'z_asp_T6W50']",-0.024551572339836902,0.028849191983712552,97.0,0.0021488098219378244,0.026700382161774727,0.1331774122853538,1.9847231860139845,1.3900336748946631,1.4200950007394635,98.0,1.4050643378170633,0.01503066292240025,0.07536188484822846,1.9844674545084815,completed,True,COMPLETE
175,1.1545098039215689,2026-06-13 07:35:00.514065,2026-06-13 07:35:00.772798,0 days 00:00:00.258733,,,,,,,,,,,manhattan,5.0,uniform,,KNeighborsRegressor,,,,,,6,6.0,1.0,8.0,30.0,,,ExtraTrees,,,,,,,,,,,,,,,,,,,,,,,,,,,,,,,,,,,,,,,,,,,,,,,,,,,,,,KNeighborsRegressor,"{'mode': 'proxy', 'type': 'ExtraTrees'}",6,"['z_re_T6W50', 'z_l1_T6W50', 'z_l3_T6W50', 'z_lsc_T6W50', 'z_density_T6W50', 'z_asp_T6W50']",,,,,,,,,,,,,,,pruned,True,PRUNED
176,1.1360196683736858,2026-06-13 07:35:00.782769,2026-06-13 07:35:01.015925,0 days 00:00:00.233156,,,,,,,,,,,,,,,LinearRegression,,,,,,5,,,,,,,,True,,,,,,,,,,,,,,,,,,,,,,,,,,,,,,,,,,,,,,,,,,,,,,,,,,,,,LinearRegression,"{'mode': 'original', 'type': 'LinearRegression'}",5,"['z_re_T6W50', 'z_pe_T6W50', 'z_l2_T6W50', 'z_diameter_T6W50', 'z_asp_T6W50']",,,,,,,,,,,,,,,pruned,True,PRUNED
177,1.3761642651066484,2026-06-13 07:35:01.025406,2026-06-13 07:35:01.166723,0 days 00:00:00.141317,8.0,2.0,19.0,,,,,,,,,,,,DecisionTreeRegressor,,,,,,7,,,,,,,,True,,,,,,,,,,,,,,,,,,,,,,,,,,,,,,,,,,,,,,,,,,,,,,,,,,,,,DecisionTreeRegressor,"{'mode': 'original', 'type': 'DecisionTreeRegressor'}",7,"['z_re_T6W50', 'z_l2_T6W50', 'z_l3_T6W50', 'z_lsc_T6W50', 'z_density_T6W50', 'z_diameter_T6W50', 'z_asp_T6W50']",,,,,,,,,,,,,,,pruned,True,PRUNED
178,1.0691225985343633,2026-06-13 07:35:01.176352,2026-06-13 07:35:04.000153,0 days 00:00:02.823801,,,,,,,,,,,,,,0.002782432865907844,QuantileRegressor,,,,,,5,,,,,,,,True,,,,,,,,,-2.968874985757666e-16,-8.440121695206491e-17,98.0,-1.9064435776391576e-16,1.0624314081185085e-16,5.326899675093131e-16,1.9844674545084815,1.0575870578016928,1.0806581392670338,98.0,1.0691225985343633,0.011535540732670534,0.057837774477796665,1.9844674545084815,378756762949842.3,482894502655208.7,98.0,430825632802525.5,52068869852683.18,261066873382366.97,1.9844674545084815,3.0,3.000000000000001,98.0,3.0000000000000004,5.818384389747952e-16,2.917265969217101e-15,1.9844674545084815,0.9999999999999998,1.0000000000000002,98.0,1.0,2.4762697458115233e-16,1.2415710231841136e-15,1.9844674545084815,99.0,0.9292929292929293,-0.004402232239554284,-0.00281291001484731,98.0,-0.003607571127200797,0.0007946611123534871,0.003984332530889145,1.9844674545084815,QuantileRegressor,"{'mode': 'original', 'type': 'QuantileRegressor'}",5,"['z_l3_T6W50', 'z_lsc_T6W50', 'z_density_T6W50', 'z_diameter_T6W50', 'z_asp_T6W50']",-1.7239753996799658,1.7689610051797922,1.0,0.022492802749913075,1.746468202429879,0.1943836943771199,12.706204736174694,1.3817940130923385,1.413236739470511,98.0,1.3975153762814247,0.015721363189086186,0.07882497055717962,1.9844674545084815,completed,True,COMPLETE
179,1.1190448057543683,2026-06-13 07:35:04.013044,2026-06-13 07:35:06.558791,0 days 00:00:02.545747,,,,0.006103877323127746,0.7875490858587793,,,,,,,,,,ElasticNet,,,,,,4,,,,,,,,True,,,,,,,,,-0.054522725516154454,-0.039691300548423396,98.0,-0.047107013032288925,0.007415712483865529,0.03718146519298028,1.9844674545084815,1.106169860624508,1.1319197508842285,98.0,1.1190448057543683,0.012874945129860161,0.06455338246310942,1.9844674545084815,365790894800837.8,467711290456774.94,98.0,416751092628806.4,50960197827968.586,255508128974861.44,1.9844674545084815,3.1592927429484687,3.2175106589880764,98.0,3.1884017009682726,0.02910895801980402,0.14594871521409072,1.9844674545084815,0.9864666109831789,1.0137406684166106,98.0,1.0001036396998948,0.013637028716715894,0.06837437531045452,1.9844674545084815,99.0,0.5858585858585859,-0.03827320972706943,-0.01568284515949922,98.0,-0.026978027443284324,0.011295182283785102,0.056632646943454344,1.9844674545084815,ElasticNet,"{'mode': 'original', 'type': 'ElasticNet'}",4,"['z_pe_T6W50', 'z_l2_T6W50', 'z_diameter_T6W50', 'z_asp_T6W50']",0.01801927634839021,0.07019773965609093,98.0,0.044108508002240567,0.026089231653850357,0.13080818070546255,1.9844674545084815,1.396894754819005,1.4284067732188441,98.0,1.4126507640189245,0.015756009199919596,0.07899868137035916,1.9844674545084815,completed,True,COMPLETE
180,1.1654901960784314,2026-06-13 07:35:06.571773,2026-06-13 07:35:07.099054,0 days 00:00:00.527281,,,,,,,,,,,manhattan,5.0,uniform,,KNeighborsRegressor,,,,,,4,8.0,4.0,7.0,50.0,,,ExtraTrees,,,,,,,,,,,,,,,,,,,,,,,,,,,,,,,,,,,,,,,,,,,,,,,,,,,,,,KNeighborsRegressor,"{'mode': 'proxy', 'type': 'ExtraTrees'}",4,"['z_l3_T6W50', 'z_density_T6W50', 'z_diameter_T6W50', 'z_asp_T6W50']",,,,,,,,,,,,,,,pruned,True,PRUNED
181,1.0691225985343635,2026-06-13 07:35:07.162311,2026-06-13 07:35:09.741727,0 days 00:00:02.579416,,,,,,,,,,,,,,0.0008524707546537274,QuantileRegressor,,,,,,4,,,,,,,,False,,,,,,,,,-3.4359390868230145e-16,-7.806655319553581e-17,98.0,-2.1083023093891862e-16,1.327636777433828e-16,6.656606595317338e-16,1.9844674545084815,1.057587057801693,1.080658139267034,98.0,1.0691225985343635,0.011535540732670517,0.057837774477796575,1.9844674545084815,378756762949842.4,482894502655208.75,98.0,430825632802525.56,52068869852683.195,261066873382367.06,1.9844674545084815,2.9999999999999996,3.0000000000000013,98.0,3.0000000000000004,7.512922764348226e-16,3.766886551601482e-15,1.9844674545084815,0.9999999999999998,1.0000000000000002,98.0,1.0,1.7486997512871377e-16,8.767764267684222e-16,1.9844674545084815,99.0,0.9393939393939394,-0.00440223223955421,-0.0028129100148472728,98.0,-0.003607571127200741,0.0007946611123534683,0.003984332530889052,1.9844674545084815,QuantileRegressor,"{'mode': 'original', 'type': 'QuantileRegressor'}",4,"['z_lsc_T6W50', 'z_density_T6W50', 'z_diameter_T6W50', 'z_asp_T6W50']",-0.04712872244955735,0.21506029906805185,4.0,0.08396578830924725,0.1310945107588046,0.10557969865313857,2.7764451051977934,1.381794013092338,1.4132367394705105,98.0,1.3975153762814243,0.015721363189086197,0.07882497055717966,1.9844674545084815,completed,False,COMPLETE
182,1.1197286154348367,2026-06-13 07:35:09.754524,2026-06-13 07:35:29.879682,0 days 00:00:20.125158,,,,,,16.0,sqrt,1.0,9.0,362.0,,,,,ExtraTreesRegressor,,,,,,5,,,,,,,,True,,,,,,,,,-0.055510481467957146,-0.03995699179075607,98.0,-0.04773373662935661,0.007776744838600536,0.03899163676588383,1.9844674545084815,1.1066226774754164,1.132834553394257,98.0,1.1197286154348367,0.013105937959420364,0.06571155194052743,1.9844674545084815,340156367281463.1,434145564267722.9,98.0,387150965774593.0,46994598493129.89,235625104389103.47,1.9844674545084815,3.1819216672875297,3.2768119348390434,98.0,3.2293668010632866,0.04744513377575686,0.23788403257242374,1.9844674545084815,0.9511741654911251,0.9843151633883419,98.0,0.9677446644397335,0.016570498948608382,0.08308243223135876,1.9844674545084815,99.0,0.45454545454545453,-0.016212527713870637,0.009792836360458428,98.0,-0.003209845676706104,0.013002682037164532,0.0651938395173884,1.9844674545084815,ExtraTreesRegressor,"{'mode': 'original', 'type': 'ExtraTreesRegressor'}",5,"['z_l1_T6W50', 'z_l3_T6W50', 'z_lsc_T6W50', 'z_density_T6W50', 'z_asp_T6W50']",0.09266900304132147,0.1441848322037054,98.0,0.11842691762251344,0.02575791458119197,0.12914699788160167,1.9844674545084815,1.3799407177200715,1.412010045173788,98.0,1.3959753814469298,0.016034663726858182,0.08039582070346782,1.9844674545084815,completed,True,COMPLETE
183,1.0882045001080776,2026-06-13 07:35:29.892436,2026-06-13 07:35:32.232628,0 days 00:00:02.340192,,,,,,,,,,,,,,,XGBRegressor,,,,,,5,,,,,,,,False,gblinear,0.9834227498996426,0.0010084417932528184,4.0,187.0,1.0438578212275792e-06,0.009277366769193843,0.8646723970439982,-0.0193053951044302,-0.016789077920311816,98.0,-0.018047236512371008,0.0012581585920591932,0.006308251567152621,1.9844674545084815,1.077223190434708,1.099185809781447,98.0,1.0882045001080776,0.010981309673369605,0.05505892849568755,1.9844674545084815,368880846883559.1,470854286899019.25,98.0,419867566891289.2,50986720007730.08,255641107903830.1,1.9844674545084815,3.0815333851864337,3.09550904129857,98.0,3.088521213242502,0.006987828056068203,0.03503610559423926,1.9844674545084815,0.9418152337553232,0.9590655124117924,98.0,0.9504403730835578,0.008625139328234584,0.04324538180452665,1.9844674545084815,99.0,0.8282828282828283,-0.006373943222727765,-0.004009815832032559,98.0,-0.005191879527380162,0.0011820636953476028,0.005926721166722288,1.9844674545084815,XGBRegressor,"{'mode': 'original', 'type': 'XGBRegressor'}",5,"['z_pe_T6W50', 'z_l1_T6W50', 'z_l2_T6W50', 'z_diameter_T6W50', 'z_asp_T6W50']",-0.0747275394770013,-0.024171565864649146,98.0,-0.04944955267082522,0.025277986806176076,0.126740699376809,1.9844674545084815,1.3832156736210908,1.413752134891773,98.0,1.3984839042564319,0.015268230635341114,0.07655301997771265,1.9844674545084815,completed,False,COMPLETE
184,1.2848046431551547,2026-06-13 07:35:32.259819,2026-06-13 07:35:32.484333,0 days 00:00:00.224514,9.0,4.0,13.0,,,,,,,,,,,,DecisionTreeRegressor,,,,,,2,,,,,,,,True,,,,,,,,,,,,,,,,,,,,,,,,,,,,,,,,,,,,,,,,,,,,,,,,,,,,,DecisionTreeRegressor,"{'mode': 'original', 'type': 'DecisionTreeRegressor'}",2,"['z_re_T6W50', 'z_asp_T6W50']",,,,,,,,,,,,,,,pruned,True,PRUNED
185,1.1112710253016167,2026-06-13 07:35:32.493959,2026-06-13 07:35:32.837519,0 days 00:00:00.343560,,,,,,,,,,,euclidean,13.0,distance,,KNeighborsRegressor,,,,,,5,11.0,4.0,9.0,80.0,,,ExtraTrees,,,,,,,,,,,,,,,,,,,,,,,,,,,,,,,,,,,,,,,,,,,,,,,,,,,,,,KNeighborsRegressor,"{'mode': 'proxy', 'type': 'ExtraTrees'}",5,"['z_l1_T6W50', 'z_l3_T6W50', 'z_density_T6W50', 'z_diameter_T6W50', 'z_asp_T6W50']",,,,,,,,,,,,,,,pruned,True,PRUNED
186,1.1576270307306014,2026-06-13 07:35:32.848520,2026-06-13 07:35:33.009048,0 days 00:00:00.160528,,,,,,,,,,,,,,,LinearRegression,,,,,,8,,,,,,,,False,,,,,,,,,,,,,,,,,,,,,,,,,,,,,,,,,,,,,,,,,,,,,,,,,,,,,LinearRegression,"{'mode': 'original', 'type': 'LinearRegression'}",8,"['z_re_T6W50', 'z_pe_T6W50', 'z_l1_T6W50', 'z_l2_T6W50', 'z_lsc_T6W50', 'z_density_T6W50', 'z_diameter_T6W50', 'z_asp_T6W50']",,,,,,,,,,,,,,,pruned,False,PRUNED
187,1.158665849001816,2026-06-13 07:35:33.018517,2026-06-13 07:35:33.559015,0 days 00:00:00.540498,,,,,,,,,,,,,,,RandomForestRegressor,17.0,sqrt,4.0,2.0,61.0,7,,,,,,,,True,,,,,,,,,,,,,,,,,,,,,,,,,,,,,,,,,,,,,,,,,,,,,,,,,,,,,RandomForestRegressor,"{'mode': 'original', 'type': 'RandomForestRegressor'}",7,"['z_pe_T6W50', 'z_l2_T6W50', 'z_l3_T6W50', 'z_lsc_T6W50', 'z_density_T6W50', 'z_diameter_T6W50', 'z_asp_T6W50']",,,,,,,,,,,,,,,pruned,True,PRUNED
188,1.0691225985343633,2026-06-13 07:35:33.568915,2026-06-13 07:35:36.246924,0 days 00:00:02.678009,,,,,,,,,,,,,,0.009610996297600935,QuantileRegressor,,,,,,3,,,,,,,,True,,,,,,,,,-6.397133161992322e-17,-7.800661891198023e-18,98.0,-3.588599675556062e-17,2.8085334864362596e-17,1.408163953179808e-16,1.9844674545084815,1.0575870578016928,1.0806581392670338,98.0,1.0691225985343633,0.011535540732670515,0.05783777447779657,1.9844674545084815,378756762949842.3,482894502655208.7,98.0,430825632802525.5,52068869852683.18,261066873382366.97,1.9844674545084815,3.0,3.0,98.0,3.0,8.766357615722975e-17,4.395343283162432e-16,1.9844674545084815,0.9999999999999999,1.0,98.0,1.0,8.200176681992967e-17,4.111467165712985e-16,1.9844674545084815,99.0,0.9191919191919192,-0.004402232239554253,-0.0028129100148473057,98.0,-0.0036075711272007794,0.0007946611123534737,0.0039843325308890785,1.9844674545084815,QuantileRegressor,"{'mode': 'original', 'type': 'QuantileRegressor'}",3,"['z_density_T6W50', 'z_diameter_T6W50', 'z_asp_T6W50']",,,0.0,-0.015992741659335587,,,,1.3817940130923385,1.413236739470511,98.0,1.3975153762814247,0.01572136318908618,0.07882497055717957,1.9844674545084815,completed,True,COMPLETE
189,1.0919530143801424,2026-06-13 07:35:36.279981,2026-06-13 07:36:00.860743,0 days 00:00:24.580762,,,,,,19.0,log2,4.0,2.0,425.0,,,,,ExtraTreesRegressor,,,,,,4,,,,,,,,True,,,,,,,,,-0.026469714432013687,-0.016458860374831692,98.0,-0.02146428740342269,0.005005427028590999,0.025096592032725004,1.9844674545084815,1.0794765274347855,1.1044295013254992,98.0,1.0919530143801424,0.012476486945356923,0.0625555624087048,1.9844674545084815,346714144831990.8,443257625817321.06,98.0,394985885324655.94,48271740492665.1,242028536413406.94,1.9844674545084815,3.1236715195105162,3.1924061882400476,98.0,3.158038853875282,0.034367334364765564,0.1723135638334461,1.9844674545084815,0.9549475804334435,0.9849215915644014,98.0,0.9699345859989225,0.01498700556547889,0.07514299226031856,1.9844674545084815,99.0,0.2727272727272727,0.011144242496806308,0.026194151029918282,98.0,0.018669196763362296,0.007524954266555988,0.03772918997998648,1.9844674545084815,ExtraTreesRegressor,"{'mode': 'original', 'type': 'ExtraTreesRegressor'}",4,"['z_pe_T6W50', 'z_l3_T6W50', 'z_density_T6W50', 'z_asp_T6W50']",0.12176253557840752,0.16867284401572866,98.0,0.1452176897970681,0.023455154218660568,0.11760124223728287,1.9844674545084815,1.3661714887995478,1.3965095579061597,98.0,1.3813405233528537,0.015169034553306046,0.07605566309130538,1.9844674545084815,completed,True,COMPLETE
190,1.4153608008643521,2026-06-13 07:36:00.938438,2026-06-13 07:36:01.089292,0 days 00:00:00.150854,8.0,2.0,3.0,,,,,,,,,,,,DecisionTreeRegressor,,,,,,9,,,,,,,,False,,,,,,,,,,,,,,,,,,,,,,,,,,,,,,,,,,,,,,,,,,,,,,,,,,,,,DecisionTreeRegressor,"{'mode': 'original', 'type': 'DecisionTreeRegressor'}",9,"['z_re_T6W50', 'z_pe_T6W50', 'z_l1_T6W50', 'z_l2_T6W50', 'z_l3_T6W50', 'z_lsc_T6W50', 'z_density_T6W50', 'z_diameter_T6W50', 'z_asp_T6W50']",,,,,,,,,,,,,,,pruned,False,PRUNED
191,1.1866499517597522,2026-06-13 07:36:01.099256,2026-06-13 07:36:01.423984,0 days 00:00:00.324728,,,,,,,,,,,manhattan,6.0,distance,,KNeighborsRegressor,,,,,,4,10.0,3.0,9.0,40.0,,,ExtraTrees,,,,,,,,,,,,,,,,,,,,,,,,,,,,,,,,,,,,,,,,,,,,,,,,,,,,,,KNeighborsRegressor,"{'mode': 'proxy', 'type': 'ExtraTrees'}",4,"['z_l3_T6W50', 'z_lsc_T6W50', 'z_density_T6W50', 'z_asp_T6W50']",,,,,,,,,,,,,,,pruned,True,PRUNED
192,1.1036868006150353,2026-06-13 07:36:01.433692,2026-06-13 07:36:15.037004,0 days 00:00:13.603312,,,,,,,,,,,,,,,XGBRegressor,,,,,,9,,,,,,,,True,gbtree,0.7995222935751908,0.005450361842724383,10.0,84.0,0.0041005206621905965,0.006863464331724661,0.5460334930412377,-0.03684750154201037,-0.028418649886328192,98.0,-0.032633075714169284,0.004214425827841092,0.021130609845945603,1.9844674545084815,1.0922414438156762,1.1151321574143944,98.0,1.1036868006150353,0.011445356799359091,0.05738560339043574,1.9844674545084815,357919305535974.7,457062272087908.7,98.0,407490788811941.7,49571483275967.02,248545285972173.12,1.9844674545084815,3.1184110542975283,3.169445124756809,98.0,3.1439280895271686,0.02551703522964042,0.1279392586057185,1.9844674545084815,0.97717959445996,0.9969256047180998,98.0,0.9870525995890299,0.0098730051290699,0.04950202658953099,1.9844674545084815,99.0,0.6161616161616161,-0.015038533336765504,-0.0022324695281230643,98.0,-0.008635501432444284,0.0064030319043212195,0.032104010019002614,1.9844674545084815,XGBRegressor,"{'mode': 'original', 'type': 'XGBRegressor'}",9,"['z_re_T6W50', 'z_pe_T6W50', 'z_l1_T6W50', 'z_l2_T6W50', 'z_l3_T6W50', 'z_lsc_T6W50', 'z_density_T6W50', 'z_diameter_T6W50', 'z_asp_T6W50']",0.0015084272816254171,0.057314913230054575,98.0,0.029411670255839996,0.02790324297421458,0.13990340910253715,1.9844674545084815,1.3857018035847106,1.4151125045304742,98.0,1.4004071540575924,0.014705350472881818,0.07373080846211866,1.9844674545084815,completed,True,COMPLETE
193,1.3602315323025573,2026-06-13 07:36:15.051034,2026-06-13 07:36:16.797865,0 days 00:00:01.746831,,,,,,,,,,,,,,,XGBRegressor,,,,,,2,,,,,,,,True,gbtree,0.6013163170676716,0.066755502433454,10.0,119.0,0.0019421055975565888,0.02042943471222008,0.9414969124148865,,,,,,,,,,,,,,,,,,,,,,,,,,,,,,,,,,,,,,,,,,,,,XGBRegressor,"{'mode': 'original', 'type': 'XGBRegressor'}",2,"['z_diameter_T6W50', 'z_asp_T6W50']",,,,,,,,,,,,,,,pruned,True,PRUNED
194,1.1491416584521184,2026-06-13 07:36:16.808039,2026-06-13 07:36:17.366228,0 days 00:00:00.558189,,,,,,,,,,,,,,,RandomForestRegressor,10.0,sqrt,4.0,3.0,53.0,5,,,,,,,,True,,,,,,,,,,,,,,,,,,,,,,,,,,,,,,,,,,,,,,,,,,,,,,,,,,,,,RandomForestRegressor,"{'mode': 'original', 'type': 'RandomForestRegressor'}",5,"['z_pe_T6W50', 'z_l3_T6W50', 'z_density_T6W50', 'z_diameter_T6W50', 'z_asp_T6W50']",,,,,,,,,,,,,,,pruned,True,PRUNED
195,1.1442056789912411,2026-06-13 07:36:17.375972,2026-06-13 07:36:17.486201,0 days 00:00:00.110229,,,,,,,,,,,,,,,LinearRegression,,,,,,7,,,,,,,,False,,,,,,,,,,,,,,,,,,,,,,,,,,,,,,,,,,,,,,,,,,,,,,,,,,,,,LinearRegression,"{'mode': 'original', 'type': 'LinearRegression'}",7,"['z_re_T6W50', 'z_pe_T6W50', 'z_l1_T6W50', 'z_l2_T6W50', 'z_lsc_T6W50', 'z_diameter_T6W50', 'z_asp_T6W50']",,,,,,,,,,,,,,,pruned,False,PRUNED
