number,value,datetime_start,datetime_complete,duration,params_dt_max_depth,params_dt_min_samples_leaf,params_dt_min_samples_split,params_elastic_alpha,params_elastic_l1_ratio,params_et_max_depth,params_et_max_features,params_et_min_samples_leaf,params_et_min_samples_split,params_et_n_estimators,params_knn_metric,params_knn_n_neighbors,params_knn_weights,params_quantile_alpha,params_regressor,params_rf_max_depth,params_rf_max_features,params_rf_min_samples_leaf,params_rf_min_samples_split,params_rf_n_estimators,params_rfe_n_features,params_rfe_proxy_et_max_depth,params_rfe_proxy_et_min_samples_leaf,params_rfe_proxy_et_min_samples_split,params_rfe_proxy_et_n_estimators,params_rfe_proxy_lsvr_C,params_rfe_proxy_lsvr_epsilon,params_rfe_proxy_type,params_use_scaler,params_xgb_booster,params_xgb_colsample_bytree,params_xgb_learning_rate,params_xgb_max_depth,params_xgb_n_estimators,params_xgb_reg_alpha,params_xgb_reg_lambda,params_xgb_subsample,user_attrs_d2mae_ci_lower_val,user_attrs_d2mae_ci_upper_val,user_attrs_d2mae_df_val,user_attrs_d2mae_mean_val,user_attrs_d2mae_samperror_val,user_attrs_d2mae_std_val,user_attrs_d2mae_t_critical_val,user_attrs_mae_ci_lower_val,user_attrs_mae_ci_upper_val,user_attrs_mae_df_val,user_attrs_mae_mean_val,user_attrs_mae_samperror_val,user_attrs_mae_std_val,user_attrs_mae_t_critical_val,user_attrs_mape_ci_lower_val,user_attrs_mape_ci_upper_val,user_attrs_mape_df_val,user_attrs_mape_mean_val,user_attrs_mape_samperror_val,user_attrs_mape_std_val,user_attrs_mape_t_critical_val,user_attrs_max_error_ci_lower_val,user_attrs_max_error_ci_upper_val,user_attrs_max_error_df_val,user_attrs_max_error_mean_val,user_attrs_max_error_samperror_val,user_attrs_max_error_std_val,user_attrs_max_error_t_critical_val,user_attrs_median_ae_ci_lower_val,user_attrs_median_ae_ci_upper_val,user_attrs_median_ae_df_val,user_attrs_median_ae_mean_val,user_attrs_median_ae_samperror_val,user_attrs_median_ae_std_val,user_attrs_median_ae_t_critical_val,user_attrs_n_splits_val,user_attrs_r2_below_zero_val,user_attrs_r2_ci_lower_val,user_attrs_r2_ci_upper_val,user_attrs_r2_df_val,user_attrs_r2_mean_val,user_attrs_r2_samperror_val,user_attrs_r2_std_val,user_attrs_r2_t_critical_val,user_attrs_regressor_final,user_attrs_rfe_estimator,user_attrs_rfe_n_features,user_attrs_rfe_selected_features,user_attrs_rho_ci_lower_val,user_attrs_rho_ci_upper_val,user_attrs_rho_df_val,user_attrs_rho_mean_val,user_attrs_rho_samperror_val,user_attrs_rho_std_val,user_attrs_rho_t_critical_val,user_attrs_rmse_ci_lower_val,user_attrs_rmse_ci_upper_val,user_attrs_rmse_df_val,user_attrs_rmse_mean_val,user_attrs_rmse_samperror_val,user_attrs_rmse_std_val,user_attrs_rmse_t_critical_val,user_attrs_termination_reason,user_attrs_use_scaler_final,state
277,1.0691225985343638,2026-06-13 07:43:20.239831,2026-06-13 07:43:22.627812,0 days 00:00:02.387981,,,,,,,,,,,,,,0.001695263503744324,QuantileRegressor,,,,,,4,,,,,,,,False,,,,,,,,,-6.102455201706529e-16,1.3640824109457744e-17,98.0,-2.983023480305976e-16,3.1194317214005536e-16,1.5640444828933642e-15,1.9844674545084815,1.0575870578016933,1.0806581392670342,98.0,1.0691225985343638,0.011535540732670595,0.05783777447779696,1.9844674545084815,378756762949842.5,482894502655208.9,98.0,430825632802525.7,52068869852683.22,261066873382367.2,1.9844674545084815,2.9999999999999996,3.000000000000003,98.0,3.0000000000000013,1.7522895987594014e-15,8.785763318905327e-15,1.9844674545084815,0.9999999999999999,1.0000000000000007,98.0,1.0000000000000002,3.479903073507435e-16,1.7447803604046528e-15,1.9844674545084815,99.0,0.9191919191919192,-0.004402232239554445,-0.0028129100148474007,98.0,-0.003607571127200923,0.0007946611123535221,0.003984332530889321,1.9844674545084815,QuantileRegressor,"{'mode': 'original', 'type': 'QuantileRegressor'}",4,"['z_lsc_T6W50', 'z_density_T6W50', 'z_diameter_T6W50', 'z_asp_T6W50']",-0.18714497661624604,0.08690165853908041,2.0,-0.050121659038582816,0.13702331757766323,0.05515930816939944,4.302652729749462,1.3817940130923385,1.413236739470511,98.0,1.3975153762814247,0.015721363189086218,0.07882497055717975,1.9844674545084815,completed,False,COMPLETE
278,1.1360196683736858,2026-06-13 07:43:22.665559,2026-06-13 07:43:22.773565,0 days 00:00:00.108006,,,,,,,,,,,,,,,LinearRegression,,,,,,5,,,,,,,,True,,,,,,,,,,,,,,,,,,,,,,,,,,,,,,,,,,,,,,,,,,,,,,,,,,,,,LinearRegression,"{'mode': 'original', 'type': 'LinearRegression'}",5,"['z_re_T6W50', 'z_pe_T6W50', 'z_l2_T6W50', 'z_diameter_T6W50', 'z_asp_T6W50']",,,,,,,,,,,,,,,pruned,True,PRUNED
279,1.3855353808509168,2026-06-13 07:43:22.783081,2026-06-13 07:43:23.066693,0 days 00:00:00.283612,9.0,1.0,6.0,,,,,,,,,,,,DecisionTreeRegressor,,,,,,3,,,,,,,,True,,,,,,,,,,,,,,,,,,,,,,,,,,,,,,,,,,,,,,,,,,,,,,,,,,,,,DecisionTreeRegressor,"{'mode': 'original', 'type': 'DecisionTreeRegressor'}",3,"['z_density_T6W50', 'z_diameter_T6W50', 'z_asp_T6W50']",,,,,,,,,,,,,,,pruned,True,PRUNED
280,1.1333142020384133,2026-06-13 07:43:23.078557,2026-06-13 07:43:33.585953,0 days 00:00:10.507396,,,,,,18.0,,2.0,11.0,158.0,,,,,ExtraTreesRegressor,,,,,,3,,,,,,,,False,,,,,,,,,-0.07005888007201286,-0.05090882062750943,98.0,-0.06048385034976114,0.009575029722251714,0.048008014754379665,1.9844674545084815,1.118952105237651,1.1476762988391755,98.0,1.1333142020384133,0.014362096800762308,0.07200977700491988,1.9844674545084815,342882479355678.6,437453040276876.5,98.0,390167759816277.56,47285280460598.94,237082547821436.12,1.9844674545084815,3.168103907967211,3.3016619120334045,98.0,3.234882910000308,0.06677900203309682,0.334821656734632,1.9844674545084815,0.9422580078602529,0.9800432156846495,98.0,0.9611506117724512,0.018892603912198318,0.09472517931277752,1.9844674545084815,99.0,0.5656565656565656,-0.028115705977385247,0.004107141411355717,98.0,-0.012004282283014764,0.01611142369437048,0.08078068568663463,1.9844674545084815,ExtraTreesRegressor,"{'mode': 'original', 'type': 'ExtraTreesRegressor'}",3,"['z_l3_T6W50', 'z_lsc_T6W50', 'z_density_T6W50']",0.09679203716704195,0.15475374911077003,98.0,0.125772893138906,0.028980855971864044,0.1453064273898267,1.9844674545084815,1.3849647645352043,1.4179473204560369,98.0,1.4014560424956206,0.016491277960416217,0.08268522799489071,1.9844674545084815,completed,False,COMPLETE
281,1.1043213565034613,2026-06-13 07:43:33.602908,2026-06-13 07:43:39.948116,0 days 00:00:06.345208,,,,,,,,,,,,,,,XGBRegressor,,,,,,3,,,,,,,,False,gbtree,0.7598058379015038,0.022851779404450448,5.0,113.0,9.305437128443685,1.647994748405775e-07,0.7013697423734153,-0.038234323903928925,-0.027824548807790388,98.0,-0.03302943635585966,0.005204887548069268,0.026096662407418012,1.9844674545084815,1.0916078015998651,1.1170349114070575,98.0,1.1043213565034613,0.012713554903596191,0.06374419182992658,1.9844674545084815,355615120578169.94,453786667168657.06,98.0,404700893873413.5,49085773295243.555,246109996203126.0,1.9844674545084815,3.1257454214510645,3.207483571242287,98.0,3.166614496346676,0.04086907489561151,0.20491248669721732,1.9844674545084815,0.9358439562973355,0.963429102083408,98.0,0.9496365291903718,0.013792572893036282,0.06915425457228004,1.9844674545084815,99.0,0.3939393939393939,-0.00030280259237900654,0.017704057831415508,98.0,0.008700627619518252,0.009003430211897258,0.04514208550687863,1.9844674545084815,XGBRegressor,"{'mode': 'original', 'type': 'XGBRegressor'}",3,"['z_l3_T6W50', 'z_density_T6W50', 'z_diameter_T6W50']",0.09146928498224959,0.13981879057053748,98.0,0.11564403777639352,0.024174752794143942,0.12120922049230098,1.9844674545084815,1.3725088320854704,1.4040740008982338,98.0,1.388291416491852,0.015782584406381663,0.07913192616864596,1.9844674545084815,completed,False,COMPLETE
282,1.1303461903119776,2026-06-13 07:43:39.987206,2026-06-13 07:43:41.665097,0 days 00:00:01.677891,,,,,,13.0,,1.0,8.0,211.0,,,,,ExtraTreesRegressor,,,,,,3,,,,,,,,True,,,,,,,,,,,,,,,,,,,,,,,,,,,,,,,,,,,,,,,,,,,,,,,,,,,,,ExtraTreesRegressor,"{'mode': 'original', 'type': 'ExtraTreesRegressor'}",3,"['z_l3_T6W50', 'z_lsc_T6W50', 'z_density_T6W50']",,,,,,,,,,,,,,,pruned,True,PRUNED
283,1.1877886020594335,2026-06-13 07:43:41.674776,2026-06-13 07:43:44.805633,0 days 00:00:03.130857,,,,,,,,,,,,,,,RandomForestRegressor,11.0,log2,2.0,3.0,325.0,4,,,,,,,,True,,,,,,,,,,,,,,,,,,,,,,,,,,,,,,,,,,,,,,,,,,,,,,,,,,,,,RandomForestRegressor,"{'mode': 'original', 'type': 'RandomForestRegressor'}",4,"['z_lsc_T6W50', 'z_density_T6W50', 'z_diameter_T6W50', 'z_asp_T6W50']",,,,,,,,,,,,,,,pruned,True,PRUNED
284,1.4373063973063973,2026-06-13 07:43:44.815859,2026-06-13 07:43:44.933023,0 days 00:00:00.117164,13.0,3.0,12.0,,,,,,,,,,,,DecisionTreeRegressor,,,,,,6,,,,,,,,True,,,,,,,,,,,,,,,,,,,,,,,,,,,,,,,,,,,,,,,,,,,,,,,,,,,,,DecisionTreeRegressor,"{'mode': 'original', 'type': 'DecisionTreeRegressor'}",6,"['z_re_T6W50', 'z_l2_T6W50', 'z_l3_T6W50', 'z_density_T6W50', 'z_diameter_T6W50', 'z_asp_T6W50']",,,,,,,,,,,,,,,pruned,True,PRUNED
285,1.1596548575202834,2026-06-13 07:43:44.943131,2026-06-13 07:43:45.039611,0 days 00:00:00.096480,,,,,,,,,,,,,,,LinearRegression,,,,,,9,,,,,,,,False,,,,,,,,,,,,,,,,,,,,,,,,,,,,,,,,,,,,,,,,,,,,,,,,,,,,,LinearRegression,"{'mode': 'original', 'type': 'LinearRegression'}",9,"['z_re_T6W50', 'z_pe_T6W50', 'z_l1_T6W50', 'z_l2_T6W50', 'z_l3_T6W50', 'z_lsc_T6W50', 'z_density_T6W50', 'z_diameter_T6W50', 'z_asp_T6W50']",,,,,,,,,,,,,,,pruned,False,PRUNED
286,1.0840151124388706,2026-06-13 07:43:45.049432,2026-06-13 07:43:50.234355,0 days 00:00:05.184923,,,,,,,,,,,,,,,XGBRegressor,,,,,,7,,,,,,,,False,gbtree,0.6069973393491568,0.0026646637168733,2.0,86.0,3.544537957319563e-06,4.006964783909137e-05,0.7590387490201724,-0.015417320954020361,-0.012795611369073687,98.0,-0.014106466161547024,0.0013108547924733378,0.006572463798379729,1.9844674545084815,1.0729771844458276,1.0950530404319136,98.0,1.0840151124388706,0.011037927993042936,0.05534280574777886,1.9844674545084815,366816061148319.75,468306675865839.9,98.0,417561368507079.8,50745307358760.06,254430694740650.8,1.9844674545084815,3.0857113599762003,3.1054622561055774,98.0,3.095586808040889,0.009875448064688697,0.04951427516657287,1.9844674545084815,0.9636723040504237,0.9759961827662907,98.0,0.9698342434083572,0.006161939357933513,0.03089520181057962,1.9844674545084815,99.0,0.5555555555555556,-0.0034445506166895204,9.586280039661742e-05,98.0,-0.0016743439081464515,0.001770206708543069,0.008875597491310158,1.9844674545084815,XGBRegressor,"{'mode': 'original', 'type': 'XGBRegressor'}",7,"['z_re_T6W50', 'z_pe_T6W50', 'z_l3_T6W50', 'z_lsc_T6W50', 'z_density_T6W50', 'z_diameter_T6W50', 'z_asp_T6W50']",0.007968378132206255,0.05909832751958087,98.0,0.033533352825893564,0.02556497469368731,0.1281796211491299,1.9844674545084815,1.3807811326409618,1.4112644721327847,98.0,1.3960228023868733,0.015241669745911554,0.07641984696325604,1.9844674545084815,completed,False,COMPLETE
287,1.0691225985343633,2026-06-13 07:43:50.247511,2026-06-13 07:43:52.554219,0 days 00:00:02.306708,,,,,,,,,,,,,,4.557241216716546,QuantileRegressor,,,,,,9,,,,,,,,False,,,,,,,,,0.0,0.0,98.0,0.0,0.0,0.0,1.9844674545084815,1.0575870578016928,1.0806581392670338,98.0,1.0691225985343633,0.011535540732670515,0.05783777447779657,1.9844674545084815,378756762949842.25,482894502655208.6,98.0,430825632802525.44,52068869852683.18,261066873382366.97,1.9844674545084815,3.0,3.0,98.0,3.0,0.0,0.0,1.9844674545084815,1.0,1.0,98.0,1.0,0.0,0.0,1.9844674545084815,99.0,0.9191919191919192,-0.004402232239554242,-0.002812910014847294,98.0,-0.003607571127200768,0.0007946611123534741,0.00398433253088908,1.9844674545084815,QuantileRegressor,"{'mode': 'original', 'type': 'QuantileRegressor'}",9,"['z_re_T6W50', 'z_pe_T6W50', 'z_l1_T6W50', 'z_l2_T6W50', 'z_l3_T6W50', 'z_lsc_T6W50', 'z_density_T6W50', 'z_diameter_T6W50', 'z_asp_T6W50']",,,,,,,,1.3817940130923385,1.413236739470511,98.0,1.3975153762814247,0.01572136318908618,0.07882497055717957,1.9844674545084815,completed,False,COMPLETE
288,1.2522875816993464,2026-06-13 07:43:52.566718,2026-06-13 07:43:52.733077,0 days 00:00:00.166359,,,,,,,,,,,minkowski,3.0,uniform,,KNeighborsRegressor,,,,,,9,4.0,4.0,12.0,40.0,,,ExtraTrees,,,,,,,,,,,,,,,,,,,,,,,,,,,,,,,,,,,,,,,,,,,,,,,,,,,,,,KNeighborsRegressor,"{'mode': 'proxy', 'type': 'ExtraTrees'}",9,"['z_re_T6W50', 'z_pe_T6W50', 'z_l1_T6W50', 'z_l2_T6W50', 'z_l3_T6W50', 'z_lsc_T6W50', 'z_density_T6W50', 'z_diameter_T6W50', 'z_asp_T6W50']",,,,,,,,,,,,,,,pruned,True,PRUNED
289,1.1022354950622524,2026-06-13 07:43:52.742838,2026-06-13 07:44:01.891169,0 days 00:00:09.148331,,,,,,11.0,log2,3.0,5.0,143.0,,,,,ExtraTreesRegressor,,,,,,5,,,,,,,,True,,,,,,,,,-0.03693613005571965,-0.02538153297507913,98.0,-0.031158831515399388,0.0057772985403202574,0.028966660324781363,1.9844674545084815,1.0895975850539126,1.1148734050705922,98.0,1.1022354950622524,0.012637910008339777,0.06336491768113475,1.9844674545084815,344020751864690.8,440250974293512.7,98.0,392135863079101.75,48115111214410.95,241243216584694.7,1.9844674545084815,3.1571426821997877,3.2299760591141204,98.0,3.193559370656954,0.03641668845716646,0.18258877178149974,1.9844674545084815,0.9666588069282394,0.9938262777292675,98.0,0.9802425423287534,0.013583735400514097,0.06810716921452149,1.9844674545084815,99.0,0.37373737373737376,-0.0009383338660284221,0.016759870305605433,98.0,0.007910768219788505,0.008849102085816928,0.04436830337055144,1.9844674545084815,ExtraTreesRegressor,"{'mode': 'original', 'type': 'ExtraTreesRegressor'}",5,"['z_pe_T6W50', 'z_l3_T6W50', 'z_lsc_T6W50', 'z_density_T6W50', 'z_asp_T6W50']",0.09294176376601085,0.14409681512247882,98.0,0.11851928944424484,0.02557752567823399,0.1282425502332975,1.9844674545084815,1.3733605784274179,1.4041849891182179,98.0,1.3887727837728179,0.0154122053454,0.07727489136665483,1.9844674545084815,completed,True,COMPLETE
290,1.1509849367305665,2026-06-13 07:44:01.904193,2026-06-13 07:44:03.641931,0 days 00:00:01.737738,,,,,,,,,,,,,,,RandomForestRegressor,8.0,,3.0,2.0,219.0,8,,,,,,,,False,,,,,,,,,,,,,,,,,,,,,,,,,,,,,,,,,,,,,,,,,,,,,,,,,,,,,RandomForestRegressor,"{'mode': 'original', 'type': 'RandomForestRegressor'}",8,"['z_re_T6W50', 'z_pe_T6W50', 'z_l1_T6W50', 'z_l3_T6W50', 'z_lsc_T6W50', 'z_density_T6W50', 'z_diameter_T6W50', 'z_asp_T6W50']",,,,,,,,,,,,,,,pruned,False,PRUNED
291,1.0854509317844214,2026-06-13 07:44:03.654086,2026-06-13 07:44:06.866687,0 days 00:00:03.212601,,,,,,,,,,,,,,,XGBRegressor,,,,,,4,,,,,,,,True,gblinear,0.6560320223260103,0.018396906939747597,7.0,275.0,0.166557531238763,0.5659296068864758,0.5599764708654849,-0.016498872815097314,-0.014388525961158593,98.0,-0.015443699388127953,0.0010551734269693613,0.005290509055303667,1.9844674545084815,1.07440242657638,1.0964994369924628,98.0,1.0854509317844214,0.011048505208041239,0.0553958385955536,1.9844674545084815,370337666830349.1,472666578885206.9,98.0,421502122857778.0,51164456027428.89,256532254323590.62,1.9844674545084815,3.066442098032408,3.079445633269256,98.0,3.072943865650832,0.006501767618423916,0.03259905867753688,1.9844674545084815,0.9397655531694726,0.9581370993012799,98.0,0.9489513262353763,0.00918577306590358,0.046056330024067726,1.9844674545084815,99.0,1.0,-0.0052040954961563735,-0.003045080271507079,98.0,-0.004124587883831726,0.0010795076123246475,0.005412517650938363,1.9844674545084815,XGBRegressor,"{'mode': 'original', 'type': 'XGBRegressor'}",4,"['z_lsc_T6W50', 'z_density_T6W50', 'z_diameter_T6W50', 'z_asp_T6W50']",-0.13107668719555843,-0.04282564334176837,27.0,-0.0869511652686634,0.04412552192689503,0.11379610211642315,2.0518305164802846,1.3823908517866947,1.4131641148404384,98.0,1.3977774833135665,0.015386631526871846,0.07714666740361352,1.9844674545084815,completed,True,COMPLETE
292,1.1334469564239025,2026-06-13 07:44:06.880423,2026-06-13 07:44:08.783607,0 days 00:00:01.903184,,,,,,,,,,,,,,,RandomForestRegressor,18.0,,1.0,3.0,163.0,5,,,,,,,,True,,,,,,,,,,,,,,,,,,,,,,,,,,,,,,,,,,,,,,,,,,,,,,,,,,,,,RandomForestRegressor,"{'mode': 'original', 'type': 'RandomForestRegressor'}",5,"['z_re_T6W50', 'z_l3_T6W50', 'z_lsc_T6W50', 'z_density_T6W50', 'z_asp_T6W50']",,,,,,,,,,,,,,,pruned,True,PRUNED
293,1.0914252018536252,2026-06-13 07:44:08.793363,2026-06-13 07:44:10.682151,0 days 00:00:01.888788,,,,0.352325526118713,0.10540137739646227,,,,,,,,,,ElasticNet,,,,,,8,,,,,,,,False,,,,,,,,,-0.023572028629321888,-0.018628830070928817,98.0,-0.021100429350125353,0.002471599279196536,0.012392293089893149,1.9844674545084815,1.0803584138300366,1.1024919898772139,98.0,1.0914252018536252,0.011066788023588674,0.0554875063714262,1.9844674545084815,368321554031714.1,470179550614659.25,98.0,419250552323186.7,50928998291472.555,255351698357737.53,1.9844674545084815,3.0817218742426884,3.104114897058118,98.0,3.0929183856504032,0.011196511407714728,0.05613792337479474,1.9844674545084815,0.9723577653576846,0.9861609317100247,98.0,0.9792593485338547,0.00690158317617008,0.03460368443349689,1.9844674545084815,99.0,0.7171717171717171,-0.01312726545599732,-0.006366599540848913,98.0,-0.009746932498423117,0.0033803329575742037,0.01694857135793568,1.9844674545084815,ElasticNet,"{'mode': 'original', 'type': 'ElasticNet'}",8,"['z_pe_T6W50', 'z_l1_T6W50', 'z_l2_T6W50', 'z_l3_T6W50', 'z_lsc_T6W50', 'z_density_T6W50', 'z_diameter_T6W50', 'z_asp_T6W50']",-0.024531190321537943,0.028145027238653503,98.0,0.0018069184585577812,0.026338108780095723,0.1320560198344679,1.9844674545084815,1.3864050318786652,1.4166216178054223,98.0,1.4015133248420437,0.015108292963378614,0.0757511122721404,1.9844674545084815,completed,False,COMPLETE
294,1.1562369912278416,2026-06-13 07:44:10.694691,2026-06-13 07:44:12.986262,0 days 00:00:02.291571,,,,,,,,,,,,,,,XGBRegressor,,,,,,2,,,,,,,,False,gbtree,0.9710291097442978,0.004679593024223319,7.0,356.0,4.835619142236148e-06,0.095399845303622,0.6243958943695885,,,,,,,,,,,,,,,,,,,,,,,,,,,,,,,,,,,,,,,,,,,,,XGBRegressor,"{'mode': 'original', 'type': 'XGBRegressor'}",2,"['z_diameter_T6W50', 'z_asp_T6W50']",,,,,,,,,,,,,,,pruned,False,PRUNED
295,1.1181977004134156,2026-06-13 07:44:13.000726,2026-06-13 07:44:15.839864,0 days 00:00:02.839138,,,,0.0004918786513508437,0.982739540910386,,,,,,,,,,ElasticNet,,,,,,3,,,,,,,,False,,,,,,,,,-0.053848635220086205,-0.038897440697053906,98.0,-0.046373037958570056,0.00747559726151615,0.03748172006136284,1.9844674545084815,1.105543372445616,1.1308520283812151,98.0,1.1181977004134156,0.012654327967799592,0.06344723529923592,1.9844674545084815,368326954830975.4,470445355721528.9,98.0,419386155276252.1,51059200445276.78,256004515853056.56,1.9844674545084815,3.151814320356177,3.2143168609905004,98.0,3.1830655906733387,0.031251270317161906,0.15669000410440448,1.9844674545084815,1.0036411684179591,1.0282043024976333,98.0,1.0159227354577962,0.012281567039837108,0.06157825811080054,1.9844674545084815,99.0,0.5353535353535354,-0.037399278115896044,-0.013766783911443951,98.0,-0.02558303101367,0.011816247102226047,0.05924520149600755,1.9844674545084815,ElasticNet,"{'mode': 'original', 'type': 'ElasticNet'}",3,"['z_l2_T6W50', 'z_diameter_T6W50', 'z_asp_T6W50']",0.018273685957821785,0.07190446951688165,98.0,0.04508907773735171,0.026815391779529928,0.13444905776160904,1.9844674545084815,1.3958444427483656,1.4273852850817732,98.0,1.4116148639150694,0.01577042116670386,0.07907094118929325,1.9844674545084815,completed,False,COMPLETE
296,1.0857523150622526,2026-06-13 07:44:15.852763,2026-06-13 07:44:19.968412,0 days 00:00:04.115649,,,,,,,,,,,,,,,XGBRegressor,,,,,,4,,,,,,,,True,gblinear,0.6604272713749217,0.07295892049245895,4.0,256.0,0.002314467260697325,9.153982302423422,0.7564373711526339,-0.0169850273042063,-0.01452019138913431,98.0,-0.015752609346670304,0.001232417957535995,0.006179191209344541,1.9844674545084815,1.0747974639268705,1.0967071661976346,98.0,1.0857523150622526,0.01095485113538205,0.05492626865870198,1.9844674545084815,369929272633230.4,472235373327205.4,98.0,421082322980217.9,51153050346987.48,256475067652551.6,1.9844674545084815,3.0692691311922076,3.081777944445456,98.0,3.0755235378188317,0.006254406626624096,0.03135882125912069,1.9844674545084815,0.954157617521302,0.9687371348655425,98.0,0.9614473761934222,0.0072897586721202695,0.036549948359295224,1.9844674545084815,99.0,0.7171717171717171,-0.005229268285979201,-0.002687088730692202,98.0,-0.003958178508335701,0.0012710897776434995,0.006373086932298308,1.9844674545084815,XGBRegressor,"{'mode': 'original', 'type': 'XGBRegressor'}",4,"['z_pe_T6W50', 'z_l1_T6W50', 'z_density_T6W50', 'z_asp_T6W50']",-0.03844757575208533,0.010273211904668697,98.0,-0.014087181923708317,0.024360393828377014,0.12214000167721659,1.9844674545084815,1.3823520912718477,1.4129036576018066,98.0,1.3976278744368271,0.015275783164979498,0.07659088742719636,1.9844674545084815,completed,True,COMPLETE
297,1.207843137254902,2026-06-13 07:44:20.008521,2026-06-13 07:44:20.492817,0 days 00:00:00.484296,,,,,,,,,,,manhattan,4.0,uniform,,KNeighborsRegressor,,,,,,6,,,,,0.024850070766863297,0.0031571825764638364,LinearSVR,,,,,,,,,,,,,,,,,,,,,,,,,,,,,,,,,,,,,,,,,,,,,,,,,,,,,,KNeighborsRegressor,"{'mode': 'proxy', 'type': 'LinearSVR'}",6,"['z_re_T6W50', 'z_pe_T6W50', 'z_l1_T6W50', 'z_l2_T6W50', 'z_l3_T6W50', 'z_asp_T6W50']",,,,,,,,,,,,,,,pruned,True,PRUNED
