number,value,datetime_start,datetime_complete,duration,params_dt_max_depth,params_dt_min_samples_leaf,params_dt_min_samples_split,params_elastic_alpha,params_elastic_l1_ratio,params_et_max_depth,params_et_max_features,params_et_min_samples_leaf,params_et_min_samples_split,params_et_n_estimators,params_knn_metric,params_knn_n_neighbors,params_knn_weights,params_quantile_alpha,params_regressor,params_rf_max_depth,params_rf_max_features,params_rf_min_samples_leaf,params_rf_min_samples_split,params_rf_n_estimators,params_rfe_n_features,params_rfe_proxy_et_max_depth,params_rfe_proxy_et_min_samples_leaf,params_rfe_proxy_et_min_samples_split,params_rfe_proxy_et_n_estimators,params_rfe_proxy_lsvr_C,params_rfe_proxy_lsvr_epsilon,params_rfe_proxy_type,params_use_scaler,params_xgb_booster,params_xgb_colsample_bytree,params_xgb_learning_rate,params_xgb_max_depth,params_xgb_n_estimators,params_xgb_reg_alpha,params_xgb_reg_lambda,params_xgb_subsample,user_attrs_d2mae_ci_lower_val,user_attrs_d2mae_ci_upper_val,user_attrs_d2mae_df_val,user_attrs_d2mae_mean_val,user_attrs_d2mae_samperror_val,user_attrs_d2mae_std_val,user_attrs_d2mae_t_critical_val,user_attrs_mae_ci_lower_val,user_attrs_mae_ci_upper_val,user_attrs_mae_df_val,user_attrs_mae_mean_val,user_attrs_mae_samperror_val,user_attrs_mae_std_val,user_attrs_mae_t_critical_val,user_attrs_mape_ci_lower_val,user_attrs_mape_ci_upper_val,user_attrs_mape_df_val,user_attrs_mape_mean_val,user_attrs_mape_samperror_val,user_attrs_mape_std_val,user_attrs_mape_t_critical_val,user_attrs_max_error_ci_lower_val,user_attrs_max_error_ci_upper_val,user_attrs_max_error_df_val,user_attrs_max_error_mean_val,user_attrs_max_error_samperror_val,user_attrs_max_error_std_val,user_attrs_max_error_t_critical_val,user_attrs_median_ae_ci_lower_val,user_attrs_median_ae_ci_upper_val,user_attrs_median_ae_df_val,user_attrs_median_ae_mean_val,user_attrs_median_ae_samperror_val,user_attrs_median_ae_std_val,user_attrs_median_ae_t_critical_val,user_attrs_n_splits_val,user_attrs_r2_below_zero_val,user_attrs_r2_ci_lower_val,user_attrs_r2_ci_upper_val,user_attrs_r2_df_val,user_attrs_r2_mean_val,user_attrs_r2_samperror_val,user_attrs_r2_std_val,user_attrs_r2_t_critical_val,user_attrs_regressor_final,user_attrs_rfe_estimator,user_attrs_rfe_n_features,user_attrs_rfe_selected_features,user_attrs_rho_ci_lower_val,user_attrs_rho_ci_upper_val,user_attrs_rho_df_val,user_attrs_rho_mean_val,user_attrs_rho_samperror_val,user_attrs_rho_std_val,user_attrs_rho_t_critical_val,user_attrs_rmse_ci_lower_val,user_attrs_rmse_ci_upper_val,user_attrs_rmse_df_val,user_attrs_rmse_mean_val,user_attrs_rmse_samperror_val,user_attrs_rmse_std_val,user_attrs_rmse_t_critical_val,user_attrs_termination_reason,user_attrs_use_scaler_final,state
298,1.1420942615062408,2026-06-13 07:44:20.504004,2026-06-13 07:44:39.839812,0 days 00:00:19.335808,,,,,,,,,,,,,,,RandomForestRegressor,10.0,log2,3.0,9.0,203.0,8,,,,,,,,False,,,,,,,,,-0.07770852602309133,-0.059760588304129565,98.0,-0.06873455716361045,0.008973968859480883,0.044994369929745495,1.9844674545084815,1.1282502637918952,1.1559382592205865,98.0,1.1420942615062408,0.013843997714345647,0.06941209226592437,1.9844674545084815,332024140044056.25,425880674362431.1,98.0,378952407203243.7,46928267159187.43,235292527284806.1,1.9844674545084815,3.2191830047847407,3.3174922647138354,98.0,3.268337634749288,0.04915462996454738,0.24645523502658293,1.9844674545084815,0.9639078016523429,1.0087109302677981,98.0,0.9863093659600705,0.022401564307727568,0.11231867273553073,1.9844674545084815,99.0,0.6565656565656566,-0.054469862718471165,-0.024964824334136243,98.0,-0.039717343526303704,0.014752519192167461,0.07396730658662555,1.9844674545084815,RandomForestRegressor,"{'mode': 'original', 'type': 'RandomForestRegressor'}",8,"['z_re_T6W50', 'z_pe_T6W50', 'z_l1_T6W50', 'z_l3_T6W50', 'z_lsc_T6W50', 'z_density_T6W50', 'z_diameter_T6W50', 'z_asp_T6W50']",0.03413931570705606,0.0872782196872984,98.0,0.06070876769717723,0.026569451990121166,0.13321594607620235,1.9844674545084815,1.4048033495695815,1.4367044454636297,98.0,1.4207538975166056,0.01595054794702404,0.07997407458711174,1.9844674545084815,completed,False,COMPLETE
299,1.0893069416680035,2026-06-13 07:44:39.853500,2026-06-13 07:44:51.289688,0 days 00:00:11.436188,,,,,,,,,,,,,,,XGBRegressor,,,,,,4,,,,,,,,True,gbtree,0.6173772108624856,0.0010406289634983384,5.0,368.0,0.23432759471836886,1.0863642854536062e-05,0.7017404845134998,-0.021533034432386456,-0.016344888971603713,98.0,-0.018938961701995084,0.0025940727303913704,0.013006359826241485,1.9844674545084815,1.0775307130130534,1.1010831703229536,98.0,1.0893069416680035,0.011776228654950153,0.05904455395098701,1.9844674545084815,363741058684181.44,464130306576298.94,98.0,413935682630240.2,50194623946058.734,251669636219806.8,1.9844674545084815,3.1517160146285836,3.1967889814303327,98.0,3.174252498029458,0.022536483400874472,0.11299514038130644,1.9844674545084815,0.9625000358727562,0.9777084521677439,98.0,0.9701042440202501,0.007604208147493869,0.038126559136613274,1.9844674545084815,99.0,0.5858585858585859,-0.009699172986519858,-0.0010474484670435612,98.0,-0.0053733107267817095,0.004325862259738148,0.021689338332631827,1.9844674545084815,XGBRegressor,"{'mode': 'original', 'type': 'XGBRegressor'}",4,"['z_lsc_T6W50', 'z_density_T6W50', 'z_diameter_T6W50', 'z_asp_T6W50']",-0.0029712633075140056,0.04890804832780797,98.0,0.022968392510146984,0.02593965581766099,0.1300582259628689,1.9844674545084815,1.3827433545497414,1.4145718540428185,98.0,1.39865760429628,0.0159142497465385,0.07979207989936497,1.9844674545084815,completed,True,COMPLETE
