number,value,datetime_start,datetime_complete,duration,params_dt_max_depth,params_dt_min_samples_leaf,params_dt_min_samples_split,params_elastic_alpha,params_elastic_l1_ratio,params_et_max_depth,params_et_max_features,params_et_min_samples_leaf,params_et_min_samples_split,params_et_n_estimators,params_knn_metric,params_knn_n_neighbors,params_knn_weights,params_quantile_alpha,params_regressor,params_rf_max_depth,params_rf_max_features,params_rf_min_samples_leaf,params_rf_min_samples_split,params_rf_n_estimators,params_rfe_n_features,params_rfe_proxy_et_max_depth,params_rfe_proxy_et_min_samples_leaf,params_rfe_proxy_et_min_samples_split,params_rfe_proxy_et_n_estimators,params_rfe_proxy_lsvr_C,params_rfe_proxy_lsvr_epsilon,params_rfe_proxy_type,params_use_scaler,params_xgb_booster,params_xgb_colsample_bytree,params_xgb_learning_rate,params_xgb_max_depth,params_xgb_n_estimators,params_xgb_reg_alpha,params_xgb_reg_lambda,params_xgb_subsample,user_attrs_d2mae_ci_lower_val,user_attrs_d2mae_ci_upper_val,user_attrs_d2mae_df_val,user_attrs_d2mae_mean_val,user_attrs_d2mae_samperror_val,user_attrs_d2mae_std_val,user_attrs_d2mae_t_critical_val,user_attrs_mae_ci_lower_val,user_attrs_mae_ci_upper_val,user_attrs_mae_df_val,user_attrs_mae_mean_val,user_attrs_mae_samperror_val,user_attrs_mae_std_val,user_attrs_mae_t_critical_val,user_attrs_mape_ci_lower_val,user_attrs_mape_ci_upper_val,user_attrs_mape_df_val,user_attrs_mape_mean_val,user_attrs_mape_samperror_val,user_attrs_mape_std_val,user_attrs_mape_t_critical_val,user_attrs_max_error_ci_lower_val,user_attrs_max_error_ci_upper_val,user_attrs_max_error_df_val,user_attrs_max_error_mean_val,user_attrs_max_error_samperror_val,user_attrs_max_error_std_val,user_attrs_max_error_t_critical_val,user_attrs_median_ae_ci_lower_val,user_attrs_median_ae_ci_upper_val,user_attrs_median_ae_df_val,user_attrs_median_ae_mean_val,user_attrs_median_ae_samperror_val,user_attrs_median_ae_std_val,user_attrs_median_ae_t_critical_val,user_attrs_n_splits_val,user_attrs_r2_below_zero_val,user_attrs_r2_ci_lower_val,user_attrs_r2_ci_upper_val,user_attrs_r2_df_val,user_attrs_r2_mean_val,user_attrs_r2_samperror_val,user_attrs_r2_std_val,user_attrs_r2_t_critical_val,user_attrs_regressor_final,user_attrs_rfe_estimator,user_attrs_rfe_n_features,user_attrs_rfe_selected_features,user_attrs_rho_ci_lower_val,user_attrs_rho_ci_upper_val,user_attrs_rho_df_val,user_attrs_rho_mean_val,user_attrs_rho_samperror_val,user_attrs_rho_std_val,user_attrs_rho_t_critical_val,user_attrs_rmse_ci_lower_val,user_attrs_rmse_ci_upper_val,user_attrs_rmse_df_val,user_attrs_rmse_mean_val,user_attrs_rmse_samperror_val,user_attrs_rmse_std_val,user_attrs_rmse_t_critical_val,user_attrs_termination_reason,user_attrs_use_scaler_final,state
101,1.1643476185008201,2026-06-13 07:29:35.747061,2026-06-13 07:29:37.585022,0 days 00:00:01.837961,,,,,,,,,,,euclidean,7.0,distance,,KNeighborsRegressor,,,,,,7,8.0,1.0,12.0,20.0,,,ExtraTrees,,,,,,,,,,-0.10128333386920314,-0.07813539805664359,98.0,-0.08970936596292337,0.011573967906279778,0.05803044357346688,1.9844674545084815,1.1489302155046213,1.179765021497019,98.0,1.1643476185008201,0.015417402996198929,0.07730095174489712,1.9844674545084815,329713401369795.94,424070618613466.94,98.0,376892009991631.44,47178608621835.484,236547708415420.3,1.9844674545084815,3.282291093171805,3.3950593144764754,98.0,3.33867520382414,0.056384110652335215,0.28270295702782616,1.9844674545084815,0.968332165824256,1.018632513925399,98.0,0.9934823398748276,0.02515017405057159,0.12609986202853443,1.9844674545084815,99.0,0.7777777777777778,-0.10551705048165144,-0.06186490630473515,98.0,-0.0836909783931933,0.021826072088458142,0.10943322592699382,1.9844674545084815,KNeighborsRegressor,"{'mode': 'proxy', 'type': 'ExtraTrees'}",7,"['z_re_T6W50', 'z_l1_T6W50', 'z_l3_T6W50', 'z_lsc_T6W50', 'z_density_T6W50', 'z_diameter_T6W50', 'z_asp_T6W50']",0.06189911828026264,0.11117052718917722,98.0,0.08653482273471994,0.024635704454457293,0.12352037510500698,1.9844674545084815,1.4320093590802618,1.4657736041574974,98.0,1.4488914816188796,0.0168821225386177,0.08464487436897564,1.9844674545084815,completed,True,COMPLETE
102,1.3036696924882776,2026-06-13 07:29:37.597699,2026-06-13 07:29:38.239889,0 days 00:00:00.642190,,,,,,,,,,,,,,,XGBRegressor,,,,,,8,,,,,,,,True,gbtree,0.7699785651402797,0.28741006847416,3.0,230.0,0.37870378817184325,0.0004882270025709819,0.9635004839621477,,,,,,,,,,,,,,,,,,,,,,,,,,,,,,,,,,,,,,,,,,,,,XGBRegressor,"{'mode': 'original', 'type': 'XGBRegressor'}",8,"['z_re_T6W50', 'z_l1_T6W50', 'z_l2_T6W50', 'z_l3_T6W50', 'z_lsc_T6W50', 'z_density_T6W50', 'z_diameter_T6W50', 'z_asp_T6W50']",,,,,,,,,,,,,,,pruned,True,PRUNED
103,1.1012075672495896,2026-06-13 07:29:38.249845,2026-06-13 07:29:39.911617,0 days 00:00:01.661772,,,,0.05875045082789027,0.30552431065802355,,,,,,,,,,ElasticNet,,,,,,5,,,,,,,,False,,,,,,,,,-0.03487335425183839,-0.025785279023611333,98.0,-0.03032931663772486,0.004544037614113528,0.022783242574783057,1.9844674545084815,1.089659408431129,1.11275572606805,98.0,1.1012075672495896,0.0115481588184605,0.0579010399992988,1.9844674545084815,365764640545775.94,467145125983182.44,98.0,416454883264479.2,50690242718703.27,254154607445992.34,1.9844674545084815,3.1056204188515513,3.143357703298554,98.0,3.1244890610750526,0.018868642223501392,0.09460503836931616,1.9844674545084815,0.9812804933347806,0.9997576042284467,98.0,0.9905190487816137,0.009238555446833017,0.0463209743537394,1.9844674545084815,99.0,0.6565656565656566,-0.026739690331187144,-0.012857854291391016,98.0,-0.01979877231128908,0.006940918019898065,0.03480090447487868,1.9844674545084815,ElasticNet,"{'mode': 'original', 'type': 'ElasticNet'}",5,"['z_pe_T6W50', 'z_l3_T6W50', 'z_density_T6W50', 'z_diameter_T6W50', 'z_asp_T6W50']",-0.0225685164482506,0.03284504541732245,98.0,0.005138264484535926,0.027706780932786525,0.13891837272592572,1.9844674545084815,1.393160274805116,1.423083507531635,98.0,1.4081218911683755,0.014961616363259603,0.07501569394061593,1.9844674545084815,completed,False,COMPLETE
104,1.125728233792533,2026-06-13 07:29:39.961568,2026-06-13 07:29:41.754789,0 days 00:00:01.793221,,,,,,,,,,,manhattan,19.0,distance,,KNeighborsRegressor,,,,,,7,2.0,1.0,6.0,40.0,,,ExtraTrees,,,,,,,,,,-0.0610419291735813,-0.04555584449252144,98.0,-0.05329888683305137,0.00774304234052993,0.03882265660900004,1.9844674545084815,1.112432314441402,1.139024153143664,98.0,1.125728233792533,0.013295919351131079,0.06666409514100542,1.9844674545084815,356529431752119.75,457249282498369.75,98.0,406889357125244.75,50359925373125.01,252498437130061.47,1.9844674545084815,3.210200308724787,3.2881862812976057,98.0,3.2491932950111964,0.03899298628640953,0.19550601045184526,1.9844674545084815,0.9569498338951272,0.9886039428947186,98.0,0.9727768883949229,0.01582705449979574,0.07935489371680826,1.9844674545084815,99.0,0.6363636363636364,-0.041088284826745085,-0.017223772184456115,98.0,-0.0291560285056006,0.011932256321144483,0.059826857371240764,1.9844674545084815,KNeighborsRegressor,"{'mode': 'proxy', 'type': 'ExtraTrees'}",7,"['z_re_T6W50', 'z_pe_T6W50', 'z_l1_T6W50', 'z_lsc_T6W50', 'z_density_T6W50', 'z_diameter_T6W50', 'z_asp_T6W50']",0.028726171164557883,0.07922015569369273,98.0,0.05397316342912531,0.025246992264567426,0.126585296578696,1.9844674545084815,1.398080207243292,1.4302153690411425,98.0,1.4141477881422173,0.016067580898925342,0.08056086333290219,1.9844674545084815,completed,True,COMPLETE
105,1.127223365375891,2026-06-13 07:29:41.768983,2026-06-13 07:29:43.917256,0 days 00:00:02.148273,,,,0.0007485022950356935,0.5025660764634424,,,,,,,,,,ElasticNet,,,,,,5,,,,,,,,False,,,,,,,,,-0.06309441481687232,-0.04653149397417536,98.0,-0.05481295439552384,0.008281460421348485,0.04152221827280272,1.9844674545084815,1.1139238951783614,1.1405228355734205,98.0,1.127223365375891,0.013299470197529568,0.06668189864566641,1.9844674545084815,364500160823123.25,466670927925373.5,98.0,415585544374248.4,51085383551125.09,256135794707362.38,1.9844674545084815,3.226039082990012,3.300657977231421,98.0,3.2633485301107164,0.037309447120704504,0.18706495330098183,1.9844674545084815,0.9944932550051632,1.0223836291491681,98.0,1.0084384420771657,0.013945187072002499,0.06991944318976401,1.9844674545084815,99.0,0.6161616161616161,-0.053665484941623896,-0.02608596600035152,98.0,-0.03987572547098771,0.01378975947063619,0.06914014842033984,1.9844674545084815,ElasticNet,"{'mode': 'original', 'type': 'ElasticNet'}",5,"['z_pe_T6W50', 'z_l2_T6W50', 'z_lsc_T6W50', 'z_diameter_T6W50', 'z_asp_T6W50']",-0.003833070634267414,0.05212109964044569,98.0,0.024144014503089135,0.02797708513735655,0.14027364457547534,1.9844674545084815,1.404789421336932,1.4375840697465296,98.0,1.4211867455417309,0.016397324204798787,0.08221415548475229,1.9844674545084815,completed,False,COMPLETE
106,1.1004959738922726,2026-06-13 07:29:43.929868,2026-06-13 07:29:56.660278,0 days 00:00:12.730410,,,,,,,,,,,,,,,XGBRegressor,,,,,,8,,,,,,,,True,gbtree,0.6080190912547998,0.0018270239281680462,5.0,278.0,0.0037695681044651328,0.0071090215639210445,0.8204131573451031,-0.03312572497246187,-0.02597752717037643,98.0,-0.02955162607141915,0.0035740989010427204,0.017920089832840765,1.9844674545084815,1.0889180571289696,1.1120738906555756,98.0,1.1004959738922726,0.011577916763303072,0.0580502426541733,1.9844674545084815,361374131286406.3,461080664763463.56,98.0,411227398024934.94,49853266738528.63,249958113401497.97,1.9844674545084815,3.1099485055117015,3.157879881931764,98.0,3.1339141937217327,0.023965688210031273,0.1201609965253952,1.9844674545084815,0.9725115641571067,0.9910602443978027,98.0,0.9817859042774547,0.009274340120348014,0.046500394280770664,1.9844674545084815,99.0,0.5858585858585859,-0.01414835591963215,-0.003729149899429636,98.0,-0.008938752909530893,0.005209603010101257,0.026120305150821654,1.9844674545084815,XGBRegressor,"{'mode': 'original', 'type': 'XGBRegressor'}",8,"['z_re_T6W50', 'z_l1_T6W50', 'z_l2_T6W50', 'z_l3_T6W50', 'z_lsc_T6W50', 'z_density_T6W50', 'z_diameter_T6W50', 'z_asp_T6W50']",-0.00033231061751416366,0.05230431064413743,98.0,0.025986000013311635,0.0263183106308258,0.1319567543627325,1.9844674545084815,1.385858386609717,1.4157269711865377,98.0,1.4007926788981273,0.014934292288410353,0.07487869440885843,1.9844674545084815,completed,True,COMPLETE
107,1.0744416519516131,2026-06-13 07:29:56.673380,2026-06-13 07:29:59.388108,0 days 00:00:02.714728,,,,,,,,,,,,,,0.00032005827119523133,QuantileRegressor,,,,,,7,,,,,,,,False,,,,,,,,,-0.010967896287503037,0.0007144897251216325,98.0,-0.0051267032811907025,0.005841193006312335,0.029287019274575776,1.9844674545084815,1.0619306273067917,1.0869526765964346,98.0,1.0744416519516131,0.012511024644821423,0.06272873016207696,1.9844674545084815,378121126571624.4,482440129214981.5,98.0,430280627893302.94,52159501321678.586,261521288358294.56,1.9844674545084815,2.998105011518949,3.0237683640706283,98.0,3.0109366877947887,0.012831676275839605,0.06433643778069276,1.9844674545084815,0.9993856505571921,1.0036972109343127,98.0,1.0015414307457524,0.002155780188560335,0.010808815231047196,1.9844674545084815,99.0,0.9393939393939394,-0.017440014321329526,-0.002749008597478223,98.0,-0.010094511459403875,0.007345502861925652,0.036829442832344066,1.9844674545084815,QuantileRegressor,"{'mode': 'original', 'type': 'QuantileRegressor'}",7,"['z_l1_T6W50', 'z_l2_T6W50', 'z_l3_T6W50', 'z_lsc_T6W50', 'z_density_T6W50', 'z_diameter_T6W50', 'z_asp_T6W50']",-0.19450137577163004,0.07088962352889819,11.0,-0.06180587612136592,0.13269549965026411,0.2088477028354215,2.200985160091639,1.3856415621098697,1.4177813825014793,98.0,1.4017114723056745,0.016069910195804803,0.08057254213936027,1.9844674545084815,completed,False,COMPLETE
108,1.0691225985343633,2026-06-13 07:29:59.400677,2026-06-13 07:30:01.530361,0 days 00:00:02.129684,,,,,,,,,,,,,,2.710323160002809,QuantileRegressor,,,,,,5,,,,,,,,True,,,,,,,,,0.0,0.0,98.0,0.0,0.0,0.0,1.9844674545084815,1.0575870578016928,1.0806581392670338,98.0,1.0691225985343633,0.011535540732670515,0.05783777447779657,1.9844674545084815,378756762949842.25,482894502655208.6,98.0,430825632802525.44,52068869852683.18,261066873382366.97,1.9844674545084815,3.0,3.0,98.0,3.0,0.0,0.0,1.9844674545084815,1.0,1.0,98.0,1.0,0.0,0.0,1.9844674545084815,99.0,0.9191919191919192,-0.004402232239554242,-0.002812910014847294,98.0,-0.003607571127200768,0.0007946611123534741,0.00398433253088908,1.9844674545084815,QuantileRegressor,"{'mode': 'original', 'type': 'QuantileRegressor'}",5,"['z_l3_T6W50', 'z_lsc_T6W50', 'z_density_T6W50', 'z_diameter_T6W50', 'z_asp_T6W50']",,,,,,,,1.3817940130923385,1.413236739470511,98.0,1.3975153762814247,0.01572136318908618,0.07882497055717957,1.9844674545084815,completed,True,COMPLETE
109,1.1639641339183433,2026-06-13 07:30:01.543564,2026-06-13 07:30:02.674311,0 days 00:00:01.130747,,,,,,,,,,,,,,,RandomForestRegressor,16.0,,3.0,3.0,167.0,9,,,,,,,,True,,,,,,,,,,,,,,,,,,,,,,,,,,,,,,,,,,,,,,,,,,,,,,,,,,,,,RandomForestRegressor,"{'mode': 'original', 'type': 'RandomForestRegressor'}",9,"['z_re_T6W50', 'z_pe_T6W50', 'z_l1_T6W50', 'z_l2_T6W50', 'z_l3_T6W50', 'z_lsc_T6W50', 'z_density_T6W50', 'z_diameter_T6W50', 'z_asp_T6W50']",,,,,,,,,,,,,,,pruned,True,PRUNED
110,1.1263555296762338,2026-06-13 07:30:02.684172,2026-06-13 07:30:04.720370,0 days 00:00:02.036198,,,,0.0042012607279230466,0.7373570773877997,,,,,,,,,,ElasticNet,,,,,,5,,,,,,,,True,,,,,,,,,-0.061857487468191225,-0.046202579494091275,98.0,-0.05403003348114125,0.007827453987049971,0.039245886164325394,1.9844674545084815,1.113466381352585,1.1392446779998826,98.0,1.1263555296762338,0.012889148323648814,0.0646245955200653,1.9844674545084815,363745590116244.06,465404631418433.44,98.0,414575110767338.75,50829520651094.664,254852929772623.47,1.9844674545084815,3.1956879427222145,3.253324778139522,98.0,3.224506360430868,0.028818417708653465,0.14449198202901842,1.9844674545084815,1.0007553286219273,1.0253000269550019,98.0,1.0130276777884646,0.01227234916653726,0.06153204083417374,1.9844674545084815,99.0,0.6060606060606061,-0.04794523406425408,-0.023627771561057137,98.0,-0.03578650281265561,0.012158731251598469,0.06096237466132968,1.9844674545084815,ElasticNet,"{'mode': 'original', 'type': 'ElasticNet'}",5,"['z_re_T6W50', 'z_pe_T6W50', 'z_l2_T6W50', 'z_diameter_T6W50', 'z_asp_T6W50']",-0.00922939647902335,0.04412892543565574,98.0,0.017449764478316195,0.026679160957339545,0.13376601326864854,1.9844674545084815,1.4027201106559515,1.434376510688562,98.0,1.4185483106722567,0.015828200016305298,0.07936063719490573,1.9844674545084815,completed,True,COMPLETE
111,1.1533825651472709,2026-06-13 07:30:04.732956,2026-06-13 07:30:06.557806,0 days 00:00:01.824850,,,,,,,,,,,minkowski,14.0,uniform,,KNeighborsRegressor,,,,,,7,,,,,0.4339260158221391,0.3806019094922788,LinearSVR,,,,,,,,,,-0.08802409359557965,-0.07041158154740586,98.0,-0.07921783757149276,0.008806256024086892,0.04415347851638703,1.9844674545084815,1.1392582813744494,1.1675068489200924,98.0,1.1533825651472709,0.01412428377282152,0.07081741189636749,1.9844674545084815,353861981475264.8,453760869959933.94,98.0,403811425717599.4,49949444242334.56,250440335510012.6,1.9844674545084815,3.2329400237078683,3.319729528961686,98.0,3.276334776334777,0.043394752626908985,0.21757592245733348,1.9844674545084815,0.9653440707156167,1.0086819033103571,98.0,0.9870129870129869,0.021668916297370215,0.10864526622805398,1.9844674545084815,99.0,0.797979797979798,-0.07533161303247798,-0.04602764368501341,98.0,-0.06067962835874569,0.014651984673732285,0.07346323894565061,1.9844674545084815,KNeighborsRegressor,"{'mode': 'proxy', 'type': 'LinearSVR'}",7,"['z_re_T6W50', 'z_pe_T6W50', 'z_l1_T6W50', 'z_l2_T6W50', 'z_lsc_T6W50', 'z_density_T6W50', 'z_asp_T6W50']",0.002018690475468994,0.05682047723569484,98.0,0.029419583855581917,0.027400893380112923,0.13738469037005707,1.9844674545084815,1.4189818960210783,1.451047909831649,98.0,1.4350149029263637,0.016033006905285342,0.08038751360502305,1.9844674545084815,completed,True,COMPLETE
112,1.086469494201823,2026-06-13 07:30:06.571335,2026-06-13 07:30:12.115102,0 days 00:00:05.543767,,,,,,3.0,sqrt,5.0,2.0,82.0,,,,,ExtraTreesRegressor,,,,,,4,,,,,,,,False,,,,,,,,,-0.01952391267663244,-0.013309662359643672,98.0,-0.016416787518138055,0.003107125158494382,0.015578741244640615,1.9844674545084815,1.0750907813360842,1.0978482070675617,98.0,1.086469494201823,0.011378712865738714,0.05705145895001675,1.9844674545084815,361759365439889.0,462756081446239.6,98.0,412257723443064.3,50498358003175.29,253192521215304.25,1.9844674545084815,3.1325114281148805,3.170282514094466,98.0,3.151396971104673,0.018885542989792694,0.09468977672115517,1.9844674545084815,0.980331789864997,0.9903257465388298,98.0,0.9853287682019134,0.004996978336916363,0.02505423133763196,1.9844674545084815,99.0,0.5353535353535354,-0.008183598486926817,0.0008465511689603818,98.0,-0.0036685236589832173,0.004515074827943599,0.022638026747145195,1.9844674545084815,ExtraTreesRegressor,"{'mode': 'original', 'type': 'ExtraTreesRegressor'}",4,"['z_pe_T6W50', 'z_lsc_T6W50', 'z_density_T6W50', 'z_asp_T6W50']",0.01824508580447485,0.06716008562140258,98.0,0.042702585712938716,0.024457499908463867,0.12262687955235421,1.9844674545084815,1.3820611566857794,1.4124443969708758,98.0,1.3972527768283276,0.015191620142548148,0.07616890444230101,1.9844674545084815,completed,False,COMPLETE
113,1.1596548575202834,2026-06-13 07:30:12.132750,2026-06-13 07:30:12.236739,0 days 00:00:00.103989,,,,,,,,,,,,,,,LinearRegression,,,,,,9,,,,,,,,False,,,,,,,,,,,,,,,,,,,,,,,,,,,,,,,,,,,,,,,,,,,,,,,,,,,,,LinearRegression,"{'mode': 'original', 'type': 'LinearRegression'}",9,"['z_re_T6W50', 'z_pe_T6W50', 'z_l1_T6W50', 'z_l2_T6W50', 'z_l3_T6W50', 'z_lsc_T6W50', 'z_density_T6W50', 'z_diameter_T6W50', 'z_asp_T6W50']",,,,,,,,,,,,,,,pruned,False,PRUNED
114,1.1165526283450777,2026-06-13 07:30:12.246041,2026-06-13 07:30:14.381724,0 days 00:00:02.135683,,,,,,,,,,,,,,,XGBRegressor,,,,,,7,,,,,,,,True,gblinear,0.9899851646794253,0.09517259270730555,10.0,68.0,0.0026117662573891046,0.0017450341235732876,0.6464110183504823,-0.05049044644540529,-0.03885692856822712,98.0,-0.044673687506816204,0.005816758938589085,0.02916450988110191,1.9844674545084815,1.1042484411310987,1.1288568155590568,98.0,1.1165526283450777,0.012304187213979093,0.06169167286620661,1.9844674545084815,371022825589134.56,474183158679182.8,98.0,422602992134158.7,51580166545024.13,258616575442289.94,1.9844674545084815,3.183236372958057,3.2414781682363576,98.0,3.212357270597207,0.029120897639150396,0.1460085789887598,1.9844674545084815,0.9828881884207449,1.0006268718884628,98.0,0.9917575301546039,0.008869341733858954,0.044469782462524074,1.9844674545084815,99.0,0.7777777777777778,-0.04757867035394257,-0.028535824512234492,98.0,-0.03805724743308853,0.009521422920854039,0.04773923688244744,1.9844674545084815,XGBRegressor,"{'mode': 'original', 'type': 'XGBRegressor'}",7,"['z_re_T6W50', 'z_pe_T6W50', 'z_l2_T6W50', 'z_lsc_T6W50', 'z_density_T6W50', 'z_diameter_T6W50', 'z_asp_T6W50']",-0.05819293820444533,-0.0021786797506185077,98.0,-0.030185808977531918,0.02800712922691341,0.14042428192455592,1.9844674545084815,1.4048573023451043,1.4361582140082443,98.0,1.4205077581766743,0.015650455831570056,0.07846944983666242,1.9844674545084815,completed,True,COMPLETE
115,1.0691225985343633,2026-06-13 07:30:14.394695,2026-06-13 07:30:16.513779,0 days 00:00:02.119084,,,,,,,,,,,,,,0.00040504836317817647,QuantileRegressor,,,,,,3,,,,,,,,True,,,,,,,,,-1.1621495050780255e-16,-4.975778448666532e-17,98.0,-8.298636749723393e-17,3.322858301056861e-17,1.666040053882321e-16,1.9844674545084815,1.0575870578016928,1.0806581392670338,98.0,1.0691225985343633,0.011535540732670515,0.05783777447779657,1.9844674545084815,378756762949842.25,482894502655208.6,98.0,430825632802525.44,52068869852683.17,261066873382366.94,1.9844674545084815,3.0,3.0,98.0,3.0,1.3598454634396082e-16,6.81809696326797e-16,1.9844674545084815,0.9999999999999999,1.0000000000000002,98.0,1.0,1.3598454634396082e-16,6.81809696326797e-16,1.9844674545084815,99.0,0.9393939393939394,-0.004402232239554258,-0.002812910014847309,98.0,-0.0036075711272007837,0.0007946611123534746,0.003984332530889083,1.9844674545084815,QuantileRegressor,"{'mode': 'original', 'type': 'QuantileRegressor'}",3,"['z_density_T6W50', 'z_diameter_T6W50', 'z_asp_T6W50']",,,,,,,,1.3817940130923385,1.413236739470511,98.0,1.3975153762814247,0.015721363189086183,0.07882497055717959,1.9844674545084815,completed,True,COMPLETE
116,1.3091172008819068,2026-06-13 07:30:16.526059,2026-06-13 07:30:16.701742,0 days 00:00:00.175683,17.0,4.0,15.0,,,,,,,,,,,,DecisionTreeRegressor,,,,,,7,,,,,,,,True,,,,,,,,,,,,,,,,,,,,,,,,,,,,,,,,,,,,,,,,,,,,,,,,,,,,,DecisionTreeRegressor,"{'mode': 'original', 'type': 'DecisionTreeRegressor'}",7,"['z_re_T6W50', 'z_pe_T6W50', 'z_l3_T6W50', 'z_lsc_T6W50', 'z_density_T6W50', 'z_diameter_T6W50', 'z_asp_T6W50']",,,,,,,,,,,,,,,pruned,True,PRUNED
