number,value,datetime_start,datetime_complete,duration,params_dt_max_depth,params_dt_min_samples_leaf,params_dt_min_samples_split,params_elastic_alpha,params_elastic_l1_ratio,params_et_max_depth,params_et_max_features,params_et_min_samples_leaf,params_et_min_samples_split,params_et_n_estimators,params_knn_metric,params_knn_n_neighbors,params_knn_weights,params_quantile_alpha,params_regressor,params_rf_max_depth,params_rf_max_features,params_rf_min_samples_leaf,params_rf_min_samples_split,params_rf_n_estimators,params_rfe_n_features,params_rfe_proxy_et_max_depth,params_rfe_proxy_et_min_samples_leaf,params_rfe_proxy_et_min_samples_split,params_rfe_proxy_et_n_estimators,params_rfe_proxy_lsvr_C,params_rfe_proxy_lsvr_epsilon,params_rfe_proxy_type,params_use_scaler,params_xgb_booster,params_xgb_colsample_bytree,params_xgb_learning_rate,params_xgb_max_depth,params_xgb_n_estimators,params_xgb_reg_alpha,params_xgb_reg_lambda,params_xgb_subsample,user_attrs_d2mae_ci_lower_val,user_attrs_d2mae_ci_upper_val,user_attrs_d2mae_df_val,user_attrs_d2mae_mean_val,user_attrs_d2mae_samperror_val,user_attrs_d2mae_std_val,user_attrs_d2mae_t_critical_val,user_attrs_mae_ci_lower_val,user_attrs_mae_ci_upper_val,user_attrs_mae_df_val,user_attrs_mae_mean_val,user_attrs_mae_samperror_val,user_attrs_mae_std_val,user_attrs_mae_t_critical_val,user_attrs_mape_ci_lower_val,user_attrs_mape_ci_upper_val,user_attrs_mape_df_val,user_attrs_mape_mean_val,user_attrs_mape_samperror_val,user_attrs_mape_std_val,user_attrs_mape_t_critical_val,user_attrs_max_error_ci_lower_val,user_attrs_max_error_ci_upper_val,user_attrs_max_error_df_val,user_attrs_max_error_mean_val,user_attrs_max_error_samperror_val,user_attrs_max_error_std_val,user_attrs_max_error_t_critical_val,user_attrs_median_ae_ci_lower_val,user_attrs_median_ae_ci_upper_val,user_attrs_median_ae_df_val,user_attrs_median_ae_mean_val,user_attrs_median_ae_samperror_val,user_attrs_median_ae_std_val,user_attrs_median_ae_t_critical_val,user_attrs_n_splits_val,user_attrs_r2_below_zero_val,user_attrs_r2_ci_lower_val,user_attrs_r2_ci_upper_val,user_attrs_r2_df_val,user_attrs_r2_mean_val,user_attrs_r2_samperror_val,user_attrs_r2_std_val,user_attrs_r2_t_critical_val,user_attrs_regressor_final,user_attrs_rfe_estimator,user_attrs_rfe_n_features,user_attrs_rfe_selected_features,user_attrs_rho_ci_lower_val,user_attrs_rho_ci_upper_val,user_attrs_rho_df_val,user_attrs_rho_mean_val,user_attrs_rho_samperror_val,user_attrs_rho_std_val,user_attrs_rho_t_critical_val,user_attrs_rmse_ci_lower_val,user_attrs_rmse_ci_upper_val,user_attrs_rmse_df_val,user_attrs_rmse_mean_val,user_attrs_rmse_samperror_val,user_attrs_rmse_std_val,user_attrs_rmse_t_critical_val,user_attrs_termination_reason,user_attrs_use_scaler_final,state
52,1.087718493066275,2026-06-13 07:25:42.110148,2026-06-13 07:25:44.212157,0 days 00:00:02.102009,,,,,,,,,,,,,,,XGBRegressor,,,,,,2,,,,,,,,False,gblinear,0.6025698202410036,0.0033110184908801267,8.0,80.0,5.202229242282237e-07,2.1327846708235122e-08,0.9490271447203569,-0.018791845264617645,-0.016384912315264417,98.0,-0.01758837878994103,0.0012034664746766155,0.006034032055107745,1.9844674545084815,1.076729162327616,1.0987078238049341,98.0,1.087718493066275,0.010989330738659148,0.05509914512497605,1.9844674545084815,368618592163810.94,470552720616375.44,98.0,419585656390093.2,50967064226282.26,255542556246746.12,1.9844674545084815,3.081140293943693,3.0960634624465033,98.0,3.088601878195098,0.007461584251405154,0.037411460561844155,1.9844674545084815,0.9389008715734761,0.9565571138517601,98.0,0.9477289927126181,0.008828121139141972,0.0442631074989197,1.9844674545084815,99.0,0.7474747474747475,-0.005411388825500017,-0.0031668222114359067,98.0,-0.004289105518467962,0.001122283307032055,0.005626989693554551,1.9844674545084815,XGBRegressor,"{'mode': 'original', 'type': 'XGBRegressor'}",2,"['z_pe_T6W50', 'z_asp_T6W50']",-0.04887720390304171,0.005293422682375336,98.0,-0.021791890610333188,0.027085313292708524,0.13580241084385464,1.9844674545084815,1.3825763304077958,1.4131500033290771,98.0,1.3978631668684365,0.015286836460640713,0.07664630728453163,1.9844674545084815,completed,False,COMPLETE
53,1.124121078540681,2026-06-13 07:25:44.224880,2026-06-13 07:25:45.905529,0 days 00:00:01.680649,,,,,,,,,,,,,,,LinearRegression,,,,,,4,,,,,,,,False,,,,,,,,,-0.0601156957634798,-0.04366959029511431,98.0,-0.05189264302929705,0.008223052734182746,0.04122936935341967,1.9844674545084815,1.1108087284089796,1.1374334286723824,98.0,1.124121078540681,0.01331235013170132,0.0667464770425685,1.9844674545084815,364181496206143.8,465887096473901.56,98.0,415034296340022.7,50852800133878.87,254969650220016.06,1.9844674545084815,3.1763357645106,3.2405999959381107,98.0,3.2084678802243554,0.03213211571375533,0.16110645397690057,1.9844674545084815,0.9905723995915277,1.0209986636053285,98.0,1.005785531598428,0.015213132006900403,0.07627676226950099,1.9844674545084815,99.0,0.5757575757575758,-0.04279306520035539,-0.01642430721741736,98.0,-0.029608686208886376,0.013184378991469015,0.06610484557335959,1.9844674545084815,LinearRegression,"{'mode': 'original', 'type': 'LinearRegression'}",4,"['z_pe_T6W50', 'z_l2_T6W50', 'z_diameter_T6W50', 'z_asp_T6W50']",0.028522620436846054,0.08209888613484641,98.0,0.05531075328584623,0.02678813284900018,0.13431238485541225,1.9844674545084815,1.3980640036174359,1.4303344222850418,98.0,1.4141992129512388,0.016135209333802948,0.0808999439408584,1.9844674545084815,completed,False,COMPLETE
54,1.251058153391074,2026-06-13 07:25:45.927955,2026-06-13 07:25:46.134500,0 days 00:00:00.206545,,,,,,,,,,,minkowski,5.0,distance,,KNeighborsRegressor,,,,,,3,,,,,0.008968733598183252,0.00024989960578908907,LinearSVR,,,,,,,,,,,,,,,,,,,,,,,,,,,,,,,,,,,,,,,,,,,,,,,,,,,,,,KNeighborsRegressor,"{'mode': 'proxy', 'type': 'LinearSVR'}",3,"['z_l1_T6W50', 'z_lsc_T6W50', 'z_asp_T6W50']",,,,,,,,,,,,,,,pruned,True,PRUNED
55,1.083092786836539,2026-06-13 07:25:46.144005,2026-06-13 07:25:52.000301,0 days 00:00:05.856296,,,,,,,,,,,,,,,XGBRegressor,,,,,,5,,,,,,,,False,gbtree,0.7107122752962489,0.0028147353837328012,2.0,143.0,1.0815470066957966,0.22750558138165483,0.7915207804848461,-0.015148675112901272,-0.01125221972700043,98.0,-0.01320044741995085,0.001948227692950422,0.009768172688873887,1.9844674545084815,1.071797172710925,1.094388400962153,98.0,1.083092786836539,0.011295614125614048,0.05663481214497298,1.9844674545084815,364486262995147.8,465455979995359.94,98.0,414971121495253.9,50484858500106.08,253124836376580.72,1.9844674545084815,3.1155018729884865,3.146950416323086,98.0,3.1312261446557863,0.015724271667299658,0.07883955330721125,1.9844674545084815,0.9701323758807078,0.9821488583595833,98.0,0.9761406171201455,0.006008241239437722,0.030124578454359785,1.9844674545084815,99.0,0.5050505050505051,-0.0048683966426578285,0.0007296768897796196,98.0,-0.0020693598764391042,0.002799036766218724,0.014034024151214753,1.9844674545084815,XGBRegressor,"{'mode': 'original', 'type': 'XGBRegressor'}",5,"['z_pe_T6W50', 'z_lsc_T6W50', 'z_density_T6W50', 'z_diameter_T6W50', 'z_asp_T6W50']",0.012753661675201294,0.06212036167254749,98.0,0.03743701167387439,0.0246833499986731,0.12375926397073836,1.9844674545084815,1.3809116153926657,1.4117009009141686,98.0,1.3963062581534171,0.015394642760751311,0.07718683473942788,1.9844674545084815,completed,False,COMPLETE
56,1.123005665370936,2026-06-13 07:25:52.014811,2026-06-13 07:25:55.376257,0 days 00:00:03.361446,,,,,,,,,,,,,,,XGBRegressor,,,,,,4,,,,,,,,True,gblinear,0.7126067522346167,0.1644047400164349,6.0,441.0,1.5930293410397775e-08,2.6187632305518894e-06,0.8999276279736577,-0.058853879260691896,-0.04281352458680855,98.0,-0.050833701923750224,0.008020177336941676,0.04021217720398794,1.9844674545084815,1.1097806349465886,1.1362306957952832,98.0,1.123005665370936,0.013225030424347323,0.06630866682990078,1.9844674545084815,364071915577308.2,465738233988443.94,98.0,414905074782876.06,50833159205567.86,254871173034723.0,1.9844674545084815,3.172876995513441,3.235868856870259,98.0,3.20437292619185,0.03149593067840893,0.15791670089525237,1.9844674545084815,0.9896235180538449,1.0197668120199646,98.0,1.0046951650369047,0.015071646983059876,0.0755673738593246,1.9844674545084815,99.0,0.5757575757575758,-0.04100188732869267,-0.015437211803419929,98.0,-0.0282195495660563,0.01278233776263637,0.06408906057785071,1.9844674545084815,XGBRegressor,"{'mode': 'original', 'type': 'XGBRegressor'}",4,"['z_pe_T6W50', 'z_l2_T6W50', 'z_diameter_T6W50', 'z_asp_T6W50']",0.029210991626150585,0.08256225544339761,98.0,0.055886623534774096,0.02667563190862351,0.13374831905487136,1.9844674545084815,1.3972404515335985,1.429369624701954,98.0,1.4133050381177763,0.0160645865841778,0.08054585020910528,1.9844674545084815,completed,True,COMPLETE
57,1.0691225985343635,2026-06-13 07:25:55.389950,2026-06-13 07:25:57.633257,0 days 00:00:02.243307,,,,,,,,,,,,,,0.0023457196365169446,QuantileRegressor,,,,,,6,,,,,,,,False,,,,,,,,,-4.3576859298925403e-16,-2.505510949608427e-16,98.0,-3.431598439750484e-16,9.260874901420568e-17,4.643288133849358e-16,1.9844674545084815,1.057587057801693,1.080658139267034,98.0,1.0691225985343635,0.011535540732670506,0.057837774477796526,1.9844674545084815,378756762949842.4,482894502655208.75,98.0,430825632802525.56,52068869852683.17,261066873382366.94,1.9844674545084815,3.0,3.000000000000001,98.0,3.0000000000000004,3.7449896150764987e-16,1.8776914736648037e-15,1.9844674545084815,1.0000000000000004,1.0000000000000009,98.0,1.0000000000000007,3.2515757540109084e-16,1.6302998664408238e-15,1.9844674545084815,99.0,0.9292929292929293,-0.004402232239554212,-0.002812910014847272,98.0,-0.003607571127200742,0.0007946611123534704,0.003984332530889062,1.9844674545084815,QuantileRegressor,"{'mode': 'original', 'type': 'QuantileRegressor'}",6,"['z_l2_T6W50', 'z_l3_T6W50', 'z_lsc_T6W50', 'z_density_T6W50', 'z_diameter_T6W50', 'z_asp_T6W50']",-0.13586778243432368,0.1112595198769728,6.0,-0.012304131278675443,0.12356365115564824,0.13360460528727655,2.4469118511449786,1.3817940130923385,1.413236739470511,98.0,1.3975153762814247,0.015721363189086183,0.07882497055717959,1.9844674545084815,completed,False,COMPLETE
58,1.1334613099318982,2026-06-13 07:25:57.646540,2026-06-13 07:25:59.502534,0 days 00:00:01.855994,,,,,,,,,,,euclidean,13.0,uniform,,KNeighborsRegressor,,,,,,3,10.0,4.0,2.0,30.0,,,ExtraTrees,,,,,,,,,,-0.0703812143017037,-0.05023991550454296,98.0,-0.06031056490312333,0.010070649398580373,0.05049299051152558,1.9844674545084815,1.117709480310034,1.1492131395537624,98.0,1.1334613099318982,0.01575182962186424,0.07897772548293436,1.9844674545084815,331936429039676.6,425421961607604.5,98.0,378679195323640.56,46742766283963.91,234362448839829.03,1.9844674545084815,3.108332720985771,3.2304396177865677,98.0,3.1693861693861693,0.061053448400398565,0.3061144389766771,1.9844674545084815,0.9497853290966188,0.995824616513327,98.0,0.9728049728049729,0.023019643708354045,0.11541764640406113,1.9844674545084815,99.0,0.5454545454545454,-0.032452052711140884,0.00047324748253101817,98.0,-0.015989402614304933,0.01646265009683595,0.08254169142769302,1.9844674545084815,KNeighborsRegressor,"{'mode': 'proxy', 'type': 'ExtraTrees'}",3,"['z_l3_T6W50', 'z_density_T6W50', 'z_asp_T6W50']",0.1286557857743242,0.1742480923207592,98.0,0.1514519390475417,0.0227961532732175,0.11429709300436111,1.9844674545084815,1.3869199502720915,1.4219317942330019,98.0,1.4044258722525467,0.017505921980455245,0.08777252761666375,1.9844674545084815,completed,True,COMPLETE
59,1.1081506766759843,2026-06-13 07:25:59.515690,2026-06-13 07:26:13.436381,0 days 00:00:13.920691,,,,,,,,,,,,,,,RandomForestRegressor,2.0,,3.0,4.0,146.0,4,,,,,,,,True,,,,,,,,,-0.04349077208775171,-0.03014166958792044,98.0,-0.036816220837836075,0.006674551249915635,0.03346537443535565,1.9844674545084815,1.095441774499369,1.1208595788525997,98.0,1.1081506766759843,0.012708902176615392,0.06372086363231032,1.9844674545084815,351273759242103.1,449361468023846.5,98.0,400317613632974.8,49043854390871.66,245899820001281.25,1.9844674545084815,3.1858178634165513,3.2559945006824687,98.0,3.22090618204951,0.03508831863295865,0.17592848978032344,1.9844674545084815,0.9722628954527247,0.9931702822708129,98.0,0.9827165888617688,0.010453693409044071,0.05241352580377463,1.9844674545084815,99.0,0.5959595959595959,-0.026760594366582305,-0.006046694193223715,98.0,-0.01640364427990301,0.010356950086679294,0.05192846675098834,1.9844674545084815,RandomForestRegressor,"{'mode': 'original', 'type': 'RandomForestRegressor'}",4,"['z_re_T6W50', 'z_lsc_T6W50', 'z_density_T6W50', 'z_asp_T6W50']",0.04245544714752533,0.09553485825836613,98.0,0.06899515270294573,0.0265397055554204,0.13306680113175526,1.9844674545084815,1.3899218885735396,1.4210314636877646,98.0,1.405476676130652,0.015554787557112495,0.07798978094111725,1.9844674545084815,completed,True,COMPLETE
60,1.1411822949559591,2026-06-13 07:26:13.485734,2026-06-13 07:26:15.549153,0 days 00:00:02.063419,,,,,,,,,,,,,,,LinearRegression,,,,,,7,,,,,,,,True,,,,,,,,,-0.07706077544672825,-0.05886275527984932,98.0,-0.06796176536328878,0.009099010083439463,0.04562131116114018,1.9844674545084815,1.1275177281664457,1.1548468617454726,98.0,1.1411822949559591,0.013664566789513435,0.06851244780145674,1.9844674545084815,363509587568635.9,465547386652831.25,98.0,414528487110733.56,51018899542097.69,255802452109072.5,1.9844674545084815,3.2522436810729753,3.321408573847886,98.0,3.2868261274604307,0.034582446387455265,0.17339210890940887,1.9844674545084815,1.0106713288742686,1.0413684833887569,98.0,1.0260199061315127,0.015348577257244249,0.07695586800238521,1.9844674545084815,99.0,0.7070707070707071,-0.07412460265652385,-0.04322367314574761,98.0,-0.05867413790113573,0.015450464755388114,0.07746671931627828,1.9844674545084815,LinearRegression,"{'mode': 'original', 'type': 'LinearRegression'}",7,"['z_re_T6W50', 'z_pe_T6W50', 'z_l1_T6W50', 'z_l2_T6W50', 'z_density_T6W50', 'z_diameter_T6W50', 'z_asp_T6W50']",-0.0373530729932733,0.019048427865856428,98.0,-0.009152322563708435,0.028200750429564863,0.1413950746869063,1.9844674545084815,1.4168861836990918,1.450594797825913,98.0,1.4337404907625024,0.016854307063410644,0.08450541101660221,1.9844674545084815,completed,True,COMPLETE
61,1.3222641410876705,2026-06-13 07:26:15.561293,2026-06-13 07:26:15.674117,0 days 00:00:00.112824,18.0,5.0,15.0,,,,,,,,,,,,DecisionTreeRegressor,,,,,,7,,,,,,,,False,,,,,,,,,,,,,,,,,,,,,,,,,,,,,,,,,,,,,,,,,,,,,,,,,,,,,DecisionTreeRegressor,"{'mode': 'original', 'type': 'DecisionTreeRegressor'}",7,"['z_re_T6W50', 'z_pe_T6W50', 'z_l3_T6W50', 'z_lsc_T6W50', 'z_density_T6W50', 'z_diameter_T6W50', 'z_asp_T6W50']",,,,,,,,,,,,,,,pruned,False,PRUNED
62,1.1068990559186638,2026-06-13 07:26:15.683486,2026-06-13 07:26:17.519593,0 days 00:00:01.836107,,,,,,,,,,,manhattan,15.0,uniform,,KNeighborsRegressor,,,,,,8,12.0,3.0,12.0,80.0,,,ExtraTrees,,,,,,,,,,-0.04519490466920157,-0.026199405562554644,98.0,-0.03569715511587811,0.009497749553323463,0.047620541545653594,1.9844674545084815,1.0925746450661258,1.1212234667712018,98.0,1.1068990559186638,0.014324410852537982,0.07182082432165231,1.9844674545084815,333016889535400.1,426473101100052.75,98.0,379744995317726.44,46728105782326.32,234288942897880.03,1.9844674545084815,3.1424486064728177,3.2427365787123676,98.0,3.1925925925925926,0.05014398611977518,0.2514157444218836,1.9844674545084815,0.9324472584776068,0.9786638526335044,98.0,0.9555555555555556,0.023108297077948762,0.11586214343425186,1.9844674545084815,99.0,0.43434343434343436,-0.00486616843192543,0.02456625535344574,98.0,0.009850043460760155,0.014716211892685585,0.07378526627763655,1.9844674545084815,KNeighborsRegressor,"{'mode': 'proxy', 'type': 'ExtraTrees'}",8,"['z_re_T6W50', 'z_pe_T6W50', 'z_l1_T6W50', 'z_l3_T6W50', 'z_lsc_T6W50', 'z_density_T6W50', 'z_diameter_T6W50', 'z_asp_T6W50']",0.13616225777602217,0.19052720071700144,98.0,0.1633447292465118,0.027182471470489637,0.13628954993038767,1.9844674545084815,1.3704149408953903,1.4024462722406028,98.0,1.3864306065679965,0.016015665672606236,0.08030056680919401,1.9844674545084815,completed,True,COMPLETE
63,1.1411822949559591,2026-06-13 07:26:17.533072,2026-06-13 07:26:19.273984,0 days 00:00:01.740912,,,,,,,,,,,,,,,LinearRegression,,,,,,7,,,,,,,,True,,,,,,,,,-0.07706077544672825,-0.05886275527984932,98.0,-0.06796176536328878,0.009099010083439463,0.04562131116114018,1.9844674545084815,1.1275177281664457,1.1548468617454726,98.0,1.1411822949559591,0.013664566789513435,0.06851244780145674,1.9844674545084815,363509587568635.9,465547386652831.25,98.0,414528487110733.56,51018899542097.69,255802452109072.5,1.9844674545084815,3.2522436810729753,3.321408573847886,98.0,3.2868261274604307,0.034582446387455265,0.17339210890940887,1.9844674545084815,1.0106713288742686,1.0413684833887569,98.0,1.0260199061315127,0.015348577257244249,0.07695586800238521,1.9844674545084815,99.0,0.7070707070707071,-0.07412460265652385,-0.04322367314574761,98.0,-0.05867413790113573,0.015450464755388114,0.07746671931627828,1.9844674545084815,LinearRegression,"{'mode': 'original', 'type': 'LinearRegression'}",7,"['z_re_T6W50', 'z_pe_T6W50', 'z_l1_T6W50', 'z_l2_T6W50', 'z_density_T6W50', 'z_diameter_T6W50', 'z_asp_T6W50']",-0.0373530729932733,0.019048427865856428,98.0,-0.009152322563708435,0.028200750429564863,0.1413950746869063,1.9844674545084815,1.4168861836990918,1.450594797825913,98.0,1.4337404907625024,0.016854307063410644,0.08450541101660221,1.9844674545084815,completed,True,COMPLETE
64,1.4616868969810146,2026-06-13 07:26:19.286466,2026-06-13 07:26:19.414135,0 days 00:00:00.127669,18.0,5.0,2.0,,,,,,,,,,,,DecisionTreeRegressor,,,,,,6,,,,,,,,True,,,,,,,,,,,,,,,,,,,,,,,,,,,,,,,,,,,,,,,,,,,,,,,,,,,,,DecisionTreeRegressor,"{'mode': 'original', 'type': 'DecisionTreeRegressor'}",6,"['z_re_T6W50', 'z_l3_T6W50', 'z_lsc_T6W50', 'z_density_T6W50', 'z_diameter_T6W50', 'z_asp_T6W50']",,,,,,,,,,,,,,,pruned,True,PRUNED
65,1.0691225985343633,2026-06-13 07:26:19.423671,2026-06-13 07:26:21.758212,0 days 00:00:02.334541,,,,,,,,,,,,,,0.6940121430516972,QuantileRegressor,,,,,,5,,,,,,,,False,,,,,,,,,0.0,0.0,98.0,0.0,0.0,0.0,1.9844674545084815,1.0575870578016928,1.0806581392670338,98.0,1.0691225985343633,0.011535540732670515,0.05783777447779657,1.9844674545084815,378756762949842.25,482894502655208.6,98.0,430825632802525.44,52068869852683.18,261066873382366.97,1.9844674545084815,3.0,3.0,98.0,3.0,0.0,0.0,1.9844674545084815,1.0,1.0,98.0,1.0,0.0,0.0,1.9844674545084815,99.0,0.9191919191919192,-0.004402232239554242,-0.002812910014847294,98.0,-0.003607571127200768,0.0007946611123534741,0.00398433253088908,1.9844674545084815,QuantileRegressor,"{'mode': 'original', 'type': 'QuantileRegressor'}",5,"['z_l3_T6W50', 'z_lsc_T6W50', 'z_density_T6W50', 'z_diameter_T6W50', 'z_asp_T6W50']",,,,,,,,1.3817940130923385,1.413236739470511,98.0,1.3975153762814247,0.01572136318908618,0.07882497055717957,1.9844674545084815,completed,False,COMPLETE
66,1.0844478397419572,2026-06-13 07:26:21.773436,2026-06-13 07:26:23.650017,0 days 00:00:01.876581,,,,8.681843415114091,0.42777313373586234,,,,,,,,,,ElasticNet,,,,,,5,,,,,,,,True,,,,,,,,,-0.015362925360866643,-0.013601939939541534,98.0,-0.014482432650204088,0.0008804927106625554,0.004414681548860102,1.9844674545084815,1.0733265229737856,1.0955691565101289,98.0,1.0844478397419572,0.011121316768171546,0.05576090675245988,1.9844674545084815,370261102803136.9,472582158246560.1,98.0,421421630524848.5,51160527721711.64,256512558284590.84,1.9844674545084815,3.0623906010794792,3.073713295024417,98.0,3.068051948051948,0.005661346972469041,0.028385293504868705,1.9844674545084815,0.933402966543196,0.9519649988247691,98.0,0.9426839826839826,0.009281016140786635,0.04653386702153648,1.9844674545084815,99.0,1.0,-0.003151138210298774,-0.0019109951987363633,98.0,-0.0025310667045175686,0.0006200715057812055,0.0031089618373857154,1.9844674545084815,ElasticNet,"{'mode': 'original', 'type': 'ElasticNet'}",5,"['z_l3_T6W50', 'z_lsc_T6W50', 'z_density_T6W50', 'z_diameter_T6W50', 'z_asp_T6W50']",,,,,,,,1.3812301907536824,1.4121686825828264,98.0,1.3966994366682544,0.015469245914571893,0.07756088572550665,1.9844674545084815,completed,True,COMPLETE
67,1.0844622331548137,2026-06-13 07:26:23.688246,2026-06-13 07:26:26.246470,0 days 00:00:02.558224,,,,,,,,,,,,,,0.000684178985066717,QuantileRegressor,,,,,,9,,,,,,,,False,,,,,,,,,-0.02379201514235995,-0.005548999723608939,98.0,-0.014670507432984444,0.009121507709375505,0.04573411147499885,1.9844674545084815,1.0704798780050955,1.098444588304532,98.0,1.0844622331548137,0.013982355149718266,0.0701057993343537,1.9844674545084815,378662300996841.56,483022737578986.8,98.0,430842519287914.2,52180218291072.6,261625160680489.28,1.9844674545084815,3.012366005857115,3.0655455491501478,98.0,3.0389557775036313,0.02658977164651631,0.13331782632016181,1.9844674545084815,1.000678921584519,1.0115283414102394,98.0,1.0061036314973792,0.005424709912860068,0.027198824556084175,1.9844674545084815,99.0,0.9595959595959596,-0.034518426188759985,-0.009857344427228834,98.0,-0.02218788530799441,0.012330540880765574,0.061823806891960834,1.9844674545084815,QuantileRegressor,"{'mode': 'original', 'type': 'QuantileRegressor'}",9,"['z_re_T6W50', 'z_pe_T6W50', 'z_l1_T6W50', 'z_l2_T6W50', 'z_l3_T6W50', 'z_lsc_T6W50', 'z_density_T6W50', 'z_diameter_T6W50', 'z_asp_T6W50']",-0.18703304105467952,-0.030432328877687487,18.0,-0.1087326849661835,0.07830035608849602,0.16245407154367625,2.1009220402410382,1.392988032594542,1.425967247261442,98.0,1.409477639927992,0.01648960733344996,0.08267685167791083,1.9844674545084815,completed,False,COMPLETE
