number,value,datetime_start,datetime_complete,duration,params_dt_max_depth,params_dt_min_samples_leaf,params_dt_min_samples_split,params_elastic_alpha,params_elastic_l1_ratio,params_et_max_depth,params_et_max_features,params_et_min_samples_leaf,params_et_min_samples_split,params_et_n_estimators,params_knn_metric,params_knn_n_neighbors,params_knn_weights,params_quantile_alpha,params_regressor,params_rf_max_depth,params_rf_max_features,params_rf_min_samples_leaf,params_rf_min_samples_split,params_rf_n_estimators,params_rfe_n_features,params_rfe_proxy_et_max_depth,params_rfe_proxy_et_min_samples_leaf,params_rfe_proxy_et_min_samples_split,params_rfe_proxy_et_n_estimators,params_rfe_proxy_lsvr_C,params_rfe_proxy_lsvr_epsilon,params_rfe_proxy_type,params_use_scaler,params_xgb_booster,params_xgb_colsample_bytree,params_xgb_learning_rate,params_xgb_max_depth,params_xgb_n_estimators,params_xgb_reg_alpha,params_xgb_reg_lambda,params_xgb_subsample,user_attrs_d2mae_ci_lower_val,user_attrs_d2mae_ci_upper_val,user_attrs_d2mae_df_val,user_attrs_d2mae_mean_val,user_attrs_d2mae_samperror_val,user_attrs_d2mae_std_val,user_attrs_d2mae_t_critical_val,user_attrs_mae_ci_lower_val,user_attrs_mae_ci_upper_val,user_attrs_mae_df_val,user_attrs_mae_mean_val,user_attrs_mae_samperror_val,user_attrs_mae_std_val,user_attrs_mae_t_critical_val,user_attrs_mape_ci_lower_val,user_attrs_mape_ci_upper_val,user_attrs_mape_df_val,user_attrs_mape_mean_val,user_attrs_mape_samperror_val,user_attrs_mape_std_val,user_attrs_mape_t_critical_val,user_attrs_max_error_ci_lower_val,user_attrs_max_error_ci_upper_val,user_attrs_max_error_df_val,user_attrs_max_error_mean_val,user_attrs_max_error_samperror_val,user_attrs_max_error_std_val,user_attrs_max_error_t_critical_val,user_attrs_median_ae_ci_lower_val,user_attrs_median_ae_ci_upper_val,user_attrs_median_ae_df_val,user_attrs_median_ae_mean_val,user_attrs_median_ae_samperror_val,user_attrs_median_ae_std_val,user_attrs_median_ae_t_critical_val,user_attrs_n_splits_val,user_attrs_r2_below_zero_val,user_attrs_r2_ci_lower_val,user_attrs_r2_ci_upper_val,user_attrs_r2_df_val,user_attrs_r2_mean_val,user_attrs_r2_samperror_val,user_attrs_r2_std_val,user_attrs_r2_t_critical_val,user_attrs_regressor_final,user_attrs_rfe_estimator,user_attrs_rfe_n_features,user_attrs_rfe_selected_features,user_attrs_rho_ci_lower_val,user_attrs_rho_ci_upper_val,user_attrs_rho_df_val,user_attrs_rho_mean_val,user_attrs_rho_samperror_val,user_attrs_rho_std_val,user_attrs_rho_t_critical_val,user_attrs_rmse_ci_lower_val,user_attrs_rmse_ci_upper_val,user_attrs_rmse_df_val,user_attrs_rmse_mean_val,user_attrs_rmse_samperror_val,user_attrs_rmse_std_val,user_attrs_rmse_t_critical_val,user_attrs_termination_reason,user_attrs_use_scaler_final,state
12,1.7383192985391436,2026-06-12 13:39:06.378085,2026-06-12 13:39:10.979136,0 days 00:00:04.601051,,,,,,3.0,,1.0,2.0,64.0,,,,,ExtraTreesRegressor,,,,,,7,,,,,,,,True,,,,,,,,,-0.011250672085209103,0.005940708451923134,98.0,-0.0026549818166429844,0.008595690268566119,0.04309772786171114,1.9844674545084815,1.712651352464169,1.763987244614118,98.0,1.7383192985391436,0.025667946074974576,0.12869590691904553,1.9844674545084815,0.2612307518307318,0.28144396546879585,98.0,0.2713373586497638,0.01010660681903201,0.05067327657033123,1.9844674545084815,5.565450820551648,5.840942218438814,98.0,5.703196519495231,0.13774569894358238,0.6906398976358183,1.9844674545084815,1.417585658162065,1.4628550145099146,98.0,1.4402203363359898,0.02263467817392474,0.1134874768283093,1.9844674545084815,99.0,0.21212121212121213,0.013883277852967066,0.04379105274937921,98.0,0.028837165301173136,0.01495388744820607,0.07497694211647661,1.9844674545084815,ExtraTreesRegressor,"{'mode': 'original', 'type': 'ExtraTreesRegressor'}",7,"['nodes_T6W50', 're_T6W50', 'pe_T6W50', 'l2_T6W50', 'l3_T6W50', 'lsc_T6W50', 'atd_T6W50']",0.1853265254609663,0.2353284617378417,98.0,0.210327493599404,0.025000968138437683,0.12535176203940138,1.9844674545084815,2.1712812178707845,2.24671681241244,98.0,2.2089990151416123,0.037717797270827635,0.18911237044753185,1.9844674545084815,completed,True,COMPLETE
13,2.3746825893338683,2026-06-12 13:39:10.992335,2026-06-12 13:39:12.731234,0 days 00:00:01.738899,16.0,1.0,6.0,,,,,,,,,,,,DecisionTreeRegressor,,,,,,6,,,,,,,,True,,,,,,,,,-0.3993534068092246,-0.3456139398390312,98.0,-0.3724836733241279,0.02686973348509668,0.13472152035214952,1.9844674545084815,2.3296139260908935,2.419751252576843,98.0,2.3746825893338683,0.04506866324297486,0.22596870325119872,1.9844674545084815,0.33826342229179485,0.361594102638655,98.0,0.3499287624652249,0.011665340173430072,0.05848857281971854,1.9844674545084815,7.366533717785788,7.910233958981888,98.0,7.638383838383838,0.27185012059805,1.3630228813098597,1.9844674545084815,1.9412395723956861,2.0609044520108437,98.0,2.001072012203265,0.05983243980757873,0.29999245291086946,1.9844674545084815,99.0,1.0,-0.9074427098920207,-0.7551014525799346,98.0,-0.8312720812359776,0.07617062865604303,0.38191011103302724,1.9844674545084815,DecisionTreeRegressor,"{'mode': 'original', 'type': 'DecisionTreeRegressor'}",6,"['edges_T6W50', 're_T6W50', 'pe_T6W50', 'l2_T6W50', 'l3_T6W50', 'lcc_T6W50']",0.018921334029166605,0.07316954592394717,98.0,0.04604543997655689,0.027124105947390287,0.13599691241641848,1.9844674545084815,2.951812523773683,3.0661770186771693,98.0,3.008994771225426,0.057182247451743246,0.28670471622372173,1.9844674545084815,completed,True,COMPLETE
14,1.7353341837153455,2026-06-12 13:39:12.744239,2026-06-12 13:39:26.945574,0 days 00:00:14.201335,,,,,,12.0,sqrt,4.0,4.0,274.0,,,,,ExtraTreesRegressor,,,,,,3,,,,,,,,True,,,,,,,,,-0.004031530350252855,0.0029626897604038468,98.0,-0.0005344202949245041,0.0034971100553283507,0.01753407728267722,1.9844674545084815,1.7111151239079814,1.7595532435227097,98.0,1.7353341837153455,0.024219059807364083,0.12143137037654121,1.9844674545084815,0.2626850344436046,0.283475371643367,98.0,0.2730802030434858,0.010395168599881183,0.05212008964918394,1.9844674545084815,5.661283114061123,5.969230276345615,98.0,5.815256695203369,0.15397358114224582,0.772004491858985,1.9844674545084815,1.3206813840951643,1.369972211362448,98.0,1.3453267977288061,0.02464541363364183,0.12356905572857321,1.9844674545084815,99.0,0.1111111111111111,0.02102171256882643,0.03175780799530262,98.0,0.026389760282064523,0.005368047713238094,0.0269147272953576,1.9844674545084815,ExtraTreesRegressor,"{'mode': 'original', 'type': 'ExtraTreesRegressor'}",3,"['re_T6W50', 'pe_T6W50', 'l3_T6W50']",0.15777448937322758,0.2110832094361001,98.0,0.18442884940466384,0.026654360031436255,0.13364166449363424,1.9844674545084815,2.1761090305871877,2.252962354089297,98.0,2.2145356923382424,0.03842666175105466,0.19266652927656489,1.9844674545084815,completed,True,COMPLETE
15,1.7586574120824678,2026-06-12 13:39:26.958818,2026-06-12 13:39:28.627078,0 days 00:00:01.668260,,,,,,,,,,,,,,,LinearRegression,,,,,,3,,,,,,,,True,,,,,,,,,-0.019435253564154577,-0.008228859495086668,98.0,-0.013832056529620622,0.005603197034533955,0.02809373690824883,1.9844674545084815,1.7323468971888056,1.78496792697613,98.0,1.7586574120824678,0.02631051489366226,0.1319176675007984,1.9844674545084815,0.2673970120396511,0.2891048476392087,98.0,0.2782509298394299,0.010853917799778791,0.05442020139777337,1.9844674545084815,5.9172635833541865,6.259373296915527,98.0,6.088318440134857,0.17105485678067064,0.8576478952384452,1.9844674545084815,1.3413599620744912,1.3970505804335402,98.0,1.3692052712540157,0.027845309179524543,0.1396129362214146,1.9844674545084815,99.0,0.5151515151515151,-0.019261408513982288,-0.0012524763894561555,98.0,-0.010256942451719223,0.009004466062263067,0.04514727913249522,1.9844674545084815,LinearRegression,"{'mode': 'original', 'type': 'LinearRegression'}",3,"['pe_T6W50', 'diameter_T6W50', 'asp_T6W50']",0.06713375779708583,0.11350683239547202,98.0,0.09032029509627892,0.023186537299193097,0.11625443022654815,1.9844674545084815,2.215062896830068,2.2967909825815913,98.0,2.2559269397058297,0.040864042875761536,0.2048872567720673,1.9844674545084815,completed,True,COMPLETE
16,1.7401967663084563,2026-06-12 13:39:28.640849,2026-06-12 13:39:47.050702,0 days 00:00:18.409853,,,,,,16.0,sqrt,5.0,8.0,360.0,,,,,ExtraTreesRegressor,,,,,,4,,,,,,,,True,,,,,,,,,-0.010072575997220865,0.002929085749519558,98.0,-0.003571745123850654,0.006500830873370212,0.0325943619536975,1.9844674545084815,1.715422715410887,1.7649708172060257,98.0,1.7401967663084563,0.02477405089756943,0.12421402705960181,1.9844674545084815,0.26255618208373005,0.28305912518424764,98.0,0.27280765363398884,0.0102514715502588,0.05139961041532837,1.9844674545084815,5.647768086550836,5.95622500961166,98.0,5.801996548081248,0.15422846153041206,0.7732824306007572,1.9844674545084815,1.406464437959179,1.4529417038018082,98.0,1.4297030708804936,0.023238632921314485,0.11651563123249699,1.9844674545084815,99.0,0.26262626262626265,0.012960432611790154,0.03430071304743959,98.0,0.023630572829614872,0.010670140217824718,0.0534987633321064,1.9844674545084815,ExtraTreesRegressor,"{'mode': 'original', 'type': 'ExtraTreesRegressor'}",4,"['re_T6W50', 'pe_T6W50', 'l3_T6W50', 'atd_T6W50']",0.12880278783550797,0.1806147069256926,98.0,0.15470874738060028,0.02590595954509231,0.12988927701988176,1.9844674545084815,2.178624235302493,2.253800167690966,98.0,2.2162122014967296,0.03758796619423643,0.18846141348746281,1.9844674545084815,completed,True,COMPLETE
17,1.7353865071367467,2026-06-12 13:39:47.065267,2026-06-12 13:40:01.020251,0 days 00:00:13.954984,,,,,,12.0,sqrt,4.0,6.0,272.0,,,,,ExtraTreesRegressor,,,,,,3,,,,,,,,True,,,,,,,,,-0.004068718070586114,0.0029401336062729265,98.0,-0.0005642922321565935,0.00350442583842952,0.017570757714304976,1.9844674545084815,1.7111626061598506,1.7596104081136428,98.0,1.7353865071367467,0.024223900976896057,0.12145564340180184,1.9844674545084815,0.2626937575716113,0.2834873396655192,98.0,0.27309054861856524,0.01039679104695395,0.052128224398136885,1.9844674545084815,5.662701137508278,5.970889754159436,98.0,5.816795445833857,0.15409430832557897,0.7726098030242592,1.9844674545084815,1.320934207755285,1.3701948440671712,98.0,1.345564525911228,0.024630318155943087,0.1234933688704529,1.9844674545084815,99.0,0.1111111111111111,0.020927977070376007,0.03166303713947895,98.0,0.026295507104927476,0.005367530034551468,0.026912131718451155,1.9844674545084815,ExtraTreesRegressor,"{'mode': 'original', 'type': 'ExtraTreesRegressor'}",3,"['re_T6W50', 'pe_T6W50', 'l3_T6W50']",0.15731843869730155,0.21101905670873994,98.0,0.18416874770302075,0.026850309005719178,0.1346241284150379,1.9844674545084815,2.176206944045699,2.253091407920187,98.0,2.214649175982943,0.0384422319372441,0.19274459626434395,1.9844674545084815,completed,True,COMPLETE
18,1.7569210666565858,2026-06-12 13:40:01.032548,2026-06-12 13:40:02.746014,0 days 00:00:01.713466,,,,,,,,,,,,,,,LinearRegression,,,,,,4,,,,,,,,True,,,,,,,,,-0.019753289157905328,-0.006451411772424814,98.0,-0.013102350465165072,0.006650938692740258,0.03334698399416154,1.9844674545084815,1.731071181795647,1.7827709515175245,98.0,1.7569210666565858,0.025849884860938643,0.12960812548904732,1.9844674545084815,0.2661961725451837,0.2872282537114026,98.0,0.27671221312829314,0.01051604058310943,0.052726126823222925,1.9844674545084815,5.869394626965729,6.174051451295103,98.0,6.021723039130416,0.15232841216468726,0.7637558180857295,1.9844674545084815,1.3690561835632442,1.4267372865240215,98.0,1.3978967350436329,0.02884055148038866,0.14460295802291678,1.9844674545084815,99.0,0.3939393939393939,0.0006449277191649949,0.020542837124916308,98.0,0.010593882422040651,0.009948954702875656,0.049882828358885516,1.9844674545084815,LinearRegression,"{'mode': 'original', 'type': 'LinearRegression'}",4,"['pe_T6W50', 'l2_T6W50', 'diameter_T6W50', 'asp_T6W50']",0.12688402991342548,0.1693619245400774,98.0,0.14812297722675144,0.021238947313325963,0.10648945492211605,1.9844674545084815,2.191849322492753,2.272335192505545,98.0,2.232092257499149,0.04024293500639612,0.2017730987358514,1.9844674545084815,completed,True,COMPLETE
19,1.7420814508115876,2026-06-12 13:40:02.758842,2026-06-12 13:40:05.889069,0 days 00:00:03.130227,,,,,,,,,,,,,,,XGBRegressor,,,,,,7,,,,,,,,True,gblinear,0.9746524736680411,0.0010528481437259282,10.0,455.0,1.501608396330261e-08,9.38511233135869,0.9659084100735005,-0.00506151131557489,-0.003125768851779946,98.0,-0.004093640083677418,0.0009678712318974722,0.004852786647052452,1.9844674545084815,1.7167522771890114,1.7674106244341639,98.0,1.7420814508115876,0.025329173622576303,0.1269973437432762,1.9844674545084815,0.2643724380104942,0.28589000531203385,98.0,0.275131221661264,0.010758783650769821,0.05394321054116494,1.9844674545084815,5.731587127416228,6.044061076346868,98.0,5.887824101881548,0.1562369744653198,0.7833528660365168,1.9844674545084815,1.1781027081748507,1.2511908569009562,98.0,1.2146467825379035,0.03654407436305278,0.1832274689580817,1.9844674545084815,99.0,0.29292929292929293,0.0008414945176699999,0.004427655885559112,98.0,0.002634575201614556,0.001793080683944556,0.008990284774840353,1.9844674545084815,XGBRegressor,"{'mode': 'original', 'type': 'XGBRegressor'}",7,"['nodes_T6W50', 're_T6W50', 'pe_T6W50', 'l3_T6W50', 'lcc_T6W50', 'atd_T6W50', 'density_T6W50']",0.14335354195206923,0.19702317287268928,98.0,0.17018835741237925,0.026834815460310028,0.13454644569465204,1.9844674545084815,2.202219739618548,2.2821944156381386,98.0,2.2422070776283434,0.03998733800979545,0.2004915670080215,1.9844674545084815,completed,True,COMPLETE
20,1.7349970291146763,2026-06-12 13:40:05.901874,2026-06-12 13:40:07.986058,0 days 00:00:02.084184,,,,,,,,,,,,,,6.701354450335778,QuantileRegressor,,,,,,3,,,,,,,,True,,,,,,,,,0.0,0.0,98.0,0.0,0.0,0.0,1.9844674545084815,1.7097615267403508,1.760232531489002,98.0,1.7349970291146763,0.025235502374325525,0.1265276876901327,1.9844674545084815,0.25983396043683077,0.2806349322602259,98.0,0.27023444634852833,0.010400485911697585,0.05214674999296774,1.9844674545084815,5.70097731382373,6.036396423550007,98.0,5.8686868686868685,0.16770955486313893,0.8408749651825216,1.9844674545084815,1.033280465877702,1.1485377159404797,98.0,1.0909090909090908,0.057628625031388776,0.2889427981985323,1.9844674545084815,99.0,0.9797979797979798,-0.009845695376372022,-0.006666757700651824,98.0,-0.008256226538511923,0.0015894688378600991,0.007969400161994435,1.9844674545084815,QuantileRegressor,"{'mode': 'original', 'type': 'QuantileRegressor'}",3,"['density_T6W50', 'diameter_T6W50', 'asp_T6W50']",,,,,,,,2.2146203974868346,2.2936018858285863,98.0,2.2541111416577104,0.03949074417087585,0.1980017069201324,1.9844674545084815,completed,True,COMPLETE
21,1.7349970291146763,2026-06-12 13:40:08.005143,2026-06-12 13:40:10.205051,0 days 00:00:02.199908,,,,,,,,,,,,,,7.287685359492102,QuantileRegressor,,,,,,3,,,,,,,,True,,,,,,,,,0.0,0.0,98.0,0.0,0.0,0.0,1.9844674545084815,1.7097615267403508,1.760232531489002,98.0,1.7349970291146763,0.025235502374325525,0.1265276876901327,1.9844674545084815,0.25983396043683077,0.2806349322602259,98.0,0.27023444634852833,0.010400485911697585,0.05214674999296774,1.9844674545084815,5.70097731382373,6.036396423550007,98.0,5.8686868686868685,0.16770955486313893,0.8408749651825216,1.9844674545084815,1.033280465877702,1.1485377159404797,98.0,1.0909090909090908,0.057628625031388776,0.2889427981985323,1.9844674545084815,99.0,0.9797979797979798,-0.009845695376372022,-0.006666757700651824,98.0,-0.008256226538511923,0.0015894688378600991,0.007969400161994435,1.9844674545084815,QuantileRegressor,"{'mode': 'original', 'type': 'QuantileRegressor'}",3,"['density_T6W50', 'diameter_T6W50', 'asp_T6W50']",,,,,,,,2.2146203974868346,2.2936018858285863,98.0,2.2541111416577104,0.03949074417087585,0.1980017069201324,1.9844674545084815,completed,True,COMPLETE
22,1.7349970291146763,2026-06-12 13:40:10.217625,2026-06-12 13:40:12.404074,0 days 00:00:02.186449,,,,,,,,,,,,,,9.625907475407423,QuantileRegressor,,,,,,4,,,,,,,,True,,,,,,,,,0.0,0.0,98.0,0.0,0.0,0.0,1.9844674545084815,1.7097615267403508,1.760232531489002,98.0,1.7349970291146763,0.025235502374325525,0.1265276876901327,1.9844674545084815,0.25983396043683077,0.2806349322602259,98.0,0.27023444634852833,0.010400485911697585,0.05214674999296774,1.9844674545084815,5.70097731382373,6.036396423550007,98.0,5.8686868686868685,0.16770955486313893,0.8408749651825216,1.9844674545084815,1.033280465877702,1.1485377159404797,98.0,1.0909090909090908,0.057628625031388776,0.2889427981985323,1.9844674545084815,99.0,0.9797979797979798,-0.009845695376372022,-0.006666757700651824,98.0,-0.008256226538511923,0.0015894688378600991,0.007969400161994435,1.9844674545084815,QuantileRegressor,"{'mode': 'original', 'type': 'QuantileRegressor'}",4,"['atd_T6W50', 'density_T6W50', 'diameter_T6W50', 'asp_T6W50']",,,,,,,,2.2146203974868346,2.2936018858285863,98.0,2.2541111416577104,0.03949074417087585,0.1980017069201324,1.9844674545084815,completed,True,COMPLETE
23,1.7349970291146763,2026-06-12 13:40:12.416891,2026-06-12 13:40:14.572604,0 days 00:00:02.155713,,,,,,,,,,,,,,8.722952688568956,QuantileRegressor,,,,,,2,,,,,,,,True,,,,,,,,,0.0,0.0,98.0,0.0,0.0,0.0,1.9844674545084815,1.7097615267403508,1.760232531489002,98.0,1.7349970291146763,0.025235502374325525,0.1265276876901327,1.9844674545084815,0.25983396043683077,0.2806349322602259,98.0,0.27023444634852833,0.010400485911697585,0.05214674999296774,1.9844674545084815,5.70097731382373,6.036396423550007,98.0,5.8686868686868685,0.16770955486313893,0.8408749651825216,1.9844674545084815,1.033280465877702,1.1485377159404797,98.0,1.0909090909090908,0.057628625031388776,0.2889427981985323,1.9844674545084815,99.0,0.9797979797979798,-0.009845695376372022,-0.006666757700651824,98.0,-0.008256226538511923,0.0015894688378600991,0.007969400161994435,1.9844674545084815,QuantileRegressor,"{'mode': 'original', 'type': 'QuantileRegressor'}",2,"['diameter_T6W50', 'asp_T6W50']",,,,,,,,2.2146203974868346,2.2936018858285863,98.0,2.2541111416577104,0.03949074417087585,0.1980017069201324,1.9844674545084815,completed,True,COMPLETE
24,1.7349970291146763,2026-06-12 13:40:14.585544,2026-06-12 13:40:16.762697,0 days 00:00:02.177153,,,,,,,,,,,,,,1.8814566276195634,QuantileRegressor,,,,,,4,,,,,,,,True,,,,,,,,,0.0,0.0,98.0,0.0,0.0,0.0,1.9844674545084815,1.7097615267403508,1.760232531489002,98.0,1.7349970291146763,0.025235502374325525,0.1265276876901327,1.9844674545084815,0.25983396043683077,0.2806349322602259,98.0,0.27023444634852833,0.010400485911697585,0.05214674999296774,1.9844674545084815,5.70097731382373,6.036396423550007,98.0,5.8686868686868685,0.16770955486313893,0.8408749651825216,1.9844674545084815,1.033280465877702,1.1485377159404797,98.0,1.0909090909090908,0.057628625031388776,0.2889427981985323,1.9844674545084815,99.0,0.9797979797979798,-0.009845695376372022,-0.006666757700651824,98.0,-0.008256226538511923,0.0015894688378600991,0.007969400161994435,1.9844674545084815,QuantileRegressor,"{'mode': 'original', 'type': 'QuantileRegressor'}",4,"['atd_T6W50', 'density_T6W50', 'diameter_T6W50', 'asp_T6W50']",,,,,,,,2.2146203974868346,2.2936018858285863,98.0,2.2541111416577104,0.03949074417087585,0.1980017069201324,1.9844674545084815,completed,True,COMPLETE
25,1.7349970291146763,2026-06-12 13:40:16.775039,2026-06-12 13:40:19.171491,0 days 00:00:02.396452,,,,,,,,,,,,,,0.31905965859028895,QuantileRegressor,,,,,,6,,,,,,,,True,,,,,,,,,0.0,0.0,98.0,0.0,0.0,0.0,1.9844674545084815,1.7097615267403508,1.760232531489002,98.0,1.7349970291146763,0.025235502374325525,0.1265276876901327,1.9844674545084815,0.25983396043683077,0.2806349322602259,98.0,0.27023444634852833,0.010400485911697585,0.05214674999296774,1.9844674545084815,5.70097731382373,6.036396423550007,98.0,5.8686868686868685,0.16770955486313893,0.8408749651825216,1.9844674545084815,1.033280465877702,1.1485377159404797,98.0,1.0909090909090908,0.057628625031388776,0.2889427981985323,1.9844674545084815,99.0,0.9797979797979798,-0.009845695376372022,-0.006666757700651824,98.0,-0.008256226538511923,0.0015894688378600991,0.007969400161994435,1.9844674545084815,QuantileRegressor,"{'mode': 'original', 'type': 'QuantileRegressor'}",6,"['lcc_T6W50', 'lsc_T6W50', 'atd_T6W50', 'density_T6W50', 'diameter_T6W50', 'asp_T6W50']",,,,,,,,2.2146203974868346,2.2936018858285863,98.0,2.2541111416577104,0.03949074417087585,0.1980017069201324,1.9844674545084815,completed,True,COMPLETE
26,1.7338182589306466,2026-06-12 13:40:19.185250,2026-06-12 13:40:58.255573,0 days 00:00:39.070323,,,,,,,,,,,,,,,RandomForestRegressor,2.0,sqrt,5.0,12.0,492.0,3,,,,,,,,True,,,,,,,,,-0.007406564911609716,0.007107878508019343,98.0,-0.00014934320179518594,0.0072572217098145295,0.03638681205457894,1.9844674545084815,1.7096960319806302,1.7579404858806629,98.0,1.7338182589306466,0.024122226950016354,0.12094586240642441,1.9844674545084815,0.26186921878590086,0.2821504089182649,98.0,0.2720098138520829,0.010140595066182055,0.050843689437756884,1.9844674545084815,5.655836420381426,5.9980609683467065,98.0,5.8269486943640665,0.1711122739826401,0.8579357779875606,1.9844674545084815,1.399953054371044,1.4495374171791615,98.0,1.4247452357751027,0.02479218140405882,0.1243049311766955,1.9844674545084815,99.0,0.20202020202020202,0.020601514679487974,0.04561092305559069,98.0,0.03310621886753933,0.01250470418805136,0.06269704017356795,1.9844674545084815,RandomForestRegressor,"{'mode': 'original', 'type': 'RandomForestRegressor'}",3,"['re_T6W50', 'pe_T6W50', 'l3_T6W50']",0.14531537192154373,0.19852371025977025,98.0,0.171919541090657,0.026604169169113265,0.13339001371772724,1.9844674545084815,2.167630847319115,2.2415125341528666,98.0,2.2045716907359907,0.03694084341687581,0.18521681992017333,1.9844674545084815,completed,True,COMPLETE
