number,value,datetime_start,datetime_complete,duration,params_dt_max_depth,params_dt_min_samples_leaf,params_dt_min_samples_split,params_elastic_alpha,params_elastic_l1_ratio,params_et_max_depth,params_et_max_features,params_et_min_samples_leaf,params_et_min_samples_split,params_et_n_estimators,params_knn_metric,params_knn_n_neighbors,params_knn_weights,params_quantile_alpha,params_regressor,params_rf_max_depth,params_rf_max_features,params_rf_min_samples_leaf,params_rf_min_samples_split,params_rf_n_estimators,params_rfe_n_features,params_rfe_proxy_et_max_depth,params_rfe_proxy_et_min_samples_leaf,params_rfe_proxy_et_min_samples_split,params_rfe_proxy_et_n_estimators,params_rfe_proxy_lsvr_C,params_rfe_proxy_lsvr_epsilon,params_rfe_proxy_type,params_use_scaler,params_xgb_booster,params_xgb_colsample_bytree,params_xgb_learning_rate,params_xgb_max_depth,params_xgb_n_estimators,params_xgb_reg_alpha,params_xgb_reg_lambda,params_xgb_subsample,user_attrs_d2mae_ci_lower_val,user_attrs_d2mae_ci_upper_val,user_attrs_d2mae_df_val,user_attrs_d2mae_mean_val,user_attrs_d2mae_samperror_val,user_attrs_d2mae_std_val,user_attrs_d2mae_t_critical_val,user_attrs_mae_ci_lower_val,user_attrs_mae_ci_upper_val,user_attrs_mae_df_val,user_attrs_mae_mean_val,user_attrs_mae_samperror_val,user_attrs_mae_std_val,user_attrs_mae_t_critical_val,user_attrs_mape_ci_lower_val,user_attrs_mape_ci_upper_val,user_attrs_mape_df_val,user_attrs_mape_mean_val,user_attrs_mape_samperror_val,user_attrs_mape_std_val,user_attrs_mape_t_critical_val,user_attrs_max_error_ci_lower_val,user_attrs_max_error_ci_upper_val,user_attrs_max_error_df_val,user_attrs_max_error_mean_val,user_attrs_max_error_samperror_val,user_attrs_max_error_std_val,user_attrs_max_error_t_critical_val,user_attrs_median_ae_ci_lower_val,user_attrs_median_ae_ci_upper_val,user_attrs_median_ae_df_val,user_attrs_median_ae_mean_val,user_attrs_median_ae_samperror_val,user_attrs_median_ae_std_val,user_attrs_median_ae_t_critical_val,user_attrs_n_splits_val,user_attrs_r2_below_zero_val,user_attrs_r2_ci_lower_val,user_attrs_r2_ci_upper_val,user_attrs_r2_df_val,user_attrs_r2_mean_val,user_attrs_r2_samperror_val,user_attrs_r2_std_val,user_attrs_r2_t_critical_val,user_attrs_regressor_final,user_attrs_rfe_estimator,user_attrs_rfe_n_features,user_attrs_rfe_selected_features,user_attrs_rho_ci_lower_val,user_attrs_rho_ci_upper_val,user_attrs_rho_df_val,user_attrs_rho_mean_val,user_attrs_rho_samperror_val,user_attrs_rho_std_val,user_attrs_rho_t_critical_val,user_attrs_rmse_ci_lower_val,user_attrs_rmse_ci_upper_val,user_attrs_rmse_df_val,user_attrs_rmse_mean_val,user_attrs_rmse_samperror_val,user_attrs_rmse_std_val,user_attrs_rmse_t_critical_val,user_attrs_termination_reason,user_attrs_use_scaler_final,state
84,1.7358421740094656,2026-06-12 13:57:08.742568,2026-06-12 13:57:11.161481,0 days 00:00:02.418913,,,,,,,,,,,,,,,XGBRegressor,,,,,,3,,,,,,,,False,gblinear,0.8722071728907467,0.012957695169703905,2.0,225.0,0.0008279692466534634,2.764223805638295e-05,0.7240278994735139,-0.0038821339367783596,0.00246142359054146,98.0,-0.0007103551731184498,0.0031717787636599097,0.015902906424357734,1.9844674545084815,1.7111778671000826,1.7605064809188486,98.0,1.7358421740094656,0.024664306909383076,0.12366378427635372,1.9844674545084815,0.2606967949415719,0.28164635618596107,98.0,0.2711715755637665,0.010474780622194611,0.05251925448237155,1.9844674545084815,5.694716082880697,6.002791987323296,98.0,5.848754035101996,0.15403795222130004,0.7723272404877238,1.9844674545084815,1.2525964210512388,1.3136791852004874,98.0,1.2831378031258631,0.030541382074624222,0.1531307122577683,1.9844674545084815,99.0,0.2222222222222222,0.010292054903011971,0.01998655361507619,98.0,0.015139304259044079,0.004847249356032108,0.02430350874647961,1.9844674545084815,XGBRegressor,"{'mode': 'original', 'type': 'XGBRegressor'}",3,"['pe_T6W50', 'l2_T6W50', 'l3_T6W50']",0.1557719171174679,0.21015561382428521,98.0,0.18296376547087656,0.027191848353408668,0.13633656446157819,1.9844674545084815,2.18868098753173,2.2661757852770332,98.0,2.2274283864043816,0.03874739887265156,0.19427466553436862,1.9844674545084815,completed,False,COMPLETE
85,1.9048950223361742,2026-06-12 13:57:11.174533,2026-06-12 13:57:13.331460,0 days 00:00:02.156927,,,,,,,,,,,,,,,XGBRegressor,,,,,,4,,,,,,,,False,gbtree,0.7076863233002894,0.053672518530932294,8.0,370.0,2.4752394559666616e-06,0.02158663588178276,0.8757673135760798,,,,,,,,,,,,,,,,,,,,,,,,,,,,,,,,,,,,,,,,,,,,,XGBRegressor,"{'mode': 'original', 'type': 'XGBRegressor'}",4,"['atd_T6W50', 'density_T6W50', 'diameter_T6W50', 'asp_T6W50']",,,,,,,,,,,,,,,pruned,False,PRUNED
86,1.7360249424150709,2026-06-12 13:57:13.342224,2026-06-12 13:57:15.788190,0 days 00:00:02.445966,,,,,,,,,,,,,,,XGBRegressor,,,,,,3,,,,,,,,False,gblinear,0.8997585014890956,0.004047815572371361,4.0,261.0,0.06504701606870884,0.0001751279897425839,0.662167060050507,-0.002121298708604795,0.0008084637748039118,98.0,-0.0006564174669004414,0.0014648812417043533,0.007344733364296896,1.9844674545084815,1.7109914886568531,1.7610583961732886,98.0,1.7360249424150709,0.02503345375821782,0.1255146409190445,1.9844674545084815,0.2614130384990909,0.28268700532125557,98.0,0.27205002191017325,0.010636983411082329,0.05333251920404928,1.9844674545084815,5.711421396361815,6.0275262407915795,98.0,5.869473818576697,0.15805242221488225,0.7924552965119286,1.9844674545084815,1.16313333467449,1.2411534448640595,98.0,1.2021433897692748,0.039010055094784626,0.1955915913459084,1.9844674545084815,99.0,0.25252525252525254,0.0033879848983984742,0.008716712711572502,98.0,0.006052348804985488,0.0026643639065870137,0.013358791089829205,1.9844674545084815,XGBRegressor,"{'mode': 'original', 'type': 'XGBRegressor'}",3,"['pe_T6W50', 'l3_T6W50', 'asp_T6W50']",0.16460527622534907,0.21906944196692188,98.0,0.19183735909613547,0.02723208287078641,0.13653829535536507,1.9844674545084815,2.1987086276759578,2.2774449829939107,98.0,2.2380768053349342,0.039368177658976385,0.1973871735889211,1.9844674545084815,completed,False,COMPLETE
87,1.7495399378955803,2026-06-12 13:57:15.801998,2026-06-12 13:57:18.585419,0 days 00:00:02.783421,,,,,,,,,,,,,,,XGBRegressor,,,,,,2,,,,,,,,False,gblinear,0.7433633649670608,0.0187678322711788,8.0,409.0,0.0001555259283811239,7.73158938984793e-07,0.8387561681415373,-0.011089036073441517,-0.005909283461668729,98.0,-0.008499159767555123,0.0025898763058863935,0.012985319472801914,1.9844674545084815,1.7242964248382409,1.7747834509529197,98.0,1.7495399378955803,0.025243513057339424,0.12656785226397524,1.9844674545084815,0.2652463470053196,0.2866147769444157,98.0,0.27593056197486765,0.010684214969548049,0.05356933239643292,1.9844674545084815,5.748652149308205,6.054585197379497,98.0,5.901618673343851,0.1529665240356459,0.7669552320828197,1.9844674545084815,1.2158707842192789,1.2846162350980397,98.0,1.2502435096586593,0.03437272543938048,0.17234059401477844,1.9844674545084815,99.0,0.37373737373737376,-0.005273824071752453,0.0023810063246439404,98.0,-0.0014464088735542564,0.003827415198198197,0.019190186415737328,1.9844674545084815,XGBRegressor,"{'mode': 'original', 'type': 'XGBRegressor'}",2,"['pe_T6W50', 'l2_T6W50']",0.043100663345644136,0.0991425287883258,98.0,0.07112159606698497,0.028020932721340833,0.14049349093835078,1.9844674545084815,2.206835293665644,2.285984175468917,98.0,2.2464097345672807,0.03957444090163659,0.19842135197626387,1.9844674545084815,completed,False,COMPLETE
88,1.7330329438172574,2026-06-12 13:57:18.599699,2026-06-12 13:57:20.304990,0 days 00:00:01.705291,,,,,,,,,,,euclidean,12.0,uniform,,KNeighborsRegressor,,,,,,3,,,,,0.011800530717358532,0.00015889504439487866,LinearSVR,,,,,,,,,,-0.01240707584149116,0.012386106610438692,98.0,-1.0484615526234078e-05,0.012396591225964926,0.062154975153453876,1.9844674545084815,1.7047899527359338,1.761275934898581,98.0,1.7330329438172574,0.028242991081323554,0.14160686409035358,1.9844674545084815,0.26367051145477255,0.2830017951526698,98.0,0.2733361533037212,0.00966564184894861,0.04846233275041481,1.9844674545084815,5.505012378066524,5.732361359307213,98.0,5.6186868686868685,0.11367449062034503,0.5699498363139026,1.9844674545084815,1.3458955678839726,1.4301987082103034,98.0,1.388047138047138,0.04215157016316542,0.21134275934525573,1.9844674545084815,99.0,0.37373737373737376,-0.0069745921320682434,0.034365325490378254,98.0,0.013695366679155007,0.02066995881122325,0.10363661694705066,1.9844674545084815,KNeighborsRegressor,"{'mode': 'proxy', 'type': 'LinearSVR'}",3,"['re_T6W50', 'pe_T6W50', 'l2_T6W50']",0.18200753939534198,0.23782911753845237,98.0,0.20991832846689717,0.027910789071555208,0.1399412443012755,1.9844674545084815,2.1858850910152596,2.259666081548175,98.0,2.2227755862817173,0.036890495266457574,0.1849643805212107,1.9844674545084815,completed,True,COMPLETE
89,1.7521349142153166,2026-06-12 13:57:20.317844,2026-06-12 13:57:31.281171,0 days 00:00:10.963327,,,,,,8.0,log2,5.0,12.0,189.0,,,,,ExtraTreesRegressor,,,,,,11,,,,,,,,False,,,,,,,,,-0.017949666449861814,-0.003230474577029023,98.0,-0.010590070513445418,0.007359595936416395,0.03690010376476016,1.9844674545084815,1.7272228093705388,1.7770470190600944,98.0,1.7521349142153166,0.024912104844777738,0.12490621247591174,1.9844674545084815,0.2639422294596627,0.28420087404353367,98.0,0.2740715517515982,0.01012932229193546,0.0507871691419404,1.9844674545084815,5.620433714032051,5.880263362940965,98.0,5.750348538486508,0.12991482445445693,0.6513768614971461,1.9844674545084815,1.401757319705773,1.4530340008674922,98.0,1.4273956602866327,0.025638340580859467,0.1285474686332629,1.9844674545084815,99.0,0.35353535353535354,-0.0011036161500098136,0.023067357355816602,98.0,0.010981870602903393,0.012085486752913207,0.06059513580405621,1.9844674545084815,ExtraTreesRegressor,"{'mode': 'original', 'type': 'ExtraTreesRegressor'}",11,"['nodes_T6W50', 're_T6W50', 'pe_T6W50', 'l2_T6W50', 'l3_T6W50', 'lcc_T6W50', 'lsc_T6W50', 'atd_T6W50', 'density_T6W50', 'diameter_T6W50', 'asp_T6W50']",0.1260215517811239,0.17579520973389123,98.0,0.15090838075750757,0.024886828976383675,0.12477948239799126,1.9844674545084815,2.1928300538161642,2.2667644137238763,98.0,2.2297972337700203,0.036967179953855976,0.18534886805919734,1.9844674545084815,completed,False,COMPLETE
90,1.7555578059090857,2026-06-12 13:57:31.295243,2026-06-12 13:57:33.039276,0 days 00:00:01.744033,,,,,,,,,,,,,,,LinearRegression,,,,,,2,,,,,,,,True,,,,,,,,,-0.0161186957298205,-0.007772886094307392,98.0,-0.011945790912063946,0.004172904817756554,0.020922428636844723,1.9844674545084815,1.7295442775200363,1.7815713342981352,98.0,1.7555578059090857,0.02601352838904953,0.13042861389899438,1.9844674545084815,0.2667196983003053,0.2884843936784093,98.0,0.2776020459893573,0.010882347689052023,0.05456274534628173,1.9844674545084815,5.891927105574402,6.223211865386869,98.0,6.057569485480635,0.16564237990623334,0.830510405623988,1.9844674545084815,1.3135924748628955,1.372185256986977,98.0,1.3428888659249363,0.02929639106204065,0.1468884813054944,1.9844674545084815,99.0,0.5757575757575758,-0.015957483058544768,-0.0007940634319893638,98.0,-0.008375773245267065,0.007581709813277701,0.03801375527152566,1.9844674545084815,LinearRegression,"{'mode': 'original', 'type': 'LinearRegression'}",2,"['diameter_T6W50', 'asp_T6W50']",0.06045577548971197,0.10466339500046,98.0,0.08255958524508598,0.02210380975537402,0.11082576823734905,1.9844674545084815,2.212756001302248,2.296446626217378,98.0,2.254601313759813,0.04184531245756502,0.209807221088394,1.9844674545084815,completed,True,COMPLETE
91,1.732813039376585,2026-06-12 13:57:33.052330,2026-06-12 13:57:35.664353,0 days 00:00:02.612023,,,,,,,,,,,,,,,XGBRegressor,,,,,,2,,,,,,,,False,gblinear,0.8088691331743689,0.009701672433469224,6.0,307.0,3.6507809042510484e-05,0.004881286670935419,0.7794859441712494,-0.002131995289546734,0.0042298029619284964,98.0,0.0010489038361908814,0.0031808991257376153,0.015948634791777237,1.9844674545084815,1.7081298006446128,1.7574962781085572,98.0,1.732813039376585,0.02468323873197215,0.12375870609326164,1.9844674545084815,0.26018439167705787,0.28118012513307833,98.0,0.2706822584050681,0.010497866728010237,0.0526350053615612,1.9844674545084815,5.691026060699036,6.001840698167708,98.0,5.846433379433372,0.15540731873433636,0.779193074816073,1.9844674545084815,1.2453115403998063,1.3065708662780562,98.0,1.2759412033389312,0.030629662939124974,0.1535733415934906,1.9844674545084815,99.0,0.1919191919191919,0.011785355411221785,0.021497311006236912,98.0,0.016641333208729348,0.004855977797507563,0.02434727207247353,1.9844674545084815,XGBRegressor,"{'mode': 'original', 'type': 'XGBRegressor'}",2,"['l3_T6W50', 'density_T6W50']",0.1756451399751195,0.22957037139671516,98.0,0.20260775568591732,0.026962615710797846,0.13518722034381833,1.9844674545084815,2.1869413354757983,2.2646391656050398,98.0,2.225790250540419,0.03884891506462073,0.19478365516502621,1.9844674545084815,completed,False,COMPLETE
92,1.7325216171693791,2026-06-12 13:57:35.677788,2026-06-12 13:57:38.201496,0 days 00:00:02.523708,,,,,,,,,,,,,,,XGBRegressor,,,,,,2,,,,,,,,False,gblinear,0.813395381191185,0.009971333209366443,6.0,321.0,8.319060465329188e-06,0.0016122505652493122,0.8043746508901156,-0.002183451656159963,0.004591979124965815,98.0,0.0012042637344029257,0.003387715390562889,0.016985585963855947,1.9844674545084815,1.707830418918995,1.7572128154197633,98.0,1.7325216171693791,0.024691198250384138,0.12379861413411843,1.9844674545084815,0.2603864024681272,0.2813789351917985,98.0,0.27088266882996287,0.010496266361835664,0.05262698132350076,1.9844674545084815,5.689075925495001,5.998772849578734,98.0,5.843924387536868,0.1548484620418662,0.7763910364813679,1.9844674545084815,1.2578083456274063,1.3159295309564254,98.0,1.2868689382919158,0.029060592664509638,0.14570621730464012,1.9844674545084815,99.0,0.1919191919191919,0.01312753234480367,0.023306096083009487,98.0,0.018216814213906578,0.005089281869102907,0.025517029831593277,1.9844674545084815,XGBRegressor,"{'mode': 'original', 'type': 'XGBRegressor'}",2,"['l3_T6W50', 'density_T6W50']",0.1752224765357395,0.22923554272586658,98.0,0.20222900963080304,0.027006533095063533,0.13540741667667158,1.9844674545084815,2.185138966363218,2.262847733093042,98.0,2.22399334972813,0.03885438336491216,0.19481107254634902,1.9844674545084815,completed,False,COMPLETE
93,1.7363356814853836,2026-06-12 13:57:38.214618,2026-06-12 13:57:40.699123,0 days 00:00:02.484505,,,,,,,,,,,,,,,XGBRegressor,,,,,,3,,,,,,,,False,gblinear,0.6817948251306117,0.003693364880345556,7.0,264.0,5.115227488961174e-07,0.00014359265970942606,0.9245954409501241,-0.0023088853170444533,0.0006096999001445292,98.0,-0.000849592708449962,0.0014592926085944913,0.007316712649105634,1.9844674545084815,1.711367307699792,1.7613040552709753,98.0,1.7363356814853836,0.02496837378559174,0.12518833798561477,1.9844674545084815,0.26081613254250313,0.2820229633789363,98.0,0.2714195479607197,0.010603415418216593,0.053164213439626636,1.9844674545084815,5.709756358420454,6.0272233091660565,98.0,5.868489833793255,0.15873347537280164,0.7958700128107122,1.9844674545084815,1.1475014438623905,1.2301482198123206,98.0,1.1888248318373555,0.04132338797496512,0.207190356286074,1.9844674545084815,99.0,0.30303030303030304,0.0012655541581410076,0.006910310437717884,98.0,0.004087932297929446,0.002822378139788438,0.014151054911351007,1.9844674545084815,XGBRegressor,"{'mode': 'original', 'type': 'XGBRegressor'}",3,"['pe_T6W50', 'l3_T6W50', 'density_T6W50']",0.15432604286193374,0.209561850531977,98.0,0.18194394669695538,0.027617903835021645,0.1384727539503613,1.9844674545084815,2.2009998690289416,2.2793453161075394,98.0,2.2401725925682405,0.039172723539299056,0.19640719080730457,1.9844674545084815,completed,False,COMPLETE
94,1.7358479817141683,2026-06-12 13:57:40.712142,2026-06-12 13:57:43.307230,0 days 00:00:02.595088,,,,,,,,,,,,,,,XGBRegressor,,,,,,2,,,,,,,,False,gblinear,0.7726097622402293,0.023352595269853917,5.0,343.0,0.0002467384924181205,0.3225692485133098,0.7423469838946171,-0.006340765489127889,0.004506757012323137,98.0,-0.000917004238402376,0.005423761250725513,0.027194068081475356,1.9844674545084815,1.7111231343928162,1.7605728290355205,98.0,1.7358479817141683,0.024724847321352203,0.12396732641411813,1.9844674545084815,0.2613069910768543,0.28211307240876315,98.0,0.2717100317428087,0.010403040665954433,0.05215955921483068,1.9844674545084815,5.674325893753697,5.980805118748646,98.0,5.8275655062511715,0.15323961249747406,0.7683244638538951,1.9844674545084815,1.3598227933276563,1.4041917590102986,98.0,1.3820072761689774,0.022184482841321056,0.11123025311235954,1.9844674545084815,99.0,0.2222222222222222,0.014842550067687388,0.031015541079144254,98.0,0.02292904557341582,0.008086495505728432,0.040544688299822884,1.9844674545084815,XGBRegressor,"{'mode': 'original', 'type': 'XGBRegressor'}",2,"['l2_T6W50', 'l3_T6W50']",0.16266346512614027,0.216081903966844,98.0,0.18937268454649214,0.02670921942035186,0.13391672268445698,1.9844674545084815,2.179540868424812,2.256520094389382,98.0,2.218030481407097,0.03848961298228499,0.19298215896392645,1.9844674545084815,completed,False,COMPLETE
95,2.001275093941128,2026-06-12 13:57:43.320631,2026-06-12 13:57:43.463310,0 days 00:00:00.142679,11.0,3.0,11.0,,,,,,,,,,,,DecisionTreeRegressor,,,,,,3,,,,,,,,False,,,,,,,,,,,,,,,,,,,,,,,,,,,,,,,,,,,,,,,,,,,,,,,,,,,,,DecisionTreeRegressor,"{'mode': 'original', 'type': 'DecisionTreeRegressor'}",3,"['re_T6W50', 'pe_T6W50', 'l2_T6W50']",,,,,,,,,,,,,,,pruned,False,PRUNED
96,1.7689276512406094,2026-06-12 13:57:43.472876,2026-06-12 13:57:45.639479,0 days 00:00:02.166603,,,,,,,,,,,,,,0.0003044326012784043,QuantileRegressor,,,,,,2,,,,,,,,True,,,,,,,,,-0.02641349785949089,-0.013550926346861149,98.0,-0.01998221210317602,0.006431285756314871,0.03224567133836406,1.9844674545084815,1.7429578776748418,1.794897424806377,98.0,1.7689276512406094,0.025969773565767462,0.13020923262680686,1.9844674545084815,0.2661169876511648,0.2867654364324747,98.0,0.27644121204181976,0.010324224390654948,0.051764384158750225,1.9844674545084815,5.768577920417718,6.10403852812796,98.0,5.936308224272839,0.16773030385512153,0.8409789980620148,1.9844674545084815,1.3204785137998685,1.4248250141192709,98.0,1.3726517639595697,0.0521732501597013,0.2615902233316363,1.9844674545084815,99.0,0.6161616161616161,-0.029484132232313463,-0.00739118914367768,98.0,-0.018437660687995572,0.011046471544317892,0.05538564205717534,1.9844674545084815,QuantileRegressor,"{'mode': 'original', 'type': 'QuantileRegressor'}",2,"['re_T6W50', 'lsc_T6W50']",0.08305455468077892,0.12801802835713638,77.0,0.10553629151895766,0.022481736838178737,0.09971268566906605,1.9912543953883846,2.2248435392696484,2.3021536567310363,98.0,2.2634985980003424,0.038655058730694046,0.19381168348354366,1.9844674545084815,completed,True,COMPLETE
97,1.7436415220231314,2026-06-12 13:57:45.652107,2026-06-12 13:57:47.524441,0 days 00:00:01.872334,,,,0.07593522205929368,0.6392363963199219,,,,,,,,,,ElasticNet,,,,,,3,,,,,,,,False,,,,,,,,,-0.014142047886666492,0.002661287863414616,98.0,-0.005740380011625938,0.008401667875040554,0.04212492357793865,1.9844674545084815,1.7181888550222122,1.7690941890240506,98.0,1.7436415220231314,0.025452667000919242,0.127616524268197,1.9844674545084815,0.2634566575516563,0.2840544186347876,98.0,0.27375553809322195,0.01029888054156561,0.051637313234031715,1.9844674545084815,5.700766585726865,6.035400503958681,98.0,5.868083544842773,0.167316959115908,0.8389065386635137,1.9844674545084815,1.4236364541608364,1.4752009205151897,98.0,1.449418687338013,0.025782233177176733,0.12926892831406073,1.9844674545084815,99.0,0.37373737373737376,-0.0008577037630834016,0.027205751180375666,98.0,0.013174023708646133,0.014031727471729535,0.07035334605037763,1.9844674545084815,ElasticNet,"{'mode': 'original', 'type': 'ElasticNet'}",3,"['re_T6W50', 'pe_T6W50', 'l3_T6W50']",0.14102411376047547,0.19575818711462428,98.0,0.16839115043754987,0.027367036677074415,0.13721493704853682,1.9844674545084815,2.189414185493826,2.2644929061914016,98.0,2.2269535458426137,0.03753936034878783,0.18821770979012364,1.9844674545084815,completed,False,COMPLETE
98,1.732470918301427,2026-06-12 13:57:47.613487,2026-06-12 13:57:51.052202,0 days 00:00:03.438715,,,,,,,,,,,,,,,XGBRegressor,,,,,,2,,,,,,,,False,gblinear,0.621719664151793,0.008077883707297109,7.0,425.0,2.898636284796813e-07,0.005433130661922764,0.8153693364458866,-0.0022883901133144324,0.0047271317784287736,98.0,0.0012193708325571703,0.003507760945871603,0.017587479530521886,1.9844674545084815,1.7078059375890242,1.75713589901383,98.0,1.732470918301427,0.02466498071240283,0.12366716264135648,1.9844674545084815,0.2601625812515266,0.2811235413961499,98.0,0.27064306132383825,0.010480480072311659,0.0525478308203306,1.9844674545084815,5.688398651417201,5.99821210989773,98.0,5.8433053806574655,0.15490672924026397,0.7766831810074445,1.9844674545084815,1.2601132378196271,1.3183920374057712,98.0,1.2892526376126991,0.029139399793072042,0.14610134650011217,1.9844674545084815,99.0,0.20202020202020202,0.012996054372239267,0.02356731634052881,98.0,0.01828168535638404,0.005285630984144772,0.026501500009271487,1.9844674545084815,XGBRegressor,"{'mode': 'original', 'type': 'XGBRegressor'}",2,"['l3_T6W50', 'density_T6W50']",0.17554776468627126,0.22943091980184482,98.0,0.20248934224405804,0.026941577557786794,0.13508173764669287,1.9844674545084815,2.185082442221096,2.2626427739171286,98.0,2.2238626080691124,0.0387801658480163,0.1944389550961139,1.9844674545084815,completed,False,COMPLETE
