number,value,datetime_start,datetime_complete,duration,params_dt_max_depth,params_dt_min_samples_leaf,params_dt_min_samples_split,params_elastic_alpha,params_elastic_l1_ratio,params_et_max_depth,params_et_max_features,params_et_min_samples_leaf,params_et_min_samples_split,params_et_n_estimators,params_knn_metric,params_knn_n_neighbors,params_knn_weights,params_quantile_alpha,params_regressor,params_rf_max_depth,params_rf_max_features,params_rf_min_samples_leaf,params_rf_min_samples_split,params_rf_n_estimators,params_rfe_n_features,params_rfe_proxy_et_max_depth,params_rfe_proxy_et_min_samples_leaf,params_rfe_proxy_et_min_samples_split,params_rfe_proxy_et_n_estimators,params_rfe_proxy_lsvr_C,params_rfe_proxy_lsvr_epsilon,params_rfe_proxy_type,params_use_scaler,params_xgb_booster,params_xgb_colsample_bytree,params_xgb_learning_rate,params_xgb_max_depth,params_xgb_n_estimators,params_xgb_reg_alpha,params_xgb_reg_lambda,params_xgb_subsample,user_attrs_d2mae_ci_lower_val,user_attrs_d2mae_ci_upper_val,user_attrs_d2mae_df_val,user_attrs_d2mae_mean_val,user_attrs_d2mae_samperror_val,user_attrs_d2mae_std_val,user_attrs_d2mae_t_critical_val,user_attrs_mae_ci_lower_val,user_attrs_mae_ci_upper_val,user_attrs_mae_df_val,user_attrs_mae_mean_val,user_attrs_mae_samperror_val,user_attrs_mae_std_val,user_attrs_mae_t_critical_val,user_attrs_mape_ci_lower_val,user_attrs_mape_ci_upper_val,user_attrs_mape_df_val,user_attrs_mape_mean_val,user_attrs_mape_samperror_val,user_attrs_mape_std_val,user_attrs_mape_t_critical_val,user_attrs_max_error_ci_lower_val,user_attrs_max_error_ci_upper_val,user_attrs_max_error_df_val,user_attrs_max_error_mean_val,user_attrs_max_error_samperror_val,user_attrs_max_error_std_val,user_attrs_max_error_t_critical_val,user_attrs_median_ae_ci_lower_val,user_attrs_median_ae_ci_upper_val,user_attrs_median_ae_df_val,user_attrs_median_ae_mean_val,user_attrs_median_ae_samperror_val,user_attrs_median_ae_std_val,user_attrs_median_ae_t_critical_val,user_attrs_n_splits_val,user_attrs_r2_below_zero_val,user_attrs_r2_ci_lower_val,user_attrs_r2_ci_upper_val,user_attrs_r2_df_val,user_attrs_r2_mean_val,user_attrs_r2_samperror_val,user_attrs_r2_std_val,user_attrs_r2_t_critical_val,user_attrs_regressor_final,user_attrs_rfe_estimator,user_attrs_rfe_n_features,user_attrs_rfe_selected_features,user_attrs_rho_ci_lower_val,user_attrs_rho_ci_upper_val,user_attrs_rho_df_val,user_attrs_rho_mean_val,user_attrs_rho_samperror_val,user_attrs_rho_std_val,user_attrs_rho_t_critical_val,user_attrs_rmse_ci_lower_val,user_attrs_rmse_ci_upper_val,user_attrs_rmse_df_val,user_attrs_rmse_mean_val,user_attrs_rmse_samperror_val,user_attrs_rmse_std_val,user_attrs_rmse_t_critical_val,user_attrs_termination_reason,user_attrs_use_scaler_final,state
158,1.7603017171949842,2026-06-12 14:05:40.601271,2026-06-12 14:06:21.382557,0 days 00:00:40.781286,,,,,,,,,,,,,,,RandomForestRegressor,4.0,,1.0,10.0,467.0,3,,,,,,,,False,,,,,,,,,-0.02756539984888224,-0.00467413105509752,98.0,-0.01611976545198988,0.01144563439689236,0.05738699523013332,1.9844674545084815,1.734916345378041,1.7856870890119274,98.0,1.7603017171949842,0.02538537181694322,0.12727911453904373,1.9844674545084815,0.26377841399089474,0.28379346676773276,98.0,0.27378594037931375,0.010007526388419025,0.05017649954585011,1.9844674545084815,5.601597016652008,5.980838614338873,98.0,5.791217815495441,0.1896207988434325,0.9507352324408224,1.9844674545084815,1.4521166487496295,1.51080739169869,98.0,1.4814620202241597,0.029345371474530223,0.14713406303564927,1.9844674545084815,99.0,0.3434343434343434,-0.007714356455132602,0.035613677564651676,98.0,0.013949660554759538,0.02166401700989214,0.10862070180659983,1.9844674545084815,RandomForestRegressor,"{'mode': 'original', 'type': 'RandomForestRegressor'}",3,"['re_T6W50', 'pe_T6W50', 'l3_T6W50']",0.15369822429222363,0.20330376622977264,98.0,0.17850099526099814,0.024802770968774514,0.12435802594442577,1.9844674545084815,2.184573137890626,2.2610489734898,98.0,2.222811055690213,0.03823791779958712,0.19172019044841526,1.9844674545084815,completed,False,COMPLETE
159,1.7375137389922144,2026-06-12 14:06:21.395586,2026-06-12 14:06:24.712373,0 days 00:00:03.316787,,,,,,,,,,,,,,,XGBRegressor,,,,,,12,,,,,,,,False,gblinear,0.8824164512568782,0.008575382260401047,2.0,321.0,7.565572645402673e-05,8.167212153324843e-05,0.8731152899117524,-0.00669381085114742,0.0031518466835490024,98.0,-0.0017709820837992084,0.004922828767348211,0.024682454566894,1.9844674545084815,1.7125403233402547,1.762487154644174,98.0,1.7375137389922144,0.024973415651959704,0.12521361727998817,1.9844674545084815,0.2627100841823495,0.28365931995309696,98.0,0.2731847020677232,0.010474617885373733,0.05251843854007952,1.9844674545084815,5.7020277564766175,6.016247198116925,98.0,5.8591374772967715,0.15710972082015365,0.7877287083153479,1.9844674545084815,1.353266204211497,1.403306018257332,98.0,1.3782861112344145,0.025019907022917613,0.1254467192637566,1.9844674545084815,99.0,0.2727272727272727,0.009863896840944453,0.024643573492281485,98.0,0.01725373516661297,0.007389838325668516,0.03705173536398637,1.9844674545084815,XGBRegressor,"{'mode': 'original', 'type': 'XGBRegressor'}",12,"['nodes_T6W50', 're_T6W50', 'pe_T6W50', 'l1_T6W50', 'l2_T6W50', 'l3_T6W50', 'lcc_T6W50', 'lsc_T6W50', 'atd_T6W50', 'density_T6W50', 'diameter_T6W50', 'asp_T6W50']",0.12543700149676934,0.18174090571689555,98.0,0.15358895360683245,0.028151952110063112,0.14115040594847045,1.9844674545084815,2.1859947762064733,2.263202388272389,98.0,2.224598582239431,0.03860380603295776,0.1935547087962059,1.9844674545084815,completed,False,COMPLETE
160,1.7401653818858451,2026-06-12 14:06:24.725630,2026-06-12 14:06:27.749523,0 days 00:00:03.023893,,,,,,,,,,,,,,,XGBRegressor,,,,,,2,,,,,,,,True,gblinear,0.8187828003053909,0.01331477381027978,5.0,242.0,0.00016969047207813034,2.433652354504108e-06,0.7305938397161746,-0.012378291138710128,0.004968648266178799,98.0,-0.0037048214362656647,0.008673469702444463,0.04348770432314616,1.9844674545084815,1.7143236422715835,1.7660071215001067,98.0,1.7401653818858451,0.025841739614261616,0.12956728622964114,1.9844674545084815,0.26277285858970184,0.2834057375127173,98.0,0.2730892980512096,0.010316439461507709,0.051725351486873086,1.9844674545084815,5.68947201688636,6.028548268132407,98.0,5.8590101425093835,0.16953812562302362,0.8500431928085898,1.9844674545084815,1.410664226780624,1.4712374179164691,98.0,1.4409508223485465,0.03028659556792256,0.1518532442260478,1.9844674545084815,99.0,0.36363636363636365,-0.0004266753159312582,0.02910561024867116,98.0,0.014339467466369951,0.01476614278230121,0.07403561358254314,1.9844674545084815,XGBRegressor,"{'mode': 'original', 'type': 'XGBRegressor'}",2,"['re_T6W50', 'l3_T6W50']",0.1496149817706336,0.20400127777013782,98.0,0.1768081297703857,0.027193147999752105,0.13634308072759938,1.9844674545084815,2.187674181189516,2.263315082592136,98.0,2.225494631890826,0.037820450701310085,0.18962706205143742,1.9844674545084815,completed,True,COMPLETE
161,1.7382689393093194,2026-06-12 14:06:27.763322,2026-06-12 14:06:31.142545,0 days 00:00:03.379223,,,,,,,,,,,,,,,XGBRegressor,,,,,,2,,,,,,,,False,gblinear,0.7703021836911215,0.001062053362380872,7.0,350.0,0.0012173534334868467,0.0012106502020069803,0.787779263864629,-0.00246139167665437,-0.0012702680231465432,98.0,-0.0018658298499004565,0.0005955618267539133,0.002986073338185251,1.9844674545084815,1.7128713358136942,1.7636665428049445,98.0,1.7382689393093194,0.025397603495625063,0.1273404426630979,1.9844674545084815,0.2619693964118465,0.28339470541545647,98.0,0.2726820509136515,0.010712654501804992,0.053711924693668936,1.9844674545084815,5.714188019758738,6.0359871287909685,98.0,5.875087574274853,0.16089955451611504,0.8067304657270808,1.9844674545084815,1.112104837446478,1.1990535258187425,98.0,1.1555791816326102,0.04347434418613216,0.21797498469111753,1.9844674545084815,99.0,0.37373737373737376,-0.0022230360684868194,0.0014311325516598167,98.0,-0.00039595175841350134,0.001827084310073318,0.009160774750563176,1.9844674545084815,XGBRegressor,"{'mode': 'original', 'type': 'XGBRegressor'}",2,"['l3_T6W50', 'density_T6W50']",0.17670721005248202,0.2304726912387694,98.0,0.2035899506456257,0.026882740593143693,0.13478673638313285,1.9844674545084815,2.2057475861205456,2.285183380680661,98.0,2.2454654834006034,0.03971789728005797,0.19914062451448467,1.9844674545084815,completed,False,COMPLETE
162,1.7323276276493056,2026-06-12 14:06:31.156694,2026-06-12 14:06:33.907863,0 days 00:00:02.751169,,,,,,,,,,,,,,,XGBRegressor,,,,,,2,,,,,,,,False,gblinear,0.7965876885632779,0.010590812491182013,8.0,329.0,7.309364300591141e-05,1.5444675244918557e-05,0.8017244693784253,-0.002346465477477295,0.004942235812245038,98.0,0.0012978851673838714,0.0036443506448611664,0.01827232338736635,1.9844674545084815,1.7076300954567902,1.757025159841821,98.0,1.7323276276493056,0.0246975321925154,0.12383037173656057,1.9844674545084815,0.2606561141595957,0.2816436451852902,98.0,0.271149879672443,0.010493765512847229,0.052614442375986434,1.9844674545084815,5.686607279616984,5.995145300967918,98.0,5.840876290292451,0.15426901067546675,0.7734857389988021,1.9844674545084815,1.2737423189357027,1.3273863555810714,98.0,1.300564337258387,0.026822018322684438,0.13448228242939184,1.9844674545084815,99.0,0.18181818181818182,0.01458908218655983,0.02536819762696133,98.0,0.01997863990676058,0.005389557720200749,0.027022575809835844,1.9844674545084815,XGBRegressor,"{'mode': 'original', 'type': 'XGBRegressor'}",2,"['l3_T6W50', 'density_T6W50']",0.17542944064796195,0.22949860439699815,98.0,0.20246402252248005,0.02703458187451809,0.1355480497876861,1.9844674545084815,2.183114831201315,2.26083500384518,98.0,2.2219749175232475,0.038860086321932254,0.19483966646748618,1.9844674545084815,completed,False,COMPLETE
163,1.7323404391653865,2026-06-12 14:06:33.921113,2026-06-12 14:06:36.615860,0 days 00:00:02.694747,,,,,,,,,,,,,,,XGBRegressor,,,,,,2,,,,,,,,False,gblinear,0.8007553557617736,0.010582477348669333,8.0,324.0,1.6863812670288283e-05,1.6620173501225465e-05,0.8412977557786933,-0.0023097739145320657,0.004898638101836846,98.0,0.0012944320936523898,0.0036042060081844557,0.018071043144297663,1.9844674545084815,1.7076390134776054,1.7570418648531676,98.0,1.7323404391653865,0.024701425687781015,0.12384989324026133,1.9844674545084815,0.26065812723798143,0.28165042073181046,98.0,0.27115427398489594,0.01049614674691453,0.05262638158908057,1.9844674545084815,5.686939155836111,5.995560893485228,98.0,5.84125002466067,0.15431086882455902,0.7736956105811892,1.9844674545084815,1.2718319700086778,1.3258188758368628,98.0,1.2988254229227703,0.026993452914092445,0.13534183426708485,1.9844674545084815,99.0,0.18181818181818182,0.014474440166368958,0.025144285371882825,98.0,0.019809362769125892,0.005334922602756933,0.026748642088433968,1.9844674545084815,XGBRegressor,"{'mode': 'original', 'type': 'XGBRegressor'}",2,"['l3_T6W50', 'density_T6W50']",0.17551774936833597,0.22957695501313108,98.0,0.20254735219073353,0.02702960282239756,0.13552308543618025,1.9844674545084815,2.183307570595429,2.261045734768306,98.0,2.2221766526818674,0.038869082086438765,0.1948847701180944,1.9844674545084815,completed,False,COMPLETE
164,1.733826465289365,2026-06-12 14:06:36.629022,2026-06-12 14:06:38.763731,0 days 00:00:02.134709,,,,,,,,,,,,,,,XGBRegressor,,,,,,2,,,,,,,,False,gblinear,0.7616273708619449,0.019751048119277463,9.0,95.0,5.441268093285799e-05,2.00996438697752e-05,0.8019253845145172,-0.0017212402421807067,0.002815151952581244,98.0,0.0005469558552002686,0.0022681960973809753,0.011372454693883156,1.9844674545084815,1.7089869761375636,1.7586659544411662,98.0,1.733826465289365,0.024839489151801307,0.12454212637268948,1.9844674545084815,0.2606405849152101,0.28177485232142124,98.0,0.27120771861831566,0.01056713370310556,0.05298230140750867,1.9844674545084815,5.698132443940488,6.011754280358162,98.0,5.854943362149325,0.15681091820883683,0.7862305489791519,1.9844674545084815,1.204778355605355,1.2738875260813853,98.0,1.2393329408433702,0.03455458523801517,0.17325241655208012,1.9844674545084815,99.0,0.1919191919191919,0.008459138605698167,0.01582818861516084,98.0,0.012143663610429503,0.0036845250047313357,0.018473752658850772,1.9844674545084815,XGBRegressor,"{'mode': 'original', 'type': 'XGBRegressor'}",2,"['l3_T6W50', 'density_T6W50']",0.17473799848405477,0.2288069316290723,98.0,0.20177246505656354,0.027034466572508773,0.13554747167767234,1.9844674545084815,2.191950403055438,2.2702171971072174,98.0,2.231083800081328,0.039133397025889465,0.19621001253310888,1.9844674545084815,completed,False,COMPLETE
165,1.7648283189842053,2026-06-12 14:06:38.776807,2026-06-12 14:07:06.317081,0 days 00:00:27.540274,,,,,,,,,,,,,,,RandomForestRegressor,6.0,log2,3.0,12.0,323.0,3,,,,,,,,False,,,,,,,,,-0.029038947483474895,-0.008157022454176736,98.0,-0.018597984968825816,0.01044096251464908,0.05234969467387946,1.9844674545084815,1.7399072798868016,1.789749358081609,98.0,1.7648283189842053,0.024921039097403754,0.12495100771355915,1.9844674545084815,0.2647316222914881,0.2845406675915934,98.0,0.27463614494154076,0.009904522650052624,0.04966005154154171,1.9844674545084815,5.642723348661979,5.986265792269382,98.0,5.814494570465681,0.17177122180370163,0.8612396608614041,1.9844674545084815,1.439580632645758,1.502253211292308,98.0,1.470916921969033,0.031336289323275,0.15711627888560906,1.9844674545084815,99.0,0.41414141414141414,-0.00991471596483599,0.026806388805937453,98.0,0.008445836420550731,0.01836055238538672,0.09205753876332816,1.9844674545084815,RandomForestRegressor,"{'mode': 'original', 'type': 'RandomForestRegressor'}",3,"['re_T6W50', 'pe_T6W50', 'l3_T6W50']",0.12321181323166712,0.17397709533178451,98.0,0.14859445428172582,0.025382641050058705,0.1272654228116355,1.9844674545084815,2.1931920804104017,2.2668363997288754,98.0,2.2300142400696386,0.03682215965923682,0.1846217542385915,1.9844674545084815,completed,False,COMPLETE
166,1.733470669404708,2026-06-12 14:07:06.329909,2026-06-12 14:07:08.863113,0 days 00:00:02.533204,,,,,,,,,,,,,,,XGBRegressor,,,,,,2,,,,,,,,False,gblinear,0.7877264360497528,0.007061224967476424,9.0,308.0,0.0002516959386941976,1.6809944266059839e-06,0.7665767822308085,-0.0018007827838543845,0.003262114895796585,98.0,0.0007306660559711003,0.0025314488398254847,0.012692371384484808,1.9844674545084815,1.7086753434344757,1.7582659953749402,98.0,1.733470669404708,0.02479532597023231,0.12432069764255849,1.9844674545084815,0.2606104472092541,0.2817128896966954,98.0,0.27116166845297474,0.010551221243720646,0.05290251830426105,1.9844674545084815,5.696005393954725,6.00844148534548,98.0,5.8522234396501025,0.1562180456953769,0.783257959525199,1.9844674545084815,1.2184320547793535,1.2834420404823454,98.0,1.2509370476308495,0.03250499285149606,0.1629760138267908,1.9844674545084815,99.0,0.18181818181818182,0.009854625656250796,0.017842008919895132,98.0,0.013848317288072964,0.003993691631822168,0.020023875888280085,1.9844674545084815,XGBRegressor,"{'mode': 'original', 'type': 'XGBRegressor'}",2,"['l3_T6W50', 'density_T6W50']",0.1746672889495903,0.22881437237167193,98.0,0.20174083066063112,0.02707354171104082,0.13574338958932294,1.9844674545084815,2.190043171431525,2.2681935639437834,98.0,2.2291183676876543,0.03907519625612916,0.19591820107200442,1.9844674545084815,completed,False,COMPLETE
167,1.7760321253805407,2026-06-12 14:07:08.915649,2026-06-12 14:07:30.794575,0 days 00:00:21.878926,,,,,,,,,,,,,,,RandomForestRegressor,7.0,sqrt,3.0,9.0,253.0,3,,,,,,,,False,,,,,,,,,-0.035949262443705506,-0.014264356623598732,98.0,-0.02510680953365212,0.010842452910053388,0.054362717858707645,1.9844674545084815,1.750732133547964,1.8013321172131174,98.0,1.7760321253805407,0.02529999183257676,0.1268510298575238,1.9844674545084815,0.2662479870636717,0.28612115054623544,98.0,0.27618456880495357,0.009936581741281853,0.04982079185978513,1.9844674545084815,5.678033157827129,6.027392168969398,98.0,5.852712663398264,0.17467950557113468,0.8758214359646582,1.9844674545084815,1.4573397248444404,1.5214246166143595,98.0,1.4893821707294,0.032042445884959525,0.16065686054599482,1.9844674545084815,99.0,0.45454545454545453,-0.024857533656399127,0.013899241069879494,98.0,-0.005479146293259816,0.01937838736313931,0.09716083745240825,1.9844674545084815,RandomForestRegressor,"{'mode': 'original', 'type': 'RandomForestRegressor'}",3,"['re_T6W50', 'pe_T6W50', 'l3_T6W50']",0.10743954382562027,0.15848404674623712,98.0,0.1329617952859287,0.025522251460308426,0.12796541214112633,1.9844674545084815,2.20814639666601,2.282350797088856,98.0,2.245248596877433,0.0371022002114231,0.1860258429308637,1.9844674545084815,completed,False,COMPLETE
168,1.7322108386223518,2026-06-12 14:07:30.809315,2026-06-12 14:07:33.369158,0 days 00:00:02.559843,,,,,,,,,,,,,,,XGBRegressor,,,,,,2,,,,,,,,False,gblinear,0.7175867877279158,0.013315423447030877,8.0,335.0,0.00012190319160064372,5.745739281613035e-06,0.8231852700001747,-0.0030369873721536943,0.005634538869183709,98.0,0.0012987757485150076,0.004335763120668702,0.0217389800247647,1.9844674545084815,1.7075426649789756,1.756879012265728,98.0,1.7322108386223518,0.0246681736433763,0.12368317160234464,1.9844674545084815,0.2607515262631991,0.2816721935727332,98.0,0.27121185991796615,0.01046033365476706,0.052446819174541005,1.9844674545084815,5.680358583731892,5.987674158778046,98.0,5.834016371254969,0.1536577875230772,0.770421141710927,1.9844674545084815,1.3075222761793244,1.3567403701971603,98.0,1.3321313231882423,0.024609047008917917,0.12338671797015818,1.9844674545084815,99.0,0.1919191919191919,0.01642518603103017,0.02913926028632451,98.0,0.02278222315867734,0.00635703712764717,0.03187339789755294,1.9844674545084815,XGBRegressor,"{'mode': 'original', 'type': 'XGBRegressor'}",2,"['l3_T6W50', 'density_T6W50']",0.17554737293220404,0.2296584724632493,98.0,0.20260292269772667,0.027055549765522633,0.13565318019980116,1.9844674545084815,2.179888406829086,2.257346811529607,98.0,2.2186176091793466,0.03872920235026034,0.19418343042170824,1.9844674545084815,completed,False,COMPLETE
169,1.7322137875707107,2026-06-12 14:07:33.398116,2026-06-12 14:07:35.986266,0 days 00:00:02.588150,,,,,,,,,,,,,,,XGBRegressor,,,,,,2,,,,,,,,False,gblinear,0.7192209231516865,0.013114225193759434,8.0,333.0,0.00011824617383297217,3.793851699381662e-06,0.8237402219120515,-0.002971128315238958,0.00557691337263878,98.0,0.001302892528699911,0.004274020843938869,0.02142941188574092,1.9844674545084815,1.707545848157886,1.7568817269835353,98.0,1.7322137875707107,0.02466793941282458,0.12368199719932875,1.9844674545084815,0.2607429479266104,0.28166904780977703,98.0,0.2712059978681937,0.010463049941583336,0.05246043830067801,1.9844674545084815,5.680931505980918,5.988316968987886,98.0,5.834624237484402,0.15369273150348392,0.7705963465066933,1.9844674545084815,1.3045542702105164,1.3539312579840266,98.0,1.3292427640972715,0.02468849388675508,0.12378505478936744,1.9844674545084815,99.0,0.1919191919191919,0.0162957415655623,0.0288311786068147,98.0,0.0225634600861885,0.0062677185206262,0.03142556544918588,1.9844674545084815,XGBRegressor,"{'mode': 'original', 'type': 'XGBRegressor'}",2,"['l3_T6W50', 'density_T6W50']",0.17556141524514698,0.2296804601906748,98.0,0.2026209377179109,0.027059522472763903,0.13567309886255063,1.9844674545084815,2.180142689709562,2.2576240665247247,98.0,2.2188833781171433,0.038740688407581596,0.19424102009248148,1.9844674545084815,completed,False,COMPLETE
170,1.7494751435927909,2026-06-12 14:07:36.039107,2026-06-12 14:07:37.995059,0 days 00:00:01.955952,,,,,,,,,,,minkowski,20.0,uniform,,KNeighborsRegressor,,,,,,3,,,,,0.0994413126017956,0.02236440805867339,LinearSVR,,,,,,,,,,-0.020865546645527623,0.0021082020987835733,98.0,-0.009378672273372026,0.011486874372155599,0.05759376736539957,1.9844674545084815,1.7219288185125758,1.777021468673006,98.0,1.7494751435927909,0.027546325080215057,0.1381138669268705,1.9844674545084815,0.26147642720579395,0.28139297441435046,98.0,0.2714347008100722,0.009958273604278256,0.049929552177924,1.9844674545084815,5.616789558900869,5.947856905745599,98.0,5.782323232323234,0.16553367342236458,0.8299653647590661,1.9844674545084815,1.4174208098259633,1.4916700992649468,98.0,1.454545454545455,0.03712464471949179,0.18613837691830523,1.9844674545084815,99.0,0.3838383838383838,-0.0008475196985577062,0.038247486379343346,98.0,0.018699983340392818,0.019547503038950524,0.09800876253411048,1.9844674545084815,KNeighborsRegressor,"{'mode': 'proxy', 'type': 'LinearSVR'}",3,"['re_T6W50', 'l3_T6W50', 'lsc_T6W50']",0.12439842196533561,0.18216593921088958,98.0,0.1532821805881126,0.028883758622776992,0.14481959329084218,1.9844674545084815,2.180465029382684,2.2562553150218645,98.0,2.2183601722022743,0.03789514281958995,0.1900015590943116,1.9844674545084815,completed,True,COMPLETE
