number,value,datetime_start,datetime_complete,duration,params_dt_max_depth,params_dt_min_samples_leaf,params_dt_min_samples_split,params_elastic_alpha,params_elastic_l1_ratio,params_et_max_depth,params_et_max_features,params_et_min_samples_leaf,params_et_min_samples_split,params_et_n_estimators,params_knn_metric,params_knn_n_neighbors,params_knn_weights,params_quantile_alpha,params_regressor,params_rf_max_depth,params_rf_max_features,params_rf_min_samples_leaf,params_rf_min_samples_split,params_rf_n_estimators,params_rfe_n_features,params_rfe_proxy_et_max_depth,params_rfe_proxy_et_min_samples_leaf,params_rfe_proxy_et_min_samples_split,params_rfe_proxy_et_n_estimators,params_rfe_proxy_lsvr_C,params_rfe_proxy_lsvr_epsilon,params_rfe_proxy_type,params_use_scaler,params_xgb_booster,params_xgb_colsample_bytree,params_xgb_learning_rate,params_xgb_max_depth,params_xgb_n_estimators,params_xgb_reg_alpha,params_xgb_reg_lambda,params_xgb_subsample,user_attrs_d2mae_ci_lower_val,user_attrs_d2mae_ci_upper_val,user_attrs_d2mae_df_val,user_attrs_d2mae_mean_val,user_attrs_d2mae_samperror_val,user_attrs_d2mae_std_val,user_attrs_d2mae_t_critical_val,user_attrs_mae_ci_lower_val,user_attrs_mae_ci_upper_val,user_attrs_mae_df_val,user_attrs_mae_mean_val,user_attrs_mae_samperror_val,user_attrs_mae_std_val,user_attrs_mae_t_critical_val,user_attrs_mape_ci_lower_val,user_attrs_mape_ci_upper_val,user_attrs_mape_df_val,user_attrs_mape_mean_val,user_attrs_mape_samperror_val,user_attrs_mape_std_val,user_attrs_mape_t_critical_val,user_attrs_max_error_ci_lower_val,user_attrs_max_error_ci_upper_val,user_attrs_max_error_df_val,user_attrs_max_error_mean_val,user_attrs_max_error_samperror_val,user_attrs_max_error_std_val,user_attrs_max_error_t_critical_val,user_attrs_median_ae_ci_lower_val,user_attrs_median_ae_ci_upper_val,user_attrs_median_ae_df_val,user_attrs_median_ae_mean_val,user_attrs_median_ae_samperror_val,user_attrs_median_ae_std_val,user_attrs_median_ae_t_critical_val,user_attrs_n_splits_val,user_attrs_r2_below_zero_val,user_attrs_r2_ci_lower_val,user_attrs_r2_ci_upper_val,user_attrs_r2_df_val,user_attrs_r2_mean_val,user_attrs_r2_samperror_val,user_attrs_r2_std_val,user_attrs_r2_t_critical_val,user_attrs_regressor_final,user_attrs_rfe_estimator,user_attrs_rfe_n_features,user_attrs_rfe_selected_features,user_attrs_rho_ci_lower_val,user_attrs_rho_ci_upper_val,user_attrs_rho_df_val,user_attrs_rho_mean_val,user_attrs_rho_samperror_val,user_attrs_rho_std_val,user_attrs_rho_t_critical_val,user_attrs_rmse_ci_lower_val,user_attrs_rmse_ci_upper_val,user_attrs_rmse_df_val,user_attrs_rmse_mean_val,user_attrs_rmse_samperror_val,user_attrs_rmse_std_val,user_attrs_rmse_t_critical_val,user_attrs_termination_reason,user_attrs_use_scaler_final,state
273,1.728550423565294,2026-06-12 14:44:25.878911,2026-06-12 14:44:55.105042,0 days 00:00:29.226131,,,,,,,,,,,,,,,RandomForestRegressor,2.0,sqrt,1.0,8.0,349.0,4,,,,,,,,True,,,,,,,,,-0.0056479382843303005,0.01147576313866101,98.0,0.002913912427165354,0.008561850711495655,0.04292806050795399,1.9844674545084815,1.7031864999977886,1.7539143471327994,98.0,1.728550423565294,0.025363923567505386,0.12717157566915654,1.9844674545084815,0.2602560338393178,0.2805809651661197,98.0,0.27041849950271873,0.010162465663400944,0.05095334590718084,1.9844674545084815,5.566304586601198,5.895108217240734,98.0,5.730706401920966,0.16440181531976764,0.8242903682247934,1.9844674545084815,1.4117342449253698,1.4649356236620976,98.0,1.4383349342937337,0.026600689368364017,0.13337256642716439,1.9844674545084815,99.0,0.2222222222222222,0.028623442212891814,0.05690982751572499,98.0,0.0427666348643084,0.014143192651416588,0.07091221867492727,1.9844674545084815,RandomForestRegressor,"{'mode': 'original', 'type': 'RandomForestRegressor'}",4,"['re_T6W50', 'pe_T6W50', 'l2_T6W50', 'l3_T6W50']",0.1844566742685494,0.2398832851594857,98.0,0.21216997971401755,0.027713305445468163,0.13895108582553703,1.9844674545084815,2.155761985277723,2.2306910556376143,98.0,2.1932265204576686,0.03746453517994566,0.18784254564818623,1.9844674545084815,completed,True,COMPLETE
274,1.7326767859496284,2026-06-12 14:44:55.133222,2026-06-12 14:45:24.376152,0 days 00:00:29.242930,,,,,,,,,,,,,,,RandomForestRegressor,2.0,sqrt,2.0,8.0,351.0,4,,,,,,,,True,,,,,,,,,-0.00779658150664329,0.0088911105673323,98.0,0.0005472645303445047,0.008343846036987795,0.041835012033548225,1.9844674545084815,1.7074332991424497,1.757920272756807,98.0,1.7326767859496284,0.025243486807178594,0.12656772064891555,1.9844674545084815,0.2612036038690554,0.28149327857001716,98.0,0.2713484412195363,0.010144837350480867,0.05086495972653064,1.9844674545084815,5.570788553131115,5.899340168157351,98.0,5.735064360644233,0.16427580751311804,0.8236585806673362,1.9844674545084815,1.4140057235975847,1.4681365755113436,98.0,1.4410711495544641,0.027065425956879344,0.135702698201742,1.9844674545084815,99.0,0.23232323232323232,0.02494121422708328,0.052692889591171944,98.0,0.03881705190912761,0.013875837682044333,0.0695717339258876,1.9844674545084815,RandomForestRegressor,"{'mode': 'original', 'type': 'RandomForestRegressor'}",4,"['re_T6W50', 'pe_T6W50', 'l2_T6W50', 'l3_T6W50']",0.17520284284320412,0.23029766615043065,98.0,0.20275025449681738,0.027547411653613265,0.13811931487149795,1.9844674545084815,2.1604236420585083,2.2352065627048896,98.0,2.197815102381699,0.03739146032319042,0.18747615735456796,1.9844674545084815,completed,True,COMPLETE
275,1.7247630798474787,2026-06-12 14:45:24.389121,2026-06-12 14:45:53.130484,0 days 00:00:28.741363,,,,,,,,,,,,,,,RandomForestRegressor,3.0,sqrt,1.0,12.0,349.0,3,,,,,,,,True,,,,,,,,,-0.004466307496016713,0.014125913454179576,98.0,0.004829802979081432,0.009296110475098145,0.046609548146854606,1.9844674545084815,1.699993235417055,1.7495329242779023,98.0,1.7247630798474787,0.02476984443042357,0.12419293635360297,1.9844674545084815,0.2590003602992239,0.27893440508842593,98.0,0.2689673826938249,0.009967022394600985,0.04997341753052133,1.9844674545084815,5.531163940488476,5.847941895074722,98.0,5.689552917781599,0.15838897729312307,0.794142742047925,1.9844674545084815,1.4179873936825789,1.473108842381489,98.0,1.445548118032034,0.02756072434945519,0.1381860630818888,1.9844674545084815,99.0,0.23232323232323232,0.03609106036686214,0.0676992380920923,98.0,0.051895149229477223,0.015804088862615084,0.07923974685245438,1.9844674545084815,RandomForestRegressor,"{'mode': 'original', 'type': 'RandomForestRegressor'}",3,"['re_T6W50', 'pe_T6W50', 'l3_T6W50']",0.18070047842143952,0.2343571981233031,98.0,0.2075288382723713,0.0268283598509318,0.13451407806768184,1.9844674545084815,2.1448934623645286,2.218774530294847,98.0,2.1818339963296878,0.03694053396515913,0.18521526836753996,1.9844674545084815,completed,True,COMPLETE
276,1.7250682984546468,2026-06-12 14:45:53.143532,2026-06-12 14:46:25.978946,0 days 00:00:32.835414,,,,,,,,,,,,,,,RandomForestRegressor,3.0,sqrt,1.0,12.0,399.0,3,,,,,,,,True,,,,,,,,,-0.004661435966485678,0.013960780707687019,98.0,0.0046496723706006705,0.009311108337086349,0.046684745571875706,1.9844674545084815,1.7002931497086742,1.7498434472006195,98.0,1.7250682984546468,0.024775148745972586,0.12421953153570953,1.9844674545084815,0.2590553727204565,0.27899176544509247,98.0,0.26902356908277447,0.009968196362317975,0.04997930365945391,1.9844674545084815,5.532078011700793,5.8498116010358965,98.0,5.6909448063683445,0.15886679466755182,0.7965384592651955,1.9844674545084815,1.4181251480052188,1.4726565049142553,98.0,1.445390826459737,0.027265678454518324,0.1367067394569782,1.9844674545084815,99.0,0.21212121212121213,0.0356285363465091,0.0672490649722506,98.0,0.05143880065937985,0.01581026431287075,0.07927070979623511,1.9844674545084815,RandomForestRegressor,"{'mode': 'original', 'type': 'RandomForestRegressor'}",3,"['re_T6W50', 'pe_T6W50', 'l3_T6W50']",0.17947620942707002,0.23308795782204159,98.0,0.2062820836245558,0.026805874197485792,0.1344013377824074,1.9844674545084815,2.14540969373602,2.219305294428548,98.0,2.182357494082284,0.036947800346264,0.18525170110366848,1.9844674545084815,completed,True,COMPLETE
277,1.7251567806678685,2026-06-12 14:46:25.991815,2026-06-12 14:46:58.471928,0 days 00:00:32.480113,,,,,,,,,,,,,,,RandomForestRegressor,3.0,sqrt,1.0,12.0,393.0,3,,,,,,,,True,,,,,,,,,-0.004704056387711416,0.013896951348297024,98.0,0.004596447480292805,0.00930050386800422,0.04663157607549554,1.9844674545084815,1.7004016100635562,1.7499119512721808,98.0,1.7251567806678685,0.024755170604312326,0.12411936360439105,1.9844674545084815,0.2590851083818812,0.2790260584433308,98.0,0.269055583412606,0.009970475030724789,0.04999072862101204,1.9844674545084815,5.533250098951052,5.852005935963295,98.0,5.6926280174571735,0.15937791850612165,0.7991011709742099,1.9844674545084815,1.4178761635727204,1.4728928255850047,98.0,1.4453844945788625,0.02750833100614206,0.13792336933870777,1.9844674545084815,99.0,0.2222222222222222,0.035432144216523055,0.06706569672041662,98.0,0.051248920468469836,0.01581677625194678,0.07930335985334304,1.9844674545084815,RandomForestRegressor,"{'mode': 'original', 'type': 'RandomForestRegressor'}",3,"['re_T6W50', 'pe_T6W50', 'l3_T6W50']",0.17948699058093406,0.23322496474242485,98.0,0.20635597766167946,0.0268689870807454,0.1347177779730501,1.9844674545084815,2.145644160823886,2.219469479330812,98.0,2.182556820077349,0.03691265925346282,0.185075508010736,1.9844674545084815,completed,True,COMPLETE
278,1.7461006467757931,2026-06-12 14:46:58.486924,2026-06-12 14:47:23.239664,0 days 00:00:24.752740,,,,,,,,,,,,,,,RandomForestRegressor,3.0,,1.0,12.0,283.0,3,,,,,,,,True,,,,,,,,,-0.018678639285284786,0.003062595021522954,98.0,-0.007808022131880916,0.01087061715340387,0.05450392989141536,1.9844674545084815,1.7209836319336387,1.7712176616179476,98.0,1.7461006467757931,0.025117014842154364,0.12593360585877672,1.9844674545084815,0.26190705692245003,0.2818640920347179,98.0,0.27188557447858397,0.009978517556133944,0.05003105284868602,1.9844674545084815,5.552873754707421,5.914080631324199,98.0,5.73347719301581,0.18060343830838893,0.905523302016639,1.9844674545084815,1.4317590378840772,1.4918702670234292,98.0,1.4618146524537532,0.03005561456967597,0.1506951340693729,1.9844674545084815,99.0,0.2828282828282828,0.00693840799027963,0.04789996774807517,98.0,0.0274191878691774,0.02048077987889777,0.10268809717867929,1.9844674545084815,RandomForestRegressor,"{'mode': 'original', 'type': 'RandomForestRegressor'}",3,"['re_T6W50', 'pe_T6W50', 'l3_T6W50']",0.16961055240327327,0.22120985633103457,98.0,0.19541020436715392,0.025799651963880642,0.12935626395617797,1.9844674545084815,2.1702387780249035,2.2457222775246652,98.0,2.2079805277747844,0.037741749749880656,0.18923246521497775,1.9844674545084815,completed,True,COMPLETE
279,1.734029656914025,2026-06-12 14:47:23.253547,2026-06-12 14:48:00.782425,0 days 00:00:37.528878,,,,,,,,,,,,,,,RandomForestRegressor,4.0,sqrt,1.0,12.0,457.0,3,,,,,,,,True,,,,,,,,,-0.010923399760678174,0.009507328498882382,98.0,-0.0007080356308978959,0.010215364129780278,0.05121857227494044,1.9844674545084815,1.7090807473730851,1.7589785664549649,98.0,1.734029656914025,0.02494890954093986,0.12509074667033576,1.9844674545084815,0.25995414825676516,0.27978237749281093,98.0,0.26986826287478805,0.009914114618022865,0.04970814448257653,1.9844674545084815,5.5428171797447705,5.867018616807601,98.0,5.704917898276186,0.16210071853141544,0.8127529535356525,1.9844674545084815,1.4304437995411343,1.488398984392347,98.0,1.4594213919667407,0.028977592425606415,0.1452900643725377,1.9844674545084815,99.0,0.23232323232323232,0.02725987563809543,0.062387871927513425,98.0,0.044823873782804426,0.017563998144708996,0.08806371432117,1.9844674545084815,RandomForestRegressor,"{'mode': 'original', 'type': 'RandomForestRegressor'}",3,"['re_T6W50', 'pe_T6W50', 'l3_T6W50']",0.1708034914242816,0.22400726038652066,98.0,0.19740537590540114,0.026601884481119522,0.1333785585747048,1.9844674545084815,2.152124636441681,2.226262928571684,98.0,2.1891937825066825,0.03706914606500149,0.18586011352895754,1.9844674545084815,completed,True,COMPLETE
280,1.7252419939740409,2026-06-12 14:48:00.795517,2026-06-12 14:48:21.773474,0 days 00:00:20.977957,,,,,,,,,,,,,,,RandomForestRegressor,3.0,sqrt,1.0,12.0,245.0,3,,,,,,,,True,,,,,,,,,-0.004684372915938858,0.013816714224725184,98.0,0.004566170654393163,0.009250543570332021,0.04638108132223059,1.9844674545084815,1.7004479871370255,1.7500360008110563,98.0,1.7252419939740409,0.02479400683701536,0.12431408367176369,1.9844674545084815,0.25902386038894143,0.2789875235060725,98.0,0.26900569194750695,0.009981831558565508,0.05004766884699053,1.9844674545084815,5.538180875413899,5.858999162085527,98.0,5.698590018749713,0.16040914333581385,0.8042716047248117,1.9844674545084815,1.419563009781317,1.4737356892430806,98.0,1.4466493495121988,0.027086339730881745,0.1358075572779017,1.9844674545084815,99.0,0.21212121212121213,0.0347389138646004,0.06662663464941668,98.0,0.05068277425700854,0.015943860392408134,0.07994054401540761,1.9844674545084815,RandomForestRegressor,"{'mode': 'original', 'type': 'RandomForestRegressor'}",3,"['re_T6W50', 'pe_T6W50', 'l3_T6W50']",0.1801456855368236,0.23403527215862088,98.0,0.20709047884772225,0.026944793310898635,0.1350978610350601,1.9844674545084815,2.1461876828901123,2.220172192209684,98.0,2.183179937549898,0.03699225465978582,0.18547458953340268,1.9844674545084815,completed,True,COMPLETE
281,1.688042597198077,2026-06-12 14:48:21.787678,2026-06-12 14:48:23.612376,0 days 00:00:01.824698,,,,,,7.0,,2.0,7.0,297.0,,,,,ExtraTreesRegressor,,,,,,3,,,,,,,,True,,,,,,,,,,,,,,,,,,,,,,,,,,,,,,,,,,,,,,,,,,,,,,,,,,,,,ExtraTreesRegressor,"{'mode': 'original', 'type': 'ExtraTreesRegressor'}",3,"['re_T6W50', 'l3_T6W50', 'lsc_T6W50']",,,,,,,,,,,,,,,pruned,True,PRUNED
282,1.7251902618791006,2026-06-12 14:48:23.622662,2026-06-12 14:48:55.795475,0 days 00:00:32.172813,,,,,,,,,,,,,,,RandomForestRegressor,3.0,log2,1.0,12.0,392.0,3,,,,,,,,True,,,,,,,,,-0.0047269718761856075,0.013878444106549804,98.0,0.004575736115182098,0.009302707991367705,0.046642627277426414,1.9844674545084815,1.700439164041046,1.7499413597171554,98.0,1.7251902618791006,0.024751097838054657,0.124098943258109,1.9844674545084815,0.25908547004442184,0.279025615887199,98.0,0.2690555429658104,0.009970072921388556,0.04998871249453445,1.9844674545084815,5.5333239940458805,5.8519858580258814,98.0,5.692654926035881,0.15933093199000012,0.7988655863938323,1.9844674545084815,1.4179841560550326,1.4732460559684735,98.0,1.445615106011753,0.027630949956720448,0.13853816559096938,1.9844674545084815,99.0,0.2222222222222222,0.035323969383613874,0.06699106782045693,98.0,0.0511575186020354,0.01583354921842153,0.07938745743270859,1.9844674545084815,RandomForestRegressor,"{'mode': 'original', 'type': 'RandomForestRegressor'}",3,"['re_T6W50', 'pe_T6W50', 'l3_T6W50']",0.1795687089395354,0.23334966712440333,98.0,0.20645918803196936,0.02689047909243397,0.13482553626144977,1.9844674545084815,2.145749970933608,2.219548465313769,98.0,2.1826492181236885,0.036899247190080225,0.1850082615837863,1.9844674545084815,completed,True,COMPLETE
283,1.7586574120824678,2026-06-12 14:48:55.834495,2026-06-12 14:48:57.771487,0 days 00:00:01.936992,,,,,,,,,,,,,,,LinearRegression,,,,,,3,,,,,,,,True,,,,,,,,,-0.019435253564154577,-0.008228859495086668,98.0,-0.013832056529620622,0.005603197034533955,0.02809373690824883,1.9844674545084815,1.7323468971888056,1.78496792697613,98.0,1.7586574120824678,0.02631051489366226,0.1319176675007984,1.9844674545084815,0.2673970120396511,0.2891048476392087,98.0,0.2782509298394299,0.010853917799778791,0.05442020139777337,1.9844674545084815,5.9172635833541865,6.259373296915527,98.0,6.088318440134857,0.17105485678067064,0.8576478952384452,1.9844674545084815,1.3413599620744912,1.3970505804335402,98.0,1.3692052712540157,0.027845309179524543,0.1396129362214146,1.9844674545084815,99.0,0.5151515151515151,-0.019261408513982288,-0.0012524763894561555,98.0,-0.010256942451719223,0.009004466062263067,0.04514727913249522,1.9844674545084815,LinearRegression,"{'mode': 'original', 'type': 'LinearRegression'}",3,"['pe_T6W50', 'diameter_T6W50', 'asp_T6W50']",0.06713375779708583,0.11350683239547202,98.0,0.09032029509627892,0.023186537299193097,0.11625443022654815,1.9844674545084815,2.215062896830068,2.2967909825815913,98.0,2.2559269397058297,0.040864042875761536,0.2048872567720673,1.9844674545084815,completed,True,COMPLETE
284,1.7251414856006195,2026-06-12 14:48:57.785101,2026-06-12 14:49:29.717222,0 days 00:00:31.932121,,,,,,,,,,,,,,,RandomForestRegressor,3.0,log2,1.0,12.0,389.0,3,,,,,,,,True,,,,,,,,,-0.004677573648641251,0.013898236032044623,98.0,0.004610331191701686,0.009287904840342937,0.04656840610909344,1.9844674545084815,1.7003764292875323,1.7499065419137068,98.0,1.7251414856006195,0.024765056313087182,0.12416892932548933,1.9844674545084815,0.2590724721703199,0.2790134321477581,98.0,0.269042952159039,0.009970479988719092,0.049990753479782254,1.9844674545084815,5.532928676394435,5.851065317788703,98.0,5.691996997091569,0.15906832069713428,0.7975488858520814,1.9844674545084815,1.4177185077548573,1.472779911525883,98.0,1.4452492096403702,0.02753070188551288,0.13803553416096487,1.9844674545084815,99.0,0.21212121212121213,0.03544571120125381,0.06706776950530002,98.0,0.05125674035327692,0.015811029152023103,0.07927454460514703,1.9844674545084815,RandomForestRegressor,"{'mode': 'original', 'type': 'RandomForestRegressor'}",3,"['re_T6W50', 'pe_T6W50', 'l3_T6W50']",0.17946573114625353,0.23292001805476448,98.0,0.206192874600509,0.02672714345425548,0.13400659157354286,1.9844674545084815,2.1456418529087817,2.2194557182247583,98.0,2.18254878556677,0.03690693265798816,0.18504679556931128,1.9844674545084815,completed,True,COMPLETE
285,1.7340278973435523,2026-06-12 14:49:29.730133,2026-06-12 14:50:02.054771,0 days 00:00:32.324638,,,,,,,,,,,,,,,RandomForestRegressor,4.0,log2,1.0,12.0,389.0,3,,,,,,,,True,,,,,,,,,-0.01101852632894506,0.009560838031841181,98.0,-0.0007288441485519396,0.01028968218039312,0.05159119378879816,1.9844674545084815,1.709093435028644,1.7589623596584607,98.0,1.7340278973435523,0.02493446231490848,0.1250183100658976,1.9844674545084815,0.2599339312225238,0.27971828620825073,98.0,0.26982610871538726,0.009892177492863481,0.04959815445028734,1.9844674545084815,5.542893528304068,5.867279111134163,98.0,5.705086319719116,0.1621927914150477,0.81321459558629,1.9844674545084815,1.4301701793922994,1.4887842350093947,98.0,1.459477207200847,0.029307027808547572,0.1469418126368903,1.9844674545084815,99.0,0.24242424242424243,0.02675327088399027,0.06215782529137148,98.0,0.044455548087680874,0.017702277203690605,0.08875702842006863,1.9844674545084815,RandomForestRegressor,"{'mode': 'original', 'type': 'RandomForestRegressor'}",3,"['re_T6W50', 'pe_T6W50', 'l3_T6W50']",0.17065037233132796,0.22405478650085642,98.0,0.1973525794160922,0.026702207084764215,0.1338815637011306,1.9844674545084815,2.1525279322866435,2.226493857935937,98.0,2.1895108951112903,0.0369829628246468,0.1854280014212622,1.9844674545084815,completed,True,COMPLETE
286,1.7349970291146763,2026-06-12 14:50:02.067929,2026-06-12 14:50:04.285873,0 days 00:00:02.217944,,,,,,,,,,,,,,0.08163597687286345,QuantileRegressor,,,,,,3,,,,,,,,True,,,,,,,,,0.0,0.0,98.0,0.0,0.0,0.0,1.9844674545084815,1.7097615267403508,1.760232531489002,98.0,1.7349970291146763,0.025235502374325525,0.1265276876901327,1.9844674545084815,0.25983396043683077,0.2806349322602259,98.0,0.27023444634852833,0.010400485911697585,0.05214674999296774,1.9844674545084815,5.70097731382373,6.036396423550007,98.0,5.8686868686868685,0.16770955486313893,0.8408749651825216,1.9844674545084815,1.033280465877702,1.1485377159404797,98.0,1.0909090909090908,0.057628625031388776,0.2889427981985323,1.9844674545084815,99.0,0.9797979797979798,-0.009845695376372022,-0.006666757700651824,98.0,-0.008256226538511923,0.0015894688378600991,0.007969400161994435,1.9844674545084815,QuantileRegressor,"{'mode': 'original', 'type': 'QuantileRegressor'}",3,"['density_T6W50', 'diameter_T6W50', 'asp_T6W50']",,,,,,,,2.2146203974868346,2.2936018858285863,98.0,2.2541111416577104,0.03949074417087585,0.1980017069201324,1.9844674545084815,completed,True,COMPLETE
287,1.7251694213944797,2026-06-12 14:50:04.298550,2026-06-12 14:50:36.532417,0 days 00:00:32.233867,,,,,,,,,,,,,,,RandomForestRegressor,3.0,log2,1.0,12.0,391.0,3,,,,,,,,True,,,,,,,,,-0.004708967377914368,0.01388899289915414,98.0,0.004590012760619886,0.009298980138534254,0.04662393628439329,1.9844674545084815,1.7004116765947692,1.7499271661941902,98.0,1.7251694213944797,0.02475774479971043,0.12413227030173171,1.9844674545084815,0.25907749764629767,0.2790187807436392,98.0,0.26904813919496845,0.009970641548670778,0.04999156352139771,1.9844674545084815,5.533134684595915,5.851517681054075,98.0,5.692326182824995,0.1591914982290803,0.7981664827622331,1.9844674545084815,1.4179406135866965,1.4731650339287368,98.0,1.4455528237577167,0.02761221017102015,0.13844420662326998,1.9844674545084815,99.0,0.21212121212121213,0.03535477790304657,0.06701581631200329,98.0,0.05118529710752493,0.015830519204478356,0.07937226531756017,1.9844674545084815,RandomForestRegressor,"{'mode': 'original', 'type': 'RandomForestRegressor'}",3,"['re_T6W50', 'pe_T6W50', 'l3_T6W50']",0.1798874403625986,0.23353059017768327,98.0,0.20670901527014093,0.026821574907542337,0.13448005920071246,1.9844674545084815,2.1457162080391208,2.2195256755098627,98.0,2.1826209417744917,0.03690473373537101,0.1850357704432793,1.9844674545084815,completed,True,COMPLETE
