number,value,datetime_start,datetime_complete,duration,params_dt_max_depth,params_dt_min_samples_leaf,params_dt_min_samples_split,params_elastic_alpha,params_elastic_l1_ratio,params_et_max_depth,params_et_max_features,params_et_min_samples_leaf,params_et_min_samples_split,params_et_n_estimators,params_knn_metric,params_knn_n_neighbors,params_knn_weights,params_quantile_alpha,params_regressor,params_rf_max_depth,params_rf_max_features,params_rf_min_samples_leaf,params_rf_min_samples_split,params_rf_n_estimators,params_rfe_n_features,params_rfe_proxy_et_max_depth,params_rfe_proxy_et_min_samples_leaf,params_rfe_proxy_et_min_samples_split,params_rfe_proxy_et_n_estimators,params_rfe_proxy_lsvr_C,params_rfe_proxy_lsvr_epsilon,params_rfe_proxy_type,params_use_scaler,params_xgb_booster,params_xgb_colsample_bytree,params_xgb_learning_rate,params_xgb_max_depth,params_xgb_n_estimators,params_xgb_reg_alpha,params_xgb_reg_lambda,params_xgb_subsample,user_attrs_d2mae_ci_lower_val,user_attrs_d2mae_ci_upper_val,user_attrs_d2mae_df_val,user_attrs_d2mae_mean_val,user_attrs_d2mae_samperror_val,user_attrs_d2mae_std_val,user_attrs_d2mae_t_critical_val,user_attrs_mae_ci_lower_val,user_attrs_mae_ci_upper_val,user_attrs_mae_df_val,user_attrs_mae_mean_val,user_attrs_mae_samperror_val,user_attrs_mae_std_val,user_attrs_mae_t_critical_val,user_attrs_mape_ci_lower_val,user_attrs_mape_ci_upper_val,user_attrs_mape_df_val,user_attrs_mape_mean_val,user_attrs_mape_samperror_val,user_attrs_mape_std_val,user_attrs_mape_t_critical_val,user_attrs_max_error_ci_lower_val,user_attrs_max_error_ci_upper_val,user_attrs_max_error_df_val,user_attrs_max_error_mean_val,user_attrs_max_error_samperror_val,user_attrs_max_error_std_val,user_attrs_max_error_t_critical_val,user_attrs_median_ae_ci_lower_val,user_attrs_median_ae_ci_upper_val,user_attrs_median_ae_df_val,user_attrs_median_ae_mean_val,user_attrs_median_ae_samperror_val,user_attrs_median_ae_std_val,user_attrs_median_ae_t_critical_val,user_attrs_n_splits_val,user_attrs_r2_below_zero_val,user_attrs_r2_ci_lower_val,user_attrs_r2_ci_upper_val,user_attrs_r2_df_val,user_attrs_r2_mean_val,user_attrs_r2_samperror_val,user_attrs_r2_std_val,user_attrs_r2_t_critical_val,user_attrs_regressor_final,user_attrs_rfe_estimator,user_attrs_rfe_n_features,user_attrs_rfe_selected_features,user_attrs_rho_ci_lower_val,user_attrs_rho_ci_upper_val,user_attrs_rho_df_val,user_attrs_rho_mean_val,user_attrs_rho_samperror_val,user_attrs_rho_std_val,user_attrs_rho_t_critical_val,user_attrs_rmse_ci_lower_val,user_attrs_rmse_ci_upper_val,user_attrs_rmse_df_val,user_attrs_rmse_mean_val,user_attrs_rmse_samperror_val,user_attrs_rmse_std_val,user_attrs_rmse_t_critical_val,user_attrs_termination_reason,user_attrs_use_scaler_final,state
41,1.736394373062172,2026-06-12 13:47:28.133109,2026-06-12 13:48:07.823033,0 days 00:00:39.689924,,,,,,,,,,,,,,,RandomForestRegressor,2.0,sqrt,2.0,12.0,496.0,4,,,,,,,,True,,,,,,,,,-0.010616775464542415,0.007145585488047645,98.0,-0.0017355949882473854,0.00888118047629503,0.0445291404528417,1.9844674545084815,1.7113073680332969,1.7614813780910472,98.0,1.736394373062172,0.025087005028875068,0.12578314036671245,1.9844674545084815,0.26143042320599813,0.2815836025199268,98.0,0.27150701286296247,0.010076589656964324,0.05052277423235089,1.9844674545084815,5.579068891474736,5.881218093605505,98.0,5.730143492540121,0.1510746010653848,0.7574693643095461,1.9844674545084815,1.4219199675324188,1.4788942701968428,98.0,1.4504071188646308,0.028487151332211975,0.1428310533897188,1.9844674545084815,99.0,0.2727272727272727,0.016138772384892856,0.04752651618832198,98.0,0.03183264428660742,0.015693871901714562,0.07868713264251635,1.9844674545084815,RandomForestRegressor,"{'mode': 'original', 'type': 'RandomForestRegressor'}",4,"['re_T6W50', 'pe_T6W50', 'l3_T6W50', 'atd_T6W50']",0.17120102632982387,0.22409125598368296,98.0,0.1976461411567534,0.02644511482692956,0.13259253491841258,1.9844674545084815,2.16793665481762,2.241840283420269,98.0,2.2048884691189445,0.036951814301324236,0.18527182657788058,1.9844674545084815,completed,True,COMPLETE
42,1.7375924054441398,2026-06-12 13:48:07.835315,2026-06-12 13:48:43.254824,0 days 00:00:35.419509,,,,,,,,,,,,,,,RandomForestRegressor,2.0,sqrt,2.0,12.0,443.0,5,,,,,,,,True,,,,,,,,,-0.010733423064137201,0.006174070659801901,98.0,-0.00227967620216765,0.008453746861969551,0.042386041177090335,1.9844674545084815,1.7121939192365365,1.7629908916517432,98.0,1.7375924054441398,0.02539848620760342,0.12734486847178048,1.9844674545084815,0.2618029669895393,0.2821154622701191,98.0,0.2719592146298292,0.010156247640289886,0.05092216950836872,1.9844674545084815,5.5803673911896325,5.884555638464388,98.0,5.73246151482701,0.15209412363737745,0.7625811243874184,1.9844674545084815,1.4206086553549098,1.471830663226138,98.0,1.4462196592905239,0.025611003935614093,0.128410406075094,1.9844674545084815,99.0,0.23232323232323232,0.017382883555027463,0.045998790211533684,98.0,0.031690836883280574,0.014307953328253112,0.07173830833041184,1.9844674545084815,RandomForestRegressor,"{'mode': 'original', 'type': 'RandomForestRegressor'}",5,"['re_T6W50', 'pe_T6W50', 'l2_T6W50', 'l3_T6W50', 'atd_T6W50']",0.17120552462981897,0.22461775684945207,98.0,0.19791164073963552,0.026706116109816536,0.13390116306926111,1.9844674545084815,2.168476840812353,2.2429855909726815,98.0,2.2057312158925173,0.037254375080164284,0.18678882890121476,1.9844674545084815,completed,True,COMPLETE
43,1.7634689393267353,2026-06-12 13:48:43.267529,2026-06-12 13:49:21.730627,0 days 00:00:38.463098,,,,,,,,,,,,,,,RandomForestRegressor,4.0,,2.0,11.0,453.0,3,,,,,,,,True,,,,,,,,,-0.029410728111801017,-0.0063780786295195915,98.0,-0.017894403370660304,0.011516324741140713,0.05774142787296683,1.9844674545084815,1.7377085377024235,1.7892293409510471,98.0,1.7634689393267353,0.02576040162431173,0.12915946760819802,1.9844674545084815,0.2645814710032196,0.284666437995024,98.0,0.2746239544991218,0.010042483495902173,0.05035177015915393,1.9844674545084815,5.624763735394094,5.994072105554968,98.0,5.809417920474531,0.18465418508043763,0.9258332453212367,1.9844674545084815,1.454914305874667,1.5132512102865707,98.0,1.4840827580806188,0.029168452205951906,0.1462470117049883,1.9844674545084815,99.0,0.42424242424242425,-0.012814230416630596,0.03059480406258784,98.0,0.008890286822978622,0.021704517239609217,0.10882376494919194,1.9844674545084815,RandomForestRegressor,"{'mode': 'original', 'type': 'RandomForestRegressor'}",3,"['re_T6W50', 'pe_T6W50', 'l3_T6W50']",0.14836987359372986,0.19751738389619464,98.0,0.17294362874496225,0.0245737551512324,0.12320976896074275,1.9844674545084815,2.190129930481495,2.2670143706718484,98.0,2.228572150576672,0.03844222009517644,0.19274453688968138,1.9844674545084815,completed,True,COMPLETE
44,1.7490493166963754,2026-06-12 13:49:21.743787,2026-06-12 13:49:23.657054,0 days 00:00:01.913267,,,,,,,,,,,manhattan,20.0,uniform,,KNeighborsRegressor,,,,,,5,,,,,8.711610849588748,0.0021871782261369895,LinearSVR,,,,,,,,,,-0.016453591124769927,-0.0006340983954003648,98.0,-0.008543844760085146,0.007909746364684781,0.039658489967578744,1.9844674545084815,1.72229108880188,1.7758075445908708,98.0,1.7490493166963754,0.026758227894495314,0.13416244511227368,1.9844674545084815,0.26746793300828237,0.288709552992436,98.0,0.2780887430003592,0.010620809992076822,0.053251427681540404,1.9844674545084815,5.677794360190923,5.945437963041403,98.0,5.811616161616163,0.1338218014252398,0.6709659608001463,1.9844674545084815,1.38384429124637,1.4474688400667612,98.0,1.4156565656565656,0.031812274410195636,0.1595028092399375,1.9844674545084815,99.0,0.3838383838383838,-0.00687429852622793,0.020503380335060266,98.0,0.006814540904416168,0.013688839430644098,0.06863414782196117,1.9844674545084815,KNeighborsRegressor,"{'mode': 'proxy', 'type': 'LinearSVR'}",5,"['re_T6W50', 'pe_T6W50', 'l2_T6W50', 'lsc_T6W50', 'asp_T6W50']",0.12331588564931624,0.17329519350206873,98.0,0.14830553957569248,0.024989653926376244,0.12529503397950642,1.9844674545084815,2.1952867887512135,2.2745178947282896,98.0,2.2349023417397516,0.03961555298853819,0.19862748289510254,1.9844674545084815,completed,True,COMPLETE
45,1.7421683163986694,2026-06-12 13:49:23.669880,2026-06-12 13:49:25.307869,0 days 00:00:01.637989,,,,0.02850577913416043,0.9928047889521894,,,,,,,,,,ElasticNet,,,,,,4,,,,,,,,True,,,,,,,,,-0.01360175319452249,0.003830916821452787,98.0,-0.004885418186534852,0.008716335007987639,0.04370262566340951,1.9844674545084815,1.7162929463856977,1.7680436864116411,98.0,1.7421683163986694,0.025875370012971678,0.12973590488924866,1.9844674545084815,0.26341791130800685,0.28416778557373357,98.0,0.2737928484408702,0.010374937132863376,0.05201865157585488,1.9844674545084815,5.711098994261762,6.039128020061434,98.0,5.875113507161598,0.16401451289983668,0.8223484817941703,1.9844674545084815,1.4170276059795632,1.4678234142279785,98.0,1.4424255101037708,0.02539790412420758,0.12734194997762785,1.9844674545084815,99.0,0.3434343434343434,0.008132349064372137,0.0359395221125248,98.0,0.022035935588448467,0.01390358652407633,0.0697108631877627,1.9844674545084815,ElasticNet,"{'mode': 'original', 'type': 'ElasticNet'}",4,"['pe_T6W50', 'l2_T6W50', 'l3_T6W50', 'lsc_T6W50']",0.15040419861610888,0.2053244573193611,98.0,0.177864327967735,0.02746012935162612,0.13768169220471319,1.9844674545084815,2.1783604269780654,2.257025494942709,98.0,2.2176929609603873,0.03933253398232179,0.19720846060270894,1.9844674545084815,completed,True,COMPLETE
46,1.7315941697276551,2026-06-12 13:49:25.320564,2026-06-12 13:49:51.652986,0 days 00:00:26.332422,,,,,,,,,,,,,,,RandomForestRegressor,2.0,sqrt,1.0,11.0,322.0,2,,,,,,,,False,,,,,,,,,-0.007044054312616297,0.009288239226710815,98.0,0.0011220924570472597,0.008166146769663556,0.04094404988564814,1.9844674545084815,1.7066461267091766,1.7565422127461336,98.0,1.7315941697276551,0.024948043018478458,0.1250864020338888,1.9844674545084815,0.2596609189694011,0.27962689600280505,98.0,0.26964390748610306,0.009982988516702,0.050053469691990295,1.9844674545084815,5.5359608205860384,5.825608338374683,98.0,5.680784579480361,0.14482375889432245,0.7261284147897478,1.9844674545084815,1.4197722746463985,1.4632306628101301,98.0,1.4415014687282643,0.02172919408186583,0.10894749158414889,1.9844674545084815,99.0,0.2222222222222222,0.02929024250461162,0.057462977842522064,98.0,0.043376610173566844,0.014086367668955223,0.07062730524117752,1.9844674545084815,RandomForestRegressor,"{'mode': 'original', 'type': 'RandomForestRegressor'}",2,"['re_T6W50', 'pe_T6W50']",0.15330891404318994,0.20805463024935458,98.0,0.18068177214627226,0.027372858103082313,0.1372441249585262,1.9844674545084815,2.1553137969419054,2.2291532049179303,98.0,2.192233500929918,0.03691970398801265,0.18511082943845156,1.9844674545084815,completed,False,COMPLETE
47,2.0533954547026445,2026-06-12 13:49:51.665855,2026-06-12 13:49:53.333586,0 days 00:00:01.667731,20.0,5.0,3.0,,,,,,,,,,,,DecisionTreeRegressor,,,,,,2,,,,,,,,False,,,,,,,,,-0.20913873546982525,-0.16372317096964767,98.0,-0.18643095321973646,0.022707782250088786,0.11385401162442936,1.9844674545084815,2.0136200922196528,2.0931708171856362,98.0,2.0533954547026445,0.039775362482991544,0.19942874793449739,1.9844674545084815,0.29955233378167095,0.3187323492257647,98.0,0.30914234150371783,0.0095900077220469,0.0480831125928216,1.9844674545084815,6.46852529252175,6.817076759746969,98.0,6.642801026134359,0.17427573361260937,0.8737969733045331,1.9844674545084815,1.6188582621605077,1.7270692671003547,98.0,1.6729637646304312,0.05410550246992345,0.27127829742740156,1.9844674545084815,99.0,0.9494949494949495,-0.4128366862523625,-0.3170354547626082,98.0,-0.36493607050748533,0.047900615744877154,0.24016776282999822,1.9844674545084815,DecisionTreeRegressor,"{'mode': 'original', 'type': 'DecisionTreeRegressor'}",2,"['re_T6W50', 'l2_T6W50']",0.037824486171963316,0.09631232275735402,98.0,0.06706840446465867,0.029243918292695355,0.14662538933001176,1.9844674545084815,2.5585459115700315,2.644693027570648,98.0,2.60161946957034,0.043073558000308224,0.21596549232602621,1.9844674545084815,completed,False,COMPLETE
48,1.7356946229893995,2026-06-12 13:49:53.346281,2026-06-12 13:50:18.093470,0 days 00:00:24.747189,,,,,,19.0,log2,3.0,12.0,477.0,,,,,ExtraTreesRegressor,,,,,,2,,,,,,,,False,,,,,,,,,-0.0061744054305829825,0.0043931628266127955,98.0,-0.0008906213019850935,0.005283784128597889,0.026492240103984932,1.9844674545084815,1.7113395083562704,1.7600497376225286,98.0,1.7356946229893995,0.0243551146331292,0.12211353244519328,1.9844674545084815,0.2620117080060048,0.28259690142039584,98.0,0.27230430471320033,0.01029259670719553,0.051605806865706635,1.9844674545084815,5.649997982725473,5.959311078749579,98.0,5.804654530737526,0.15465654801205309,0.7754288032724799,1.9844674545084815,1.3862510283459881,1.4344635366060683,98.0,1.4103572824760282,0.024106254130040153,0.12086577666263769,1.9844674545084815,99.0,0.20202020202020202,0.01864782645121665,0.03539361545242871,98.0,0.027020720951822678,0.008372894500606028,0.041980657437314994,1.9844674545084815,ExtraTreesRegressor,"{'mode': 'original', 'type': 'ExtraTreesRegressor'}",2,"['re_T6W50', 'l3_T6W50']",0.14118200214389365,0.19305805084204697,98.0,0.1671200264929703,0.02593802434907666,0.13005004598117278,1.9844674545084815,2.1754121676767717,2.250415568199376,98.0,2.2129138679380738,0.037501700261302014,0.18802888676940038,1.9844674545084815,completed,False,COMPLETE
49,1.768788027061843,2026-06-12 13:50:18.106454,2026-06-12 13:50:19.821134,0 days 00:00:01.714680,,,,,,,,,,,,,,,LinearRegression,,,,,,3,,,,,,,,False,,,,,,,,,-0.026822430913154276,-0.013292090814422855,98.0,-0.020057260863788565,0.006765170049365711,0.03391972588774993,1.9844674545084815,1.7434841967776924,1.7940918573459936,98.0,1.768788027061843,0.025303830284150716,0.1268702753789626,1.9844674545084815,0.26816008979193484,0.28958390340269324,98.0,0.27887199659731404,0.010711906805379184,0.05370817583626763,1.9844674545084815,5.870568469933933,6.211902461291703,98.0,6.041235465612818,0.17066699567888466,0.8557032076461009,1.9844674545084815,1.3784908051512286,1.4378548073999045,98.0,1.4081728062755665,0.029682001124338053,0.14882188246425943,1.9844674545084815,99.0,0.6161616161616161,-0.040699341238926136,-0.014106436429242917,98.0,-0.027402888834084527,0.01329645240484161,0.06666676780638009,1.9844674545084815,LinearRegression,"{'mode': 'original', 'type': 'LinearRegression'}",3,"['atd_T6W50', 'density_T6W50', 'asp_T6W50']",0.06247044101857579,0.1132537324904537,98.0,0.08786208675451475,0.02539164573593896,0.12731057119290823,1.9844674545084815,2.2341658088394243,2.311452784913507,98.0,2.2728092968764657,0.03864348803704125,0.1937536694566722,1.9844674545084815,completed,False,COMPLETE
50,1.7617554040685885,2026-06-12 13:50:19.833277,2026-06-12 13:50:50.218202,0 days 00:00:30.384925,,,,,,,,,,,,,,,RandomForestRegressor,9.0,sqrt,1.0,8.0,342.0,6,,,,,,,,False,,,,,,,,,-0.029288235384188455,-0.0045435452525184414,98.0,-0.016915890318353447,0.012372345065835006,0.062033407905411904,1.9844674545084815,1.7349027378879616,1.7886080702492155,98.0,1.7617554040685885,0.026852666180627035,0.1346359469984823,1.9844674545084815,0.26263815488431785,0.28220100436129225,98.0,0.27241957962280505,0.009781424738487181,0.04904285383813058,1.9844674545084815,5.524671950479063,5.803621041676567,98.0,5.664146496077815,0.13947454559875203,0.6993081209350696,1.9844674545084815,1.4074154573166469,1.4774844311352122,98.0,1.4424499442259295,0.03503448690928269,0.17565858417590702,1.9844674545084815,99.0,0.42424242424242425,-0.01651070710950495,0.028614768538889144,98.0,0.006052030714692096,0.022562737824197047,0.11312677681260741,1.9844674545084815,RandomForestRegressor,"{'mode': 'original', 'type': 'RandomForestRegressor'}",6,"['nodes_T6W50', 're_T6W50', 'pe_T6W50', 'l2_T6W50', 'l3_T6W50', 'lsc_T6W50']",0.17146147837380674,0.22235658366710429,98.0,0.1969090310204555,0.02544755264664878,0.12759088152844605,1.9844674545084815,2.1936390897955125,2.2679683124666603,98.0,2.2308037011310864,0.037164611335573784,0.18633876458813023,1.9844674545084815,completed,False,COMPLETE
51,1.7256659900109672,2026-06-12 13:50:50.233265,2026-06-12 13:51:11.725660,0 days 00:00:21.492395,,,,,,,,,,,,,,,RandomForestRegressor,2.0,sqrt,2.0,11.0,260.0,3,,,,,,,,False,,,,,,,,,-0.0030757093478452286,0.012270568530190464,98.0,0.004597429591172617,0.007673138939017846,0.03847216959971436,1.9844674545084815,1.7010567700371593,1.7502752099847751,98.0,1.7256659900109672,0.024609219973807935,0.12338758519472383,1.9844674545084815,0.260107362150095,0.2802909881473846,98.0,0.2701991751487398,0.01009181299864483,0.050599102184661085,1.9844674545084815,5.563960319779458,5.88028569888402,98.0,5.722123009331739,0.15816268955228122,0.7930081633033991,1.9844674545084815,1.4089655478881309,1.4597704662533426,98.0,1.4343680070707368,0.025402459182605964,0.12736478847705188,1.9844674545084815,99.0,0.1717171717171717,0.032575189827644326,0.05846602285412352,98.0,0.04552060634088392,0.012945416513239598,0.06490671726322803,1.9844674545084815,RandomForestRegressor,"{'mode': 'original', 'type': 'RandomForestRegressor'}",3,"['re_T6W50', 'pe_T6W50', 'l3_T6W50']",0.181011805779273,0.23615203477918545,98.0,0.20858192027922923,0.027570114499956236,0.13823314413509458,1.9844674545084815,2.1533014972852125,2.227304745952694,98.0,2.1903031216189532,0.03700162433374072,0.18552156791973867,1.9844674545084815,completed,False,COMPLETE
52,1.7338170902208214,2026-06-12 13:51:11.739086,2026-06-12 13:51:32.672724,0 days 00:00:20.933638,,,,,,,,,,,,,,,RandomForestRegressor,4.0,sqrt,1.0,11.0,247.0,3,,,,,,,,False,,,,,,,,,-0.010939862557820054,0.009761671058707665,98.0,-0.0005890957495561951,0.01035076680826386,0.05189746455778275,1.9844674545084815,1.7087474264860865,1.7588867539555564,98.0,1.7338170902208214,0.025069663734734935,0.12569619326272544,1.9844674545084815,0.25987099874027036,0.2796889603158114,98.0,0.2697799795280409,0.009908980787770506,0.0496824040926612,1.9844674545084815,5.551011100304993,5.87959816380967,98.0,5.7153046320573315,0.16429353175233877,0.8237474478105933,1.9844674545084815,1.4349920064521011,1.4901563350589162,98.0,1.4625741707555087,0.027582164303407482,0.1382935603592375,1.9844674545084815,99.0,0.23232323232323232,0.025837154073970383,0.061704827326199516,98.0,0.04377099070008495,0.017933836626114568,0.08991803872402736,1.9844674545084815,RandomForestRegressor,"{'mode': 'original', 'type': 'RandomForestRegressor'}",3,"['re_T6W50', 'pe_T6W50', 'l3_T6W50']",0.1713293404741819,0.22581631537018826,98.0,0.19857282792218509,0.027243487448003163,0.13659547649497208,1.9844674545084815,2.1531738943112764,2.2272720204041034,98.0,2.19022295735769,0.037049063046413686,0.18575941975769591,1.9844674545084815,completed,False,COMPLETE
53,1.7339274788860097,2026-06-12 13:51:32.696822,2026-06-12 13:51:52.622352,0 days 00:00:19.925530,,,,,,,,,,,,,,,RandomForestRegressor,4.0,sqrt,1.0,11.0,234.0,3,,,,,,,,False,,,,,,,,,-0.010962561509794825,0.009681212528222074,98.0,-0.0006406744907863766,0.01032188701900845,0.05175266486640894,1.9844674545084815,1.7088381515940962,1.7590168061779232,98.0,1.7339274788860097,0.02508932729191359,0.12579478390636203,1.9844674545084815,0.2598532856976611,0.27969242230779745,98.0,0.26977285400272927,0.009919568305068205,0.04973548859489088,1.9844674545084815,5.550522858465735,5.878465664229214,98.0,5.7144942613474745,0.1639714028817395,0.8221323334954281,1.9844674545084815,1.4353950905888972,1.4894331883514502,98.0,1.4624141394701737,0.02701904888127643,0.13547016928074707,1.9844674545084815,99.0,0.23232323232323232,0.025935621105339885,0.06178034172681533,98.0,0.04385798141607761,0.017922360310737722,0.08986049789815848,1.9844674545084815,RandomForestRegressor,"{'mode': 'original', 'type': 'RandomForestRegressor'}",3,"['re_T6W50', 'pe_T6W50', 'l3_T6W50']",0.1707016393056723,0.2251217377793446,98.0,0.19791168854250846,0.02721004923683615,0.13642782143993498,1.9844674545084815,2.1530532645448885,2.2272434114686184,98.0,2.1901483380067535,0.03709507346186486,0.18599011029003984,1.9844674545084815,completed,False,COMPLETE
54,1.7363515647687355,2026-06-12 13:51:52.635424,2026-06-12 13:52:12.962556,0 days 00:00:20.327132,,,,,,,,,,,,,,,RandomForestRegressor,3.0,sqrt,1.0,11.0,238.0,2,,,,,,,,False,,,,,,,,,-0.01146761787088707,0.0076415508319848564,98.0,-0.0019130335194511067,0.009554584351435963,0.04790550419386409,1.9844674545084815,1.711358347868237,1.761344781669234,98.0,1.7363515647687355,0.0249932169004986,0.1253128982910749,1.9844674545084815,0.25947931177983746,0.2789733229457904,98.0,0.26922631736281394,0.009747005582976483,0.04887028044948085,1.9844674545084815,5.546345600516338,5.833602414998811,98.0,5.6899740077575744,0.14362840724123657,0.7201350694464267,1.9844674545084815,1.4301826065711198,1.480610584050897,98.0,1.4553965953110084,0.025213988739888536,0.1264198209879468,1.9844674545084815,99.0,0.26262626262626265,0.021964337164249472,0.05578841598825189,98.0,0.03887637657625068,0.01691203941200121,0.08479487387189757,1.9844674545084815,RandomForestRegressor,"{'mode': 'original', 'type': 'RandomForestRegressor'}",2,"['re_T6W50', 'pe_T6W50']",0.1472607793366737,0.2026905733783218,98.0,0.17497567635749775,0.027714897020824053,0.13895906578751988,1.9844674545084815,2.1593603948275373,2.232836397280896,98.0,2.1960983960542166,0.03673800122667943,0.1841997942667565,1.9844674545084815,completed,False,COMPLETE
