number,value,datetime_start,datetime_complete,duration,params_dt_max_depth,params_dt_min_samples_leaf,params_dt_min_samples_split,params_elastic_alpha,params_elastic_l1_ratio,params_et_max_depth,params_et_max_features,params_et_min_samples_leaf,params_et_min_samples_split,params_et_n_estimators,params_knn_metric,params_knn_n_neighbors,params_knn_weights,params_quantile_alpha,params_regressor,params_rf_max_depth,params_rf_max_features,params_rf_min_samples_leaf,params_rf_min_samples_split,params_rf_n_estimators,params_rfe_n_features,params_rfe_proxy_et_max_depth,params_rfe_proxy_et_min_samples_leaf,params_rfe_proxy_et_min_samples_split,params_rfe_proxy_et_n_estimators,params_rfe_proxy_lsvr_C,params_rfe_proxy_lsvr_epsilon,params_rfe_proxy_type,params_use_scaler,params_xgb_booster,params_xgb_colsample_bytree,params_xgb_learning_rate,params_xgb_max_depth,params_xgb_n_estimators,params_xgb_reg_alpha,params_xgb_reg_lambda,params_xgb_subsample,user_attrs_d2mae_ci_lower_val,user_attrs_d2mae_ci_upper_val,user_attrs_d2mae_df_val,user_attrs_d2mae_mean_val,user_attrs_d2mae_samperror_val,user_attrs_d2mae_std_val,user_attrs_d2mae_t_critical_val,user_attrs_mae_ci_lower_val,user_attrs_mae_ci_upper_val,user_attrs_mae_df_val,user_attrs_mae_mean_val,user_attrs_mae_samperror_val,user_attrs_mae_std_val,user_attrs_mae_t_critical_val,user_attrs_mape_ci_lower_val,user_attrs_mape_ci_upper_val,user_attrs_mape_df_val,user_attrs_mape_mean_val,user_attrs_mape_samperror_val,user_attrs_mape_std_val,user_attrs_mape_t_critical_val,user_attrs_max_error_ci_lower_val,user_attrs_max_error_ci_upper_val,user_attrs_max_error_df_val,user_attrs_max_error_mean_val,user_attrs_max_error_samperror_val,user_attrs_max_error_std_val,user_attrs_max_error_t_critical_val,user_attrs_median_ae_ci_lower_val,user_attrs_median_ae_ci_upper_val,user_attrs_median_ae_df_val,user_attrs_median_ae_mean_val,user_attrs_median_ae_samperror_val,user_attrs_median_ae_std_val,user_attrs_median_ae_t_critical_val,user_attrs_n_splits_val,user_attrs_r2_below_zero_val,user_attrs_r2_ci_lower_val,user_attrs_r2_ci_upper_val,user_attrs_r2_df_val,user_attrs_r2_mean_val,user_attrs_r2_samperror_val,user_attrs_r2_std_val,user_attrs_r2_t_critical_val,user_attrs_regressor_final,user_attrs_rfe_estimator,user_attrs_rfe_n_features,user_attrs_rfe_selected_features,user_attrs_rho_ci_lower_val,user_attrs_rho_ci_upper_val,user_attrs_rho_df_val,user_attrs_rho_mean_val,user_attrs_rho_samperror_val,user_attrs_rho_std_val,user_attrs_rho_t_critical_val,user_attrs_rmse_ci_lower_val,user_attrs_rmse_ci_upper_val,user_attrs_rmse_df_val,user_attrs_rmse_mean_val,user_attrs_rmse_samperror_val,user_attrs_rmse_std_val,user_attrs_rmse_t_critical_val,user_attrs_termination_reason,user_attrs_use_scaler_final,state
171,1.7322197407159412,2026-06-12 14:07:38.008023,2026-06-12 14:07:40.660000,0 days 00:00:02.651977,,,,,,,,,,,,,,,XGBRegressor,,,,,,2,,,,,,,,False,gblinear,0.7191213338898834,0.012448195941147246,8.0,337.0,0.00011495223602970943,6.312113720045922e-06,0.854561282015837,-0.002847039321558064,0.005467921239631798,98.0,0.001310440959036867,0.004157480280594931,0.020845091915276764,1.9844674545084815,1.7075510225907113,1.756888458841171,98.0,1.7322197407159412,0.024668718125229798,0.12368590156701466,1.9844674545084815,0.260724482833796,0.2816608315233643,98.0,0.27119265717858015,0.010468174344784156,0.0524861314245229,1.9844674545084815,5.682010962006793,5.989552793375398,98.0,5.835781877691096,0.15377091568430212,0.7709883523192242,1.9844674545084815,1.2987252171457369,1.34863027672732,98.0,1.3236777469365284,0.024952529790791544,0.125108898155327,1.9844674545084815,99.0,0.1919191919191919,0.01602866146096634,0.028229917336608533,98.0,0.022129289398787437,0.006100627937821097,0.03058779393334573,1.9844674545084815,XGBRegressor,"{'mode': 'original', 'type': 'XGBRegressor'}",2,"['l3_T6W50', 'density_T6W50']",0.17558641757162258,0.22967214728646063,98.0,0.2026292824290416,0.027042864857419014,0.1355895796394832,1.9844674545084815,2.1806458232314188,2.2581701921724666,98.0,2.2194080077019427,0.038762184470523965,0.19434879869336666,1.9844674545084815,completed,False,COMPLETE
172,1.747650949807185,2026-06-12 14:07:40.673091,2026-06-12 14:07:43.452467,0 days 00:00:02.779376,,,,,,,,,,,,,,,XGBRegressor,,,,,,2,,,,,,,,False,gblinear,0.725017191864706,0.014213174247468938,8.0,362.0,0.00048571115181652696,4.333782688137705e-06,0.8537177496276075,-0.009434239220107402,-0.005308799722252171,98.0,-0.007371519471179786,0.002062719748927615,0.010342221696767698,1.9844674545084815,1.7223769732609437,1.7729249263534264,98.0,1.747650949807185,0.0252739765462414,0.12672059242949946,1.9844674545084815,0.26474609532194415,0.2861490639136729,98.0,0.2754475796178085,0.010701484295864351,0.05365591866265249,1.9844674545084815,5.745529331400434,6.0536904743844655,98.0,5.89960990289245,0.1540805714920159,0.7725409282397934,1.9844674545084815,1.191561979378914,1.2640966057552645,98.0,1.2278292925670893,0.036267313188175145,0.18183982265803028,1.9844674545084815,99.0,0.41414141414141414,-0.005588948594402183,0.000748238627573625,98.0,-0.002420354983414279,0.003168593610987904,0.01588693646281106,1.9844674545084815,XGBRegressor,"{'mode': 'original', 'type': 'XGBRegressor'}",2,"['pe_T6W50', 'l2_T6W50']",0.039184511537493666,0.09523684858851639,98.0,0.06721068006300503,0.02802616852551136,0.14051974261287933,1.9844674545084815,2.2079427946858123,2.2872237296770734,98.0,2.247583262181443,0.03964046749563059,0.19875240115215095,1.9844674545084815,completed,False,COMPLETE
173,1.748470040825859,2026-06-12 14:07:43.465402,2026-06-12 14:07:46.227687,0 days 00:00:02.762285,,,,,,,,,,,,,,,XGBRegressor,,,,,,2,,,,,,,,False,gblinear,0.7166397278617699,0.01803180554852675,9.0,339.0,0.0001426915588074694,6.230702109204765e-06,0.8262780731350616,-0.010148361018146238,-0.0055725496560496465,98.0,-0.007860455337097942,0.002287905681048296,0.01147127610864122,1.9844674545084815,1.7232139575497618,1.7737261241019564,98.0,1.748470040825859,0.025256083276097317,0.12663087778609894,1.9844674545084815,0.2649641295150224,0.28635210522911264,98.0,0.2756581173720675,0.010693987857045124,0.05361833244559853,1.9844674545084815,5.747009239625707,6.054147286034335,98.0,5.900578262830021,0.1535690232043137,0.7699760883953266,1.9844674545084815,1.202086505115518,1.273016410792833,98.0,1.2375514579541755,0.03546495283865737,0.17781688710426782,1.9844674545084815,99.0,0.40404040404040403,-0.005451506633196568,0.001435700955477993,98.0,-0.0020079028388592874,0.0034436037943372804,0.017265803507908517,1.9844674545084815,XGBRegressor,"{'mode': 'original', 'type': 'XGBRegressor'}",2,"['pe_T6W50', 'l2_T6W50']",0.04086313380955249,0.09697933815694022,98.0,0.06892123598324636,0.028058102173693863,0.1406798539752017,1.9844674545084815,2.2074755341541223,2.2867004710357044,98.0,2.2470880025949134,0.03961246844079084,0.19861201735420494,1.9844674545084815,completed,False,COMPLETE
174,1.7322157557399276,2026-06-12 14:07:46.264628,2026-06-12 14:07:49.373486,0 days 00:00:03.108858,,,,,,,,,,,,,,,XGBRegressor,,,,,,2,,,,,,,,False,gblinear,0.689049803575536,0.012032239857675507,8.0,387.0,0.0002593012410480639,1.5301593927090725e-06,0.8603843303651443,-0.00316804381177119,0.0057378390299140545,98.0,0.0012848976090714323,0.004452941420842622,0.02232649752881687,1.9844674545084815,1.7075459007146596,1.7568856107651956,98.0,1.7322157557399276,0.024669855025267966,0.12369160184319028,1.9844674545084815,0.26075463790878495,0.2816639695474197,98.0,0.2712093037281023,0.010454665819317376,0.05241840134861389,1.9844674545084815,5.679332241680744,5.986572959393105,98.0,5.832952600536925,0.15362035885618006,0.7702334790044125,1.9844674545084815,1.3123795909967533,1.361384897917043,98.0,1.3368822444568982,0.02450265346014502,0.12285327387573515,1.9844674545084815,99.0,0.1919191919191919,0.016612454109289923,0.029669526541988935,98.0,0.02314099032563943,0.006528536216349505,0.03273327311670246,1.9844674545084815,XGBRegressor,"{'mode': 'original', 'type': 'XGBRegressor'}",2,"['l3_T6W50', 'density_T6W50']",0.1756367687686391,0.229678206236811,98.0,0.20265748750272505,0.027020718734085958,0.13547854171620083,1.9844674545084815,2.179469446836827,2.2568808047102946,98.0,2.218175125773561,0.038705678936733934,0.19406548693574446,1.9844674545084815,completed,False,COMPLETE
175,1.7322016427200084,2026-06-12 14:07:49.386590,2026-06-12 14:07:52.163666,0 days 00:00:02.777076,,,,,,,,,,,,,,,XGBRegressor,,,,,,2,,,,,,,,False,gblinear,0.6911709672920262,0.012984607151768001,8.0,383.0,3.0495233636869527e-05,2.814099584018645e-07,0.8933849129859203,-0.0033908648973916293,0.005936852997442967,98.0,0.0012729940500256687,0.004663858947417298,0.023384011920048763,1.9844674545084815,1.7075247731357979,1.756878512304219,98.0,1.7322016427200084,0.024676869584210573,0.12372677197414346,1.9844674545084815,0.2608171285273979,0.28171102291830097,98.0,0.27126407572284944,0.010446947195451506,0.052379701123216674,1.9844674545084815,5.677191274267388,5.98422138866257,98.0,5.830706331464979,0.1535150571975915,0.7697055095123251,1.9844674545084815,1.3213433547783846,1.3692543624297069,98.0,1.3452988586040457,0.023955503825661178,0.12010993328180365,1.9844674545084815,99.0,0.1919191919191919,0.017052154987180226,0.030731142540114074,98.0,0.02389164876364715,0.006839493776466923,0.03429237586281824,1.9844674545084815,XGBRegressor,"{'mode': 'original', 'type': 'XGBRegressor'}",2,"['l3_T6W50', 'density_T6W50']",0.17530270188580097,0.2293869576893197,98.0,0.20234482978756033,0.027042127901759368,0.13558588463495497,1.9844674545084815,2.1785890905158825,2.255934452064051,98.0,2.2172617712899667,0.038672680774084284,0.19390003822954668,1.9844674545084815,completed,False,COMPLETE
176,1.7307734088273938,2026-06-12 14:07:52.176656,2026-06-12 14:08:10.553586,0 days 00:00:18.376930,,,,,,,,,,,,,,,RandomForestRegressor,2.0,sqrt,1.0,7.0,213.0,2,,,,,,,,False,,,,,,,,,-0.006553528541577007,0.009791366565248363,98.0,0.0016189190118356782,0.008172447553412685,0.04097564123606342,1.9844674545084815,1.7057159586884234,1.7558308589663643,98.0,1.7307734088273938,0.02505745013897039,0.12563495580418202,1.9844674545084815,0.25951820036267914,0.27949063594428103,98.0,0.2695044181534801,0.009986217790800937,0.05006966087291451,1.9844674545084815,5.5324121082330855,5.824049763932132,98.0,5.678230936082609,0.14581882784952355,0.7311175674575354,1.9844674545084815,1.4174120482113408,1.4631255096107108,98.0,1.4402687789110258,0.022856730699685062,0.1146008207282426,1.9844674545084815,99.0,0.23232323232323232,0.030312616241507957,0.058405885326683546,98.0,0.04435925078409575,0.014046634542587793,0.07042808825990254,1.9844674545084815,RandomForestRegressor,"{'mode': 'original', 'type': 'RandomForestRegressor'}",2,"['re_T6W50', 'pe_T6W50']",0.1529143871471649,0.20729847896507494,98.0,0.18010643305611992,0.027192045908955013,0.1363375549806532,1.9844674545084815,2.1541277543002977,2.228206254557082,98.0,2.19116700442869,0.03703925012839219,0.18571021900043197,1.9844674545084815,completed,False,COMPLETE
177,1.7306239277033875,2026-06-12 14:08:10.566383,2026-06-12 14:08:29.763193,0 days 00:00:19.196810,,,,,,,,,,,,,,,RandomForestRegressor,2.0,sqrt,1.0,6.0,224.0,2,,,,,,,,True,,,,,,,,,-0.006460517958195814,0.009864099563360368,98.0,0.0017017908025822772,0.008162308760778092,0.040924806583794715,1.9844674545084815,1.7055939351080547,1.7556539202987202,98.0,1.7306239277033875,0.02502999259533268,0.12549728707642707,1.9844674545084815,0.2595062145821828,0.27947557212884144,98.0,0.26949089335551213,0.009984678773329302,0.05006194442966276,1.9844674545084815,5.534822710053471,5.826418675136405,98.0,5.680620692594938,0.1457979825414665,0.7310130516611577,1.9844674545084815,1.4191697703954578,1.464322590056701,98.0,1.4417461802260794,0.022576409830621605,0.11319532656181883,1.9844674545084815,99.0,0.23232323232323232,0.030505783855956158,0.058637889003598787,98.0,0.044571836429777474,0.014066052573821316,0.07052544786681776,1.9844674545084815,RandomForestRegressor,"{'mode': 'original', 'type': 'RandomForestRegressor'}",2,"['re_T6W50', 'pe_T6W50']",0.1533493620643663,0.20760735016554924,98.0,0.18047835611495777,0.027128994050591472,0.13602142076129162,1.9844674545084815,2.1538851142722417,2.2279276377738246,98.0,2.190906376023033,0.03702126175079132,0.18562002750000633,1.9844674545084815,completed,True,COMPLETE
178,1.7280902595553986,2026-06-12 14:08:29.776068,2026-06-12 14:08:48.980659,0 days 00:00:19.204591,,,,,,,,,,,,,,,RandomForestRegressor,2.0,sqrt,1.0,5.0,218.0,4,,,,,,,,True,,,,,,,,,-0.0053413100029428085,0.011787862671594762,98.0,0.0032232763343259764,0.008564586337268785,0.042941776597228754,1.9844674545084815,1.7025207038452355,1.7536598152655618,98.0,1.7280902595553986,0.025569555710163217,0.12820258979914403,1.9844674545084815,0.26020331480030157,0.28062214609774205,98.0,0.2704127304490218,0.010209415648720245,0.05118874732663428,1.9844674545084815,5.563264247102315,5.893812355484639,98.0,5.728538301293477,0.1652740541911619,0.8286636660444258,1.9844674545084815,1.4117437148510081,1.464037687407588,98.0,1.437890701129298,0.026146986278289982,0.1310977552491099,1.9844674545084815,99.0,0.21212121212121213,0.029197024899933206,0.05738109087568418,98.0,0.04328905788780869,0.014092032987875485,0.07065571044953736,1.9844674545084815,RandomForestRegressor,"{'mode': 'original', 'type': 'RandomForestRegressor'}",4,"['re_T6W50', 'pe_T6W50', 'l2_T6W50', 'l3_T6W50']",0.1845883184577206,0.24041231563845572,98.0,0.21250031704808817,0.027911998590367564,0.13994730867900315,1.9844674545084815,2.155055401942114,2.2304215460392314,98.0,2.192738473990673,0.03768307204855844,0.18893826247801043,1.9844674545084815,completed,True,COMPLETE
179,1.7330211514555045,2026-06-12 14:08:48.993664,2026-06-12 14:09:07.282956,0 days 00:00:18.289292,,,,,,,,,,,,,,,RandomForestRegressor,2.0,sqrt,1.0,6.0,212.0,4,,,,,,,,True,,,,,,,,,-0.008785290899939954,0.009111962723929532,98.0,0.00016333591199478847,0.008948626811934743,0.04486730803774176,1.9844674545084815,1.7081088177750712,1.7579334851359378,98.0,1.7330211514555045,0.024912333680433434,0.12490735982958621,1.9844674545084815,0.2606989732427002,0.2807842643277427,98.0,0.27074161878522146,0.010042645542521295,0.05035258264085971,1.9844674545084815,5.558346609032052,5.861561805269096,98.0,5.709954207150574,0.15160759811852212,0.7601417456110466,1.9844674545084815,1.421404178397353,1.475716231307158,98.0,1.4485602048522555,0.02715602645490235,0.13615695789304455,1.9844674545084815,99.0,0.2727272727272727,0.020073732781171808,0.05150095499285359,98.0,0.0357873438870127,0.01571361110584089,0.07878610257059232,1.9844674545084815,RandomForestRegressor,"{'mode': 'original', 'type': 'RandomForestRegressor'}",4,"['re_T6W50', 'pe_T6W50', 'l3_T6W50', 'atd_T6W50']",0.17942915474082122,0.23313457019528389,98.0,0.20628186246805255,0.026852707727231334,0.13463615530801765,1.9844674545084815,2.1635255175237282,2.2370338214911745,98.0,2.2002796695074514,0.036754151983723095,0.1842807721649916,1.9844674545084815,completed,True,COMPLETE
180,1.7378385486345274,2026-06-12 14:09:07.296061,2026-06-12 14:09:27.134187,0 days 00:00:19.838126,,,,,,,,,,,,,,,RandomForestRegressor,3.0,sqrt,1.0,5.0,229.0,5,,,,,,,,True,,,,,,,,,-0.013518926849546382,0.007629312671234169,98.0,-0.002944807089156106,0.010574119760390275,0.053017328634674364,1.9844674545084815,1.7126103472872285,1.7630667499818262,98.0,1.7378385486345274,0.0252282013472988,0.12649108124363712,1.9844674545084815,0.2604894161442154,0.28018586710139315,98.0,0.27033764162280427,0.009848225478588891,0.0493777844868526,1.9844674545084815,5.526255180291673,5.806033864616118,98.0,5.666144522453895,0.1398893421622222,0.7013878596008268,1.9844674545084815,1.4206415449890182,1.477409816629896,98.0,1.449025680809457,0.02838413582043885,0.14231454635500526,1.9844674545084815,99.0,0.31313131313131315,0.008848494251934912,0.04735759261047437,98.0,0.02810304343120464,0.019254549179269727,0.09653992811522362,1.9844674545084815,RandomForestRegressor,"{'mode': 'original', 'type': 'RandomForestRegressor'}",5,"['nodes_T6W50', 're_T6W50', 'pe_T6W50', 'l3_T6W50', 'lsc_T6W50']",0.17569372412667347,0.2315070252373043,98.0,0.20360037468198888,0.027906650555315406,0.13992049429271522,1.9844674545084815,2.1710168141316823,2.24336908515211,98.0,2.2071929496418963,0.03617613551021404,0.1813826690579058,1.9844674545084815,completed,True,COMPLETE
181,1.7294971670787997,2026-06-12 14:09:27.146792,2026-06-12 14:09:49.069233,0 days 00:00:21.922441,,,,,,,,,,,,,,,RandomForestRegressor,2.0,sqrt,1.0,6.0,257.0,4,,,,,,,,True,,,,,,,,,-0.007094752960625089,0.011556493808873147,98.0,0.002230870424124029,0.009325623384749118,0.046757522225585234,1.9844674545084815,1.7040491111876808,1.7549452229699187,98.0,1.7294971670787997,0.025448055891119092,0.12759340473397715,1.9844674545084815,0.2599646206661359,0.2800615323743928,98.0,0.27001307652026435,0.010048455854128462,0.0503817148246185,1.9844674545084815,5.536202697444918,5.832147840484937,98.0,5.684175268964927,0.147972571520009,0.741916171838839,1.9844674545084815,1.4192105402404391,1.4717862450122547,98.0,1.445498392626347,0.026287852385907817,0.13180404048989544,1.9844674545084815,99.0,0.2222222222222222,0.022141475863623368,0.05420140638493621,98.0,0.03817144112427979,0.01602996526065642,0.08037226317505484,1.9844674545084815,RandomForestRegressor,"{'mode': 'original', 'type': 'RandomForestRegressor'}",4,"['nodes_T6W50', 're_T6W50', 'pe_T6W50', 'l3_T6W50']",0.18677547706506592,0.2411832252270093,98.0,0.2139793511460376,0.0272038740809717,0.1363968599721954,1.9844674545084815,2.160647624122134,2.2342393353236205,98.0,2.1974434797228772,0.036795855600743076,0.18448986894268132,1.9844674545084815,completed,True,COMPLETE
182,1.7310184424022312,2026-06-12 14:09:49.081924,2026-06-12 14:10:10.841409,0 days 00:00:21.759485,,,,,,,,,,,,,,,RandomForestRegressor,2.0,sqrt,1.0,6.0,258.0,5,,,,,,,,True,,,,,,,,,-0.008020624197338738,0.010681410236529439,98.0,0.0013303930195953505,0.009351017216934088,0.04688484375936316,1.9844674545084815,1.7056314755494661,1.7564054092549963,98.0,1.7310184424022312,0.02538696685276517,0.1272871118513754,1.9844674545084815,0.2604494692729614,0.280550919189263,98.0,0.2705001942311122,0.010050724958150818,0.05039309183153591,1.9844674545084815,5.578574548640106,5.868758809192459,98.0,5.723666678916283,0.14509213027617654,0.7274739957052578,1.9844674545084815,1.4127579494703084,1.4662979666552312,98.0,1.4395279580627698,0.02677000859246138,0.13422151207479782,1.9844674545084815,99.0,0.23232323232323232,0.01434751889728286,0.047224621647687606,98.0,0.030786070272485234,0.016438551375202375,0.08242086341803602,1.9844674545084815,RandomForestRegressor,"{'mode': 'original', 'type': 'RandomForestRegressor'}",5,"['nodes_T6W50', 're_T6W50', 'pe_T6W50', 'l3_T6W50', 'lsc_T6W50']",0.18223739256033272,0.23987654364762417,98.0,0.21105696810397845,0.028819575543645722,0.14449778727046453,1.9844674545084815,2.168878432977418,2.242628776173685,98.0,2.2057536045755515,0.0368751715981339,0.18488754954352044,1.9844674545084815,completed,True,COMPLETE
183,1.7309347889330944,2026-06-12 14:10:10.854452,2026-06-12 14:10:32.418720,0 days 00:00:21.564268,,,,,,,,,,,,,,,RandomForestRegressor,2.0,sqrt,1.0,6.0,255.0,5,,,,,,,,True,,,,,,,,,-0.007986925836812896,0.010735374313848543,98.0,0.0013742242385178247,0.00936115007533072,0.04693564865809668,1.9844674545084815,1.7055582030865801,1.7563113747796086,98.0,1.7309347889330944,0.025376585846514237,0.1272350627699922,1.9844674545084815,0.260437086458856,0.2805409436737889,98.0,0.27048901506632245,0.010051928607466478,0.05039912678033309,1.9844674545084815,5.579178419941828,5.869707018868844,98.0,5.724442719405336,0.14526429946350794,0.7283372307160534,1.9844674545084815,1.4133126968593506,1.4669361952115776,98.0,1.440124446035464,0.02681174917611359,0.13443079419860937,1.9844674545084815,99.0,0.23232323232323232,0.014345826196635676,0.047221582118228383,98.0,0.030783704157432028,0.016437877960796352,0.08241748700149444,1.9844674545084815,RandomForestRegressor,"{'mode': 'original', 'type': 'RandomForestRegressor'}",5,"['nodes_T6W50', 're_T6W50', 'pe_T6W50', 'l3_T6W50', 'lsc_T6W50']",0.1820030640362938,0.2397356192387653,98.0,0.21086934163752954,0.02886627760123575,0.14473194561094796,1.9844674545084815,2.168892408740838,2.2426012787495955,98.0,2.205746843745217,0.03685443500437886,0.1847835788272067,1.9844674545084815,completed,True,COMPLETE
184,1.7311426513261845,2026-06-12 14:10:32.432504,2026-06-12 14:10:54.692294,0 days 00:00:22.259790,,,,,,,,,,,,,,,RandomForestRegressor,2.0,sqrt,1.0,6.0,263.0,5,,,,,,,,True,,,,,,,,,-0.008071462349830897,0.010593428897272326,98.0,0.001260983273720715,0.009332445623551611,0.0467917280871427,1.9844674545084815,1.7057639478782494,1.7565213547741196,98.0,1.7311426513261845,0.02537870344793518,0.12724568016160448,1.9844674545084815,0.2604734072806179,0.28057641395273597,98.0,0.27052491061667694,0.010051503336059035,0.05039699452209523,1.9844674545084815,5.579067201081912,5.868907399141248,98.0,5.72398730011158,0.14492009902966776,0.7266114523126861,1.9844674545084815,1.4123532271406072,1.4658959526549458,98.0,1.4391245898977765,0.02677136275716921,0.13422830168915506,1.9844674545084815,99.0,0.23232323232323232,0.014245510409861585,0.0470738605567784,98.0,0.030659685483319994,0.01641417507345841,0.08229864365603758,1.9844674545084815,RandomForestRegressor,"{'mode': 'original', 'type': 'RandomForestRegressor'}",5,"['nodes_T6W50', 're_T6W50', 'pe_T6W50', 'l3_T6W50', 'lsc_T6W50']",0.18211574970474934,0.2399364505626261,98.0,0.21102610013368772,0.028910350428938376,0.14495292131796825,1.9844674545084815,2.1690281055123983,2.242791564368384,98.0,2.205909834940391,0.03688172942799264,0.18492042969133696,1.9844674545084815,completed,True,COMPLETE
