number,value,datetime_start,datetime_complete,duration,params_dt_max_depth,params_dt_min_samples_leaf,params_dt_min_samples_split,params_elastic_alpha,params_elastic_l1_ratio,params_et_max_depth,params_et_max_features,params_et_min_samples_leaf,params_et_min_samples_split,params_et_n_estimators,params_knn_metric,params_knn_n_neighbors,params_knn_weights,params_quantile_alpha,params_regressor,params_rf_max_depth,params_rf_max_features,params_rf_min_samples_leaf,params_rf_min_samples_split,params_rf_n_estimators,params_rfe_n_features,params_rfe_proxy_et_max_depth,params_rfe_proxy_et_min_samples_leaf,params_rfe_proxy_et_min_samples_split,params_rfe_proxy_et_n_estimators,params_rfe_proxy_lsvr_C,params_rfe_proxy_lsvr_epsilon,params_rfe_proxy_type,params_use_scaler,params_xgb_booster,params_xgb_colsample_bytree,params_xgb_learning_rate,params_xgb_max_depth,params_xgb_n_estimators,params_xgb_reg_alpha,params_xgb_reg_lambda,params_xgb_subsample,user_attrs_d2mae_ci_lower_val,user_attrs_d2mae_ci_upper_val,user_attrs_d2mae_df_val,user_attrs_d2mae_mean_val,user_attrs_d2mae_samperror_val,user_attrs_d2mae_std_val,user_attrs_d2mae_t_critical_val,user_attrs_mae_ci_lower_val,user_attrs_mae_ci_upper_val,user_attrs_mae_df_val,user_attrs_mae_mean_val,user_attrs_mae_samperror_val,user_attrs_mae_std_val,user_attrs_mae_t_critical_val,user_attrs_mape_ci_lower_val,user_attrs_mape_ci_upper_val,user_attrs_mape_df_val,user_attrs_mape_mean_val,user_attrs_mape_samperror_val,user_attrs_mape_std_val,user_attrs_mape_t_critical_val,user_attrs_max_error_ci_lower_val,user_attrs_max_error_ci_upper_val,user_attrs_max_error_df_val,user_attrs_max_error_mean_val,user_attrs_max_error_samperror_val,user_attrs_max_error_std_val,user_attrs_max_error_t_critical_val,user_attrs_median_ae_ci_lower_val,user_attrs_median_ae_ci_upper_val,user_attrs_median_ae_df_val,user_attrs_median_ae_mean_val,user_attrs_median_ae_samperror_val,user_attrs_median_ae_std_val,user_attrs_median_ae_t_critical_val,user_attrs_n_splits_val,user_attrs_r2_below_zero_val,user_attrs_r2_ci_lower_val,user_attrs_r2_ci_upper_val,user_attrs_r2_df_val,user_attrs_r2_mean_val,user_attrs_r2_samperror_val,user_attrs_r2_std_val,user_attrs_r2_t_critical_val,user_attrs_regressor_final,user_attrs_rfe_estimator,user_attrs_rfe_n_features,user_attrs_rfe_selected_features,user_attrs_rho_ci_lower_val,user_attrs_rho_ci_upper_val,user_attrs_rho_df_val,user_attrs_rho_mean_val,user_attrs_rho_samperror_val,user_attrs_rho_std_val,user_attrs_rho_t_critical_val,user_attrs_rmse_ci_lower_val,user_attrs_rmse_ci_upper_val,user_attrs_rmse_df_val,user_attrs_rmse_mean_val,user_attrs_rmse_samperror_val,user_attrs_rmse_std_val,user_attrs_rmse_t_critical_val,user_attrs_termination_reason,user_attrs_use_scaler_final,state
55,1.741202638030604,2026-06-12 13:52:12.975062,2026-06-12 13:52:39.381446,0 days 00:00:26.406384,,,,,,,,,,,,,,,RandomForestRegressor,4.0,sqrt,2.0,11.0,312.0,3,,,,,,,,False,,,,,,,,,-0.014830715608190256,0.005195550735287602,98.0,-0.004817582436451327,0.010013133171738929,0.05020461126394964,1.9844674545084815,1.7162789227153865,1.7661263533458216,98.0,1.741202638030604,0.024923715315217535,0.1249644259386735,1.9844674545084815,0.2614659087065173,0.2813020438868772,98.0,0.27138397629669725,0.009918067590179915,0.04972796419605462,1.9844674545084815,5.568462468835087,5.897297797099287,98.0,5.732880132967187,0.16441766413209982,0.8243698322095907,1.9844674545084815,1.4314744997792666,1.49073654336313,98.0,1.4611055215711983,0.029631021791931743,0.1485662783968754,1.9844674545084815,99.0,0.25252525252525254,0.01807386696677288,0.05302856489239832,98.0,0.0355512159295856,0.01747734896281272,0.08762926604021434,1.9844674545084815,RandomForestRegressor,"{'mode': 'original', 'type': 'RandomForestRegressor'}",3,"['re_T6W50', 'pe_T6W50', 'l3_T6W50']",0.15844673953742863,0.21160857222880122,98.0,0.18502765588311493,0.026580916345686306,0.13327342693705457,1.9844674545084815,2.1628120140723603,2.236850735785509,98.0,2.1998313749289347,0.03701936085657414,0.1856104966515106,1.9844674545084815,completed,False,COMPLETE
56,1.732680775306621,2026-06-12 13:52:39.394175,2026-06-12 13:52:56.562749,0 days 00:00:17.168574,,,,,,,,,,,,,,,RandomForestRegressor,2.0,sqrt,4.0,11.0,198.0,3,,,,,,,,False,,,,,,,,,-0.006941042220477254,0.00795349870290603,98.0,0.0005062282412143883,0.007447270461691642,0.03733969299059992,1.9844674545084815,1.7084041809990917,1.75695736961415,98.0,1.732680775306621,0.024276594307529254,0.12171984124430223,1.9844674545084815,0.261592121040219,0.28186456036812924,98.0,0.2717283407041741,0.01013621966395514,0.05082175171215611,1.9844674545084815,5.637208475084329,5.971475937954183,98.0,5.804342206519256,0.167133731434927,0.8379878577333121,1.9844674545084815,1.39803273085203,1.44935758397151,98.0,1.42369515741177,0.025662426559740076,0.1286682327523326,1.9844674545084815,99.0,0.21212121212121213,0.021647918298835868,0.047226272251252886,98.0,0.03443709527504438,0.012789176976208511,0.0641233515488037,1.9844674545084815,RandomForestRegressor,"{'mode': 'original', 'type': 'RandomForestRegressor'}",3,"['re_T6W50', 'pe_T6W50', 'l3_T6W50']",0.14935510754044723,0.20341440247889908,98.0,0.17638475500967316,0.027029647469225922,0.1355233092898556,1.9844674545084815,2.1660117655275086,2.2399533947359793,98.0,2.202982580131744,0.03697081460423555,0.18536709174665433,1.9844674545084815,completed,False,COMPLETE
57,1.825698897417854,2026-06-12 13:52:56.576046,2026-06-12 13:53:00.257333,0 days 00:00:03.681287,,,,,,,,,,,,,,,XGBRegressor,,,,,,2,,,,,,,,False,gbtree,0.5403317102892632,0.006737195190280791,10.0,497.0,1.574530067101466e-08,1.5173267311590155,0.9985439360693054,,,,,,,,,,,,,,,,,,,,,,,,,,,,,,,,,,,,,,,,,,,,,XGBRegressor,"{'mode': 'original', 'type': 'XGBRegressor'}",2,"['re_T6W50', 'lsc_T6W50']",,,,,,,,,,,,,,,pruned,False,PRUNED
58,1.8392093277309158,2026-06-12 13:53:00.268072,2026-06-12 13:53:01.903726,0 days 00:00:01.635654,,,,,,,,,,,minkowski,9.0,distance,,KNeighborsRegressor,,,,,,4,,,,,0.0017307165993821721,0.4428810135316787,LinearSVR,,,,,,,,,,-0.07379117888107477,-0.0494183164868376,98.0,-0.061604747683956185,0.012186431197118581,0.06110125876214188,1.9844674545084815,1.8121907922476703,1.8662278632141613,98.0,1.8392093277309158,0.027018535483245502,0.13546759516651885,1.9844674545084815,0.2728880630273815,0.2916399632020917,98.0,0.2822640131147366,0.009375950087355082,0.047009854087869854,1.9844674545084815,5.571785485984978,5.802282407612743,98.0,5.68703394679886,0.11524846081388267,0.5778415281901905,1.9844674545084815,1.486142269718044,1.5702855629853611,98.0,1.5282139163517026,0.042071646633658547,0.2109420326535285,1.9844674545084815,99.0,0.7373737373737373,-0.09431028052799761,-0.0482377116249123,98.0,-0.07127399607645496,0.02303628445154266,0.11550108103222384,1.9844674545084815,KNeighborsRegressor,"{'mode': 'proxy', 'type': 'LinearSVR'}",4,"['nodes_T6W50', 'edges_T6W50', 'lsc_T6W50', 'diameter_T6W50']",0.08197025900020695,0.12886696768925027,98.0,0.1054186133447286,0.023448354344521655,0.11756714850938244,1.9844674545084815,2.280208106693941,2.349959159140523,98.0,2.315083632917232,0.03487552622329124,0.17486157495715662,1.9844674545084815,completed,True,COMPLETE
59,1.7529310897941144,2026-06-12 13:53:01.916048,2026-06-12 13:53:16.590012,0 days 00:00:14.673964,,,,,,,,,,,,,,,RandomForestRegressor,4.0,sqrt,4.0,10.0,166.0,3,,,,,,,,False,,,,,,,,,-0.020971484743408212,-0.002124463770707033,98.0,-0.011547974257057622,0.00942351048635059,0.047248316045997704,1.9844674545084815,1.7283695354838777,1.777492644104351,98.0,1.7529310897941144,0.02456155431023672,0.12314859545303287,1.9844674545084815,0.2636467131844475,0.28367056727409373,98.0,0.2736586402292706,0.010011927044823109,0.05019856389277169,1.9844674545084815,5.6545040798275314,6.006160539098672,98.0,5.830332309463102,0.1758282296355706,0.8815809963455509,1.9844674545084815,1.4305345267664118,1.4875186825291153,98.0,1.4590266046477636,0.02849207788135188,0.14285575449777355,1.9844674545084815,99.0,0.32323232323232326,0.00045643647182065997,0.03426626760377019,98.0,0.017361352037795423,0.016904915565974763,0.08475915578902303,1.9844674545084815,RandomForestRegressor,"{'mode': 'original', 'type': 'RandomForestRegressor'}",3,"['re_T6W50', 'pe_T6W50', 'l3_T6W50']",0.13153238013087737,0.18132157411040023,98.0,0.1564269771206388,0.02489459698976143,0.12481843025629241,1.9844674545084815,2.1839267664551376,2.2572554162461445,98.0,2.220591091350641,0.036664324895503225,0.183830390254784,1.9844674545084815,completed,False,COMPLETE
60,1.7365225086628486,2026-06-12 13:53:16.602339,2026-06-12 13:53:31.401281,0 days 00:00:14.798942,,,,,,,,,,,,,,,RandomForestRegressor,3.0,sqrt,1.0,11.0,169.0,2,,,,,,,,False,,,,,,,,,-0.011608753543338207,0.007677487558089342,98.0,-0.001965632992624432,0.009643120550713775,0.04834941374657787,1.9844674545084815,1.7112126007618795,1.7618324165638177,98.0,1.7365225086628486,0.025309907900969025,0.1269007477979888,1.9844674545084815,0.2594390078560778,0.27906825488312964,98.0,0.26925363136960373,0.00981462351352592,0.04920930839003481,1.9844674545084815,5.548125900357328,5.8369292692833445,98.0,5.692527584820336,0.14440168446300797,0.7240121857947711,1.9844674545084815,1.4281648111696954,1.4788128794054962,98.0,1.4534888452875958,0.0253240341179004,0.12697157490250305,1.9844674545084815,99.0,0.2727272727272727,0.020434522616893658,0.054902683548375394,98.0,0.037668603082634526,0.01723408046574087,0.08640954788419021,1.9844674545084815,RandomForestRegressor,"{'mode': 'original', 'type': 'RandomForestRegressor'}",2,"['re_T6W50', 'pe_T6W50']",0.14668216346663632,0.20198747489345342,98.0,0.17433481918004487,0.02765265571340855,0.13864699557036,1.9844674545084815,2.1603896202587127,2.2345855887660764,98.0,2.1974876045123946,0.0370979842536817,0.18600470464019264,1.9844674545084815,completed,False,COMPLETE
61,1.7326785867006307,2026-06-12 13:53:31.413971,2026-06-12 13:53:47.406464,0 days 00:00:15.992493,,,,,,,,,,,,,,,RandomForestRegressor,2.0,sqrt,4.0,11.0,189.0,3,,,,,,,,False,,,,,,,,,-0.006944149543945242,0.007937314037433866,98.0,0.0004965822467443115,0.007440731790689554,0.03730690890292103,1.9844674545084815,1.7084664031809143,1.7568907702203471,98.0,1.7326785867006307,0.02421218351971654,0.12139689352075961,1.9844674545084815,0.2616318171637134,0.28191273702716746,98.0,0.27177227709544044,0.010140459931726993,0.0508430118903131,1.9844674545084815,5.640363247115189,5.977140394288609,98.0,5.808751820701899,0.16838857358670947,0.8442794810791061,1.9844674545084815,1.3975652770677618,1.4497364659917644,98.0,1.423650871529763,0.026085594462001226,0.13078994427539153,1.9844674545084815,99.0,0.21212121212121213,0.02131279931582742,0.04691102702698006,98.0,0.03411191317140374,0.012799113855576319,0.06417317383292608,1.9844674545084815,RandomForestRegressor,"{'mode': 'original', 'type': 'RandomForestRegressor'}",3,"['re_T6W50', 'pe_T6W50', 'l3_T6W50']",0.1495318674165386,0.20356632103918312,98.0,0.17654909422786086,0.027017226811322254,0.1354610336473568,1.9844674545084815,2.1663838977203067,2.240316664156386,98.0,2.2033502809383463,0.036966383218039384,0.185344873324356,1.9844674545084815,completed,False,COMPLETE
62,1.7327640608012,2026-06-12 13:53:47.419291,2026-06-12 13:54:03.886819,0 days 00:00:16.467528,,,,,,,,,,,,,,,RandomForestRegressor,2.0,sqrt,4.0,11.0,195.0,3,,,,,,,,False,,,,,,,,,-0.007030307188826252,0.007923554073060946,98.0,0.00044662344211734674,0.007476930630943598,0.0374884054107563,1.9844674545084815,1.7085218536874016,1.7570062679149985,98.0,1.7327640608012,0.02424220711379845,0.12154742810806375,1.9844674545084815,0.26160293011822466,0.28187006304106343,98.0,0.27173649657964405,0.010133566461419358,0.050808448882799014,1.9844674545084815,5.638608855167153,5.973680859279048,98.0,5.8061448572231,0.16753600205594713,0.840004792872877,1.9844674545084815,1.398707638936871,1.450175860005698,98.0,1.4244417494712844,0.025734110534413476,0.12902764733522165,1.9844674545084815,99.0,0.21212121212121213,0.021245997587281004,0.046922352932076625,98.0,0.034084175259678814,0.012838177672397812,0.06436903497892027,1.9844674545084815,RandomForestRegressor,"{'mode': 'original', 'type': 'RandomForestRegressor'}",3,"['re_T6W50', 'pe_T6W50', 'l3_T6W50']",0.1491656756844778,0.20333314861604707,98.0,0.17624941215026244,0.02708373646578464,0.1357945048286857,1.9844674545084815,2.166419821313658,2.2402862981444334,98.0,2.2033530597290456,0.03693323841538759,0.18517868938332444,1.9844674545084815,completed,False,COMPLETE
63,1.7434512233958293,2026-06-12 13:54:03.934751,2026-06-12 13:54:19.874949,0 days 00:00:15.940198,,,,,,,,,,,,,,,RandomForestRegressor,2.0,sqrt,4.0,11.0,185.0,4,,,,,,,,False,,,,,,,,,-0.014704139898805644,0.0029634076951894853,98.0,-0.0058703661018080795,0.008833773796997565,0.044291449226267245,1.9844674545084815,1.718664120880109,1.7682383259115495,98.0,1.7434512233958293,0.024787102515720156,0.12427946625874,1.9844674545084815,0.2629776593925423,0.2832198445685596,98.0,0.27309875198055095,0.010121092588008624,0.05074590642432966,1.9844674545084815,5.66592057257087,5.995954874006272,98.0,5.830937723288571,0.16501715071770132,0.8273755838032099,1.9844674545084815,1.4142079159138934,1.4733951017306457,98.0,1.4438015088222695,0.02959359290837616,0.14837861460406224,1.9844674545084815,99.0,0.32323232323232326,0.0036869800065265496,0.035845706195765485,98.0,0.019766343101146017,0.016079363094619468,0.08061993780484959,1.9844674545084815,RandomForestRegressor,"{'mode': 'original', 'type': 'RandomForestRegressor'}",4,"['re_T6W50', 'pe_T6W50', 'l3_T6W50', 'atd_T6W50']",0.13931984356726407,0.19225193423108472,98.0,0.1657858888991744,0.026466045331910323,0.13269747788162845,1.9844674545084815,2.1814021454226364,2.2555301300658672,98.0,2.218466137744252,0.037063992321615453,0.18583427329705288,1.9844674545084815,completed,False,COMPLETE
64,1.768788027061843,2026-06-12 13:54:19.888495,2026-06-12 13:54:21.759757,0 days 00:00:01.871262,,,,,,,,,,,,,,,LinearRegression,,,,,,3,,,,,,,,False,,,,,,,,,-0.026822430913154276,-0.013292090814422855,98.0,-0.020057260863788565,0.006765170049365711,0.03391972588774993,1.9844674545084815,1.7434841967776924,1.7940918573459936,98.0,1.768788027061843,0.025303830284150716,0.1268702753789626,1.9844674545084815,0.26816008979193484,0.28958390340269324,98.0,0.27887199659731404,0.010711906805379184,0.05370817583626763,1.9844674545084815,5.870568469933933,6.211902461291703,98.0,6.041235465612818,0.17066699567888466,0.8557032076461009,1.9844674545084815,1.3784908051512286,1.4378548073999045,98.0,1.4081728062755665,0.029682001124338053,0.14882188246425943,1.9844674545084815,99.0,0.6161616161616161,-0.040699341238926136,-0.014106436429242917,98.0,-0.027402888834084527,0.01329645240484161,0.06666676780638009,1.9844674545084815,LinearRegression,"{'mode': 'original', 'type': 'LinearRegression'}",3,"['atd_T6W50', 'density_T6W50', 'asp_T6W50']",0.06247044101857579,0.1132537324904537,98.0,0.08786208675451475,0.02539164573593896,0.12731057119290823,1.9844674545084815,2.2341658088394243,2.311452784913507,98.0,2.2728092968764657,0.03864348803704125,0.1937536694566722,1.9844674545084815,completed,False,COMPLETE
65,1.7465010046398037,2026-06-12 13:54:21.772759,2026-06-12 13:54:37.906531,0 days 00:00:16.133772,,,,,,,,,,,,,,,RandomForestRegressor,2.0,sqrt,4.0,10.0,188.0,2,,,,,,,,False,,,,,,,,,-0.015162846332058257,0.00022440143692946304,98.0,-0.007469222447564397,0.00769362388449386,0.03857487858268177,1.9844674545084815,1.7218281133906952,1.7711738958889123,98.0,1.7465010046398037,0.02467289124910857,0.12370682509399633,1.9844674545084815,0.26325425538970704,0.28349815796537026,98.0,0.27337620667753865,0.010121951287831625,0.050750211839035206,1.9844674545084815,5.639695674479051,5.940047160704242,98.0,5.789871417591646,0.15017574311259532,0.7529626017081386,1.9844674545084815,1.4133832688508934,1.460470469912423,98.0,1.4369268693816581,0.023543600530764854,0.11804470110682612,1.9844674545084815,99.0,0.29292929292929293,0.009266851941092015,0.036156515525543005,98.0,0.02271168373331751,0.013444831792225496,0.067410723702644,1.9844674545084815,RandomForestRegressor,"{'mode': 'original', 'type': 'RandomForestRegressor'}",2,"['re_T6W50', 'pe_T6W50']",0.12035081668522732,0.17527059062442404,98.0,0.14781070365482568,0.02745988696959837,0.1376804769312047,1.9844674545084815,2.1788454931150962,2.253401532921628,98.0,2.216123513018362,0.037278019903265965,0.18690738111977256,1.9844674545084815,completed,False,COMPLETE
66,1.747152797350463,2026-06-12 13:54:37.919578,2026-06-12 13:54:55.281478,0 days 00:00:17.361900,,,,,,,,,,,,,,,RandomForestRegressor,3.0,sqrt,4.0,11.0,200.0,4,,,,,,,,False,,,,,,,,,-0.018662036670460506,0.002053925677761796,98.0,-0.008304055496349355,0.010357981174111151,0.0519336364958432,1.9844674545084815,1.7220703679971476,1.7722352267037784,98.0,1.747152797350463,0.02508242935331543,0.1257601984953919,1.9844674545084815,0.2629122946387218,0.28288786315561276,98.0,0.2729000788971673,0.00998778425844548,0.05007751494793808,1.9844674545084815,5.65139310713326,5.98634004559013,98.0,5.818866576361695,0.16747346922843534,0.8396912610100106,1.9844674545084815,1.4093543896581986,1.4703784963725983,98.0,1.4398664430153985,0.030512053357199802,0.15298366169608008,1.9844674545084815,99.0,0.35353535353535354,-0.0021986311402748294,0.03731625595780412,98.0,0.017558812408764644,0.019757443549039473,0.09906137828552374,1.9844674545084815,RandomForestRegressor,"{'mode': 'original', 'type': 'RandomForestRegressor'}",4,"['re_T6W50', 'pe_T6W50', 'l3_T6W50', 'lsc_T6W50']",0.14642764082337897,0.20302727800295903,98.0,0.174727459413169,0.028299818589790023,0.1418917901891805,1.9844674545084815,2.182093716875699,2.256717637021341,98.0,2.21940567694852,0.03731196007282117,0.18707755293208414,1.9844674545084815,completed,False,COMPLETE
67,1.8613381424120667,2026-06-12 13:54:55.295808,2026-06-12 13:54:55.423335,0 days 00:00:00.127527,7.0,1.0,16.0,,,,,,,,,,,,DecisionTreeRegressor,,,,,,3,,,,,,,,False,,,,,,,,,,,,,,,,,,,,,,,,,,,,,,,,,,,,,,,,,,,,,,,,,,,,,DecisionTreeRegressor,"{'mode': 'original', 'type': 'DecisionTreeRegressor'}",3,"['nodes_T6W50', 'pe_T6W50', 'l2_T6W50']",,,,,,,,,,,,,,,pruned,False,PRUNED
68,1.7535083664435231,2026-06-12 13:54:55.432959,2026-06-12 13:54:57.055129,0 days 00:00:01.622170,,,,0.037764852257361294,0.5028161445164997,,,,,,,,,,ElasticNet,,,,,,2,,,,,,,,False,,,,,,,,,-0.01475517121309807,-0.0070321713567979265,98.0,-0.010893671284947998,0.003861499928150072,0.01936108303599804,1.9844674545084815,1.7282701383133137,1.7787465945737326,98.0,1.7535083664435231,0.02523822813020939,0.12654135429300342,1.9844674545084815,0.2660664753416934,0.2873024940775059,98.0,0.27668448470959967,0.01061800936790622,0.053237385698339953,1.9844674545084815,5.751213448822583,6.052879092172475,98.0,5.902046270497529,0.15083282167494572,0.7562571123500008,1.9844674545084815,1.2755469344181898,1.3376191613569222,98.0,1.306583047887556,0.03103611346936618,0.15561123428090426,1.9844674545084815,99.0,0.36363636363636365,-0.0023406429979604152,0.008368670450934187,98.0,0.0030140137264868857,0.005354656724447301,0.026847586533804643,1.9844674545084815,ElasticNet,"{'mode': 'original', 'type': 'ElasticNet'}",2,"['pe_T6W50', 'l2_T6W50']",0.06283445903008678,0.11742955174355918,98.0,0.09013200538682298,0.027297546356736205,0.13686652117716563,1.9844674545084815,2.2017354176216277,2.280686591336558,98.0,2.241211004479093,0.03947558685746529,0.19792571002540113,1.9844674545084815,completed,False,COMPLETE
69,1.7558151401751334,2026-06-12 13:54:57.090657,2026-06-12 13:55:08.304029,0 days 00:00:11.213372,,,,,,,,,,,,,,,RandomForestRegressor,3.0,,3.0,9.0,118.0,3,,,,,,,,False,,,,,,,,,-0.024043992837760195,-0.00263148729385429,98.0,-0.013337740065807242,0.010706252771952952,0.053679827211979024,1.9844674545084815,1.7304161428739941,1.7812141374762727,98.0,1.7558151401751334,0.025398997301139203,0.12734743103155508,1.9844674545084815,0.2642174372947442,0.2845067530693525,98.0,0.27436209518204835,0.010144657887304167,0.050864059920359306,1.9844674545084815,5.623470915622008,5.999507884300536,98.0,5.811489399961272,0.1880184843392646,0.9427014256967573,1.9844674545084815,1.4296116446278373,1.4904985443021253,98.0,1.4600550944649813,0.030443449837143893,0.1526396921316418,1.9844674545084815,99.0,0.35353535353535354,-0.007642526263203435,0.03336740955118883,98.0,0.012862441643992698,0.020504967907196133,0.10280937296090777,1.9844674545084815,RandomForestRegressor,"{'mode': 'original', 'type': 'RandomForestRegressor'}",3,"['re_T6W50', 'pe_T6W50', 'l3_T6W50']",0.15212721336013857,0.20230258468621132,98.0,0.17721489902317494,0.02508768566303636,0.12578655298221397,1.9844674545084815,2.186468021507352,2.262749726157675,98.0,2.2246088738325134,0.03814085232516122,0.19123351616503942,1.9844674545084815,completed,False,COMPLETE
