number,value,datetime_start,datetime_complete,duration,params_dt_max_depth,params_dt_min_samples_leaf,params_dt_min_samples_split,params_elastic_alpha,params_elastic_l1_ratio,params_et_max_depth,params_et_max_features,params_et_min_samples_leaf,params_et_min_samples_split,params_et_n_estimators,params_knn_metric,params_knn_n_neighbors,params_knn_weights,params_quantile_alpha,params_regressor,params_rf_max_depth,params_rf_max_features,params_rf_min_samples_leaf,params_rf_min_samples_split,params_rf_n_estimators,params_rfe_n_features,params_rfe_proxy_et_max_depth,params_rfe_proxy_et_min_samples_leaf,params_rfe_proxy_et_min_samples_split,params_rfe_proxy_et_n_estimators,params_rfe_proxy_lsvr_C,params_rfe_proxy_lsvr_epsilon,params_rfe_proxy_type,params_use_scaler,params_xgb_booster,params_xgb_colsample_bytree,params_xgb_learning_rate,params_xgb_max_depth,params_xgb_n_estimators,params_xgb_reg_alpha,params_xgb_reg_lambda,params_xgb_subsample,user_attrs_d2mae_ci_lower_val,user_attrs_d2mae_ci_upper_val,user_attrs_d2mae_df_val,user_attrs_d2mae_mean_val,user_attrs_d2mae_samperror_val,user_attrs_d2mae_std_val,user_attrs_d2mae_t_critical_val,user_attrs_mae_ci_lower_val,user_attrs_mae_ci_upper_val,user_attrs_mae_df_val,user_attrs_mae_mean_val,user_attrs_mae_samperror_val,user_attrs_mae_std_val,user_attrs_mae_t_critical_val,user_attrs_mape_ci_lower_val,user_attrs_mape_ci_upper_val,user_attrs_mape_df_val,user_attrs_mape_mean_val,user_attrs_mape_samperror_val,user_attrs_mape_std_val,user_attrs_mape_t_critical_val,user_attrs_max_error_ci_lower_val,user_attrs_max_error_ci_upper_val,user_attrs_max_error_df_val,user_attrs_max_error_mean_val,user_attrs_max_error_samperror_val,user_attrs_max_error_std_val,user_attrs_max_error_t_critical_val,user_attrs_median_ae_ci_lower_val,user_attrs_median_ae_ci_upper_val,user_attrs_median_ae_df_val,user_attrs_median_ae_mean_val,user_attrs_median_ae_samperror_val,user_attrs_median_ae_std_val,user_attrs_median_ae_t_critical_val,user_attrs_n_splits_val,user_attrs_r2_below_zero_val,user_attrs_r2_ci_lower_val,user_attrs_r2_ci_upper_val,user_attrs_r2_df_val,user_attrs_r2_mean_val,user_attrs_r2_samperror_val,user_attrs_r2_std_val,user_attrs_r2_t_critical_val,user_attrs_regressor_final,user_attrs_rfe_estimator,user_attrs_rfe_n_features,user_attrs_rfe_selected_features,user_attrs_rho_ci_lower_val,user_attrs_rho_ci_upper_val,user_attrs_rho_df_val,user_attrs_rho_mean_val,user_attrs_rho_samperror_val,user_attrs_rho_std_val,user_attrs_rho_t_critical_val,user_attrs_rmse_ci_lower_val,user_attrs_rmse_ci_upper_val,user_attrs_rmse_df_val,user_attrs_rmse_mean_val,user_attrs_rmse_samperror_val,user_attrs_rmse_std_val,user_attrs_rmse_t_critical_val,user_attrs_termination_reason,user_attrs_use_scaler_final,state
199,1.7302941937662477,2026-06-12 14:16:05.710737,2026-06-12 14:16:29.189013,0 days 00:00:23.478276,,,,,,,,,,,,,,,RandomForestRegressor,2.0,sqrt,1.0,7.0,280.0,5,,,,,,,,True,,,,,,,,,-0.006746189235906771,0.010513302578868853,98.0,0.001883556671481041,0.008629745907387812,0.0432684786226432,1.9844674545084815,1.7049794249461598,1.7556089625863356,98.0,1.7302941937662477,0.025314768820087805,0.12692511984523497,1.9844674545084815,0.260534467115235,0.2808395516097335,98.0,0.27068700936248424,0.010152542247249286,0.05090359112595907,1.9844674545084815,5.5721684032130625,5.883113048006107,98.0,5.727640725609585,0.1554723223965228,0.7795189951383968,1.9844674545084815,1.4178764025997215,1.4712615514013494,98.0,1.4445689770005354,0.02669257440081407,0.13383326661520845,1.9844674545084815,99.0,0.23232323232323232,0.023137993436097504,0.05188333494934955,98.0,0.037510664192723524,0.01437267075662602,0.07206279351179688,1.9844674545084815,RandomForestRegressor,"{'mode': 'original', 'type': 'RandomForestRegressor'}",5,"['nodes_T6W50', 're_T6W50', 'pe_T6W50', 'l2_T6W50', 'l3_T6W50']",0.1848103857786423,0.24020164489124066,98.0,0.21250601533494148,0.027695629556299176,0.1388624611034592,1.9844674545084815,2.161842971256165,2.2362316182730093,98.0,2.199037294764587,0.037194323508422264,0.18648773774788757,1.9844674545084815,completed,True,COMPLETE
200,1.7358112636261513,2026-06-12 14:16:29.201767,2026-06-12 14:16:53.623573,0 days 00:00:24.421806,,,,,,,,,,,,,,,RandomForestRegressor,3.0,sqrt,1.0,7.0,288.0,5,,,,,,,,True,,,,,,,,,-0.01222345758142588,0.00882738817739881,98.0,-0.0016980347020135352,0.010525422879412345,0.05277316849645069,1.9844674545084815,1.7103404715785517,1.761282055673751,98.0,1.7358112636261513,0.02547079204759956,0.12770740101048328,1.9844674545084815,0.26075559326201736,0.2805955857384471,98.0,0.27067558950023224,0.009919996238214905,0.04973763419876017,1.9844674545084815,5.577766461522791,5.89027373226972,98.0,5.734020096896256,0.15625363537346407,0.783436401769273,1.9844674545084815,1.4108254515024505,1.471591423588983,98.0,1.4412084375457168,0.030382986043266374,0.1523365341475123,1.9844674545084815,99.0,0.29292929292929293,0.014205506187794373,0.051435943276791116,98.0,0.03282072473229274,0.01861521854449837,0.09333440338711736,1.9844674545084815,RandomForestRegressor,"{'mode': 'original', 'type': 'RandomForestRegressor'}",5,"['re_T6W50', 'pe_T6W50', 'l2_T6W50', 'l3_T6W50', 'lsc_T6W50']",0.17709128928803433,0.23482330778213692,98.0,0.20595729853508563,0.02886600924705129,0.14473060011625805,1.9844674545084815,2.1654951428574187,2.23956214800689,98.0,2.2025286454321544,0.03703350257473554,0.18568140147727497,1.9844674545084815,completed,True,COMPLETE
201,1.7340492172695416,2026-06-12 14:16:53.638001,2026-06-12 14:17:17.495626,0 days 00:00:23.857625,,,,,,,,,,,,,,,RandomForestRegressor,2.0,sqrt,1.0,7.0,286.0,5,,,,,,,,True,,,,,,,,,-0.009426989903855735,0.008729860272604419,98.0,-0.00034856481562565864,0.009078425088230077,0.045518100541184145,1.9844674545084815,1.7086083781108872,1.7594900564281961,98.0,1.7340492172695416,0.02544083915865441,0.1275572209299898,1.9844674545084815,0.2608530093929615,0.28104319218257323,98.0,0.2709481007877674,0.010095091394805883,0.05061553965752916,1.9844674545084815,5.552414959524951,5.840128055797495,98.0,5.696271507661223,0.14385654813627205,0.7212789396768747,1.9844674545084815,1.4220156512631912,1.4724143298397505,98.0,1.4472149905514708,0.025199339288279762,0.12634637044947555,1.9844674545084815,99.0,0.23232323232323232,0.015741042747002023,0.047052506994168894,98.0,0.03139677487058546,0.015655732123583437,0.07849590451222735,1.9844674545084815,RandomForestRegressor,"{'mode': 'original', 'type': 'RandomForestRegressor'}",5,"['nodes_T6W50', 're_T6W50', 'pe_T6W50', 'l3_T6W50', 'atd_T6W50']",0.18001487548822545,0.23374627225317238,98.0,0.20688057387069891,0.026865698382473463,0.13470128884667223,1.9844674545084815,2.1685266661227307,2.2421985169805896,98.0,2.20536259155166,0.03683592542892926,0.1846907741052311,1.9844674545084815,completed,True,COMPLETE
202,1.7303420380123822,2026-06-12 14:17:17.508295,2026-06-12 14:17:40.465403,0 days 00:00:22.957108,,,,,,,,,,,,,,,RandomForestRegressor,2.0,sqrt,1.0,7.0,275.0,5,,,,,,,,True,,,,,,,,,-0.0067765481555331335,0.010478787626009121,98.0,0.0018511197352379938,0.008627667890771127,0.043258059704343474,1.9844674545084815,1.7050511476311574,1.755632928393607,98.0,1.7303420380123822,0.0252908903812248,0.12680539630614426,1.9844674545084815,0.2605424528813592,0.2808460616438198,98.0,0.2706942572625895,0.010151804381230298,0.05089989155700169,1.9844674545084815,5.572833126253121,5.883734197723472,98.0,5.728283661988296,0.15545053573517584,0.7794097595130531,1.9844674545084815,1.4175040903574252,1.4713676521103292,98.0,1.4444358712338772,0.026931780876451983,0.13503261829816776,1.9844674545084815,99.0,0.23232323232323232,0.02311363794910124,0.05190663495917216,98.0,0.0375101364541367,0.014396498505035457,0.07218226289522298,1.9844674545084815,RandomForestRegressor,"{'mode': 'original', 'type': 'RandomForestRegressor'}",5,"['nodes_T6W50', 're_T6W50', 'pe_T6W50', 'l2_T6W50', 'l3_T6W50']",0.18487809248092682,0.24034359008245018,98.0,0.2126108412816885,0.027732748800761684,0.1390485724041569,1.9844674545084815,2.1618407153087995,2.236207895042871,98.0,2.1990243051758354,0.037183589867035786,0.1864339205975499,1.9844674545084815,completed,True,COMPLETE
203,1.7335865786125824,2026-06-12 14:17:40.513290,2026-06-12 14:17:59.791803,0 days 00:00:19.278513,,,,,,,,,,,,,,,RandomForestRegressor,2.0,sqrt,1.0,7.0,226.0,6,,,,,,,,True,,,,,,,,,-0.00913689989959727,0.00892763711514386,98.0,-0.00010463139222670491,0.009032268507370565,0.04528667715356107,1.9844674545084815,1.7082731841594023,1.7588999730657624,98.0,1.7335865786125824,0.025313394453180007,0.12691822893954574,1.9844674545084815,0.26092994938177383,0.281107011186147,98.0,0.2710184802839604,0.01008853090218659,0.050582646158960576,1.9844674545084815,5.58182793318874,5.8787688255212815,98.0,5.730298379355011,0.14847044616627111,0.7444124537363286,1.9844674545084815,1.4151977216625096,1.467216153252738,98.0,1.4412069374576237,0.026009215795114168,0.13040699108639908,1.9844674545084815,99.0,0.25252525252525254,0.015289986580978882,0.046118524182225465,98.0,0.030704255381602173,0.015414268800623292,0.07728523727592909,1.9844674545084815,RandomForestRegressor,"{'mode': 'original', 'type': 'RandomForestRegressor'}",6,"['nodes_T6W50', 're_T6W50', 'pe_T6W50', 'l2_T6W50', 'l3_T6W50', 'lsc_T6W50']",0.17975128270577587,0.2372455961806982,98.0,0.20849843944323704,0.028747156737461182,0.14413468833326515,1.9844674545084815,2.169340986627664,2.2432765165816217,98.0,2.206308751604643,0.03696776497697873,0.18535180129277712,1.9844674545084815,completed,True,COMPLETE
204,1.7357325311264993,2026-06-12 14:17:59.822191,2026-06-12 14:18:23.489619,0 days 00:00:23.667428,,,,,,,,,,,,,,,RandomForestRegressor,3.0,sqrt,1.0,5.0,278.0,5,,,,,,,,True,,,,,,,,,-0.012174934112948581,0.008848762694552833,98.0,-0.001663085709197874,0.010511848403750707,0.052705107754421616,1.9844674545084815,1.7103215503464955,1.761143511906503,98.0,1.7357325311264993,0.0254109807800039,0.1274075147124243,1.9844674545084815,0.26083023570756636,0.28067874842044527,98.0,0.2707544920640058,0.009924256356439464,0.04975899390463187,1.9844674545084815,5.5863313376233315,5.899141111168683,98.0,5.742736224396007,0.1564048867726759,0.7841947575776217,1.9844674545084815,1.413235576841824,1.4732418658733761,98.0,1.4432387213576001,0.03000314451577599,0.15043205570879722,1.9844674545084815,99.0,0.30303030303030304,0.014120480185010349,0.050998085089622835,98.0,0.03255928263731659,0.018438802452306242,0.09244987492062212,1.9844674545084815,RandomForestRegressor,"{'mode': 'original', 'type': 'RandomForestRegressor'}",5,"['re_T6W50', 'pe_T6W50', 'l2_T6W50', 'l3_T6W50', 'lsc_T6W50']",0.17690652994918374,0.2347774245228957,98.0,0.20584197723603972,0.02893544728685599,0.14507875385950045,1.9844674545084815,2.1659372474710366,2.2397726186445817,98.0,2.202854933057809,0.03691768558677238,0.18510070942427573,1.9844674545084815,completed,True,COMPLETE
205,1.7307073006872398,2026-06-12 14:18:23.502552,2026-06-12 14:18:44.006494,0 days 00:00:20.503942,,,,,,,,,,,,,,,RandomForestRegressor,2.0,sqrt,1.0,7.0,242.0,5,,,,,,,,True,,,,,,,,,-0.006957460737056532,0.010262956531284187,98.0,0.001652747897113828,0.00861020863417036,0.04317052115116883,1.9844674545084815,1.7053758410405566,1.756038760333923,98.0,1.7307073006872398,0.02533145964668305,0.12700880558540403,1.9844674545084815,0.2605992983669566,0.2809115490130254,98.0,0.270755423689991,0.01015612532303441,0.0509215562247784,1.9844674545084815,5.57387960555571,5.884909043305335,98.0,5.7293943244305225,0.1555147188748126,0.779731565836798,1.9844674545084815,1.4194564489836514,1.4732155401604574,98.0,1.4463359945720544,0.026879545588403053,0.13477071702453258,1.9844674545084815,99.0,0.24242424242424243,0.02274969017609067,0.051490023263122464,98.0,0.03711985671960657,0.0143701665435159,0.07205023769699252,1.9844674545084815,RandomForestRegressor,"{'mode': 'original', 'type': 'RandomForestRegressor'}",5,"['nodes_T6W50', 're_T6W50', 'pe_T6W50', 'l2_T6W50', 'l3_T6W50']",0.18320327572659484,0.23845235175826757,98.0,0.2108278137424312,0.027624538015836354,0.1385060169124277,1.9844674545084815,2.1622990152434074,2.2366622511663135,98.0,2.1994806332048604,0.03718161796145305,0.1864240337068502,1.9844674545084815,completed,True,COMPLETE
206,1.7364397935666502,2026-06-12 14:18:44.020317,2026-06-12 14:19:04.716184,0 days 00:00:20.695867,,,,,,,,,,,,,,,RandomForestRegressor,3.0,sqrt,1.0,7.0,239.0,5,,,,,,,,True,,,,,,,,,-0.012604831544119587,0.008431627261777899,98.0,-0.0020866021411708444,0.010518229402948743,0.052737101295176385,1.9844674545084815,1.7110969685308095,1.761782618602491,98.0,1.7364397935666502,0.025342825035840837,0.1270657902409303,1.9844674545084815,0.2608651785681315,0.28069817991345336,98.0,0.27078167924079244,0.009916500672660948,0.04972010786541634,1.9844674545084815,5.578850620643236,5.890575822395126,98.0,5.734713221519181,0.1558626008759451,0.7814758031632201,1.9844674545084815,1.4132647259500435,1.473311202931607,98.0,1.4432879644408252,0.030023238490781715,0.15053280441418318,1.9844674545084815,99.0,0.29292929292929293,0.013170389663061863,0.05057836765751379,98.0,0.031874378660287826,0.018703988997225963,0.09377948745765506,1.9844674545084815,RandomForestRegressor,"{'mode': 'original', 'type': 'RandomForestRegressor'}",5,"['re_T6W50', 'pe_T6W50', 'l2_T6W50', 'l3_T6W50', 'lsc_T6W50']",0.1764079878057266,0.23454824428309648,98.0,0.20547811604441155,0.029070128238684923,0.14575402749416203,1.9844674545084815,2.1666059851895434,2.240428299798037,98.0,2.2035171424937903,0.03691115730424666,0.18506797742313247,1.9844674545084815,completed,True,COMPLETE
207,1.730736903891707,2026-06-12 14:19:04.751504,2026-06-12 14:19:23.454371,0 days 00:00:18.702867,,,,,,,,,,,,,,,RandomForestRegressor,2.0,sqrt,1.0,7.0,218.0,5,,,,,,,,True,,,,,,,,,-0.006964193697619897,0.01025024832990385,98.0,0.0016430273161419763,0.008607221013761874,0.043155541591959966,1.9844674545084815,1.705379348109066,1.7560944596743482,98.0,1.730736903891707,0.025357555782641202,0.1271396483834373,1.9844674545084815,0.260553552044496,0.28086860989208856,98.0,0.2707110809682923,0.010157528923796299,0.05092859370539628,1.9844674545084815,5.571958997948007,5.881306804326087,98.0,5.726632901137047,0.15467390318904012,0.7755158199833443,1.9844674545084815,1.4192711945788172,1.4732797051448059,98.0,1.4462754498618116,0.027004255282994324,0.1353959960086843,1.9844674545084815,99.0,0.24242424242424243,0.02284355285119074,0.0516463808882946,98.0,0.03724496686974267,0.014401414018551934,0.07220690867202677,1.9844674545084815,RandomForestRegressor,"{'mode': 'original', 'type': 'RandomForestRegressor'}",5,"['nodes_T6W50', 're_T6W50', 'pe_T6W50', 'l2_T6W50', 'l3_T6W50']",0.18324552360732294,0.23819039190084212,98.0,0.21071795775408253,0.027472434146759584,0.1377433869256125,1.9844674545084815,2.1621366768215795,2.236542615117048,98.0,2.1993396459693138,0.03720296914773428,0.18653108591407527,1.9844674545084815,completed,True,COMPLETE
208,1.7335966036710997,2026-06-12 14:19:23.468028,2026-06-12 14:19:42.635294,0 days 00:00:19.167266,,,,,,,,,,,,,,,RandomForestRegressor,2.0,sqrt,1.0,7.0,225.0,6,,,,,,,,True,,,,,,,,,-0.009141070281995142,0.008920971330603636,98.0,-0.0001100494756957531,0.009031020806299389,0.045280421334710205,1.9844674545084815,1.7082814012438499,1.7589118060983495,98.0,1.7335966036710997,0.02531520242724973,0.12692729389791482,1.9844674545084815,0.2609265425051752,0.2811024708893062,98.0,0.2710145066972407,0.010087964192065504,0.050579804744506136,1.9844674545084815,5.582259513959896,5.879145350686413,98.0,5.730702432323154,0.14844291836325832,0.7442744327367569,1.9844674545084815,1.4147161093109866,1.4667111564220112,98.0,1.440713632866499,0.025997523555512235,0.13034836764317187,1.9844674545084815,99.0,0.26262626262626265,0.015184294867170047,0.04605103323436926,98.0,0.03061766405076965,0.015433369183599605,0.0773810042337705,1.9844674545084815,RandomForestRegressor,"{'mode': 'original', 'type': 'RandomForestRegressor'}",6,"['nodes_T6W50', 're_T6W50', 'pe_T6W50', 'l2_T6W50', 'l3_T6W50', 'lsc_T6W50']",0.17940774163916434,0.2368769082356772,98.0,0.20814232493742077,0.028734583298256434,0.14407164666421926,1.9844674545084815,2.169432940023553,2.243362817227391,98.0,2.206397878625472,0.03696493860191927,0.1853376301978049,1.9844674545084815,completed,True,COMPLETE
209,1.74494238411197,2026-06-12 14:19:42.647817,2026-06-12 14:20:01.165628,0 days 00:00:18.517811,,,,,,,,,,,,,,,RandomForestRegressor,3.0,sqrt,1.0,7.0,212.0,5,,,,,,,,True,,,,,,,,,-0.017585512896817458,0.0033831260995642667,98.0,-0.007101193398626596,0.010484319498190862,0.052567081226815374,1.9844674545084815,1.7200809297115944,1.7698038385123456,98.0,1.74494238411197,0.024861454400375568,0.12465225741230246,1.9844674545084815,0.2618165976730449,0.2814609174485597,98.0,0.2716387575608023,0.0098221598877574,0.049247094838306464,1.9844674545084815,5.53941938795552,5.821064441970301,98.0,5.68024191496291,0.14082252700739054,0.7060667329949524,1.9844674545084815,1.4311504883150405,1.4857467441878227,98.0,1.4584486162514316,0.027298127936391175,0.13686943714562386,1.9844674545084815,99.0,0.3333333333333333,0.0027735948361941494,0.04180926922841649,98.0,0.022291432032305318,0.01951783719611117,0.09786002166728863,1.9844674545084815,RandomForestRegressor,"{'mode': 'original', 'type': 'RandomForestRegressor'}",5,"['re_T6W50', 'pe_T6W50', 'l3_T6W50', 'lsc_T6W50', 'atd_T6W50']",0.16438621865128877,0.21710645846891508,98.0,0.19074633856010192,0.026360119908813144,0.1321663809114441,1.9844674545084815,2.1776424755741703,2.2497025995132653,98.0,2.213672537543718,0.0360300619695477,0.18065027439188844,1.9844674545084815,completed,True,COMPLETE
210,1.7304239480430008,2026-06-12 14:20:01.178289,2026-06-12 14:20:24.158094,0 days 00:00:22.979805,,,,,,,,,,,,,,,RandomForestRegressor,2.0,sqrt,1.0,8.0,276.0,5,,,,,,,,True,,,,,,,,,-0.0068257273553323575,0.010444108285370249,98.0,0.0018091904650189452,0.008634917820351303,0.04329440995456196,1.9844674545084815,1.705101374672763,1.7557465214132386,98.0,1.7304239480430008,0.02532257337023771,0.12696425089439267,1.9844674545084815,0.2605435151653937,0.28085561711838497,98.0,0.27069956614188934,0.010156050976495653,0.0509211834604285,1.9844674545084815,5.572519967801466,5.883416397085726,98.0,5.727968182443596,0.15544821464212927,0.7793981218395986,1.9844674545084815,1.4166505088166514,1.4705225431757725,98.0,1.443586525996212,0.026936017179560446,0.13505385859799288,1.9844674545084815,99.0,0.23232323232323232,0.023020029020086794,0.05185636126886968,98.0,0.037438195144478235,0.014418166124391441,0.07229090165874733,1.9844674545084815,RandomForestRegressor,"{'mode': 'original', 'type': 'RandomForestRegressor'}",5,"['nodes_T6W50', 're_T6W50', 'pe_T6W50', 'l2_T6W50', 'l3_T6W50']",0.18489747179254024,0.24042694479880272,98.0,0.21266220829567148,0.027764736503131243,0.13920895478748757,1.9844674545084815,2.161897118262932,2.236331002542076,98.0,2.199114060402504,0.03721694213957211,0.18660114476692188,1.9844674545084815,completed,True,COMPLETE
211,1.7302409912005907,2026-06-12 14:20:24.170767,2026-06-12 14:20:47.456517,0 days 00:00:23.285750,,,,,,,,,,,,,,,RandomForestRegressor,2.0,sqrt,1.0,7.0,278.0,5,,,,,,,,True,,,,,,,,,-0.0067136113839871454,0.010537722541509201,98.0,0.001912055578761028,0.008625666962748173,0.04324802729871813,1.9844674545084815,1.7049401513877105,1.755541831013471,98.0,1.7302409912005907,0.025300839812880248,0.12685528152588435,1.9844674545084815,0.26051664504096017,0.280814854188597,98.0,0.2706657496147786,0.010149104573818395,0.05088635505655998,1.9844674545084815,5.571236714609512,5.881987162603814,98.0,5.726611938606663,0.1553752239971513,0.779032155773416,1.9844674545084815,1.4173406670477326,1.4710071767297015,98.0,1.444173921888717,0.02683325484098433,0.13453862094237581,1.9844674545084815,99.0,0.23232323232323232,0.023299124802626706,0.052064451478508605,98.0,0.037681788140567656,0.014382663337940952,0.07211289507859273,1.9844674545084815,RandomForestRegressor,"{'mode': 'original', 'type': 'RandomForestRegressor'}",5,"['nodes_T6W50', 're_T6W50', 'pe_T6W50', 'l2_T6W50', 'l3_T6W50']",0.18512270212277948,0.24060714908137937,98.0,0.21286492560207942,0.027742223479299954,0.1390960772704866,1.9844674545084815,2.161648705261493,2.2360199442999935,98.0,2.1988343247807434,0.03718561951924997,0.18644409702271736,1.9844674545084815,completed,True,COMPLETE
212,1.7306672566404957,2026-06-12 14:20:47.469379,2026-06-12 14:21:12.088572,0 days 00:00:24.619193,,,,,,,,,,,,,,,RandomForestRegressor,2.0,sqrt,1.0,8.0,297.0,5,,,,,,,,True,,,,,,,,,-0.006960188382121226,0.010308140044781193,98.0,0.0016739758313299834,0.00863416421345121,0.043290631462773614,1.9844674545084815,1.7053183098459026,1.7560162034350888,98.0,1.7306672566404957,0.025348946794593163,0.12709648398215403,1.9844674545084815,0.26057914627331735,0.28089708173728634,98.0,0.27073811400530184,0.010158967731984466,0.05093580771169495,1.9844674545084815,5.5711485786158335,5.88103168023963,98.0,5.726090129427732,0.15494155081189864,0.7768577720607676,1.9844674545084815,1.418390534080314,1.4721622969584687,98.0,1.4452764155193913,0.026885881439077344,0.13480248419617344,1.9844674545084815,99.0,0.24242424242424243,0.02258288646904416,0.051473279422288035,98.0,0.0370280829456661,0.014445196476621935,0.07242642850162301,1.9844674545084815,RandomForestRegressor,"{'mode': 'original', 'type': 'RandomForestRegressor'}",5,"['nodes_T6W50', 're_T6W50', 'pe_T6W50', 'l2_T6W50', 'l3_T6W50']",0.18395060000725877,0.2395540251821877,98.0,0.21175231259472324,0.027801712587464462,0.13939434830100356,1.9844674545084815,2.1623533726822446,2.2367893821076574,98.0,2.199571377394951,0.03721800471270649,0.18660647237719497,1.9844674545084815,completed,True,COMPLETE
