number,value,datetime_start,datetime_complete,duration,params_dt_max_depth,params_dt_min_samples_leaf,params_dt_min_samples_split,params_elastic_alpha,params_elastic_l1_ratio,params_et_max_depth,params_et_max_features,params_et_min_samples_leaf,params_et_min_samples_split,params_et_n_estimators,params_knn_metric,params_knn_n_neighbors,params_knn_weights,params_quantile_alpha,params_regressor,params_rf_max_depth,params_rf_max_features,params_rf_min_samples_leaf,params_rf_min_samples_split,params_rf_n_estimators,params_rfe_n_features,params_rfe_proxy_et_max_depth,params_rfe_proxy_et_min_samples_leaf,params_rfe_proxy_et_min_samples_split,params_rfe_proxy_et_n_estimators,params_rfe_proxy_lsvr_C,params_rfe_proxy_lsvr_epsilon,params_rfe_proxy_type,params_use_scaler,params_xgb_booster,params_xgb_colsample_bytree,params_xgb_learning_rate,params_xgb_max_depth,params_xgb_n_estimators,params_xgb_reg_alpha,params_xgb_reg_lambda,params_xgb_subsample,user_attrs_d2mae_ci_lower_val,user_attrs_d2mae_ci_upper_val,user_attrs_d2mae_df_val,user_attrs_d2mae_mean_val,user_attrs_d2mae_samperror_val,user_attrs_d2mae_std_val,user_attrs_d2mae_t_critical_val,user_attrs_mae_ci_lower_val,user_attrs_mae_ci_upper_val,user_attrs_mae_df_val,user_attrs_mae_mean_val,user_attrs_mae_samperror_val,user_attrs_mae_std_val,user_attrs_mae_t_critical_val,user_attrs_mape_ci_lower_val,user_attrs_mape_ci_upper_val,user_attrs_mape_df_val,user_attrs_mape_mean_val,user_attrs_mape_samperror_val,user_attrs_mape_std_val,user_attrs_mape_t_critical_val,user_attrs_max_error_ci_lower_val,user_attrs_max_error_ci_upper_val,user_attrs_max_error_df_val,user_attrs_max_error_mean_val,user_attrs_max_error_samperror_val,user_attrs_max_error_std_val,user_attrs_max_error_t_critical_val,user_attrs_median_ae_ci_lower_val,user_attrs_median_ae_ci_upper_val,user_attrs_median_ae_df_val,user_attrs_median_ae_mean_val,user_attrs_median_ae_samperror_val,user_attrs_median_ae_std_val,user_attrs_median_ae_t_critical_val,user_attrs_n_splits_val,user_attrs_r2_below_zero_val,user_attrs_r2_ci_lower_val,user_attrs_r2_ci_upper_val,user_attrs_r2_df_val,user_attrs_r2_mean_val,user_attrs_r2_samperror_val,user_attrs_r2_std_val,user_attrs_r2_t_critical_val,user_attrs_regressor_final,user_attrs_rfe_estimator,user_attrs_rfe_n_features,user_attrs_rfe_selected_features,user_attrs_rho_ci_lower_val,user_attrs_rho_ci_upper_val,user_attrs_rho_df_val,user_attrs_rho_mean_val,user_attrs_rho_samperror_val,user_attrs_rho_std_val,user_attrs_rho_t_critical_val,user_attrs_rmse_ci_lower_val,user_attrs_rmse_ci_upper_val,user_attrs_rmse_df_val,user_attrs_rmse_mean_val,user_attrs_rmse_samperror_val,user_attrs_rmse_std_val,user_attrs_rmse_t_critical_val,user_attrs_termination_reason,user_attrs_use_scaler_final,state
288,1.7252001552744967,2026-06-12 14:50:36.545472,2026-06-12 14:51:09.044531,0 days 00:00:32.499059,,,,,,,,,,,,,,,RandomForestRegressor,3.0,log2,1.0,12.0,394.0,3,,,,,,,,True,,,,,,,,,-0.004733318902740836,0.01387723593922556,98.0,0.004571958518242362,0.009305277420983199,0.0466555100797225,1.9844674545084815,1.7004374834483427,1.7499628271006507,98.0,1.7252001552744967,0.02476267182615388,0.1241569738029274,1.9844674545084815,0.2590918406849325,0.27903448215383186,98.0,0.2690631614193822,0.009971320734449647,0.049994968874888905,1.9844674545084815,5.5336463863318945,5.852403740403875,98.0,5.693025063367885,0.15937867703598993,0.7991049741491518,1.9844674545084815,1.4179352762815844,1.4729220513612569,98.0,1.4454286638214207,0.02749338753983627,0.13784844464691046,1.9844674545084815,99.0,0.2222222222222222,0.03533290274076281,0.06698711030634003,98.0,0.05116000652355142,0.015827103782788603,0.07935514081563899,1.9844674545084815,RandomForestRegressor,"{'mode': 'original', 'type': 'RandomForestRegressor'}",3,"['re_T6W50', 'pe_T6W50', 'l3_T6W50']",0.17966303807301717,0.2334713570853387,98.0,0.20656719757917794,0.026904159506160766,0.13489412816383478,1.9844674545084815,2.145738370259491,2.219577217011996,98.0,2.1826577936357436,0.03691942337625247,0.18510942248579307,1.9844674545084815,completed,True,COMPLETE
289,1.693608296517353,2026-06-12 14:51:09.057649,2026-06-12 14:51:09.207560,0 days 00:00:00.149911,,,,0.0035247350813452437,0.23467423691994016,,,,,,,,,,ElasticNet,,,,,,3,,,,,,,,True,,,,,,,,,,,,,,,,,,,,,,,,,,,,,,,,,,,,,,,,,,,,,,,,,,,,,ElasticNet,"{'mode': 'original', 'type': 'ElasticNet'}",3,"['pe_T6W50', 'l2_T6W50', 'atd_T6W50']",,,,,,,,,,,,,,,pruned,True,PRUNED
290,1.9701762822507052,2026-06-12 14:51:09.217443,2026-06-12 14:51:11.183787,0 days 00:00:01.966344,7.0,2.0,20.0,,,,,,,,,,,,DecisionTreeRegressor,,,,,,3,,,,,,,,True,,,,,,,,,-0.15952991720999937,-0.11616771391664998,98.0,-0.13784881556332468,0.021681101646674694,0.10870636206234024,1.9844674545084815,1.930897579430235,2.0094549850711756,98.0,1.9701762822507052,0.039278702820470274,0.1969385578152108,1.9844674545084815,0.29063331280732896,0.31174764663626775,98.0,0.30119047972179835,0.010557166914469408,0.052932329162014104,1.9844674545084815,6.08451128431223,6.440763996998173,98.0,6.262637640655202,0.178126356342972,0.8931035194161544,1.9844674545084815,1.5539453017519602,1.6564602119353393,98.0,1.6052027568436498,0.05125745509168964,0.2569985401293462,1.9844674545084815,99.0,0.9292929292929293,-0.31003006489627605,-0.21924398706141945,98.0,-0.26463702597884775,0.045393038917428304,0.22759508276299628,1.9844674545084815,DecisionTreeRegressor,"{'mode': 'original', 'type': 'DecisionTreeRegressor'}",3,"['pe_T6W50', 'l2_T6W50', 'lcc_T6W50']",0.07842189094227922,0.13891016752232888,98.0,0.10866602923230405,0.03024413829002482,0.1516403686859324,1.9844674545084815,2.4579309144921604,2.559184095014712,98.0,2.508557504753436,0.050626590261275826,0.2538354618972085,1.9844674545084815,completed,True,COMPLETE
291,1.7251567806678685,2026-06-12 14:51:11.196753,2026-06-12 14:51:43.791463,0 days 00:00:32.594710,,,,,,,,,,,,,,,RandomForestRegressor,3.0,log2,1.0,12.0,393.0,3,,,,,,,,True,,,,,,,,,-0.004704056387711416,0.013896951348297024,98.0,0.004596447480292805,0.00930050386800422,0.04663157607549554,1.9844674545084815,1.7004016100635562,1.7499119512721808,98.0,1.7251567806678685,0.024755170604312326,0.12411936360439105,1.9844674545084815,0.2590851083818812,0.2790260584433308,98.0,0.269055583412606,0.009970475030724789,0.04999072862101204,1.9844674545084815,5.533250098951052,5.852005935963295,98.0,5.6926280174571735,0.15937791850612165,0.7991011709742099,1.9844674545084815,1.4178761635727204,1.4728928255850047,98.0,1.4453844945788625,0.02750833100614206,0.13792336933870777,1.9844674545084815,99.0,0.2222222222222222,0.035432144216523055,0.06706569672041662,98.0,0.051248920468469836,0.01581677625194678,0.07930335985334304,1.9844674545084815,RandomForestRegressor,"{'mode': 'original', 'type': 'RandomForestRegressor'}",3,"['re_T6W50', 'pe_T6W50', 'l3_T6W50']",0.17948699058093406,0.23322496474242485,98.0,0.20635597766167946,0.0268689870807454,0.1347177779730501,1.9844674545084815,2.145644160823886,2.219469479330812,98.0,2.182556820077349,0.03691265925346282,0.185075508010736,1.9844674545084815,completed,True,COMPLETE
292,1.7341162833216568,2026-06-12 14:51:43.805433,2026-06-12 14:52:16.502691,0 days 00:00:32.697258,,,,,,,,,,,,,,,RandomForestRegressor,4.0,log2,1.0,12.0,392.0,3,,,,,,,,True,,,,,,,,,-0.011078236710579241,0.009512354004287774,98.0,-0.0007829413531457342,0.010295295357433508,0.05161933756422141,1.9844674545084815,1.7091897457677059,1.7590428208756077,98.0,1.7341162833216568,0.024926537553951005,0.12497857629461881,1.9844674545084815,0.25995900669347477,0.27974730069001225,98.0,0.2698531536917435,0.00989414699826874,0.04960802930679403,1.9844674545084815,5.5432961806663315,5.868005624468788,98.0,5.70565090256756,0.16235472190122854,0.8140264950158748,1.9844674545084815,1.4302352244950027,1.4888768167375162,98.0,1.4595560206162594,0.029320796121256747,0.14701084525390126,1.9844674545084815,99.0,0.24242424242424243,0.026644224701937544,0.06206953941533479,98.0,0.044356882058636166,0.017712657356698622,0.08880907322339741,1.9844674545084815,RandomForestRegressor,"{'mode': 'original', 'type': 'RandomForestRegressor'}",3,"['re_T6W50', 'pe_T6W50', 'l3_T6W50']",0.17113997224675573,0.22452502447235986,98.0,0.1978324983595578,0.02669252611280207,0.13383302450508872,1.9844674545084815,2.1526375057854517,2.2265981183733454,98.0,2.1896178120793985,0.03698030629394709,0.18541468190490276,1.9844674545084815,completed,True,COMPLETE
293,1.7305838203257868,2026-06-12 14:52:16.520957,2026-06-12 14:52:51.147566,0 days 00:00:34.626609,,,,,,,,,,,,,,,RandomForestRegressor,3.0,log2,2.0,12.0,421.0,3,,,,,,,,True,,,,,,,,,-0.0075272907537978564,0.010519912373181277,98.0,0.00149631080969171,0.009023601563489567,0.04524322216889952,1.9844674545084815,1.705932847469457,1.7552347931821166,98.0,1.7305838203257868,0.02465097285632973,0.12359692898354632,1.9844674545084815,0.2603318971263074,0.2802926165093254,98.0,0.2703122568178164,0.009980359691509004,0.05004028908761486,1.9844674545084815,5.547105286378925,5.870590174715912,98.0,5.708847730547419,0.1617424441684934,0.810956610192581,1.9844674545084815,1.4180171496727825,1.4721433939285062,98.0,1.4450802718006444,0.027063122127861793,0.1356911470879936,1.9844674545084815,99.0,0.2222222222222222,0.02940274357149712,0.06010136679608738,98.0,0.04475205518379225,0.015349311612295132,0.07695954996778276,1.9844674545084815,RandomForestRegressor,"{'mode': 'original', 'type': 'RandomForestRegressor'}",3,"['re_T6W50', 'pe_T6W50', 'l3_T6W50']",0.17139136112834935,0.2245743049634304,98.0,0.19798283304588987,0.026591471917540507,0.1333263512687817,1.9844674545084815,2.1532788317517095,2.227199058255329,98.0,2.1902389450035193,0.03696011325180974,0.18531343648917184,1.9844674545084815,completed,True,COMPLETE
294,1.7250834103231176,2026-06-12 14:52:51.161063,2026-06-12 14:53:22.418160,0 days 00:00:31.257097,,,,,,,,,,,,,,,RandomForestRegressor,3.0,log2,1.0,11.0,378.0,3,,,,,,,,True,,,,,,,,,-0.004659206105894657,0.013940184915077314,98.0,0.004640489404591329,0.009299695510485985,0.04662752307087958,1.9844674545084815,1.7003212072962373,1.749845613349998,98.0,1.7250834103231176,0.024762203026880408,0.12415462330135292,1.9844674545084815,0.2590752271779893,0.27901090473593554,98.0,0.2690430659569624,0.009967838778973092,0.04997751078078982,1.9844674545084815,5.534896983596676,5.853654789536606,98.0,5.694275886566641,0.15937890296996504,0.7991061069541588,1.9844674545084815,1.418858869865378,1.473408201484885,98.0,1.4461335356751315,0.027274665809753643,0.13675180094454073,1.9844674545084815,99.0,0.23232323232323232,0.03538720005657797,0.06701622527918166,98.0,0.05120171266787982,0.015814512611301845,0.07929201023912429,1.9844674545084815,RandomForestRegressor,"{'mode': 'original', 'type': 'RandomForestRegressor'}",3,"['re_T6W50', 'pe_T6W50', 'l3_T6W50']",0.1808676870396767,0.23436890130142896,98.0,0.20761829417055283,0.02675060713087613,0.13412423554604963,1.9844674545084815,2.145696482329049,2.219526932775963,98.0,2.182611707552506,0.03691522522345692,0.1850883734669183,1.9844674545084815,completed,True,COMPLETE
295,1.7368282393136003,2026-06-12 14:53:22.432247,2026-06-12 14:53:55.709313,0 days 00:00:33.277066,,,,,,,,,,,,,,,RandomForestRegressor,3.0,log2,3.0,11.0,407.0,3,,,,,,,,True,,,,,,,,,-0.011023495515077865,0.006776397439345822,98.0,-0.0021235490378660213,0.008899946477211844,0.04462323086039432,1.9844674545084815,1.712323186355439,1.7613332922717617,98.0,1.7368282393136003,0.02450505295816137,0.12286530466201086,1.9844674545084815,0.26161378352097714,0.28161391779740036,98.0,0.27161385065918875,0.010000067138211584,0.05013909978789602,1.9844674545084815,5.598005381252294,5.93079129020145,98.0,5.764398335726872,0.16639295447457744,0.8342736936759912,1.9844674545084815,1.4176302403730854,1.472821465124678,98.0,1.4452258527488817,0.027595612375796292,0.1383609873308906,1.9844674545084815,99.0,0.23232323232323232,0.021039888044115128,0.05165801377785604,98.0,0.036348950910985584,0.015309062866870454,0.07675774773632829,1.9844674545084815,RandomForestRegressor,"{'mode': 'original', 'type': 'RandomForestRegressor'}",3,"['re_T6W50', 'pe_T6W50', 'l3_T6W50']",0.15561548376213385,0.20822569086512366,98.0,0.18192058731362876,0.026305103551494916,0.13189053570046497,1.9844674545084815,2.162887000257496,2.236858742888832,98.0,2.199872871573164,0.03698587131566822,0.18544258423551127,1.9844674545084815,completed,True,COMPLETE
296,1.733694379391476,2026-06-12 14:53:55.723247,2026-06-12 14:54:29.117595,0 days 00:00:33.394348,,,,,,,,,,,,,,,RandomForestRegressor,4.0,log2,1.0,11.0,402.0,3,,,,,,,,True,,,,,,,,,-0.010798268051351294,0.009762853356961601,98.0,-0.0005177073471948461,0.010280560704156448,0.05154545983512341,1.9844674545084815,1.7086846552901689,1.7587041034927833,98.0,1.733694379391476,0.02500972410130715,0.12539566335426092,1.9844674545084815,0.25990740475971635,0.2797159617094194,98.0,0.2698116832345679,0.009904278474851556,0.049658827277284004,1.9844674545084815,5.547491862669907,5.873930573098888,98.0,5.7107112178843975,0.16321935521449046,0.8183616595077134,1.9844674545084815,1.4319693165042757,1.4901666740030919,98.0,1.4610679952536838,0.02909867874940817,0.14589717622370188,1.9844674545084815,99.0,0.24242424242424243,0.026930135496286863,0.06221453154311769,98.0,0.04457233351970228,0.017642198023415417,0.0884557988409709,1.9844674545084815,RandomForestRegressor,"{'mode': 'original', 'type': 'RandomForestRegressor'}",3,"['re_T6W50', 'pe_T6W50', 'l3_T6W50']",0.17079833657860405,0.2242058780993399,98.0,0.19750210733897197,0.026703770760367923,0.13388940377720676,1.9844674545084815,2.1523699255923967,2.2265223934356904,98.0,2.1894461595140435,0.03707623392164695,0.18589565116552711,1.9844674545084815,completed,True,COMPLETE
297,1.7248818261590222,2026-06-12 14:54:29.142456,2026-06-12 14:55:00.336230,0 days 00:00:31.193774,,,,,,,,,,,,,,,RandomForestRegressor,3.0,log2,1.0,12.0,378.0,3,,,,,,,,True,,,,,,,,,-0.004521504434151978,0.014044803185547627,98.0,0.004761649375697824,0.009283153809849802,0.04654458502982485,1.9844674545084815,1.7001194796415244,1.74964417267652,98.0,1.7248818261590222,0.024762346517497855,0.12415534274556138,1.9844674545084815,0.2590439496202232,0.2789833674830457,98.0,0.26901365855163445,0.009969708931411261,0.049986887493807836,1.9844674545084815,5.53392243381997,5.851310662858544,98.0,5.692616548339257,0.15869411451928714,0.795672662359478,1.9844674545084815,1.4187835948784528,1.4734422999104007,98.0,1.4461129473944268,0.027329352515973866,0.13702599332568682,1.9844674545084815,99.0,0.2222222222222222,0.03572667389256657,0.06724791776429012,98.0,0.05148729582842835,0.01576062193586178,0.07902180905785405,1.9844674545084815,RandomForestRegressor,"{'mode': 'original', 'type': 'RandomForestRegressor'}",3,"['re_T6W50', 'pe_T6W50', 'l3_T6W50']",0.18076286513239706,0.23386750286530758,98.0,0.20731518399885232,0.02655231886645526,0.13313004271322584,1.9844674545084815,2.1453920687322157,2.2192290117574975,98.0,2.1823105402448566,0.03691847151264112,0.18510464995937553,1.9844674545084815,completed,True,COMPLETE
298,1.7248813473858684,2026-06-12 14:55:00.349251,2026-06-12 14:55:32.139053,0 days 00:00:31.789802,,,,,,,,,,,,,,,RandomForestRegressor,3.0,log2,1.0,12.0,381.0,3,,,,,,,,True,,,,,,,,,-0.004519966081320318,0.014043581310559307,98.0,0.004761807614619495,0.009281773695939813,0.046537665309377446,1.9844674545084815,1.7001214525155797,1.7496412422561571,98.0,1.7248813473858684,0.02475989487028884,0.12414305048968363,1.9844674545084815,0.2590368349172164,0.2789708922316785,98.0,0.26900386357444744,0.00996702865723102,0.04997344893057375,1.9844674545084815,5.532566350501879,5.849977229303921,98.0,5.6912717899029,0.1587054394010208,0.7957294439157897,1.9844674545084815,1.418293113146303,1.4731703776318772,98.0,1.44573174538909,0.027438632242787114,0.13757390835983163,1.9844674545084815,99.0,0.2222222222222222,0.03574187306812364,0.06728662623705096,98.0,0.0515142496525873,0.01577237658446366,0.07908074541208802,1.9844674545084815,RandomForestRegressor,"{'mode': 'original', 'type': 'RandomForestRegressor'}",3,"['re_T6W50', 'pe_T6W50', 'l3_T6W50']",0.18030219192323274,0.23353052881585648,98.0,0.2069163603695446,0.026614168446311873,0.13344014885685568,1.9844674545084815,2.145358234764635,2.219191028337079,98.0,2.182274631550857,0.03691639678622195,0.18509424753771922,1.9844674545084815,completed,True,COMPLETE
299,1.7302785329964308,2026-06-12 14:55:32.152366,2026-06-12 14:56:02.914006,0 days 00:00:30.761640,,,,,,,,,,,,,,,RandomForestRegressor,3.0,log2,2.0,12.0,373.0,3,,,,,,,,True,,,,,,,,,-0.007378070402301516,0.010715896416673861,98.0,0.0016689130071861722,0.009046983409487688,0.04536045585278604,1.9844674545084815,1.7056305106080503,1.7549265553848112,98.0,1.7302785329964308,0.024648022388380406,0.12358213570217254,1.9844674545084815,0.2602735186351206,0.2802130212624444,98.0,0.2702432699487825,0.009969751313661915,0.04998709999317063,1.9844674545084815,5.546670969255046,5.868602996277361,98.0,5.7076369827662035,0.16096601351115736,0.8070636829083433,1.9844674545084815,1.4166912449060438,1.4714837657929218,98.0,1.4440875053494828,0.027396260443438934,0.13736146139859143,1.9844674545084815,99.0,0.2222222222222222,0.029428728286077097,0.06031927428446257,98.0,0.04487400128526983,0.015445272999192735,0.07744068849284913,1.9844674545084815,RandomForestRegressor,"{'mode': 'original', 'type': 'RandomForestRegressor'}",3,"['re_T6W50', 'pe_T6W50', 'l3_T6W50']",0.17159932256315008,0.22477173631147163,98.0,0.19818552943731085,0.026586206874160787,0.13329995299247466,1.9844674545084815,2.153131372541002,2.226952210113056,98.0,2.190041791327029,0.03691041878602711,0.18506427458412214,1.9844674545084815,completed,True,COMPLETE
