number,value,datetime_start,datetime_complete,duration,params_dt_max_depth,params_dt_min_samples_leaf,params_dt_min_samples_split,params_elastic_alpha,params_elastic_l1_ratio,params_et_max_depth,params_et_max_features,params_et_min_samples_leaf,params_et_min_samples_split,params_et_n_estimators,params_knn_metric,params_knn_n_neighbors,params_knn_weights,params_quantile_alpha,params_regressor,params_rf_max_depth,params_rf_max_features,params_rf_min_samples_leaf,params_rf_min_samples_split,params_rf_n_estimators,params_rfe_n_features,params_rfe_proxy_et_max_depth,params_rfe_proxy_et_min_samples_leaf,params_rfe_proxy_et_min_samples_split,params_rfe_proxy_et_n_estimators,params_rfe_proxy_lsvr_C,params_rfe_proxy_lsvr_epsilon,params_rfe_proxy_type,params_use_scaler,params_xgb_booster,params_xgb_colsample_bytree,params_xgb_learning_rate,params_xgb_max_depth,params_xgb_n_estimators,params_xgb_reg_alpha,params_xgb_reg_lambda,params_xgb_subsample,user_attrs_d2mae_ci_lower_val,user_attrs_d2mae_ci_upper_val,user_attrs_d2mae_df_val,user_attrs_d2mae_mean_val,user_attrs_d2mae_samperror_val,user_attrs_d2mae_std_val,user_attrs_d2mae_t_critical_val,user_attrs_mae_ci_lower_val,user_attrs_mae_ci_upper_val,user_attrs_mae_df_val,user_attrs_mae_mean_val,user_attrs_mae_samperror_val,user_attrs_mae_std_val,user_attrs_mae_t_critical_val,user_attrs_mape_ci_lower_val,user_attrs_mape_ci_upper_val,user_attrs_mape_df_val,user_attrs_mape_mean_val,user_attrs_mape_samperror_val,user_attrs_mape_std_val,user_attrs_mape_t_critical_val,user_attrs_max_error_ci_lower_val,user_attrs_max_error_ci_upper_val,user_attrs_max_error_df_val,user_attrs_max_error_mean_val,user_attrs_max_error_samperror_val,user_attrs_max_error_std_val,user_attrs_max_error_t_critical_val,user_attrs_median_ae_ci_lower_val,user_attrs_median_ae_ci_upper_val,user_attrs_median_ae_df_val,user_attrs_median_ae_mean_val,user_attrs_median_ae_samperror_val,user_attrs_median_ae_std_val,user_attrs_median_ae_t_critical_val,user_attrs_n_splits_val,user_attrs_r2_below_zero_val,user_attrs_r2_ci_lower_val,user_attrs_r2_ci_upper_val,user_attrs_r2_df_val,user_attrs_r2_mean_val,user_attrs_r2_samperror_val,user_attrs_r2_std_val,user_attrs_r2_t_critical_val,user_attrs_regressor_final,user_attrs_rfe_estimator,user_attrs_rfe_n_features,user_attrs_rfe_selected_features,user_attrs_rho_ci_lower_val,user_attrs_rho_ci_upper_val,user_attrs_rho_df_val,user_attrs_rho_mean_val,user_attrs_rho_samperror_val,user_attrs_rho_std_val,user_attrs_rho_t_critical_val,user_attrs_rmse_ci_lower_val,user_attrs_rmse_ci_upper_val,user_attrs_rmse_df_val,user_attrs_rmse_mean_val,user_attrs_rmse_samperror_val,user_attrs_rmse_std_val,user_attrs_rmse_t_critical_val,user_attrs_termination_reason,user_attrs_use_scaler_final,state
114,1.735678653996589,2026-06-12 14:00:20.674996,2026-06-12 14:00:23.401876,0 days 00:00:02.726880,,,,,,,,,,,,,,,XGBRegressor,,,,,,3,,,,,,,,False,gblinear,0.5492495146205858,0.014085687127889157,5.0,364.0,7.70400738215372e-06,6.070866321017e-05,0.7180959654851599,-0.005548660950056673,0.004030655830993676,98.0,-0.0007590025595314982,0.004789658390525174,0.024014754768478835,1.9844674545084815,1.7110289430245555,1.7603283649686223,98.0,1.735678653996589,0.02464971097203341,0.12359060205175883,1.9844674545084815,0.26130420219872275,0.2821419915712433,98.0,0.27172309688498303,0.01041889468626029,0.052239049311763854,1.9844674545084815,5.687399578939637,5.993730194518209,98.0,5.840564886728923,0.1531653077892859,0.7679519092373044,1.9844674545084815,1.3271544414876801,1.376795515695233,98.0,1.3519749785914565,0.024820537103776342,0.12444710314794753,1.9844674545084815,99.0,0.23232323232323232,0.013842623075206235,0.028197335156076586,98.0,0.02101997911564141,0.0071773560404351745,0.035986375466374725,1.9844674545084815,XGBRegressor,"{'mode': 'original', 'type': 'XGBRegressor'}",3,"['pe_T6W50', 'l3_T6W50', 'density_T6W50']",0.1526794454842096,0.2075141812593104,98.0,0.18009681337176,0.027417367887550382,0.1374672915127241,1.9844674545084815,2.1819540308845706,2.2585997584015134,98.0,2.220276894643042,0.038322863758471576,0.1921460989798502,1.9844674545084815,completed,False,COMPLETE
115,1.7205434331706926,2026-06-12 14:00:23.415637,2026-06-12 14:00:24.599742,0 days 00:00:01.184105,,,,,,,,,,,,,,,XGBRegressor,,,,,,2,,,,,,,,False,gbtree,0.6202224594137034,0.004952211266078324,4.0,398.0,9.561151632062386e-05,0.0005508284093986102,0.756230736984012,,,,,,,,,,,,,,,,,,,,,,,,,,,,,,,,,,,,,,,,,,,,,XGBRegressor,"{'mode': 'original', 'type': 'XGBRegressor'}",2,"['density_T6W50', 'asp_T6W50']",,,,,,,,,,,,,,,pruned,False,PRUNED
116,1.7705300121468193,2026-06-12 14:00:24.609542,2026-06-12 14:00:56.370081,0 days 00:00:31.760539,,,,,,,,,,,,,,,RandomForestRegressor,14.0,sqrt,1.0,12.0,365.0,3,,,,,,,,True,,,,,,,,,-0.03361418094906604,-0.010166955481136913,98.0,-0.021890568215101477,0.011723612733964564,0.05878074423088545,1.9844674545084815,1.7440587658437618,1.7970012584498767,98.0,1.7705300121468193,0.02647124630305747,0.13272355490768603,1.9844674545084815,0.2643251774862837,0.28422429322938414,98.0,0.2742747353578339,0.009949557871550201,0.049885852572017685,1.9844674545084815,5.6619024311191115,5.99720907538652,98.0,5.829555753252816,0.16765332213370465,0.8405930212321977,1.9844674545084815,1.4541351004668837,1.5197356256526353,98.0,1.4869353630597595,0.03280026259287592,0.1644564597900805,1.9844674545084815,99.0,0.42424242424242425,-0.016834305613872433,0.024350655233034528,98.0,0.003758174809581047,0.02059248042345348,0.10324814989356959,1.9844674545084815,RandomForestRegressor,"{'mode': 'original', 'type': 'RandomForestRegressor'}",3,"['re_T6W50', 'pe_T6W50', 'l3_T6W50']",0.1290767814739363,0.18056969598383,98.0,0.15482323872888315,0.025746457254946852,0.12908955226489063,1.9844674545084815,2.196477784560039,2.27292681438062,98.0,2.2347022994703294,0.03822451491029032,0.19165299001919708,1.9844674545084815,completed,True,COMPLETE
117,1.7663799909047568,2026-06-12 14:00:56.386411,2026-06-12 14:00:58.890273,0 days 00:00:02.503862,,,,,,,,,,,,,,0.0001917200140795126,QuantileRegressor,,,,,,2,,,,,,,,False,,,,,,,,,-0.02465079911620661,-0.01236493468161044,98.0,-0.018507866898908525,0.006142932217298086,0.030799902358302877,1.9844674545084815,1.7407386451011069,1.7920213367084068,98.0,1.7663799909047568,0.02564134580364994,0.12856253644863794,1.9844674545084815,0.26652639252776006,0.2871343992823637,98.0,0.27683039590506187,0.010304003377301798,0.05166299849880282,1.9844674545084815,5.752770358194779,6.110899885005322,98.0,5.93183512160005,0.1790647634052715,0.8978085763610737,1.9844674545084815,1.3152716299272837,1.4305686371833644,98.0,1.372920133555324,0.05764850362804021,0.28904246702348857,1.9844674545084815,99.0,0.7171717171717171,-0.03263939838569227,-0.010614203721348098,98.0,-0.021626801053520186,0.011012597332172087,0.0552158009471567,1.9844674545084815,QuantileRegressor,"{'mode': 'original', 'type': 'QuantileRegressor'}",2,"['re_T6W50', 'asp_T6W50']",0.06779370741704156,0.11575323216187385,68.0,0.0917734697894577,0.023979762372416138,0.09982158239220873,1.9954689314298435,2.2287430445305043,2.304751206392365,98.0,2.2667471254614346,0.03800408093093046,0.1905477613107283,1.9844674545084815,completed,False,COMPLETE
118,1.7483192068814166,2026-06-12 14:00:58.903022,2026-06-12 14:01:00.833710,0 days 00:00:01.930688,,,,0.0018880039846901537,0.03184167073277744,,,,,,,,,,ElasticNet,,,,,,3,,,,,,,,False,,,,,,,,,-0.014236077779948285,-0.001955391163444899,98.0,-0.008095734471696592,0.006140343308251693,0.03078692188854954,1.9844674545084815,1.722802213773745,1.7738361999890881,98.0,1.7483192068814166,0.0255169931076715,0.12793904741137613,1.9844674545084815,0.2650792283668034,0.2861087166057479,98.0,0.27559397248627565,0.010514744119472235,0.052719626514897165,1.9844674545084815,5.790148816733589,6.105711088771465,98.0,5.947929952752527,0.1577811360189382,0.7910951010790858,1.9844674545084815,1.3475819621119252,1.3934967396309679,98.0,1.3705393508714465,0.0229573887595214,0.11510550779052292,1.9844674545084815,99.0,0.31313131313131315,0.009818646360318033,0.02859024337943704,98.0,0.019204444869877536,0.009385798509559503,0.0470592328587157,1.9844674545084815,ElasticNet,"{'mode': 'original', 'type': 'ElasticNet'}",3,"['pe_T6W50', 'l2_T6W50', 'asp_T6W50']",0.14777503440763193,0.19130843943480993,98.0,0.16954173692122093,0.021766702513589007,0.10913555422163557,1.9844674545084815,2.1826593323919545,2.262091864850212,98.0,2.2223755986210834,0.03971626622912874,0.19913244662685955,1.9844674545084815,completed,False,COMPLETE
119,1.7992051520598369,2026-06-12 14:01:00.846408,2026-06-12 14:01:03.359685,0 days 00:00:02.513277,2.0,3.0,10.0,,,,,,,,,,,,DecisionTreeRegressor,,,,,,2,,,,,,,,False,,,,,,,,,-0.0489998226001007,-0.026707937618656842,98.0,-0.03785388010937877,0.011145942490721929,0.05588437707953245,1.9844674545084815,1.7703396388039905,1.8280706653156833,98.0,1.7992051520598369,0.028865513255846506,0.14472811327770319,1.9844674545084815,0.2685770218997142,0.2891915474528929,98.0,0.27888428467630355,0.010307262776589311,0.05167934072369656,1.9844674545084815,5.7237712574919355,6.026367677108884,98.0,5.87506946730041,0.15129820980847436,0.7585905108906897,1.9844674545084815,1.4461531670817427,1.4922656878279896,98.0,1.4692094274548662,0.023056260373123562,0.115601237832339,1.9844674545084815,99.0,0.6161616161616161,-0.057131866916548396,-0.014989615689128932,98.0,-0.036060741302838664,0.021071125613709732,0.10564801767701198,1.9844674545084815,DecisionTreeRegressor,"{'mode': 'original', 'type': 'DecisionTreeRegressor'}",2,"['re_T6W50', 'pe_T6W50']",0.07403301784570712,0.13080653585026164,97.0,0.10241977684798438,0.028386759002277266,0.14158880139564176,1.9847231860139845,2.239402720539,2.3198800242525435,98.0,2.279641372395772,0.04023865185677179,0.20175162355338985,1.9844674545084815,completed,False,COMPLETE
120,1.7744989432540597,2026-06-12 14:01:03.403162,2026-06-12 14:01:04.819177,0 days 00:00:01.416015,,,,,,,,,,,,,,,XGBRegressor,,,,,,3,,,,,,,,True,gbtree,0.7387843673076065,0.009069719480613771,6.0,222.0,0.002475293602101256,0.008651652516158412,0.7904340759351893,,,,,,,,,,,,,,,,,,,,,,,,,,,,,,,,,,,,,,,,,,,,,XGBRegressor,"{'mode': 'original', 'type': 'XGBRegressor'}",3,"['density_T6W50', 'diameter_T6W50', 'asp_T6W50']",,,,,,,,,,,,,,,pruned,True,PRUNED
121,1.7322907708474586,2026-06-12 14:01:04.829658,2026-06-12 14:01:07.338335,0 days 00:00:02.508677,,,,,,,,,,,,,,,XGBRegressor,,,,,,2,,,,,,,,False,gblinear,0.7797479385639269,0.011555775177641218,6.0,322.0,6.228794459618672e-05,0.0011108453546690659,0.7805868868415653,-0.002480200805061398,0.005084378227872051,98.0,0.0013020887114053266,0.0037822895164667243,0.018963931828837047,1.9844674545084815,1.7076230315374692,1.756958510157448,98.0,1.7322907708474586,0.024667739309989424,0.1236809939084627,1.9844674545084815,0.2604624804583614,0.28141817775643574,98.0,0.27094032910739857,0.010477848649037143,0.05253463718949577,1.9844674545084815,5.68564923265185,5.994218974181497,98.0,5.839934103416674,0.15428487076482347,0.7735652595252057,1.9844674545084815,1.276913095545759,1.330612440962512,98.0,1.3037627682541355,0.026849672708376512,0.13462093809886125,1.9844674545084815,99.0,0.1919191919191919,0.014574959021549004,0.02579502144645604,98.0,0.020184990234002522,0.005610031212453519,0.028128002631062618,1.9844674545084815,XGBRegressor,"{'mode': 'original', 'type': 'XGBRegressor'}",2,"['l3_T6W50', 'density_T6W50']",0.17482322473027545,0.2289182957705746,98.0,0.20187076025042502,0.027047535520149567,0.13561299776473038,1.9844674545084815,2.1828928159409124,2.2604689544790815,98.0,2.221680885209997,0.038788069269084305,0.19447858187182626,1.9844674545084815,completed,False,COMPLETE
122,1.7473960448831916,2026-06-12 14:01:07.351267,2026-06-12 14:01:10.086145,0 days 00:00:02.734878,,,,,,,,,,,,,,,XGBRegressor,,,,,,2,,,,,,,,False,gblinear,0.7004230936006232,0.014426975830931357,6.0,338.0,0.00032570463277910457,0.0014911096558510057,0.7731082400380271,-0.009215160586363787,-0.005223966603155112,98.0,-0.00721956359475945,0.0019955969916043382,0.010005676493524953,1.9844674545084815,1.7221156507546327,1.7726764390117504,98.0,1.7473960448831916,0.02528039412855887,0.12675276939349034,1.9844674545084815,0.26467949734053337,0.28608693457813655,98.0,0.27538321595933496,0.010703718618801579,0.053667121281510924,1.9844674545084815,5.745029850728548,6.053521361929034,98.0,5.899275606328791,0.1542457556002434,0.7733691409279008,1.9844674545084815,1.1884103175754535,1.2614459877877489,98.0,1.2249281526816012,0.036517835106147783,0.18309590856932265,1.9844674545084815,99.0,0.42424242424242425,-0.005618752435800244,0.0005585752088321108,98.0,-0.0025300886134840667,0.0030886638223161776,0.01548617838840539,1.9844674545084815,XGBRegressor,"{'mode': 'original', 'type': 'XGBRegressor'}",2,"['pe_T6W50', 'l2_T6W50']",0.03881354654451067,0.09483369021531377,98.0,0.06682361837991221,0.028010071835401544,0.14043903579956335,1.9844674545084815,2.2080665815957192,2.28736511873478,98.0,2.2477158501652497,0.03964926856953048,0.19879652864813754,1.9844674545084815,completed,False,COMPLETE
123,1.7324365723319612,2026-06-12 14:01:10.099091,2026-06-12 14:01:12.781412,0 days 00:00:02.682321,,,,,,,,,,,,,,,XGBRegressor,,,,,,2,,,,,,,,False,gblinear,0.9545919498101743,0.011174449522853883,7.0,291.0,1.067909037324446e-05,0.0004012800478058725,0.825167985414142,-0.0022051921324235677,0.004707184377899716,98.0,0.0012509961227380741,0.003456188255161642,0.017328900437991967,1.9844674545084815,1.707731811958072,1.7571413327058505,98.0,1.7324365723319612,0.02470476037388917,0.12386661294396202,1.9844674545084815,0.2605636867679934,0.2815643815983147,98.0,0.27106403418315406,0.010500347415160642,0.052647443220113326,1.9844674545084815,5.688308037261812,5.997472728772556,98.0,5.842890383017184,0.15458234575537264,0.7750567623350773,1.9844674545084815,1.2636745432953418,1.3198645524965615,98.0,1.2917695478959517,0.028095004600609784,0.14086487817953758,1.9844674545084815,99.0,0.1919191919191919,0.013782507108615607,0.02408334741342036,98.0,0.018932927261017984,0.0051504201524023765,0.025823569622261223,1.9844674545084815,XGBRegressor,"{'mode': 'original', 'type': 'XGBRegressor'}",2,"['l3_T6W50', 'density_T6W50']",0.1751333155366804,0.22929906257491608,98.0,0.20221618905579825,0.027082873519117836,0.1357901781208306,1.9844674545084815,2.1843115432401485,2.2620714501244383,98.0,2.2231914966822934,0.038879953442144746,0.1949392777509971,1.9844674545084815,completed,False,COMPLETE
124,1.7490142551028487,2026-06-12 14:01:12.794297,2026-06-12 14:01:15.669488,0 days 00:00:02.875191,,,,,,,,,,,,,,,XGBRegressor,,,,,,2,,,,,,,,False,gblinear,0.6030629516291772,0.020583621604474262,6.0,333.0,7.372581317565743e-05,5.5212703636141424e-05,0.8903065761374551,-0.010625607945441812,-0.00574474906823833,98.0,-0.008185178506840071,0.002440429438601741,0.012236011364345182,1.9844674545084815,1.723765354850592,1.7742631553551054,98.0,1.7490142551028487,0.02524890025225665,0.1265948629929832,1.9844674545084815,0.26510819263148794,0.28648637815712635,98.0,0.27579728539430715,0.010689092762819201,0.053593789048592036,1.9844674545084815,5.747887643719991,6.054393254326022,98.0,5.901140449023006,0.15325280530301558,0.7683906109491482,1.9844674545084815,1.2092731274703108,1.2790960435952026,98.0,1.2441845855327567,0.0349114580624458,0.17504173275450272,1.9844674545084815,99.0,0.3838383838383838,-0.005359089351623665,0.00191144154580086,98.0,-0.0017238239029114025,0.0036352654487122626,0.018226771337564417,1.9844674545084815,XGBRegressor,"{'mode': 'original', 'type': 'XGBRegressor'}",2,"['pe_T6W50', 'l2_T6W50']",0.04195562870668783,0.09800459855319908,98.0,0.06998011362994346,0.028024484923255624,0.14051130123940286,1.9844674545084815,2.2071522002488835,2.286339106828058,98.0,2.2467456535384707,0.03959345328958719,0.1985166777379299,1.9844674545084815,completed,False,COMPLETE
125,1.7719267895740158,2026-06-12 14:01:15.682917,2026-06-12 14:01:41.768267,0 days 00:00:26.085350,,,,,,,,,,,,,,,RandomForestRegressor,5.0,sqrt,2.0,9.0,305.0,13,,,,,,,,False,,,,,,,,,-0.03274197860336501,-0.012270167605492545,98.0,-0.022506073104428776,0.010235905498936231,0.05132156415926039,1.9844674545084815,1.7463765053096767,1.797477073838355,98.0,1.7719267895740158,0.02555028426433915,0.12810596515334163,1.9844674545084815,0.2656142454045401,0.2854885961907891,98.0,0.2755514207976646,0.009937175393124524,0.049823768356699355,1.9844674545084815,5.59758985146934,5.861595765234083,98.0,5.729592808351711,0.13200295688237176,0.6618464992232272,1.9844674545084815,1.4333803570952672,1.495074876215209,98.0,1.4642276166552382,0.03084725955997094,0.15466434413730512,1.9844674545084815,99.0,0.4444444444444444,-0.0256764314728185,0.011731779090396459,98.0,-0.006972326191211021,0.01870410528160748,0.09378007049316152,1.9844674545084815,RandomForestRegressor,"{'mode': 'original', 'type': 'RandomForestRegressor'}",13,"['nodes_T6W50', 'edges_T6W50', 're_T6W50', 'pe_T6W50', 'l1_T6W50', 'l2_T6W50', 'l3_T6W50', 'lcc_T6W50', 'lsc_T6W50', 'atd_T6W50', 'density_T6W50', 'diameter_T6W50', 'asp_T6W50']",0.11119432833577417,0.1607968946502724,98.0,0.13599561149302328,0.024801283157249103,0.12435056624145507,1.9844674545084815,2.211093598528177,2.2827939714407455,98.0,2.2469437849844613,0.035850186456283996,0.17974840081601356,1.9844674545084815,completed,False,COMPLETE
126,1.7355133659368835,2026-06-12 14:01:41.781715,2026-06-12 14:01:44.662460,0 days 00:00:02.880745,,,,,,,,,,,,,,,XGBRegressor,,,,,,3,,,,,,,,False,gblinear,0.5168874163440313,0.006454927789736957,8.0,390.0,3.9564717650851775e-08,0.0023114009603610237,0.7346055931380342,-0.0033495231506792704,0.0023633143470433455,98.0,-0.0004931044018179623,0.002856418748861308,0.014321730314981407,1.9844674545084815,1.7108278863481827,1.7601988455255844,98.0,1.7355133659368835,0.024685479588700803,0.12376994147174217,1.9844674545084815,0.26062523463268017,0.28163512422834025,98.0,0.2711301794305102,0.010504944797830063,0.05267049392819751,1.9844674545084815,5.701029488064818,6.010957920659879,98.0,5.855993704362349,0.15496421629753065,0.7769714140023805,1.9844674545084815,1.2299721029000252,1.2943205250703522,98.0,1.2621463139851887,0.0321742110851634,0.1613175149626386,1.9844674545084815,99.0,0.23232323232323232,0.00837052085195043,0.01736242996433164,98.0,0.012866475408141035,0.004495954556190605,0.022542160069437416,1.9844674545084815,XGBRegressor,"{'mode': 'original', 'type': 'XGBRegressor'}",3,"['pe_T6W50', 'l3_T6W50', 'density_T6W50']",0.15037673855279116,0.205552460738877,98.0,0.17796459964583408,0.027587861093042915,0.1383221233578708,1.9844674545084815,2.1912811774770793,2.268740644610107,98.0,2.230010911043593,0.03872973356651395,0.19418609387430116,1.9844674545084815,completed,False,COMPLETE
127,1.7345835441981394,2026-06-12 14:01:44.675920,2026-06-12 14:01:50.850810,0 days 00:00:06.174890,,,,,,,,,,,,,,,RandomForestRegressor,3.0,log2,1.0,12.0,54.0,2,,,,,,,,False,,,,,,,,,-0.010224458871952693,0.00866186851399512,98.0,-0.0007812951789787863,0.009443163692973907,0.047346854793230045,1.9844674545084815,1.7092154260626136,1.7599516623336653,98.0,1.7345835441981394,0.025368118135525926,0.12719260671441276,1.9844674545084815,0.25923874220693216,0.2789745921230787,98.0,0.2691066671650054,0.009867924958073275,0.049476555240487136,1.9844674545084815,5.553446684293055,5.8428364548116285,98.0,5.698141569552342,0.14469488525928628,0.725482258323216,1.9844674545084815,1.418986603040166,1.4698818322205809,98.0,1.4444342176303735,0.025447614590207484,0.12759119210578798,1.9844674545084815,99.0,0.26262626262626265,0.022394033167930264,0.056319994973331455,98.0,0.03935701407063086,0.016962980902700594,0.08505028820564346,1.9844674545084815,RandomForestRegressor,"{'mode': 'original', 'type': 'RandomForestRegressor'}",2,"['re_T6W50', 'pe_T6W50']",0.14545097191335668,0.20019715511708572,98.0,0.1728240635152212,0.02737309160186453,0.1372452956925403,1.9844674545084815,2.158510917624077,2.2329971129044113,98.0,2.195754015264244,0.0372430976401671,0.18673228521190188,1.9844674545084815,completed,False,COMPLETE
128,1.7338614613968775,2026-06-12 14:01:50.863573,2026-06-12 14:01:54.023881,0 days 00:00:03.160308,,,,,,,,,,,,,,,XGBRegressor,,,,,,3,,,,,,,,False,gblinear,0.547092073784955,0.1397014479926597,3.0,323.0,0.0009504918871470596,1.6548240727190382e-08,0.5233710977847985,-0.008987718440041344,0.008678843228983093,98.0,-0.00015443760552912624,0.008833280834512219,0.044288977573337045,1.9844674545084815,1.7083097474868876,1.7594131753068674,98.0,1.7338614613968775,0.02555171390998983,0.1281131332198106,1.9844674545084815,0.2617503755099112,0.28213064521444153,98.0,0.27194051036217637,0.010190134852265144,0.05109207579792439,1.9844674545084815,5.650460790808196,5.972887849864892,98.0,5.811674320336544,0.16121352952834833,0.8083046976048966,1.9844674545084815,1.399448576692177,1.4508001646889193,98.0,1.425124370690548,0.025675793998371183,0.12873525543629766,1.9844674545084815,99.0,0.29292929292929293,0.017587111914789948,0.046138624707998295,98.0,0.03186286831139412,0.014275756396604175,0.07157687689735259,1.9844674545084815,XGBRegressor,"{'mode': 'original', 'type': 'XGBRegressor'}",3,"['pe_T6W50', 'l2_T6W50', 'l3_T6W50']",0.17831180717514977,0.23073875560860246,98.0,0.20452528139187612,0.026213474216726335,0.13143111754897024,1.9844674545084815,2.167938713571384,2.2438171921163685,98.0,2.2058779528438763,0.037939239272492015,0.19022265325515983,1.9844674545084815,completed,False,COMPLETE
