number,value,datetime_start,datetime_complete,duration,params_dt_max_depth,params_dt_min_samples_leaf,params_dt_min_samples_split,params_elastic_alpha,params_elastic_l1_ratio,params_et_max_depth,params_et_max_features,params_et_min_samples_leaf,params_et_min_samples_split,params_et_n_estimators,params_knn_metric,params_knn_n_neighbors,params_knn_weights,params_quantile_alpha,params_regressor,params_rf_max_depth,params_rf_max_features,params_rf_min_samples_leaf,params_rf_min_samples_split,params_rf_n_estimators,params_rfe_n_features,params_rfe_proxy_et_max_depth,params_rfe_proxy_et_min_samples_leaf,params_rfe_proxy_et_min_samples_split,params_rfe_proxy_et_n_estimators,params_rfe_proxy_lsvr_C,params_rfe_proxy_lsvr_epsilon,params_rfe_proxy_type,params_use_scaler,params_xgb_booster,params_xgb_colsample_bytree,params_xgb_learning_rate,params_xgb_max_depth,params_xgb_n_estimators,params_xgb_reg_alpha,params_xgb_reg_lambda,params_xgb_subsample,user_attrs_d2mae_ci_lower_val,user_attrs_d2mae_ci_upper_val,user_attrs_d2mae_df_val,user_attrs_d2mae_mean_val,user_attrs_d2mae_samperror_val,user_attrs_d2mae_std_val,user_attrs_d2mae_t_critical_val,user_attrs_mae_ci_lower_val,user_attrs_mae_ci_upper_val,user_attrs_mae_df_val,user_attrs_mae_mean_val,user_attrs_mae_samperror_val,user_attrs_mae_std_val,user_attrs_mae_t_critical_val,user_attrs_mape_ci_lower_val,user_attrs_mape_ci_upper_val,user_attrs_mape_df_val,user_attrs_mape_mean_val,user_attrs_mape_samperror_val,user_attrs_mape_std_val,user_attrs_mape_t_critical_val,user_attrs_max_error_ci_lower_val,user_attrs_max_error_ci_upper_val,user_attrs_max_error_df_val,user_attrs_max_error_mean_val,user_attrs_max_error_samperror_val,user_attrs_max_error_std_val,user_attrs_max_error_t_critical_val,user_attrs_median_ae_ci_lower_val,user_attrs_median_ae_ci_upper_val,user_attrs_median_ae_df_val,user_attrs_median_ae_mean_val,user_attrs_median_ae_samperror_val,user_attrs_median_ae_std_val,user_attrs_median_ae_t_critical_val,user_attrs_n_splits_val,user_attrs_r2_below_zero_val,user_attrs_r2_ci_lower_val,user_attrs_r2_ci_upper_val,user_attrs_r2_df_val,user_attrs_r2_mean_val,user_attrs_r2_samperror_val,user_attrs_r2_std_val,user_attrs_r2_t_critical_val,user_attrs_regressor_final,user_attrs_rfe_estimator,user_attrs_rfe_n_features,user_attrs_rfe_selected_features,user_attrs_rho_ci_lower_val,user_attrs_rho_ci_upper_val,user_attrs_rho_df_val,user_attrs_rho_mean_val,user_attrs_rho_samperror_val,user_attrs_rho_std_val,user_attrs_rho_t_critical_val,user_attrs_rmse_ci_lower_val,user_attrs_rmse_ci_upper_val,user_attrs_rmse_df_val,user_attrs_rmse_mean_val,user_attrs_rmse_samperror_val,user_attrs_rmse_std_val,user_attrs_rmse_t_critical_val,user_attrs_termination_reason,user_attrs_use_scaler_final,state
129,1.7676363478207449,2026-06-12 14:01:54.036800,2026-06-12 14:02:13.590131,0 days 00:00:19.553331,,,,,,,,,,,,,,,RandomForestRegressor,6.0,sqrt,2.0,10.0,217.0,2,,,,,,,,True,,,,,,,,,-0.032019980341773946,-0.008457266965626074,98.0,-0.02023862365370001,0.011781356688073938,0.059070265274816694,1.9844674545084815,1.7410840412827369,1.7941886543587529,98.0,1.7676363478207449,0.02655230653800808,0.1331299808999165,1.9844674545084815,0.2633948074482412,0.2828872429745405,98.0,0.27314102521139083,0.009746217763149675,0.04886633041830953,1.9844674545084815,5.691244009450859,6.0185016314100555,98.0,5.854872820430457,0.1636288109795979,0.8204146200710485,1.9844674545084815,1.4125145202838505,1.485425291767533,98.0,1.4489699060256918,0.036455385741841234,0.18278279518064425,1.9844674545084815,99.0,0.494949494949495,-0.025009134452083737,0.01725861109659899,98.0,-0.0038752616777423736,0.021133872774341363,0.10596262417963184,1.9844674545084815,RandomForestRegressor,"{'mode': 'original', 'type': 'RandomForestRegressor'}",2,"['re_T6W50', 'pe_T6W50']",0.11390739446912666,0.167147189957471,98.0,0.14052729221329882,0.02661989774417216,0.13346887484770767,1.9844674545084815,2.2045644397915147,2.2812506676988376,98.0,2.242907553745176,0.03834311395366154,0.19224763095391803,1.9844674545084815,completed,True,COMPLETE
130,1.7361744724658246,2026-06-12 14:02:13.603226,2026-06-12 14:02:16.369711,0 days 00:00:02.766485,,,,,,,,,,,,,,,XGBRegressor,,,,,,2,,,,,,,,False,gblinear,0.5014121970106368,0.01212677446547152,5.0,356.0,0.01590447950637923,0.008985434334260455,0.7997597350628344,-0.005033963321348558,0.0030862798682811583,98.0,-0.0009738417265336997,0.004060121594814858,0.020356947506436476,1.9844674545084815,1.7115089970659976,1.7608399478656516,98.0,1.7361744724658246,0.024665475399826976,0.12366964294291648,1.9844674545084815,0.26095861514166857,0.281866558689232,98.0,0.2714125869154503,0.010453971773781712,0.05241492149014004,1.9844674545084815,5.687390214213903,5.993893698059465,98.0,5.840641956136684,0.15325174192278096,0.7683852792921743,1.9844674545084815,1.2956089618731699,1.347746340263184,98.0,1.321677651068177,0.026068689195007065,0.13070518335758505,1.9844674545084815,99.0,0.20202020202020202,0.012352355263589902,0.024242131508565752,98.0,0.018297243386077827,0.005944888122487925,0.02980693376170743,1.9844674545084815,XGBRegressor,"{'mode': 'original', 'type': 'XGBRegressor'}",2,"['l2_T6W50', 'l3_T6W50']",0.15493028944159726,0.20918739168269923,98.0,0.18205884056214824,0.027128551120550994,0.1360191999648518,1.9844674545084815,2.1849905256229234,2.2624833733337195,98.0,2.2237369494783215,0.0387464238553979,0.1942697769184523,1.9844674545084815,completed,False,COMPLETE
131,1.7325626971297134,2026-06-12 14:02:16.382765,2026-06-12 14:02:18.953893,0 days 00:00:02.571128,,,,,,,,,,,,,,,XGBRegressor,,,,,,2,,,,,,,,False,gblinear,0.9695397732797836,0.010765283451786317,7.0,288.0,6.6548794337501144e-06,0.0004148894983807749,0.8258544955265785,-0.0021469318223530385,0.0045232462904030305,98.0,0.0011881572340249958,0.0033350890563780345,0.016721724033261203,1.9844674545084815,1.7078522185411824,1.7572731757182445,98.0,1.7325626971297134,0.024710478588530937,0.12389528336492718,1.9844674545084815,0.26056167445463924,0.2815746029729111,98.0,0.27106813871377516,0.010506464259135938,0.05267811231925291,1.9844674545084815,5.689329856259174,5.998852069042427,98.0,5.8440909626508,0.15476110639162663,0.7759530460555174,1.9844674545084815,1.2582344465674506,1.3156745808404169,98.0,1.2869545137039338,0.028720067136483122,0.14399886442449727,1.9844674545084815,99.0,0.1919191919191919,0.013337408134097038,0.023323943905003534,98.0,0.018330676019550286,0.004993267885453247,0.025035627592917442,1.9844674545084815,XGBRegressor,"{'mode': 'original', 'type': 'XGBRegressor'}",2,"['l3_T6W50', 'density_T6W50']",0.17511253647943215,0.2293624709943612,98.0,0.20223750373689667,0.02712496725746452,0.13600123091860086,1.9844674545084815,2.184995402278417,2.2628023088448805,98.0,2.223898855561649,0.03890345328323186,0.1950571030476658,1.9844674545084815,completed,False,COMPLETE
132,1.7482995938773105,2026-06-12 14:02:18.966885,2026-06-12 14:02:21.449858,0 days 00:00:02.482973,,,,,,,,,,,,,,,XGBRegressor,,,,,,2,,,,,,,,False,gblinear,0.9771916311630741,0.017035907742988528,7.0,294.0,1.8960802283498064e-05,0.0008515802803552366,0.8398349356493189,-0.009984103026327629,-0.005553970990175736,98.0,-0.007769037008251682,0.002215066018075946,0.011106067047560803,1.9844674545084815,1.7231001333380895,1.7734990544165314,98.0,1.7482995938773105,0.025199460539220956,0.12634697838669795,1.9844674545084815,0.26452384741737744,0.2859077867597859,98.0,0.27521581708858167,0.010691969671204206,0.053608213511408404,1.9844674545084815,5.744675921434451,6.053170612600971,98.0,5.898923267017711,0.1542473455832594,0.7733771129060883,1.9844674545084815,1.1893227902205958,1.263094564170483,98.0,1.2262086771955394,0.03688588697494348,0.1849412751175286,1.9844674545084815,99.0,0.4444444444444444,-0.007383495711075868,-0.0006076666683632144,98.0,-0.003995581189719541,0.0033879145213563267,0.016986584381025058,1.9844674545084815,XGBRegressor,"{'mode': 'original', 'type': 'XGBRegressor'}",2,"['pe_T6W50', 'density_T6W50']",0.025973487730176652,0.07814839921712333,98.0,0.052060943473649986,0.026087455743473334,0.13079927651048293,1.9844674545084815,2.2097727524251454,2.288713664512712,98.0,2.2492432084689287,0.03947045604378345,0.19789998476019727,1.9844674545084815,completed,False,COMPLETE
133,1.7360310036018358,2026-06-12 14:02:21.462846,2026-06-12 14:02:24.496151,0 days 00:00:03.033305,,,,,,,,,,,,,,,XGBRegressor,,,,,,3,,,,,,,,False,gblinear,0.936881316240453,0.007518098597695788,6.0,245.0,5.7214128903166886e-05,0.00039230484077023995,0.7663190235549167,-0.0029873427132483866,0.0015350101762271182,98.0,-0.0007261662685106341,0.0022611764447377524,0.0113372590237451,1.9844674545084815,1.711165113644179,1.7608968935594926,98.0,1.7360310036018358,0.024865889957656782,0.1246744967479053,1.9844674545084815,0.2612038729412948,0.2823490308972005,98.0,0.27177645191924765,0.010572578977952855,0.05300960334210247,1.9844674545084815,5.701338082470823,6.013635877789126,98.0,5.857486980129974,0.15614889765915174,0.7829112598240358,1.9844674545084815,1.2131279930069014,1.2809848405748883,98.0,1.2470564167908949,0.03392842378399348,0.1701129204674426,1.9844674545084815,99.0,0.21212121212121213,0.007336661704927855,0.014467960975369289,98.0,0.010902311340148572,0.0035656496352207173,0.017877726259043835,1.9844674545084815,XGBRegressor,"{'mode': 'original', 'type': 'XGBRegressor'}",3,"['l2_T6W50', 'l3_T6W50', 'density_T6W50']",0.15100742199895087,0.2048769263200961,98.0,0.1779421741595235,0.026934752160572627,0.1350475159492499,1.9844674545084815,2.193315137263419,2.271710218732665,98.0,2.232512677998042,0.03919754073462308,0.19653162115518213,1.9844674545084815,completed,False,COMPLETE
134,1.7323206301655332,2026-06-12 14:02:24.509475,2026-06-12 14:02:27.224939,0 days 00:00:02.715464,,,,,,,,,,,,,,,XGBRegressor,,,,,,2,,,,,,,,False,gblinear,0.9399690901339609,0.011248890440685479,7.0,314.0,0.00016382843595244253,1.6555390788839856e-05,0.7929870594755893,-0.002379104403037703,0.004976145478624983,98.0,0.0012985205377936402,0.003677624940831343,0.01843915659188012,1.9844674545084815,1.7076268563317623,1.757014403999304,98.0,1.7323206301655332,0.024693773833770978,0.12381152779066293,1.9844674545084815,0.2606485291995867,0.2816314601951405,98.0,0.2711399946973636,0.010491465497776914,0.05260291038489775,1.9844674545084815,5.686350057436246,5.994836214000041,98.0,5.8405931357181435,0.15424307828189743,0.7733557171848542,1.9844674545084815,1.275156470606781,1.3285588480152302,98.0,1.3018576593110056,0.0267011887042246,0.13387645766706183,1.9844674545084815,99.0,0.18181818181818182,0.014665298100562166,0.025535903098131228,98.0,0.020100600599346697,0.0054353024987845305,0.027251934471781553,1.9844674545084815,XGBRegressor,"{'mode': 'original', 'type': 'XGBRegressor'}",2,"['l3_T6W50', 'density_T6W50']",0.17518528185981075,0.22921702135987798,98.0,0.20220115160984437,0.027015869750033606,0.13545422950990155,1.9844674545084815,2.182976188228396,2.260679336453278,98.0,2.221827762340837,0.03885157411244084,0.19479698730191594,1.9844674545084815,completed,False,COMPLETE
135,1.7358715311851627,2026-06-12 14:02:27.285230,2026-06-12 14:03:02.325204,0 days 00:00:35.039974,,,,,,,,,,,,,,,RandomForestRegressor,3.0,sqrt,1.0,12.0,421.0,2,,,,,,,,False,,,,,,,,,-0.011156467640661777,0.007888448176830092,98.0,-0.0016340097319158429,0.009522457908745934,0.04774442618372649,1.9844674545084815,1.7109258284813433,1.760817233888982,98.0,1.7358715311851627,0.02494570270381934,0.12507466798564623,1.9844674545084815,0.2594444811058792,0.2789287680106683,98.0,0.26918662455827375,0.009742143452394547,0.048845902328108246,1.9844674545084815,5.545003426042255,5.832604978749195,98.0,5.688804202395725,0.14380077635347036,0.7209993068559551,1.9844674545084815,1.4253923986861246,1.4770989495065798,98.0,1.4512456740963522,0.02585327541022768,0.1296251252838276,1.9844674545084815,99.0,0.26262626262626265,0.02246196149501948,0.05619351091935617,98.0,0.039327736207187824,0.016865774712168345,0.08456290838911462,1.9844674545084815,RandomForestRegressor,"{'mode': 'original', 'type': 'RandomForestRegressor'}",2,"['re_T6W50', 'pe_T6W50']",0.14919831661369892,0.20455658655173287,98.0,0.1768774515827159,0.02767913496901698,0.1387797592829342,1.9844674545084815,2.158884311653881,2.2323107913030293,98.0,2.195597551478455,0.036713239824574355,0.18407564365917803,1.9844674545084815,completed,False,COMPLETE
136,1.690909090909091,2026-06-12 14:03:02.338166,2026-06-12 14:03:02.540848,0 days 00:00:00.202682,,,,,,,,,,,manhattan,11.0,uniform,,KNeighborsRegressor,,,,,,3,12.0,5.0,12.0,20.0,,,ExtraTrees,,,,,,,,,,,,,,,,,,,,,,,,,,,,,,,,,,,,,,,,,,,,,,,,,,,,,,KNeighborsRegressor,"{'mode': 'proxy', 'type': 'ExtraTrees'}",3,"['re_T6W50', 'pe_T6W50', 'l3_T6W50']",,,,,,,,,,,,,,,pruned,True,PRUNED
137,1.732208961306243,2026-06-12 14:03:02.550676,2026-06-12 14:03:04.833797,0 days 00:00:02.283121,,,,,,,,,,,,,,,XGBRegressor,,,,,,2,,,,,,,,False,gblinear,0.8452516606136266,0.026246652689462538,2.0,176.0,0.0001426953770988812,3.341905421985365e-06,0.7869013991829378,-0.0031685015741654762,0.005745516446133898,98.0,0.0012885074359842111,0.004457009010149687,0.02234689191850889,1.9844674545084815,1.7075385669414176,1.7568793556710685,98.0,1.732208961306243,0.024670394364825494,0.12369430602502433,1.9844674545084815,0.26076634485607547,0.28167637526919714,98.0,0.2712213600626363,0.010455015206560834,0.05242015313303916,1.9844674545084815,5.679219443518317,5.986417505346552,98.0,5.832818474432434,0.1535990309141176,0.7701265433408255,1.9844674545084815,1.3127429553324774,1.3616299007305945,98.0,1.337186428031536,0.024443472699058447,0.12255654885932951,1.9844674545084815,99.0,0.1919191919191919,0.016655931606079227,0.02972288551574096,98.0,0.023189408560910094,0.006533476954830868,0.032758045368360286,1.9844674545084815,XGBRegressor,"{'mode': 'original', 'type': 'XGBRegressor'}",2,"['l3_T6W50', 'density_T6W50']",0.17539552245477896,0.22949294207664234,98.0,0.20244423226571065,0.02704870981093168,0.1356188855134715,1.9844674545084815,2.1794134726360537,2.2568267010580905,98.0,2.218120086847072,0.03870661421101824,0.194070176285328,1.9844674545084815,completed,False,COMPLETE
138,1.7480893548976706,2026-06-12 14:03:04.909749,2026-06-12 14:03:28.545449,0 days 00:00:23.635700,,,,,,,,,,,,,,,RandomForestRegressor,5.0,sqrt,2.0,10.0,266.0,4,,,,,,,,False,,,,,,,,,-0.019885427364852153,0.002186954809069908,98.0,-0.008849236277891123,0.011036191086961031,0.05533409711551078,1.9844674545084815,1.7222091112311084,1.7739695985642328,98.0,1.7480893548976706,0.02588024366656213,0.12976034078556076,1.9844674545084815,0.26228891051283504,0.2822060496714767,98.0,0.2722474800921559,0.009958569579320821,0.0499310361601802,1.9844674545084815,5.578825391492355,5.927591831971153,98.0,5.753208611731754,0.17438322023939928,0.8743358979569377,1.9844674545084815,1.4360135087318864,1.499821856313707,98.0,1.4679176825227966,0.03190417379091017,0.15996358136840502,1.9844674545084815,99.0,0.32323232323232326,0.004867440668059164,0.04360469474557745,98.0,0.02423606770681831,0.019368627038759145,0.09711190039315698,1.9844674545084815,RandomForestRegressor,"{'mode': 'original', 'type': 'RandomForestRegressor'}",4,"['re_T6W50', 'pe_T6W50', 'l2_T6W50', 'l3_T6W50']",0.16481449397242254,0.21470094309820503,98.0,0.18975771853531379,0.024943224562891234,0.1250622428935378,1.9844674545084815,2.17432876004402,2.2501086021021686,98.0,2.2122186810730944,0.037889921029073986,0.18997537768251377,1.9844674545084815,completed,False,COMPLETE
139,1.7353552412009283,2026-06-12 14:03:28.582164,2026-06-12 14:03:30.929904,0 days 00:00:02.347740,,,,,,,,,,,,,,,XGBRegressor,,,,,,3,,,,,,,,False,gblinear,0.842632586201722,0.027655032583863096,2.0,151.0,0.0001478269247036563,8.118542906668448e-07,0.7082182929547345,-0.004717397826381586,0.003685300043668887,98.0,-0.0005160488913563497,0.004201348935025237,0.021065043922762507,1.9844674545084815,1.7107195937682729,1.7599908886335838,98.0,1.7353552412009283,0.0246356474326554,0.12352008920474497,1.9844674545084815,0.26114090802898554,0.2820318476899058,98.0,0.27158637785944567,0.010445469830460114,0.05237229379787549,1.9844674545084815,5.692120202848555,5.99828994877757,98.0,5.8452050758130625,0.15308487296450796,0.7675486189743268,1.9844674545084815,1.3000989528785074,1.3524896313278134,98.0,1.3262942921031604,0.026195339224653072,0.1313401909417138,1.9844674545084815,99.0,0.23232323232323232,0.013049386623059154,0.02563386655964074,98.0,0.01934162659134995,0.006292239968290795,0.03154851295487819,1.9844674545084815,XGBRegressor,"{'mode': 'original', 'type': 'XGBRegressor'}",3,"['pe_T6W50', 'l3_T6W50', 'density_T6W50']",0.152485893631385,0.20733945352967828,98.0,0.17991267358053165,0.02742677994914664,0.13751448242545122,1.9844674545084815,2.1839191674547953,2.2608306245194454,98.0,2.2223748959871203,0.03845572853232508,0.19281226652277414,1.9844674545084815,completed,False,COMPLETE
140,1.738241239397792,2026-06-12 14:03:30.942845,2026-06-12 14:03:53.404648,0 days 00:00:22.461803,,,,,,20.0,log2,2.0,9.0,396.0,,,,,ExtraTreesRegressor,,,,,,2,,,,,,,,True,,,,,,,,,-0.009626634338793533,0.004450892494020635,98.0,-0.0025878709223864493,0.007038763416407084,0.03529148919111583,1.9844674545084815,1.7137218023287824,1.7627606764668016,98.0,1.738241239397792,0.02451943706900957,0.12293742481472687,1.9844674545084815,0.2618688354770573,0.2822131039908128,98.0,0.27204096973393505,0.010172134256877761,0.05100182303902832,1.9844674545084815,5.639421589664901,5.95171126383127,98.0,5.795566426748086,0.1561448370831844,0.7828909005983619,1.9844674545084815,1.4030706466902283,1.455576038894632,98.0,1.4293233427924301,0.026252696102201812,0.131627771231645,1.9844674545084815,99.0,0.31313131313131315,0.011084084810751686,0.035098811053887166,98.0,0.023091447932319424,0.012007363121567739,0.06020343357909258,1.9844674545084815,ExtraTreesRegressor,"{'mode': 'original', 'type': 'ExtraTreesRegressor'}",2,"['re_T6W50', 'l3_T6W50']",0.12557937630701532,0.17878591145001144,98.0,0.15218264387851338,0.026603267571498047,0.13338549321879728,1.9844674545084815,2.1792820818655843,2.2528579294038416,98.0,2.216070005634713,0.036787923769128796,0.18445009972000387,1.9844674545084815,completed,True,COMPLETE
141,1.732227063363178,2026-06-12 14:03:53.417505,2026-06-12 14:03:56.928316,0 days 00:00:03.510811,,,,,,,,,,,,,,,XGBRegressor,,,,,,2,,,,,,,,False,gblinear,0.7837979830464032,0.014555538651694734,2.0,322.0,0.00041473520126567964,5.724747885429292e-06,0.7923659898080264,-0.0031899536472000463,0.005743686734496968,98.0,0.0012768665436484606,0.004466820190848507,0.022396083965051813,1.9844674545084815,1.7075579025987326,1.7568962241276234,98.0,1.732227063363178,0.024669160764445273,0.12368812090529391,1.9844674545084815,0.2607363090506662,0.28164258037725337,98.0,0.2711894447139598,0.010453135663293587,0.05241072933556564,1.9844674545084815,5.6792845871133615,5.9865621604680435,98.0,5.8329233737907025,0.15363878667734124,0.7703258738204976,1.9844674545084815,1.3125214515304173,1.3616411819608678,98.0,1.3370813167456426,0.024559865215225248,0.1231401265395585,1.9844674545084815,99.0,0.1919191919191919,0.01658154790724263,0.029682375877253038,98.0,0.023131961892247834,0.006550413985005202,0.03284296554282358,1.9844674545084815,XGBRegressor,"{'mode': 'original', 'type': 'XGBRegressor'}",2,"['l3_T6W50', 'density_T6W50']",0.17525681570762147,0.22925245450276177,98.0,0.20225463510519162,0.026997819397570157,0.13536372727518023,1.9844674545084815,2.179479353878311,2.256879050435973,98.0,2.218179202157142,0.03869984827883086,0.19403625273817454,1.9844674545084815,completed,False,COMPLETE
142,1.733681756780983,2026-06-12 14:03:56.946845,2026-06-12 14:03:59.565318,0 days 00:00:02.618473,,,,,,,,,,,,,,,XGBRegressor,,,,,,2,,,,,,,,False,gblinear,0.7757618811480645,0.01688313027767149,2.0,118.0,0.0004090437760508105,9.545060416270493e-06,0.7556396477326034,-0.0017491173665084092,0.0029921687074298533,98.0,0.0006215256704607221,0.0023706430369691313,0.011886110977984239,1.9844674545084815,1.7088632461863942,1.7585002673755719,98.0,1.733681756780983,0.024818510594588925,0.12443694248152755,1.9844674545084815,0.2605900272131881,0.2817080842995387,98.0,0.2711490557563634,0.010559028543175298,0.05294166313809272,1.9844674545084815,5.697316108282273,6.0105907688693705,98.0,5.853953438575822,0.15663733029354912,0.7853602006418566,1.9844674545084815,1.2093192654911644,1.2770382018519446,98.0,1.2431787336715545,0.033859468180390054,0.16976718559964402,1.9844674545084815,99.0,0.1919191919191919,0.008919963703682754,0.01653378812962581,98.0,0.012726875916654282,0.0038069122129715275,0.01908738698369136,1.9844674545084815,XGBRegressor,"{'mode': 'original', 'type': 'XGBRegressor'}",2,"['l3_T6W50', 'density_T6W50']",0.1746665030094378,0.2287851310284844,98.0,0.2017258170189611,0.027059314009523293,0.13567205365364568,1.9844674545084815,2.19130259152386,2.2695089877918737,98.0,2.230405789657867,0.03910319813400701,0.19605859902431427,1.9844674545084815,completed,False,COMPLETE
