number,value,datetime_start,datetime_complete,duration,params_dt_max_depth,params_dt_min_samples_leaf,params_dt_min_samples_split,params_elastic_alpha,params_elastic_l1_ratio,params_et_max_depth,params_et_max_features,params_et_min_samples_leaf,params_et_min_samples_split,params_et_n_estimators,params_knn_metric,params_knn_n_neighbors,params_knn_weights,params_quantile_alpha,params_regressor,params_rf_max_depth,params_rf_max_features,params_rf_min_samples_leaf,params_rf_min_samples_split,params_rf_n_estimators,params_rfe_n_features,params_rfe_proxy_et_max_depth,params_rfe_proxy_et_min_samples_leaf,params_rfe_proxy_et_min_samples_split,params_rfe_proxy_et_n_estimators,params_rfe_proxy_lsvr_C,params_rfe_proxy_lsvr_epsilon,params_rfe_proxy_type,params_use_scaler,params_xgb_booster,params_xgb_colsample_bytree,params_xgb_learning_rate,params_xgb_max_depth,params_xgb_n_estimators,params_xgb_reg_alpha,params_xgb_reg_lambda,params_xgb_subsample,user_attrs_d2mae_ci_lower_val,user_attrs_d2mae_ci_upper_val,user_attrs_d2mae_df_val,user_attrs_d2mae_mean_val,user_attrs_d2mae_samperror_val,user_attrs_d2mae_std_val,user_attrs_d2mae_t_critical_val,user_attrs_mae_ci_lower_val,user_attrs_mae_ci_upper_val,user_attrs_mae_df_val,user_attrs_mae_mean_val,user_attrs_mae_samperror_val,user_attrs_mae_std_val,user_attrs_mae_t_critical_val,user_attrs_mape_ci_lower_val,user_attrs_mape_ci_upper_val,user_attrs_mape_df_val,user_attrs_mape_mean_val,user_attrs_mape_samperror_val,user_attrs_mape_std_val,user_attrs_mape_t_critical_val,user_attrs_max_error_ci_lower_val,user_attrs_max_error_ci_upper_val,user_attrs_max_error_df_val,user_attrs_max_error_mean_val,user_attrs_max_error_samperror_val,user_attrs_max_error_std_val,user_attrs_max_error_t_critical_val,user_attrs_median_ae_ci_lower_val,user_attrs_median_ae_ci_upper_val,user_attrs_median_ae_df_val,user_attrs_median_ae_mean_val,user_attrs_median_ae_samperror_val,user_attrs_median_ae_std_val,user_attrs_median_ae_t_critical_val,user_attrs_n_splits_val,user_attrs_r2_below_zero_val,user_attrs_r2_ci_lower_val,user_attrs_r2_ci_upper_val,user_attrs_r2_df_val,user_attrs_r2_mean_val,user_attrs_r2_samperror_val,user_attrs_r2_std_val,user_attrs_r2_t_critical_val,user_attrs_regressor_final,user_attrs_rfe_estimator,user_attrs_rfe_n_features,user_attrs_rfe_selected_features,user_attrs_rho_ci_lower_val,user_attrs_rho_ci_upper_val,user_attrs_rho_df_val,user_attrs_rho_mean_val,user_attrs_rho_samperror_val,user_attrs_rho_std_val,user_attrs_rho_t_critical_val,user_attrs_rmse_ci_lower_val,user_attrs_rmse_ci_upper_val,user_attrs_rmse_df_val,user_attrs_rmse_mean_val,user_attrs_rmse_samperror_val,user_attrs_rmse_std_val,user_attrs_rmse_t_critical_val,user_attrs_termination_reason,user_attrs_use_scaler_final,state
27,1.7451750696310566,2026-06-12 13:40:58.274760,2026-06-12 13:41:37.180791,0 days 00:00:38.906031,,,,,,,,,,,,,,,RandomForestRegressor,2.0,sqrt,5.0,12.0,490.0,5,,,,,,,,True,,,,,,,,,-0.01565025808751954,0.0019303732504204656,98.0,-0.006859942418549537,0.008790315668970003,0.04407355554738953,1.9844674545084815,1.7203867175713117,1.7699634216908016,98.0,1.7451750696310566,0.02478835205974499,0.12428573131793257,1.9844674545084815,0.26316954009466853,0.28340854819808736,98.0,0.27328904414637795,0.010119504051709435,0.05073794169980122,1.9844674545084815,5.692622923263732,6.011171096207752,98.0,5.851897009735742,0.15927408647200988,0.7985805699974807,1.9844674545084815,1.416417093840767,1.469051554882317,98.0,1.442734324361542,0.026317230520775167,0.1319513388245304,1.9844674545084815,99.0,0.3333333333333333,-0.0014311525261414965,0.03072457390549746,98.0,0.014646710689677982,0.016077863215819478,0.08061241759805665,1.9844674545084815,RandomForestRegressor,"{'mode': 'original', 'type': 'RandomForestRegressor'}",5,"['re_T6W50', 'pe_T6W50', 'l3_T6W50', 'lsc_T6W50', 'atd_T6W50']",0.1278119196478789,0.18270786483321455,98.0,0.15525989224054673,0.027447972592667805,0.13762073971888644,1.9844674545084815,2.1872038724588814,2.2613939505152327,98.0,2.224298911487057,0.03709503902817579,0.18598993764378172,1.9844674545084815,completed,True,COMPLETE
28,1.7906094660585308,2026-06-12 13:41:37.194007,2026-06-12 13:41:46.083480,0 days 00:00:08.889473,,,,,,,,,,,,,,,RandomForestRegressor,19.0,log2,5.0,2.0,91.0,2,,,,,,,,True,,,,,,,,,-0.044795067378282066,-0.02201735499344648,98.0,-0.033406211185864274,0.011388856192417795,0.05710231633542372,1.9844674545084815,1.763925178418918,1.8172937536981435,98.0,1.7906094660585308,0.02668428763961267,0.13379171781948007,1.9844674545084815,0.26854969018104896,0.2885517522209004,98.0,0.2785507212009747,0.010001031019925716,0.050143932571594434,1.9844674545084815,5.79764537706376,6.153380124480999,98.0,5.9755127507723795,0.17786737370861988,0.8918050125193863,1.9844674545084815,1.4116380669580089,1.4856683112394395,98.0,1.4486531890987242,0.03701512214071533,0.18558924425445367,1.9844674545084815,99.0,0.6464646464646465,-0.06038660764897707,-0.019431943607273065,98.0,-0.03990927562812507,0.020477332020852,0.10267081004488086,1.9844674545084815,RandomForestRegressor,"{'mode': 'original', 'type': 'RandomForestRegressor'}",2,"['re_T6W50', 'pe_T6W50']",0.0872083039722288,0.13971761139494007,98.0,0.11346295768358443,0.026254653711355633,0.13163758644181836,1.9844674545084815,2.2449364971768695,2.3215198032837865,98.0,2.283228150230328,0.03829165305345828,0.19198961236516213,1.9844674545084815,completed,True,COMPLETE
29,1.853880474028973,2026-06-12 13:41:46.097291,2026-06-12 13:41:47.790769,0 days 00:00:01.693478,2.0,5.0,20.0,,,,,,,,,,,,DecisionTreeRegressor,,,,,,13,,,,,,,,True,,,,,,,,,-0.08356859926080625,-0.056717795819705,98.0,-0.07014319754025562,0.013425401720550624,0.06731330372644506,1.9844674545084815,1.8252286927037282,1.8825322553542176,98.0,1.853880474028973,0.028651781325244784,0.14365648781277496,1.9844674545084815,0.2777786024643522,0.29840776557298726,98.0,0.28809318401866973,0.010314581554317503,0.051716036170013815,1.9844674545084815,5.845190121546068,6.226482729473705,98.0,6.035836425509887,0.19064630396381863,0.9558769882763971,1.9844674545084815,1.466490121267044,1.5529394287605498,98.0,1.509714775013797,0.043224653746752925,0.2167230677106523,1.9844674545084815,99.0,0.7878787878787878,-0.13085994774610732,-0.0747524724001834,98.0,-0.10280621007314536,0.028053737672961956,0.14065797090834856,1.9844674545084815,DecisionTreeRegressor,"{'mode': 'original', 'type': 'DecisionTreeRegressor'}",13,"['nodes_T6W50', 'edges_T6W50', 're_T6W50', 'pe_T6W50', 'l1_T6W50', 'l2_T6W50', 'l3_T6W50', 'lcc_T6W50', 'lsc_T6W50', 'atd_T6W50', 'density_T6W50', 'diameter_T6W50', 'asp_T6W50']",0.052802332613211087,0.10674817315025302,98.0,0.07977525288173205,0.026972920268520963,0.13523888612173848,1.9844674545084815,2.3076511142093317,2.3902224257191174,98.0,2.3489367699642245,0.04128565575489301,0.2070011716014847,1.9844674545084815,completed,True,COMPLETE
30,1.7250007268840195,2026-06-12 13:41:47.804646,2026-06-12 13:42:27.310017,0 days 00:00:39.505371,,,,,,,,,,,,,,,RandomForestRegressor,2.0,sqrt,2.0,12.0,500.0,3,,,,,,,,True,,,,,,,,,-0.0025441315488448886,0.01251477718704417,98.0,0.00498532281909964,0.007529454367944529,0.037751752931760425,1.9844674545084815,1.7005046440354665,1.7494968097325725,98.0,1.7250007268840195,0.024496082848552956,0.12282032964188863,1.9844674545084815,0.26008645574050354,0.28026509887229284,98.0,0.2701757773063982,0.010089321565894633,0.05058661044900066,1.9844674545084815,5.561798026446199,5.877766182198241,98.0,5.71978210432222,0.15798407787602145,0.7921126264499463,1.9844674545084815,1.409116223123842,1.459841768562967,98.0,1.4344789958434045,0.02536277271956248,0.12716580545991168,1.9844674545084815,99.0,0.1717171717171717,0.03397428574776523,0.059245406659795,98.0,0.046609846203780114,0.01263556045601488,0.06335313731637852,1.9844674545084815,RandomForestRegressor,"{'mode': 'original', 'type': 'RandomForestRegressor'}",3,"['re_T6W50', 'pe_T6W50', 'l3_T6W50']",0.179760791082182,0.23477929290523522,98.0,0.2072700419937086,0.02750925091152662,0.13792798163052886,1.9844674545084815,2.1521776030596347,2.2261283913507497,98.0,2.189152997205192,0.03697539414555757,0.18539005300042932,1.9844674545084815,completed,True,COMPLETE
31,1.7250007268840195,2026-06-12 13:42:27.328296,2026-06-12 13:43:06.923817,0 days 00:00:39.595521,,,,,,,,,,,,,,,RandomForestRegressor,2.0,sqrt,2.0,12.0,500.0,3,,,,,,,,True,,,,,,,,,-0.0025441315488448886,0.01251477718704417,98.0,0.00498532281909964,0.007529454367944529,0.037751752931760425,1.9844674545084815,1.7005046440354665,1.7494968097325725,98.0,1.7250007268840195,0.024496082848552956,0.12282032964188863,1.9844674545084815,0.26008645574050354,0.28026509887229284,98.0,0.2701757773063982,0.010089321565894633,0.05058661044900066,1.9844674545084815,5.561798026446199,5.877766182198241,98.0,5.71978210432222,0.15798407787602145,0.7921126264499463,1.9844674545084815,1.409116223123842,1.459841768562967,98.0,1.4344789958434045,0.02536277271956248,0.12716580545991168,1.9844674545084815,99.0,0.1717171717171717,0.03397428574776523,0.059245406659795,98.0,0.046609846203780114,0.01263556045601488,0.06335313731637852,1.9844674545084815,RandomForestRegressor,"{'mode': 'original', 'type': 'RandomForestRegressor'}",3,"['re_T6W50', 'pe_T6W50', 'l3_T6W50']",0.179760791082182,0.23477929290523522,98.0,0.2072700419937086,0.02750925091152662,0.13792798163052886,1.9844674545084815,2.1521776030596347,2.2261283913507497,98.0,2.189152997205192,0.03697539414555757,0.18539005300042932,1.9844674545084815,completed,True,COMPLETE
32,1.7346238186829641,2026-06-12 13:43:06.936250,2026-06-12 13:43:46.792129,0 days 00:00:39.855879,,,,,,,,,,,,,,,RandomForestRegressor,2.0,sqrt,2.0,12.0,498.0,4,,,,,,,,True,,,,,,,,,-0.00971701536585109,0.008320153237325338,98.0,-0.000698431064262875,0.009018584301588214,0.045218066238278544,1.9844674545084815,1.7093530657332712,1.759894571632657,98.0,1.7346238186829641,0.025270752949692964,0.12670442971511123,1.9844674545084815,0.2610975593397385,0.28123577289648255,98.0,0.2711666661181105,0.010069106778372009,0.05048525600459749,1.9844674545084815,5.56688594430147,5.866872956245192,98.0,5.716879450273331,0.149993505971861,0.7520488872242204,1.9844674545084815,1.4188326381835084,1.472008788926983,98.0,1.4454207135552457,0.026588075371737244,0.13330932140822074,1.9844674545084815,99.0,0.25252525252525254,0.016596203055166944,0.04798546497753514,98.0,0.03229083401635104,0.0156946309611841,0.07869093847281348,1.9844674545084815,RandomForestRegressor,"{'mode': 'original', 'type': 'RandomForestRegressor'}",4,"['nodes_T6W50', 're_T6W50', 'pe_T6W50', 'l3_T6W50']",0.1746030210468953,0.2284575611119417,98.0,0.2015302910794185,0.026927270032523196,0.1350100014846257,1.9844674545084815,2.16744732387817,2.2412719218975234,98.0,2.204359622887847,0.03691229900967659,0.18507370179294802,1.9844674545084815,completed,True,COMPLETE
33,1.7426836968691766,2026-06-12 13:43:46.804692,2026-06-12 13:44:26.101822,0 days 00:00:39.297130,,,,,,,,,,,,,,,RandomForestRegressor,2.0,sqrt,3.0,12.0,490.0,2,,,,,,,,True,,,,,,,,,-0.013010062714582424,0.002480300713449509,98.0,-0.005264881000566457,0.007745181714015966,0.038833383163053875,1.9844674545084815,1.717984524632826,1.767382869105527,98.0,1.7426836968691766,0.024699172236350556,0.12383859471350372,1.9844674545084815,0.26251440412160487,0.28264949296985153,98.0,0.2725819485457282,0.010067544424123349,0.05047742255363211,1.9844674545084815,5.60011849117923,5.89506973191818,98.0,5.747594111548705,0.14747562036947506,0.7394245202347091,1.9844674545084815,1.4147091239576741,1.459225346893572,98.0,1.436967235425623,0.022258111467948913,0.11159941793962688,1.9844674545084815,99.0,0.24242424242424243,0.01567334494613538,0.04262239839090312,98.0,0.02914787166851925,0.013474526722383869,0.0675596104096858,1.9844674545084815,RandomForestRegressor,"{'mode': 'original', 'type': 'RandomForestRegressor'}",2,"['re_T6W50', 'pe_T6W50']",0.13297911408303534,0.18928599993100345,98.0,0.1611325570070194,0.028153442923984067,0.14115788070508106,1.9844674545084815,2.171630530871318,2.2459040234166183,98.0,2.208767277143968,0.03713674627265016,0.1861990526090791,1.9844674545084815,completed,True,COMPLETE
34,1.7670232366195935,2026-06-12 13:44:26.114371,2026-06-12 13:44:59.385443,0 days 00:00:33.271072,,,,,,,,,,,,,,,RandomForestRegressor,6.0,sqrt,3.0,10.0,402.0,3,,,,,,,,True,,,,,,,,,-0.03045388484561,-0.009296871101984036,98.0,-0.01987537797379702,0.010578506871812983,0.053039325068734613,1.9844674545084815,1.741983579573789,1.792062893665398,98.0,1.7670232366195935,0.02503965704580439,0.12554574343575936,1.9844674545084815,0.26509198220980923,0.28487390127557477,98.0,0.274982941742692,0.009890959532882762,0.04959204774958555,1.9844674545084815,5.6566756225642845,6.001490797810273,98.0,5.829083210187279,0.17240758762299485,0.8644303203714016,1.9844674545084815,1.4403671316837865,1.50302703124942,98.0,1.4716970814666033,0.03132994978281686,0.15708449321384838,1.9844674545084815,99.0,0.42424242424242425,-0.01328741178999776,0.024037589769260598,98.0,0.0053750889896314194,0.01866250077962918,0.09357147066603189,1.9844674545084815,RandomForestRegressor,"{'mode': 'original', 'type': 'RandomForestRegressor'}",3,"['re_T6W50', 'pe_T6W50', 'l3_T6W50']",0.11824111231502146,0.16895397609569487,98.0,0.14359754420535817,0.025356431890336702,0.12713401332642946,1.9844674545084815,2.1965434209642782,2.2700675580770038,98.0,2.233305489520641,0.03676206855636289,0.18432046488105827,1.9844674545084815,completed,True,COMPLETE
35,1.7576995418786785,2026-06-12 13:44:59.404878,2026-06-12 13:45:32.592594,0 days 00:00:33.187716,,,,,,,,,,,,,,,RandomForestRegressor,6.0,sqrt,2.0,9.0,389.0,5,,,,,,,,False,,,,,,,,,-0.026262190415584443,-0.0028403781889003894,98.0,-0.014551284302242416,0.011710906113342027,0.05871703480668309,1.9844674545084815,1.7316476156648948,1.7837514680924622,98.0,1.7576995418786785,0.02605192621378382,0.13062113584303553,1.9844674545084815,0.26338710647034036,0.28297065660044374,98.0,0.27317888153539205,0.0097917750650517,0.04909474909536067,1.9844674545084815,5.587833779577004,5.89459300600031,98.0,5.741213392788657,0.15337961321165322,0.7690264101190138,1.9844674545084815,1.4263920475205734,1.491109272774471,98.0,1.4587506601475222,0.032358612626948745,0.16224208148572608,1.9844674545084815,99.0,0.3939393939393939,-0.006957932918862951,0.03556158172488548,98.0,0.014301824403011264,0.021259757321874215,0.10659379373112271,1.9844674545084815,RandomForestRegressor,"{'mode': 'original', 'type': 'RandomForestRegressor'}",5,"['re_T6W50', 'pe_T6W50', 'l2_T6W50', 'l3_T6W50', 'lsc_T6W50']",0.16438287181927685,0.21884456042050326,98.0,0.19161371611989006,0.027230844300613205,0.1365320853177073,1.9844674545084815,2.1848414354070362,2.2599413499017107,98.0,2.2223913926543735,0.03754995724733741,0.18827084132878996,1.9844674545084815,completed,False,COMPLETE
36,1.7638844763860353,2026-06-12 13:45:32.606354,2026-06-12 13:46:07.393280,0 days 00:00:34.786926,,,,,,,,,,,,,,,RandomForestRegressor,6.0,sqrt,3.0,10.0,408.0,4,,,,,,,,True,,,,,,,,,-0.029315775949091464,-0.006851010145738235,98.0,-0.01808339304741485,0.011232382901676614,0.056317778608808454,1.9844674545084815,1.7382056308608165,1.7895633219112541,98.0,1.7638844763860353,0.025678845525218718,0.12875055541448774,1.9844674545084815,0.2645917801896258,0.2843572109037962,98.0,0.274474495546711,0.009882715357085174,0.04955071247180479,1.9844674545084815,5.624606560708136,5.968215984833073,98.0,5.796411272770604,0.17180471206246822,0.861407576876668,1.9844674545084815,1.4404385320954205,1.5093642442890598,98.0,1.4749013881922401,0.03446285609681967,0.17279249798350524,1.9844674545084815,99.0,0.41414141414141414,-0.01399996736213924,0.025995181499214693,98.0,0.005997607068537726,0.019997574430676967,0.10026536482583122,1.9844674545084815,RandomForestRegressor,"{'mode': 'original', 'type': 'RandomForestRegressor'}",4,"['re_T6W50', 'pe_T6W50', 'l2_T6W50', 'l3_T6W50']",0.14572733493449608,0.19498164483105707,98.0,0.17035448988277657,0.024627154948280494,0.1234775089384692,1.9844674545084815,2.1948545706431166,2.2698343821815805,98.0,2.2323444764123486,0.037489905769231766,0.187969750644944,1.9844674545084815,completed,True,COMPLETE
37,1.7464278754349343,2026-06-12 13:46:07.406477,2026-06-12 13:46:09.302170,0 days 00:00:01.895693,,,,,,,,,,,,,,,XGBRegressor,,,,,,2,,,,,,,,False,gblinear,0.5209262620509214,0.27583571032453064,2.0,69.0,3.5213020833145423,2.7885073719067653e-05,0.5028912684272712,-0.006929996636582475,-0.006153993382802458,98.0,-0.0065419950096924665,0.000388001626890008,0.0019453921678353131,1.9844674545084815,1.7207864686313616,1.772069282238507,98.0,1.7464278754349343,0.025641406803572738,0.12856284229470616,1.9844674545084815,0.2649515697441713,0.2865765233330532,98.0,0.27576404653861225,0.010812476794440994,0.05421242132257738,1.9844674545084815,5.729884366676469,6.04858604838109,98.0,5.889235207528779,0.15935084085231027,0.798965406967058,1.9844674545084815,1.1339418019160374,1.217342706837267,98.0,1.1756422543766523,0.041700452460614774,0.20908091098047388,1.9844674545084815,99.0,1.0,-0.005710919055947018,-0.003378578565845882,98.0,-0.00454474881089645,0.0011661702450505682,0.005847033372690188,1.9844674545084815,XGBRegressor,"{'mode': 'original', 'type': 'XGBRegressor'}",2,"['diameter_T6W50', 'asp_T6W50']",,,,,,,,2.210045847258119,2.290685084943787,98.0,2.250365466100953,0.04031961884283405,0.20215758200722747,1.9844674545084815,completed,False,COMPLETE
38,1.7825452609131358,2026-06-12 13:46:09.315117,2026-06-12 13:46:11.185685,0 days 00:00:01.870568,,,,0.0011169043659074512,0.00879963211811463,,,,,,,,,,ElasticNet,,,,,,6,,,,,,,,True,,,,,,,,,-0.03684278597954524,-0.02006857899217738,98.0,-0.02845568248586131,0.008387103493683932,0.042051899571189905,1.9844674545084815,1.7577321008986768,1.8073584209275948,98.0,1.7825452609131358,0.024813160014458956,0.12441011533453424,1.9844674545084815,0.269057072925923,0.2896756744155961,98.0,0.27936637367075956,0.010309300744836544,0.051689558844425186,1.9844674545084815,5.8592449992365,6.151819632764541,98.0,6.0055323160005205,0.14628731676402024,0.7334665129304829,1.9844674545084815,1.391308636818072,1.4535885114583786,98.0,1.4224485741382253,0.031139937320153285,0.15613179422745568,1.9844674545084815,99.0,0.5353535353535354,-0.030658749969875415,-0.0024840482261313315,98.0,-0.016571399098003373,0.014087350871872042,0.07063223489899649,1.9844674545084815,ElasticNet,"{'mode': 'original', 'type': 'ElasticNet'}",6,"['pe_T6W50', 'l2_T6W50', 'atd_T6W50', 'density_T6W50', 'diameter_T6W50', 'asp_T6W50']",0.09343013161049274,0.13890347614486837,98.0,0.11616680387768055,0.022736672267187816,0.11399886259694604,1.9844674545084815,2.222148845555693,2.298126455461807,98.0,2.26013765050875,0.03798880495305697,0.19047116944705667,1.9844674545084815,completed,True,COMPLETE
39,1.748638664892453,2026-06-12 13:46:11.198790,2026-06-12 13:46:47.246928,0 days 00:00:36.048138,,,,,,,,,,,,,,,RandomForestRegressor,4.0,sqrt,1.0,12.0,436.0,10,,,,,,,,False,,,,,,,,,-0.019699650736292575,0.0013500630965696519,98.0,-0.009174793819861462,0.010524856916431114,0.052770330828063074,1.9844674545084815,1.7234196337840224,1.7738576960008836,98.0,1.748638664892453,0.025219031108430524,0.12644510280015864,1.9844674545084815,0.2620560548501501,0.2817803249124891,98.0,0.2719181898813196,0.00986213503116951,0.049447525263109963,1.9844674545084815,5.544795025176811,5.818205244722029,98.0,5.68150013494942,0.136705109772609,0.6854225122362471,1.9844674545084815,1.4334229099002462,1.4938214535222476,98.0,1.463622181711247,0.03019927181100075,0.1514154137093479,1.9844674545084815,99.0,0.32323232323232326,-0.00013424118019897402,0.038160398486645535,98.0,0.01901307865322328,0.019147319833422254,0.09600229343764297,1.9844674545084815,RandomForestRegressor,"{'mode': 'original', 'type': 'RandomForestRegressor'}",10,"['nodes_T6W50', 're_T6W50', 'pe_T6W50', 'l2_T6W50', 'l3_T6W50', 'lcc_T6W50', 'lsc_T6W50', 'atd_T6W50', 'diameter_T6W50', 'asp_T6W50']",0.153387672417998,0.20717579677356995,98.0,0.18028173459578398,0.026894062177785973,0.13484350140823628,1.9844674545084815,2.1816075125017207,2.2534439221719964,98.0,2.2175257173368585,0.035918204835137725,0.1800894365548364,1.9844674545084815,completed,False,COMPLETE
40,1.7582926699538266,2026-06-12 13:46:47.259459,2026-06-12 13:47:28.120253,0 days 00:00:40.860794,,,,,,,,,,,,,,,RandomForestRegressor,5.0,log2,4.0,10.0,498.0,7,,,,,,,,True,,,,,,,,,-0.02521014833671431,-0.004250380539120248,98.0,-0.01473026443791728,0.010479883898797032,0.05254484168006508,1.9844674545084815,1.7329672071933289,1.7836181327143243,98.0,1.7582926699538266,0.025325462760497703,0.12697873793978642,1.9844674545084815,0.2639113152851758,0.28362452456566806,98.0,0.27376791992542193,0.009856604640246125,0.0494197965670381,1.9844674545084815,5.57030666420211,5.841422115917635,98.0,5.7058643900598724,0.13555772585776266,0.6796696711996421,1.9844674545084815,1.4057070869950974,1.469386547843893,98.0,1.4375468174194952,0.03183973042439782,0.1596404702992919,1.9844674545084815,99.0,0.37373737373737376,-0.01518335900611539,0.023427692494625823,98.0,0.0041221667442552165,0.019305525750370606,0.09679551833776374,1.9844674545084815,RandomForestRegressor,"{'mode': 'original', 'type': 'RandomForestRegressor'}",7,"['nodes_T6W50', 're_T6W50', 'pe_T6W50', 'l2_T6W50', 'l3_T6W50', 'lcc_T6W50', 'lsc_T6W50']",0.12988609766558604,0.18354105535629303,98.0,0.15671357651093953,0.026827478845353487,0.134509660814678,1.9844674545084815,2.198089229235166,2.270613910777888,98.0,2.234351570006527,0.03626234077136124,0.18181489157513117,1.9844674545084815,completed,True,COMPLETE
