number,value,datetime_start,datetime_complete,duration,params_dt_max_depth,params_dt_min_samples_leaf,params_dt_min_samples_split,params_elastic_alpha,params_elastic_l1_ratio,params_et_max_depth,params_et_max_features,params_et_min_samples_leaf,params_et_min_samples_split,params_et_n_estimators,params_knn_metric,params_knn_n_neighbors,params_knn_weights,params_quantile_alpha,params_regressor,params_rf_max_depth,params_rf_max_features,params_rf_min_samples_leaf,params_rf_min_samples_split,params_rf_n_estimators,params_rfe_n_features,params_rfe_proxy_et_max_depth,params_rfe_proxy_et_min_samples_leaf,params_rfe_proxy_et_min_samples_split,params_rfe_proxy_et_n_estimators,params_rfe_proxy_lsvr_C,params_rfe_proxy_lsvr_epsilon,params_rfe_proxy_type,params_use_scaler,params_xgb_booster,params_xgb_colsample_bytree,params_xgb_learning_rate,params_xgb_max_depth,params_xgb_n_estimators,params_xgb_reg_alpha,params_xgb_reg_lambda,params_xgb_subsample,user_attrs_d2mae_ci_lower_val,user_attrs_d2mae_ci_upper_val,user_attrs_d2mae_df_val,user_attrs_d2mae_mean_val,user_attrs_d2mae_samperror_val,user_attrs_d2mae_std_val,user_attrs_d2mae_t_critical_val,user_attrs_mae_ci_lower_val,user_attrs_mae_ci_upper_val,user_attrs_mae_df_val,user_attrs_mae_mean_val,user_attrs_mae_samperror_val,user_attrs_mae_std_val,user_attrs_mae_t_critical_val,user_attrs_mape_ci_lower_val,user_attrs_mape_ci_upper_val,user_attrs_mape_df_val,user_attrs_mape_mean_val,user_attrs_mape_samperror_val,user_attrs_mape_std_val,user_attrs_mape_t_critical_val,user_attrs_max_error_ci_lower_val,user_attrs_max_error_ci_upper_val,user_attrs_max_error_df_val,user_attrs_max_error_mean_val,user_attrs_max_error_samperror_val,user_attrs_max_error_std_val,user_attrs_max_error_t_critical_val,user_attrs_median_ae_ci_lower_val,user_attrs_median_ae_ci_upper_val,user_attrs_median_ae_df_val,user_attrs_median_ae_mean_val,user_attrs_median_ae_samperror_val,user_attrs_median_ae_std_val,user_attrs_median_ae_t_critical_val,user_attrs_n_splits_val,user_attrs_r2_below_zero_val,user_attrs_r2_ci_lower_val,user_attrs_r2_ci_upper_val,user_attrs_r2_df_val,user_attrs_r2_mean_val,user_attrs_r2_samperror_val,user_attrs_r2_std_val,user_attrs_r2_t_critical_val,user_attrs_regressor_final,user_attrs_rfe_estimator,user_attrs_rfe_n_features,user_attrs_rfe_selected_features,user_attrs_rho_ci_lower_val,user_attrs_rho_ci_upper_val,user_attrs_rho_df_val,user_attrs_rho_mean_val,user_attrs_rho_samperror_val,user_attrs_rho_std_val,user_attrs_rho_t_critical_val,user_attrs_rmse_ci_lower_val,user_attrs_rmse_ci_upper_val,user_attrs_rmse_df_val,user_attrs_rmse_mean_val,user_attrs_rmse_samperror_val,user_attrs_rmse_std_val,user_attrs_rmse_t_critical_val,user_attrs_termination_reason,user_attrs_use_scaler_final,state
70,1.7481964378441215,2026-06-12 13:55:08.317341,2026-06-12 13:55:20.873323,0 days 00:00:12.555982,,,,,,,,,,,,,,,RandomForestRegressor,3.0,log2,4.0,11.0,138.0,4,,,,,,,,False,,,,,,,,,-0.0193993252064801,0.0015907714363308754,98.0,-0.008904276885074612,0.010495048321405487,0.05262087421943532,1.9844674545084815,1.722946582377792,1.773446293310451,98.0,1.7481964378441215,0.02524985546632939,0.12659965231819972,1.9844674545084815,0.2630729388439158,0.2830922930734179,98.0,0.27308261595866684,0.010009677114751012,0.050187283021669374,1.9844674545084815,5.654189729597925,5.9890968497953425,98.0,5.821643289696634,0.16745356009870907,0.8395914390959935,1.9844674545084815,1.4126450999092375,1.4731683280264962,98.0,1.4429067139678668,0.03026161405862931,0.1517279900282514,1.9844674545084815,99.0,0.3838383838383838,-0.003235360348251625,0.03666904650992775,98.0,0.016716843080838064,0.01995220342908969,0.10003788023551592,1.9844674545084815,RandomForestRegressor,"{'mode': 'original', 'type': 'RandomForestRegressor'}",4,"['re_T6W50', 'pe_T6W50', 'l3_T6W50', 'lsc_T6W50']",0.14536829351689617,0.20185178904419054,98.0,0.17361004128054336,0.02824174776364719,0.14160063024930217,1.9844674545084815,2.1828549480986985,2.2578583827659675,98.0,2.220356665432333,0.03750171733363467,0.18802897236796481,1.9844674545084815,completed,False,COMPLETE
71,1.7508170032324828,2026-06-12 13:55:20.906233,2026-06-12 13:55:41.252307,0 days 00:00:20.346074,,,,,,,,,,,,,,,RandomForestRegressor,5.0,sqrt,2.0,11.0,239.0,3,,,,,,,,False,,,,,,,,,-0.020770882056366728,-7.208280624814746e-05,98.0,-0.010421482431307439,0.010349399625059291,0.05189060967029301,1.9844674545084815,1.725716372610648,1.7759176338543177,98.0,1.7508170032324828,0.025100630621834832,0.12585145740455198,1.9844674545084815,0.2623759648505956,0.2822098699972901,98.0,0.27229291742394285,0.009916952573347255,0.04972237363956484,1.9844674545084815,5.57820442792156,5.913822122164608,98.0,5.746013275043084,0.16780884712152366,0.8413728042852507,1.9844674545084815,1.4391415268403616,1.4991282489373254,98.0,1.4691348878888435,0.029993361048481996,0.1503830026138384,1.9844674545084815,99.0,0.31313131313131315,0.008412576784738831,0.045308232664195244,98.0,0.02686040472446704,0.01844782793972821,0.09249512759825217,1.9844674545084815,RandomForestRegressor,"{'mode': 'original', 'type': 'RandomForestRegressor'}",3,"['re_T6W50', 'pe_T6W50', 'l3_T6W50']",0.14459888312879904,0.1977924870053014,98.0,0.1711956850670502,0.026596801938251174,0.13335307533338947,1.9844674545084815,2.1721734978732967,2.246372771672671,98.0,2.209273134772984,0.03709963689968736,0.18601299080286,1.9844674545084815,completed,False,COMPLETE
72,1.7252816920168268,2026-06-12 13:55:41.283559,2026-06-12 13:56:03.790219,0 days 00:00:22.506660,,,,,,,,,,,,,,,RandomForestRegressor,3.0,sqrt,1.0,12.0,268.0,3,,,,,,,,False,,,,,,,,,-0.0047765343214105395,0.01384179664460217,98.0,0.004532631161595815,0.009309165483006355,0.04667500434181756,1.9844674545084815,1.7004804186852351,1.7500829653484185,98.0,1.7252816920168268,0.024801273331591742,0.12435051697682432,1.9844674545084815,0.2590322894479203,0.2789725052748729,98.0,0.2690023973613966,0.009970107913476326,0.04998888794053459,1.9844674545084815,5.53658881724862,5.855993774986708,98.0,5.696291296117664,0.15970247886904457,0.8007284764911505,1.9844674545084815,1.4182744672882988,1.4728861500706023,98.0,1.4455803086794505,0.027305841391151674,0.13690811145376608,1.9844674545084815,99.0,0.23232323232323232,0.03480708326470146,0.06671597148593204,98.0,0.05076152737531675,0.01595444411061529,0.07999360946946721,1.9844674545084815,RandomForestRegressor,"{'mode': 'original', 'type': 'RandomForestRegressor'}",3,"['re_T6W50', 'pe_T6W50', 'l3_T6W50']",0.18024891935925058,0.23447421259242152,98.0,0.20736156597583605,0.027112646616585457,0.13593945674909297,1.9844674545084815,2.146123054528079,2.220006017171931,98.0,2.183064535850005,0.03694148132192608,0.18522001829719706,1.9844674545084815,completed,False,COMPLETE
73,1.7432445689513971,2026-06-12 13:56:03.803038,2026-06-12 13:56:27.782948,0 days 00:00:23.979910,,,,,,,,,,,,,,,RandomForestRegressor,2.0,sqrt,3.0,12.0,290.0,2,,,,,,,,False,,,,,,,,,-0.013483293929133128,0.002272981382447325,98.0,-0.005605156273342901,0.007878137655790226,0.039500007810656546,1.9844674545084815,1.7185041013221964,1.7679850365805978,98.0,1.7432445689513971,0.024740467629200576,0.12404564470569586,1.9844674545084815,0.2625241980799712,0.28263234276341864,98.0,0.2725782704216949,0.010054072341723714,0.05040987519875437,1.9844674545084815,5.604112120926041,5.897754964334245,98.0,5.750933542630143,0.14682142170410217,0.7361444490400965,1.9844674545084815,1.415533240002105,1.460251097513576,98.0,1.4378921687578405,0.022358928755735613,0.11210490335115647,1.9844674545084815,99.0,0.29292929292929293,0.014687764739733497,0.04210497458657132,98.0,0.02839636966315241,0.013708604923418912,0.06873324955806917,1.9844674545084815,RandomForestRegressor,"{'mode': 'original', 'type': 'RandomForestRegressor'}",2,"['re_T6W50', 'pe_T6W50']",0.13101730583931567,0.1862656372084748,98.0,0.15864147152389524,0.02762416568457956,0.13850415008955733,1.9844674545084815,2.1723991712215107,2.246684745062353,98.0,2.2095419581419318,0.03714278692042097,0.1862293396698736,1.9844674545084815,completed,False,COMPLETE
74,1.7245485243722372,2026-06-12 13:56:27.796663,2026-06-12 13:56:45.280504,0 days 00:00:17.483841,,,,,,,,,,,,,,,RandomForestRegressor,3.0,sqrt,1.0,12.0,206.0,3,,,,,,,,False,,,,,,,,,-0.004240084859904143,0.014240404702519742,98.0,0.005000159921307799,0.009240244781211942,0.046329444467372576,1.9844674545084815,1.6996146365862803,1.749482412158194,98.0,1.7245485243722372,0.024933887785956798,0.1250154294487936,1.9844674545084815,0.25891132185722787,0.2789250136314936,98.0,0.2689181677443607,0.010006845887132826,0.05017308759656788,1.9844674545084815,5.534153169241864,5.852927586790254,98.0,5.693540378016059,0.15938720877419515,0.7991477512292778,1.9844674545084815,1.418928439334738,1.4721358383515442,98.0,1.445532138843141,0.026603699508403075,0.13338765889701562,1.9844674545084815,99.0,0.2222222222222222,0.035158678492842904,0.06708348947716969,98.0,0.051121083985006296,0.01596240549216339,0.08003352685185801,1.9844674545084815,RandomForestRegressor,"{'mode': 'original', 'type': 'RandomForestRegressor'}",3,"['re_T6W50', 'pe_T6W50', 'l3_T6W50']",0.18120111210999187,0.2351401206881585,98.0,0.2081706163990752,0.026969504289083318,0.13522175882333834,1.9844674545084815,2.145599091938612,2.2198424792502403,98.0,2.182720785594426,0.03712169365581421,0.18612358065002368,1.9844674545084815,completed,False,COMPLETE
75,1.7322025263184346,2026-06-12 13:56:45.298660,2026-06-12 13:56:47.743631,0 days 00:00:02.444971,,,,,,,,,,,,,,,XGBRegressor,,,,,,2,,,,,,,,False,gblinear,0.975545275887775,0.014938873480231436,2.0,302.0,4.0977244444120847e-05,0.0004245914061720493,0.7762862354351264,-0.0030482361323239887,0.00564981227297427,98.0,0.0013007880703251402,0.004349024202649129,0.0218054694496378,1.9844674545084815,1.7075422007198633,1.756862851917006,98.0,1.7322025263184346,0.02466032559857132,0.12364382247636596,1.9844674545084815,0.2606534171236598,0.28156501135088446,98.0,0.27110921423727213,0.010455797113612322,0.05242407351828634,1.9844674545084815,5.680363843890097,5.98780068870391,98.0,5.8340822662970035,0.15371842240690672,0.7707251575189148,1.9844674545084815,1.306362301292123,1.3560165204180203,98.0,1.3311894108550717,0.024827109562948646,0.12448005664533286,1.9844674545084815,99.0,0.1919191919191919,0.016268925601791218,0.029053013380263733,98.0,0.022660969491027475,0.006392043889236256,0.03204891747040254,1.9844674545084815,XGBRegressor,"{'mode': 'original', 'type': 'XGBRegressor'}",2,"['l3_T6W50', 'density_T6W50']",0.17519028731655728,0.22921049548898742,98.0,0.20220039140277235,0.027010104086215084,0.13542532118463285,1.9844674545084815,2.180032654725477,2.257444257134109,98.0,2.218738455929793,0.03870580120431601,0.1940660999702785,1.9844674545084815,completed,False,COMPLETE
76,1.747737067032389,2026-06-12 13:56:47.756798,2026-06-12 13:56:50.555043,0 days 00:00:02.798245,,,,,,,,,,,,,,,XGBRegressor,,,,,,2,,,,,,,,False,gblinear,0.9935245282369738,0.01729141325459362,3.0,303.0,9.298751819967188e-05,0.0010629981363466357,0.7636873722952539,-0.009511095848928439,-0.005334786898937832,98.0,-0.007422941373933135,0.0020881544749953027,0.01046974826741567,1.9844674545084815,1.722464954958051,1.773009179106727,98.0,1.747737067032389,0.025272112074337928,0.1267112441979798,1.9844674545084815,0.2647702539735442,0.2861715253843102,98.0,0.2754708896789272,0.010700635705382973,0.05365166393493548,1.9844674545084815,5.745680423446013,6.053724375890122,98.0,5.899702399668067,0.1540219762220542,0.7722471388034724,1.9844674545084815,1.192670104245393,1.2650091241037724,98.0,1.2288396141745828,0.03616950992918969,0.18134944921412458,1.9844674545084815,99.0,0.41414141414141414,-0.005555925840753934,0.0008424494004510797,98.0,-0.002356738220151427,0.003199187620602507,0.016040331043045128,1.9844674545084815,XGBRegressor,"{'mode': 'original', 'type': 'XGBRegressor'}",2,"['pe_T6W50', 'l2_T6W50']",0.0394909560682191,0.09545757756954673,98.0,0.06747426681888291,0.027983310750663813,0.14030485903059245,1.9844674545084815,2.207870905097483,2.287146580053184,98.0,2.2475087425753335,0.03963783747785072,0.1987392145682924,1.9844674545084815,completed,False,COMPLETE
77,1.732443928789398,2026-06-12 13:56:50.568265,2026-06-12 13:56:53.106659,0 days 00:00:02.538394,,,,,,,,,,,,,,,XGBRegressor,,,,,,2,,,,,,,,False,gblinear,0.791744247628041,0.010437465721177937,6.0,313.0,4.8555282903179824e-05,0.0009013082841217648,0.7883293773290179,-0.0022074386770056325,0.004698218885184305,98.0,0.001245390104089336,0.0034528287810949685,0.017312056450533107,1.9844674545084815,1.707747374064058,1.757140483514738,98.0,1.732443928789398,0.024696554725339895,0.12382547083703914,1.9844674545084815,0.26047346157052237,0.2814668149493467,98.0,0.27097013825993455,0.010496676689412194,0.05262903865521873,1.9844674545084815,5.688440624295328,5.997782290198117,98.0,5.843111457246723,0.1546708329513942,0.7755004261915253,1.9844674545084815,1.2618710909733555,1.318705988722529,98.0,1.2902885398479422,0.028417448874586845,0.14248157388822888,1.9844674545084815,99.0,0.1919191919191919,0.013566400407583817,0.02388612729340014,98.0,0.01872626385049198,0.005159863442908161,0.0258709171128782,1.9844674545084815,XGBRegressor,"{'mode': 'original', 'type': 'XGBRegressor'}",2,"['l3_T6W50', 'density_T6W50']",0.17482616137566304,0.22894756650324966,98.0,0.20188686393945635,0.027060702563793296,0.13567901569301424,1.9844674545084815,2.1845533803413533,2.262275492071166,98.0,2.2234144362062596,0.03886105586490645,0.19484452763604238,1.9844674545084815,completed,False,COMPLETE
78,1.732340208727148,2026-06-12 13:56:53.120370,2026-06-12 13:56:55.782636,0 days 00:00:02.662266,,,,,,,,,,,,,,,XGBRegressor,,,,,,2,,,,,,,,False,gblinear,0.8174991970342766,0.011351625282552067,5.0,305.0,5.281388018941324e-05,0.0008307144286596477,0.7966042011960106,-0.002311977340794829,0.004895746801536208,98.0,0.0012918847303706894,0.0036038620711655186,0.01806931868662404,1.9844674545084815,1.7076527741572427,1.7570276432970533,98.0,1.732340208727148,0.024687434569905266,0.12377974350570246,1.9844674545084815,0.26048940184094005,0.28146772603480963,98.0,0.27097856393787484,0.010489162096934802,0.052591361417968024,1.9844674545084815,5.687146128724339,5.996063878143658,98.0,5.841605003433998,0.15445887470965936,0.7744376937831995,1.9844674545084815,1.2686977164519102,1.3237476281840244,98.0,1.2962226723179673,0.027524955866057136,0.13800672433010144,1.9844674545084815,99.0,0.18181818181818182,0.014105734197167395,0.024823285957503036,98.0,0.019464510077335215,0.00535877588016782,0.026868239471115815,1.9844674545084815,XGBRegressor,"{'mode': 'original', 'type': 'XGBRegressor'}",2,"['l3_T6W50', 'density_T6W50']",0.17482153320693317,0.22901893640498716,98.0,0.20192023480596016,0.027098701599026994,0.13586953815582312,1.9844674545084815,2.1837125958591543,2.2613789510703683,98.0,2.2225457734647613,0.03883317760560705,0.1947047494919953,1.9844674545084815,completed,False,COMPLETE
79,1.7500617922025286,2026-06-12 13:56:55.795440,2026-06-12 13:56:58.365690,0 days 00:00:02.570250,,,,,,,,,,,,,,,XGBRegressor,,,,,,2,,,,,,,,False,gblinear,0.8229101679208354,0.028598910777366256,5.0,301.0,1.8315585490492443e-05,0.000644479869185906,0.8055398613124417,-0.011555917479753975,-0.00606693408839631,98.0,-0.008811425784075143,0.002744491695678833,0.013760541913851843,1.9844674545084815,1.7248218609630015,1.7753017234420556,98.0,1.7500617922025286,0.025239931239526964,0.12654989347247525,1.9844674545084815,0.2653848461317515,0.2867423658091014,98.0,0.27606360597042645,0.01067875983867494,0.05354198104494472,1.9844674545084815,5.749242755881795,6.0546323195644405,98.0,5.901937537723118,0.15269478184132299,0.7655927503305047,1.9844674545084815,1.2229229173672838,1.2906450745637452,98.0,1.2567839959655145,0.033861078598230704,0.16977526003551494,1.9844674545084815,99.0,0.35353535353535354,-0.0051237257962229825,0.0029336595054496504,98.0,-0.0010950331453866663,0.004028692650836317,0.020199366668569214,1.9844674545084815,XGBRegressor,"{'mode': 'original', 'type': 'XGBRegressor'}",2,"['pe_T6W50', 'l2_T6W50']",0.044925954671590704,0.10080072744279452,98.0,0.07286334105719261,0.02793738638560191,0.1400745999442573,1.9844674545084815,2.2064338367548837,2.2855454927111767,98.0,2.24598966473303,0.03955582797814639,0.19832802907999517,1.9844674545084815,completed,False,COMPLETE
80,1.737169508462756,2026-06-12 13:56:58.378827,2026-06-12 13:57:00.711043,0 days 00:00:02.332216,,,,,,,,,,,,,,,XGBRegressor,,,,,,2,,,,,,,,False,gblinear,0.9090378118558413,0.002516516009569092,4.0,195.0,0.008683914085363545,5.108635289799775e-06,0.6974558270823026,-0.0021863823003001027,-0.0003659747554052047,98.0,-0.0012761785278526537,0.000910203772447449,0.004563649137882063,1.9844674545084815,1.7119805016731597,1.7623585152523524,98.0,1.737169508462756,0.025189006789596364,0.12629456457903637,1.9844674545084815,0.2610937316088463,0.28240169456454356,98.0,0.27174771308669493,0.010653981477848616,0.05341774540843541,1.9844674545084815,5.713506477919274,6.035044804096439,98.0,5.8742756410078565,0.16076916308858247,0.8060766992366979,1.9844674545084815,1.1115381689844395,1.200575091997573,98.0,1.1560566304910063,0.04451846150656674,0.2232100597957135,1.9844674545084815,99.0,0.41414141414141414,-0.002563480388385408,0.0019518912702096794,98.0,-0.0003057945590878642,0.0022576858292975436,0.011319757509659354,1.9844674545084815,XGBRegressor,"{'mode': 'original', 'type': 'XGBRegressor'}",2,"['pe_T6W50', 'l3_T6W50']",0.15723005586108282,0.21260322118869016,98.0,0.1849166385248865,0.027686582663803663,0.13881710110343784,1.9844674545084815,2.205808264528443,2.284590129920284,98.0,2.2451991972243635,0.039390932695920575,0.19750126452973712,1.9844674545084815,completed,False,COMPLETE
81,1.7322825960509491,2026-06-12 13:57:00.723543,2026-06-12 13:57:03.345069,0 days 00:00:02.621526,,,,,,,,,,,,,,,XGBRegressor,,,,,,2,,,,,,,,False,gblinear,0.7267229413121972,0.01205965338620544,7.0,343.0,1.722185962738903e-05,0.004051139098418973,0.8499627756761344,-0.002716349704393076,0.005280769416853727,98.0,0.0012822098562303257,0.0039985595606234015,0.0200482830812071,1.9844674545084815,1.7076457482436629,1.7569194438582354,98.0,1.7322825960509491,0.024636847807286304,0.12352610773467779,1.9844674545084815,0.2602546621151392,0.2811697482398759,98.0,0.27071220517750755,0.010457543062368358,0.052432827489404095,1.9844674545084815,5.684155819554949,5.992723244446269,98.0,5.838439532000609,0.1542837124456601,0.7735594518561855,1.9844674545084815,1.2838301616511112,1.3373101738942843,98.0,1.3105701677726977,0.026740006121586616,0.13407108339664173,1.9844674545084815,99.0,0.1919191919191919,0.014657785680914102,0.02655791542025856,98.0,0.02060785055058633,0.005950064869672228,0.029832889331811423,1.9844674545084815,XGBRegressor,"{'mode': 'original', 'type': 'XGBRegressor'}",2,"['l3_T6W50', 'density_T6W50']",0.17574036411102362,0.22968507025470863,98.0,0.20271271718286613,0.026972353071842512,0.13523604226774558,1.9844674545084815,2.182419379270684,2.259811750373005,98.0,2.2211155648218446,0.03869618555116061,0.19401788827465477,1.9844674545084815,completed,False,COMPLETE
82,1.7513184851527237,2026-06-12 13:57:03.363465,2026-06-12 13:57:06.118118,0 days 00:00:02.754653,,,,,,,,,,,,,,,XGBRegressor,,,,,,2,,,,,,,,False,gblinear,0.660096562457501,0.03289995203346525,7.0,376.0,2.391970122007108e-06,0.036872698494204895,0.8801185140818698,-0.012670554795214239,-0.006459204144963884,98.0,-0.009564879470089062,0.0031056753251251772,0.015571471959447858,1.9844674545084815,1.726087484343453,1.7765494859619944,98.0,1.7513184851527237,0.02523100080927076,0.12650511739971734,1.9844674545084815,0.2657065049405088,0.2870406301200897,98.0,0.27637356753029924,0.010667062589790438,0.05348333248579427,1.9844674545084815,5.751261375236314,6.055584848459999,98.0,5.903423111848157,0.1521617366118425,0.7629201274787782,1.9844674545084815,1.2395050518662567,1.3054829349199404,98.0,1.2724939933930985,0.03298894152684183,0.1654024726285185,1.9844674545084815,99.0,0.35353535353535354,-0.004982292328942709,0.004059265129169563,98.0,-0.0004615135998865729,0.004520778729056136,0.022666625401845122,1.9844674545084815,XGBRegressor,"{'mode': 'original', 'type': 'XGBRegressor'}",2,"['pe_T6W50', 'l2_T6W50']",0.04686522380003598,0.10276554859153574,98.0,0.07481538619578586,0.027950162395749874,0.14013865727895783,1.9844674545084815,2.2057048286530714,2.2847057192626368,98.0,2.245205273957854,0.03950044530478271,0.1980503472056714,1.9844674545084815,completed,False,COMPLETE
83,1.7336697967530807,2026-06-12 13:57:06.158638,2026-06-12 13:57:08.729910,0 days 00:00:02.571272,,,,,,,,,,,,,,,XGBRegressor,,,,,,2,,,,,,,,False,gblinear,0.6562253586624457,0.0059010877844960005,8.0,374.0,1.6412028745738717e-06,0.021641949839974212,0.86089948321959,-0.0019294990100223943,0.0031345895309869624,98.0,0.0006025452604822842,0.0025320442705046783,0.012695356800265347,1.9844674545084815,1.7089391925238786,1.758400400982283,98.0,1.7336697967530807,0.024730604229202053,0.1239961908380429,1.9844674545084815,0.2600210783089461,0.28107024530796115,98.0,0.27054566180845363,0.010524583499507514,0.0527689599494253,1.9844674545084815,5.696249252471601,6.010285836423947,98.0,5.853267544447774,0.1570182919761733,0.787270295399868,1.9844674545084815,1.2078512173858755,1.2773678325495135,98.0,1.2426095249676945,0.03475830758181897,0.17427385518682412,1.9844674545084815,99.0,0.20202020202020202,0.008154374819151294,0.01634254464404091,98.0,0.012248459731596103,0.004094084912444808,0.020527235380331757,1.9844674545084815,XGBRegressor,"{'mode': 'original', 'type': 'XGBRegressor'}",2,"['l3_T6W50', 'density_T6W50']",0.17640327893302743,0.23018280409529462,98.0,0.20329304151416103,0.026889762581133608,0.13482194376241038,1.9844674545084815,2.1919048762086764,2.2697771451550803,98.0,2.2308410106818783,0.03893613447320202,0.1952209624920529,1.9844674545084815,completed,False,COMPLETE
