number,value,datetime_start,datetime_complete,duration,params_dt_max_depth,params_dt_min_samples_leaf,params_dt_min_samples_split,params_elastic_alpha,params_elastic_l1_ratio,params_et_max_depth,params_et_max_features,params_et_min_samples_leaf,params_et_min_samples_split,params_et_n_estimators,params_knn_metric,params_knn_n_neighbors,params_knn_weights,params_quantile_alpha,params_regressor,params_rf_max_depth,params_rf_max_features,params_rf_min_samples_leaf,params_rf_min_samples_split,params_rf_n_estimators,params_rfe_n_features,params_rfe_proxy_et_max_depth,params_rfe_proxy_et_min_samples_leaf,params_rfe_proxy_et_min_samples_split,params_rfe_proxy_et_n_estimators,params_rfe_proxy_lsvr_C,params_rfe_proxy_lsvr_epsilon,params_rfe_proxy_type,params_use_scaler,params_xgb_booster,params_xgb_colsample_bytree,params_xgb_learning_rate,params_xgb_max_depth,params_xgb_n_estimators,params_xgb_reg_alpha,params_xgb_reg_lambda,params_xgb_subsample,user_attrs_d2mae_ci_lower_val,user_attrs_d2mae_ci_upper_val,user_attrs_d2mae_df_val,user_attrs_d2mae_mean_val,user_attrs_d2mae_samperror_val,user_attrs_d2mae_std_val,user_attrs_d2mae_t_critical_val,user_attrs_mae_ci_lower_val,user_attrs_mae_ci_upper_val,user_attrs_mae_df_val,user_attrs_mae_mean_val,user_attrs_mae_samperror_val,user_attrs_mae_std_val,user_attrs_mae_t_critical_val,user_attrs_mape_ci_lower_val,user_attrs_mape_ci_upper_val,user_attrs_mape_df_val,user_attrs_mape_mean_val,user_attrs_mape_samperror_val,user_attrs_mape_std_val,user_attrs_mape_t_critical_val,user_attrs_max_error_ci_lower_val,user_attrs_max_error_ci_upper_val,user_attrs_max_error_df_val,user_attrs_max_error_mean_val,user_attrs_max_error_samperror_val,user_attrs_max_error_std_val,user_attrs_max_error_t_critical_val,user_attrs_median_ae_ci_lower_val,user_attrs_median_ae_ci_upper_val,user_attrs_median_ae_df_val,user_attrs_median_ae_mean_val,user_attrs_median_ae_samperror_val,user_attrs_median_ae_std_val,user_attrs_median_ae_t_critical_val,user_attrs_n_splits_val,user_attrs_r2_below_zero_val,user_attrs_r2_ci_lower_val,user_attrs_r2_ci_upper_val,user_attrs_r2_df_val,user_attrs_r2_mean_val,user_attrs_r2_samperror_val,user_attrs_r2_std_val,user_attrs_r2_t_critical_val,user_attrs_regressor_final,user_attrs_rfe_estimator,user_attrs_rfe_n_features,user_attrs_rfe_selected_features,user_attrs_rho_ci_lower_val,user_attrs_rho_ci_upper_val,user_attrs_rho_df_val,user_attrs_rho_mean_val,user_attrs_rho_samperror_val,user_attrs_rho_std_val,user_attrs_rho_t_critical_val,user_attrs_rmse_ci_lower_val,user_attrs_rmse_ci_upper_val,user_attrs_rmse_df_val,user_attrs_rmse_mean_val,user_attrs_rmse_samperror_val,user_attrs_rmse_std_val,user_attrs_rmse_t_critical_val,user_attrs_termination_reason,user_attrs_use_scaler_final,state
227,1.7325414235834982,2026-06-12 14:27:02.626666,2026-06-12 14:27:26.137004,0 days 00:00:23.510338,,,,,,,,,,,,,,,RandomForestRegressor,2.0,sqrt,2.0,8.0,275.0,4,,,,,,,,True,,,,,,,,,-0.007765666730647533,0.009047670657402005,98.0,0.0006410019633772356,0.008406668694024769,0.042149997065806806,1.9844674545084815,1.7071625086909639,1.7579203384760325,98.0,1.7325414235834982,0.025378914892534188,0.1272467403186717,1.9844674545084815,0.2612040351572838,0.28152868073054255,98.0,0.2713663579439132,0.010162322786629348,0.05095262954071955,1.9844674545084815,5.573228818562941,5.902249103035987,98.0,5.737738960799464,0.16451014223652316,0.8248335059871557,1.9844674545084815,1.4123142853783588,1.4660451254160833,98.0,1.439179705397221,0.02686542001886222,0.13469989316595443,1.9844674545084815,99.0,0.2222222222222222,0.024813187810760723,0.05264761619806149,98.0,0.03873040200441111,0.013917214193650386,0.06977919063748943,1.9844674545084815,RandomForestRegressor,"{'mode': 'original', 'type': 'RandomForestRegressor'}",4,"['re_T6W50', 'pe_T6W50', 'l2_T6W50', 'l3_T6W50']",0.17529761410320716,0.23022907511461382,98.0,0.2027633446089105,0.02746573050570332,0.13770977569848605,1.9844674545084815,2.160477180207589,2.2353737439935357,98.0,2.1979254621005624,0.03744828189297342,0.18776105367757046,1.9844674545084815,completed,True,COMPLETE
228,1.7284186212558157,2026-06-12 14:27:26.150125,2026-06-12 14:27:50.202743,0 days 00:00:24.052618,,,,,,,,,,,,,,,RandomForestRegressor,2.0,sqrt,1.0,8.0,281.0,4,,,,,,,,True,,,,,,,,,-0.005596592771972133,0.011603489665423555,98.0,0.0030034484467257104,0.008600041218697844,0.04311954298753096,1.9844674545084815,1.7029579569011375,1.7538792856104939,98.0,1.7284186212558157,0.025460664354678093,0.12765662201080333,1.9844674545084815,0.26027631754369335,0.2806394182057825,98.0,0.2704578678747379,0.010181550331044552,0.05104903407028779,1.9844674545084815,5.569341205721091,5.899981522996113,98.0,5.734661364358602,0.16532015863751098,0.8288948280360616,1.9844674545084815,1.4110112884963852,1.4643021654251709,98.0,1.437656726960778,0.02664543846439286,0.1335969328599291,1.9844674545084815,99.0,0.2222222222222222,0.02842602595988529,0.05678215337997737,98.0,0.04260408966993133,0.014178063710046039,0.07108705784992148,1.9844674545084815,RandomForestRegressor,"{'mode': 'original', 'type': 'RandomForestRegressor'}",4,"['re_T6W50', 'pe_T6W50', 'l2_T6W50', 'l3_T6W50']",0.18416920439176004,0.23971724989761012,98.0,0.21194322714468508,0.02777402275292505,0.13925551489539803,1.9844674545084815,2.1558937857472897,2.2309744968379754,98.0,2.1934341412926326,0.037540355545342886,0.18822269958256133,1.9844674545084815,completed,True,COMPLETE
229,1.7323606098644928,2026-06-12 14:27:50.216007,2026-06-12 14:28:16.634388,0 days 00:00:26.418381,,,,,,,,,,,,,,,RandomForestRegressor,3.0,sqrt,1.0,8.0,309.0,4,,,,,,,,True,,,,,,,,,-0.009673085712934463,0.010497563605496231,98.0,0.0004122389462808844,0.010085324659215347,0.05056657045326205,1.9844674545084815,1.7068454643962778,1.7578757553327078,98.0,1.7323606098644928,0.02551514546821497,0.12792978357566356,1.9844674545084815,0.26040977702473944,0.28050840902628493,98.0,0.2704590930255122,0.010049316000772718,0.050386027493506874,1.9844674545084815,5.574865275392479,5.9228686918498115,98.0,5.748866983621145,0.17400170822866642,0.872423043921856,1.9844674545084815,1.420329577049445,1.479166966762181,98.0,1.449748271905813,0.02941869485636786,0.14750169740329222,1.9844674545084815,99.0,0.23232323232323232,0.023086879987612094,0.05775651300230554,98.0,0.04042169649495882,0.017334816507346723,0.08691462593741785,1.9844674545084815,RandomForestRegressor,"{'mode': 'original', 'type': 'RandomForestRegressor'}",4,"['re_T6W50', 'pe_T6W50', 'l2_T6W50', 'l3_T6W50']",0.17981306312960324,0.23413218423566687,98.0,0.20697262368263505,0.027159560553031824,0.13617467742395617,1.9844674545084815,2.1569547593581895,2.23247731684633,98.0,2.1947160381022597,0.037761278744070294,0.18933038117643067,1.9844674545084815,completed,True,COMPLETE
230,1.7330908638434948,2026-06-12 14:28:16.647323,2026-06-12 14:28:40.907916,0 days 00:00:24.260593,,,,,,,,,,,,,,,RandomForestRegressor,2.0,sqrt,1.0,9.0,287.0,4,,,,,,,,True,,,,,,,,,-0.008927344801418545,0.009164617642770803,98.0,0.00011863642067612942,0.009045981222094674,0.04535543100915148,1.9844674545084815,1.7080987102923668,1.7580830173946227,98.0,1.7330908638434948,0.024992153551128007,0.1253075667888495,1.9844674545084815,0.2607137298017655,0.28078494483709776,98.0,0.2707493373194316,0.01003560751766616,0.05031729485472348,1.9844674545084815,5.562652228543234,5.866447412414711,98.0,5.714549820478973,0.15189759193573818,0.7615957387431237,1.9844674545084815,1.416153352730641,1.4711787060248434,98.0,1.4436660293777421,0.02751267664710118,0.1379451578449928,1.9844674545084815,99.0,0.25252525252525254,0.019216785618398544,0.05089200876768671,98.0,0.035054397193042625,0.01583761157464408,0.07940782558436209,1.9844674545084815,RandomForestRegressor,"{'mode': 'original', 'type': 'RandomForestRegressor'}",4,"['re_T6W50', 'pe_T6W50', 'l3_T6W50', 'atd_T6W50']",0.18156834591679075,0.2356993555288425,98.0,0.20863385072281662,0.027065504806025865,0.13570309354161034,1.9844674545084815,2.16434571002217,2.2377583860506514,98.0,2.2010520480364106,0.036706338014240544,0.1840410388358042,1.9844674545084815,completed,True,COMPLETE
231,1.7285433692083831,2026-06-12 14:28:40.920720,2026-06-12 14:29:04.099162,0 days 00:00:23.178442,,,,,,,,,,,,,,,RandomForestRegressor,2.0,sqrt,1.0,8.0,274.0,4,,,,,,,,True,,,,,,,,,-0.005653460183841206,0.011518871529672361,98.0,0.0029327056729155773,0.008586165856756783,0.04304997363891152,1.9844674545084815,1.7030896988643052,1.7539970395524611,98.0,1.7285433692083831,0.025453670344078024,0.12762155490669816,1.9844674545084815,0.26029556275876914,0.2806629440370679,98.0,0.2704792533979185,0.01018369063914935,0.0510597653104045,1.9844674545084815,5.570219760890553,5.900568057969267,98.0,5.73539390942991,0.16517414853935747,0.8281627514629569,1.9844674545084815,1.411659786867215,1.4650049964407754,98.0,1.4383323916539952,0.026672604786780144,0.13373314144035367,1.9844674545084815,99.0,0.2222222222222222,0.02839825187158538,0.05676423862806853,98.0,0.042581245249826954,0.014182993378241575,0.07111177459653538,1.9844674545084815,RandomForestRegressor,"{'mode': 'original', 'type': 'RandomForestRegressor'}",4,"['re_T6W50', 'pe_T6W50', 'l2_T6W50', 'l3_T6W50']",0.18379563293640153,0.23923349963066684,98.0,0.21151456628353418,0.02771893334713266,0.13897930342840437,1.9844674545084815,2.155924729134325,2.230984994842091,98.0,2.193454861988208,0.037530132853883034,0.18817144427195964,1.9844674545084815,completed,True,COMPLETE
232,1.7284314797292535,2026-06-12 14:29:04.112044,2026-06-12 14:29:28.062371,0 days 00:00:23.950327,,,,,,,,,,,,,,,RandomForestRegressor,2.0,sqrt,1.0,8.0,283.0,4,,,,,,,,True,,,,,,,,,-0.005604123578279666,0.011606745748587142,98.0,0.003001311085153738,0.008605434663433404,0.043146585052355045,1.9844674545084815,1.7029414413275341,1.7539215181309729,98.0,1.7284314797292535,0.02549003840171941,0.12780389984958418,1.9844674545084815,0.26025860102351306,0.280620697966813,98.0,0.270439649495163,0.010181048471649978,0.05104651780935511,1.9844674545084815,5.568036136862961,5.897848243335805,98.0,5.732942190099383,0.16490605323642188,0.8268185547729977,1.9844674545084815,1.4110884603699647,1.4640013773615683,98.0,1.4375449188657665,0.02645645849580183,0.13264941067111372,1.9844674545084815,99.0,0.2222222222222222,0.028502373175397524,0.056869992593007956,98.0,0.04268618288420274,0.014183809708805218,0.07111586757701488,1.9844674545084815,RandomForestRegressor,"{'mode': 'original', 'type': 'RandomForestRegressor'}",4,"['re_T6W50', 'pe_T6W50', 'l2_T6W50', 'l3_T6W50']",0.1841273177514431,0.23967968548516944,98.0,0.21190350161830626,0.027776183866863178,0.1392663504533897,1.9844674545084815,2.1557852587516044,2.230908587549807,98.0,2.1933469231507057,0.03756166439910117,0.18832953953975215,1.9844674545084815,completed,True,COMPLETE
233,1.732059582657246,2026-06-12 14:29:28.076115,2026-06-12 14:29:52.622218,0 days 00:00:24.546103,,,,,,,,,,,,,,,RandomForestRegressor,3.0,sqrt,1.0,8.0,285.0,4,,,,,,,,True,,,,,,,,,-0.009502063950376465,0.010687482827651447,98.0,0.0005927094386374915,0.010094773389013956,0.05061394521582051,1.9844674545084815,1.7065135383973449,1.7576056269171472,98.0,1.732059582657246,0.025546044259901188,0.1280847062955082,1.9844674545084815,0.2603548948468295,0.28047185542064856,98.0,0.27041337513373903,0.010058480286909515,0.05043197609072598,1.9844674545084815,5.577889701059778,5.927678640964954,98.0,5.752784171012366,0.17489446995258787,0.8768992407857219,1.9844674545084815,1.418209836231436,1.476855721474873,98.0,1.4475327788531545,0.029322942621718598,0.14702160754173035,1.9844674545084815,99.0,0.23232323232323232,0.02304171626876206,0.0578398700099724,98.0,0.04044079313936723,0.017399076870605167,0.08723681945085038,1.9844674545084815,RandomForestRegressor,"{'mode': 'original', 'type': 'RandomForestRegressor'}",4,"['re_T6W50', 'pe_T6W50', 'l2_T6W50', 'l3_T6W50']",0.1805621063936287,0.23480629114821946,98.0,0.2076841987709241,0.027122092377295383,0.135986816625008,1.9844674545084815,2.1568734153159674,2.2324936587355557,98.0,2.1946835370257616,0.03781012170979422,0.18957527376550248,1.9844674545084815,completed,True,COMPLETE
234,1.729558969188198,2026-06-12 14:29:52.634942,2026-06-12 14:30:17.290207,0 days 00:00:24.655265,,,,,,,,,,,,,,,RandomForestRegressor,2.0,sqrt,1.0,8.0,293.0,4,,,,,,,,True,,,,,,,,,-0.007125229306868524,0.011521848655927255,98.0,0.002198309674529366,0.00932353898139789,0.04674707128498843,1.9844674545084815,1.7041034029476212,1.755014535428775,98.0,1.729558969188198,0.025455566240576932,0.1276310606972526,1.9844674545084815,0.2599678822225954,0.28005659599828864,98.0,0.27001223911044203,0.010044356887846613,0.050361163114655716,1.9844674545084815,5.53652152341146,5.834696585885284,98.0,5.685609054648372,0.14908753123691212,0.7475064419572941,1.9844674545084815,1.419974220156919,1.4723975504099502,98.0,1.4461858852834346,0.026211665126515727,0.13142204699440882,1.9844674545084815,99.0,0.23232323232323232,0.021821974931453596,0.05390132970866366,98.0,0.03786165232005863,0.016039677388605032,0.08042095858335939,1.9844674545084815,RandomForestRegressor,"{'mode': 'original', 'type': 'RandomForestRegressor'}",4,"['nodes_T6W50', 're_T6W50', 'pe_T6W50', 'l3_T6W50']",0.18620035305621302,0.2411063737232818,98.0,0.2136533633897474,0.027453010333534384,0.13764599832850616,1.9844674545084815,2.1610139994025714,2.234565349175838,98.0,2.1977896742892047,0.03677567488663309,0.18438868533815478,1.9844674545084815,completed,True,COMPLETE
235,1.7326961470150104,2026-06-12 14:30:17.303109,2026-06-12 14:30:57.029908,0 days 00:00:39.726799,,,,,,,,,,,,,,,RandomForestRegressor,2.0,sqrt,1.0,8.0,487.0,4,,,,,,,,True,,,,,,,,,-0.008566733401502788,0.009286817999812428,98.0,0.0003600422991548197,0.008926775700657608,0.044757749268419675,1.9844674545084815,1.7077597414080177,1.7576325526220031,98.0,1.7326961470150104,0.024936405606992694,0.1250280534920547,1.9844674545084815,0.2606588289130244,0.28072176480706224,98.0,0.2706902968600433,0.010031467947018905,0.05029653955949463,1.9844674545084815,5.554276984952613,5.854338396772742,98.0,5.704307690862677,0.15003070591006457,0.7522354031133552,1.9844674545084815,1.423690607822478,1.4785823411910408,98.0,1.4511364745067594,0.027445866684281315,0.13761018095470265,1.9844674545084815,99.0,0.25252525252525254,0.020619064501875645,0.051797592913734675,98.0,0.03620832870780516,0.015589264205929513,0.07816264259409389,1.9844674545084815,RandomForestRegressor,"{'mode': 'original', 'type': 'RandomForestRegressor'}",4,"['re_T6W50', 'pe_T6W50', 'l3_T6W50', 'atd_T6W50']",0.18290065383140577,0.2364588247514028,98.0,0.2096797392914043,0.026779085459998513,0.13426702236597043,1.9844674545084815,2.1631789850249388,2.2364495377341753,98.0,2.199814261379557,0.03663527635461817,0.18368474446361094,1.9844674545084815,completed,True,COMPLETE
236,1.7326085495605235,2026-06-12 14:30:57.042819,2026-06-12 14:31:23.234031,0 days 00:00:26.191212,,,,,,,,,,,,,,,RandomForestRegressor,2.0,sqrt,2.0,8.0,312.0,4,,,,,,,,True,,,,,,,,,-0.0077835871415239555,0.00897965837939081,98.0,0.0005980356189334276,0.008381622760457383,0.042024419852668145,1.9844674545084815,1.7072695286122876,1.7579475705087593,98.0,1.7326085495605235,0.02533902094823578,0.1270467170161813,1.9844674545084815,0.2611983063834077,0.2815020575413455,98.0,0.2713501819623766,0.010151875578968931,0.05090024853365721,1.9844674545084815,5.569691882699848,5.897089354220412,98.0,5.73339061846013,0.16369873576028196,0.8207652142728582,1.9844674545084815,1.4134253795850527,1.4666066214350482,98.0,1.4400160005100504,0.02659062092499779,0.13332208449742622,1.9844674545084815,99.0,0.2222222222222222,0.025022466334413566,0.05280834724683233,98.0,0.03891540679062295,0.01389294045620938,0.06965748512022053,1.9844674545084815,RandomForestRegressor,"{'mode': 'original', 'type': 'RandomForestRegressor'}",4,"['re_T6W50', 'pe_T6W50', 'l2_T6W50', 'l3_T6W50']",0.17568025751745905,0.2308524886356256,98.0,0.20326637307654233,0.02758611555908328,0.13831337146649092,1.9844674545084815,2.1602767816618997,2.2351589096184585,98.0,2.197717845640179,0.03744106397827942,0.18772486394603155,1.9844674545084815,completed,True,COMPLETE
237,1.7295496420270673,2026-06-12 14:31:23.246893,2026-06-12 14:31:48.002813,0 days 00:00:24.755920,,,,,,,,,,,,,,,RandomForestRegressor,2.0,sqrt,1.0,8.0,294.0,4,,,,,,,,True,,,,,,,,,-0.007111250536515209,0.011518220259467585,98.0,0.0022034848614761885,0.009314735397991398,0.046702931206646106,1.9844674545084815,1.7041034758548324,1.7549958081993022,98.0,1.7295496420270673,0.02544616617223487,0.12758392991721867,1.9844674545084815,0.25997194147987196,0.2800648400714865,98.0,0.27001839077567924,0.01004644929580727,0.05037165418937415,1.9844674545084815,5.5372062159187445,5.835368906879974,98.0,5.686287561399359,0.1490813454806145,0.7474754273402937,1.9844674545084815,1.4194455922163223,1.4719522352005772,98.0,1.4456989137084497,0.0262533214921275,0.13163090685938203,1.9844674545084815,99.0,0.23232323232323232,0.0217775143170008,0.053860076889644073,98.0,0.037818795603322436,0.016041281286321638,0.08042900032813481,1.9844674545084815,RandomForestRegressor,"{'mode': 'original', 'type': 'RandomForestRegressor'}",4,"['nodes_T6W50', 're_T6W50', 'pe_T6W50', 'l3_T6W50']",0.18690552668850366,0.24181244740659638,98.0,0.21435898704755002,0.027453460359046358,0.13764825470076247,1.9844674545084815,2.1610634102168382,2.2346095446049206,98.0,2.1978364774108794,0.03677306719404124,0.18437561069002778,1.9844674545084815,completed,True,COMPLETE
238,1.7324843379028496,2026-06-12 14:31:48.015434,2026-06-12 14:32:13.429096,0 days 00:00:25.413662,,,,,,,,,,,,,,,RandomForestRegressor,3.0,sqrt,1.0,8.0,296.0,4,,,,,,,,True,,,,,,,,,-0.009762771170007642,0.010436123421700616,98.0,0.00033667612584648737,0.010099447295854129,0.05063737960663207,1.9844674545084815,1.706974903899583,1.7579937719061163,98.0,1.7324843379028496,0.02550943400326661,0.12790114699682634,1.9844674545084815,0.26041625938721114,0.2805184976850119,98.0,0.2704673785361115,0.010051119148900415,0.0503950682551995,1.9844674545084815,5.576469825590013,5.925879529919455,98.0,5.751174677754734,0.17470485216472098,0.875948520649945,1.9844674545084815,1.4192159071330255,1.4780324317835252,98.0,1.4486241694582753,0.029408262325249845,0.14744938998259824,1.9844674545084815,99.0,0.23232323232323232,0.022734151346260216,0.05754794004207129,98.0,0.04014104569416575,0.017406894347905537,0.08727601531514163,1.9844674545084815,RandomForestRegressor,"{'mode': 'original', 'type': 'RandomForestRegressor'}",4,"['re_T6W50', 'pe_T6W50', 'l2_T6W50', 'l3_T6W50']",0.18008284820102993,0.23433430204532463,98.0,0.20720857512317728,0.027125726922147358,0.13600503978336265,1.9844674545084815,2.1572224755106015,2.2328037047082887,98.0,2.195013090109445,0.03779061459884376,0.18947746752390424,1.9844674545084815,completed,True,COMPLETE
239,1.7286554614317082,2026-06-12 14:32:13.441950,2026-06-12 14:32:36.279863,0 days 00:00:22.837913,,,,,,,,,,,,,,,RandomForestRegressor,2.0,sqrt,1.0,8.0,270.0,4,,,,,,,,True,,,,,,,,,-0.005731250557638429,0.011465856645542435,98.0,0.0028673030439520034,0.008598553601590432,0.04311208425934806,1.9844674545084815,1.7031935293292164,1.7541173935342,98.0,1.7286554614317082,0.025461932102491848,0.12766297834154205,1.9844674545084815,0.2602963740655292,0.28065408664912705,98.0,0.2704752303573281,0.010178856291798953,0.051035526490718505,1.9844674545084815,5.568495470168172,5.8989071454868975,98.0,5.733701307827535,0.16520583765936248,0.8283216367912414,1.9844674545084815,1.4113177069267977,1.464762539760201,98.0,1.4380401233434994,0.02672241641670168,0.13398289079190456,1.9844674545084815,99.0,0.2222222222222222,0.028404503109687684,0.0567932387420336,98.0,0.04259887092586064,0.014194367816172958,0.07116880462149328,1.9844674545084815,RandomForestRegressor,"{'mode': 'original', 'type': 'RandomForestRegressor'}",4,"['re_T6W50', 'pe_T6W50', 'l2_T6W50', 'l3_T6W50']",0.1834002553695041,0.23886795534914163,98.0,0.21113410535932287,0.027733849989818753,0.13905409362989016,1.9844674545084815,2.1559031192937432,2.230957815481254,98.0,2.1934304673874987,0.03752734809375537,0.18815748182910835,1.9844674545084815,completed,True,COMPLETE
240,1.7372255049459535,2026-06-12 14:32:36.292542,2026-06-12 14:32:59.457568,0 days 00:00:23.165026,,,,,,,,,,,,,,,RandomForestRegressor,3.0,sqrt,1.0,4.0,269.0,4,,,,,,,,True,,,,,,,,,-0.013612820220137626,0.008148867062368602,98.0,-0.0027319765788845125,0.010880843641253114,0.054555204236643874,1.9844674545084815,1.7123265018541796,1.7621245080377275,98.0,1.7372255049459535,0.024899003091774015,0.12484052190682147,1.9844674545084815,0.26057113066194987,0.28019873730118566,98.0,0.27038493398156777,0.00981380331961788,0.04920519603922433,1.9844674545084815,5.5428086140693855,5.851997917420351,98.0,5.697403265744868,0.15459465167548278,0.7751184626964707,1.9844674545084815,1.4219842885437624,1.4810934548430108,98.0,1.4515388716933866,0.02955458314962422,0.1481830244985427,1.9844674545084815,99.0,0.29292929292929293,0.013392461648819208,0.0534272073214647,98.0,0.033409834485141954,0.020017372836322746,0.10036463158300345,1.9844674545084815,RandomForestRegressor,"{'mode': 'original', 'type': 'RandomForestRegressor'}",4,"['re_T6W50', 'pe_T6W50', 'l3_T6W50', 'lsc_T6W50']",0.17783539305834511,0.23546330944576338,98.0,0.20664935125205425,0.028813958193709143,0.14446962257265591,1.9844674545084815,2.1643936062431774,2.237462583301912,98.0,2.2009280947725447,0.03653448852936705,0.1831794067735907,1.9844674545084815,completed,True,COMPLETE
