number,value,datetime_start,datetime_complete,duration,params_dt_max_depth,params_dt_min_samples_leaf,params_dt_min_samples_split,params_elastic_alpha,params_elastic_l1_ratio,params_et_max_depth,params_et_max_features,params_et_min_samples_leaf,params_et_min_samples_split,params_et_n_estimators,params_knn_metric,params_knn_n_neighbors,params_knn_weights,params_quantile_alpha,params_regressor,params_rf_max_depth,params_rf_max_features,params_rf_min_samples_leaf,params_rf_min_samples_split,params_rf_n_estimators,params_rfe_n_features,params_rfe_proxy_et_max_depth,params_rfe_proxy_et_min_samples_leaf,params_rfe_proxy_et_min_samples_split,params_rfe_proxy_et_n_estimators,params_rfe_proxy_lsvr_C,params_rfe_proxy_lsvr_epsilon,params_rfe_proxy_type,params_use_scaler,params_xgb_booster,params_xgb_colsample_bytree,params_xgb_learning_rate,params_xgb_max_depth,params_xgb_n_estimators,params_xgb_reg_alpha,params_xgb_reg_lambda,params_xgb_subsample,user_attrs_d2mae_ci_lower_val,user_attrs_d2mae_ci_upper_val,user_attrs_d2mae_df_val,user_attrs_d2mae_mean_val,user_attrs_d2mae_samperror_val,user_attrs_d2mae_std_val,user_attrs_d2mae_t_critical_val,user_attrs_mae_ci_lower_val,user_attrs_mae_ci_upper_val,user_attrs_mae_df_val,user_attrs_mae_mean_val,user_attrs_mae_samperror_val,user_attrs_mae_std_val,user_attrs_mae_t_critical_val,user_attrs_mape_ci_lower_val,user_attrs_mape_ci_upper_val,user_attrs_mape_df_val,user_attrs_mape_mean_val,user_attrs_mape_samperror_val,user_attrs_mape_std_val,user_attrs_mape_t_critical_val,user_attrs_max_error_ci_lower_val,user_attrs_max_error_ci_upper_val,user_attrs_max_error_df_val,user_attrs_max_error_mean_val,user_attrs_max_error_samperror_val,user_attrs_max_error_std_val,user_attrs_max_error_t_critical_val,user_attrs_median_ae_ci_lower_val,user_attrs_median_ae_ci_upper_val,user_attrs_median_ae_df_val,user_attrs_median_ae_mean_val,user_attrs_median_ae_samperror_val,user_attrs_median_ae_std_val,user_attrs_median_ae_t_critical_val,user_attrs_n_splits_val,user_attrs_r2_below_zero_val,user_attrs_r2_ci_lower_val,user_attrs_r2_ci_upper_val,user_attrs_r2_df_val,user_attrs_r2_mean_val,user_attrs_r2_samperror_val,user_attrs_r2_std_val,user_attrs_r2_t_critical_val,user_attrs_regressor_final,user_attrs_rfe_estimator,user_attrs_rfe_n_features,user_attrs_rfe_selected_features,user_attrs_rho_ci_lower_val,user_attrs_rho_ci_upper_val,user_attrs_rho_df_val,user_attrs_rho_mean_val,user_attrs_rho_samperror_val,user_attrs_rho_std_val,user_attrs_rho_t_critical_val,user_attrs_rmse_ci_lower_val,user_attrs_rmse_ci_upper_val,user_attrs_rmse_df_val,user_attrs_rmse_mean_val,user_attrs_rmse_samperror_val,user_attrs_rmse_std_val,user_attrs_rmse_t_critical_val,user_attrs_termination_reason,user_attrs_use_scaler_final,state
213,1.735744738085457,2026-06-12 14:21:12.102677,2026-06-12 14:21:36.925400,0 days 00:00:24.822723,,,,,,,,,,,,,,,RandomForestRegressor,3.0,sqrt,1.0,8.0,292.0,6,,,,,,,,True,,,,,,,,,-0.011952139812844886,0.008761210565621336,98.0,-0.0015954646236117738,0.010356675189233111,0.05192708844919346,1.9844674545084815,1.710164999238795,1.7613244769321188,98.0,1.735744738085457,0.025579738846661974,0.12825364678606305,1.9844674545084815,0.26041180996508,0.2802049326433739,98.0,0.27030837130422697,0.00989656133914695,0.049620134513343295,1.9844674545084815,5.527172848910062,5.809381573019241,98.0,5.668277210964652,0.14110436205458965,0.7074798190632695,1.9844674545084815,1.4155211235512213,1.4743680176193905,98.0,1.444944570585306,0.02942344703408458,0.14752552423459797,1.9844674545084815,99.0,0.30303030303030304,0.012079961094744504,0.04854802760555201,98.0,0.030313994350148258,0.018234033255403754,0.09142318749391977,1.9844674545084815,RandomForestRegressor,"{'mode': 'original', 'type': 'RandomForestRegressor'}",6,"['nodes_T6W50', 're_T6W50', 'pe_T6W50', 'l2_T6W50', 'l3_T6W50', 'lsc_T6W50']",0.17559699682115942,0.23106845248046648,98.0,0.20333272465081295,0.027735727829653518,0.1390635088865639,1.9844674545084815,2.168689857109118,2.2422180244745067,98.0,2.2054539407918123,0.03676408368269435,0.1843305684752464,1.9844674545084815,completed,True,COMPLETE
214,1.7285496038830999,2026-06-12 14:21:36.938931,2026-06-12 14:22:00.217348,0 days 00:00:23.278417,,,,,,,,,,,,,,,RandomForestRegressor,2.0,sqrt,1.0,8.0,276.0,4,,,,,,,,True,,,,,,,,,-0.005669250480392766,0.011522798922155889,98.0,0.0029267742208815613,0.008596024701274328,0.0430994046659463,1.9844674545084815,1.7030971037486349,1.7540021040175648,98.0,1.7285496038830999,0.025452500134464876,0.12761568762043343,1.9844674545084815,0.26029249352655526,0.28065881577104157,98.0,0.2704756546487984,0.010183161122243165,0.051057110378129385,1.9844674545084815,5.570324712852765,5.90107931544339,98.0,5.735702014148077,0.16537730129531225,0.8291813342546746,1.9844674545084815,1.4114251000529674,1.4650938776710978,98.0,1.4382594888620326,0.026834388809065163,0.13454430651808,1.9844674545084815,99.0,0.2222222222222222,0.02834645556990617,0.056710119867208,98.0,0.04252828771855709,0.014181832148650915,0.07110595233499273,1.9844674545084815,RandomForestRegressor,"{'mode': 'original', 'type': 'RandomForestRegressor'}",4,"['re_T6W50', 'pe_T6W50', 'l2_T6W50', 'l3_T6W50']",0.18389889966270154,0.239285740357667,98.0,0.21159232001018427,0.027693420347482737,0.1388513844036962,1.9844674545084815,2.1559867161396418,2.231042468948391,98.0,2.1935145925440165,0.037527876404374556,0.1881601307132097,1.9844674545084815,completed,True,COMPLETE
215,1.7284902061960006,2026-06-12 14:22:00.230036,2026-06-12 14:22:23.631376,0 days 00:00:23.401340,,,,,,,,,,,,,,,RandomForestRegressor,2.0,sqrt,1.0,8.0,278.0,4,,,,,,,,True,,,,,,,,,-0.00564585821688717,0.011567472585130087,98.0,0.0029608071841214583,0.008606665401008629,0.04315275581833532,1.9844674545084815,1.703029923659876,1.7539504887321251,98.0,1.7284902061960006,0.02546028253612452,0.12765470761980038,1.9844674545084815,0.2602831716901941,0.2806499116340674,98.0,0.27046654166213074,0.010183369971936626,0.051058157524661134,1.9844674545084815,5.570092314264586,5.900885569622807,98.0,5.7354889419436965,0.1653966276791111,0.8292782343526875,1.9844674545084815,1.4112022728070912,1.464754538217399,98.0,1.437978405512245,0.02677613270515395,0.1342522176183868,1.9844674545084815,99.0,0.2222222222222222,0.028369637632301013,0.05675871092147126,98.0,0.042564174276886135,0.014194536644585122,0.07116965110627058,1.9844674545084815,RandomForestRegressor,"{'mode': 'original', 'type': 'RandomForestRegressor'}",4,"['re_T6W50', 'pe_T6W50', 'l2_T6W50', 'l3_T6W50']",0.1840569020299431,0.2396804680040183,98.0,0.2118686850169807,0.027811782987037605,0.13944484003892124,1.9844674545084815,2.15593486109029,2.231011331565025,98.0,2.1934730963276574,0.03753823523736765,0.18821206862062054,1.9844674545084815,completed,True,COMPLETE
216,1.7321574077999895,2026-06-12 14:22:23.648823,2026-06-12 14:22:47.718046,0 days 00:00:24.069223,,,,,,,,,,,,,,,RandomForestRegressor,3.0,sqrt,1.0,8.0,280.0,4,,,,,,,,True,,,,,,,,,-0.00956580715736136,0.010633594578694096,98.0,0.0005338937106663689,0.010099700868027727,0.0506386509861478,1.9844674545084815,1.706615135527838,1.757699680072141,98.0,1.7321574077999895,0.02554227227215141,0.1280657940154634,1.9844674545084815,0.2604065994129956,0.2805486536806915,98.0,0.27047762654684354,0.01007102713384793,0.0504948844294375,1.9844674545084815,5.58025959819567,5.931804656244819,98.0,5.756032127220244,0.17577252902457438,0.8813017203712612,1.9844674545084815,1.4179185481426138,1.4764683725327328,98.0,1.4471934603376733,0.02927491219505961,0.14678078892303248,1.9844674545084815,99.0,0.23232323232323232,0.022827557822549423,0.057644142733772503,98.0,0.04023585027816096,0.01740829245561154,0.08728302525425671,1.9844674545084815,RandomForestRegressor,"{'mode': 'original', 'type': 'RandomForestRegressor'}",4,"['re_T6W50', 'pe_T6W50', 'l2_T6W50', 'l3_T6W50']",0.18022873541836495,0.23473862231137096,98.0,0.20748367886486796,0.027254943446502995,0.13665291545453248,1.9844674545084815,2.157106285737318,2.2327240825134522,98.0,2.194915184125385,0.0378088983880673,0.1895691401816684,1.9844674545084815,completed,True,COMPLETE
217,1.729558969188198,2026-06-12 14:22:47.731075,2026-06-12 14:23:12.368510,0 days 00:00:24.637435,,,,,,,,,,,,,,,RandomForestRegressor,2.0,sqrt,1.0,8.0,293.0,4,,,,,,,,True,,,,,,,,,-0.007125229306868524,0.011521848655927255,98.0,0.002198309674529366,0.00932353898139789,0.04674707128498843,1.9844674545084815,1.7041034029476212,1.755014535428775,98.0,1.729558969188198,0.025455566240576932,0.1276310606972526,1.9844674545084815,0.2599678822225954,0.28005659599828864,98.0,0.27001223911044203,0.010044356887846613,0.050361163114655716,1.9844674545084815,5.53652152341146,5.834696585885284,98.0,5.685609054648372,0.14908753123691212,0.7475064419572941,1.9844674545084815,1.419974220156919,1.4723975504099502,98.0,1.4461858852834346,0.026211665126515727,0.13142204699440882,1.9844674545084815,99.0,0.23232323232323232,0.021821974931453596,0.05390132970866366,98.0,0.03786165232005863,0.016039677388605032,0.08042095858335939,1.9844674545084815,RandomForestRegressor,"{'mode': 'original', 'type': 'RandomForestRegressor'}",4,"['nodes_T6W50', 're_T6W50', 'pe_T6W50', 'l3_T6W50']",0.18620035305621302,0.2411063737232818,98.0,0.2136533633897474,0.027453010333534384,0.13764599832850616,1.9844674545084815,2.1610139994025714,2.234565349175838,98.0,2.1977896742892047,0.03677567488663309,0.18438868533815478,1.9844674545084815,completed,True,COMPLETE
218,1.7287359570325889,2026-06-12 14:23:12.381449,2026-06-12 14:23:37.629943,0 days 00:00:25.248494,,,,,,,,,,,,,,,RandomForestRegressor,2.0,sqrt,1.0,8.0,299.0,4,,,,,,,,True,,,,,,,,,-0.005780223191843155,0.011416354051376561,98.0,0.002818065429766703,0.008598288621609858,0.0431107556824991,1.9844674545084815,1.7032819379398834,1.7541899761252944,98.0,1.7287359570325889,0.025454019092705567,0.12762330348918222,1.9844674545084815,0.2602988471165593,0.28064560171456415,98.0,0.27047222441556174,0.010173377299002416,0.05100805549849756,1.9844674545084815,5.567605564936595,5.896955037016041,98.0,5.732280300976318,0.1646747360397232,0.8256587589588664,1.9844674545084815,1.4117268194205805,1.4643253342175826,98.0,1.4380260768190816,0.026299257398501016,0.1318612238124261,1.9844674545084815,99.0,0.2222222222222222,0.028334306358925282,0.056732663530704774,98.0,0.04253348494481503,0.014199178585889746,0.07119292522584052,1.9844674545084815,RandomForestRegressor,"{'mode': 'original', 'type': 'RandomForestRegressor'}",4,"['re_T6W50', 'pe_T6W50', 'l2_T6W50', 'l3_T6W50']",0.18371044233852135,0.23928353253962015,98.0,0.21149698743907075,0.027786545100549412,0.13931830039757906,1.9844674545084815,2.155963559797048,2.2310530693227064,98.0,2.1935083145598773,0.037544754762829195,0.18824475671492716,1.9844674545084815,completed,True,COMPLETE
219,1.7324347017650745,2026-06-12 14:23:37.642899,2026-06-12 14:24:03.759347,0 days 00:00:26.116448,,,,,,,,,,,,,,,RandomForestRegressor,3.0,sqrt,1.0,8.0,300.0,4,,,,,,,,True,,,,,,,,,-0.009711681703539522,0.010458978851615792,98.0,0.0003736485740381349,0.010085330277577657,0.05056659862303577,1.9844674545084815,1.7069015216588759,1.7579678818712732,98.0,1.7324347017650745,0.025533180106198552,0.12802020701992647,1.9844674545084815,0.26040227865306675,0.28051205591748374,98.0,0.27045716728527525,0.010054888632208474,0.050413967978283306,1.9844674545084815,5.5755982445812124,5.9247925684129426,98.0,5.7501954064970775,0.17459716191586508,0.8754085750616863,1.9844674545084815,1.419682449193741,1.4785994587023252,98.0,1.449140953948033,0.02945850475429206,0.14770129930765746,1.9844674545084815,99.0,0.23232323232323232,0.02282032959413876,0.05760926008474198,98.0,0.04021479483944037,0.01739446524530161,0.08721369733196022,1.9844674545084815,RandomForestRegressor,"{'mode': 'original', 'type': 'RandomForestRegressor'}",4,"['re_T6W50', 'pe_T6W50', 'l2_T6W50', 'l3_T6W50']",0.17974610735916802,0.23388714060035293,98.0,0.20681662397976047,0.02707051662059247,0.1357282221599686,1.9844674545084815,2.157141255376821,2.2327393310947885,98.0,2.194940293235805,0.037799037858983475,0.18951970070842664,1.9844674545084815,completed,True,COMPLETE
220,1.7287359570325889,2026-06-12 14:24:03.844586,2026-06-12 14:24:29.103091,0 days 00:00:25.258505,,,,,,,,,,,,,,,RandomForestRegressor,2.0,sqrt,1.0,8.0,299.0,4,,,,,,,,True,,,,,,,,,-0.005780223191843155,0.011416354051376561,98.0,0.002818065429766703,0.008598288621609858,0.0431107556824991,1.9844674545084815,1.7032819379398834,1.7541899761252944,98.0,1.7287359570325889,0.025454019092705567,0.12762330348918222,1.9844674545084815,0.2602988471165593,0.28064560171456415,98.0,0.27047222441556174,0.010173377299002416,0.05100805549849756,1.9844674545084815,5.567605564936595,5.896955037016041,98.0,5.732280300976318,0.1646747360397232,0.8256587589588664,1.9844674545084815,1.4117268194205805,1.4643253342175826,98.0,1.4380260768190816,0.026299257398501016,0.1318612238124261,1.9844674545084815,99.0,0.2222222222222222,0.028334306358925282,0.056732663530704774,98.0,0.04253348494481503,0.014199178585889746,0.07119292522584052,1.9844674545084815,RandomForestRegressor,"{'mode': 'original', 'type': 'RandomForestRegressor'}",4,"['re_T6W50', 'pe_T6W50', 'l2_T6W50', 'l3_T6W50']",0.18371044233852135,0.23928353253962015,98.0,0.21149698743907075,0.027786545100549412,0.13931830039757906,1.9844674545084815,2.155963559797048,2.2310530693227064,98.0,2.1935083145598773,0.037544754762829195,0.18824475671492716,1.9844674545084815,completed,True,COMPLETE
221,1.7287869671505052,2026-06-12 14:24:29.115993,2026-06-12 14:24:54.527115,0 days 00:00:25.411122,,,,,,,,,,,,,,,RandomForestRegressor,2.0,sqrt,1.0,8.0,302.0,4,,,,,,,,True,,,,,,,,,-0.005807307467404193,0.011384214003405654,98.0,0.0027884532680007303,0.008595760735404924,0.04309808117372532,1.9844674545084815,1.7033368754311866,1.7542370588698237,98.0,1.7287869671505052,0.025450091719318623,0.12760361212477128,1.9844674545084815,0.26031165035249154,0.28065363175547736,98.0,0.27048264105398445,0.010170990701492902,0.05099608939376755,1.9844674545084815,5.566765343167143,5.895933616256485,98.0,5.731349479711814,0.16458413654467108,0.8252045042963357,1.9844674545084815,1.4118835100011597,1.464203788225359,98.0,1.4380436491132593,0.02616013911209958,0.131163701931043,1.9844674545084815,99.0,0.2222222222222222,0.028353664533460717,0.056753007590550436,98.0,0.04255333606200558,0.014199671528544861,0.0711953967793444,1.9844674545084815,RandomForestRegressor,"{'mode': 'original', 'type': 'RandomForestRegressor'}",4,"['re_T6W50', 'pe_T6W50', 'l2_T6W50', 'l3_T6W50']",0.18389030134659437,0.23940650780921788,98.0,0.21164840457790612,0.027758103231311754,0.13917569638301078,1.9844674545084815,2.155936964464709,2.2310451277143426,98.0,2.193491046089526,0.03755408162481657,0.18829152044735306,1.9844674545084815,completed,True,COMPLETE
222,1.728789841811887,2026-06-12 14:24:54.539995,2026-06-12 14:25:19.728522,0 days 00:00:25.188527,,,,,,,,,,,,,,,RandomForestRegressor,2.0,sqrt,1.0,8.0,300.0,4,,,,,,,,True,,,,,,,,,-0.0058089549347389215,0.01138745058304195,98.0,0.0027892478241515143,0.008598202758890436,0.043110325177443724,1.9844674545084815,1.703325007057302,1.754254676566472,98.0,1.728789841811887,0.02546483475458484,0.1276775318801262,1.9844674545084815,0.2603021332389637,0.2806482127603257,98.0,0.2704751729996447,0.010173039760681036,0.05100636312310208,1.9844674545084815,5.566423406159604,5.895406115415513,98.0,5.730914760787559,0.16449135462795458,0.8247393072415095,1.9844674545084815,1.41201204688198,1.4643485601879256,98.0,1.4381803035349527,0.026168256652972736,0.1312044022769753,1.9844674545084815,99.0,0.2222222222222222,0.028349779864280725,0.05675147655755422,98.0,0.04255062821091747,0.014200848346636746,0.07120129719970415,1.9844674545084815,RandomForestRegressor,"{'mode': 'original', 'type': 'RandomForestRegressor'}",4,"['re_T6W50', 'pe_T6W50', 'l2_T6W50', 'l3_T6W50']",0.18387408493259474,0.23935843663918524,98.0,0.21161626078589,0.027742175853295244,0.13909583847958953,1.9844674545084815,2.155940041200787,2.2310413781892855,98.0,2.1934907096950362,0.037550668494249276,0.18827440743283652,1.9844674545084815,completed,True,COMPLETE
223,1.7324347017650745,2026-06-12 14:25:19.741357,2026-06-12 14:25:45.535264,0 days 00:00:25.793907,,,,,,,,,,,,,,,RandomForestRegressor,3.0,sqrt,1.0,8.0,300.0,4,,,,,,,,True,,,,,,,,,-0.009711681703539522,0.010458978851615792,98.0,0.0003736485740381349,0.010085330277577657,0.05056659862303577,1.9844674545084815,1.7069015216588759,1.7579678818712732,98.0,1.7324347017650745,0.025533180106198552,0.12802020701992647,1.9844674545084815,0.26040227865306675,0.28051205591748374,98.0,0.27045716728527525,0.010054888632208474,0.050413967978283306,1.9844674545084815,5.5755982445812124,5.9247925684129426,98.0,5.7501954064970775,0.17459716191586508,0.8754085750616863,1.9844674545084815,1.419682449193741,1.4785994587023252,98.0,1.449140953948033,0.02945850475429206,0.14770129930765746,1.9844674545084815,99.0,0.23232323232323232,0.02282032959413876,0.05760926008474198,98.0,0.04021479483944037,0.01739446524530161,0.08721369733196022,1.9844674545084815,RandomForestRegressor,"{'mode': 'original', 'type': 'RandomForestRegressor'}",4,"['re_T6W50', 'pe_T6W50', 'l2_T6W50', 'l3_T6W50']",0.17974610735916802,0.23388714060035293,98.0,0.20681662397976047,0.02707051662059247,0.1357282221599686,1.9844674545084815,2.157141255376821,2.2327393310947885,98.0,2.194940293235805,0.037799037858983475,0.18951970070842664,1.9844674545084815,completed,True,COMPLETE
224,1.7294775581647397,2026-06-12 14:25:45.549143,2026-06-12 14:26:11.780013,0 days 00:00:26.230870,,,,,,,,,,,,,,,RandomForestRegressor,2.0,sqrt,1.0,8.0,313.0,4,,,,,,,,True,,,,,,,,,-0.007013493782650806,0.011516596871975213,98.0,0.002251551544662203,0.00926504532731301,0.046453791338105496,1.9844674545084815,1.7040500189846683,1.754905097344811,98.0,1.7294775581647397,0.025427539180071318,0.1274905364823618,1.9844674545084815,0.25997211915700147,0.28007964335769975,98.0,0.2700258812573506,0.010053762100349129,0.050408319686873926,1.9844674545084815,5.534931462523191,5.832101264170734,98.0,5.683516363346962,0.14858490082377146,0.744986315232885,1.9844674545084815,1.4182075750658432,1.4708951956634162,98.0,1.4445513853646297,0.026343810298786526,0.13208460654399992,1.9844674545084815,99.0,0.23232323232323232,0.02192736150744702,0.05388558669258482,98.0,0.03790647410001592,0.0159791125925689,0.08011729418689893,1.9844674545084815,RandomForestRegressor,"{'mode': 'original', 'type': 'RandomForestRegressor'}",4,"['nodes_T6W50', 're_T6W50', 'pe_T6W50', 'l3_T6W50']",0.18707452675603786,0.24189588377513505,98.0,0.21448520526558645,0.027410678509548602,0.13743375179878872,1.9844674545084815,2.160979334983929,2.2345533536098205,98.0,2.1977663442968747,0.036787009312946026,0.1844455147498066,1.9844674545084815,completed,True,COMPLETE
225,1.7362808994892627,2026-06-12 14:26:11.792772,2026-06-12 14:26:38.915686,0 days 00:00:27.122914,,,,,,,,,,,,,,,RandomForestRegressor,3.0,sqrt,1.0,8.0,319.0,4,,,,,,,,True,,,,,,,,,-0.012413945984111488,0.008462526906090348,98.0,-0.0019757095390105692,0.010438236445100918,0.052336026498334735,1.9844674545084815,1.7109348469050436,1.7616269520734817,98.0,1.7362808994892627,0.025346052584219077,0.12708197276930436,1.9844674545084815,0.2603507263756091,0.2802022083801642,98.0,0.27027646737788663,0.009925741002277557,0.0497664377352379,1.9844674545084815,5.505005767753197,5.803710307968844,98.0,5.65435803786102,0.14935227010782368,0.7488338099122199,1.9844674545084815,1.423673750190932,1.4824481401912273,98.0,1.4530609451910796,0.029387195000147564,0.14734376102021546,1.9844674545084815,99.0,0.2727272727272727,0.015417160359230069,0.0525496377781045,98.0,0.033983399068667285,0.018566238709437216,0.09308882455211716,1.9844674545084815,RandomForestRegressor,"{'mode': 'original', 'type': 'RandomForestRegressor'}",4,"['re_T6W50', 'pe_T6W50', 'l3_T6W50', 'lcc_T6W50']",0.17243532217308918,0.22636644313028445,98.0,0.19940088265168682,0.026965560478597637,0.13520198504534733,1.9844674545084815,2.1643853282208427,2.237527420337009,98.0,2.2009563742789258,0.03657104605808314,0.18336270170101082,1.9844674545084815,completed,True,COMPLETE
226,1.7284672706330673,2026-06-12 14:26:38.928573,2026-06-12 14:27:02.599266,0 days 00:00:23.670693,,,,,,,,,,,,,,,RandomForestRegressor,2.0,sqrt,1.0,8.0,277.0,4,,,,,,,,True,,,,,,,,,-0.0056286286455172465,0.011574618196104353,98.0,0.002972994775293554,0.0086016234208108,0.04312747595323306,1.9844674545084815,1.703016328697161,1.7539182125689736,98.0,1.7284672706330673,0.025450941935906288,0.1276078750055841,1.9844674545084815,0.26028334614705784,0.2806499422161849,98.0,0.27046664418162136,0.010183298034563538,0.05105779683956994,1.9844674545084815,5.5704326874274885,5.901408003535981,98.0,5.735920345481735,0.1654876580542462,0.8297346493946615,1.9844674545084815,1.4113049397227926,1.4651592261726896,98.0,1.438232082947741,0.026927143224948536,0.13500936568713034,1.9844674545084815,99.0,0.2222222222222222,0.02836935178287372,0.05673886355732316,98.0,0.04255410767009844,0.014184755887224721,0.07112061159858363,1.9844674545084815,RandomForestRegressor,"{'mode': 'original', 'type': 'RandomForestRegressor'}",4,"['re_T6W50', 'pe_T6W50', 'l2_T6W50', 'l3_T6W50']",0.18405090871370935,0.23950981136471175,98.0,0.21178036003921055,0.027729451325501198,0.13903203927104404,1.9844674545084815,2.1559551382878976,2.2310127873679826,98.0,2.19348396282794,0.03752882454004252,0.18816488454818012,1.9844674545084815,completed,True,COMPLETE
