number,value,datetime_start,datetime_complete,duration,params_dt_max_depth,params_dt_min_samples_leaf,params_dt_min_samples_split,params_elastic_alpha,params_elastic_l1_ratio,params_et_max_depth,params_et_max_features,params_et_min_samples_leaf,params_et_min_samples_split,params_et_n_estimators,params_knn_metric,params_knn_n_neighbors,params_knn_weights,params_quantile_alpha,params_regressor,params_rf_max_depth,params_rf_max_features,params_rf_min_samples_leaf,params_rf_min_samples_split,params_rf_n_estimators,params_rfe_n_features,params_rfe_proxy_et_max_depth,params_rfe_proxy_et_min_samples_leaf,params_rfe_proxy_et_min_samples_split,params_rfe_proxy_et_n_estimators,params_rfe_proxy_lsvr_C,params_rfe_proxy_lsvr_epsilon,params_rfe_proxy_type,params_use_scaler,params_xgb_booster,params_xgb_colsample_bytree,params_xgb_learning_rate,params_xgb_max_depth,params_xgb_n_estimators,params_xgb_reg_alpha,params_xgb_reg_lambda,params_xgb_subsample,user_attrs_d2mae_ci_lower_val,user_attrs_d2mae_ci_upper_val,user_attrs_d2mae_df_val,user_attrs_d2mae_mean_val,user_attrs_d2mae_samperror_val,user_attrs_d2mae_std_val,user_attrs_d2mae_t_critical_val,user_attrs_mae_ci_lower_val,user_attrs_mae_ci_upper_val,user_attrs_mae_df_val,user_attrs_mae_mean_val,user_attrs_mae_samperror_val,user_attrs_mae_std_val,user_attrs_mae_t_critical_val,user_attrs_mape_ci_lower_val,user_attrs_mape_ci_upper_val,user_attrs_mape_df_val,user_attrs_mape_mean_val,user_attrs_mape_samperror_val,user_attrs_mape_std_val,user_attrs_mape_t_critical_val,user_attrs_max_error_ci_lower_val,user_attrs_max_error_ci_upper_val,user_attrs_max_error_df_val,user_attrs_max_error_mean_val,user_attrs_max_error_samperror_val,user_attrs_max_error_std_val,user_attrs_max_error_t_critical_val,user_attrs_median_ae_ci_lower_val,user_attrs_median_ae_ci_upper_val,user_attrs_median_ae_df_val,user_attrs_median_ae_mean_val,user_attrs_median_ae_samperror_val,user_attrs_median_ae_std_val,user_attrs_median_ae_t_critical_val,user_attrs_n_splits_val,user_attrs_r2_below_zero_val,user_attrs_r2_ci_lower_val,user_attrs_r2_ci_upper_val,user_attrs_r2_df_val,user_attrs_r2_mean_val,user_attrs_r2_samperror_val,user_attrs_r2_std_val,user_attrs_r2_t_critical_val,user_attrs_regressor_final,user_attrs_rfe_estimator,user_attrs_rfe_n_features,user_attrs_rfe_selected_features,user_attrs_rho_ci_lower_val,user_attrs_rho_ci_upper_val,user_attrs_rho_df_val,user_attrs_rho_mean_val,user_attrs_rho_samperror_val,user_attrs_rho_std_val,user_attrs_rho_t_critical_val,user_attrs_rmse_ci_lower_val,user_attrs_rmse_ci_upper_val,user_attrs_rmse_df_val,user_attrs_rmse_mean_val,user_attrs_rmse_samperror_val,user_attrs_rmse_std_val,user_attrs_rmse_t_critical_val,user_attrs_termination_reason,user_attrs_use_scaler_final,state
256,1.6708603085224225,2026-06-12 14:38:52.771692,2026-06-12 14:38:53.033422,0 days 00:00:00.261730,,,,,,,,,,,,,,0.0042811952751295144,QuantileRegressor,,,,,,4,,,,,,,,True,,,,,,,,,,,,,,,,,,,,,,,,,,,,,,,,,,,,,,,,,,,,,,,,,,,,,QuantileRegressor,"{'mode': 'original', 'type': 'QuantileRegressor'}",4,"['pe_T6W50', 'l2_T6W50', 'l3_T6W50', 'lsc_T6W50']",,,,,,,,,,,,,,,pruned,True,PRUNED
257,1.7294775581647397,2026-06-12 14:38:53.043186,2026-06-12 14:39:19.499855,0 days 00:00:26.456669,,,,,,,,,,,,,,,RandomForestRegressor,2.0,sqrt,1.0,8.0,313.0,4,,,,,,,,True,,,,,,,,,-0.007013493782650806,0.011516596871975213,98.0,0.002251551544662203,0.00926504532731301,0.046453791338105496,1.9844674545084815,1.7040500189846683,1.754905097344811,98.0,1.7294775581647397,0.025427539180071318,0.1274905364823618,1.9844674545084815,0.25997211915700147,0.28007964335769975,98.0,0.2700258812573506,0.010053762100349129,0.050408319686873926,1.9844674545084815,5.534931462523191,5.832101264170734,98.0,5.683516363346962,0.14858490082377146,0.744986315232885,1.9844674545084815,1.4182075750658432,1.4708951956634162,98.0,1.4445513853646297,0.026343810298786526,0.13208460654399992,1.9844674545084815,99.0,0.23232323232323232,0.02192736150744702,0.05388558669258482,98.0,0.03790647410001592,0.0159791125925689,0.08011729418689893,1.9844674545084815,RandomForestRegressor,"{'mode': 'original', 'type': 'RandomForestRegressor'}",4,"['nodes_T6W50', 're_T6W50', 'pe_T6W50', 'l3_T6W50']",0.18707452675603786,0.24189588377513505,98.0,0.21448520526558645,0.027410678509548602,0.13743375179878872,1.9844674545084815,2.160979334983929,2.2345533536098205,98.0,2.1977663442968747,0.036787009312946026,0.1844455147498066,1.9844674545084815,completed,True,COMPLETE
258,1.7286554614317082,2026-06-12 14:39:19.512758,2026-06-12 14:39:42.596556,0 days 00:00:23.083798,,,,,,,,,,,,,,,RandomForestRegressor,2.0,sqrt,1.0,8.0,270.0,4,,,,,,,,True,,,,,,,,,-0.005731250557638429,0.011465856645542435,98.0,0.0028673030439520034,0.008598553601590432,0.04311208425934806,1.9844674545084815,1.7031935293292164,1.7541173935342,98.0,1.7286554614317082,0.025461932102491848,0.12766297834154205,1.9844674545084815,0.2602963740655292,0.28065408664912705,98.0,0.2704752303573281,0.010178856291798953,0.051035526490718505,1.9844674545084815,5.568495470168172,5.8989071454868975,98.0,5.733701307827535,0.16520583765936248,0.8283216367912414,1.9844674545084815,1.4113177069267977,1.464762539760201,98.0,1.4380401233434994,0.02672241641670168,0.13398289079190456,1.9844674545084815,99.0,0.2222222222222222,0.028404503109687684,0.0567932387420336,98.0,0.04259887092586064,0.014194367816172958,0.07116880462149328,1.9844674545084815,RandomForestRegressor,"{'mode': 'original', 'type': 'RandomForestRegressor'}",4,"['re_T6W50', 'pe_T6W50', 'l2_T6W50', 'l3_T6W50']",0.1834002553695041,0.23886795534914163,98.0,0.21113410535932287,0.027733849989818753,0.13905409362989016,1.9844674545084815,2.1559031192937432,2.230957815481254,98.0,2.1934304673874987,0.03752734809375537,0.18815748182910835,1.9844674545084815,completed,True,COMPLETE
259,1.7280841178298145,2026-06-12 14:39:42.617963,2026-06-12 14:40:05.851487,0 days 00:00:23.233524,,,,,,,,,,,,,,,RandomForestRegressor,2.0,sqrt,1.0,4.0,273.0,4,,,,,,,,True,,,,,,,,,-0.005292163837574583,0.011730496976869653,98.0,0.003219166569647535,0.008511330407222118,0.04267475795085349,1.9844674545084815,1.7026027246494306,1.7535655110101984,98.0,1.7280841178298145,0.025481393180383907,0.12776055377907902,1.9844674545084815,0.2602527295402605,0.28065483066848324,98.0,0.2704537801043719,0.010201050564111361,0.0511468058270281,1.9844674545084815,5.571344276599122,5.903581636009578,98.0,5.73746295630435,0.1661186797052282,0.8328985139057319,1.9844674545084815,1.4098985639772834,1.4630612334916504,98.0,1.436479898734467,0.026581334757183418,0.13327552480055052,1.9844674545084815,99.0,0.2222222222222222,0.02907822733396524,0.05699791775870815,98.0,0.043038072546336695,0.013959845212371456,0.06999293729260415,1.9844674545084815,RandomForestRegressor,"{'mode': 'original', 'type': 'RandomForestRegressor'}",4,"['re_T6W50', 'pe_T6W50', 'l2_T6W50', 'l3_T6W50']",0.18374623440712357,0.2394623147535121,98.0,0.21160427458031783,0.027858040173194258,0.13967676784906097,1.9844674545084815,2.155421678883404,2.2306875610681542,98.0,2.193054619975779,0.03763294109237521,0.18868691206407878,1.9844674545084815,completed,True,COMPLETE
260,2.0163211951447244,2026-06-12 14:40:05.894045,2026-06-12 14:40:06.300500,0 days 00:00:00.406455,20.0,4.0,2.0,,,,,,,,,,,,DecisionTreeRegressor,,,,,,4,,,,,,,,True,,,,,,,,,,,,,,,,,,,,,,,,,,,,,,,,,,,,,,,,,,,,,,,,,,,,,DecisionTreeRegressor,"{'mode': 'original', 'type': 'DecisionTreeRegressor'}",4,"['re_T6W50', 'pe_T6W50', 'l2_T6W50', 'lsc_T6W50']",,,,,,,,,,,,,,,pruned,True,PRUNED
261,1.746427864074923,2026-06-12 14:40:06.340933,2026-06-12 14:40:08.199899,0 days 00:00:01.858966,,,,7.086913331514283,0.7929063459217618,,,,,,,,,,ElasticNet,,,,,,4,,,,,,,,True,,,,,,,,,-0.006929990589016921,-0.006153986227407756,98.0,-0.006541988408212338,0.0003880021808045826,0.0019453949450944801,1.9844674545084815,1.7207864571086444,1.7720692710412014,98.0,1.746427864074923,0.025641406966278476,0.1285628431104926,1.9844674545084815,0.2649515644991853,0.286576518078214,98.0,0.27576404128869964,0.01081247678951438,0.05421242129787595,1.9844674545084815,5.729884355182948,6.04858606328747,98.0,5.889235209235209,0.15935085405226102,0.7989654731499785,1.9844674545084815,1.1339416758435712,1.2173425954407,98.0,1.1756421356421356,0.0417004597985643,0.20908094777204522,1.9844674545084815,99.0,1.0,-0.005710922460236731,-0.0033785820218229794,98.0,-0.004544752241029855,0.0011661702192068755,0.005847033243113108,1.9844674545084815,ElasticNet,"{'mode': 'original', 'type': 'ElasticNet'}",4,"['atd_T6W50', 'density_T6W50', 'diameter_T6W50', 'asp_T6W50']",,,,,,,,2.2100458514374464,2.2906850879179124,98.0,2.2503654696776794,0.040319618240232794,0.20215757898585932,1.9844674545084815,completed,True,COMPLETE
262,1.713757471205568,2026-06-12 14:40:08.212990,2026-06-12 14:40:10.937812,0 days 00:00:02.724822,,,,,,,,,,,,,,,RandomForestRegressor,11.0,sqrt,1.0,4.0,271.0,4,,,,,,,,True,,,,,,,,,,,,,,,,,,,,,,,,,,,,,,,,,,,,,,,,,,,,,,,,,,,,,RandomForestRegressor,"{'mode': 'original', 'type': 'RandomForestRegressor'}",4,"['re_T6W50', 'pe_T6W50', 'l3_T6W50', 'lsc_T6W50']",,,,,,,,,,,,,,,pruned,True,PRUNED
263,1.7327173339882542,2026-06-12 14:40:10.948283,2026-06-12 14:40:50.689908,0 days 00:00:39.741625,,,,,,,,,,,,,,,RandomForestRegressor,2.0,sqrt,1.0,8.0,483.0,4,,,,,,,,True,,,,,,,,,-0.008584138935985627,0.009275093106661692,98.0,0.0003454770853380327,0.00892961602132366,0.04477199028493852,1.9844674545084815,1.7077886283621782,1.7576460396143303,98.0,1.7327173339882542,0.024928705626076138,0.12498944674009954,1.9844674545084815,0.2606587974052455,0.28072220761874084,98.0,0.27069050251199317,0.010031705106747673,0.05029772864904194,1.9844674545084815,5.553788468096069,5.8541661106514375,98.0,5.7039772893737535,0.15018882127768415,0.7530281740103411,1.9844674545084815,1.4237933629888402,1.478634287491707,98.0,1.4512138252402735,0.027420462251433343,0.13748280627051157,1.9844674545084815,99.0,0.25252525252525254,0.02067299013832517,0.05186080563024263,98.0,0.0362668978842839,0.015593907745958733,0.07818592472947121,1.9844674545084815,RandomForestRegressor,"{'mode': 'original', 'type': 'RandomForestRegressor'}",4,"['re_T6W50', 'pe_T6W50', 'l3_T6W50', 'atd_T6W50']",0.18267881146343112,0.236367094681948,98.0,0.20952295307268956,0.026844141609258427,0.13459320585198875,1.9844674545084815,2.1631117106976943,2.2363751651249357,98.0,2.199743437911315,0.036631727213620874,0.18366694950962062,1.9844674545084815,completed,True,COMPLETE
264,1.749839981028971,2026-06-12 14:40:50.702832,2026-06-12 14:41:14.344760,0 days 00:00:23.641928,,,,,,,,,,,,,,,RandomForestRegressor,4.0,sqrt,1.0,3.0,268.0,4,,,,,,,,True,,,,,,,,,-0.022005728740498123,0.0014690515343239834,98.0,-0.01026833860308707,0.011737390137411053,0.05884982242772895,1.9844674545084815,1.724979095314989,1.7747008667429531,98.0,1.749839981028971,0.02486088571398202,0.12464940608906232,1.9844674545084815,0.26194669775911533,0.28133687351631936,98.0,0.27164178563771735,0.009695087878602019,0.04860997150110961,1.9844674545084815,5.53865570736035,5.860819162093447,98.0,5.699737434726899,0.16108172736654858,0.8076438578673826,1.9844674545084815,1.4257245914941135,1.4860853214885492,98.0,1.4559049564913313,0.030180364997217973,0.15132061728350157,1.9844674545084815,99.0,0.37373737373737376,0.002471613554597612,0.04644711312449505,98.0,0.02445936333954633,0.021987749784948718,0.11024385790033754,1.9844674545084815,RandomForestRegressor,"{'mode': 'original', 'type': 'RandomForestRegressor'}",4,"['re_T6W50', 'pe_T6W50', 'l3_T6W50', 'lsc_T6W50']",0.17012825719070426,0.22716076668161336,98.0,0.1986445119361588,0.028516254745454554,0.14297697430410566,1.9844674545084815,2.1735328119728536,2.246593036092913,98.0,2.2100629240328833,0.036530112060029485,0.1831574636976291,1.9844674545084815,completed,True,COMPLETE
265,1.7289356442163077,2026-06-12 14:41:14.358084,2026-06-12 14:41:43.367972,0 days 00:00:29.009888,,,,,,,,,,,,,,,RandomForestRegressor,2.0,sqrt,1.0,12.0,348.0,4,,,,,,,,True,,,,,,,,,-0.005907627513432678,0.011283312940374074,98.0,0.0026878427134706976,0.008595470226903375,0.04309662460002966,1.9844674545084815,1.7035528868324767,1.7543184016001387,98.0,1.7289356442163077,0.025382757383830976,0.12726600609478111,1.9844674545084815,0.26026370282887545,0.2805815472802381,98.0,0.2704226250545568,0.010158922225681325,0.05093557954871938,1.9844674545084815,5.564274113954348,5.890292384045565,98.0,5.7272832489999566,0.16300913504560818,0.8173076415816997,1.9844674545084815,1.4121007076058962,1.46513442769715,98.0,1.4386175676515232,0.026516860045626825,0.13295225657126242,1.9844674545084815,99.0,0.2222222222222222,0.028161246472727792,0.056532529423357666,98.0,0.04234688794804273,0.014185641475314936,0.07112505182773535,1.9844674545084815,RandomForestRegressor,"{'mode': 'original', 'type': 'RandomForestRegressor'}",4,"['re_T6W50', 'pe_T6W50', 'l2_T6W50', 'l3_T6W50']",0.18408554022795187,0.23902804382390624,98.0,0.21155679202592906,0.027471251797977186,0.13773745877505458,1.9844674545084815,2.1562545230251335,2.2310914007014575,98.0,2.1936729618632955,0.037418438838161844,0.1876114242918381,1.9844674545084815,completed,True,COMPLETE
266,1.732452435805677,2026-06-12 14:41:43.397267,2026-06-12 14:42:06.767810,0 days 00:00:23.370543,,,,,,,,,,,,,,,RandomForestRegressor,3.0,sqrt,1.0,12.0,270.0,4,,,,,,,,True,,,,,,,,,-0.009744381032917242,0.010452663788228345,98.0,0.00035414137765555135,0.010098522410572793,0.05063274234622448,1.9844674545084815,1.7069372056986107,1.7579676659127432,98.0,1.732452435805677,0.025515230107066245,0.1279302079443954,1.9844674545084815,0.2602582622329289,0.2803560200078582,98.0,0.27030714112039356,0.010048878887464625,0.05038383586144378,1.9844674545084815,5.567479629168809,5.905767628960985,98.0,5.736623629064897,0.16914399989608736,0.8480670951605724,1.9844674545084815,1.4174865934131762,1.4760669265705797,98.0,1.446776759991878,0.029290166578701735,0.14685727251589883,1.9844674545084815,99.0,0.23232323232323232,0.02335670741327197,0.05791662347534044,98.0,0.040636665444306205,0.017279958031034236,0.08663957232227427,1.9844674545084815,RandomForestRegressor,"{'mode': 'original', 'type': 'RandomForestRegressor'}",4,"['re_T6W50', 'pe_T6W50', 'l2_T6W50', 'l3_T6W50']",0.1797988100309438,0.2342783963435526,98.0,0.2070386031872482,0.027239793156304398,0.13657695377331733,1.9844674545084815,2.1568278705488146,2.2320130858764062,98.0,2.1944204782126104,0.03759260766379581,0.18848468524176049,1.9844674545084815,completed,True,COMPLETE
267,1.7360672841305393,2026-06-12 14:42:06.802969,2026-06-12 14:42:24.231482,0 days 00:00:17.428513,,,,,,,,,,,,,,,RandomForestRegressor,2.0,sqrt,2.0,12.0,201.0,4,,,,,,,,True,,,,,,,,,-0.010729692904084966,0.007703686844544821,98.0,-0.0015130030297700724,0.009216689874314893,0.046211343077543605,1.9844674545084815,1.7104990981484496,1.761635470112629,98.0,1.7360672841305393,0.025568185982089847,0.1281957221519969,1.9844674545084815,0.26129141055804767,0.2814613752424517,98.0,0.2713763929002497,0.010084982342202025,0.05056485411809621,1.9844674545084815,5.5648546327303325,5.859833395412229,98.0,5.712344014071281,0.14748938134094852,0.7394935160436721,1.9844674545084815,1.4240838847723385,1.4771257683659247,98.0,1.4506048265691316,0.02652094179679307,0.13297272196676477,1.9844674545084815,99.0,0.25252525252525254,0.015156518818118903,0.047036279144912915,98.0,0.031096398981515908,0.015939880163397004,0.0799205876394344,1.9844674545084815,RandomForestRegressor,"{'mode': 'original', 'type': 'RandomForestRegressor'}",4,"['nodes_T6W50', 're_T6W50', 'pe_T6W50', 'l3_T6W50']",0.1737994536267267,0.22784922938259525,98.0,0.20082434150466097,0.027024887877934282,0.1354994452878021,1.9844674545084815,2.168616242751244,2.2427823434248966,98.0,2.2056992930880703,0.037083050336826094,0.18592982782815742,1.9844674545084815,completed,True,COMPLETE
268,1.7323168257263832,2026-06-12 14:42:24.244243,2026-06-12 14:42:54.893095,0 days 00:00:30.648852,,,,,,,,,,,,,,,RandomForestRegressor,3.0,sqrt,1.0,12.0,365.0,4,,,,,,,,True,,,,,,,,,-0.009662534395800185,0.010533785946478018,98.0,0.00043562577533891664,0.010098160171139101,0.05063092612250698,1.9844674545084815,1.7067914491799447,1.7578422022728217,98.0,1.7323168257263832,0.02552537654643841,0.12798108093646055,1.9844674545084815,0.2602216998821148,0.28030143871803764,98.0,0.2702615693000762,0.010039869417961447,0.05033866349567739,1.9844674545084815,5.5626665375825235,5.898633296128044,98.0,5.730649916855284,0.16798337927275994,0.8422478869048057,1.9844674545084815,1.4186068209487137,1.4777469801128371,98.0,1.4481769005307754,0.029570079582061783,0.14826072169413196,1.9844674545084815,99.0,0.23232323232323232,0.02371743912577231,0.05815099025364665,98.0,0.04093421468970948,0.01721677556393717,0.08632278324687694,1.9844674545084815,RandomForestRegressor,"{'mode': 'original', 'type': 'RandomForestRegressor'}",4,"['re_T6W50', 'pe_T6W50', 'l2_T6W50', 'l3_T6W50']",0.18165480582177285,0.23608559434515014,98.0,0.2088702000834615,0.027215394261688633,0.13645462073345405,1.9844674545084815,2.1565480366336307,2.23161323293512,98.0,2.1940806347843753,0.03753259815074455,0.1881838049655068,1.9844674545084815,completed,True,COMPLETE
269,1.729423710226699,2026-06-12 14:42:54.905874,2026-06-12 14:43:22.537586,0 days 00:00:27.631712,,,,,,,,,,,,,,,RandomForestRegressor,2.0,sqrt,1.0,8.0,332.0,4,,,,,,,,True,,,,,,,,,-0.006961569928059408,0.01153640681153489,98.0,0.002287418441737741,0.00924898836979715,0.046373283739101344,1.9844674545084815,1.703994356185702,1.7548530642676958,98.0,1.729423710226699,0.025429354040996877,0.12749963597057426,1.9844674545084815,0.2599240204226018,0.28002844776806074,98.0,0.2699762340953313,0.010052213672729484,0.050400556062303946,1.9844674545084815,5.534226284995956,5.8312789658530075,98.0,5.682752625424482,0.1485263404285255,0.7446927006540752,1.9844674545084815,1.4189494796868043,1.471221890661745,98.0,1.4450856851742746,0.02613620548747022,0.13104370169734533,1.9844674545084815,99.0,0.23232323232323232,0.022243479120260104,0.05416335651261141,98.0,0.038203417816435756,0.015959938696175652,0.0800211586418774,1.9844674545084815,RandomForestRegressor,"{'mode': 'original', 'type': 'RandomForestRegressor'}",4,"['nodes_T6W50', 're_T6W50', 'pe_T6W50', 'l3_T6W50']",0.18660995938972072,0.24147507222505968,98.0,0.2140425158073902,0.027432556417669486,0.13754344492417103,1.9844674545084815,2.1606491075648084,2.2342199481158906,98.0,2.1974345278403495,0.03678542027554095,0.18443754751279523,1.9844674545084815,completed,True,COMPLETE
270,1.7506455367606841,2026-06-12 14:43:22.550423,2026-06-12 14:43:51.285522,0 days 00:00:28.735099,,,,,,,,,,,,,,,RandomForestRegressor,4.0,sqrt,1.0,12.0,334.0,4,,,,,,,,True,,,,,,,,,-0.022245715644807193,0.0010092228821636916,98.0,-0.01061824638132175,0.011627469263485441,0.058298692761262066,1.9844674545084815,1.7253761458817123,1.775914927639656,98.0,1.7506455367606841,0.025269390878971783,0.12669760046098089,1.9844674545084815,0.26187771606188714,0.2813251055811541,98.0,0.2716014108215206,0.009723694759633477,0.04875340286440275,1.9844674545084815,5.521297730083031,5.836600888162442,98.0,5.6789493091227365,0.1576515790397055,0.790445518409271,1.9844674545084815,1.43050395516827,1.490665760161814,98.0,1.460584857665042,0.030080902496772102,0.1508219246081341,1.9844674545084815,99.0,0.36363636363636365,0.0033893311696935186,0.04718787615466533,98.0,0.025288603662179426,0.021899272492485907,0.10980024369910839,1.9844674545084815,RandomForestRegressor,"{'mode': 'original', 'type': 'RandomForestRegressor'}",4,"['re_T6W50', 'pe_T6W50', 'l3_T6W50', 'lsc_T6W50']",0.16872493845465308,0.2240900811548563,98.0,0.1964075098047547,0.02768257135010159,0.1387969888726689,1.9844674545084815,2.1723675533649636,2.2464524114950923,98.0,2.209409982430028,0.03704242906506452,0.18572615779572507,1.9844674545084815,completed,True,COMPLETE
271,1.8133506336662262,2026-06-12 14:43:51.298582,2026-06-12 14:43:51.602647,0 days 00:00:00.304065,,,,,,,,,,,euclidean,6.0,distance,,KNeighborsRegressor,,,,,,4,2.0,5.0,8.0,50.0,,,ExtraTrees,,,,,,,,,,,,,,,,,,,,,,,,,,,,,,,,,,,,,,,,,,,,,,,,,,,,,,KNeighborsRegressor,"{'mode': 'proxy', 'type': 'ExtraTrees'}",4,"['re_T6W50', 'pe_T6W50', 'l3_T6W50', 'atd_T6W50']",,,,,,,,,,,,,,,pruned,True,PRUNED
272,1.7328108965671676,2026-06-12 14:43:51.612757,2026-06-12 14:44:25.866049,0 days 00:00:34.253292,,,,,,,,,,,,,,,RandomForestRegressor,2.0,sqrt,1.0,9.0,418.0,4,,,,,,,,True,,,,,,,,,-0.008673772122617924,0.009262933117096488,98.0,0.00029458049723928167,0.008968352619857206,0.04496621079890844,1.9844674545084815,1.7078288435350317,1.7577929495993034,98.0,1.7328108965671676,0.02498205303213585,0.12525692403589014,1.9844674545084815,0.2606707851194841,0.2807512185192243,98.0,0.2707110018193542,0.010040216699870099,0.05034040472421433,1.9844674545084815,5.556349920476453,5.856711273723782,98.0,5.706530597100118,0.15018067662366397,0.752987337722443,1.9844674545084815,1.4205709736373031,1.4753794597569672,98.0,1.4479752166971351,0.027404243059832096,0.13740148524986898,1.9844674545084815,99.0,0.26262626262626265,0.020277058957384853,0.051631533128657425,98.0,0.03595429604302114,0.015677237085636286,0.07860372773215182,1.9844674545084815,RandomForestRegressor,"{'mode': 'original', 'type': 'RandomForestRegressor'}",4,"['re_T6W50', 'pe_T6W50', 'l3_T6W50', 'atd_T6W50']",0.1827395649444852,0.2365621412901013,98.0,0.20965085311729326,0.02691128817280804,0.13492987041670593,1.9844674545084815,2.1634137849374153,2.236734026507747,98.0,2.200073905722581,0.03666012078516592,0.18380931136553177,1.9844674545084815,completed,True,COMPLETE
