number,value,datetime_start,datetime_complete,duration,params_dt_max_depth,params_dt_min_samples_leaf,params_dt_min_samples_split,params_elastic_alpha,params_elastic_l1_ratio,params_et_max_depth,params_et_max_features,params_et_min_samples_leaf,params_et_min_samples_split,params_et_n_estimators,params_knn_metric,params_knn_n_neighbors,params_knn_weights,params_quantile_alpha,params_regressor,params_rf_max_depth,params_rf_max_features,params_rf_min_samples_leaf,params_rf_min_samples_split,params_rf_n_estimators,params_rfe_n_features,params_rfe_proxy_et_max_depth,params_rfe_proxy_et_min_samples_leaf,params_rfe_proxy_et_min_samples_split,params_rfe_proxy_et_n_estimators,params_rfe_proxy_lsvr_C,params_rfe_proxy_lsvr_epsilon,params_rfe_proxy_type,params_use_scaler,params_xgb_booster,params_xgb_colsample_bytree,params_xgb_learning_rate,params_xgb_max_depth,params_xgb_n_estimators,params_xgb_reg_alpha,params_xgb_reg_lambda,params_xgb_subsample,user_attrs_d2mae_ci_lower_val,user_attrs_d2mae_ci_upper_val,user_attrs_d2mae_df_val,user_attrs_d2mae_mean_val,user_attrs_d2mae_samperror_val,user_attrs_d2mae_std_val,user_attrs_d2mae_t_critical_val,user_attrs_mae_ci_lower_val,user_attrs_mae_ci_upper_val,user_attrs_mae_df_val,user_attrs_mae_mean_val,user_attrs_mae_samperror_val,user_attrs_mae_std_val,user_attrs_mae_t_critical_val,user_attrs_mape_ci_lower_val,user_attrs_mape_ci_upper_val,user_attrs_mape_df_val,user_attrs_mape_mean_val,user_attrs_mape_samperror_val,user_attrs_mape_std_val,user_attrs_mape_t_critical_val,user_attrs_max_error_ci_lower_val,user_attrs_max_error_ci_upper_val,user_attrs_max_error_df_val,user_attrs_max_error_mean_val,user_attrs_max_error_samperror_val,user_attrs_max_error_std_val,user_attrs_max_error_t_critical_val,user_attrs_median_ae_ci_lower_val,user_attrs_median_ae_ci_upper_val,user_attrs_median_ae_df_val,user_attrs_median_ae_mean_val,user_attrs_median_ae_samperror_val,user_attrs_median_ae_std_val,user_attrs_median_ae_t_critical_val,user_attrs_n_splits_val,user_attrs_r2_below_zero_val,user_attrs_r2_ci_lower_val,user_attrs_r2_ci_upper_val,user_attrs_r2_df_val,user_attrs_r2_mean_val,user_attrs_r2_samperror_val,user_attrs_r2_std_val,user_attrs_r2_t_critical_val,user_attrs_regressor_final,user_attrs_rfe_estimator,user_attrs_rfe_n_features,user_attrs_rfe_selected_features,user_attrs_rho_ci_lower_val,user_attrs_rho_ci_upper_val,user_attrs_rho_df_val,user_attrs_rho_mean_val,user_attrs_rho_samperror_val,user_attrs_rho_std_val,user_attrs_rho_t_critical_val,user_attrs_rmse_ci_lower_val,user_attrs_rmse_ci_upper_val,user_attrs_rmse_df_val,user_attrs_rmse_mean_val,user_attrs_rmse_samperror_val,user_attrs_rmse_std_val,user_attrs_rmse_t_critical_val,user_attrs_termination_reason,user_attrs_use_scaler_final,state
143,1.7344271885000566,2026-06-12 14:03:59.578066,2026-06-12 14:04:01.614085,0 days 00:00:02.036019,,,,,,,,,,,,,,,XGBRegressor,,,,,,2,,,,,,,,False,gblinear,0.9978958565010361,0.02443538283074456,3.0,61.0,3.9492498535619796e-05,1.122392205538978e-06,0.7948487032827531,-0.0016798329323448177,0.0021375232596541733,98.0,0.00022884516365467787,0.0019086780959994955,0.009569875901393698,1.9844674545084815,1.7095177440743887,1.7593366329257245,98.0,1.7344271885000566,0.024909444425668004,0.12489287346354543,1.9844674545084815,0.26068903362452156,0.28186591081272305,98.0,0.2712774722186223,0.01058843859410077,0.05308912149589562,1.9844674545084815,5.701157699406712,6.016772150314253,98.0,5.858964924860483,0.15780722545377018,0.7912259102785012,1.9844674545084815,1.1844392890687834,1.2595715032877655,98.0,1.2220053961782744,0.03756610710949098,0.1883518147401568,1.9844674545084815,99.0,0.21212121212121213,0.006192426681569975,0.012718261774688568,98.0,0.009455344228129272,0.0032629175465592962,0.01635986500945349,1.9844674545084815,XGBRegressor,"{'mode': 'original', 'type': 'XGBRegressor'}",2,"['l3_T6W50', 'density_T6W50']",0.1750993647808615,0.22913066604669954,98.0,0.20211501541378052,0.027015650632919035,0.13545313088379027,1.9844674545084815,2.1949497863625975,2.273380983744504,98.0,2.234165385053551,0.0392155986909533,0.196622161514751,1.9844674545084815,completed,False,COMPLETE
144,1.7228924564286774,2026-06-12 14:04:01.627050,2026-06-12 14:04:02.454185,0 days 00:00:00.827135,,,,,,,,,,,,,,,XGBRegressor,,,,,,2,,,,,,,,False,gbtree,0.8506998185603682,0.0457633541446126,2.0,314.0,0.00011484243322408678,7.351672239288433e-06,0.758953805336404,,,,,,,,,,,,,,,,,,,,,,,,,,,,,,,,,,,,,,,,,,,,,XGBRegressor,"{'mode': 'original', 'type': 'XGBRegressor'}",2,"['re_T6W50', 'pe_T6W50']",,,,,,,,,,,,,,,pruned,False,PRUNED
145,1.743118930021423,2026-06-12 14:04:02.463807,2026-06-12 14:04:41.493470,0 days 00:00:39.029663,,,,,,,,,,,,,,,RandomForestRegressor,4.0,sqrt,1.0,12.0,470.0,2,,,,,,,,False,,,,,,,,,-0.01631910246303849,0.00441895864512668,98.0,-0.0059500719089559066,0.010369030554082587,0.05198903672039421,1.9844674545084815,1.7177971698771899,1.768440690165656,98.0,1.743118930021423,0.025321760144233013,0.12696017347978775,1.9844674545084815,0.25996569152274723,0.2792853211789254,98.0,0.2696255063508363,0.009659814828089107,0.048433116788531475,1.9844674545084815,5.583449939970211,5.87633270449724,98.0,5.729891322233725,0.14644138226351414,0.7342389782895884,1.9844674545084815,1.412778340999194,1.470508690572876,98.0,1.441643515786035,0.028865174786840954,0.14472641623597238,1.9844674545084815,99.0,0.30303030303030304,0.011752958895638474,0.048975715279115636,98.0,0.030364337087377055,0.01861137819173858,0.09331514833336797,1.9844674545084815,RandomForestRegressor,"{'mode': 'original', 'type': 'RandomForestRegressor'}",2,"['re_T6W50', 'pe_T6W50']",0.13938617047896487,0.19437305612290814,98.0,0.1668796133009365,0.027493442821971647,0.13784872182469973,1.9844674545084815,2.167999347436785,2.242241067374702,98.0,2.2051202074057437,0.03712085996895857,0.1861194006472428,1.9844674545084815,completed,False,COMPLETE
146,1.768788027061843,2026-06-12 14:04:41.506312,2026-06-12 14:04:43.196247,0 days 00:00:01.689935,,,,,,,,,,,,,,,LinearRegression,,,,,,3,,,,,,,,False,,,,,,,,,-0.026822430913154276,-0.013292090814422855,98.0,-0.020057260863788565,0.006765170049365711,0.03391972588774993,1.9844674545084815,1.7434841967776924,1.7940918573459936,98.0,1.768788027061843,0.025303830284150716,0.1268702753789626,1.9844674545084815,0.26816008979193484,0.28958390340269324,98.0,0.27887199659731404,0.010711906805379184,0.05370817583626763,1.9844674545084815,5.870568469933933,6.211902461291703,98.0,6.041235465612818,0.17066699567888466,0.8557032076461009,1.9844674545084815,1.3784908051512286,1.4378548073999045,98.0,1.4081728062755665,0.029682001124338053,0.14882188246425943,1.9844674545084815,99.0,0.6161616161616161,-0.040699341238926136,-0.014106436429242917,98.0,-0.027402888834084527,0.01329645240484161,0.06666676780638009,1.9844674545084815,LinearRegression,"{'mode': 'original', 'type': 'LinearRegression'}",3,"['atd_T6W50', 'density_T6W50', 'asp_T6W50']",0.06247044101857579,0.1132537324904537,98.0,0.08786208675451475,0.02539164573593896,0.12731057119290823,1.9844674545084815,2.2341658088394243,2.311452784913507,98.0,2.2728092968764657,0.03864348803704125,0.1937536694566722,1.9844674545084815,completed,False,COMPLETE
147,1.7508292337010745,2026-06-12 14:04:43.209737,2026-06-12 14:04:45.971051,0 days 00:00:02.761314,,,,,,,,,,,,,,,XGBRegressor,,,,,,2,,,,,,,,False,gblinear,0.912324377665836,0.03311937404626098,3.0,308.0,0.00196382456895823,2.998492182454041e-06,0.8098778226304035,-0.012220550230229176,-0.006319679289535821,98.0,-0.009270114759882498,0.0029504354703466782,0.014793118528193828,1.9844674545084815,1.725593850637614,1.7760646167645349,98.0,1.7508292337010745,0.025235383063460317,0.12652708948021132,1.9844674545084815,0.2655762271702517,0.2869199490575665,98.0,0.2762480881139091,0.010671860943657428,0.053507390838606256,1.9844674545084815,5.750640082009397,6.055331497108812,98.0,5.9029857895591045,0.15234570754970714,0.7638425350070657,1.9844674545084815,1.2325067940998493,1.2991665216997483,98.0,1.2658366578997988,0.03332986379994951,0.16711181473942754,1.9844674545084815,99.0,0.35353535353535354,-0.0051052987908602205,0.003506744778595246,98.0,-0.0007992770061324874,0.0043060217847277335,0.021589860644868588,1.9844674545084815,XGBRegressor,"{'mode': 'original', 'type': 'XGBRegressor'}",2,"['pe_T6W50', 'l2_T6W50']",0.04571817687845065,0.10131262556594409,98.0,0.07351540122219737,0.027797224343746714,0.13937184480212436,1.9844674545084815,2.2060894234089465,2.2851472954886214,98.0,2.245618359448784,0.03952893603983757,0.19819319622740322,1.9844674545084815,completed,False,COMPLETE
148,1.7464278848791244,2026-06-12 14:04:45.984125,2026-06-12 14:04:48.774205,0 days 00:00:02.790080,,,,,,,,,,,,,,,XGBRegressor,,,,,,3,,,,,,,,False,gblinear,0.8317677062252323,0.014495867461466116,2.0,372.0,8.037463503500799,1.3851971706584393e-07,0.7815198439187115,-0.006930001793101451,-0.0061539993019452885,98.0,-0.00654200054752337,0.00038800124557808127,0.0019453902559844745,1.9844674545084815,1.7207864783298907,1.772069291428358,98.0,1.7464278848791244,0.025641406549233702,0.12856284101948168,1.9844674545084815,0.2649515742101691,0.28657652738891426,98.0,0.2757640507995417,0.010812476589372544,0.05421242029438954,1.9844674545084815,5.729884355277864,6.048586021247399,98.0,5.8892351882626315,0.1593508329847672,0.7989653675201703,1.9844674545084815,1.1339419186718833,1.2173428212751947,98.0,1.175642369973539,0.04170045130165577,0.20908090516959676,1.9844674545084815,99.0,1.0,-0.005710912851883624,-0.003378575087180722,98.0,-0.004544743969532173,0.0011661688823514508,0.005847026540285356,1.9844674545084815,XGBRegressor,"{'mode': 'original', 'type': 'XGBRegressor'}",3,"['density_T6W50', 'diameter_T6W50', 'asp_T6W50']",,,,,,,,2.2100458419567466,2.290685079675678,98.0,2.2503654608162122,0.04031961885946565,0.20215758209061627,1.9844674545084815,completed,False,COMPLETE
149,1.741986912453382,2026-06-12 14:04:48.786970,2026-06-12 14:05:20.047995,0 days 00:00:31.261025,,,,,,,,,,,,,,,RandomForestRegressor,3.0,sqrt,2.0,12.0,370.0,2,,,,,,,,False,,,,,,,,,-0.014483514963974197,0.0041554714204768885,98.0,-0.005164021771748654,0.009319493192225543,0.04672678619847557,1.9844674545084815,1.7172141215044687,1.7667597034022953,98.0,1.741986912453382,0.02477279094891325,0.12420770983287456,1.9844674545084815,0.26109173251832607,0.280669839157922,98.0,0.270880785838124,0.00978905331979795,0.0490811026012933,1.9844674545084815,5.562504597513208,5.856967496106946,98.0,5.709736046810077,0.14723144929686902,0.7382002766765902,1.9844674545084815,1.42480307940438,1.4735973228121997,98.0,1.4492002011082898,0.024397121703909924,0.12232415070250717,1.9844674545084815,99.0,0.2727272727272727,0.015818574284330183,0.048704335256125594,98.0,0.03226145477022789,0.016442880485897707,0.08244256904362295,1.9844674545084815,RandomForestRegressor,"{'mode': 'original', 'type': 'RandomForestRegressor'}",2,"['re_T6W50', 'pe_T6W50']",0.13833513909125572,0.19361904348298792,98.0,0.16597709128712182,0.0276419521958661,0.13859332945725045,1.9844674545084815,2.1670598671906744,2.2407173424887925,98.0,2.2038886048397335,0.03682873764905891,0.18465473546597083,1.9844674545084815,completed,False,COMPLETE
150,1.763297610415953,2026-06-12 14:05:20.079967,2026-06-12 14:05:23.367206,0 days 00:00:03.287239,,,,,,,,,,,,,,0.00434476976724526,QuantileRegressor,,,,,,3,,,,,,,,True,,,,,,,,,-0.024892621485433353,-0.00910165301305688,98.0,-0.016997137249245117,0.007895484236188237,0.039586981419286744,1.9844674545084815,1.7376873079918003,1.7889079128401058,98.0,1.763297610415953,0.025610302424152718,0.12840688878339204,1.9844674545084815,0.2661671212858556,0.28648631474417585,98.0,0.27632671801501574,0.010159596729160137,0.0509389614257372,1.9844674545084815,5.698326580281822,6.0136069687059255,98.0,5.855966774493874,0.15764019421205122,0.7903884362915274,1.9844674545084815,1.3458905288458571,1.4481870271010089,98.0,1.397038777973433,0.05114824912757595,0.2564509949322537,1.9844674545084815,99.0,0.5656565656565656,-0.016136242018639783,0.010712752390991322,98.0,-0.00271174481382423,0.013424497204815552,0.06730876859642307,1.9844674545084815,QuantileRegressor,"{'mode': 'original', 'type': 'QuantileRegressor'}",3,"['pe_T6W50', 'l2_T6W50', 'l3_T6W50']",0.119718001871867,0.17668649644946585,76.0,0.14820224916066643,0.02848424728879943,0.12549665760854092,1.9916726096446642,2.2073579305198376,2.2827113193849207,98.0,2.245034624952379,0.037676694432541485,0.18890628590010716,1.9844674545084815,completed,True,COMPLETE
151,1.7335336571472615,2026-06-12 14:05:23.381418,2026-06-12 14:05:26.584932,0 days 00:00:03.203514,,,,,,,,,,,,,,,XGBRegressor,,,,,,2,,,,,,,,False,gblinear,0.7998565033905409,0.01160861939866273,2.0,182.0,0.0001872966449292184,3.5104938927706724e-05,0.7889136800155145,-0.0017807311044103352,0.0031779211422256403,98.0,0.0006985950189076526,0.0024793261233179878,0.012431034530635146,1.9844674545084815,1.7087302988750817,1.7583370154194413,98.0,1.7335336571472615,0.024803358272179943,0.12436097061106086,1.9844674545084815,0.26061274028609044,0.28172138880555125,98.0,0.27116706454582085,0.010554324259730399,0.05291807644274214,1.9844674545084815,5.696414448105262,6.009075721997869,98.0,5.852745085051565,0.15633063694630378,0.7838224781316688,1.9844674545084815,1.2157107639606266,1.2814704155869243,98.0,1.2485905897737755,0.03287982581314875,0.16485537993587257,1.9844674545084815,99.0,0.18181818181818182,0.009587928896524468,0.017454442055395106,98.0,0.013521185475959787,0.003933256579435319,0.01972086201042997,1.9844674545084815,XGBRegressor,"{'mode': 'original', 'type': 'XGBRegressor'}",2,"['l3_T6W50', 'density_T6W50']",0.17472163785694755,0.2288633313004358,98.0,0.20179248457869167,0.027070846721744132,0.135729877246315,1.9844674545084815,2.190409917822134,2.2685815688119164,98.0,2.2294957433170253,0.03908582549489109,0.1959714947604955,1.9844674545084815,completed,False,COMPLETE
152,1.7322430044005328,2026-06-12 14:05:26.597904,2026-06-12 14:05:29.556805,0 days 00:00:02.958901,,,,,,,,,,,,,,,XGBRegressor,,,,,,2,,,,,,,,False,gblinear,0.7754129183378905,0.009103126023055021,7.0,481.0,0.0005474197160612337,2.5733295155842664e-06,0.779554040055213,-0.0029656797809702747,0.005540622152987649,98.0,0.0012874711860086873,0.004253150966978962,0.021324772903922942,1.9844674545084815,1.707577783065582,1.7569082257354836,98.0,1.7322430044005328,0.02466522133495068,0.12366836909305035,1.9844674545084815,0.26068855636026605,0.28161159785381445,98.0,0.27115007710704025,0.010461520746774224,0.05245277110704125,1.9844674545084815,5.68134284882715,5.9888867065533145,98.0,5.835114777690232,0.1537719288630821,0.7709934322723137,1.9844674545084815,1.3024932396089388,1.3523606389902858,98.0,1.3274269392996123,0.02493369969067341,0.12501448636230697,1.9844674545084815,99.0,0.1919191919191919,0.016103147633024804,0.028585508412016077,98.0,0.02234432802252044,0.006241180389495634,0.03129250654202561,1.9844674545084815,XGBRegressor,"{'mode': 'original', 'type': 'XGBRegressor'}",2,"['l3_T6W50', 'density_T6W50']",0.17523136193388741,0.22923394239241515,98.0,0.20223265216315128,0.02700129022926386,0.1353811295960079,1.9844674545084815,2.1803964616197242,2.2578688267208027,98.0,2.2191326441702635,0.03873618255053916,0.19421842828257077,1.9844674545084815,completed,False,COMPLETE
153,1.7369769428432236,2026-06-12 14:05:29.571211,2026-06-12 14:05:32.532657,0 days 00:00:02.961446,,,,,,,,,,,,,,,XGBRegressor,,,,,,2,,,,,,,,False,gblinear,0.7540271436166119,0.008808146429576977,3.0,470.0,0.0008108092399747129,1.1673267701451492e-05,0.7457767813575531,-0.005539785033884007,0.002648122980628616,98.0,-0.0014458310266276958,0.004093954007256311,0.020526579037907444,1.9844674545084815,1.7123281949378488,1.7616256907485983,98.0,1.7369769428432236,0.024648747905374857,0.12358577335464827,1.9844674545084815,0.26108071883086237,0.28197802877324507,98.0,0.2715293738020537,0.010448654971191346,0.05238826369955259,1.9844674545084815,5.686809557201131,5.992888047893394,98.0,5.839848802547262,0.1530392453461312,0.7673198477391684,1.9844674545084815,1.2998830988608863,1.3513352094819415,98.0,1.325609154171414,0.025726055310527622,0.1289872594389561,1.9844674545084815,99.0,0.21212121212121213,0.012083342449399286,0.023968561300242427,98.0,0.018025951874820857,0.00594260942542157,0.029795508656453907,1.9844674545084815,XGBRegressor,"{'mode': 'original', 'type': 'XGBRegressor'}",2,"['l2_T6W50', 'l3_T6W50']",0.15138886460484657,0.20480099627575915,98.0,0.17809493044030286,0.026706065835456292,0.13390091099983698,1.9844674545084815,2.1853028393619254,2.262767748531217,98.0,2.2240352939465713,0.03873245458464579,0.19419973672266924,1.9844674545084815,completed,False,COMPLETE
154,1.733083164085136,2026-06-12 14:05:32.581212,2026-06-12 14:05:35.604644,0 days 00:00:03.023432,,,,,,,,,,,,,,,XGBRegressor,,,,,,2,,,,,,,,False,gblinear,0.7846180223796263,0.005564030523322068,8.0,456.0,3.3241548254829206e-05,3.158271989236683e-07,0.8120175962347052,-0.0019329940130570684,0.003788589047641419,98.0,0.0009277975172921755,0.002860791530349244,0.014343654900521089,1.9844674545084815,1.7083280031860748,1.7578383249841973,98.0,1.733083164085136,0.02475516089906138,0.12411931494346319,1.9844674545084815,0.2606399335357,0.28170912523054764,98.0,0.2711745293831238,0.010534595847423812,0.05281916062351558,1.9844674545084815,5.693280475463571,6.004250059068764,98.0,5.848765267266168,0.15548479180259595,0.7795815151981881,1.9844674545084815,1.2363964082648697,1.2972654051821,98.0,1.2668309067234849,0.03043449845861511,0.1525948110268361,1.9844674545084815,99.0,0.18181818181818182,0.011543573439923883,0.02031490794713784,98.0,0.015929240693530862,0.004385667253606978,0.021989193175000418,1.9844674545084815,XGBRegressor,"{'mode': 'original', 'type': 'XGBRegressor'}",2,"['l3_T6W50', 'density_T6W50']",0.17502979458816345,0.2291574971095701,98.0,0.20209364584886677,0.027063851260703327,0.13569480286987937,1.9844674545084815,2.1877014032303492,2.2657316409501567,98.0,2.226716522090253,0.03901511885990384,0.19561698043791204,1.9844674545084815,completed,False,COMPLETE
155,1.9043117688411808,2026-06-12 14:05:35.617777,2026-06-12 14:05:35.758227,0 days 00:00:00.140450,11.0,3.0,14.0,,,,,,,,,,,,DecisionTreeRegressor,,,,,,2,,,,,,,,False,,,,,,,,,,,,,,,,,,,,,,,,,,,,,,,,,,,,,,,,,,,,,,,,,,,,,DecisionTreeRegressor,"{'mode': 'original', 'type': 'DecisionTreeRegressor'}",2,"['re_T6W50', 'pe_T6W50']",,,,,,,,,,,,,,,pruned,False,PRUNED
156,1.7386539499945852,2026-06-12 14:05:35.767880,2026-06-12 14:05:37.588347,0 days 00:00:01.820467,,,,0.46327144411003296,0.33698841850496336,,,,,,,,,,ElasticNet,,,,,,3,,,,,,,,False,,,,,,,,,-0.009224282098129654,0.0039206281946026844,98.0,-0.0026518269517634844,0.006572455146366169,0.03295347719975994,1.9844674545084815,1.7137244241366856,1.7635834758524849,98.0,1.7386539499945852,0.024929525857899575,0.12499355928101312,1.9844674545084815,0.2629364157168895,0.2837484176200352,98.0,0.2733424166684624,0.010406000951572843,0.05217440172078297,1.9844674545084815,5.68294443302355,5.999062221798578,98.0,5.841003327411064,0.15805889438751364,0.7924877471850016,1.9844674545084815,1.399958933575168,1.4442245658417763,98.0,1.4220917497084722,0.022132816133304097,0.11097120262868071,1.9844674545084815,99.0,0.2828282828282828,0.010258417470086734,0.03056199377810248,98.0,0.020410205624094607,0.010151788154007873,0.050899810195715496,1.9844674545084815,ElasticNet,"{'mode': 'original', 'type': 'ElasticNet'}",3,"['re_T6W50', 'pe_T6W50', 'l3_T6W50']",0.15695246491939063,0.21067258101787784,98.0,0.18381252296863423,0.02686005804924361,0.13467300891347378,1.9844674545084815,2.182036409901841,2.25858484499104,98.0,2.2203106274464406,0.03827421754459965,0.1919021928802293,1.9844674545084815,completed,False,COMPLETE
157,1.7500255804388658,2026-06-12 14:05:37.602536,2026-06-12 14:05:40.588507,0 days 00:00:02.985971,,,,,,,,,,,,,,,XGBRegressor,,,,,,2,,,,,,,,False,gblinear,0.7342027518662373,0.01724362873600017,6.0,495.0,0.0004955346221746682,3.2362359899900727e-06,0.7740946991565619,-0.01151632649380001,-0.0060625127799309435,98.0,-0.008789419636865477,0.0027269068569345336,0.013672373707341966,1.9844674545084815,1.7247859427107206,1.775265218167011,98.0,1.7500255804388658,0.025239637728145255,0.12654842184270987,1.9844674545084815,0.26537198934280215,0.2867312745289027,98.0,0.2760516319358524,0.01067964259305025,0.05354640706620038,1.9844674545084815,5.749280486764863,6.0547276792304165,98.0,5.90200408299764,0.15272359623277657,0.7657372221253888,1.9844674545084815,1.2220769976846735,1.289929097276782,98.0,1.2560030474807278,0.03392604979605418,0.17010101758553806,1.9844674545084815,99.0,0.37373737373737376,-0.0052026142182408286,0.0028123943441389623,98.0,-0.001195109937050933,0.004007504281189895,0.02009313080381334,1.9844674545084815,XGBRegressor,"{'mode': 'original', 'type': 'XGBRegressor'}",2,"['pe_T6W50', 'l2_T6W50']",0.04452813421627921,0.10056793307651737,98.0,0.0725480336463983,0.028019899430119087,0.140488310143966,1.9844674545084815,2.206547096126522,2.285660309264665,98.0,2.2461037026955935,0.03955660656907162,0.1983319328385954,1.9844674545084815,completed,False,COMPLETE
