number,value,datetime_start,datetime_complete,duration,params_dt_max_depth,params_dt_min_samples_leaf,params_dt_min_samples_split,params_elastic_alpha,params_elastic_l1_ratio,params_et_max_depth,params_et_max_features,params_et_min_samples_leaf,params_et_min_samples_split,params_et_n_estimators,params_knn_metric,params_knn_n_neighbors,params_knn_weights,params_quantile_alpha,params_regressor,params_rf_max_depth,params_rf_max_features,params_rf_min_samples_leaf,params_rf_min_samples_split,params_rf_n_estimators,params_rfe_n_features,params_rfe_proxy_et_max_depth,params_rfe_proxy_et_min_samples_leaf,params_rfe_proxy_et_min_samples_split,params_rfe_proxy_et_n_estimators,params_rfe_proxy_lsvr_C,params_rfe_proxy_lsvr_epsilon,params_rfe_proxy_type,params_use_scaler,params_xgb_booster,params_xgb_colsample_bytree,params_xgb_learning_rate,params_xgb_max_depth,params_xgb_n_estimators,params_xgb_reg_alpha,params_xgb_reg_lambda,params_xgb_subsample,user_attrs_d2mae_ci_lower_val,user_attrs_d2mae_ci_upper_val,user_attrs_d2mae_df_val,user_attrs_d2mae_mean_val,user_attrs_d2mae_samperror_val,user_attrs_d2mae_std_val,user_attrs_d2mae_t_critical_val,user_attrs_mae_ci_lower_val,user_attrs_mae_ci_upper_val,user_attrs_mae_df_val,user_attrs_mae_mean_val,user_attrs_mae_samperror_val,user_attrs_mae_std_val,user_attrs_mae_t_critical_val,user_attrs_mape_ci_lower_val,user_attrs_mape_ci_upper_val,user_attrs_mape_df_val,user_attrs_mape_mean_val,user_attrs_mape_samperror_val,user_attrs_mape_std_val,user_attrs_mape_t_critical_val,user_attrs_max_error_ci_lower_val,user_attrs_max_error_ci_upper_val,user_attrs_max_error_df_val,user_attrs_max_error_mean_val,user_attrs_max_error_samperror_val,user_attrs_max_error_std_val,user_attrs_max_error_t_critical_val,user_attrs_median_ae_ci_lower_val,user_attrs_median_ae_ci_upper_val,user_attrs_median_ae_df_val,user_attrs_median_ae_mean_val,user_attrs_median_ae_samperror_val,user_attrs_median_ae_std_val,user_attrs_median_ae_t_critical_val,user_attrs_n_splits_val,user_attrs_r2_below_zero_val,user_attrs_r2_ci_lower_val,user_attrs_r2_ci_upper_val,user_attrs_r2_df_val,user_attrs_r2_mean_val,user_attrs_r2_samperror_val,user_attrs_r2_std_val,user_attrs_r2_t_critical_val,user_attrs_regressor_final,user_attrs_rfe_estimator,user_attrs_rfe_n_features,user_attrs_rfe_selected_features,user_attrs_rho_ci_lower_val,user_attrs_rho_ci_upper_val,user_attrs_rho_df_val,user_attrs_rho_mean_val,user_attrs_rho_samperror_val,user_attrs_rho_std_val,user_attrs_rho_t_critical_val,user_attrs_rmse_ci_lower_val,user_attrs_rmse_ci_upper_val,user_attrs_rmse_df_val,user_attrs_rmse_mean_val,user_attrs_rmse_samperror_val,user_attrs_rmse_std_val,user_attrs_rmse_t_critical_val,user_attrs_termination_reason,user_attrs_use_scaler_final,state
99,1.7423850231582423,2026-06-12 13:57:51.066437,2026-06-12 13:57:53.681929,0 days 00:00:02.615492,,,,,,,,,,,,,,,XGBRegressor,,,,,,4,,,,,,,,True,gblinear,0.8647520258964179,0.01336335559384524,5.0,267.0,2.2600221934100695e-05,0.0001719262300341524,0.6826852293014793,-0.013556002408706722,0.0035879938208273473,98.0,-0.004984004293939688,0.008571998114767035,0.04297893833289054,1.9844674545084815,1.7165537669462323,1.7682162793702523,98.0,1.7423850231582423,0.025831256212009893,0.12951472374737466,1.9844674545084815,0.2637833783581182,0.28459532977736485,98.0,0.27418935406774153,0.010405975709623342,0.05217427516077019,1.9844674545084815,5.7439918019155884,6.094931883562853,98.0,5.919461842739221,0.17547004082363254,0.8797850819445321,1.9844674545084815,1.4240805370253398,1.482237183484199,98.0,1.4531588602547694,0.029078323229429652,0.14579511616417112,1.9844674545084815,99.0,0.3838383838383838,0.0008230285319660857,0.02943414334625727,98.0,0.015128585939111677,0.014305557407145592,0.07172629547831459,1.9844674545084815,XGBRegressor,"{'mode': 'original', 'type': 'XGBRegressor'}",4,"['re_T6W50', 'pe_T6W50', 'l3_T6W50', 'lsc_T6W50']",0.13522687766232877,0.18999966315055378,98.0,0.16261327040644127,0.027386392744112496,0.13731198597464006,1.9844674545084815,2.1864996003802086,2.263565303386683,98.0,2.225032451883446,0.03853285150323708,0.1931989515600895,1.9844674545084815,completed,True,COMPLETE
100,1.7759618435937015,2026-06-12 13:57:53.695270,2026-06-12 13:58:23.806665,0 days 00:00:30.111395,,,,,,,,,,,,,,,RandomForestRegressor,5.0,,1.0,5.0,337.0,3,,,,,,,,False,,,,,,,,,-0.03707148115075218,-0.01329504588853748,98.0,-0.025183263519644828,0.011888217631107348,0.059606052826252975,1.9844674545084815,1.749942745021962,1.801980942165441,98.0,1.7759618435937015,0.02601909857173942,0.13045654210606192,1.9844674545084815,0.26598776327808915,0.2863382105061366,98.0,0.2761629868921129,0.01017522361402371,0.05101731269365566,1.9844674545084815,5.692513747653989,6.107513842345772,98.0,5.9000137949998805,0.20750004734589142,1.0403795730644894,1.9844674545084815,1.460235801022691,1.521540364007856,98.0,1.4908880825152735,0.03065228149258258,0.15368674822298564,1.9844674545084815,99.0,0.46464646464646464,-0.025755772601051267,0.020658700578332856,98.0,-0.0025485360113592062,0.02320723658969206,0.1163582139089497,1.9844674545084815,RandomForestRegressor,"{'mode': 'original', 'type': 'RandomForestRegressor'}",3,"['re_T6W50', 'pe_T6W50', 'l3_T6W50']",0.1361481847520758,0.1867124661066189,98.0,0.16143032542934735,0.025282140677271553,0.1267615263727165,1.9844674545084815,2.2013880552044167,2.280558705582731,98.0,2.240973380393574,0.03958532518915718,0.19847592444768558,1.9844674545084815,completed,False,COMPLETE
101,1.73267917978714,2026-06-12 13:58:23.842864,2026-06-12 13:58:26.840740,0 days 00:00:02.997876,,,,,,,,,,,,,,,XGBRegressor,,,,,,2,,,,,,,,False,gblinear,0.6398609669145533,0.007346573956305449,7.0,425.0,1.9789514567324575e-07,0.004280020824726667,0.8232768309534103,-0.0021738402844314244,0.004409286404937984,98.0,0.0011177230602532797,0.0032915633446847043,0.016503491498242307,1.9844674545084815,1.7080001428783604,1.7573582166959194,98.0,1.73267917978714,0.024679036908779463,0.12373763867146963,1.9844674545084815,0.2602078532407613,0.28119451337521667,98.0,0.270701183307989,0.010493330067227701,0.05261225910550756,1.9844674545084815,5.690096560821961,6.000475570941844,98.0,5.845286065881902,0.15518950505994175,0.7781009839926117,1.9844674545084815,1.2512085678318265,1.3113369291762176,98.0,1.281272748504022,0.03006418067219555,0.1507380834479207,1.9844674545084815,99.0,0.1919191919191919,0.012302780372274131,0.022291856257802275,98.0,0.017297318315038203,0.004994537942764071,0.025041995503188808,1.9844674545084815,XGBRegressor,"{'mode': 'original', 'type': 'XGBRegressor'}",2,"['l3_T6W50', 'density_T6W50']",0.17561589526815174,0.22953147867077223,98.0,0.20257368696946199,0.026957791701310248,0.13516303335689778,1.9844674545084815,2.1861965732058195,2.2638618208623544,98.0,2.225029197034087,0.0388326238282675,0.19470197292090793,1.9844674545084815,completed,False,COMPLETE
102,1.7323740230831544,2026-06-12 13:58:26.854148,2026-06-12 13:58:29.557235,0 days 00:00:02.703087,,,,,,,,,,,,,,,XGBRegressor,,,,,,2,,,,,,,,False,gblinear,0.6084647641475954,0.010524886412667519,7.0,348.0,1.978563594151493e-07,0.0049996751676013775,0.7876296622479003,-0.002413125949113151,0.004934117918438518,98.0,0.0012604959846626838,0.0036736219337758346,0.01841908600960964,1.9844674545084815,1.707718491578937,1.7570295545873718,98.0,1.7323740230831544,0.024655531504217388,0.1236197854802256,1.9844674545084815,0.2601845726674666,0.28112986291127745,98.0,0.270657217789372,0.010472645121905407,0.05250854734804758,1.9844674545084815,5.686993763196342,5.996336136909453,98.0,5.841664950052897,0.1546711868565553,0.7755022006282307,1.9844674545084815,1.2673914054866662,1.3238308566550143,98.0,1.2956111310708402,0.02821972558417407,0.1414902137652037,1.9844674545084815,99.0,0.20202020202020202,0.013596089647332273,0.02460958233851269,98.0,0.019102835992922482,0.00550674634559021,0.02761014508324168,1.9844674545084815,XGBRegressor,"{'mode': 'original', 'type': 'XGBRegressor'}",2,"['l3_T6W50', 'density_T6W50']",0.17577176414518705,0.2296511091500321,98.0,0.20271143664760957,0.026939672502422518,0.13507218593472026,1.9844674545084815,2.184145932623912,2.261646949062412,98.0,2.222896440843162,0.03875050821925027,0.19429025541363973,1.9844674545084815,completed,False,COMPLETE
103,1.7322265233443874,2026-06-12 13:58:29.587581,2026-06-12 13:58:32.246298,0 days 00:00:02.658717,,,,,,,,,,,,,,,XGBRegressor,,,,,,2,,,,,,,,False,gblinear,0.5782242243313263,0.012972774014503563,6.0,354.0,0.00040313107087946656,0.0005294815030632596,0.7622786119616427,-0.0030896538885775717,0.005657468552531658,98.0,0.0012839073319770434,0.004373561220554615,0.02192849502259216,1.9844674545084815,1.7075695647600444,1.7568834819287305,98.0,1.7322265233443874,0.02465695858434293,0.12362694068346884,1.9844674545084815,0.2606000603166497,0.28150445555210585,98.0,0.27105225793437776,0.01045219761772811,0.05240602609112108,1.9844674545084815,5.6803407695331884,5.987881243612797,98.0,5.834111006572993,0.15377023703980403,0.7709849496796479,1.9844674545084815,1.306375461781921,1.3563933260259675,98.0,1.3313843939039443,0.025008932122023212,0.125391692468086,1.9844674545084815,99.0,0.1919191919191919,0.016167590150293273,0.029035439286516862,98.0,0.022601514718405068,0.006433924568111793,0.032258902014336406,1.9844674545084815,XGBRegressor,"{'mode': 'original', 'type': 'XGBRegressor'}",2,"['l3_T6W50', 'density_T6W50']",0.174911028925325,0.2290671997294622,98.0,0.2019891143273936,0.02707808540206861,0.13576617109415676,1.9844674545084815,2.180101210878372,2.2574836766000788,98.0,2.2187924437392255,0.03869123286085329,0.19399305609801987,1.9844674545084815,completed,False,COMPLETE
104,1.7514919664251094,2026-06-12 13:58:32.277607,2026-06-12 13:58:34.844468,0 days 00:00:02.566861,,,,,,,,,,,,,,,XGBRegressor,,,,,,2,,,,,,,,False,gblinear,0.5811917488803945,0.04072817495454838,9.0,349.0,0.0007695656104127352,0.0893769758892793,0.7408459950992559,-0.012770798857773486,-0.006560792761961294,98.0,-0.00966579580986739,0.003105003047906096,0.01556810124462097,1.9844674545084815,1.726264035750995,1.7767198970992237,98.0,1.7514919664251094,0.025227930674114416,0.12648972412176843,1.9844674545084815,0.26575902233372756,0.28710273922562085,98.0,0.2764308807796742,0.010671858445946633,0.05350737831539325,1.9844674545084815,5.752079653508112,6.0565692554730575,98.0,5.904324454490585,0.1522448009824726,0.7633366019594271,1.9844674545084815,1.239392710784202,1.305433642654975,98.0,1.2724131767195885,0.033020465935386614,0.16556053211391356,1.9844674545084815,99.0,0.36363636363636365,-0.005516365836420386,0.0035520073438906246,98.0,-0.0009821792462648806,0.004534186590155505,0.022733850759066445,1.9844674545084815,XGBRegressor,"{'mode': 'original', 'type': 'XGBRegressor'}",2,"['pe_T6W50', 'l2_T6W50']",0.04570865212459484,0.10240719573088201,98.0,0.07405792392773843,0.028349271803143592,0.1421397424843898,1.9844674545084815,2.2062879491988574,2.2852729191805268,98.0,2.245780434189692,0.03949248499083469,0.19801043517609537,1.9844674545084815,completed,False,COMPLETE
105,2.1176470588235294,2026-06-12 13:58:34.857039,2026-06-12 13:58:35.023561,0 days 00:00:00.166522,,,,,,,,,,,euclidean,1.0,distance,,KNeighborsRegressor,,,,,,3,,,,,1.2630399144427302,0.78724928348652,LinearSVR,,,,,,,,,,,,,,,,,,,,,,,,,,,,,,,,,,,,,,,,,,,,,,,,,,,,,,KNeighborsRegressor,"{'mode': 'proxy', 'type': 'LinearSVR'}",3,"['pe_T6W50', 'l2_T6W50', 'l3_T6W50']",,,,,,,,,,,,,,,pruned,True,PRUNED
106,1.764830615614831,2026-06-12 13:58:35.033274,2026-06-12 13:58:58.647107,0 days 00:00:23.613833,,,,,,,,,,,,,,,RandomForestRegressor,7.0,log2,2.0,12.0,271.0,3,,,,,,,,False,,,,,,,,,-0.02963694582162747,-0.007526023184467979,98.0,-0.018581484503047724,0.011055461318579745,0.05543071567343772,1.9844674545084815,1.739130774158624,1.790530457071038,98.0,1.764830615614831,0.025699841456207094,0.12885582641561366,1.9844674545084815,0.2641435684016608,0.28398262996041185,98.0,0.27406309918103633,0.0099195307793755,0.04973530044570896,1.9844674545084815,5.622762418206348,5.962359494498662,98.0,5.792560956352505,0.1697985381461569,0.851348868990853,1.9844674545084815,1.4521649939115746,1.5164048156792318,98.0,1.4842849047954032,0.03211991088382866,0.16104526046918405,1.9844674545084815,99.0,0.3939393939393939,-0.008509114966303246,0.030445794377622418,98.0,0.010968339705659585,0.01947745467196283,0.09765754868585995,1.9844674545084815,RandomForestRegressor,"{'mode': 'original', 'type': 'RandomForestRegressor'}",3,"['re_T6W50', 'pe_T6W50', 'l3_T6W50']",0.1302529295200181,0.18136756509332758,98.0,0.15581024730667284,0.025557317786654727,0.12814123036430142,1.9844674545084815,2.189313014749074,2.264603301530818,98.0,2.226958158139946,0.037645143390871834,0.1887480928795181,1.9844674545084815,completed,False,COMPLETE
107,1.72116102050354,2026-06-12 13:58:58.671419,2026-06-12 13:59:01.664540,0 days 00:00:02.993121,,,,,,,,,,,,,,,RandomForestRegressor,18.0,,1.0,12.0,276.0,8,,,,,,,,False,,,,,,,,,,,,,,,,,,,,,,,,,,,,,,,,,,,,,,,,,,,,,,,,,,,,,RandomForestRegressor,"{'mode': 'original', 'type': 'RandomForestRegressor'}",8,"['re_T6W50', 'pe_T6W50', 'l1_T6W50', 'l2_T6W50', 'l3_T6W50', 'lcc_T6W50', 'lsc_T6W50', 'diameter_T6W50']",,,,,,,,,,,,,,,pruned,False,PRUNED
108,1.7348346904212921,2026-06-12 13:59:01.674775,2026-06-12 13:59:28.360149,0 days 00:00:26.685374,,,,,,9.0,log2,3.0,9.0,496.0,,,,,ExtraTreesRegressor,,,,,,2,,,,,,,,True,,,,,,,,,-0.005661754543255762,0.00483028388434092,98.0,-0.00041573532945742106,0.005246019213798341,0.026302891492076055,1.9844674545084815,1.7106183972069253,1.759050983635659,98.0,1.7348346904212921,0.02421629321436683,0.12141749902143482,1.9844674545084815,0.26193790356931484,0.28246589174048337,98.0,0.2722018976548991,0.010263994085584255,0.05146239685861946,1.9844674545084815,5.651598302747218,5.958986347101349,98.0,5.805292324924284,0.15369402217706496,0.7706028177843937,1.9844674545084815,1.3857456055079949,1.433523262278948,98.0,1.4096344338934714,0.023888828385476624,0.11977563087136874,1.9844674545084815,99.0,0.21212121212121213,0.01923099886482591,0.03601856138183862,98.0,0.027624780123332266,0.008393781258506356,0.04208538105808036,1.9844674545084815,ExtraTreesRegressor,"{'mode': 'original', 'type': 'ExtraTreesRegressor'}",2,"['re_T6W50', 'l3_T6W50']",0.14290579692871294,0.1949919740693513,98.0,0.16894888549903211,0.026043088570319176,0.1305768249917743,1.9844674545084815,2.174814533418016,2.249492375660261,98.0,2.2121534545391386,0.037338921121122755,0.187212732293632,1.9844674545084815,completed,True,COMPLETE
109,1.7790780060222537,2026-06-12 13:59:28.373095,2026-06-12 14:00:10.167357,0 days 00:00:41.794262,,,,,,,,,,,,,,,RandomForestRegressor,8.0,sqrt,2.0,2.0,469.0,4,,,,,,,,False,,,,,,,,,-0.03913319656832396,-0.01451218088358456,98.0,-0.02682268872595426,0.0123105078423697,0.06172336371519981,1.9844674545084815,1.7517782815640717,1.8063777304804358,98.0,1.7790780060222537,0.027299724458182167,0.13687744190842052,1.9844674545084815,0.2666099618251202,0.28672406593363264,98.0,0.2766670138793764,0.01005705205425625,0.05042481510885128,1.9844674545084815,5.6979403937130035,6.057676441688165,98.0,5.877808417700584,0.17986802398758067,0.9018360255707084,1.9844674545084815,1.449172573654185,1.5183513307322314,98.0,1.4837619521932082,0.03458937853902312,0.1734268658599775,1.9844674545084815,99.0,0.5454545454545454,-0.037225094884570514,0.007499711686142848,98.0,-0.014862691599213834,0.022362403285356682,0.11212232421293462,1.9844674545084815,RandomForestRegressor,"{'mode': 'original', 'type': 'RandomForestRegressor'}",4,"['re_T6W50', 'pe_T6W50', 'l2_T6W50', 'l3_T6W50']",0.13757395480210052,0.18706914437634328,98.0,0.1623215495892219,0.024747594787121387,0.1240813793939991,1.9844674545084815,2.21612851888048,2.29362440478906,98.0,2.25487646183477,0.038747942954290016,0.1942773934924099,1.9844674545084815,completed,False,COMPLETE
110,1.768788027061843,2026-06-12 14:00:10.179813,2026-06-12 14:00:11.919582,0 days 00:00:01.739769,,,,,,,,,,,,,,,LinearRegression,,,,,,3,,,,,,,,False,,,,,,,,,-0.026822430913154276,-0.013292090814422855,98.0,-0.020057260863788565,0.006765170049365711,0.03391972588774993,1.9844674545084815,1.7434841967776924,1.7940918573459936,98.0,1.768788027061843,0.025303830284150716,0.1268702753789626,1.9844674545084815,0.26816008979193484,0.28958390340269324,98.0,0.27887199659731404,0.010711906805379184,0.05370817583626763,1.9844674545084815,5.870568469933933,6.211902461291703,98.0,6.041235465612818,0.17066699567888466,0.8557032076461009,1.9844674545084815,1.3784908051512286,1.4378548073999045,98.0,1.4081728062755665,0.029682001124338053,0.14882188246425943,1.9844674545084815,99.0,0.6161616161616161,-0.040699341238926136,-0.014106436429242917,98.0,-0.027402888834084527,0.01329645240484161,0.06666676780638009,1.9844674545084815,LinearRegression,"{'mode': 'original', 'type': 'LinearRegression'}",3,"['atd_T6W50', 'density_T6W50', 'asp_T6W50']",0.06247044101857579,0.1132537324904537,98.0,0.08786208675451475,0.02539164573593896,0.12731057119290823,1.9844674545084815,2.2341658088394243,2.311452784913507,98.0,2.2728092968764657,0.03864348803704125,0.1937536694566722,1.9844674545084815,completed,False,COMPLETE
111,1.7322122970886291,2026-06-12 14:00:11.931912,2026-06-12 14:00:15.439328,0 days 00:00:03.507416,,,,,,,,,,,,,,,XGBRegressor,,,,,,2,,,,,,,,False,gblinear,0.578971868969984,0.013587407183481085,6.0,331.0,0.00016739464279059754,0.0004683402212847369,0.7729389795305731,-0.0030326571551856805,0.005626086537293787,98.0,0.0012967146910540536,0.004329371846239734,0.02170693496527291,1.9844674545084815,1.7075535745461086,1.7568710196311497,98.0,1.7322122970886291,0.024658722542520557,0.12363578495159896,1.9844674545084815,0.26062907612209374,0.2815404467607522,98.0,0.27108476144142296,0.010455685319329217,0.05242351299557796,1.9844674545084815,5.680620114739632,5.988126756437964,98.0,5.834373435588798,0.1537533208491658,0.770900133992041,1.9844674545084815,1.3049882172519527,1.3548210397929838,98.0,1.3299046285224683,0.024916411270515592,0.12492780436192763,1.9844674545084815,99.0,0.1919191919191919,0.01617195142602103,0.028903678145270065,98.0,0.02253781478564555,0.006365863359624518,0.03191765153302828,1.9844674545084815,XGBRegressor,"{'mode': 'original', 'type': 'XGBRegressor'}",2,"['l3_T6W50', 'density_T6W50']",0.1751348365682154,0.2293132430022958,98.0,0.2022240397852556,0.0270892032170402,0.13582191444333427,1.9844674545084815,2.1801758441334296,2.2575869091267253,98.0,2.2188813766300775,0.03870553249664809,0.19406475270326629,1.9844674545084815,completed,False,COMPLETE
112,1.7376515472919831,2026-06-12 14:00:15.452314,2026-06-12 14:00:18.188854,0 days 00:00:02.736540,,,,,,,,,,,,,,,XGBRegressor,,,,,,2,,,,,,,,False,gblinear,0.5836583853612018,0.01596345043088632,6.0,335.0,0.004936653981809432,0.00030063691590035655,0.7691920031916459,-0.00665901246048884,0.002861049488324554,98.0,-0.001898981486082143,0.004760030974406697,0.023866206568482696,1.9844674545084815,1.7129860689674652,1.762317025616501,98.0,1.7376515472919831,0.024665478324517914,0.1236696576069551,1.9844674545084815,0.26126196035001004,0.2820997614479448,98.0,0.2716808608989774,0.010418900548967354,0.052239078706651954,1.9844674545084815,5.682217342344825,5.986933135363164,98.0,5.834575238853994,0.15235789650916917,0.7639036489422355,1.9844674545084815,1.3291065529371204,1.3763804189854745,98.0,1.3527434859612975,0.023636933024176913,0.11851265868510669,1.9844674545084815,99.0,0.2222222222222222,0.012775699251625127,0.0267152091437773,98.0,0.019745454197701212,0.006969754946076085,0.03494548925608391,1.9844674545084815,XGBRegressor,"{'mode': 'original', 'type': 'XGBRegressor'}",2,"['l2_T6W50', 'l3_T6W50']",0.1518889781313309,0.2055719655915449,98.0,0.1787304718614379,0.026841493730106986,0.13457992971342234,1.9844674545084815,2.1832772926324373,2.260474105172897,98.0,2.221875698902667,0.0385984062702299,0.1935276350537499,1.9844674545084815,completed,False,COMPLETE
113,1.748397189193396,2026-06-12 14:00:18.224249,2026-06-12 14:00:20.661987,0 days 00:00:02.437738,,,,,,,,,,,,,,,XGBRegressor,,,,,,2,,,,,,,,False,gblinear,0.5813664887275056,0.021461770274859678,7.0,281.0,0.0003576047266389675,0.0031843217679767936,0.8504752196771215,-0.010083065307990288,-0.005550820676159456,98.0,-0.007816942992074872,0.0022661223159154164,0.01136205701010735,1.9844674545084815,1.7231400343334347,1.7736543440533574,98.0,1.748397189193396,0.025257154859961394,0.12663625057505618,1.9844674545084815,0.26494508617630375,0.28633467001154256,98.0,0.27563987809392315,0.010694791917619413,0.053622363905869,1.9844674545084815,5.746889708269276,6.054127956630454,98.0,5.900508832449865,0.15361912418058957,0.7702272884937108,1.9844674545084815,1.2010238875951393,1.2721038628401216,98.0,1.2365638752176304,0.03553998762249107,0.17819310222984686,1.9844674545084815,99.0,0.40404040404040403,-0.00547830877672407,0.0013533478643195027,98.0,-0.0020624804562022836,0.0034158283205217863,0.01712654071756487,1.9844674545084815,XGBRegressor,"{'mode': 'original', 'type': 'XGBRegressor'}",2,"['pe_T6W50', 'l2_T6W50']",0.040685048937436484,0.09664659582673243,98.0,0.06866582238208446,0.02798077344464798,0.1402921372920519,1.9844674545084815,2.207537411487895,2.2867671617005283,98.0,2.2471522865942117,0.03961487510631644,0.19862408407748555,1.9844674545084815,completed,False,COMPLETE
