number,value,datetime_start,datetime_complete,duration,params_dt_max_depth,params_dt_min_samples_leaf,params_dt_min_samples_split,params_elastic_alpha,params_elastic_l1_ratio,params_et_max_depth,params_et_max_features,params_et_min_samples_leaf,params_et_min_samples_split,params_et_n_estimators,params_knn_metric,params_knn_n_neighbors,params_knn_weights,params_quantile_alpha,params_regressor,params_rf_max_depth,params_rf_max_features,params_rf_min_samples_leaf,params_rf_min_samples_split,params_rf_n_estimators,params_rfe_n_features,params_rfe_proxy_et_max_depth,params_rfe_proxy_et_min_samples_leaf,params_rfe_proxy_et_min_samples_split,params_rfe_proxy_et_n_estimators,params_rfe_proxy_lsvr_C,params_rfe_proxy_lsvr_epsilon,params_rfe_proxy_type,params_use_scaler,params_xgb_booster,params_xgb_colsample_bytree,params_xgb_learning_rate,params_xgb_max_depth,params_xgb_n_estimators,params_xgb_reg_alpha,params_xgb_reg_lambda,params_xgb_subsample,user_attrs_d2mae_ci_lower_val,user_attrs_d2mae_ci_upper_val,user_attrs_d2mae_df_val,user_attrs_d2mae_mean_val,user_attrs_d2mae_samperror_val,user_attrs_d2mae_std_val,user_attrs_d2mae_t_critical_val,user_attrs_mae_ci_lower_val,user_attrs_mae_ci_upper_val,user_attrs_mae_df_val,user_attrs_mae_mean_val,user_attrs_mae_samperror_val,user_attrs_mae_std_val,user_attrs_mae_t_critical_val,user_attrs_mape_ci_lower_val,user_attrs_mape_ci_upper_val,user_attrs_mape_df_val,user_attrs_mape_mean_val,user_attrs_mape_samperror_val,user_attrs_mape_std_val,user_attrs_mape_t_critical_val,user_attrs_max_error_ci_lower_val,user_attrs_max_error_ci_upper_val,user_attrs_max_error_df_val,user_attrs_max_error_mean_val,user_attrs_max_error_samperror_val,user_attrs_max_error_std_val,user_attrs_max_error_t_critical_val,user_attrs_median_ae_ci_lower_val,user_attrs_median_ae_ci_upper_val,user_attrs_median_ae_df_val,user_attrs_median_ae_mean_val,user_attrs_median_ae_samperror_val,user_attrs_median_ae_std_val,user_attrs_median_ae_t_critical_val,user_attrs_n_splits_val,user_attrs_r2_below_zero_val,user_attrs_r2_ci_lower_val,user_attrs_r2_ci_upper_val,user_attrs_r2_df_val,user_attrs_r2_mean_val,user_attrs_r2_samperror_val,user_attrs_r2_std_val,user_attrs_r2_t_critical_val,user_attrs_regressor_final,user_attrs_rfe_estimator,user_attrs_rfe_n_features,user_attrs_rfe_selected_features,user_attrs_rho_ci_lower_val,user_attrs_rho_ci_upper_val,user_attrs_rho_df_val,user_attrs_rho_mean_val,user_attrs_rho_samperror_val,user_attrs_rho_std_val,user_attrs_rho_t_critical_val,user_attrs_rmse_ci_lower_val,user_attrs_rmse_ci_upper_val,user_attrs_rmse_df_val,user_attrs_rmse_mean_val,user_attrs_rmse_samperror_val,user_attrs_rmse_std_val,user_attrs_rmse_t_critical_val,user_attrs_termination_reason,user_attrs_use_scaler_final,state
241,1.7328183240459825,2026-06-12 14:32:59.491121,2026-06-12 14:33:41.028912,0 days 00:00:41.537791,,,,,,,,,,,,,,,RandomForestRegressor,2.0,sqrt,1.0,8.0,500.0,4,,,,,,,,True,,,,,,,,,-0.008662003345129485,0.009243727730904833,98.0,0.00029086219288767444,0.00895286553801716,0.04488856048605861,1.9844674545084815,1.7078450516468089,1.757791596445156,98.0,1.7328183240459825,0.024973272399173553,0.12521289902823643,1.9844674545084815,0.2606638038364268,0.2807307444722324,98.0,0.2706972741543296,0.010033470317902825,0.05030657919944641,1.9844674545084815,5.552960876827714,5.85318157292027,98.0,5.703071224873992,0.15011034804627738,0.7526347189339098,1.9844674545084815,1.4246392888385133,1.479840021168098,98.0,1.4522396550033057,0.027600366164792268,0.13838482224095128,1.9844674545084815,99.0,0.25252525252525254,0.02047641281363509,0.0517479503117006,98.0,0.03611218156266784,0.015635768749032754,0.07839581062136985,1.9844674545084815,RandomForestRegressor,"{'mode': 'original', 'type': 'RandomForestRegressor'}",4,"['re_T6W50', 'pe_T6W50', 'l3_T6W50', 'atd_T6W50']",0.18222014344456952,0.2357954844042041,98.0,0.2090078139243868,0.02678767047981728,0.1343100665935166,1.9844674545084815,2.163253101307721,2.2365772624201585,98.0,2.1999151818639398,0.03666208055621895,0.18381913741520034,1.9844674545084815,completed,True,COMPLETE
242,1.7286554614317082,2026-06-12 14:33:41.042543,2026-06-12 14:34:04.075474,0 days 00:00:23.032931,,,,,,,,,,,,,,,RandomForestRegressor,2.0,sqrt,1.0,8.0,270.0,4,,,,,,,,True,,,,,,,,,-0.005731250557638429,0.011465856645542435,98.0,0.0028673030439520034,0.008598553601590432,0.04311208425934806,1.9844674545084815,1.7031935293292164,1.7541173935342,98.0,1.7286554614317082,0.025461932102491848,0.12766297834154205,1.9844674545084815,0.2602963740655292,0.28065408664912705,98.0,0.2704752303573281,0.010178856291798953,0.051035526490718505,1.9844674545084815,5.568495470168172,5.8989071454868975,98.0,5.733701307827535,0.16520583765936248,0.8283216367912414,1.9844674545084815,1.4113177069267977,1.464762539760201,98.0,1.4380401233434994,0.02672241641670168,0.13398289079190456,1.9844674545084815,99.0,0.2222222222222222,0.028404503109687684,0.0567932387420336,98.0,0.04259887092586064,0.014194367816172958,0.07116880462149328,1.9844674545084815,RandomForestRegressor,"{'mode': 'original', 'type': 'RandomForestRegressor'}",4,"['re_T6W50', 'pe_T6W50', 'l2_T6W50', 'l3_T6W50']",0.1834002553695041,0.23886795534914163,98.0,0.21113410535932287,0.027733849989818753,0.13905409362989016,1.9844674545084815,2.1559031192937432,2.230957815481254,98.0,2.1934304673874987,0.03752734809375537,0.18815748182910835,1.9844674545084815,completed,True,COMPLETE
243,1.728711830581335,2026-06-12 14:34:04.090444,2026-06-12 14:34:26.916405,0 days 00:00:22.825961,,,,,,,,,,,,,,,RandomForestRegressor,2.0,sqrt,1.0,8.0,269.0,4,,,,,,,,True,,,,,,,,,-0.005772011701260009,0.011437822172822833,98.0,0.0028329052357814115,0.00860491693704142,0.043143989236259846,1.9844674545084815,1.7032526751601698,1.7541709860025,98.0,1.728711830581335,0.025459155421165152,0.1276490564047996,1.9844674545084815,0.26030323601836625,0.2806584537799205,98.0,0.27048084489914337,0.010177608880777131,0.05102927212613923,1.9844674545084815,5.5682925160944095,5.8988808220319875,98.0,5.7335866690631985,0.16529415296878935,0.828764438829563,1.9844674545084815,1.4109530934404197,1.4645070643317657,98.0,1.4377300788860927,0.02677698544567307,0.13425649315387975,1.9844674545084815,99.0,0.2222222222222222,0.02836115125476827,0.05677697537796126,98.0,0.042569063316364765,0.014207912061596495,0.07123671379284749,1.9844674545084815,RandomForestRegressor,"{'mode': 'original', 'type': 'RandomForestRegressor'}",4,"['re_T6W50', 'pe_T6W50', 'l2_T6W50', 'l3_T6W50']",0.18341567971447928,0.23895081558490863,98.0,0.21118324764969396,0.027767567935214683,0.13922315123775256,1.9844674545084815,2.155938399536596,2.230972343396546,98.0,2.193455371466571,0.037516971929974656,0.1881054570272719,1.9844674545084815,completed,True,COMPLETE
244,1.728711830581335,2026-06-12 14:34:26.929050,2026-06-12 14:34:49.879034,0 days 00:00:22.949984,,,,,,,,,,,,,,,RandomForestRegressor,2.0,sqrt,1.0,8.0,269.0,4,,,,,,,,True,,,,,,,,,-0.005772011701260009,0.011437822172822833,98.0,0.0028329052357814115,0.00860491693704142,0.043143989236259846,1.9844674545084815,1.7032526751601698,1.7541709860025,98.0,1.728711830581335,0.025459155421165152,0.1276490564047996,1.9844674545084815,0.26030323601836625,0.2806584537799205,98.0,0.27048084489914337,0.010177608880777131,0.05102927212613923,1.9844674545084815,5.5682925160944095,5.8988808220319875,98.0,5.7335866690631985,0.16529415296878935,0.828764438829563,1.9844674545084815,1.4109530934404197,1.4645070643317657,98.0,1.4377300788860927,0.02677698544567307,0.13425649315387975,1.9844674545084815,99.0,0.2222222222222222,0.02836115125476827,0.05677697537796126,98.0,0.042569063316364765,0.014207912061596495,0.07123671379284749,1.9844674545084815,RandomForestRegressor,"{'mode': 'original', 'type': 'RandomForestRegressor'}",4,"['re_T6W50', 'pe_T6W50', 'l2_T6W50', 'l3_T6W50']",0.18341567971447928,0.23895081558490863,98.0,0.21118324764969396,0.027767567935214683,0.13922315123775256,1.9844674545084815,2.155938399536596,2.230972343396546,98.0,2.193455371466571,0.037516971929974656,0.1881054570272719,1.9844674545084815,completed,True,COMPLETE
245,1.7328481442720114,2026-06-12 14:34:49.891715,2026-06-12 14:35:12.704988,0 days 00:00:22.813273,,,,,,,,,,,,,,,RandomForestRegressor,2.0,sqrt,2.0,9.0,267.0,4,,,,,,,,True,,,,,,,,,-0.007991935018098915,0.008920285618704336,98.0,0.0004641753003027102,0.008456110318401626,0.042397891255320244,1.9844674545084815,1.707419596981576,1.7582766915624468,98.0,1.7328481442720114,0.02542854729043547,0.1274955910230411,1.9844674545084815,0.26122381951585594,0.28154675542384533,98.0,0.27138528746985063,0.010161467953994715,0.05094834351561818,1.9844674545084815,5.57131376653098,5.899609106341184,98.0,5.735461436436082,0.16414766990510218,0.8230161145492498,1.9844674545084815,1.4123469767705494,1.4657385547177026,98.0,1.439042765744126,0.02669578897357652,0.13384938408544983,1.9844674545084815,99.0,0.2222222222222222,0.024563869973967475,0.05258848203796877,98.0,0.038576176005968126,0.01401230603200065,0.07025596935368823,1.9844674545084815,RandomForestRegressor,"{'mode': 'original', 'type': 'RandomForestRegressor'}",4,"['re_T6W50', 'pe_T6W50', 'l2_T6W50', 'l3_T6W50']",0.17462500159470826,0.22931173107077982,98.0,0.20196836633274404,0.027343364738035777,0.13709624887402488,1.9844674545084815,2.1606147319901474,2.23552920922101,98.0,2.1980719706055787,0.03745723861543123,0.18780596157617535,1.9844674545084815,completed,True,COMPLETE
246,1.729546642087915,2026-06-12 14:35:12.717783,2026-06-12 14:35:38.515364,0 days 00:00:25.797581,,,,,,,,,,,,,,,RandomForestRegressor,2.0,sqrt,1.0,8.0,307.0,4,,,,,,,,True,,,,,,,,,-0.007071304862549834,0.011488412818902418,98.0,0.0022085539781762915,0.009279858840726126,0.04652806446217198,1.9844674545084815,1.7041176100410547,1.7549756741347755,98.0,1.729546642087915,0.025429032046860367,0.12749802153179915,1.9844674545084815,0.2599929868786305,0.2800958268679188,98.0,0.27004440687327463,0.01005141999464417,0.05039657665854905,1.9844674545084815,5.535642601776746,5.833505098636777,98.0,5.684573850206761,0.14893124843001562,0.7467228592931163,1.9844674545084815,1.4190225439305622,1.47160995158868,98.0,1.445316247759621,0.026293703829059035,0.1318333789021288,1.9844674545084815,99.0,0.23232323232323232,0.021820351557026173,0.05381199609776925,98.0,0.037816173827397714,0.01599582227037154,0.08020107444469028,1.9844674545084815,RandomForestRegressor,"{'mode': 'original', 'type': 'RandomForestRegressor'}",4,"['nodes_T6W50', 're_T6W50', 'pe_T6W50', 'l3_T6W50']",0.18677296669862367,0.24159337649493648,98.0,0.21418317159678008,0.0274102048981564,0.13743137716984613,1.9844674545084815,2.1610802312795276,2.234642002309996,98.0,2.197861116794762,0.03678088551523446,0.1844148107854934,1.9844674545084815,completed,True,COMPLETE
247,1.7363984774059988,2026-06-12 14:35:38.528336,2026-06-12 14:36:07.135175,0 days 00:00:28.606839,,,,,,,,,,,,,,,RandomForestRegressor,3.0,sqrt,1.0,8.0,332.0,4,,,,,,,,True,,,,,,,,,-0.012527155922706534,0.008454226910274937,98.0,-0.002036464506215799,0.010490691416490736,0.05259902923706992,1.9844674545084815,1.7109595058279823,1.7618374489840154,98.0,1.7363984774059988,0.02543897157801654,0.1275478571116604,1.9844674545084815,0.260344350520907,0.28020761013855033,98.0,0.27027598032972866,0.009931629808821656,0.04979596348290193,1.9844674545084815,5.5032196560452515,5.801531751694043,98.0,5.652375703869647,0.14915604782439534,0.7478499756525651,1.9844674545084815,1.4246167272015247,1.4835160617422005,98.0,1.4540663944718626,0.029449667270337848,0.1476569892561618,1.9844674545084815,99.0,0.2727272727272727,0.015489128790570877,0.05270349574132904,98.0,0.03409631226594996,0.018607183475379083,0.09329411654435857,1.9844674545084815,RandomForestRegressor,"{'mode': 'original', 'type': 'RandomForestRegressor'}",4,"['re_T6W50', 'pe_T6W50', 'l3_T6W50', 'lcc_T6W50']",0.1727629038123092,0.2270758919556844,98.0,0.1999193978839968,0.027156494071687604,0.13615930246576932,1.9844674545084815,2.164193595910759,2.23748037203438,98.0,2.2008369839725694,0.03664338806181044,0.1837254155601888,1.9844674545084815,completed,True,COMPLETE
248,1.7295078290225208,2026-06-12 14:36:07.149358,2026-06-12 14:36:32.837981,0 days 00:00:25.688623,,,,,,,,,,,,,,,RandomForestRegressor,2.0,sqrt,1.0,8.0,306.0,4,,,,,,,,True,,,,,,,,,-0.00705894380990067,0.01151241221781163,98.0,0.0022267342039554794,0.00928567801385615,0.04655724107651034,1.9844674545084815,1.70409340734778,1.7549222506972615,98.0,1.7295078290225208,0.025414421674740822,0.1274247669330534,1.9844674545084815,0.25998225608858067,0.28008208521003103,98.0,0.27003217064930585,0.010049914560725204,0.05038902859907666,1.9844674545084815,5.535405296260715,5.833425512171284,98.0,5.684415404216,0.14901010795528472,0.7471182511991951,1.9844674545084815,1.4192350839006957,1.4716755096211656,98.0,1.4454552967609307,0.026220212860234907,0.13146490427406335,1.9844674545084815,99.0,0.23232323232323232,0.02185169712179967,0.05386303885826174,98.0,0.037857367990030706,0.016005670868231035,0.08025045409624894,1.9844674545084815,RandomForestRegressor,"{'mode': 'original', 'type': 'RandomForestRegressor'}",4,"['nodes_T6W50', 're_T6W50', 'pe_T6W50', 'l3_T6W50']",0.18645549685206075,0.2413001921229329,98.0,0.21387784448749683,0.02742234763543607,0.1374922593527104,1.9844674545084815,2.1610325401578905,2.2345853050266786,98.0,2.1978089225922846,0.03677638243439428,0.18439223289511747,1.9844674545084815,completed,True,COMPLETE
249,1.7295152761281314,2026-06-12 14:36:32.850674,2026-06-12 14:36:58.697296,0 days 00:00:25.846622,,,,,,,,,,,,,,,RandomForestRegressor,2.0,sqrt,1.0,8.0,309.0,4,,,,,,,,True,,,,,,,,,-0.007056069373018467,0.011508377294896436,98.0,0.002226153960938985,0.009282223333957451,0.0465399197387851,1.9844674545084815,1.704087019683555,1.7549435325727079,98.0,1.7295152761281314,0.02542825644457641,0.12749413275787658,1.9844674545084815,0.25997583560472226,0.2800715500032319,98.0,0.2700236928039771,0.010047857199254825,0.0503787132431258,1.9844674545084815,5.534494425315688,5.831866814910961,98.0,5.683180620113324,0.1486861947976366,0.7454941906894537,1.9844674545084815,1.4186233341984251,1.4713671367988161,98.0,1.4449952354986206,0.026371901300195507,0.13222545135067176,1.9844674545084815,99.0,0.23232323232323232,0.021958159502020486,0.053959769556944606,98.0,0.037958964529482546,0.01600080502746206,0.0802260573724574,1.9844674545084815,RandomForestRegressor,"{'mode': 'original', 'type': 'RandomForestRegressor'}",4,"['nodes_T6W50', 're_T6W50', 'pe_T6W50', 'l3_T6W50']",0.18725557806253387,0.24218375610180767,98.0,0.21471966708217077,0.027464089019636893,0.1377015454903737,1.9844674545084815,2.1609183792454765,2.234474126769469,98.0,2.197696253007473,0.03677787376199648,0.1843997102272623,1.9844674545084815,completed,True,COMPLETE
250,1.7416914577673297,2026-06-12 14:36:58.710061,2026-06-12 14:37:08.020324,0 days 00:00:09.310263,,,,,,16.0,sqrt,4.0,5.0,158.0,,,,,ExtraTreesRegressor,,,,,,4,,,,,,,,True,,,,,,,,,-0.012025871239118028,0.002937574511084785,98.0,-0.004544148364016621,0.007481722875101406,0.037512433130242114,1.9844674545084815,1.7166805819667001,1.7667023335679592,98.0,1.7416914577673297,0.025010875800629544,0.12540143783221722,1.9844674545084815,0.2623698789982922,0.2826774400540949,98.0,0.27252365952619356,0.010153780527901324,0.05090979971199352,1.9844674545084815,5.614301634150273,5.919103171489985,98.0,5.766702402820129,0.15240076866985588,0.7641186046533407,1.9844674545084815,1.4007660184755553,1.4557399455858846,98.0,1.42825298203072,0.027486963555164664,0.1378162355823078,1.9844674545084815,99.0,0.26262626262626265,0.011635405157952056,0.03616318826411954,98.0,0.023899296711035797,0.012263891553083741,0.061489635406384864,1.9844674545084815,ExtraTreesRegressor,"{'mode': 'original', 'type': 'ExtraTreesRegressor'}",4,"['re_T6W50', 'pe_T6W50', 'l3_T6W50', 'lcc_T6W50']",0.13237027137182988,0.18432694135061106,98.0,0.15834860636122047,0.02597833498939058,0.13025215854594652,1.9844674545084815,2.177956695525754,2.252769983632277,98.0,2.2153633395790155,0.03740664405326185,0.18755228669916957,1.9844674545084815,completed,True,COMPLETE
251,1.7409733323812597,2026-06-12 14:37:08.034942,2026-06-12 14:37:35.247267,0 days 00:00:27.212325,,,,,,,,,,,,,,,RandomForestRegressor,3.0,,1.0,8.0,306.0,4,,,,,,,,True,,,,,,,,,-0.015324804524192005,0.005927341396915803,98.0,-0.004698731563638101,0.010626072960553904,0.05327781555454224,1.9844674545084815,1.7154411282255275,1.766505536536992,98.0,1.7409733323812597,0.025532204155732194,0.1280153137249971,1.9844674545084815,0.2618525977770246,0.28220754653292895,98.0,0.27203007215497677,0.010177474377952201,0.05102859774561081,1.9844674545084815,5.631682319686102,6.037545631845773,98.0,5.834613975765937,0.20293165607983518,1.01747422429101,1.9844674545084815,1.4138837835334426,1.4789236060344895,98.0,1.446403694783966,0.03251991125052337,0.16305081283435427,1.9844674545084815,99.0,0.31313131313131315,0.007574931122693671,0.04755915217215802,98.0,0.027567041647425846,0.019992110524732175,0.10023796947721891,1.9844674545084815,RandomForestRegressor,"{'mode': 'original', 'type': 'RandomForestRegressor'}",4,"['re_T6W50', 'pe_T6W50', 'l2_T6W50', 'l3_T6W50']",0.17905519263999986,0.23132708902550997,98.0,0.20519114083275491,0.026135948192755058,0.13104241165346664,1.9844674545084815,2.1697682753860676,2.247104295684514,98.0,2.208436285535291,0.038668010149223296,0.19387662029417285,1.9844674545084815,completed,True,COMPLETE
252,1.7294470311682382,2026-06-12 14:37:35.260266,2026-06-12 14:38:02.175206,0 days 00:00:26.914940,,,,,,,,,,,,,,,RandomForestRegressor,2.0,sqrt,1.0,8.0,317.0,4,,,,,,,,True,,,,,,,,,-0.006990811008777211,0.011524855233117665,98.0,0.0022670221121702263,0.009257833120947438,0.0464176302274193,1.9844674545084815,1.7040371891470907,1.7548568731893857,98.0,1.7294470311682382,0.025409842021147593,0.12740180511636445,1.9844674545084815,0.25996984305002563,0.28007526234283925,98.0,0.27002255269643244,0.010052709646406817,0.05040304281297834,1.9844674545084815,5.53534230816636,5.832618071031934,98.0,5.683980189599147,0.14863788143278756,0.7452519534536657,1.9844674545084815,1.4180901812434439,1.4706415683505745,98.0,1.4443658747970092,0.026275693553565245,0.13174307760837647,1.9844674545084815,99.0,0.23232323232323232,0.021935223106212775,0.05390485752459609,98.0,0.037920040315404434,0.01598481720919166,0.08014589642907861,1.9844674545084815,RandomForestRegressor,"{'mode': 'original', 'type': 'RandomForestRegressor'}",4,"['nodes_T6W50', 're_T6W50', 'pe_T6W50', 'l3_T6W50']",0.18674095222895165,0.24161148987247516,98.0,0.2141762210507134,0.027435268821761755,0.1375570445828101,1.9844674545084815,2.160975712301862,2.2345001806439213,98.0,2.1977379464728917,0.036762234171029716,0.18432129525251395,1.9844674545084815,completed,True,COMPLETE
253,1.7419894312894157,2026-06-12 14:38:02.188121,2026-06-12 14:38:29.149903,0 days 00:00:26.961782,,,,,,,,,,,,,,,RandomForestRegressor,2.0,sqrt,5.0,9.0,320.0,4,,,,,,,,True,,,,,,,,,-0.014124858788575893,0.003914116281431373,98.0,-0.0051053712535722605,0.009019487535003633,0.0452225949389084,1.9844674545084815,1.7173623441937511,1.7666165183850804,98.0,1.7419894312894157,0.024627087095664565,0.12347716873384516,1.9844674545084815,0.26274341445987004,0.2828856285252508,98.0,0.2728145214925604,0.010071107032690391,0.050495285032351435,1.9844674545084815,5.6940705994482785,6.032195806903554,98.0,5.8631332031759165,0.16906260372763798,0.8476589848393287,1.9844674545084815,1.4106096543248783,1.4685295677148518,98.0,1.439569611019865,0.02895995669498669,0.14520164100045893,1.9844674545084815,99.0,0.32323232323232326,0.0026134550740443095,0.03572639034793493,98.0,0.019169922710989617,0.016556467636945307,0.08301208097012155,1.9844674545084815,RandomForestRegressor,"{'mode': 'original', 'type': 'RandomForestRegressor'}",4,"['re_T6W50', 'pe_T6W50', 'l3_T6W50', 'lsc_T6W50']",0.1411550581163159,0.19997749072588217,98.0,0.17056627442109903,0.029411216304783137,0.1474642008706197,1.9844674545084815,2.181884749115093,2.2560138656764694,98.0,2.218949307395781,0.037064558280688484,0.18583711094584526,1.9844674545084815,completed,True,COMPLETE
254,1.682249290265864,2026-06-12 14:38:29.163007,2026-06-12 14:38:29.288039,0 days 00:00:00.125032,,,,,,,,,,,,,,,LinearRegression,,,,,,4,,,,,,,,True,,,,,,,,,,,,,,,,,,,,,,,,,,,,,,,,,,,,,,,,,,,,,,,,,,,,,LinearRegression,"{'mode': 'original', 'type': 'LinearRegression'}",4,"['pe_T6W50', 'l2_T6W50', 'diameter_T6W50', 'asp_T6W50']",,,,,,,,,,,,,,,pruned,True,PRUNED
255,1.7374064321599751,2026-06-12 14:38:29.297715,2026-06-12 14:38:52.758537,0 days 00:00:23.460822,,,,,,,,,,,,,,,RandomForestRegressor,3.0,log2,2.0,12.0,269.0,4,,,,,,,,True,,,,,,,,,-0.012333441893949578,0.007346530312609793,98.0,-0.0024934557906698923,0.009839986103279685,0.04933647327812685,1.9844674545084815,1.7120969098728867,1.7627159544470636,98.0,1.7374064321599751,0.025309522287088583,0.12689881437768633,1.9844674545084815,0.2613541051997633,0.28138231649344103,98.0,0.2713682108466022,0.010014105646838852,0.05020948713382155,1.9844674545084815,5.566374756529472,5.900616880558175,98.0,5.733495818543823,0.16712106201435217,0.8379243348255478,1.9844674545084815,1.4175970039329417,1.4762055509536194,98.0,1.4469012774432806,0.029304273510338895,0.14692800292633318,1.9844674545084815,99.0,0.24242424242424243,0.019149337619126613,0.052909451923133996,98.0,0.036029394771130305,0.01688005715200369,0.0846345187759472,1.9844674545084815,RandomForestRegressor,"{'mode': 'original', 'type': 'RandomForestRegressor'}",4,"['re_T6W50', 'pe_T6W50', 'l2_T6W50', 'l3_T6W50']",0.1748934519137647,0.2284956218520035,98.0,0.2016945368828841,0.02680108496911939,0.1343773251837267,1.9844674545084815,2.1623920359757016,2.2371787098932736,98.0,2.1997853729344876,0.03739333695878616,0.18748556657333618,1.9844674545084815,completed,True,COMPLETE
