number,value,datetime_start,datetime_complete,duration,params_dt_max_depth,params_dt_min_samples_leaf,params_dt_min_samples_split,params_elastic_alpha,params_elastic_l1_ratio,params_et_max_depth,params_et_max_features,params_et_min_samples_leaf,params_et_min_samples_split,params_et_n_estimators,params_knn_metric,params_knn_n_neighbors,params_knn_weights,params_quantile_alpha,params_regressor,params_rf_max_depth,params_rf_max_features,params_rf_min_samples_leaf,params_rf_min_samples_split,params_rf_n_estimators,params_rfe_n_features,params_rfe_proxy_et_max_depth,params_rfe_proxy_et_min_samples_leaf,params_rfe_proxy_et_min_samples_split,params_rfe_proxy_et_n_estimators,params_rfe_proxy_lsvr_C,params_rfe_proxy_lsvr_epsilon,params_rfe_proxy_type,params_use_scaler,params_xgb_booster,params_xgb_colsample_bytree,params_xgb_learning_rate,params_xgb_max_depth,params_xgb_n_estimators,params_xgb_reg_alpha,params_xgb_reg_lambda,params_xgb_subsample,user_attrs_d2mae_ci_lower_val,user_attrs_d2mae_ci_upper_val,user_attrs_d2mae_df_val,user_attrs_d2mae_mean_val,user_attrs_d2mae_samperror_val,user_attrs_d2mae_std_val,user_attrs_d2mae_t_critical_val,user_attrs_mae_ci_lower_val,user_attrs_mae_ci_upper_val,user_attrs_mae_df_val,user_attrs_mae_mean_val,user_attrs_mae_samperror_val,user_attrs_mae_std_val,user_attrs_mae_t_critical_val,user_attrs_mape_ci_lower_val,user_attrs_mape_ci_upper_val,user_attrs_mape_df_val,user_attrs_mape_mean_val,user_attrs_mape_samperror_val,user_attrs_mape_std_val,user_attrs_mape_t_critical_val,user_attrs_max_error_ci_lower_val,user_attrs_max_error_ci_upper_val,user_attrs_max_error_df_val,user_attrs_max_error_mean_val,user_attrs_max_error_samperror_val,user_attrs_max_error_std_val,user_attrs_max_error_t_critical_val,user_attrs_median_ae_ci_lower_val,user_attrs_median_ae_ci_upper_val,user_attrs_median_ae_df_val,user_attrs_median_ae_mean_val,user_attrs_median_ae_samperror_val,user_attrs_median_ae_std_val,user_attrs_median_ae_t_critical_val,user_attrs_n_splits_val,user_attrs_r2_below_zero_val,user_attrs_r2_ci_lower_val,user_attrs_r2_ci_upper_val,user_attrs_r2_df_val,user_attrs_r2_mean_val,user_attrs_r2_samperror_val,user_attrs_r2_std_val,user_attrs_r2_t_critical_val,user_attrs_regressor_final,user_attrs_rfe_estimator,user_attrs_rfe_n_features,user_attrs_rfe_selected_features,user_attrs_rho_ci_lower_val,user_attrs_rho_ci_upper_val,user_attrs_rho_df_val,user_attrs_rho_mean_val,user_attrs_rho_samperror_val,user_attrs_rho_std_val,user_attrs_rho_t_critical_val,user_attrs_rmse_ci_lower_val,user_attrs_rmse_ci_upper_val,user_attrs_rmse_df_val,user_attrs_rmse_mean_val,user_attrs_rmse_samperror_val,user_attrs_rmse_std_val,user_attrs_rmse_t_critical_val,user_attrs_termination_reason,user_attrs_use_scaler_final,state
185,1.7310184424022312,2026-06-12 14:10:54.705437,2026-06-12 14:11:16.538047,0 days 00:00:21.832610,,,,,,,,,,,,,,,RandomForestRegressor,2.0,sqrt,1.0,6.0,258.0,5,,,,,,,,True,,,,,,,,,-0.008020624197338738,0.010681410236529439,98.0,0.0013303930195953505,0.009351017216934088,0.04688484375936316,1.9844674545084815,1.7056314755494661,1.7564054092549963,98.0,1.7310184424022312,0.02538696685276517,0.1272871118513754,1.9844674545084815,0.2604494692729614,0.280550919189263,98.0,0.2705001942311122,0.010050724958150818,0.05039309183153591,1.9844674545084815,5.578574548640106,5.868758809192459,98.0,5.723666678916283,0.14509213027617654,0.7274739957052578,1.9844674545084815,1.4127579494703084,1.4662979666552312,98.0,1.4395279580627698,0.02677000859246138,0.13422151207479782,1.9844674545084815,99.0,0.23232323232323232,0.01434751889728286,0.047224621647687606,98.0,0.030786070272485234,0.016438551375202375,0.08242086341803602,1.9844674545084815,RandomForestRegressor,"{'mode': 'original', 'type': 'RandomForestRegressor'}",5,"['nodes_T6W50', 're_T6W50', 'pe_T6W50', 'l3_T6W50', 'lsc_T6W50']",0.18223739256033272,0.23987654364762417,98.0,0.21105696810397845,0.028819575543645722,0.14449778727046453,1.9844674545084815,2.168878432977418,2.242628776173685,98.0,2.2057536045755515,0.0368751715981339,0.18488754954352044,1.9844674545084815,completed,True,COMPLETE
186,1.7309781562404856,2026-06-12 14:11:16.551270,2026-06-12 14:11:38.281206,0 days 00:00:21.729936,,,,,,,,,,,,,,,RandomForestRegressor,2.0,sqrt,1.0,6.0,257.0,5,,,,,,,,True,,,,,,,,,-0.00800082038538851,0.010707782293034032,98.0,0.0013534809538227617,0.00935430133921127,0.046901309942269286,1.9844674545084815,1.7055893754939047,1.7563669369870665,98.0,1.7309781562404856,0.025388780746581,0.12729620649061926,1.9844674545084815,0.26044040581131744,0.28054225293775237,98.0,0.2704913293745349,0.010050923563217455,0.05039408761277587,1.9844674545084815,5.577767120084526,5.86780990923481,98.0,5.722788514659668,0.1450213945751425,0.7271193356491107,1.9844674545084815,1.4135327228136292,1.4670124505484157,98.0,1.4402725866810224,0.02673986386739322,0.13407037015171053,1.9844674545084815,99.0,0.23232323232323232,0.014434238654412668,0.047303674188249906,98.0,0.03086895642133129,0.01643471776691862,0.08240164218025528,1.9844674545084815,RandomForestRegressor,"{'mode': 'original', 'type': 'RandomForestRegressor'}",5,"['nodes_T6W50', 're_T6W50', 'pe_T6W50', 'l3_T6W50', 'lsc_T6W50']",0.18189220072786366,0.23965876632919136,98.0,0.2107754835285275,0.02888328280066385,0.14481720757761823,1.9844674545084815,2.1687905003535772,2.242522921608424,98.0,2.2056567109810006,0.036866210627423186,0.18484262034470092,1.9844674545084815,completed,True,COMPLETE
187,1.7311315823692497,2026-06-12 14:11:38.293927,2026-06-12 14:12:00.237569,0 days 00:00:21.943642,,,,,,,,,,,,,,,RandomForestRegressor,2.0,sqrt,1.0,6.0,262.0,5,,,,,,,,True,,,,,,,,,-0.008077127383252452,0.010604161948650844,98.0,0.0012635172826991965,0.009340644665951648,0.046832837071650396,1.9844674545084815,1.7057628389902264,1.756500325748273,98.0,1.7311315823692497,0.02536874337902324,0.127195741607976,1.9844674545084815,0.260474503942967,0.2805728404212823,98.0,0.27052367218212464,0.010049168239157644,0.05038528663504456,1.9844674545084815,5.579029623309243,5.8688181605144045,98.0,5.723923891911824,0.1448942686025807,0.7264819417460685,1.9844674545084815,1.4126459204882469,1.4660436815038036,98.0,1.4393448009960252,0.02669888050777835,0.1338648846555661,1.9844674545084815,99.0,0.23232323232323232,0.01422048201205961,0.04707103445591689,98.0,0.03064575823398825,0.01642527622192864,0.08235430344143864,1.9844674545084815,RandomForestRegressor,"{'mode': 'original', 'type': 'RandomForestRegressor'}",5,"['nodes_T6W50', 're_T6W50', 'pe_T6W50', 'l3_T6W50', 'lsc_T6W50']",0.18239752631136708,0.2403478899785732,98.0,0.21137270814497014,0.028975181833603078,0.14527797796238337,1.9844674545084815,2.1690434150162328,2.2427950073867415,98.0,2.205919211201487,0.0368757961852545,0.184890681146092,1.9844674545084815,completed,True,COMPLETE
188,1.730900263216765,2026-06-12 14:12:00.250687,2026-06-12 14:12:21.708565,0 days 00:00:21.457878,,,,,,,,,,,,,,,RandomForestRegressor,2.0,sqrt,1.0,6.0,254.0,5,,,,,,,,True,,,,,,,,,-0.007958254631140738,0.010747740356142677,98.0,0.0013947428625009695,0.009352997493641707,0.046894772621847644,1.9844674545084815,1.705530581765529,1.7562699446680008,98.0,1.730900263216765,0.025369681451235887,0.12720044498602617,1.9844674545084815,0.2604416250193073,0.28054596767251955,98.0,0.2704937963459134,0.010052171326606149,0.050400343744079056,1.9844674545084815,5.579624454426439,5.870407925852238,98.0,5.725016190139338,0.1453917357128999,0.728976180308746,1.9844674545084815,1.413349443121823,1.4670326428735283,98.0,1.4401910429976756,0.02684159987585257,0.13458046191506223,1.9844674545084815,99.0,0.23232323232323232,0.014277439462500579,0.04713447501709084,98.0,0.030705957239795707,0.016428517777295128,0.08237055619911939,1.9844674545084815,RandomForestRegressor,"{'mode': 'original', 'type': 'RandomForestRegressor'}",5,"['nodes_T6W50', 're_T6W50', 'pe_T6W50', 'l3_T6W50', 'lsc_T6W50']",0.1819117859388207,0.2394334477261528,98.0,0.21067261683248675,0.028760830893666038,0.14420324886120908,1.9844674545084815,2.1689803146775466,2.242701737540301,98.0,2.205841026108924,0.03686071143137724,0.18481504805588625,1.9844674545084815,completed,True,COMPLETE
189,1.7310184424022312,2026-06-12 14:12:21.721595,2026-06-12 14:12:43.593045,0 days 00:00:21.871450,,,,,,,,,,,,,,,RandomForestRegressor,2.0,sqrt,1.0,6.0,258.0,5,,,,,,,,True,,,,,,,,,-0.008020624197338738,0.010681410236529439,98.0,0.0013303930195953505,0.009351017216934088,0.04688484375936316,1.9844674545084815,1.7056314755494661,1.7564054092549963,98.0,1.7310184424022312,0.02538696685276517,0.1272871118513754,1.9844674545084815,0.2604494692729614,0.280550919189263,98.0,0.2705001942311122,0.010050724958150818,0.05039309183153591,1.9844674545084815,5.578574548640106,5.868758809192459,98.0,5.723666678916283,0.14509213027617654,0.7274739957052578,1.9844674545084815,1.4127579494703084,1.4662979666552312,98.0,1.4395279580627698,0.02677000859246138,0.13422151207479782,1.9844674545084815,99.0,0.23232323232323232,0.01434751889728286,0.047224621647687606,98.0,0.030786070272485234,0.016438551375202375,0.08242086341803602,1.9844674545084815,RandomForestRegressor,"{'mode': 'original', 'type': 'RandomForestRegressor'}",5,"['nodes_T6W50', 're_T6W50', 'pe_T6W50', 'l3_T6W50', 'lsc_T6W50']",0.18223739256033272,0.23987654364762417,98.0,0.21105696810397845,0.028819575543645722,0.14449778727046453,1.9844674545084815,2.168878432977418,2.242628776173685,98.0,2.2057536045755515,0.0368751715981339,0.18488754954352044,1.9844674545084815,completed,True,COMPLETE
190,1.7310580080556615,2026-06-12 14:12:43.605962,2026-06-12 14:13:05.758445,0 days 00:00:22.152483,,,,,,,,,,,,,,,RandomForestRegressor,2.0,sqrt,1.0,6.0,260.0,5,,,,,,,,True,,,,,,,,,-0.008053914215087221,0.010659934483954206,98.0,0.0013030101344334924,0.009356924349520714,0.04691446139153778,1.9844674545084815,1.705686598635617,1.756429417475706,98.0,1.7310580080556615,0.02537140942004455,0.12720910880791161,1.9844674545084815,0.26045469377069,0.2805483417803782,98.0,0.2705015177755341,0.010046824004844085,0.050373532934139424,1.9844674545084815,5.579088982259634,5.868867014702259,98.0,5.7239779984809465,0.14488901622131237,0.7264556069560218,1.9844674545084815,1.412478130088602,1.4659383010584819,98.0,1.439208215573542,0.026730085484940016,0.13402134255151454,1.9844674545084815,99.0,0.23232323232323232,0.014249311584313876,0.0471621890743891,98.0,0.030705750329351487,0.016456438745037612,0.08251054847801774,1.9844674545084815,RandomForestRegressor,"{'mode': 'original', 'type': 'RandomForestRegressor'}",5,"['nodes_T6W50', 're_T6W50', 'pe_T6W50', 'l3_T6W50', 'lsc_T6W50']",0.18255862362671593,0.24038257515943845,98.0,0.2114705993930772,0.028911975766361248,0.14496107055877913,1.9844674545084815,2.168970390338375,2.242694729929977,98.0,2.205832560134176,0.03686216979580115,0.18482236011473216,1.9844674545084815,completed,True,COMPLETE
191,1.7309781562404856,2026-06-12 14:13:05.777653,2026-06-12 14:13:27.494257,0 days 00:00:21.716604,,,,,,,,,,,,,,,RandomForestRegressor,2.0,sqrt,1.0,6.0,257.0,5,,,,,,,,True,,,,,,,,,-0.00800082038538851,0.010707782293034032,98.0,0.0013534809538227617,0.00935430133921127,0.046901309942269286,1.9844674545084815,1.7055893754939047,1.7563669369870665,98.0,1.7309781562404856,0.025388780746581,0.12729620649061926,1.9844674545084815,0.26044040581131744,0.28054225293775237,98.0,0.2704913293745349,0.010050923563217455,0.05039408761277587,1.9844674545084815,5.577767120084526,5.86780990923481,98.0,5.722788514659668,0.1450213945751425,0.7271193356491107,1.9844674545084815,1.4135327228136292,1.4670124505484157,98.0,1.4402725866810224,0.02673986386739322,0.13407037015171053,1.9844674545084815,99.0,0.23232323232323232,0.014434238654412668,0.047303674188249906,98.0,0.03086895642133129,0.01643471776691862,0.08240164218025528,1.9844674545084815,RandomForestRegressor,"{'mode': 'original', 'type': 'RandomForestRegressor'}",5,"['nodes_T6W50', 're_T6W50', 'pe_T6W50', 'l3_T6W50', 'lsc_T6W50']",0.18189220072786366,0.23965876632919136,98.0,0.2107754835285275,0.02888328280066385,0.14481720757761823,1.9844674545084815,2.1687905003535772,2.242522921608424,98.0,2.2056567109810006,0.036866210627423186,0.18484262034470092,1.9844674545084815,completed,True,COMPLETE
192,1.7310279210305974,2026-06-12 14:13:27.507162,2026-06-12 14:13:49.484664,0 days 00:00:21.977502,,,,,,,,,,,,,,,RandomForestRegressor,2.0,sqrt,1.0,6.0,259.0,5,,,,,,,,True,,,,,,,,,-0.00804060320854466,0.01068090071226249,98.0,0.001320148751858916,0.009360751960403575,0.046933652559092216,1.9844674545084815,1.7056543150906212,1.7564015269705737,98.0,1.7310279210305974,0.025373605939976243,0.12722012188717588,1.9844674545084815,0.26045479825785756,0.2805483379988428,98.0,0.2705015681283502,0.010046769870492618,0.05037326151119669,1.9844674545084815,5.578728924146687,5.868835390624157,98.0,5.723782157385422,0.14505323323873529,0.7272789707704485,1.9844674545084815,1.4126632655075357,1.4660640813692356,98.0,1.4393636734383857,0.026700407930849934,0.13387254296593,1.9844674545084815,99.0,0.23232323232323232,0.014317841531487008,0.047225890052161004,98.0,0.030771865791824005,0.016454024260336996,0.08249844255036072,1.9844674545084815,RandomForestRegressor,"{'mode': 'original', 'type': 'RandomForestRegressor'}",5,"['nodes_T6W50', 're_T6W50', 'pe_T6W50', 'l3_T6W50', 'lsc_T6W50']",0.18283430196197378,0.24053186689975112,98.0,0.21168308443086245,0.028848782468888674,0.14464422718121855,1.9844674545084815,2.168899593592634,2.2426135422135043,98.0,2.205756567903069,0.03685697431043536,0.18479631059370377,1.9844674545084815,completed,True,COMPLETE
193,1.7310184424022312,2026-06-12 14:13:49.497909,2026-06-12 14:14:11.410949,0 days 00:00:21.913040,,,,,,,,,,,,,,,RandomForestRegressor,2.0,sqrt,1.0,6.0,258.0,5,,,,,,,,True,,,,,,,,,-0.008020624197338738,0.010681410236529439,98.0,0.0013303930195953505,0.009351017216934088,0.04688484375936316,1.9844674545084815,1.7056314755494661,1.7564054092549963,98.0,1.7310184424022312,0.02538696685276517,0.1272871118513754,1.9844674545084815,0.2604494692729614,0.280550919189263,98.0,0.2705001942311122,0.010050724958150818,0.05039309183153591,1.9844674545084815,5.578574548640106,5.868758809192459,98.0,5.723666678916283,0.14509213027617654,0.7274739957052578,1.9844674545084815,1.4127579494703084,1.4662979666552312,98.0,1.4395279580627698,0.02677000859246138,0.13422151207479782,1.9844674545084815,99.0,0.23232323232323232,0.01434751889728286,0.047224621647687606,98.0,0.030786070272485234,0.016438551375202375,0.08242086341803602,1.9844674545084815,RandomForestRegressor,"{'mode': 'original', 'type': 'RandomForestRegressor'}",5,"['nodes_T6W50', 're_T6W50', 'pe_T6W50', 'l3_T6W50', 'lsc_T6W50']",0.18223739256033272,0.23987654364762417,98.0,0.21105696810397845,0.028819575543645722,0.14449778727046453,1.9844674545084815,2.168878432977418,2.242628776173685,98.0,2.2057536045755515,0.0368751715981339,0.18488754954352044,1.9844674545084815,completed,True,COMPLETE
194,1.7309435580746957,2026-06-12 14:14:11.423974,2026-06-12 14:14:33.146290,0 days 00:00:21.722316,,,,,,,,,,,,,,,RandomForestRegressor,2.0,sqrt,1.0,6.0,256.0,5,,,,,,,,True,,,,,,,,,-0.007984872256493704,0.010730048002098294,98.0,0.001372587872802296,0.009357460129295999,0.04691714772506396,1.9844674545084815,1.7055553144298148,1.7563318017195766,98.0,1.7309435580746957,0.02538824364488097,0.12729351352912593,1.9844674545084815,0.26044119490004336,0.28054640258934505,98.0,0.2704937987446942,0.010052603844650844,0.05040251233605982,1.9844674545084815,5.579068553438239,5.869343239771215,98.0,5.724205896604727,0.14513734316648838,0.7277006875451939,1.9844674545084815,1.4136670841948877,1.4672391134394478,98.0,1.4404530988171678,0.02678601462228002,0.134301764328627,1.9844674545084815,99.0,0.23232323232323232,0.014354404837657195,0.04723883617601251,98.0,0.030796620506834852,0.016442215669177657,0.08243923573481544,1.9844674545084815,RandomForestRegressor,"{'mode': 'original', 'type': 'RandomForestRegressor'}",5,"['nodes_T6W50', 're_T6W50', 'pe_T6W50', 'l3_T6W50', 'lsc_T6W50']",0.18193566062957192,0.23963046244877498,98.0,0.21078306153917345,0.028847400909601528,0.14463730021382887,1.9844674545084815,2.16887097548776,2.2425970428801927,98.0,2.2057340091839763,0.0368630336962162,0.184826691604563,1.9844674545084815,completed,True,COMPLETE
195,1.7333201622523482,2026-06-12 14:14:33.159402,2026-06-12 14:14:54.313602,0 days 00:00:21.154200,,,,,,,,,,,,,,,RandomForestRegressor,2.0,sqrt,1.0,6.0,248.0,6,,,,,,,,True,,,,,,,,,-0.008982984036460358,0.009080821237354406,98.0,4.891860044702368e-05,0.009031902636907382,0.045284842724310805,1.9844674545084815,1.7080124055676607,1.7586279189370357,98.0,1.7333201622523482,0.02530775668468764,0.12688996186562385,1.9844674545084815,0.260890810924838,0.28105573130974537,98.0,0.2709732711172917,0.010082460192453662,0.05055220837120618,1.9844674545084815,5.578605973815587,5.875129637691908,98.0,5.726867805753748,0.14826183193816056,0.743366487798716,1.9844674545084815,1.4157904469781215,1.4679140184402462,98.0,1.4418522327091838,0.02606178573106237,0.1306705702432108,1.9844674545084815,99.0,0.25252525252525254,0.015828520215819986,0.04651105982945975,98.0,0.03116979002263987,0.015341269806819881,0.07691922934976833,1.9844674545084815,RandomForestRegressor,"{'mode': 'original', 'type': 'RandomForestRegressor'}",6,"['nodes_T6W50', 're_T6W50', 'pe_T6W50', 'l2_T6W50', 'l3_T6W50', 'lsc_T6W50']",0.18140655337647135,0.23888436537929583,98.0,0.2101454593778836,0.028738906001412247,0.14409332016319554,1.9844674545084815,2.1688555917779886,2.2427353364743623,98.0,2.2057954641261754,0.03693987234818697,0.18521195110187266,1.9844674545084815,completed,True,COMPLETE
196,1.7302397139953494,2026-06-12 14:14:54.326804,2026-06-12 14:15:18.020946,0 days 00:00:23.694142,,,,,,,,,,,,,,,RandomForestRegressor,2.0,sqrt,1.0,6.0,281.0,5,,,,,,,,True,,,,,,,,,-0.006722706398663896,0.010553745057712352,98.0,0.0019155193295242274,0.008638225728188124,0.043310995395322224,1.9844674545084815,1.7049165649728384,1.7555628630178604,98.0,1.7302397139953494,0.0253231490225109,0.12696713714369176,1.9844674545084815,0.26054209322429217,0.28084291113908494,98.0,0.27069250218168855,0.01015040895739637,0.050892895074489256,1.9844674545084815,5.5716657974803585,5.8830184562951064,98.0,5.7273421268877325,0.1556763294073741,0.7805418610585084,1.9844674545084815,1.4180696666136945,1.4713608992990732,98.0,1.4447152829563839,0.026645616342689398,0.13359782471970735,1.9844674545084815,99.0,0.24242424242424243,0.02315046754843531,0.05185373877929016,98.0,0.03750210316386273,0.014351635615427422,0.07195732591552656,1.9844674545084815,RandomForestRegressor,"{'mode': 'original', 'type': 'RandomForestRegressor'}",5,"['nodes_T6W50', 're_T6W50', 'pe_T6W50', 'l2_T6W50', 'l3_T6W50']",0.18440133197522543,0.23992522155143817,98.0,0.2121632767633318,0.02776194478810636,0.13919495747364183,1.9844674545084815,2.1618574150703767,2.236258811022296,98.0,2.1990581130463362,0.037200697975959575,0.18651969853970335,1.9844674545084815,completed,True,COMPLETE
197,1.7303245311186792,2026-06-12 14:15:18.033736,2026-06-12 14:15:41.797080,0 days 00:00:23.763344,,,,,,,,,,,,,,,RandomForestRegressor,2.0,sqrt,1.0,7.0,281.0,5,,,,,,,,True,,,,,,,,,-0.006761777433034301,0.010494623962091337,98.0,0.0018664232645285179,0.008628200697562819,0.04326073113169762,1.9844674545084815,1.7050103440665483,1.7556387181708102,98.0,1.7303245311186792,0.025314187052131017,0.12692220293265472,1.9844674545084815,0.2605443355195912,0.28084607586400645,98.0,0.27069520569179883,0.010150870172207605,0.05089520754850813,1.9844674545084815,5.571765208178851,5.882618654915767,98.0,5.727191931547309,0.15542672336845823,0.7792903672515274,1.9844674545084815,1.4182128302407728,1.4715954216260954,98.0,1.444904125933434,0.026691295692661335,0.1338268553306857,1.9844674545084815,99.0,0.23232323232323232,0.02306833463510072,0.05180178334947899,98.0,0.037435058992289855,0.014366724357189133,0.0720329790004917,1.9844674545084815,RandomForestRegressor,"{'mode': 'original', 'type': 'RandomForestRegressor'}",5,"['nodes_T6W50', 're_T6W50', 'pe_T6W50', 'l2_T6W50', 'l3_T6W50']",0.1845654266519678,0.23997267638299957,98.0,0.21226905151748368,0.027703624865515888,0.13890254859498413,1.9844674545084815,2.1619328047163116,2.2363185939527774,98.0,2.1991256993345445,0.03719289461823308,0.18648057346920913,1.9844674545084815,completed,True,COMPLETE
198,1.7303188764832755,2026-06-12 14:15:41.852297,2026-06-12 14:16:05.696842,0 days 00:00:23.844545,,,,,,,,,,,,,,,RandomForestRegressor,2.0,sqrt,1.0,7.0,284.0,5,,,,,,,,True,,,,,,,,,-0.0067644348570027775,0.010499761296864765,98.0,0.0018676632199309934,0.008632098076933771,0.04328027210982213,1.9844674545084815,1.7050112166384352,1.7556265363281158,98.0,1.7303188764832755,0.025307659844840232,0.12688947632260644,1.9844674545084815,0.2605374590003085,0.2808301543690063,98.0,0.2706838066846574,0.010146347684348913,0.05087253235374169,1.9844674545084815,5.570469019182988,5.8809259140339245,98.0,5.725697466608456,0.15522844742546804,0.7782962361968332,1.9844674545084815,1.4182075617359389,1.4716135413971512,98.0,1.444910551566545,0.026702989830606223,0.1338854882919697,1.9844674545084815,99.0,0.23232323232323232,0.02308971323383311,0.05182496902125581,98.0,0.03745734112754446,0.01436762789371135,0.07203750922086156,1.9844674545084815,RandomForestRegressor,"{'mode': 'original', 'type': 'RandomForestRegressor'}",5,"['nodes_T6W50', 're_T6W50', 'pe_T6W50', 'l2_T6W50', 'l3_T6W50']",0.18497976762054624,0.24042138703957394,98.0,0.2127005773300601,0.027720809709513863,0.1389887112773087,1.9844674545084815,2.161915596777923,2.236273972932428,98.0,2.1990947848551756,0.03717918807725235,0.18641185056800447,1.9844674545084815,completed,True,COMPLETE
