number,value,datetime_start,datetime_complete,duration,params_dt_max_depth,params_dt_min_samples_leaf,params_dt_min_samples_split,params_elastic_alpha,params_elastic_l1_ratio,params_et_max_depth,params_et_max_features,params_et_min_samples_leaf,params_et_min_samples_split,params_et_n_estimators,params_knn_metric,params_knn_n_neighbors,params_knn_weights,params_quantile_alpha,params_regressor,params_rf_max_depth,params_rf_max_features,params_rf_min_samples_leaf,params_rf_min_samples_split,params_rf_n_estimators,params_rfe_n_features,params_rfe_proxy_et_max_depth,params_rfe_proxy_et_min_samples_leaf,params_rfe_proxy_et_min_samples_split,params_rfe_proxy_et_n_estimators,params_rfe_proxy_lsvr_C,params_rfe_proxy_lsvr_epsilon,params_rfe_proxy_type,params_ridge_alpha,params_ridge_solver,params_svr_C,params_svr_degree,params_svr_epsilon,params_svr_gamma,params_svr_kernel,params_use_scaler,params_xgb_booster,params_xgb_colsample_bytree,params_xgb_learning_rate,params_xgb_max_depth,params_xgb_n_estimators,params_xgb_reg_alpha,params_xgb_reg_lambda,params_xgb_subsample,user_attrs_d2mae_ci_lower_val,user_attrs_d2mae_ci_upper_val,user_attrs_d2mae_df_val,user_attrs_d2mae_mean_val,user_attrs_d2mae_samperror_val,user_attrs_d2mae_std_val,user_attrs_d2mae_t_critical_val,user_attrs_mae_ci_lower_val,user_attrs_mae_ci_upper_val,user_attrs_mae_df_val,user_attrs_mae_mean_val,user_attrs_mae_samperror_val,user_attrs_mae_std_val,user_attrs_mae_t_critical_val,user_attrs_mape_ci_lower_val,user_attrs_mape_ci_upper_val,user_attrs_mape_df_val,user_attrs_mape_mean_val,user_attrs_mape_samperror_val,user_attrs_mape_std_val,user_attrs_mape_t_critical_val,user_attrs_max_error_ci_lower_val,user_attrs_max_error_ci_upper_val,user_attrs_max_error_df_val,user_attrs_max_error_mean_val,user_attrs_max_error_samperror_val,user_attrs_max_error_std_val,user_attrs_max_error_t_critical_val,user_attrs_median_ae_ci_lower_val,user_attrs_median_ae_ci_upper_val,user_attrs_median_ae_df_val,user_attrs_median_ae_mean_val,user_attrs_median_ae_samperror_val,user_attrs_median_ae_std_val,user_attrs_median_ae_t_critical_val,user_attrs_n_splits_val,user_attrs_r2_below_zero_val,user_attrs_r2_ci_lower_val,user_attrs_r2_ci_upper_val,user_attrs_r2_df_val,user_attrs_r2_mean_val,user_attrs_r2_samperror_val,user_attrs_r2_std_val,user_attrs_r2_t_critical_val,user_attrs_regressor_final,user_attrs_rfe_estimator,user_attrs_rfe_n_features,user_attrs_rfe_selected_features,user_attrs_rho_ci_lower_val,user_attrs_rho_ci_upper_val,user_attrs_rho_df_val,user_attrs_rho_mean_val,user_attrs_rho_samperror_val,user_attrs_rho_std_val,user_attrs_rho_t_critical_val,user_attrs_rmse_ci_lower_val,user_attrs_rmse_ci_upper_val,user_attrs_rmse_df_val,user_attrs_rmse_mean_val,user_attrs_rmse_samperror_val,user_attrs_rmse_std_val,user_attrs_rmse_t_critical_val,user_attrs_termination_reason,user_attrs_use_scaler_final,state
129,1.08,2026-06-09 19:16:14.231401,2026-06-09 19:16:14.921794,0 days 00:00:00.690393,,,,,,,,,,,minkowski,20.0,uniform,,KNeighborsRegressor,,,,,,3,9.0,4.0,5.0,120.0,,,ExtraTrees,,,,,,,,True,,,,,,,,,,,,,,,,,,,,,,,,,,,,,,,,,,,,,,,,,,,,,,,,,,,,,KNeighborsRegressor,"{'mode': 'proxy', 'type': 'ExtraTrees'}",3,"['edges_T2W10', 'l3_T2W10', 'asp_T2W10']",,,,,,,,,,,,,,,pruned,True,PRUNED
130,1.0540501243522258,2026-06-09 19:16:14.931763,2026-06-09 19:16:37.765060,0 days 00:00:22.833297,,,,,,10.0,,2.0,12.0,322.0,,,,,ExtraTreesRegressor,,,,,,2,,,,,,,,,,,,,,,True,,,,,,,,,-0.03832108467290116,-0.021837191211830885,99.0,-0.03007913794236602,0.008241946730535136,0.04153752806085822,1.9842169515864174,1.0415442011436133,1.0665560475608382,99.0,1.0540501243522258,0.01250592320861245,0.0630269951005798,1.9842169515864174,263822896897997.34,347851371226783.1,99.0,305837134062390.25,42014237164392.9,211742154157093.3,1.9842169515864174,3.16095593154898,3.312177250749341,99.0,3.2365665911491606,0.07561065960018035,0.38106044573265163,1.9842169515864174,0.7539355510875683,0.7924883226671449,99.0,0.7732119368773566,0.019276385789788353,0.0971485793142556,1.9842169515864174,100.0,0.35,0.0027352624807619706,0.030238402980794634,99.0,0.016486832730778302,0.013751570250016332,0.06930477153227474,1.9842169515864174,ExtraTreesRegressor,"{'mode': 'original', 'type': 'ExtraTreesRegressor'}",2,"['edges_T2W10', 'asp_T2W10']",0.18446318145043206,0.22854082561479605,99.0,0.20650200353261405,0.02203882208218201,0.11107062695216656,1.9842169515864174,1.3179171049749037,1.3494521018766161,99.0,1.33368460342576,0.015767498450856336,0.0794645889818144,1.9842169515864174,completed,True,COMPLETE
131,0.9989418731659936,2026-06-09 19:16:37.778936,2026-06-09 19:16:39.781822,0 days 00:00:02.002886,,,,,,,,,,,,,,,SVR,,,,,,3,,,,,,,,,,1.0411313741585004,,0.0025933032180914346,scale,linear,True,,,,,,,,,0.017374310069683423,0.030151300098386402,99.0,0.023762805084034912,0.006388495014351491,0.032196554964636165,1.9842169515864174,0.9880409611318027,1.0098427852001846,99.0,0.9989418731659936,0.010900912034190906,0.05493810556086334,1.9842169515864174,253243416453697.4,335445352369566.5,99.0,294344384411631.94,41100967957934.54,207139486058082.34,1.9842169515864174,3.0904630425032744,3.2233634224410777,99.0,3.156913232472176,0.0664501899689016,0.33489377215416627,1.9842169515864174,0.9918994706554639,0.9981339485691797,99.0,0.9950167096123218,0.0031172389568578703,0.015710171986816165,1.9842169515864174,100.0,0.13,0.04169916973572465,0.061414006860113356,99.0,0.051556588297919,0.009857418562194355,0.04967913692256873,1.9842169515864174,SVR,"{'mode': 'original', 'type': 'SVR'}",3,"['nodes_T2W10', 'edges_T2W10', 'lcc_T2W10']",0.18176159589495372,0.23260243440278483,99.0,0.20718201514886928,0.025420419253915562,0.12811310393045214,1.9842169515864174,1.2956576290385946,1.3244208170370164,99.0,1.3100392230378055,0.014381593999210945,0.07247994725431914,1.9842169515864174,completed,True,COMPLETE
132,0.9988988918687984,2026-06-09 19:16:39.795466,2026-06-09 19:16:41.686167,0 days 00:00:01.890701,,,,,,,,,,,,,,,SVR,,,,,,3,,,,,,,,,,1.1020852596499109,,0.002676484319690557,scale,linear,True,,,,,,,,,0.017424699374928493,0.03018451497375297,99.0,0.02380460717434073,0.006379907799412239,0.03215327736370455,1.9842169515864174,0.988004910346082,1.009792873391515,99.0,0.9988988918687984,0.010893981522716525,0.0549031773668025,1.9842169515864174,253294721144641.8,335397907107115.44,99.0,294346314125878.6,41051592981236.81,206890647458763.62,1.9842169515864174,3.0902797107454814,3.2231645511690563,99.0,3.156722130957269,0.06644242021178731,0.3348546143538658,1.9842169515864174,0.9918973492599281,0.9981245879703933,99.0,0.9950109686151607,0.0031136193552325614,0.015691930021780966,1.9842169515864174,100.0,0.12,0.04189177456903424,0.061529497543218556,99.0,0.0517106360561264,0.009818861487092158,0.049484818075169655,1.9842169515864174,SVR,"{'mode': 'original', 'type': 'SVR'}",3,"['nodes_T2W10', 'edges_T2W10', 'lcc_T2W10']",0.17561860467107804,0.2227466765544276,99.0,0.19918264061275281,0.02356403594167477,0.11875735626003446,1.9842169515864174,1.2955705508497426,1.324297108983208,99.0,1.3099338299164753,0.014363279066732746,0.07238764417998265,1.9842169515864174,completed,True,COMPLETE
133,1.0106687206162115,2026-06-09 19:16:41.698411,2026-06-09 19:16:43.831509,0 days 00:00:02.133098,,,,,,,,,,,,,,,SVR,,,,,,3,,,,,,,,,,1.0996743565082965,,0.0033480348861093237,scale,linear,True,,,,,,,,,0.005901948966328073,0.018605682873675332,99.0,0.012253815920001703,0.00635186695367363,0.032011957909114715,1.9842169515864174,0.9998744005039029,1.0214630407285201,99.0,1.0106687206162115,0.010794320112308659,0.054400906633109876,1.9842169515864174,249236501073078.2,333095334617636.06,99.0,291165917845357.1,41929416772278.945,211314678764112.03,1.9842169515864174,3.1016968594091083,3.233908667806825,99.0,3.1678027636079666,0.06610590419885815,0.3331586505498064,1.9842169515864174,0.9847944717864282,0.9925531426125346,99.0,0.9886738071994814,0.0038793354130531314,0.019550963970706593,1.9842169515864174,100.0,0.25,0.02222966035678489,0.04333094814998356,99.0,0.032780304253384226,0.010550643896599333,0.0531728341911599,1.9842169515864174,SVR,"{'mode': 'original', 'type': 'SVR'}",3,"['nodes_T2W10', 'edges_T2W10', 'atd_T2W10']",0.1532473746055024,0.2059445355656527,99.0,0.17959595508557755,0.02634858048007515,0.1327908244056124,1.9842169515864174,1.3084268671060912,1.3372076123921914,99.0,1.3228172397491413,0.01439037264305008,0.07252418961316058,1.9842169515864174,completed,True,COMPLETE
134,1.0107479546240667,2026-06-09 19:16:43.935285,2026-06-09 19:16:45.812711,0 days 00:00:01.877426,,,,,,,,,,,,,,,SVR,,,,,,3,,,,,,,,,,1.1170189560875736,,0.0069866586032315,scale,linear,True,,,,,,,,,0.005809166781584799,0.0185381135751485,99.0,0.012173640178366649,0.00636447339678185,0.03207549150153837,1.9842169515864174,0.999956250230145,1.0215396590179886,99.0,1.0107479546240667,0.010791704393921743,0.0543877240101874,1.9842169515864174,248551535636054.12,332192390046504.0,99.0,290371962841279.06,41820427205224.95,210765396252606.2,1.9842169515864174,3.1006602101990888,3.2325808785021204,99.0,3.1666205443506046,0.06596033415151559,0.332425010777068,1.9842169515864174,0.9835441025154749,0.991188610121417,99.0,0.9873663563184459,0.0038222538029711005,0.01926328570026145,1.9842169515864174,100.0,0.25,0.023103815670584754,0.04420263635734606,99.0,0.03365322601396541,0.010549410343380652,0.05316661736483104,1.9842169515864174,SVR,"{'mode': 'original', 'type': 'SVR'}",3,"['nodes_T2W10', 'edges_T2W10', 'atd_T2W10']",0.1540957967567419,0.2046416424294653,99.0,0.1793687195931036,0.02527292283636169,0.1273697556920655,1.9842169515864174,1.3078298178889967,1.3366106175838286,99.0,1.3222202177364126,0.014390399847415905,0.07252432671694756,1.9842169515864174,completed,True,COMPLETE
135,1.0349191154528208,2026-06-09 19:16:45.846939,2026-06-09 19:16:48.014288,0 days 00:00:02.167349,,,,,,,,,,,,,,,SVR,,,,,,4,,,,,,,,,,2.0612222489685714,,0.004359717403690872,scale,linear,True,,,,,,,,,-0.01673905258643366,-0.006153609869697731,99.0,-0.011446331228065695,0.005292721358367964,0.026674106146186972,1.9842169515864174,1.0245794247689002,1.0452588061367414,99.0,1.0349191154528208,0.010339690683920493,0.05210967820657778,1.9842169515864174,272355143276919.66,362068840793821.8,99.0,317211992035370.75,44856848758451.086,226068266993622.97,1.9842169515864174,3.063727374340751,3.1553971239118437,99.0,3.1095622491262973,0.0458348747855465,0.2309972946703267,1.9842169515864174,0.9713405196157815,0.9847303204313352,99.0,0.9780354200235584,0.006694900407776835,0.03374076812731663,1.9842169515864174,100.0,0.36,0.0016954283475833212,0.01722618963304018,99.0,0.00946080899031175,0.007765380642728429,0.039135743883852346,1.9842169515864174,SVR,"{'mode': 'original', 'type': 'SVR'}",4,"['nodes_T2W10', 'atd_T2W10', 'diameter_T2W10', 'asp_T2W10']",0.11546025226900042,0.16434282652767473,99.0,0.13990153939833758,0.024441287129337165,0.12317850177520111,1.9842169515864174,1.3251087680388165,1.3528022377983773,99.0,1.3389555029185969,0.013846734879780328,0.06978437951913279,1.9842169515864174,completed,True,COMPLETE
136,1.0107240421873167,2026-06-09 19:16:48.028804,2026-06-09 19:16:49.949054,0 days 00:00:01.920250,,,,,,,,,,,,,,,SVR,,,,,,3,,,,,,,,,,1.157277781394849,,0.002553970667994272,scale,linear,True,,,,,,,,,0.005846885796074051,0.018552579323938213,99.0,0.012199732560006131,0.0063528467639320805,0.03201689592890971,1.9842169515864174,0.9999290769998441,1.0215190073747893,99.0,1.0107240421873167,0.010794965187472616,0.054404157664522744,1.9842169515864174,249403300924557.9,333297022465150.1,99.0,291350161694854.0,41946860770296.09,211402592527792.0,1.9842169515864174,3.101901309436212,3.234240124377101,99.0,3.1680707169066564,0.06616940747044435,0.3334786925267456,1.9842169515864174,0.9849911036524843,0.9928026188199255,99.0,0.9888968612362049,0.0039057575837206124,0.019684125672839798,1.9842169515864174,100.0,0.26,0.021952379424250712,0.04307901354805177,99.0,0.03251569648615124,0.010563317061900527,0.0532367040481887,1.9842169515864174,SVR,"{'mode': 'original', 'type': 'SVR'}",3,"['nodes_T2W10', 'edges_T2W10', 'atd_T2W10']",0.15680280759341791,0.20844883258027108,99.0,0.1826258200868445,0.02582301249342658,0.1301420818564251,1.9842169515864174,1.3086007955607744,1.3373945472678401,99.0,1.3229976714143072,0.014396875853532805,0.07255696430787088,1.9842169515864174,completed,True,COMPLETE
137,1.0226283661206832,2026-06-09 19:16:49.961382,2026-06-09 19:16:51.755725,0 days 00:00:01.794343,,,,0.17493676154424798,0.5640649181047059,,,,,,,,,,ElasticNet,,,,,,2,,,,,,,,,,,,,,,True,,,,,,,,,-0.004296344616025049,0.005614793254594267,99.0,0.0006592243192846092,0.004955568935309658,0.02497493498051002,1.9842169515864174,1.0121878779449989,1.0330688542963675,99.0,1.0226283661206832,0.010440488175684243,0.05261767453068518,1.9842169515864174,269347673757251.8,356293130915117.06,99.0,312820402336184.44,43472728578932.61,219092617589903.03,1.9842169515864174,3.02315849175337,3.1166724982790717,99.0,3.069915495016221,0.04675700326285068,0.2356446114698678,1.9842169515864174,0.9628273113649785,0.9778169662375323,99.0,0.9703221388012554,0.0074948274362769225,0.0377722175505288,1.9842169515864174,100.0,0.1,0.034356842537903914,0.04836369949460681,99.0,0.04136027101625536,0.007003428478351449,0.035295679097752296,1.9842169515864174,ElasticNet,"{'mode': 'original', 'type': 'ElasticNet'}",2,"['edges_T2W10', 'l3_T2W10']",0.20359880553269633,0.2529718203520233,99.0,0.22828531294235982,0.024686507409663487,0.12441435594996895,1.9842169515864174,1.3033048888825123,1.331539971104712,99.0,1.3174224299936121,0.014117541111099889,0.07114918103996974,1.9842169515864174,completed,True,COMPLETE
138,1.0107531165299732,2026-06-09 19:16:51.791033,2026-06-09 19:16:53.814760,0 days 00:00:02.023727,,,,,,,,,,,,,,,SVR,,,,,,3,,,,,,,,,,1.6286422574810009,,0.0018630061102234354,scale,linear,False,,,,,,,,,0.005756757991696972,0.018572304922993596,99.0,0.012164531457345284,0.006407773465648312,0.032293713953633854,1.9842169515864174,0.9999489372606936,1.021557295799253,99.0,1.0107531165299732,0.010804179269279644,0.054450594531215486,1.9842169515864174,249220225448538.6,333137066957535.94,99.0,291178646203037.25,41958420754498.664,211460852206469.38,1.9842169515864174,3.1020249411584846,3.2344131377641245,99.0,3.1682190394613046,0.06619409830281997,0.33360312867953573,1.9842169515864174,0.9850236281252753,0.9929148193872042,99.0,0.9889692237562397,0.003945595630964424,0.01988490032710308,1.9842169515864174,100.0,0.28,0.021642166005082834,0.042937832875959044,99.0,0.03228999944052094,0.010647833435438106,0.0536626472570198,1.9842169515864174,SVR,"{'mode': 'original', 'type': 'SVR'}",3,"['nodes_T2W10', 'edges_T2W10', 'atd_T2W10']",0.15679031619977665,0.20836048182849556,99.0,0.1825753990141361,0.025785082814359445,0.12995092494166932,1.9842169515864174,1.3087310413946844,1.3375438266407174,99.0,1.323137434017701,0.014406392623016547,0.07260492665128364,1.9842169515864174,completed,True,COMPLETE
139,0.9991885815811067,2026-06-09 19:16:53.827718,2026-06-09 19:16:55.741579,0 days 00:00:01.913861,,,,,,,,,,,,,,,SVR,,,,,,3,,,,,,,,,,0.9232679864043701,,0.0032371939087339863,scale,linear,True,,,,,,,,,0.017165416538020173,0.029904671032771855,99.0,0.023535043785396014,0.006369627247375841,0.03210146573076703,1.9842169515864174,0.9882488845802506,1.0101282785819627,99.0,0.9991885815811067,0.010939697000856114,0.05513357292966189,1.9842169515864174,253381018911441.94,335870229126813.06,99.0,294625624019127.5,41244605107685.56,207863384468667.84,1.9842169515864174,3.089262804254314,3.2212761621004247,99.0,3.1552694831773693,0.06600667892305516,0.33265857783485636,1.9842169515864174,0.991721937619284,0.9976997278526799,99.0,0.9947108327359819,0.0029888951166979236,0.015063348361721471,1.9842169515864174,100.0,0.14,0.04139850379983369,0.061252019095822716,99.0,0.0513252614478282,0.009926757647994515,0.05002859006953797,1.9842169515864174,SVR,"{'mode': 'original', 'type': 'SVR'}",3,"['nodes_T2W10', 'edges_T2W10', 'lcc_T2W10']",0.18553180539173567,0.23399523342346265,99.0,0.20976351940759916,0.024231714015863486,0.12212230117523082,1.9842169515864174,1.2957679126289379,1.3246388248102705,99.0,1.3102033687196042,0.01443545609066632,0.07275139988661478,1.9842169515864174,completed,True,COMPLETE
140,1.0239260517618016,2026-06-09 19:16:55.754741,2026-06-09 19:16:58.626996,0 days 00:00:02.872255,,,,,,,,,,,,,,,SVR,,,,,,2,,,,,,,,,,4.2131631405321475,,0.0018207704685805155,scale,linear,True,,,,,,,,,-0.0004803214831111422,-0.0004150704773111915,99.0,-0.00044769598021116686,3.262550289997536e-05,0.00016442507899093732,1.9842169515864174,1.01406971721274,1.0337823863108633,99.0,1.0239260517618016,0.009856334549061709,0.04967367374410036,1.9842169515864174,302130353825275.75,397748963935776.6,99.0,349939658880526.2,47809305055250.45,240947972030105.12,1.9842169515864174,2.9537383444183867,3.0095463561082125,99.0,2.9816423502632996,0.027904005844912948,0.1406298127964444,1.9842169515864174,0.998949048851072,0.9993148306765004,99.0,0.9991319397637862,0.00018289091271416334,0.000921728405595662,1.9842169515864174,100.0,0.97,-0.005290463426807385,-0.0035330351285394394,99.0,-0.0044117492776734124,0.0008787141491339729,0.004428518506665438,1.9842169515864174,SVR,"{'mode': 'original', 'type': 'SVR'}",2,"['diameter_T2W10', 'asp_T2W10']",-0.05300465784883075,-0.004722669276014949,99.0,-0.02886366356242285,0.0241409942864079,0.12166509447017242,1.9842169515864174,1.3345419361935638,1.3633452462309266,99.0,1.3489435912122452,0.014401655018681426,0.0725810502080785,1.9842169515864174,completed,True,COMPLETE
141,0.9990558388920757,2026-06-09 19:16:58.640312,2026-06-09 19:17:00.686471,0 days 00:00:02.046159,,,,,,,,,,,,,,,SVR,,,,,,3,,,,,,,,,,1.0215187056179256,,0.003281276624013364,scale,linear,True,,,,,,,,,0.01726086297405125,0.030045419349645337,99.0,0.023653141161848294,0.006392278187797045,0.032215621294265744,1.9842169515864174,0.9881451786075657,1.0099664991765858,99.0,0.9990558388920757,0.010910660284510047,0.054987234514788194,1.9842169515864174,253261647180344.2,335484005829150.7,99.0,294372826504747.44,41111179324403.266,207190949011569.2,1.9842169515864174,3.090162278974165,3.2231015623229267,99.0,3.156631920648546,0.06646964167438095,0.3349918043046516,1.9842169515864174,0.9914304768846547,0.9976109210707798,99.0,0.9945206989777172,0.003090222093062478,0.01557401316721838,1.9842169515864174,100.0,0.13,0.04165781438482843,0.061407254136586494,99.0,0.05153253426070746,0.009874719875879033,0.049766331589819426,1.9842169515864174,SVR,"{'mode': 'original', 'type': 'SVR'}",3,"['nodes_T2W10', 'edges_T2W10', 'lcc_T2W10']",0.18473094047593594,0.23479204838466214,99.0,0.20976149443029904,0.025030553954363096,0.1261482719132639,1.9842169515864174,1.2956617480424626,1.3244515472659977,99.0,1.3100566476542301,0.014394899611767502,0.07254700450098725,1.9842169515864174,completed,True,COMPLETE
142,0.9992470395207954,2026-06-09 19:17:00.699390,2026-06-09 19:17:02.596545,0 days 00:00:01.897155,,,,,,,,,,,,,,,SVR,,,,,,3,,,,,,,,,,0.9208513844676112,,0.0035594074748464596,scale,linear,True,,,,,,,,,0.017110136698774772,0.029848638902996126,99.0,0.02347938780088545,0.006369251102110678,0.03209957004458785,1.9842169515864174,0.9883016330984615,1.0101924459431293,99.0,0.9992470395207954,0.010945406422333909,0.0551623471091851,1.9842169515864174,253405925124565.3,335919924027692.2,99.0,294662924576128.75,41256999451563.42,207925849129439.72,1.9842169515864174,3.089144285270779,3.2211657314319253,99.0,3.155155008351352,0.06601072308057324,0.332678959464571,1.9842169515864174,0.9915025428997527,0.9974362252620327,99.0,0.9944693840808927,0.0029668411811399928,0.014952201566305284,1.9842169515864174,100.0,0.14,0.041385506759048396,0.06124316882797354,99.0,0.05131433779351097,0.009928831034462569,0.050039039463523824,1.9842169515864174,SVR,"{'mode': 'original', 'type': 'SVR'}",3,"['nodes_T2W10', 'edges_T2W10', 'lcc_T2W10']",0.18017974401073417,0.22940828581865963,99.0,0.2047940149146969,0.024614270903962718,0.12405030046882304,1.9842169515864174,1.2957704067235696,1.3246542579168388,99.0,1.3102123323202042,0.014441925596634623,0.07278400471827459,1.9842169515864174,completed,True,COMPLETE
143,1.0313236801025611,2026-06-09 19:17:02.609564,2026-06-09 19:17:16.063132,0 days 00:00:13.453568,,,,,,,,,,,,,,,SVR,,,,,,3,,,,,,,,,,66.79739211714107,,0.005876431260338961,scale,linear,True,,,,,,,,,-0.011247547546627042,-0.0039981614153386455,99.0,-0.007622854480982844,0.003624693065644198,0.018267624730986146,1.9842169515864174,1.0205031672194993,1.042144192985623,99.0,1.0313236801025611,0.010820512883061857,0.054532912212097884,1.9842169515864174,298492490242318.3,392981798031874.7,99.0,345737144137096.5,47244653894778.17,238102259216187.1,1.9842169515864174,2.9871242405877148,3.0620569040762167,99.0,3.0245905723319657,0.03746633174425075,0.18882175013319857,1.9842169515864174,0.9971228713649722,1.0006044127890654,99.0,0.9988636420770188,0.0017407707120466,0.00877308658538988,1.9842169515864174,100.0,0.79,-0.010597772458732908,-0.0029755747091712898,99.0,-0.0067866735839520985,0.0038110988747808087,0.019207067411321964,1.9842169515864174,SVR,"{'mode': 'original', 'type': 'SVR'}",3,"['atd_T2W10', 'diameter_T2W10', 'asp_T2W10']",-0.016005474306748743,0.03526773758980144,99.0,0.009631131641526349,0.02563660594827509,0.1292026354667425,1.9842169515864174,1.335949928269124,1.3649556187595584,99.0,1.3504527735143412,0.014502845245217178,0.07309102582568852,1.9842169515864174,completed,True,COMPLETE
