number,value,datetime_start,datetime_complete,duration,params_dt_max_depth,params_dt_min_samples_leaf,params_dt_min_samples_split,params_elastic_alpha,params_elastic_l1_ratio,params_et_max_depth,params_et_max_features,params_et_min_samples_leaf,params_et_min_samples_split,params_et_n_estimators,params_knn_metric,params_knn_n_neighbors,params_knn_weights,params_quantile_alpha,params_regressor,params_rf_max_depth,params_rf_max_features,params_rf_min_samples_leaf,params_rf_min_samples_split,params_rf_n_estimators,params_rfe_n_features,params_rfe_proxy_et_max_depth,params_rfe_proxy_et_min_samples_leaf,params_rfe_proxy_et_min_samples_split,params_rfe_proxy_et_n_estimators,params_rfe_proxy_lsvr_C,params_rfe_proxy_lsvr_epsilon,params_rfe_proxy_type,params_ridge_alpha,params_ridge_solver,params_svr_C,params_svr_degree,params_svr_epsilon,params_svr_gamma,params_svr_kernel,params_use_scaler,params_xgb_booster,params_xgb_colsample_bytree,params_xgb_learning_rate,params_xgb_max_depth,params_xgb_n_estimators,params_xgb_reg_alpha,params_xgb_reg_lambda,params_xgb_subsample,user_attrs_d2mae_ci_lower_val,user_attrs_d2mae_ci_upper_val,user_attrs_d2mae_df_val,user_attrs_d2mae_mean_val,user_attrs_d2mae_samperror_val,user_attrs_d2mae_std_val,user_attrs_d2mae_t_critical_val,user_attrs_mae_ci_lower_val,user_attrs_mae_ci_upper_val,user_attrs_mae_df_val,user_attrs_mae_mean_val,user_attrs_mae_samperror_val,user_attrs_mae_std_val,user_attrs_mae_t_critical_val,user_attrs_mape_ci_lower_val,user_attrs_mape_ci_upper_val,user_attrs_mape_df_val,user_attrs_mape_mean_val,user_attrs_mape_samperror_val,user_attrs_mape_std_val,user_attrs_mape_t_critical_val,user_attrs_max_error_ci_lower_val,user_attrs_max_error_ci_upper_val,user_attrs_max_error_df_val,user_attrs_max_error_mean_val,user_attrs_max_error_samperror_val,user_attrs_max_error_std_val,user_attrs_max_error_t_critical_val,user_attrs_median_ae_ci_lower_val,user_attrs_median_ae_ci_upper_val,user_attrs_median_ae_df_val,user_attrs_median_ae_mean_val,user_attrs_median_ae_samperror_val,user_attrs_median_ae_std_val,user_attrs_median_ae_t_critical_val,user_attrs_n_splits_val,user_attrs_r2_below_zero_val,user_attrs_r2_ci_lower_val,user_attrs_r2_ci_upper_val,user_attrs_r2_df_val,user_attrs_r2_mean_val,user_attrs_r2_samperror_val,user_attrs_r2_std_val,user_attrs_r2_t_critical_val,user_attrs_regressor_final,user_attrs_rfe_estimator,user_attrs_rfe_n_features,user_attrs_rfe_selected_features,user_attrs_rho_ci_lower_val,user_attrs_rho_ci_upper_val,user_attrs_rho_df_val,user_attrs_rho_mean_val,user_attrs_rho_samperror_val,user_attrs_rho_std_val,user_attrs_rho_t_critical_val,user_attrs_rmse_ci_lower_val,user_attrs_rmse_ci_upper_val,user_attrs_rmse_df_val,user_attrs_rmse_mean_val,user_attrs_rmse_samperror_val,user_attrs_rmse_std_val,user_attrs_rmse_t_critical_val,user_attrs_termination_reason,user_attrs_use_scaler_final,state
162,0.9989889918558128,2026-06-09 19:17:46.430049,2026-06-09 19:17:48.398341,0 days 00:00:01.968292,,,,,,,,,,,,,,,SVR,,,,,,3,,,,,,,,,,0.9924452258838206,,0.0028139397073558203,scale,linear,True,,,,,,,,,0.017331110870334558,0.0301084804176035,99.0,0.02371979564396903,0.006388684773634471,0.032197511308058334,1.9842169515864174,0.9880763148276364,1.0099016688839892,99.0,0.9989889918558128,0.010912677028176469,0.05499739844199792,1.9842169515864174,253289176387211.53,335578128364723.75,99.0,294433652375967.6,41144475988756.09,207358756590907.78,1.9842169515864174,3.090230326758639,3.2228077373535324,99.0,3.1565190320560856,0.06628870529744696,0.3340799263127348,1.9842169515864174,0.9918503969726444,0.9979662315754243,99.0,0.9949083142740344,0.003057917301389929,0.0154112043995243,1.9842169515864174,100.0,0.14,0.04159983339110321,0.06136635282749188,99.0,0.051483093109297544,0.00988325971819434,0.04980937044355202,1.9842169515864174,SVR,"{'mode': 'original', 'type': 'SVR'}",3,"['nodes_T2W10', 'edges_T2W10', 'lcc_T2W10']",0.18736685251364343,0.23761259299330623,99.0,0.21248972275347483,0.0251228702398314,0.1266135248957792,1.9842169515864174,1.2956913085047193,1.3244911786626137,99.0,1.3100912435836665,0.014399935078947256,0.0725723821048613,1.9842169515864174,completed,True,COMPLETE
163,1.023469387755102,2026-06-09 19:17:48.439787,2026-06-09 19:17:50.281924,0 days 00:00:01.842137,,,,,,,,,,,,,,,SVR,,,,,,3,,,,,,,,,,1.180160213621004,,4.03166429392863,scale,linear,True,,,,,,,,,0.0,0.0,99.0,0.0,0.0,0.0,1.9842169515864174,1.0136110878171936,1.0333276876930104,99.0,1.023469387755102,0.00985829993790844,0.049683578854754516,1.9842169515864174,302333226264427.6,398022470889923.75,99.0,350177848577175.7,47844622312748.055,241125962937144.6,1.9842169515864174,2.9520810170196823,3.0079189829803177,99.0,2.98,0.027918982980317888,0.14070529413628965,1.9842169515864174,1.0,1.0,99.0,1.0,0.0,0.0,1.9842169515864174,100.0,0.94,-0.005434946144302519,-0.003640476721851683,99.0,-0.004537711433077101,0.0008972347112254179,0.004521857907261917,1.9842169515864174,SVR,"{'mode': 'original', 'type': 'SVR'}",3,"['density_T2W10', 'diameter_T2W10', 'asp_T2W10']",,,,,,,,1.3346202169399817,1.3634391301389042,99.0,1.349029673539443,0.014409456599461157,0.07262036839238036,1.9842169515864174,completed,True,COMPLETE
164,1.0107766060945145,2026-06-09 19:17:50.315663,2026-06-09 19:17:52.460668,0 days 00:00:02.145005,,,,,,,,,,,,,,,SVR,,,,,,3,,,,,,,,,,1.6880778898450146,,0.001639130898513374,scale,linear,True,,,,,,,,,0.00572777411343728,0.018553255227826956,99.0,0.012140514670632119,0.006412740557194839,0.03231874695994174,1.9842169515864174,0.9999734770042004,1.0215797351848286,99.0,1.0107766060945145,0.010803129090314096,0.05444530186921747,1.9842169515864174,249272739419102.4,333196453767530.94,99.0,291234596593316.7,41961857174214.27,211478170976540.7,1.9842169515864174,3.102050765753875,3.2344385516728917,99.0,3.1682446587133835,0.06619389295950807,0.3336020937961691,1.9842169515864174,0.985114209388247,0.9930261820477013,99.0,0.9890701957179742,0.003955986329727104,0.019937267074370178,1.9842169515864174,100.0,0.28,0.021531110725107275,0.04284556451209241,99.0,0.03218833761859984,0.010657226893492567,0.05370998813900829,1.9842169515864174,SVR,"{'mode': 'original', 'type': 'SVR'}",3,"['nodes_T2W10', 'edges_T2W10', 'atd_T2W10']",0.15704414204861794,0.20814182756803884,99.0,0.1825929848083284,0.025548842759710456,0.12876032905214166,1.9842169515864174,1.3088013298005174,1.337607153263574,99.0,1.3232042415320457,0.014402911731528288,0.07258738375364095,1.9842169515864174,completed,True,COMPLETE
165,1.0026000230017902,2026-06-09 19:17:52.473874,2026-06-09 19:17:54.448183,0 days 00:00:01.974309,,,,,,,,,,,,,,,SVR,,,,,,3,,,,,,,,,,0.3295478804590999,,0.003810826223226628,scale,linear,True,,,,,,,,,0.01438022933694814,0.026076700001019294,99.0,0.020228464668983717,0.005848235332035577,0.029473769626651998,1.9842169515864174,0.9918348481554269,1.0133651978481535,99.0,1.0026000230017902,0.010765174846363327,0.05425402115306179,1.9842169515864174,255035233943712.06,338602164452440.06,99.0,296818699198076.06,41783465254363.984,210579116466862.88,1.9842169515864174,3.0903064209554056,3.2212657106552705,99.0,3.155786065805338,0.06547964484993252,0.33000244654487176,1.9842169515864174,0.9917663313855057,0.9966770905625119,99.0,0.9942217109740088,0.0024553795885030706,0.012374552019324048,1.9842169515864174,100.0,0.14,0.037456011411240386,0.05581790826939541,99.0,0.0466369598403179,0.009180948429077514,0.046269882039548044,1.9842169515864174,SVR,"{'mode': 'original', 'type': 'SVR'}",3,"['nodes_T2W10', 'edges_T2W10', 'lcc_T2W10']",0.18056941214443448,0.22997795556901382,99.0,0.20527368385672415,0.024704271712289668,0.12450388397568198,1.9842169515864174,1.2991962229487928,1.3278921733354576,99.0,1.3135441981421252,0.01434797519333231,0.07231051615530672,1.9842169515864174,completed,True,COMPLETE
166,1.2866648900417648,2026-06-09 19:17:54.473690,2026-06-09 19:17:56.789207,0 days 00:00:02.315517,,,,,,,,,,,,,,,XGBRegressor,,,,,,3,,,,,,,,,,,,,,,True,gbtree,0.5077871253086431,0.03106894663394843,7.0,498.0,7.166271360552575e-05,1.133739185762309e-08,0.7048124074085593,,,,,,,,,,,,,,,,,,,,,,,,,,,,,,,,,,,,,,,,,,,,,XGBRegressor,"{'mode': 'original', 'type': 'XGBRegressor'}",3,"['density_T2W10', 'diameter_T2W10', 'asp_T2W10']",,,,,,,,,,,,,,,pruned,True,PRUNED
167,0.999317578553933,2026-06-09 19:17:56.800657,2026-06-09 19:17:58.735181,0 days 00:00:01.934524,,,,,,,,,,,,,,,SVR,,,,,,3,,,,,,,,,,0.7156487538018013,,0.0019229713295669379,scale,linear,False,,,,,,,,,0.017190467332388083,0.02967221690352282,99.0,0.023431342117955452,0.00624087478556737,0.031452582745942564,1.9842169515864174,0.9883747754785243,1.0102603816293418,99.0,0.999317578553933,0.010942803075408753,0.05514922683560275,1.9842169515864174,253701000183248.97,336819563371382.4,99.0,295260281777315.7,41559281594066.72,209449282049724.06,1.9842169515864174,3.0894952434770326,3.220217543099767,99.0,3.1548563932883997,0.0653611498113671,0.3294052586291518,1.9842169515864174,0.9927524875429816,0.9986098914698964,99.0,0.995681189506439,0.0029287019634574177,0.014759988624811754,1.9842169515864174,100.0,0.14,0.04094770376198189,0.06056717978132083,99.0,0.05075744177165136,0.009809738009669474,0.04943883783386897,1.9842169515864174,SVR,"{'mode': 'original', 'type': 'SVR'}",3,"['nodes_T2W10', 'edges_T2W10', 'lcc_T2W10']",0.18211856506633364,0.23279324462122927,99.0,0.20745590484378146,0.025337339777447825,0.12769440235449134,1.9842169515864174,1.2961593949463268,1.3250963868578893,99.0,1.310627890902108,0.014468495955781204,0.07291791325647823,1.9842169515864174,completed,True,COMPLETE
168,1.0615579270391842,2026-06-09 19:17:58.749425,2026-06-09 19:18:00.944792,0 days 00:00:02.195367,,,,,,,,,,,manhattan,15.0,distance,,KNeighborsRegressor,,,,,,4,5.0,4.0,5.0,110.0,,,ExtraTrees,,,,,,,,True,,,,,,,,,-0.04750395942147791,-0.027481091403746764,99.0,-0.03749252541261234,0.010011434008865573,0.05045533957796928,1.9842169515864174,1.0479204028839082,1.0751954511944601,99.0,1.0615579270391842,0.01363752415527596,0.0687300052767542,1.9842169515864174,258712635497064.8,342662246369775.7,99.0,300687440933420.25,41974805436355.44,211543427258777.4,1.9842169515864174,3.2305107270493587,3.3293441843080376,99.0,3.279927455678698,0.049416728629339525,0.249049019512861,1.9842169515864174,0.8127163992545192,0.8489052258576573,99.0,0.8308108125560882,0.018094413301568985,0.09119170807961385,1.9842169515864174,100.0,0.44,-0.00849908225706982,0.027127426230526636,99.0,0.009314171986728409,0.01781325424379823,0.08977473067930504,1.9842169515864174,KNeighborsRegressor,"{'mode': 'proxy', 'type': 'ExtraTrees'}",4,"['edges_T2W10', 'l3_T2W10', 'lcc_T2W10', 'diameter_T2W10']",0.22731471846572043,0.27334197293954404,99.0,0.25032834570263224,0.02301362723691179,0.11598342216818568,1.9842169515864174,1.319994357404481,1.3562581562146105,99.0,1.3381262568095458,0.01813189940506484,0.09138062947485685,1.9842169515864174,completed,True,COMPLETE
169,1.0006208419354952,2026-06-09 19:18:00.957518,2026-06-09 19:18:02.809077,0 days 00:00:01.851559,,,,,,,,,,,,,,,SVR,,,,,,3,,,,,,,,,,0.475361128322704,,0.001164656100017867,scale,linear,True,,,,,,,,,0.016241972997144503,0.028102314585043604,99.0,0.022172143791094053,0.0059301707939495504,0.02988670563069362,1.9842169515864174,0.9897950744009889,1.0114466094700014,99.0,1.0006208419354952,0.0108257675345063,0.05455939445457768,1.9842169515864174,254608777551117.3,338145662422594.44,99.0,296377219986855.9,41768442435738.55,210503404894025.94,1.9842169515864174,3.090094330182822,3.219553310789542,99.0,3.154823820486182,0.06472949030335981,0.3262218390564974,1.9842169515864174,0.9942745567982832,0.9988038089883519,99.0,0.9965391828933176,0.0022646260950342635,0.011413198003492782,1.9842169515864174,100.0,0.14,0.03963412029966802,0.058287390854429605,99.0,0.04896075557704881,0.009326635277380792,0.04700411046243697,1.9842169515864174,SVR,"{'mode': 'original', 'type': 'SVR'}",3,"['nodes_T2W10', 'edges_T2W10', 'lcc_T2W10']",0.1892810769145567,0.2385841132397813,99.0,0.213932595077169,0.024651518162612292,0.12423801814062196,1.9842169515864174,1.2975525145219333,1.32630361782892,99.0,1.3119280661754267,0.014375551653493324,0.07244949521270751,1.9842169515864174,completed,True,COMPLETE
170,1.0277819637646748,2026-06-09 19:18:02.821779,2026-06-09 19:18:10.963418,0 days 00:00:08.141639,,,,,,2.0,sqrt,5.0,5.0,62.0,,,,,ExtraTreesRegressor,,,,,,2,,,,,,,,,,,,,,,True,,,,,,,,,-0.007252382655683239,-0.0014154161899642822,99.0,-0.004333899422823761,0.0029184832328594786,0.014708488557796558,1.9842169515864174,1.0179273765294554,1.0376365509998942,99.0,1.0277819637646748,0.009854587235219264,0.049664867681633015,1.9842169515864174,289172663211409.7,381301841885916.2,99.0,335237252548662.94,46064589337253.27,232155003516242.5,1.9842169515864174,2.990897246112465,3.0489250954351217,99.0,3.0199111707737933,0.029013924661328374,0.1462235499909988,1.9842169515864174,0.980449062214959,0.9869939274570739,99.0,0.9837214948360165,0.0032724326210574603,0.016492312589311824,1.9842169515864174,100.0,0.14,0.015269386233197384,0.02298097555946389,99.0,0.019125180896330637,0.0038557946631332532,0.01943232397067506,1.9842169515864174,ExtraTreesRegressor,"{'mode': 'original', 'type': 'ExtraTreesRegressor'}",2,"['diameter_T2W10', 'asp_T2W10']",0.09669437520682089,0.14524200331887277,99.0,0.12096818926284683,0.024273814056025935,0.12233447575689028,1.9842169515864174,1.3189529394974775,1.3466971440880653,99.0,1.3328250417927714,0.013872102295293936,0.06991222549632457,1.9842169515864174,completed,True,COMPLETE
171,0.999080368713548,2026-06-09 19:18:10.976501,2026-06-09 19:18:13.024376,0 days 00:00:02.047875,,,,,,,,,,,,,,,SVR,,,,,,3,,,,,,,,,,0.9306371130270507,,0.002701632459030076,scale,linear,True,,,,,,,,,0.0172707266132989,0.030006522052877554,99.0,0.023638624333088228,0.006367897719789326,0.032092749306965034,1.9842169515864174,0.9881506109699091,1.010010126457187,99.0,0.999080368713548,0.010929757743638939,0.0550834813446201,1.9842169515864174,253396648815105.22,335883703563111.7,99.0,294640176189108.44,41243527374003.23,207857952937194.1,1.9842169515864174,3.089530795981198,3.2215168563775647,99.0,3.1555238261793814,0.06599303019818342,0.3325897913805282,1.9842169515864174,0.9920771241084329,0.9981249161351758,99.0,0.9951010201218043,0.0030238960133715065,0.01523974488250313,1.9842169515864174,100.0,0.14,0.041405619045739125,0.06123902497546935,99.0,0.051322322010604236,0.009916702964865107,0.04997791676427582,1.9842169515864174,SVR,"{'mode': 'original', 'type': 'SVR'}",3,"['nodes_T2W10', 'edges_T2W10', 'lcc_T2W10']",0.18292234992409664,0.231908320070812,99.0,0.20741533499745432,0.024492985073357666,0.12343904759897893,1.9842169515864174,1.295777853912604,1.324631671963136,99.0,1.31020476293787,0.014426909025266072,0.0727083246301847,1.9842169515864174,completed,True,COMPLETE
172,0.9989345613716393,2026-06-09 19:18:13.036932,2026-06-09 19:18:14.919940,0 days 00:00:01.883008,,,,,,,,,,,,,,,SVR,,,,,,3,,,,,,,,,,1.0598242331212135,,0.0026373428467225783,scale,linear,True,,,,,,,,,0.017385939307558128,0.030153543592060933,99.0,0.02376974144980953,0.006383802142251404,0.03217290396167334,1.9842169515864174,0.9880376826665407,1.0098314400767379,99.0,0.9989345613716393,0.010896878705098638,0.05491777850394024,1.9842169515864174,253281536299689.66,335452887114371.1,99.0,294367211707030.4,41085675407340.73,207062415097764.3,1.9842169515864174,3.090384006241257,3.2232691355981653,99.0,3.156826570919711,0.0664425646784543,0.33485534243285375,1.9842169515864174,0.9918981319505719,0.9981350769060012,99.0,0.9950166044282865,0.003118472477714739,0.015716388650048894,1.9842169515864174,100.0,0.12,0.041753867025078724,0.06144104920225991,99.0,0.051597458113669316,0.009843591088590592,0.049609449615479105,1.9842169515864174,SVR,"{'mode': 'original', 'type': 'SVR'}",3,"['nodes_T2W10', 'edges_T2W10', 'lcc_T2W10']",0.1821067560903084,0.23317526707970887,99.0,0.20764101158500864,0.025534255494700238,0.1286868125699921,1.9842169515864174,1.2956361515556363,1.3243868222481845,99.0,1.3100114869019104,0.014375335346274056,0.07244840507375322,1.9842169515864174,completed,True,COMPLETE
173,1.0277738076457776,2026-06-09 19:18:14.932877,2026-06-09 19:18:17.661486,0 days 00:00:02.728609,,,,,,,,,,,,,,,SVR,,,,,,3,,,,,,,,,,2.595688205552328,,0.0025260251532592186,scale,linear,True,,,,,,,,,-0.00688286062999156,-0.0014644232720444415,99.0,-0.004173641951018001,0.0027092186789735595,0.013653843027636116,1.9842169515864174,1.017365798538274,1.0381818167532813,99.0,1.0277738076457776,0.01040800910750355,0.052453987449215964,1.9842169515864174,299826683851349.1,394646421855709.75,99.0,347236552853529.44,47409869002180.31,238934905602309.56,1.9842169515864174,2.967440251092162,3.028884676990983,99.0,2.9981624640415725,0.03072221294941029,0.154832932582535,1.9842169515864174,0.9990091090944532,1.0009355763947778,99.0,0.9999723427446154,0.0009632336501622983,0.0048544774773352055,1.9842169515864174,100.0,0.84,-0.00701760225061434,-0.002620760683801969,99.0,-0.004819181467208155,0.002198420783406186,0.011079538362216432,1.9842169515864174,SVR,"{'mode': 'original', 'type': 'SVR'}",3,"['atd_T2W10', 'diameter_T2W10', 'asp_T2W10']",-0.02039599733821922,0.029590451275116423,99.0,0.004597226968448602,0.02499322430666782,0.12596013901950232,1.9842169515864174,1.3348707484526994,1.3634417351449941,99.0,1.3491562417988467,0.014285493346147446,0.07199562192393294,1.9842169515864174,completed,True,COMPLETE
174,1.0106919349867947,2026-06-09 19:18:17.674866,2026-06-09 19:18:19.964007,0 days 00:00:02.289141,,,,,,,,,,,,,,,SVR,,,,,,3,,,,,,,,,,1.2914367894529264,,0.0029704216472731327,scale,linear,True,,,,,,,,,0.005855992572757458,0.018603166496124486,99.0,0.012229579534440971,0.006373586961683514,0.032121421785998326,1.9842169515864174,0.9998891826282633,1.0214946873453261,99.0,1.0106919349867947,0.010802752358531394,0.05444340322712392,1.9842169515864174,249122687177318.97,332987433518184.0,99.0,291055060347751.5,41932373170432.52,211329578335205.9,1.9842169515864174,3.101773851743903,3.2340773476599867,99.0,3.167925599701945,0.0661517479580417,0.33338969261981244,1.9842169515864174,0.9847632917940541,0.9925952332149057,99.0,0.9886792625044799,0.003915970710425866,0.019735597497516473,1.9842169515864174,100.0,0.26,0.02205533181577097,0.04325776973672126,99.0,0.032656550776246115,0.010601218960475145,0.053427720955610616,1.9842169515864174,SVR,"{'mode': 'original', 'type': 'SVR'}",3,"['nodes_T2W10', 'edges_T2W10', 'atd_T2W10']",0.15744963311445653,0.20899936604454722,99.0,0.18322449957950188,0.025774866465045353,0.12989943687578054,1.9842169515864174,1.308490230669923,1.3373013447114395,99.0,1.3228957876906813,0.014405557020758152,0.07260071540685431,1.9842169515864174,completed,True,COMPLETE
175,1.0004801286802159,2026-06-09 19:18:20.005246,2026-06-09 19:18:21.882626,0 days 00:00:01.877380,,,,,,,,,,,,,,,SVR,,,,,,3,,,,,,,,,,0.5187506529066481,,0.001891995766809505,scale,linear,True,,,,,,,,,0.016321993544242457,0.028291023046100428,99.0,0.022306508295171442,0.005984514750928987,0.030160586755113943,1.9842169515864174,0.98963689731355,1.0113233600468816,99.0,1.0004801286802159,0.010843231366665871,0.054647408177802885,1.9842169515864174,254394223172701.62,337887716119258.1,99.0,296140969645979.9,41746746473278.24,210394062201217.28,1.9842169515864174,3.0901990088078692,3.2202146888077126,99.0,3.155206848807791,0.0650078399999215,0.3276246579183116,1.9842169515864174,0.9937942495280209,0.9982645571794398,99.0,0.9960294033537304,0.002235153825709486,0.011264664501139556,1.9842169515864174,100.0,0.14,0.039891771958446356,0.058753435753762615,99.0,0.049322603856104485,0.009430831897658127,0.04752923761747931,1.9842169515864174,SVR,"{'mode': 'original', 'type': 'SVR'}",3,"['nodes_T2W10', 'edges_T2W10', 'lcc_T2W10']",0.18143284101442336,0.22988261240660873,99.0,0.20565772671051605,0.024224885696092692,0.12208788800400307,1.9842169515864174,1.297273396103796,1.3260575371294014,99.0,1.3116654666165988,0.014392070512802637,0.07253274648871393,1.9842169515864174,completed,True,COMPLETE
176,0.9994272232347037,2026-06-09 19:18:21.915878,2026-06-09 19:18:23.744478,0 days 00:00:01.828600,,,,,,,,,,,,,,,SVR,,,,,,3,,,,,,,,,,0.7047794427401347,,0.002379445474163895,scale,linear,True,,,,,,,,,0.017097604790461733,0.02955298227127945,99.0,0.02332529353087059,0.006227688740408859,0.0313861280916369,1.9842169515864174,0.9884872884589502,1.0103671580104572,99.0,0.9994272232347037,0.010939934775753543,0.055134771260808284,1.9842169515864174,253755563865325.56,336916483586608.94,99.0,295336023725967.25,41580459860641.695,209556015673575.25,1.9842169515864174,3.089426907989523,3.22014530169269,99.0,3.1547861048411066,0.0653591968515835,0.32939541615813556,1.9842169515864174,0.9924962685042935,0.9982263250794479,99.0,0.9953612967918707,0.002865028287577218,0.014439087849171816,1.9842169515864174,100.0,0.14,0.04089156873105481,0.06047195287199995,99.0,0.05068176080152738,0.009790192070472568,0.04934033076698156,1.9842169515864174,SVR,"{'mode': 'original', 'type': 'SVR'}",3,"['nodes_T2W10', 'edges_T2W10', 'lcc_T2W10']",0.18339408748879935,0.2336684761852598,99.0,0.20853128183702957,0.025137194348230224,0.12668571512874427,1.9842169515864174,1.2962163914115108,1.325150280187802,99.0,1.3106833357996563,0.014466944388145461,0.07291009371016045,1.9842169515864174,completed,True,COMPLETE
