number,value,datetime_start,datetime_complete,duration,params_dt_max_depth,params_dt_min_samples_leaf,params_dt_min_samples_split,params_elastic_alpha,params_elastic_l1_ratio,params_et_max_depth,params_et_max_features,params_et_min_samples_leaf,params_et_min_samples_split,params_et_n_estimators,params_knn_metric,params_knn_n_neighbors,params_knn_weights,params_quantile_alpha,params_regressor,params_rf_max_depth,params_rf_max_features,params_rf_min_samples_leaf,params_rf_min_samples_split,params_rf_n_estimators,params_rfe_n_features,params_rfe_proxy_et_max_depth,params_rfe_proxy_et_min_samples_leaf,params_rfe_proxy_et_min_samples_split,params_rfe_proxy_et_n_estimators,params_rfe_proxy_lsvr_C,params_rfe_proxy_lsvr_epsilon,params_rfe_proxy_type,params_ridge_alpha,params_ridge_solver,params_svr_C,params_svr_degree,params_svr_epsilon,params_svr_gamma,params_svr_kernel,params_use_scaler,params_xgb_booster,params_xgb_colsample_bytree,params_xgb_learning_rate,params_xgb_max_depth,params_xgb_n_estimators,params_xgb_reg_alpha,params_xgb_reg_lambda,params_xgb_subsample,user_attrs_d2mae_ci_lower_val,user_attrs_d2mae_ci_upper_val,user_attrs_d2mae_df_val,user_attrs_d2mae_mean_val,user_attrs_d2mae_samperror_val,user_attrs_d2mae_std_val,user_attrs_d2mae_t_critical_val,user_attrs_mae_ci_lower_val,user_attrs_mae_ci_upper_val,user_attrs_mae_df_val,user_attrs_mae_mean_val,user_attrs_mae_samperror_val,user_attrs_mae_std_val,user_attrs_mae_t_critical_val,user_attrs_mape_ci_lower_val,user_attrs_mape_ci_upper_val,user_attrs_mape_df_val,user_attrs_mape_mean_val,user_attrs_mape_samperror_val,user_attrs_mape_std_val,user_attrs_mape_t_critical_val,user_attrs_max_error_ci_lower_val,user_attrs_max_error_ci_upper_val,user_attrs_max_error_df_val,user_attrs_max_error_mean_val,user_attrs_max_error_samperror_val,user_attrs_max_error_std_val,user_attrs_max_error_t_critical_val,user_attrs_median_ae_ci_lower_val,user_attrs_median_ae_ci_upper_val,user_attrs_median_ae_df_val,user_attrs_median_ae_mean_val,user_attrs_median_ae_samperror_val,user_attrs_median_ae_std_val,user_attrs_median_ae_t_critical_val,user_attrs_n_splits_val,user_attrs_r2_below_zero_val,user_attrs_r2_ci_lower_val,user_attrs_r2_ci_upper_val,user_attrs_r2_df_val,user_attrs_r2_mean_val,user_attrs_r2_samperror_val,user_attrs_r2_std_val,user_attrs_r2_t_critical_val,user_attrs_regressor_final,user_attrs_rfe_estimator,user_attrs_rfe_n_features,user_attrs_rfe_selected_features,user_attrs_rho_ci_lower_val,user_attrs_rho_ci_upper_val,user_attrs_rho_df_val,user_attrs_rho_mean_val,user_attrs_rho_samperror_val,user_attrs_rho_std_val,user_attrs_rho_t_critical_val,user_attrs_rmse_ci_lower_val,user_attrs_rmse_ci_upper_val,user_attrs_rmse_df_val,user_attrs_rmse_mean_val,user_attrs_rmse_samperror_val,user_attrs_rmse_std_val,user_attrs_rmse_t_critical_val,user_attrs_termination_reason,user_attrs_use_scaler_final,state
25,1.026663138428513,2026-06-09 19:07:59.455510,2026-06-09 19:08:12.434066,0 days 00:00:12.978556,,,,,,,,,,,,,,,XGBRegressor,,,,,,6,,,,,,,,,,,,,,,True,dart,0.9913842220836626,0.001276767415955434,10.0,74.0,8.283173434158522,9.854652027832726,0.5143686093013831,-0.003838622599870202,-0.002502528660016142,99.0,-0.003170575629943172,0.00066804696992703,0.003366804065416911,1.9842169515864174,1.01696437915356,1.0363618977034659,99.0,1.026663138428513,0.009698759274952864,0.04887953037191084,1.9842169515864174,297958991742870.44,392499611547326.3,99.0,345229301645098.4,47270309902227.96,238231559630787.8,1.9842169515864174,2.9859931951947964,3.0424847835115636,99.0,3.01423898935318,0.028245794158383776,0.1423523477904004,1.9842169515864174,0.9690430979428223,0.9769362445178101,99.0,0.9729896712303162,0.003946573287493913,0.019889827492596292,1.9842169515864174,100.0,0.22,0.003201186147223169,0.005391259745050683,99.0,0.004296222946136926,0.0010950367989137574,0.005518735227205148,1.9842169515864174,XGBRegressor,"{'mode': 'original', 'type': 'XGBRegressor'}",6,"['nodes_T2W10', 'edges_T2W10', 'l3_T2W10', 'lcc_T2W10', 'atd_T2W10', 'density_T2W10']",0.24867634583267936,0.29637381460688417,99.0,0.2725250802197818,0.023848734387102416,0.12019217136530821,1.9842169515864174,1.3286957058583426,1.357495113851857,99.0,1.3430954098550998,0.014399703996757099,0.07257121750343012,1.9842169515864174,completed,True,COMPLETE
26,1.0635963741173935,2026-06-09 19:08:12.446990,2026-06-09 19:08:14.103151,0 days 00:00:01.656161,,,,,,,,,,,,,,,Ridge,,,,,,3,,,,,,,,0.003036112952812811,auto,,,,,,True,,,,,,,,,-0.04695007039961146,-0.032751185579207816,99.0,-0.03985062798940964,0.00709944241020182,0.03577956737304198,1.9842169515864174,1.053469435143905,1.073723313090882,99.0,1.0635963741173935,0.010126938973488589,0.05103745820431539,1.9842169515864174,268692337129337.3,355128661984471.94,99.0,311910499556904.6,43218162427567.305,217809662360830.03,1.9842169515864174,3.074168679672876,3.1593066830511263,99.0,3.116737681362001,0.042569001689125134,0.21453804058618914,1.9842169515864174,0.9901804654667995,1.009708647931775,99.0,0.9999445566992873,0.009764091232487776,0.04920878850813773,1.9842169515864174,100.0,0.49,-0.010091323714698917,0.010935329683591798,99.0,0.00042200298444644015,0.010513326699145358,0.05298476404376932,1.9842169515864174,Ridge,"{'mode': 'original', 'type': 'Ridge'}",3,"['atd_T2W10', 'density_T2W10', 'asp_T2W10']",0.030639403945888214,0.08412784041514747,99.0,0.05738362218051784,0.026744218234629625,0.13478474827688142,1.9842169515864174,1.3312381972091183,1.357693509877011,99.0,1.3444658535430647,0.01322765633394646,0.06666436512081357,1.9842169515864174,completed,True,COMPLETE
27,1.031564218501772,2026-06-09 19:08:14.144514,2026-06-09 19:08:15.765347,0 days 00:00:01.620833,,,,7.933503517537121,0.9471077948649792,,,,,,,,,,ElasticNet,,,,,,6,,,,,,,,,,,,,,,True,,,,,,,,,-0.008732666629418752,-0.007272498719924007,99.0,-0.008002582674671379,0.000730083954747372,0.0036794562921340663,1.9842169515864174,1.0220046260145264,1.0411238109890175,99.0,1.031564218501772,0.009559592487245564,0.0481781615644524,1.9842169515864174,299138825208236.44,394040171574501.8,99.0,346589498391369.1,47450673183132.71,239140549349681.97,1.9842169515864174,2.984729173638194,3.0413786107929437,99.0,3.0130538922155687,0.028324718577374963,0.14275010882619885,1.9842169515864174,0.9622329026475877,0.9702221871727718,99.0,0.9662275449101797,0.00399464226259202,0.020132084142302237,1.9842169515864174,100.0,1.0,-0.003993042426181609,-0.002342568441272547,99.0,-0.003167805433727078,0.0008252369924545307,0.00415900585767468,1.9842169515864174,ElasticNet,"{'mode': 'original', 'type': 'ElasticNet'}",6,"['lcc_T2W10', 'lsc_T2W10', 'atd_T2W10', 'density_T2W10', 'diameter_T2W10', 'asp_T2W10']",,,,,,,,1.33375089076802,1.3624399795565223,99.0,1.3480954351622711,0.014344544394251129,0.07229322571194852,1.9842169515864174,completed,True,COMPLETE
28,1.030964250389064,2026-06-09 19:08:15.817275,2026-06-09 19:09:04.263213,0 days 00:00:48.445938,,,,,,,,,,,,,,,RandomForestRegressor,2.0,log2,5.0,12.0,500.0,3,,,,,,,,,,,,,,,True,,,,,,,,,-0.014641707475843008,-0.00036490568709872124,99.0,-0.007503306581470864,0.007138400894372143,0.03597590923041385,1.9842169515864174,1.019267052378233,1.0426614483998948,99.0,1.030964250389064,0.011697198010830814,0.0589512049147584,1.9842169515864174,259827779358677.38,343690892987832.9,99.0,301759336173255.1,41931556814577.75,211325464088252.62,1.9842169515864174,3.044159811102789,3.162221801250234,99.0,3.1031908061765114,0.05903099507372239,0.2975027253271173,1.9842169515864174,0.8528584242118036,0.8841379486079717,99.0,0.8684981864098876,0.015639762198084075,0.07882082745830693,1.9842169515864174,100.0,0.07,0.06048977178962637,0.0812415342532518,99.0,0.07086565302143909,0.010375881231812717,0.05229207029764065,1.9842169515864174,RandomForestRegressor,"{'mode': 'original', 'type': 'RandomForestRegressor'}",3,"['edges_T2W10', 'l3_T2W10', 'lcc_T2W10']",0.2696467249527174,0.3169860774733723,99.0,0.29331640121304486,0.023669676260327465,0.11928975932497266,1.9842169515864174,1.281859821507969,1.3114607265063736,99.0,1.2966602740071713,0.014800452499202185,0.07459089837615264,1.9842169515864174,completed,True,COMPLETE
29,1.0371950766378104,2026-06-09 19:09:04.319747,2026-06-09 19:09:05.897957,0 days 00:00:01.578210,,,,,,,,,,,,,,,Ridge,,,,,,9,,,,,,,,75.90503648884746,svd,,,,,,True,,,,,,,,,-0.020409287568010318,-0.007218137554841739,99.0,-0.013813712561426028,0.006595575006584289,0.03324019080328392,1.9842169515864174,1.0266439893336416,1.0477461639419792,99.0,1.0371950766378104,0.010551087304168769,0.05317506886398175,1.9842169515864174,258531439042459.03,343991605555950.6,99.0,301261522299204.8,42730083256745.79,215349854876415.16,1.9842169515864174,3.0545569597728326,3.1637459618570487,99.0,3.1091514608149406,0.05459450104210801,0.27514380924151827,1.9842169515864174,0.9524632877468218,0.9711041292195288,99.0,0.9617837084831753,0.009320420736353483,0.04697279059581483,1.9842169515864174,100.0,0.26,0.023384247991919314,0.043176833419842485,99.0,0.0332805407058809,0.009896292713961585,0.04987505376390077,1.9842169515864174,Ridge,"{'mode': 'original', 'type': 'Ridge'}",9,"['nodes_T2W10', 'edges_T2W10', 're_T2W10', 'pe_T2W10', 'l1_T2W10', 'l2_T2W10', 'l3_T2W10', 'lcc_T2W10', 'lsc_T2W10']",0.15455065144687324,0.2050776952866431,99.0,0.17981417336675817,0.025263521919884936,0.12732237722133305,1.9842169515864174,1.3084607770028436,1.33653558184696,99.0,1.3224981794249018,0.0140374024220583,0.07074530036060393,1.9842169515864174,completed,True,COMPLETE
30,1.023469387755102,2026-06-09 19:09:05.910667,2026-06-09 19:09:08.092467,0 days 00:00:02.181800,,,,,,,,,,,,,,5.119407583473934,QuantileRegressor,,,,,,7,,,,,,,,,,,,,,,True,,,,,,,,,0.0,0.0,99.0,0.0,0.0,0.0,1.9842169515864174,1.0136110878171936,1.0333276876930104,99.0,1.023469387755102,0.00985829993790844,0.049683578854754516,1.9842169515864174,302333226264427.6,398022470889923.75,99.0,350177848577175.7,47844622312748.055,241125962937144.6,1.9842169515864174,2.9520810170196823,3.0079189829803177,99.0,2.98,0.027918982980317888,0.14070529413628965,1.9842169515864174,1.0,1.0,99.0,1.0,0.0,0.0,1.9842169515864174,100.0,0.94,-0.005434946144302519,-0.003640476721851683,99.0,-0.004537711433077101,0.0008972347112254179,0.004521857907261917,1.9842169515864174,QuantileRegressor,"{'mode': 'original', 'type': 'QuantileRegressor'}",7,"['l3_T2W10', 'lcc_T2W10', 'lsc_T2W10', 'atd_T2W10', 'density_T2W10', 'diameter_T2W10', 'asp_T2W10']",,,,,,,,1.3346202169399817,1.3634391301389042,99.0,1.349029673539443,0.014409456599461157,0.07262036839238036,1.9842169515864174,completed,True,COMPLETE
31,1.010878805410125,2026-06-09 19:09:08.104544,2026-06-09 19:09:09.900743,0 days 00:00:01.796199,,,,,,,,,,,,,,,SVR,,,,,,11,,,,,4.553662854131719,0.7965637010058153,LinearSVR,,,0.17327932600497278,,0.07027170547345632,auto,rbf,True,,,,,,,,,0.006718326366943606,0.0179997474725591,99.0,0.012359036919751354,0.005640710552807748,0.028427892163192626,1.9842169515864174,0.9993813719862453,1.0223762388340047,99.0,1.010878805410125,0.011497433423879662,0.05794443704700363,1.9842169515864174,274071600667344.47,360989055480412.06,99.0,317530328073878.25,43458727406533.79,219022054880580.2,1.9842169515864174,3.205027954013934,3.3501017500318406,99.0,3.2775648520228873,0.07253689800895351,0.36556938973310826,1.9842169515864174,0.8600617061086631,0.8817373294451187,99.0,0.8708995177768909,0.01083781166822786,0.054620094136192274,1.9842169515864174,100.0,0.15,0.04515228383678889,0.06620054985757044,99.0,0.055676416847179666,0.010524133010390777,0.05303922538297308,1.9842169515864174,SVR,"{'mode': 'proxy', 'type': 'LinearSVR'}",11,"['nodes_T2W10', 'edges_T2W10', 'pe_T2W10', 'l2_T2W10', 'l3_T2W10', 'lcc_T2W10', 'lsc_T2W10', 'atd_T2W10', 'density_T2W10', 'diameter_T2W10', 'asp_T2W10']",0.28516536654106683,0.33526057829270905,99.0,0.31021297241688794,0.025047605875821135,0.1262342097006838,1.9842169515864174,1.2919254825101143,1.3229326785331545,99.0,1.3074290805216344,0.01550359801152009,0.07813459107445223,1.9842169515864174,completed,True,COMPLETE
32,1.0229115178461066,2026-06-09 19:09:09.922219,2026-06-09 19:09:11.922012,0 days 00:00:01.999793,,,,,,,,,,,,,,,SVR,,,,,,11,,,,,9.24853055812203,0.9639773730730715,LinearSVR,,,0.1791825530331055,,0.03568956584590886,auto,rbf,True,,,,,,,,,-0.003909028553883476,0.005056735248600492,99.0,0.0005738533473585083,0.004482881901241984,0.02259270034790217,1.9842169515864174,1.0119361798666826,1.0338868558255305,99.0,1.0229115178461066,0.01097533797942399,0.05531319531691839,1.9842169515864174,285330071882590.25,375688801424381.4,99.0,330509436653485.8,45179364770895.57,227693673994538.97,1.9842169515864174,3.159737434886425,3.2788099758805216,99.0,3.2192737053834732,0.059536270497048155,0.30004919799444224,1.9842169515864174,0.9209444543520013,0.9360485278402613,99.0,0.9284964910961313,0.00755203674412996,0.03806053938855814,1.9842169515864174,100.0,0.21,0.019378865957594592,0.03512872579817987,99.0,0.02725379587788723,0.007874929920292636,0.039687847208423895,1.9842169515864174,SVR,"{'mode': 'proxy', 'type': 'LinearSVR'}",11,"['nodes_T2W10', 'edges_T2W10', 're_T2W10', 'pe_T2W10', 'l1_T2W10', 'l2_T2W10', 'lcc_T2W10', 'atd_T2W10', 'density_T2W10', 'diameter_T2W10', 'asp_T2W10']",0.1966562777721736,0.24250142080992843,99.0,0.219578849291051,0.02292257151887743,0.11552452215747083,1.9842169515864174,1.312240282791914,1.3421691264354823,99.0,1.327204704613698,0.014964421821784193,0.07541726629147012,1.9842169515864174,completed,True,COMPLETE
33,1.0214579848130598,2026-06-09 19:09:11.934629,2026-06-09 19:09:13.822077,0 days 00:00:01.887448,,,,,,,,,,,,,,,SVR,,,,,,13,,,,,7.446110329270856,0.6743322903260862,LinearSVR,,,0.05295759229095629,,0.015259154020009665,auto,rbf,True,,,,,,,,,0.00048445804464531794,0.003456072856242204,99.0,0.001970265450443761,0.001485807405798443,0.007488129786465704,1.9842169515864174,1.0114848077853187,1.031431161840801,99.0,1.0214579848130598,0.009973177027741085,0.050262533135639983,1.9842169515864174,295297272597600.75,388652873727354.5,99.0,341975073162477.6,46677800564876.87,235245447971589.6,1.9842169515864174,3.028006330716881,3.0954611307055258,99.0,3.0617337307112034,0.03372739999432235,0.16997838853940184,1.9842169515864174,0.9668864829612597,0.9722277703885002,99.0,0.9695571266748799,0.0026706437136202695,0.013459434017459842,1.9842169515864174,100.0,0.07,0.015283841464412253,0.020105768310957072,99.0,0.017694804887684663,0.00241096342327241,0.01215070469660488,1.9842169515864174,SVR,"{'mode': 'proxy', 'type': 'LinearSVR'}",13,"['nodes_T2W10', 'edges_T2W10', 're_T2W10', 'pe_T2W10', 'l1_T2W10', 'l2_T2W10', 'l3_T2W10', 'lcc_T2W10', 'lsc_T2W10', 'atd_T2W10', 'density_T2W10', 'diameter_T2W10', 'asp_T2W10']",0.26555595213573896,0.3144007032321075,99.0,0.28997832768392323,0.02442237554818429,0.12308319172789123,1.9842169515864174,1.3196272790635541,1.3483986189526913,99.0,1.3340129490081227,0.014385669944568486,0.0725004890874805,1.9842169515864174,completed,True,COMPLETE
34,1.5173469387755099,2026-06-09 19:09:13.835018,2026-06-09 19:09:15.650443,0 days 00:00:01.815425,,,,,,,,,,,euclidean,1.0,uniform,,KNeighborsRegressor,,,,,,11,,,,,1.2359091748916942,0.287194512068423,LinearSVR,,,,,,,,True,,,,,,,,,-0.5168042006721664,-0.4528196838732662,99.0,-0.4848119422727163,0.031992258399450094,0.161233671418197,1.9842169515864174,1.4857520328534277,1.548941844697592,99.0,1.5173469387755099,0.03159490592208224,0.1592311057357994,1.9842169515864174,291241974758105.44,390731683100856.56,99.0,340986828929481.0,49744854171375.57,250702697261021.06,1.9842169515864174,4.58188863485248,4.798111365147521,99.0,4.69,0.10811136514752069,0.5448565745851718,1.9842169515864174,1.0329292592958192,1.147070740704181,99.0,1.09,0.0570707407041809,0.2876234912646614,1.9842169515864174,100.0,1.0,-1.2000177755653219,-1.0405880833941075,99.0,-1.1203029294797147,0.07971484608560726,0.4017446077248448,1.9842169515864174,KNeighborsRegressor,"{'mode': 'proxy', 'type': 'LinearSVR'}",11,"['nodes_T2W10', 'edges_T2W10', 'pe_T2W10', 'l1_T2W10', 'l2_T2W10', 'l3_T2W10', 'lcc_T2W10', 'lsc_T2W10', 'atd_T2W10', 'diameter_T2W10', 'asp_T2W10']",-0.01603021210298839,0.033017350919016676,99.0,0.008493569408014141,0.024523781511002533,0.12359425460706465,1.9842169515864174,1.9134068249532084,1.9808117133335903,99.0,1.9471092691433993,0.03370244419019092,0.1698526169895142,1.9842169515864174,completed,True,COMPLETE
35,1.0182468104509903,2026-06-09 19:09:15.662906,2026-06-09 19:09:18.012159,0 days 00:00:02.349253,,,,,,,,,,,,,,,SVR,,,,,,9,,,,,,,,,,2.778259187078061,,0.010766073948310577,scale,linear,True,,,,,,,,,-0.004249368453004608,0.013569918683031154,99.0,0.004660275115013273,0.008909643568017881,0.04490256753876868,1.9842169515864174,1.0062892259496363,1.0302043949523443,99.0,1.0182468104509903,0.01195758450135389,0.060263493323114606,1.9842169515864174,244712450882924.94,326151609319999.7,99.0,285432030101462.3,40719579218537.38,205217373967001.66,1.9842169515864174,3.0874089024708735,3.2412335029855543,99.0,3.164321202728214,0.07691230025734061,0.3876204171920204,1.9842169515864174,0.9654798705405854,0.9808268073137321,99.0,0.9731533389271587,0.007673468386573338,0.038672527116746284,1.9842169515864174,100.0,0.15,0.03272947314550194,0.06185403948987475,99.0,0.047291756317688345,0.014562283172186406,0.07339057939477635,1.9842169515864174,SVR,"{'mode': 'original', 'type': 'SVR'}",9,"['nodes_T2W10', 'edges_T2W10', 'pe_T2W10', 'l2_T2W10', 'lcc_T2W10', 'atd_T2W10', 'density_T2W10', 'diameter_T2W10', 'asp_T2W10']",0.199916582979155,0.24911361468654852,99.0,0.22451509883285176,0.024598515853696754,0.1239708986158484,1.9842169515864174,1.296730647424919,1.328123606707509,99.0,1.312427127066214,0.015696479641295114,0.07910667041094219,1.9842169515864174,completed,True,COMPLETE
36,1.0726397390652753,2026-06-09 19:09:18.024402,2026-06-09 19:09:19.986743,0 days 00:00:01.962341,,,,,,,,,,,,,,,SVR,,,,,,12,,,,,0.4626394797814746,0.04184617676722462,LinearSVR,,,0.031558653325728686,,0.363174961854139,auto,rbf,False,,,,,,,,,-0.05002263761108469,-0.04629495982455485,99.0,-0.04815879871781977,0.0018638388932649228,0.00939332209501965,1.9842169515864174,1.0626241405898402,1.0826553375407104,99.0,1.0726397390652753,0.010015598475435053,0.05047632753780982,1.9842169515864174,266880739137161.66,351189476669191.25,99.0,309035107903176.44,42154368766014.79,212448385406200.7,1.9842169515864174,3.261014862112116,3.353721589318564,99.0,3.30736822571534,0.04635336360322381,0.23361035982564032,1.9842169515864174,0.7181152304099329,0.7662407925986604,99.0,0.7421780115042966,0.024062781094363783,0.12127091785565662,1.9842169515864174,100.0,0.65,-0.014408472937720688,-0.005200729358314059,99.0,-0.009804601148017374,0.004603871789703315,0.02320246173697103,1.9842169515864174,SVR,"{'mode': 'proxy', 'type': 'LinearSVR'}",12,"['nodes_T2W10', 'edges_T2W10', 're_T2W10', 'pe_T2W10', 'l2_T2W10', 'l3_T2W10', 'lcc_T2W10', 'lsc_T2W10', 'atd_T2W10', 'density_T2W10', 'diameter_T2W10', 'asp_T2W10']",0.266676521386863,0.31989645912084724,99.0,0.2932864902538551,0.026609968866992153,0.13410816214283927,1.9842169515864174,1.3386867467308905,1.3655873795264184,99.0,1.3521370631286544,0.013450316397763841,0.06778652095986817,1.9842169515864174,completed,True,COMPLETE
37,1.0174051326019475,2026-06-09 19:09:19.999919,2026-06-09 19:09:22.397491,0 days 00:00:02.397572,,,,,,,,,,,,,,0.021367398440953745,QuantileRegressor,,,,,,9,,,,,,,,,,,,,,,True,,,,,,,,,0.0009020395872133581,0.01092276052723688,99.0,0.005912400057225119,0.005010360470011761,0.02525107179437151,1.9842169515864174,1.0064252207009226,1.0283850445029725,99.0,1.0174051326019475,0.010979911901024994,0.05533624683654857,1.9842169515864174,271245596602845.06,361581140484675.3,99.0,316413368543760.2,45167771940915.125,227635248780647.06,1.9842169515864174,3.058871313794224,3.176670066454809,99.0,3.1177706901245164,0.05889937633029262,0.2968393969379281,1.9842169515864174,0.9956055044729689,1.0001645532774142,99.0,0.9978850288751915,0.0022795244022225697,0.011488282067140131,1.9842169515864174,100.0,0.4,0.01158459902936187,0.02844787296196686,99.0,0.020016235995664364,0.008431636966302494,0.04249352350085129,1.9842169515864174,QuantileRegressor,"{'mode': 'original', 'type': 'QuantileRegressor'}",9,"['edges_T2W10', 'l2_T2W10', 'l3_T2W10', 'lcc_T2W10', 'lsc_T2W10', 'atd_T2W10', 'density_T2W10', 'diameter_T2W10', 'asp_T2W10']",0.21107092133477717,0.2633339838655697,78.0,0.23720245260017345,0.026131531265396274,0.11666497841425712,1.9908470688116906,1.3170163851453343,1.3470921022362423,99.0,1.3320542436907883,0.015037858545454056,0.07578737059690482,1.9842169515864174,completed,True,COMPLETE
