number,value,datetime_start,datetime_complete,duration,params_dt_max_depth,params_dt_min_samples_leaf,params_dt_min_samples_split,params_elastic_alpha,params_elastic_l1_ratio,params_et_max_depth,params_et_max_features,params_et_min_samples_leaf,params_et_min_samples_split,params_et_n_estimators,params_knn_metric,params_knn_n_neighbors,params_knn_weights,params_quantile_alpha,params_regressor,params_rf_max_depth,params_rf_max_features,params_rf_min_samples_leaf,params_rf_min_samples_split,params_rf_n_estimators,params_rfe_n_features,params_rfe_proxy_et_max_depth,params_rfe_proxy_et_min_samples_leaf,params_rfe_proxy_et_min_samples_split,params_rfe_proxy_et_n_estimators,params_rfe_proxy_lsvr_C,params_rfe_proxy_lsvr_epsilon,params_rfe_proxy_type,params_ridge_alpha,params_ridge_solver,params_svr_C,params_svr_degree,params_svr_epsilon,params_svr_gamma,params_svr_kernel,params_use_scaler,params_xgb_booster,params_xgb_colsample_bytree,params_xgb_learning_rate,params_xgb_max_depth,params_xgb_n_estimators,params_xgb_reg_alpha,params_xgb_reg_lambda,params_xgb_subsample,user_attrs_d2mae_ci_lower_val,user_attrs_d2mae_ci_upper_val,user_attrs_d2mae_df_val,user_attrs_d2mae_mean_val,user_attrs_d2mae_samperror_val,user_attrs_d2mae_std_val,user_attrs_d2mae_t_critical_val,user_attrs_mae_ci_lower_val,user_attrs_mae_ci_upper_val,user_attrs_mae_df_val,user_attrs_mae_mean_val,user_attrs_mae_samperror_val,user_attrs_mae_std_val,user_attrs_mae_t_critical_val,user_attrs_mape_ci_lower_val,user_attrs_mape_ci_upper_val,user_attrs_mape_df_val,user_attrs_mape_mean_val,user_attrs_mape_samperror_val,user_attrs_mape_std_val,user_attrs_mape_t_critical_val,user_attrs_max_error_ci_lower_val,user_attrs_max_error_ci_upper_val,user_attrs_max_error_df_val,user_attrs_max_error_mean_val,user_attrs_max_error_samperror_val,user_attrs_max_error_std_val,user_attrs_max_error_t_critical_val,user_attrs_median_ae_ci_lower_val,user_attrs_median_ae_ci_upper_val,user_attrs_median_ae_df_val,user_attrs_median_ae_mean_val,user_attrs_median_ae_samperror_val,user_attrs_median_ae_std_val,user_attrs_median_ae_t_critical_val,user_attrs_n_splits_val,user_attrs_r2_below_zero_val,user_attrs_r2_ci_lower_val,user_attrs_r2_ci_upper_val,user_attrs_r2_df_val,user_attrs_r2_mean_val,user_attrs_r2_samperror_val,user_attrs_r2_std_val,user_attrs_r2_t_critical_val,user_attrs_regressor_final,user_attrs_rfe_estimator,user_attrs_rfe_n_features,user_attrs_rfe_selected_features,user_attrs_rho_ci_lower_val,user_attrs_rho_ci_upper_val,user_attrs_rho_df_val,user_attrs_rho_mean_val,user_attrs_rho_samperror_val,user_attrs_rho_std_val,user_attrs_rho_t_critical_val,user_attrs_rmse_ci_lower_val,user_attrs_rmse_ci_upper_val,user_attrs_rmse_df_val,user_attrs_rmse_mean_val,user_attrs_rmse_samperror_val,user_attrs_rmse_std_val,user_attrs_rmse_t_critical_val,user_attrs_termination_reason,user_attrs_use_scaler_final,state
209,1.0004004920033625,2026-06-09 19:19:26.967345,2026-06-09 19:19:29.340796,0 days 00:00:02.373451,,,,,,,,,,,,,,0.001284754106427868,QuantileRegressor,,,,,,3,,,,,,,,,,,,,,,True,,,,,,,,,0.015845450874323423,0.028742439051579485,99.0,0.022293944962951454,0.00644849408862803,0.032498936587918685,1.9842169515864174,0.9896124974873572,1.0111884865193677,99.0,1.0004004920033625,0.01078799451600523,0.054369027073274595,1.9842169515864174,253706029285356.6,335904516424381.2,99.0,294805272854868.9,41099243569512.29,207130795534493.8,1.9842169515864174,3.093427667481418,3.2273476676706103,99.0,3.160387667576014,0.06696000009459624,0.33746309868515384,1.9842169515864174,0.9940164250525406,1.0001033380486006,99.0,0.9970598815505707,0.0030434564980300377,0.015338325255193184,1.9842169515864174,100.0,0.14,0.03971692190085488,0.05964316988825569,99.0,0.04968004589455528,0.009963123993700404,0.05021186814140816,1.9842169515864174,QuantileRegressor,"{'mode': 'original', 'type': 'QuantileRegressor'}",3,"['nodes_T2W10', 'edges_T2W10', 'lcc_T2W10']",0.21803979357011463,0.2656044124684101,99.0,0.24182210301926235,0.02378230944914773,0.11985740485753507,1.9842169515864174,1.29696153109827,1.3256471752307817,99.0,1.3113043531645259,0.014342822066255702,0.07228454557244034,1.9842169515864174,completed,True,COMPLETE
210,1.0344560169101138,2026-06-09 19:19:29.352987,2026-06-09 19:19:31.388745,0 days 00:00:02.035758,,,,,,,,,,,,,,,SVR,,,,,,3,,,,,,,,,,2.1323730463203883,,0.00231714540415654,scale,linear,True,,,,,,,,,-0.01630256213994069,-0.005667164637598545,99.0,-0.010984863388769618,0.005317698751171073,0.02679998649804638,1.9842169515864174,1.0240701594359718,1.0448418743842558,99.0,1.0344560169101138,0.010385857474141912,0.05234234827919512,1.9842169515864174,272860656852700.2,362983050569294.06,99.0,317921853710997.1,45061196858296.95,227098134718936.4,1.9842169515864174,3.062942467857082,3.1557867488301032,99.0,3.1093646083435926,0.04642214048651071,0.233956979600418,1.9842169515864174,0.9719716263274912,0.9850952220183976,99.0,0.9785334241729444,0.006561797845453182,0.033069961629986606,1.9842169515864174,100.0,0.4,0.0011375863227422196,0.01684919838285348,99.0,0.00899339235279785,0.00785580603005563,0.03959146717184717,1.9842169515864174,SVR,"{'mode': 'original', 'type': 'SVR'}",3,"['nodes_T2W10', 'atd_T2W10', 'asp_T2W10']",0.1175440093678448,0.1647336291367188,99.0,0.1411388192522818,0.023594809884437004,0.11891244989905224,1.9842169515864174,1.325357025097421,1.3531964835859989,99.0,1.33927675434171,0.013919729244288876,0.07015225443548298,1.9842169515864174,completed,True,COMPLETE
211,0.9990351523188472,2026-06-09 19:19:31.401452,2026-06-09 19:19:33.447649,0 days 00:00:02.046197,,,,,,,,,,,,,,,SVR,,,,,,3,,,,,,,,,,1.077056726005163,,0.003279067693370433,scale,linear,True,,,,,,,,,0.017287276981836512,0.03005846657486247,99.0,0.02367287177834949,0.0063855947965129785,0.032181938529491846,1.9842169515864174,0.988131017231685,1.0099392874060094,99.0,0.9990351523188472,0.010904135087162255,0.05495434901130243,1.9842169515864174,253315502487744.03,335464293392174.4,99.0,294389897939959.2,41074395452215.16,207005566701642.34,1.9842169515864174,3.0899982863316366,3.222977143959564,99.0,3.1564877151456003,0.06648942881396375,0.3350915269663644,1.9842169515864174,0.991467648952998,0.9976333985692273,99.0,0.9945505237611126,0.003082874808114604,0.01553698453009279,1.9842169515864174,100.0,0.12,0.04178765801023287,0.061469203797658335,99.0,0.0516284309039456,0.009840772893712732,0.04959524655731247,1.9842169515864174,SVR,"{'mode': 'original', 'type': 'SVR'}",3,"['nodes_T2W10', 'edges_T2W10', 'lcc_T2W10']",0.18228636967006823,0.22971501140079792,99.0,0.20600069053543307,0.02371432086536486,0.11951475793211438,1.9842169515864174,1.295613581432031,1.3243679633045662,99.0,1.3099907723682986,0.014377190936267515,0.07245775682327828,1.9842169515864174,completed,True,COMPLETE
212,0.9991493217187097,2026-06-09 19:19:33.461382,2026-06-09 19:19:35.293831,0 days 00:00:01.832449,,,,,,,,,,,,,,,SVR,,,,,,3,,,,,,,,,,1.0756581256818374,,0.003980933145517401,scale,linear,True,,,,,,,,,0.017172673304313255,0.029951844098584618,99.0,0.023562258701448936,0.006389585397135681,0.032202050244692706,1.9842169515864174,0.9882383381155505,1.0100603053218689,99.0,0.9991493217187097,0.010910983603159207,0.054988863966894744,1.9842169515864174,253346271842041.8,335511238780497.44,99.0,294428755311269.6,41082483469227.8,207046328459101.25,1.9842169515864174,3.0896052912766194,3.2226568416219132,99.0,3.1561310664492663,0.06652577517264692,0.3352747043082076,1.9842169515864174,0.9910230494954047,0.9971241594254965,99.0,0.9940736044604506,0.0030505549650458614,0.015374099906801457,1.9842169515864174,100.0,0.12,0.0417885430399626,0.06148159067450128,99.0,0.05163506685723194,0.009846523817269335,0.04962422989782877,1.9842169515864174,SVR,"{'mode': 'original', 'type': 'SVR'}",3,"['nodes_T2W10', 'edges_T2W10', 'lcc_T2W10']",0.17490178969728462,0.2211153345078675,99.0,0.19800856210257606,0.023106772405291447,0.11645285253115675,1.9842169515864174,1.2956025318135809,1.3243718007766678,99.0,1.3099871662951244,0.014384634481543496,0.07249527059045999,1.9842169515864174,completed,True,COMPLETE
213,0.999234853121103,2026-06-09 19:19:35.306926,2026-06-09 19:19:37.362175,0 days 00:00:02.055249,,,,,,,,,,,,,,,SVR,,,,,,3,,,,,,,,,,0.8326206181189254,,0.0026573066513789416,scale,linear,True,,,,,,,,,0.017169659006376386,0.02983276092675786,99.0,0.023501209966567124,0.006331550960190737,0.03190956994459979,1.9842169515864174,0.9882772565956583,1.0101924496465478,99.0,0.999234853121103,0.010957596525444695,0.05522378244316428,1.9842169515864174,253466714516478.62,336230746190233.75,99.0,294848730353356.2,41382015836877.555,208555903142506.1,1.9842169515864174,3.088718932885076,3.2200855719612775,99.0,3.1544022524231767,0.06568331953810086,0.33102892042921944,1.9842169515864174,0.9921231588275381,0.9980475339588193,99.0,0.9950853463931787,0.0029621875656406266,0.014928748407639114,1.9842169515864174,100.0,0.14,0.04119497642746216,0.06108309155021503,99.0,0.051139033988838595,0.00994405756137644,0.05011577767958279,1.9842169515864174,SVR,"{'mode': 'original', 'type': 'SVR'}",3,"['nodes_T2W10', 'edges_T2W10', 'lcc_T2W10']",0.17851181301494204,0.22820346320857246,99.0,0.20335763811175725,0.024845825096815204,0.12521728068571591,1.9842169515864174,1.295870309364762,1.3248081311790827,99.0,1.3103392202719224,0.014468910907160282,0.07292000451660352,1.9842169515864174,completed,True,COMPLETE
214,1.0107253595479013,2026-06-09 19:19:37.402313,2026-06-09 19:19:39.503786,0 days 00:00:02.101473,,,,,,,,,,,,,,,SVR,,,,,,3,,,,,,,,,,1.3515363955936615,,0.0020881955288611165,scale,linear,True,,,,,,,,,0.005816183150562306,0.018574931457263997,99.0,0.01219555730391315,0.006379374153350845,0.03215058790950465,1.9842169515864174,0.9999241304994759,1.0215265885963267,99.0,1.0107253595479013,0.010801229048425438,0.054435726092298825,1.9842169515864174,249324428717285.97,333245345439822.0,99.0,291284887078554.0,41960458361268.03,211471121278950.28,1.9842169515864174,3.1019972183220723,3.234356204076062,99.0,3.168176711199067,0.06617949287699462,0.33352952067102803,1.9842169515864174,0.9850194748334233,0.9928538916241498,99.0,0.9889366832287866,0.003917208395363263,0.019741835146763486,1.9842169515864174,100.0,0.27,0.02176003597428714,0.04298824945195947,99.0,0.032374142713123305,0.010614106738836164,0.05349267241341726,1.9842169515864174,SVR,"{'mode': 'original', 'type': 'SVR'}",3,"['nodes_T2W10', 'edges_T2W10', 'atd_T2W10']",0.15775743311084964,0.20949810060735033,99.0,0.18362776685909998,0.025870333748250336,0.13038057016681837,1.9842169515864174,1.308678527738494,1.3374965796182463,99.0,1.3230875536783702,0.014409025939876134,0.07261819796648676,1.9842169515864174,completed,True,COMPLETE
215,1.190548696323317,2026-06-09 19:19:39.517619,2026-06-09 19:19:47.541480,0 days 00:00:08.023861,,,,,,,,,,,,,,,XGBRegressor,,,,,,3,,,,,,,,,,,,,,,True,dart,0.9650134934746746,0.04802314576516613,4.0,207.0,0.023531306132276764,0.00546836798595633,0.8549369659479404,,,,,,,,,,,,,,,,,,,,,,,,,,,,,,,,,,,,,,,,,,,,,XGBRegressor,"{'mode': 'original', 'type': 'XGBRegressor'}",3,"['edges_T2W10', 'density_T2W10', 'diameter_T2W10']",,,,,,,,,,,,,,,pruned,True,PRUNED
216,0.9997970906700647,2026-06-09 19:19:47.551936,2026-06-09 19:19:49.599138,0 days 00:00:02.047202,,,,,,,,,,,,,,,SVR,,,,,,4,,,,,,,,,,1.0679788836377981,,0.003115986096775102,scale,linear,True,,,,,,,,,0.016521323859041658,0.029361431530551863,99.0,0.02294137769479676,0.006420053835755103,0.03235560421264496,1.9842169515864174,0.9888169108083725,1.010777270531757,99.0,0.9997970906700647,0.010980179861692231,0.055337597297076706,1.9842169515864174,253476293828779.28,335688485810288.7,99.0,294582389819534.0,41106095990754.71,207165330171630.9,1.9842169515864174,3.092284561029173,3.2262972546011013,99.0,3.159290907815137,0.06700634678596386,0.33769667541843684,1.9842169515864174,0.9899064549722244,0.996659666212021,99.0,0.9932830605921227,0.0033766056198983197,0.017017320697712324,1.9842169515864174,100.0,0.12,0.04080002564819766,0.06060239314800534,99.0,0.0507012093981015,0.009901183749903841,0.04989970346734345,1.9842169515864174,SVR,"{'mode': 'original', 'type': 'SVR'}",4,"['nodes_T2W10', 'edges_T2W10', 'lcc_T2W10', 'asp_T2W10']",0.18590055816684486,0.23264300847953695,99.0,0.2092717833231909,0.023371225156346053,0.11778563396336442,1.9842169515864174,1.296189118357746,1.3250896468390254,99.0,1.3106393825983857,0.014450264240639762,0.07282602957850207,1.9842169515864174,completed,True,COMPLETE
217,1.0000431975765889,2026-06-09 19:19:49.612438,2026-06-09 19:19:51.686156,0 days 00:00:02.073718,,,,,,,,,,,,,,,SVR,,,,,,3,,,,,,,,,,0.5800621757091209,,0.0014893346516093365,scale,linear,True,,,,,,,,,0.016672231043554284,0.028784108191558567,99.0,0.022728169617556426,0.006055938574002142,0.030520546501532048,1.9842169515864174,0.9891815216648733,1.0109048734883046,99.0,1.0000431975765889,0.010861675911715624,0.054740364469880766,1.9842169515864174,254265120592515.22,337670228776866.25,99.0,295967674684690.75,41702554092175.53,210171342699363.53,1.9842169515864174,3.090237953886889,3.220378181496922,99.0,3.1553080676919056,0.06507011380501657,0.3279385036650948,1.9842169515864174,0.9941190005876354,0.9985988218576894,99.0,0.9963589112226624,0.002239910635027001,0.011288637733067201,1.9842169515864174,100.0,0.14,0.040255834606993744,0.05932922729217049,99.0,0.049792530949582116,0.00953669634258837,0.04806277022763871,1.9842169515864174,SVR,"{'mode': 'original', 'type': 'SVR'}",3,"['nodes_T2W10', 'edges_T2W10', 'lcc_T2W10']",0.18141295996540877,0.23236048075405216,99.0,0.20688672035973046,0.025473760394321705,0.1283819310885081,1.9842169515864174,1.2969176010792283,1.32573747289341,99.0,1.311327536986319,0.014409935907090861,0.07262278399330202,1.9842169515864174,completed,True,COMPLETE
218,0.9991688122027906,2026-06-09 19:19:51.699576,2026-06-09 19:19:53.630994,0 days 00:00:01.931418,,,,,,,,,,,,,,,SVR,,,,,,3,,,,,,,,,,0.7990434818401757,,0.001785513168808355,scale,linear,True,,,,,,,,,0.0172585751091244,0.02988037286852668,99.0,0.02356947398882554,0.00631089887970114,0.031805488178374156,1.9842169515864174,0.9882110288795241,1.0101265955260572,99.0,0.9991688122027906,0.010957783323266558,0.055224723861499174,1.9842169515864174,253506231031252.8,336353764708229.56,99.0,294929997869741.2,41423766838488.37,208766318649628.1,1.9842169515864174,3.0890684243711988,3.2202164524818295,99.0,3.154642438426514,0.0655740140553155,0.330478045774621,1.9842169515864174,0.9927016892445034,0.9987240480464165,99.0,0.9957128686454599,0.0030111794009564955,0.015175656061949289,1.9842169515864174,100.0,0.14,0.04113119635874343,0.060963007121161955,99.0,0.051047101739952694,0.009915905381209261,0.04997389712491527,1.9842169515864174,SVR,"{'mode': 'original', 'type': 'SVR'}",3,"['nodes_T2W10', 'edges_T2W10', 'lcc_T2W10']",0.17988683658954482,0.22774167158453232,99.0,0.20381425408703857,0.02392741749749374,0.12058871626090754,1.9842169515864174,1.2959371162370223,1.3248805468030282,99.0,1.3104088315200253,0.014471715283002918,0.07293413792999057,1.9842169515864174,completed,True,COMPLETE
219,1.1353741496598642,2026-06-09 19:19:53.644240,2026-06-09 19:19:54.391326,0 days 00:00:00.747086,,,,,,,,,,,euclidean,6.0,uniform,,KNeighborsRegressor,,,,,,3,10.0,1.0,3.0,130.0,,,ExtraTrees,,,,,,,,True,,,,,,,,,,,,,,,,,,,,,,,,,,,,,,,,,,,,,,,,,,,,,,,,,,,,,KNeighborsRegressor,"{'mode': 'proxy', 'type': 'ExtraTrees'}",3,"['edges_T2W10', 'lcc_T2W10', 'density_T2W10']",,,,,,,,,,,,,,,pruned,True,PRUNED
220,1.0268224207947019,2026-06-09 19:19:54.401800,2026-06-09 19:19:56.853364,0 days 00:00:02.451564,,,,,,,,,,,,,,,SVR,,,,,,2,2.0,2.0,10.0,100.0,,,ExtraTrees,,,1.51791898777085,,0.0035629078133395855,scale,rbf,True,,,,,,,,,-0.011124620256919368,0.004943295885767656,99.0,-0.0030906621855758564,0.008033958071343512,0.0404893127483878,1.9842169515864174,1.0133783917675019,1.0402664498219019,99.0,1.0268224207947019,0.013444029027199966,0.06775483404902484,1.9842169515864174,269944188339271.5,355759887929734.5,99.0,312852038134503.0,42907849795231.516,216245757606928.6,1.9842169515864174,3.0832185770637244,3.189835975264711,99.0,3.136527276164218,0.05330869910049355,0.2686636612890152,1.9842169515864174,0.9532690211362181,0.9713105004810351,99.0,0.9622897608086266,0.009020739672408408,0.04546246651706187,1.9842169515864174,100.0,0.4,0.0018211425511474293,0.024905977563205048,99.0,0.013363560057176238,0.011542417506028808,0.05817114654121081,1.9842169515864174,SVR,"{'mode': 'proxy', 'type': 'ExtraTrees'}",2,"['lcc_T2W10', 'asp_T2W10']",0.14463552002107052,0.1925553542572281,99.0,0.16859543713914932,0.023959917118078804,0.12075250692179812,1.9842169515864174,1.3207005197444142,1.3516603538908396,99.0,1.3361804368176269,0.015479917073212772,0.07801524455698404,1.9842169515864174,completed,True,COMPLETE
221,0.999008249857458,2026-06-09 19:19:56.866839,2026-06-09 19:19:58.921480,0 days 00:00:02.054641,,,,,,,,,,,,,,,SVR,,,,,,3,,,,,,,,,,1.0940577622684882,,0.0032364100399332792,scale,linear,True,,,,,,,,,0.01731555135439047,0.030081706736717135,99.0,0.023698629045553803,0.0063830776911633315,0.03216925289374201,1.9842169515864174,0.9881080133903488,1.009908486324567,99.0,0.999008249857458,0.010900236467109114,0.05493470085715264,1.9842169515864174,253314413824342.4,335440634465287.3,99.0,294377524144814.9,41063110320472.46,206948692216553.03,1.9842169515864174,3.0899720388553864,3.2229202842494122,99.0,3.1564461615523993,0.06647412269701312,0.3350143876347083,1.9842169515864174,0.991497680461485,0.9976772865621153,99.0,0.9945874835118002,0.003089803050315105,0.015571901287531846,1.9842169515864174,100.0,0.12,0.04185766519893079,0.06151549591345626,99.0,0.051686580556193525,0.009828915357262732,0.04953548728330506,1.9842169515864174,SVR,"{'mode': 'original', 'type': 'SVR'}",3,"['nodes_T2W10', 'edges_T2W10', 'lcc_T2W10']",0.1792508996658061,0.22783469053267996,99.0,0.20354279509924303,0.024291895433436923,0.12242560176706037,1.9842169515864174,1.295579920766483,1.324321608915625,99.0,1.309950764841054,0.014370844074570885,0.07242577009072085,1.9842169515864174,completed,True,COMPLETE
222,0.9988750122018236,2026-06-09 19:19:58.934644,2026-06-09 19:20:00.982680,0 days 00:00:02.048036,,,,,,,,,,,,,,,SVR,,,,,,3,,,,,,,,,,1.0975177797376143,,0.0024398690010789953,scale,linear,True,,,,,,,,,0.017449158023578402,0.030206584232721864,99.0,0.023827871128150133,0.006378713104571733,0.032147256374721704,1.9842169515864174,0.9879822105276403,1.009767813876007,99.0,0.9988750122018236,0.01089280167418332,0.05489723119981577,1.9842169515864174,253302057884492.75,335407369430272.25,99.0,294354713657382.5,41052655772889.76,206896003685823.88,1.9842169515864174,3.0903832965347604,3.2232366234140626,99.0,3.1568099599744115,0.06642666343965124,0.3347752038230594,1.9842169515864174,0.9920275511490527,0.9982760637219709,99.0,0.9951518074355118,0.0031242562864590736,0.015745537724396387,1.9842169515864174,100.0,0.12,0.04186663268382155,0.06150173023422758,99.0,0.051684181459024564,0.009817548775203017,0.04947820230723112,1.9842169515864174,SVR,"{'mode': 'original', 'type': 'SVR'}",3,"['nodes_T2W10', 'edges_T2W10', 'lcc_T2W10']",0.17989176009839739,0.2287859184737905,99.0,0.20433883928609395,0.02444707918769657,0.12320769242572334,1.9842169515864174,1.2955898032809883,1.3243144944106577,99.0,1.309952148845823,0.014362345564834837,0.07238293954374234,1.9842169515864174,completed,True,COMPLETE
223,1.010743198805111,2026-06-09 19:20:00.995665,2026-06-09 19:20:03.171964,0 days 00:00:02.176299,,,,,,,,,,,,,,,SVR,,,,,,3,,,,,,,,,,1.1433414589359265,,0.0023771235330854196,scale,linear,True,,,,,,,,,0.005833444912279782,0.018530690670626727,99.0,0.012182067791453255,0.006348622879173473,0.0319956085149743,1.9842169515864174,0.9999468851128895,1.0215395124973323,99.0,1.010743198805111,0.010796313692221424,0.05441095382029459,1.9842169515864174,249482191223680.72,333404617817662.9,99.0,291443404520671.8,41961213296991.09,211474925982475.6,1.9842169515864174,3.1019252401736974,3.2342764096414562,99.0,3.168100824907577,0.06617558473387948,0.333509824522822,1.9842169515864174,0.985129068158324,0.9929118069940104,99.0,0.9890204375761672,0.0038913694178431715,0.019611612604821017,1.9842169515864174,100.0,0.27,0.02187729621208727,0.04300250808190491,99.0,0.03243990214699609,0.010562605934908818,0.053233120130658215,1.9842169515864174,SVR,"{'mode': 'original', 'type': 'SVR'}",3,"['nodes_T2W10', 'edges_T2W10', 'atd_T2W10']",0.15759198412660408,0.2094979942261153,99.0,0.1835449891763597,0.02595300504975562,0.13079721463424512,1.9842169515864174,1.3086507243755567,1.33745024618945,99.0,1.3230504852825034,0.014399760906946606,0.07257150431778005,1.9842169515864174,completed,True,COMPLETE
