number,value,datetime_start,datetime_complete,duration,params_dt_max_depth,params_dt_min_samples_leaf,params_dt_min_samples_split,params_elastic_alpha,params_elastic_l1_ratio,params_et_max_depth,params_et_max_features,params_et_min_samples_leaf,params_et_min_samples_split,params_et_n_estimators,params_knn_metric,params_knn_n_neighbors,params_knn_weights,params_quantile_alpha,params_regressor,params_rf_max_depth,params_rf_max_features,params_rf_min_samples_leaf,params_rf_min_samples_split,params_rf_n_estimators,params_rfe_n_features,params_rfe_proxy_et_max_depth,params_rfe_proxy_et_min_samples_leaf,params_rfe_proxy_et_min_samples_split,params_rfe_proxy_et_n_estimators,params_rfe_proxy_lsvr_C,params_rfe_proxy_lsvr_epsilon,params_rfe_proxy_type,params_ridge_alpha,params_ridge_solver,params_svr_C,params_svr_degree,params_svr_epsilon,params_svr_gamma,params_svr_kernel,params_use_scaler,params_xgb_booster,params_xgb_colsample_bytree,params_xgb_learning_rate,params_xgb_max_depth,params_xgb_n_estimators,params_xgb_reg_alpha,params_xgb_reg_lambda,params_xgb_subsample,user_attrs_d2mae_ci_lower_val,user_attrs_d2mae_ci_upper_val,user_attrs_d2mae_df_val,user_attrs_d2mae_mean_val,user_attrs_d2mae_samperror_val,user_attrs_d2mae_std_val,user_attrs_d2mae_t_critical_val,user_attrs_mae_ci_lower_val,user_attrs_mae_ci_upper_val,user_attrs_mae_df_val,user_attrs_mae_mean_val,user_attrs_mae_samperror_val,user_attrs_mae_std_val,user_attrs_mae_t_critical_val,user_attrs_mape_ci_lower_val,user_attrs_mape_ci_upper_val,user_attrs_mape_df_val,user_attrs_mape_mean_val,user_attrs_mape_samperror_val,user_attrs_mape_std_val,user_attrs_mape_t_critical_val,user_attrs_max_error_ci_lower_val,user_attrs_max_error_ci_upper_val,user_attrs_max_error_df_val,user_attrs_max_error_mean_val,user_attrs_max_error_samperror_val,user_attrs_max_error_std_val,user_attrs_max_error_t_critical_val,user_attrs_median_ae_ci_lower_val,user_attrs_median_ae_ci_upper_val,user_attrs_median_ae_df_val,user_attrs_median_ae_mean_val,user_attrs_median_ae_samperror_val,user_attrs_median_ae_std_val,user_attrs_median_ae_t_critical_val,user_attrs_n_splits_val,user_attrs_r2_below_zero_val,user_attrs_r2_ci_lower_val,user_attrs_r2_ci_upper_val,user_attrs_r2_df_val,user_attrs_r2_mean_val,user_attrs_r2_samperror_val,user_attrs_r2_std_val,user_attrs_r2_t_critical_val,user_attrs_regressor_final,user_attrs_rfe_estimator,user_attrs_rfe_n_features,user_attrs_rfe_selected_features,user_attrs_rho_ci_lower_val,user_attrs_rho_ci_upper_val,user_attrs_rho_df_val,user_attrs_rho_mean_val,user_attrs_rho_samperror_val,user_attrs_rho_std_val,user_attrs_rho_t_critical_val,user_attrs_rmse_ci_lower_val,user_attrs_rmse_ci_upper_val,user_attrs_rmse_df_val,user_attrs_rmse_mean_val,user_attrs_rmse_samperror_val,user_attrs_rmse_std_val,user_attrs_rmse_t_critical_val,user_attrs_termination_reason,user_attrs_use_scaler_final,state
177,0.9988417569986359,2026-06-09 19:18:23.757495,2026-06-09 19:18:25.963966,0 days 00:00:02.206471,,,,,,,,,,,,,,,SVR,,,,,,3,,,,,,,,,,0.9651754269511023,,0.0014849507592267588,scale,linear,True,,,,,,,,,0.017489047210388974,0.03024104120053719,99.0,0.023865044205463082,0.006375996995074109,0.032133567803542776,1.9842169515864174,0.9879332999256631,1.0097502140716086,99.0,0.9988417569986359,0.010908457072972774,0.05497613083212127,1.9842169515864174,253369381843735.9,335755434550277.75,99.0,294562408197006.8,41193026353270.914,207603439333266.2,1.9842169515864174,3.090200920384093,3.222316583963654,99.0,3.1562587521738736,0.06605783178978059,0.3329163765936288,1.9842169515864174,0.9928280724894679,0.9990298338350626,99.0,0.9959289531622653,0.003100880672797369,0.015627729973368882,1.9842169515864174,100.0,0.14,0.04148103337705457,0.06125416717466119,99.0,0.05136760027585788,0.009886566898803312,0.049826037878059774,1.9842169515864174,SVR,"{'mode': 'original', 'type': 'SVR'}",3,"['nodes_T2W10', 'edges_T2W10', 'lcc_T2W10']",0.17897113980304993,0.22808642558352368,99.0,0.2035287826932868,0.024557642890236875,0.12376490822035661,1.9842169515864174,1.2957707812112538,1.3245713856275965,99.0,1.3101710834194251,0.01440030220817136,0.07257423235225391,1.9842169515864174,completed,True,COMPLETE
178,0.9993689410733759,2026-06-09 19:18:25.977614,2026-06-09 19:18:28.195514,0 days 00:00:02.217900,,,,,,,,,,,,,,,SVR,,,,,,4,,,,,,,,,,1.0412503601105798,,0.00127106274351554,scale,linear,True,,,,,,,,,0.016938487516123698,0.029777310952380304,99.0,0.023357899234252,0.006419411718128304,0.0323523680865435,1.9842169515864174,0.988398369806723,1.0103395123400287,99.0,0.9993689410733759,0.010970571266652858,0.05528917217384766,1.9842169515864174,253287422270015.8,335498288057402.7,99.0,294392855163709.25,41105432893693.42,207161988313973.88,1.9842169515864174,3.093067023630235,3.2268438614950146,99.0,3.159955442562625,0.0668884189323896,0.33710234598545835,1.9842169515864174,0.9911835548607725,0.9981111159946939,99.0,0.9946473354277332,0.0034637805669607623,0.01745666250956785,1.9842169515864174,100.0,0.13,0.040894359940976815,0.06072551493439607,99.0,0.05080993743768644,0.00991557749670963,0.04997224466196575,1.9842169515864174,SVR,"{'mode': 'original', 'type': 'SVR'}",4,"['nodes_T2W10', 'edges_T2W10', 'lcc_T2W10', 'asp_T2W10']",0.18709532883519847,0.23611616305658145,99.0,0.21160574594588996,0.02451041711069149,0.12352690108354818,1.9842169515864174,1.2961127813255608,1.325010716177233,99.0,1.310561748751397,0.014448967425836056,0.07281949392824129,1.9842169515864174,completed,True,COMPLETE
179,1.052220659469213,2026-06-09 19:18:28.209047,2026-06-09 19:18:30.116890,0 days 00:00:01.907843,,,,0.00012913071779091883,0.5810317321364965,,,,,,,,,,ElasticNet,,,,,,2,,,,,,,,,,,,,,,True,,,,,,,,,-0.03431705441565025,-0.022517633524573567,99.0,-0.02841734397011191,0.005899710445538341,0.029733192435541973,1.9842169515864174,1.0416451649151508,1.062796154023275,99.0,1.052220659469213,0.010575494554062256,0.05329807582586651,1.9842169515864174,282272478748969.0,372810423526004.1,99.0,327541451137486.56,45268972388517.54,228145275910097.3,1.9842169515864174,3.0556413163612075,3.1239665156473264,99.0,3.089803916004267,0.03416259964305952,0.17217169531661292,1.9842169515864174,0.9976951071366806,1.0138938535825388,99.0,1.0057944803596097,0.008099373222929066,0.040818990163618306,1.9842169515864174,100.0,0.42,-0.006091361178094381,0.010739881573003951,99.0,0.002324260197454785,0.008415621375549166,0.04241280858335941,1.9842169515864174,ElasticNet,"{'mode': 'original', 'type': 'ElasticNet'}",2,"['atd_T2W10', 'density_T2W10']",0.0012431807781973538,0.05652624537419053,99.0,0.028884713076193943,0.02764153229799659,0.13930700610080304,1.9842169515864174,1.3295685922988563,1.3579944271001065,99.0,1.3437815096994814,0.014212917400625072,0.07162985574365538,1.9842169515864174,completed,True,COMPLETE
180,1.0407637009545245,2026-06-09 19:18:30.130074,2026-06-09 19:18:32.390939,0 days 00:00:02.260865,,,,,,,,,,,,,,,SVR,,,,,,3,4.0,2.0,10.0,50.0,,,ExtraTrees,,,1.770612692162961,,0.00151087921126619,scale,rbf,True,,,,,,,,,-0.026612542250147843,-0.007097375899610016,99.0,-0.01685495907487893,0.009757583175268912,0.049175989386984864,1.9842169515864174,1.0264681489239202,1.0550592529851288,99.0,1.0407637009545245,0.014295552030604198,0.07204631539497051,1.9842169515864174,272180315369671.06,357856949295951.3,99.0,315018632332811.2,42838316963140.125,215895328022926.7,1.9842169515864174,3.294245140248546,3.5079135650375406,99.0,3.4010793526430434,0.10683421239449714,0.5384200165666423,1.9842169515864174,0.9045195526666548,0.9358377783645538,99.0,0.9201786655156043,0.0156591128489495,0.07891835031663123,1.9842169515864174,100.0,0.42,-0.021365458824935856,0.010226031462443452,99.0,-0.005569713681246203,0.015795745143689654,0.07960694585872109,1.9842169515864174,SVR,"{'mode': 'proxy', 'type': 'ExtraTrees'}",3,"['edges_T2W10', 'lcc_T2W10', 'asp_T2W10']",0.1921281729064417,0.2371886950783698,99.0,0.21465843399240575,0.022530261085964034,0.11354736722690874,1.9842169515864174,1.3311466891969355,1.3659885481311584,99.0,1.348567618664047,0.01742092946711147,0.08779750345940307,1.9842169515864174,completed,True,COMPLETE
181,0.9991307820241526,2026-06-09 19:18:32.403955,2026-06-09 19:18:34.481127,0 days 00:00:02.077172,,,,,,,,,,,,,,,SVR,,,,,,3,,,,,,,,,,0.7294986051811768,,0.0010117043023513842,scale,linear,True,,,,,,,,,0.017355276792444814,0.029869468936068636,99.0,0.023612372864256725,0.00625709607181191,0.03153433432170433,1.9842169515864174,0.9881856084676895,1.0100759555806158,99.0,0.9991307820241526,0.010945173556463099,0.05516117351841105,1.9842169515864174,253635468243144.06,336703329715081.2,99.0,295169398979112.6,41533930735968.55,209321519518122.34,1.9842169515864174,3.0897810582550957,3.2204733942215102,99.0,3.155127226238303,0.06534616798320741,0.32932975363889505,1.9842169515864174,0.9932654770337799,0.9992644091422753,99.0,0.9962649430880276,0.0029994660542477093,0.01511662347128716,1.9842169515864174,100.0,0.14,0.04099714340071326,0.06065914935471322,99.0,0.05082814637771324,0.009831002976999981,0.049546008409715056,1.9842169515864174,SVR,"{'mode': 'original', 'type': 'SVR'}",3,"['nodes_T2W10', 'edges_T2W10', 'lcc_T2W10']",0.18309895371514684,0.2329962538718201,99.0,0.20804760379348347,0.024948650078336625,0.12573549509487722,1.9842169515864174,1.296107691513181,1.3250418661826937,99.0,1.3105747788479374,0.014467087334756282,0.07291081412841263,1.9842169515864174,completed,True,COMPLETE
182,1.010828976305548,2026-06-09 19:18:34.494438,2026-06-09 19:18:36.519320,0 days 00:00:02.024882,,,,,,,,,,,,,,,SVR,,,,,,3,,,,,,,,,,1.3086072183584465,,0.001118264644012841,scale,linear,True,,,,,,,,,0.005751037249828414,0.01844451285379014,99.0,0.012097775051809277,0.0063467378019808635,0.03198610815670399,1.9842169515864174,1.0000358016120483,1.0216221509990477,99.0,1.010828976305548,0.010793174693499613,0.05439513398406497,1.9842169515864174,249756721986981.3,333747997920109.56,99.0,291752359953545.44,41995637966564.13,211648418450350.7,1.9842169515864174,3.102367813832794,3.2348127957782093,99.0,3.1685903048055017,0.06622249097270745,0.3337462212474365,1.9842169515864174,0.9853901524488782,0.993305006095256,99.0,0.9893475792720671,0.003957426823188916,0.019944526832234157,1.9842169515864174,100.0,0.27,0.021421830419956614,0.04257412188350522,99.0,0.03199797615173092,0.010576145731774305,0.0533013576127272,1.9842169515864174,SVR,"{'mode': 'original', 'type': 'SVR'}",3,"['nodes_T2W10', 'edges_T2W10', 'atd_T2W10']",0.15741068782744524,0.20896313241347678,99.0,0.183186910120461,0.025776222293015776,0.1299062699389158,1.9842169515864174,1.3089546216587893,1.337743084698416,99.0,1.3233488531786026,0.014394231519813297,0.07254363747021135,1.9842169515864174,completed,True,COMPLETE
183,0.9989829714163941,2026-06-09 19:18:36.532382,2026-06-09 19:18:38.389753,0 days 00:00:01.857371,,,,,,,,,,,,,,,SVR,,,,,,3,,,,,,,,,,1.0637147190652207,,0.0029362997257284997,scale,linear,True,,,,,,,,,0.01733658000372728,0.030108941581655203,99.0,0.02372276079269124,0.00638618078896396,0.03218489179753299,1.9842169515864174,0.9880831308107744,1.009882812022014,99.0,0.9989829714163941,0.010899840605619817,0.05493270580570938,1.9842169515864174,253297982843071.75,335467449251887.0,99.0,294382716047479.4,41084733204407.625,207057666610295.0,1.9842169515864174,3.090200599144547,3.223139507392107,99.0,3.156670053268327,0.06646945412378,0.3349908590924821,1.9842169515864174,0.9917144847765736,0.9979060897770072,99.0,0.9948102872767904,0.003095802500216822,0.015602137144033931,1.9842169515864174,100.0,0.12,0.04175522767255453,0.061445196980215375,99.0,0.05160021232638495,0.00984498465383042,0.04961647286582839,1.9842169515864174,SVR,"{'mode': 'original', 'type': 'SVR'}",3,"['nodes_T2W10', 'edges_T2W10', 'lcc_T2W10']",0.18213176897105343,0.23166148720922963,99.0,0.20689662809014153,0.024764859119088097,0.12480923066042825,1.9842169515864174,1.29563255575751,1.324387028690505,99.0,1.3100097922240075,0.014377236466497672,0.07245798628523363,1.9842169515864174,completed,True,COMPLETE
184,0.9994293794420449,2026-06-09 19:18:38.409861,2026-06-09 19:18:40.511193,0 days 00:00:02.101332,,,,,,,,,,,,,,,SVR,,,,,,3,,,,,,,,,,0.6583551401084016,,0.001042561557162709,scale,linear,True,,,,,,,,,0.017169361431024065,0.029483527436958493,99.0,0.02332644443399128,0.006157083002967214,0.03103029130985155,1.9842169515864174,0.9885190628176678,1.0103396960664222,99.0,0.9994293794420449,0.010910316624377173,0.0549855025462522,1.9842169515864174,253928124934933.12,337202738771322.4,99.0,295565431853127.75,41637306918194.625,209842511852873.97,1.9842169515864174,3.09012522824855,3.220584721601749,99.0,3.1553549749251495,0.0652297466765996,0.3287430168583493,1.9842169515864174,0.9941218935804405,0.9989414233093518,99.0,0.9965316584448961,0.0024097648644556763,0.012144664234064855,1.9842169515864174,100.0,0.14,0.040700784002051446,0.06007914358045166,99.0,0.05038996379125155,0.009689179789200104,0.048831251952834234,1.9842169515864174,SVR,"{'mode': 'original', 'type': 'SVR'}",3,"['nodes_T2W10', 'edges_T2W10', 'lcc_T2W10']",0.18133988557668734,0.23177772809615393,99.0,0.20655880683642064,0.0252189212597333,0.1270976000863732,1.9842169515864174,1.2964539418751042,1.3253398847415219,99.0,1.310896913308313,0.014442971433208779,0.07278927549561232,1.9842169515864174,completed,True,COMPLETE
185,0.9988852682407198,2026-06-09 19:18:40.524202,2026-06-09 19:18:42.538103,0 days 00:00:02.013901,,,,,,,,,,,,,,,SVR,,,,,,3,,,,,,,,,,1.003383841361567,,0.002179332166829132,scale,linear,True,,,,,,,,,0.017432466090230414,0.030208016517406365,99.0,0.02382024130381839,0.006387775213587975,0.03219292733327791,1.9842169515864174,0.9879771937792855,1.009793342702154,99.0,0.9988852682407198,0.010908074461434254,0.054974202557402055,1.9842169515864174,253254326445778.3,335516218402998.7,99.0,294385272424388.5,41130945978610.195,207290568431669.03,1.9842169515864174,3.0905777189322956,3.2231899050866692,99.0,3.1568838120094824,0.06630609307718673,0.33416755674914383,1.9842169515864174,0.9922830774293042,0.9984703530229989,99.0,0.9953767152261516,0.003093637796847338,0.015591227533732733,1.9842169515864174,100.0,0.13,0.041621018660585846,0.06137035581607034,99.0,0.05149568723832809,0.00987466857774225,0.04976607305893276,1.9842169515864174,SVR,"{'mode': 'original', 'type': 'SVR'}",3,"['nodes_T2W10', 'edges_T2W10', 'lcc_T2W10']",0.1789329996218103,0.22639043755215704,99.0,0.20266171858698367,0.02372871896517337,0.11958732106487566,1.9842169515864174,1.2956893875579156,1.324474244325813,99.0,1.3100818159418643,0.014392428383948672,0.07253455007750874,1.9842169515864174,completed,True,COMPLETE
186,1.0573283397207016,2026-06-09 19:18:42.551040,2026-06-09 19:18:47.601637,0 days 00:00:05.050597,,,,,,,,,,,,,,,RandomForestRegressor,13.0,log2,3.0,8.0,470.0,3,,,,,,,,,,,,,,,True,,,,,,,,,,,,,,,,,,,,,,,,,,,,,,,,,,,,,,,,,,,,,,,,,,,,,RandomForestRegressor,"{'mode': 'original', 'type': 'RandomForestRegressor'}",3,"['lcc_T2W10', 'density_T2W10', 'asp_T2W10']",,,,,,,,,,,,,,,pruned,True,PRUNED
187,1.0140491370171656,2026-06-09 19:18:47.612372,2026-06-09 19:18:49.513776,0 days 00:00:01.901404,,,,,,,,,,,,,,,SVR,,,,,,4,,,,,,,,,,1.4513994030127118,,0.0016014658409158398,scale,linear,True,,,,,,,,,0.002589319194679995,0.015328646507539047,99.0,0.00895898285110952,0.0063696636564295256,0.03210164922407736,1.9842169515864174,1.0032049960289837,1.0248932780053475,99.0,1.0140491370171656,0.010844140988181946,0.05465199246237595,1.9842169515864174,250490565698443.4,333821726607619.1,99.0,292156146153031.25,41665580454587.85,209985004015188.28,1.9842169515864174,3.110815195181164,3.2429534887625286,99.0,3.176884341971846,0.06606914679068233,0.33297340161245403,1.9842169515864174,0.9689998358810784,0.9805448047657256,99.0,0.974772320323402,0.005772484442323622,0.029092002453201583,1.9842169515864174,100.0,0.25,0.02265032001527878,0.043763628865520876,99.0,0.03320697444039983,0.010556654425121046,0.05320312588137507,1.9842169515864174,SVR,"{'mode': 'original', 'type': 'SVR'}",4,"['nodes_T2W10', 'edges_T2W10', 'atd_T2W10', 'asp_T2W10']",0.18449674212332537,0.23293439097273574,99.0,0.20871556654803056,0.02421882442470519,0.12205734058134017,1.9842169515864174,1.308060898916117,1.337041772898629,99.0,1.322551335907373,0.014490436991255885,0.07302849106127492,1.9842169515864174,completed,True,COMPLETE
188,0.9988747186459185,2026-06-09 19:18:49.526725,2026-06-09 19:18:51.524727,0 days 00:00:01.998002,,,,,,,,,,,,,,,SVR,,,,,,3,,,,,,,,,,1.0276371477054482,,0.0021646174138192052,scale,linear,True,,,,,,,,,0.01744035677258168,0.030216668711789744,99.0,0.023828512742185712,0.006388155969604032,0.032194846256587945,1.9842169515864174,0.9879740379584242,1.0097753993334129,99.0,0.9988747186459185,0.010900680687494311,0.05493693962638016,1.9842169515864174,253246961539066.5,335465753274274.25,99.0,294356357406670.4,41109395867603.87,207181960796858.25,1.9842169515864174,3.090714708510937,3.2235155224025576,99.0,3.1571151154567474,0.06640040694581004,0.33464287709426993,1.9842169515864174,0.9922116243778775,0.9984843034674881,99.0,0.9953479639226828,0.003136339544805258,0.01580643458517829,1.9842169515864174,100.0,0.13,0.041667215428127756,0.061388038891863055,99.0,0.051527627159995405,0.00986041173186765,0.04969422181371887,1.9842169515864174,SVR,"{'mode': 'original', 'type': 'SVR'}",3,"['nodes_T2W10', 'edges_T2W10', 'lcc_T2W10']",0.1861056235078845,0.23567360723717107,99.0,0.2108896153725278,0.024783991864643282,0.12490565532578497,1.9842169515864174,1.29567662782927,1.324441696915682,99.0,1.310059162372476,0.014382534543206144,0.07248468738112053,1.9842169515864174,completed,True,COMPLETE
189,1.1168333483642328,2026-06-09 19:18:51.537503,2026-06-09 19:18:52.257515,0 days 00:00:00.720012,,,,,,,,,,,,,,,SVR,,,,,,3,7.0,4.0,7.0,90.0,,,ExtraTrees,,,2.491027535266281,3.0,0.0021402749656514765,scale,poly,True,,,,,,,,,,,,,,,,,,,,,,,,,,,,,,,,,,,,,,,,,,,,,,,,,,,,,SVR,"{'mode': 'proxy', 'type': 'ExtraTrees'}",3,"['edges_T2W10', 'l3_T2W10', 'lcc_T2W10']",,,,,,,,,,,,,,,pruned,True,PRUNED
190,1.009962896071543,2026-06-09 19:18:52.267719,2026-06-09 19:18:54.212463,0 days 00:00:01.944744,,,,,,,,,,,,,,,SVR,,,,,,2,,,,,,,,,,1.1608841262719973,,0.0022385080779601485,scale,linear,True,,,,,,,,,0.006742768943793961,0.01923404375270925,99.0,0.012988406348251604,0.006245637404457643,0.0314765852567893,1.9842169515864174,0.9990741419874855,1.0208516501556006,99.0,1.009962896071543,0.010888754084057591,0.05487683227054297,1.9842169515864174,250758576812750.1,335170972758103.1,99.0,292964774785426.6,42206197972676.52,212709592763694.03,1.9842169515864174,3.1033973082866106,3.236882455233764,99.0,3.1701398817601874,0.06674257347357662,0.33636731820184645,1.9842169515864174,0.9905271718990415,0.997667392965269,99.0,0.9940972824321552,0.0035701105331137407,0.017992541240308288,1.9842169515864174,100.0,0.26,0.022600106765437507,0.04327421067348234,99.0,0.03293715871945992,0.010337051954022415,0.052096379610897664,1.9842169515864174,SVR,"{'mode': 'original', 'type': 'SVR'}",2,"['nodes_T2W10', 'edges_T2W10']",0.17519040819077825,0.2218877962095232,99.0,0.19853910220015072,0.023348694009372464,0.11767208213146632,1.9842169515864174,1.3083525338102082,1.3371545641348526,99.0,1.3227535489725304,0.014401015162322126,0.0725778254782485,1.9842169515864174,completed,True,COMPLETE
191,0.9991971923111539,2026-06-09 19:18:54.225910,2026-06-09 19:18:56.173502,0 days 00:00:01.947592,,,,,,,,,,,,,,,SVR,,,,,,3,,,,,,,,,,0.7225032501314331,,0.0013564917365956274,scale,linear,True,,,,,,,,,0.017298346375226457,0.02979950311826159,99.0,0.023548924746744023,0.006250578371517567,0.03150148660165471,1.9842169515864174,0.9882497297794004,1.0101446548429074,99.0,0.9991971923111539,0.010947462531753448,0.05517270943079462,1.9842169515864174,253651140985276.7,336746238306988.94,99.0,295198689646132.8,41547548660856.13,209390150747568.78,1.9842169515864174,3.089757476032433,3.2204506677145894,99.0,3.1551040718735113,0.06534659584107834,0.3293319099447898,1.9842169515864174,0.9931013870290426,0.9990311106227383,99.0,0.9960662488258905,0.0029648617968478417,0.014942225921804471,1.9842169515864174,100.0,0.14,0.04097020426304349,0.060615779590416384,99.0,0.05079299192672994,0.009822787663686444,0.04950460510798956,1.9842169515864174,SVR,"{'mode': 'original', 'type': 'SVR'}",3,"['nodes_T2W10', 'edges_T2W10', 'lcc_T2W10']",0.18322768056709127,0.23193848603504474,99.0,0.207583083301068,0.02435540273397675,0.12274566404900515,1.9842169515864174,1.2961318921300546,1.3250705046955646,99.0,1.3106011984128096,0.014469306282754894,0.07292199711924859,1.9842169515864174,completed,True,COMPLETE
192,0.9988048388184744,2026-06-09 19:18:56.186598,2026-06-09 19:18:58.345649,0 days 00:00:02.159051,,,,,,,,,,,,,,,SVR,,,,,,3,,,,,,,,,,1.0617145852251821,,0.001779100690357877,scale,linear,True,,,,,,,,,0.017515833252915364,0.03027569911472551,99.0,0.023895766183820437,0.006379932930905075,0.03215340402068535,1.9842169515864174,0.9879140875960293,1.0096955900409195,99.0,0.9988048388184744,0.01089075122244509,0.05488689739162715,1.9842169515864174,253239714683195.06,335397704253191.06,99.0,294318709468193.06,41078994784998.01,207028746287822.03,1.9842169515864174,3.0908624565943263,3.223672866349429,99.0,3.1572676614718778,0.06640520487755135,0.33466705757381615,1.9842169515864174,0.9924342927732674,0.9987580602148503,99.0,0.9955961764940588,0.0031618837207914494,0.01593517139475835,1.9842169515864174,100.0,0.12,0.04173981669882321,0.0614114034765396,99.0,0.051575610087681405,0.009835793388858196,0.04957015099076894,1.9842169515864174,SVR,"{'mode': 'original', 'type': 'SVR'}",3,"['nodes_T2W10', 'edges_T2W10', 'lcc_T2W10']",0.1795592165901568,0.2298903210961125,99.0,0.20472476884313465,0.025165552252977848,0.12682863248828477,1.9842169515864174,1.2956573638994577,1.3243951263496594,99.0,1.3100262451245586,0.014368881225100735,0.07241587777794437,1.9842169515864174,completed,True,COMPLETE
