number,value,datetime_start,datetime_complete,duration,params_dt_max_depth,params_dt_min_samples_leaf,params_dt_min_samples_split,params_elastic_alpha,params_elastic_l1_ratio,params_et_max_depth,params_et_max_features,params_et_min_samples_leaf,params_et_min_samples_split,params_et_n_estimators,params_knn_metric,params_knn_n_neighbors,params_knn_weights,params_quantile_alpha,params_regressor,params_rf_max_depth,params_rf_max_features,params_rf_min_samples_leaf,params_rf_min_samples_split,params_rf_n_estimators,params_rfe_n_features,params_rfe_proxy_et_max_depth,params_rfe_proxy_et_min_samples_leaf,params_rfe_proxy_et_min_samples_split,params_rfe_proxy_et_n_estimators,params_rfe_proxy_lsvr_C,params_rfe_proxy_lsvr_epsilon,params_rfe_proxy_type,params_ridge_alpha,params_ridge_solver,params_svr_C,params_svr_degree,params_svr_epsilon,params_svr_gamma,params_svr_kernel,params_use_scaler,params_xgb_booster,params_xgb_colsample_bytree,params_xgb_learning_rate,params_xgb_max_depth,params_xgb_n_estimators,params_xgb_reg_alpha,params_xgb_reg_lambda,params_xgb_subsample,user_attrs_d2mae_ci_lower_val,user_attrs_d2mae_ci_upper_val,user_attrs_d2mae_df_val,user_attrs_d2mae_mean_val,user_attrs_d2mae_samperror_val,user_attrs_d2mae_std_val,user_attrs_d2mae_t_critical_val,user_attrs_mae_ci_lower_val,user_attrs_mae_ci_upper_val,user_attrs_mae_df_val,user_attrs_mae_mean_val,user_attrs_mae_samperror_val,user_attrs_mae_std_val,user_attrs_mae_t_critical_val,user_attrs_mape_ci_lower_val,user_attrs_mape_ci_upper_val,user_attrs_mape_df_val,user_attrs_mape_mean_val,user_attrs_mape_samperror_val,user_attrs_mape_std_val,user_attrs_mape_t_critical_val,user_attrs_max_error_ci_lower_val,user_attrs_max_error_ci_upper_val,user_attrs_max_error_df_val,user_attrs_max_error_mean_val,user_attrs_max_error_samperror_val,user_attrs_max_error_std_val,user_attrs_max_error_t_critical_val,user_attrs_median_ae_ci_lower_val,user_attrs_median_ae_ci_upper_val,user_attrs_median_ae_df_val,user_attrs_median_ae_mean_val,user_attrs_median_ae_samperror_val,user_attrs_median_ae_std_val,user_attrs_median_ae_t_critical_val,user_attrs_n_splits_val,user_attrs_r2_below_zero_val,user_attrs_r2_ci_lower_val,user_attrs_r2_ci_upper_val,user_attrs_r2_df_val,user_attrs_r2_mean_val,user_attrs_r2_samperror_val,user_attrs_r2_std_val,user_attrs_r2_t_critical_val,user_attrs_regressor_final,user_attrs_rfe_estimator,user_attrs_rfe_n_features,user_attrs_rfe_selected_features,user_attrs_rho_ci_lower_val,user_attrs_rho_ci_upper_val,user_attrs_rho_df_val,user_attrs_rho_mean_val,user_attrs_rho_samperror_val,user_attrs_rho_std_val,user_attrs_rho_t_critical_val,user_attrs_rmse_ci_lower_val,user_attrs_rmse_ci_upper_val,user_attrs_rmse_df_val,user_attrs_rmse_mean_val,user_attrs_rmse_samperror_val,user_attrs_rmse_std_val,user_attrs_rmse_t_critical_val,user_attrs_termination_reason,user_attrs_use_scaler_final,state
224,1.042985261423692,2026-06-09 19:20:03.185058,2026-06-09 19:20:28.731465,0 days 00:00:25.546407,,,,,,13.0,,3.0,5.0,361.0,,,,,ExtraTreesRegressor,,,,,,3,,,,,,,,,,,,,,,True,,,,,,,,,-0.02876207528464711,-0.01003845442178627,99.0,-0.01940026485321669,0.009361810431430419,0.04718138520057236,1.9842169515864174,1.0301579936002565,1.0558125292471277,99.0,1.042985261423692,0.012827267823435469,0.06464649852517304,1.9842169515864174,258915413996893.9,341158733794616.56,99.0,300037073895755.25,41121659898861.336,207243768711802.53,1.9842169515864174,3.162296910789514,3.3082903871040528,99.0,3.2352936489467834,0.07299673815726947,0.36788687899731554,1.9842169515864174,0.792592409383656,0.8341460192006043,99.0,0.8133692142921302,0.0207768049084741,0.10471034879458453,1.9842169515864174,100.0,0.28,0.025150880497109125,0.054577708739444335,99.0,0.03986429461827673,0.014713414121167607,0.0741522448409886,1.9842169515864174,ExtraTreesRegressor,"{'mode': 'original', 'type': 'ExtraTreesRegressor'}",3,"['edges_T2W10', 'l3_T2W10', 'asp_T2W10']",0.23871772772221436,0.2820636427038002,99.0,0.2603906852130073,0.021672957490792923,0.10922675301944679,1.9842169515864174,1.3014626232437791,1.3335893297409611,99.0,1.3175259764923701,0.01606335324859098,0.0809556295532504,1.9842169515864174,completed,True,COMPLETE
225,1.0106729981986746,2026-06-09 19:20:28.745360,2026-06-09 19:20:30.796501,0 days 00:00:02.051141,,,,,,,,,,,,,,,SVR,,,,,,3,,,,,,,,,,1.3313355863736545,,0.00445784216651211,scale,linear,True,,,,,,,,,0.005870186775847328,0.018624201431034833,99.0,0.01224719410344108,0.006377007327593752,0.03213865964855919,1.9842169515864174,0.9998719600560578,1.0214740363412913,99.0,1.0106729981986746,0.01080103814261677,0.0544347639706492,1.9842169515864174,248786310456226.47,332565307423487.44,99.0,290675808939856.94,41889498483630.48,211113499711506.16,1.9842169515864174,3.1014561782311025,3.2335849236684338,99.0,3.167520550949768,0.06606437271866561,0.3329493413804673,1.9842169515864174,0.9844401918880137,0.9921624824688375,99.0,0.9883013371784256,0.0038611452904119092,0.019459289909426757,1.9842169515864174,100.0,0.25,0.022548950019189266,0.043699366420337345,99.0,0.033124158219763306,0.010575208200574037,0.05329663266972377,1.9842169515864174,SVR,"{'mode': 'original', 'type': 'SVR'}",3,"['nodes_T2W10', 'edges_T2W10', 'atd_T2W10']",0.1565237968341574,0.20772346743044812,99.0,0.18212363213230276,0.025599835298145357,0.12901731979296832,1.9842169515864174,1.308179236539691,1.3369795404260096,99.0,1.3225793884828503,0.014400151943159441,0.0725734750509326,1.9842169515864174,completed,True,COMPLETE
226,1.010740788581664,2026-06-09 19:20:30.809729,2026-06-09 19:20:32.839413,0 days 00:00:02.029684,,,,,,,,,,,,,,,SVR,,,,,,3,,,,,,,,,,1.8064674891716812,,0.0020299366974293955,scale,linear,True,,,,,,,,,0.0060515708126718856,0.018427267374482956,99.0,0.01223941909357742,0.006187848280905534,0.031185341280136916,1.9842169515864174,0.999838149031124,1.0216434281322038,99.0,1.010740788581664,0.010902639550539892,0.054946811848487806,1.9842169515864174,251581440128084.06,336360670175404.3,99.0,293971055151744.2,42389615023660.12,213633972785933.78,1.9842169515864174,3.1030774304370112,3.2370342197880895,99.0,3.1700558251125504,0.06697839467553925,0.33755580316955164,1.9842169515864174,0.9845503220754791,0.992904134502765,99.0,0.9887272282891221,0.004176906213642967,0.021050652804389437,1.9842169515864174,100.0,0.27,0.022430446603635926,0.043099257382895356,99.0,0.03276485199326564,0.010334405389629714,0.05208304153115499,1.9842169515864174,SVR,"{'mode': 'original', 'type': 'SVR'}",3,"['edges_T2W10', 'diameter_T2W10', 'asp_T2W10']",0.20533011155080738,0.25024949396605056,99.0,0.22778980275842897,0.0224596912076216,0.11319171116678885,1.9842169515864174,1.308398495447643,1.3373993178921488,99.0,1.322898906669896,0.014500411222252794,0.07307875890617431,1.9842169515864174,completed,True,COMPLETE
227,0.9993252359834076,2026-06-09 19:20:32.851901,2026-06-09 19:20:34.932690,0 days 00:00:02.080789,,,,,,,,,,,,,,,SVR,,,,,,3,,,,,,,,,,0.8078700223070108,,0.003024155320472942,scale,linear,True,,,,,,,,,0.017097436223399442,0.029734043802017798,99.0,0.02341574001270862,0.006318303789309178,0.031842807230618504,1.9842169515864174,0.9883646309913127,1.0102858409755024,99.0,0.9993252359834076,0.010960604992094908,0.05523894442758241,1.9842169515864174,253519633902897.4,336356689576731.9,99.0,294938161739814.6,41418527836917.22,208739915278933.34,1.9842169515864174,3.088535284997576,3.21983217913027,99.0,3.154183732063923,0.0656484470663469,0.33085317114068485,1.9842169515864174,0.9919427692541241,0.9978220125570865,99.0,0.9948823909056053,0.002939621651481228,0.014815021357069582,1.9842169515864174,100.0,0.14,0.04116602311368232,0.06102149305603368,99.0,0.051093758084858,0.009927734971175684,0.05003351555503182,1.9842169515864174,SVR,"{'mode': 'original', 'type': 'SVR'}",3,"['nodes_T2W10', 'edges_T2W10', 'lcc_T2W10']",0.179461389185556,0.2264750194394453,99.0,0.20296820431250065,0.02350681512694465,0.11846897642997418,1.9842169515864174,1.295900107230744,1.3248503289194469,99.0,1.3103752180750954,0.014475110844351519,0.07295125078322914,1.9842169515864174,completed,True,COMPLETE
228,0.9989204914812754,2026-06-09 19:20:34.945916,2026-06-09 19:20:37.094981,0 days 00:00:02.149065,,,,,,,,,,,,,,,SVR,,,,,,3,,,,,,,,,,1.019508038873873,,0.0024706407765419016,scale,linear,True,,,,,,,,,0.017395893864251735,0.030173104179946696,99.0,0.023784499022099215,0.006388605157847482,0.032197110062685816,1.9842169515864174,0.9880166224882277,1.0098243604743231,99.0,0.9989204914812754,0.010903868993047666,0.05495300795777308,1.9842169515864174,253258090608050.72,335483208216328.8,99.0,294370649412189.75,41112558804139.04,207197901274196.88,1.9842169515864174,3.0905802361217387,3.2234281694537095,99.0,3.157004202787724,0.06642396666598517,0.3347616127000528,1.9842169515864174,0.991982442331944,0.998246409057571,99.0,0.9951144256947575,0.003131983362813529,0.01578448042342069,1.9842169515864174,100.0,0.13,0.041650442548503336,0.06138352757820603,99.0,0.051516985063354684,0.009866542514851345,0.049725119558941704,1.9842169515864174,SVR,"{'mode': 'original', 'type': 'SVR'}",3,"['nodes_T2W10', 'edges_T2W10', 'lcc_T2W10']",0.18029455501283076,0.22867675694009953,99.0,0.20448565597646515,0.024191100963634398,0.12191762067294694,1.9842169515864174,1.295679807795222,1.3244538622448134,99.0,1.3100668350200178,0.014387027224795568,0.07250732946965743,1.9842169515864174,completed,True,COMPLETE
229,1.0251109939769103,2026-06-09 19:20:37.107883,2026-06-09 19:20:38.759659,0 days 00:00:01.651776,,,,0.1721690754987555,0.28701386543802054,,,,,,,,,,ElasticNet,,,,,,3,,,,,,,,,,,,,,,True,,,,,,,,,-0.008402613802488851,0.004412541689905902,99.0,-0.001995036056291475,0.006407577746197377,0.03229272757232722,1.9842169515864174,1.0147660088083645,1.035455979145456,99.0,1.0251109939769103,0.010344985168545732,0.052136361199186056,1.9842169515864174,259889970332326.62,345399838473272.75,99.0,302644904402799.7,42754934070473.08,215475097298658.47,1.9842169515864174,3.0322248745583593,3.13492375946163,99.0,3.0835743170099947,0.051349442451635356,0.2587894555108026,1.9842169515864174,0.9500893560463969,0.9680148204235696,99.0,0.9590520882349832,0.008962732188586304,0.04517012205454871,1.9842169515864174,100.0,0.15,0.038403917179013994,0.057000744687433616,99.0,0.047702330933223805,0.009298413754209813,0.04686188043487665,1.9842169515864174,ElasticNet,"{'mode': 'original', 'type': 'ElasticNet'}",3,"['edges_T2W10', 'l2_T2W10', 'l3_T2W10']",0.20068760853731066,0.2507771600292033,99.0,0.22573238428325698,0.025044775745946313,0.12621994649285986,1.9842169515864174,1.2989735789081187,1.3262330063792802,99.0,1.3126032926436995,0.013629713735580702,0.06869064254633798,1.9842169515864174,completed,True,COMPLETE
230,0.9994845854016755,2026-06-09 19:20:38.792009,2026-06-09 19:20:40.854094,0 days 00:00:02.062085,,,,,,,,,,,,,,,SVR,,,,,,3,,,,,,,,,,0.6640592861968063,,0.0016363226802035477,scale,linear,False,,,,,,,,,0.0171034098193995,0.029440217971544842,99.0,0.02327181389547217,0.006168404076072673,0.031087346931195813,1.9842169515864174,0.9885696350319079,1.0103995357714433,99.0,0.9994845854016755,0.01091495036976769,0.05500885556411051,1.9842169515864174,253901360011656.47,337169430272565.6,99.0,295535395142111.06,41634035130454.59,209826022790337.66,1.9842169515864174,3.0898569540449343,3.2203763984142406,99.0,3.1551166762295875,0.06525972218465306,0.3288940865688943,1.9842169515864174,0.9936508769281932,0.9985286551681335,99.0,0.9960897660481633,0.0024388891199701446,0.01229144382634272,1.9842169515864174,100.0,0.14,0.04073112899384942,0.06014163651869155,99.0,0.050436382756270486,0.009705253762421068,0.04891226110462135,1.9842169515864174,SVR,"{'mode': 'original', 'type': 'SVR'}",3,"['nodes_T2W10', 'edges_T2W10', 'lcc_T2W10']",0.1847512819210559,0.23636528198451767,99.0,0.21055828195278678,0.025807000031730885,0.13006138270866863,1.9842169515864174,1.2964150328987454,1.3253116335869073,99.0,1.3108633332428263,0.014448300344080973,0.07281613198863811,1.9842169515864174,completed,True,COMPLETE
231,0.9989910710445946,2026-06-09 19:20:40.867219,2026-06-09 19:20:42.819325,0 days 00:00:01.952106,,,,,,,,,,,,,,,SVR,,,,,,3,,,,,,,,,,0.9521706694126509,,0.0024919282130289946,scale,linear,True,,,,,,,,,0.017345729393883513,0.03009815219368834,99.0,0.023721940793785926,0.006376211399902411,0.03213464835488133,1.9842169515864174,0.9880709369038707,1.0099112051853185,99.0,0.9989910710445946,0.010920134140723861,0.055034980585127125,1.9842169515864174,253338591941039.78,335754634531909.44,99.0,294546613236474.6,41208021295434.836,207679010415107.47,1.9842169515864174,3.089828416900265,3.2219854896790387,99.0,3.155906953289652,0.0660785363893869,0.33302072304420094,1.9842169515864174,0.9922115409639477,0.9982957198128847,99.0,0.9952536303884162,0.003042089424468486,0.015331435516848499,1.9842169515864174,100.0,0.14,0.041475292678973825,0.06128513203726036,99.0,0.05138021235811709,0.00990491967914327,0.04991853169697046,1.9842169515864174,SVR,"{'mode': 'original', 'type': 'SVR'}",3,"['nodes_T2W10', 'edges_T2W10', 'lcc_T2W10']",0.17922618139869956,0.2288242283232818,99.0,0.20402520486099068,0.02479902346229112,0.12498141114288865,1.9842169515864174,1.2957478545268197,1.324578822466348,99.0,1.3101633384965838,0.014415483969764182,0.07265074496132462,1.9842169515864174,completed,True,COMPLETE
232,0.9989950828458791,2026-06-09 19:20:42.832161,2026-06-09 19:20:44.719161,0 days 00:00:01.887000,,,,,,,,,,,,,,,SVR,,,,,,3,,,,,,,,,,0.950126158094493,,0.002461752159026748,scale,linear,True,,,,,,,,,0.01734377326294119,0.030092520736227313,99.0,0.02371814699958425,0.0063743737366430625,0.032125386951999554,1.9842169515864174,0.9880756528503555,1.0099145128414027,99.0,0.9989950828458791,0.010919429995523608,0.05503143185423008,1.9842169515864174,253366566099243.88,335789327858830.9,99.0,294577946979037.4,41211380879793.51,207695941952538.3,1.9842169515864174,3.0897549385673404,3.221900007389297,99.0,3.1558274729783187,0.06607253441097848,0.3329904744446029,1.9842169515864174,0.9921976873954418,0.9982894247164623,99.0,0.995243556055952,0.003045868660510235,0.015350482002862677,1.9842169515864174,100.0,0.14,0.04146847512254247,0.0612773737547955,99.0,0.05137292443866898,0.009904449316126513,0.04991616117485403,1.9842169515864174,SVR,"{'mode': 'original', 'type': 'SVR'}",3,"['nodes_T2W10', 'edges_T2W10', 'lcc_T2W10']",0.18333971383117284,0.2328445936754934,99.0,0.20809215375333312,0.02475243992216027,0.12474664074596402,1.9842169515864174,1.295753649360275,1.3245829274936087,99.0,1.3101682884269419,0.014414639066666832,0.0726464868427924,1.9842169515864174,completed,True,COMPLETE
233,0.9992125230027675,2026-06-09 19:20:44.731879,2026-06-09 19:20:46.817499,0 days 00:00:02.085620,,,,,,,,,,,,,,,SVR,,,,,,3,,,,,,,,,,0.8255406270852815,,0.002381839067071755,scale,linear,True,,,,,,,,,0.017195955267715612,0.02985032689496521,99.0,0.02352314108134041,0.006327185813624799,0.031887570603436784,1.9842169515864174,0.9882575699100052,1.0101674760955297,99.0,0.9992125230027675,0.010954953092762263,0.05521046014652571,1.9842169515864174,253454504736648.75,336229386484904.0,99.0,294841945610776.4,41387440874127.62,208583244090509.4,1.9842169515864174,3.088823312419501,3.2201228147109187,99.0,3.15447306356521,0.06564975114570869,0.3308597434026583,1.9842169515864174,0.9923170533219613,0.9982655893961775,99.0,0.9952913213590694,0.0029742680371080965,0.014989631223189154,1.9842169515864174,100.0,0.14,0.04118378456390122,0.06106173338143972,99.0,0.05112275897267047,0.009938974408769254,0.050090159752051625,1.9842169515864174,SVR,"{'mode': 'original', 'type': 'SVR'}",3,"['nodes_T2W10', 'edges_T2W10', 'lcc_T2W10']",0.1799014337140755,0.22871830881519697,99.0,0.20430987126463623,0.024408437550560737,0.12301294740499899,1.9842169515864174,1.2958830961886105,1.3248192950413278,99.0,1.3103511956149692,0.014468099426358726,0.07291591483880439,1.9842169515864174,completed,True,COMPLETE
234,0.9989582350958983,2026-06-09 19:20:46.830101,2026-06-09 19:20:48.834717,0 days 00:00:02.004616,,,,,,,,,,,,,,,SVR,,,,,,3,,,,,,,,,,0.9388477286484865,,0.001947913260288441,scale,linear,True,,,,,,,,,0.01738839177341335,0.03012284758836943,99.0,0.02375561968089139,0.006367227907478042,0.03208937360598259,1.9842169515864174,0.9880383641028815,1.0098781060889153,99.0,0.9989582350958983,0.010919870993016865,0.05503365438081874,1.9842169515864174,253411194337848.25,335883933027368.6,99.0,294647563682608.44,41236369344760.195,207821878105571.9,1.9842169515864174,3.089839619169576,3.221799723464685,99.0,3.1558196713171305,0.06598005214755445,0.33252438497112025,1.9842169515864174,0.9925431767563693,0.998646661010606,99.0,0.9955949188834876,0.0030517421271183355,0.015380082932354813,1.9842169515864174,100.0,0.14,0.04140428718235167,0.061210700988819255,99.0,0.051307494085585464,0.009903206903233788,0.04990989969779259,1.9842169515864174,SVR,"{'mode': 'original', 'type': 'SVR'}",3,"['nodes_T2W10', 'edges_T2W10', 'lcc_T2W10']",0.17984493406469385,0.2283131975946517,99.0,0.20407906582967278,0.024234131764978944,0.12213448607826535,1.9842169515864174,1.2957982378909623,1.3246305309770559,99.0,1.310214384434009,0.014416146543046791,0.07265408417925681,1.9842169515864174,completed,True,COMPLETE
235,1.010729605542503,2026-06-09 19:20:48.847958,2026-06-09 19:20:50.851854,0 days 00:00:02.003896,,,,,,,,,,,,,,,SVR,,,,,,3,,,,,,,,,,1.340302604589871,,0.0019512038445495552,scale,linear,True,,,,,,,,,0.005813963871481811,0.018567957497416496,99.0,0.012190960684449154,0.006376996812967343,0.032138606657244904,1.9842169515864174,0.9999318474746938,1.0215273636103122,99.0,1.010729605542503,0.010797758067809242,0.05441823314318648,1.9842169515864174,249392173888831.56,333318275757030.7,99.0,291355224822931.1,41963050934099.56,211484187253562.88,1.9842169515864174,3.102099657737291,3.234464766006313,99.0,3.168282211871802,0.06618255413451125,0.33354494870934903,1.9842169515864174,0.9851072639205751,0.9929716488214879,99.0,0.9890394563710315,0.003932192450456375,0.01981735136025582,1.9842169515864174,100.0,0.27,0.021723925621718737,0.04292588893578707,99.0,0.0323249072787529,0.010600981657034167,0.053426525000497,1.9842169515864174,SVR,"{'mode': 'original', 'type': 'SVR'}",3,"['nodes_T2W10', 'edges_T2W10', 'atd_T2W10']",0.1570506576720769,0.20867888825666595,99.0,0.18286477296437142,0.02581411529229452,0.13009724199592018,1.9842169515864174,1.3087194274256029,1.3375250565771388,99.0,1.3231222420013709,0.01440281457576796,0.07258689411081105,1.9842169515864174,completed,True,COMPLETE
236,1.1812175289577287,2026-06-09 19:20:50.864756,2026-06-09 19:20:51.504912,0 days 00:00:00.640156,,,,,,,,,,,,,,,SVR,,,,,,3,10.0,4.0,6.0,50.0,,,ExtraTrees,,,0.6222332670144722,5.0,0.001689285806947312,scale,poly,True,,,,,,,,,,,,,,,,,,,,,,,,,,,,,,,,,,,,,,,,,,,,,,,,,,,,,SVR,"{'mode': 'proxy', 'type': 'ExtraTrees'}",3,"['edges_T2W10', 'l3_T2W10', 'asp_T2W10']",,,,,,,,,,,,,,,pruned,True,PRUNED
237,0.9988800810493451,2026-06-09 19:20:51.515263,2026-06-09 19:20:53.568775,0 days 00:00:02.053512,,,,,,,,,,,,,,,SVR,,,,,,3,,,,,,,,,,0.9416704169515595,,0.0014003220505852804,scale,linear,True,,,,,,,,,0.017465902274875524,0.03019726926407814,99.0,0.023831585769476832,0.00636568349460131,0.03208159011801522,1.9842169515864174,0.9879631051089388,1.0097970569897514,99.0,0.9988800810493451,0.010916975940406262,0.05501906397724272,1.9842169515864174,253434649690589.2,335903215831493.06,99.0,294668932761041.1,41234283070451.945,207811363759816.66,1.9842169515864174,3.0899620989023644,3.2218610079396024,99.0,3.1559115534209834,0.06594945451861907,0.33237017991349826,1.9842169515864174,0.9929403209929621,0.9991039632593606,99.0,0.9960221421261614,0.0030818211331992383,0.015531674249306592,1.9842169515864174,100.0,0.14,0.041388109158914416,0.06118112624634939,99.0,0.0512846177026319,0.009896508543717488,0.0498761414965488,1.9842169515864174,SVR,"{'mode': 'original', 'type': 'SVR'}",3,"['nodes_T2W10', 'edges_T2W10', 'lcc_T2W10']",0.18063446972620933,0.2272701990110632,99.0,0.20395233436863627,0.02331786464242695,0.1175167091672304,1.9842169515864174,1.295817973031613,1.3246426096981523,99.0,1.3102302913648827,0.01441231833326954,0.07263479087680726,1.9842169515864174,completed,True,COMPLETE
238,1.0529523515952268,2026-06-09 19:20:53.581482,2026-06-09 19:20:55.832079,0 days 00:00:02.250597,,,,,,,,,,,,,,,RandomForestRegressor,7.0,,4.0,5.0,197.0,4,,,,,,,,,,,,,,,True,,,,,,,,,,,,,,,,,,,,,,,,,,,,,,,,,,,,,,,,,,,,,,,,,,,,,RandomForestRegressor,"{'mode': 'original', 'type': 'RandomForestRegressor'}",4,"['edges_T2W10', 'l3_T2W10', 'lcc_T2W10', 'density_T2W10']",,,,,,,,,,,,,,,pruned,True,PRUNED
239,1.010769745390806,2026-06-09 19:20:55.842133,2026-06-09 19:20:57.814345,0 days 00:00:01.972212,,,,,,,,,,,,,,,SVR,,,,,,3,,,,,,,,,,1.5802037970492786,,0.0013478697365319327,scale,linear,True,,,,,,,,,0.005741337504740215,0.018553663978637183,99.0,0.012147500741688699,0.006406163236948484,0.0322855987689584,1.9842169515864174,0.999969534232333,1.0215699565492788,99.0,1.010769745390806,0.010800211158472918,0.05443059615954774,1.9842169515864174,249340693745201.12,333274028747084.75,99.0,291307361246142.94,41966667500941.81,211502413923985.0,1.9842169515864174,3.1021130042452745,3.234531347153296,99.0,3.168322175699285,0.06620917145401058,0.33367909391699907,1.9842169515864174,0.9852214683516647,0.9931524592308825,99.0,0.9891869637912736,0.003965495439608849,0.019985190815139258,1.9842169515864174,100.0,0.28,0.021493207272883112,0.042801036328909324,99.0,0.03214712180089622,0.010653914528013104,0.05369329457393813,1.9842169515864174,SVR,"{'mode': 'original', 'type': 'SVR'}",3,"['nodes_T2W10', 'edges_T2W10', 'atd_T2W10']",0.15620820722920276,0.20739241450479323,99.0,0.181800310866998,0.025592103637795238,0.12897835399165342,1.9842169515864174,1.3088282356599383,1.3376397284422294,99.0,1.323233982051084,0.014405746391145474,0.07260166979033124,1.9842169515864174,completed,True,COMPLETE
