number,value,datetime_start,datetime_complete,duration,params_dt_max_depth,params_dt_min_samples_leaf,params_dt_min_samples_split,params_elastic_alpha,params_elastic_l1_ratio,params_et_max_depth,params_et_max_features,params_et_min_samples_leaf,params_et_min_samples_split,params_et_n_estimators,params_knn_metric,params_knn_n_neighbors,params_knn_weights,params_quantile_alpha,params_regressor,params_rf_max_depth,params_rf_max_features,params_rf_min_samples_leaf,params_rf_min_samples_split,params_rf_n_estimators,params_rfe_n_features,params_rfe_proxy_et_max_depth,params_rfe_proxy_et_min_samples_leaf,params_rfe_proxy_et_min_samples_split,params_rfe_proxy_et_n_estimators,params_rfe_proxy_lsvr_C,params_rfe_proxy_lsvr_epsilon,params_rfe_proxy_type,params_ridge_alpha,params_ridge_solver,params_svr_C,params_svr_degree,params_svr_epsilon,params_svr_gamma,params_svr_kernel,params_use_scaler,params_xgb_booster,params_xgb_colsample_bytree,params_xgb_learning_rate,params_xgb_max_depth,params_xgb_n_estimators,params_xgb_reg_alpha,params_xgb_reg_lambda,params_xgb_subsample,user_attrs_d2mae_ci_lower_val,user_attrs_d2mae_ci_upper_val,user_attrs_d2mae_df_val,user_attrs_d2mae_mean_val,user_attrs_d2mae_samperror_val,user_attrs_d2mae_std_val,user_attrs_d2mae_t_critical_val,user_attrs_mae_ci_lower_val,user_attrs_mae_ci_upper_val,user_attrs_mae_df_val,user_attrs_mae_mean_val,user_attrs_mae_samperror_val,user_attrs_mae_std_val,user_attrs_mae_t_critical_val,user_attrs_mape_ci_lower_val,user_attrs_mape_ci_upper_val,user_attrs_mape_df_val,user_attrs_mape_mean_val,user_attrs_mape_samperror_val,user_attrs_mape_std_val,user_attrs_mape_t_critical_val,user_attrs_max_error_ci_lower_val,user_attrs_max_error_ci_upper_val,user_attrs_max_error_df_val,user_attrs_max_error_mean_val,user_attrs_max_error_samperror_val,user_attrs_max_error_std_val,user_attrs_max_error_t_critical_val,user_attrs_median_ae_ci_lower_val,user_attrs_median_ae_ci_upper_val,user_attrs_median_ae_df_val,user_attrs_median_ae_mean_val,user_attrs_median_ae_samperror_val,user_attrs_median_ae_std_val,user_attrs_median_ae_t_critical_val,user_attrs_n_splits_val,user_attrs_r2_below_zero_val,user_attrs_r2_ci_lower_val,user_attrs_r2_ci_upper_val,user_attrs_r2_df_val,user_attrs_r2_mean_val,user_attrs_r2_samperror_val,user_attrs_r2_std_val,user_attrs_r2_t_critical_val,user_attrs_regressor_final,user_attrs_rfe_estimator,user_attrs_rfe_n_features,user_attrs_rfe_selected_features,user_attrs_rho_ci_lower_val,user_attrs_rho_ci_upper_val,user_attrs_rho_df_val,user_attrs_rho_mean_val,user_attrs_rho_samperror_val,user_attrs_rho_std_val,user_attrs_rho_t_critical_val,user_attrs_rmse_ci_lower_val,user_attrs_rmse_ci_upper_val,user_attrs_rmse_df_val,user_attrs_rmse_mean_val,user_attrs_rmse_samperror_val,user_attrs_rmse_std_val,user_attrs_rmse_t_critical_val,user_attrs_termination_reason,user_attrs_use_scaler_final,state
240,1.0577049804982144,2026-06-09 19:20:57.826929,2026-06-09 19:20:59.840141,0 days 00:00:02.013212,,,,,,,,,,,,,,,SVR,,,,,,2,,,,,,,,,,1.2549043854110906,,0.6073358689590598,scale,linear,True,,,,,,,,,-0.043787987981770804,-0.024233653949757072,99.0,-0.03401082096576394,0.009777167016006864,0.04927468746897783,1.9842169515864174,1.045242164750169,1.0701677962462597,99.0,1.0577049804982144,0.01246281574804536,0.06280974335029803,1.9842169515864174,245822681646612.28,331254827779633.6,99.0,288538754713122.94,42716073066510.664,215279246719258.12,1.9842169515864174,3.1179735278894483,3.245939444990848,99.0,3.181956486440148,0.0639829585506999,0.32245948962155757,1.9842169515864174,0.8910263083119341,0.9345666096682044,99.0,0.9127964589900692,0.021770150678135113,0.10971658447293016,1.9842169515864174,100.0,0.46,-0.007689063668619868,0.020592715133334456,99.0,0.006451825732357293,0.014140889400977161,0.07126685108536777,1.9842169515864174,SVR,"{'mode': 'original', 'type': 'SVR'}",2,"['nodes_T2W10', 'edges_T2W10']",0.14121505002606333,0.19288092912502824,99.0,0.16704798957554579,0.02583293954948245,0.13019211195040212,1.9842169515864174,1.3254657072773641,1.3545272380374667,99.0,1.3399964726574154,0.014530765380051288,0.0732317369249047,1.9842169515864174,completed,True,COMPLETE
241,0.9990543726435536,2026-06-09 19:20:59.853633,2026-06-09 19:21:01.744530,0 days 00:00:01.890897,,,,,,,,,,,,,,,SVR,,,,,,3,,,,,,,,,,0.9077292641489663,,0.00203384328391165,scale,linear,True,,,,,,,,,0.017311110111877782,0.030023154318918457,99.0,0.02366713221539812,0.006356022103520339,0.03203289891480155,1.9842169515864174,0.9881210963591478,1.0099876489279593,99.0,0.9990543726435536,0.01093327628440579,0.05510121398602324,1.9842169515864174,253457958953718.34,336024379835094.75,99.0,294741169394406.56,41283210440688.21,208057946524857.28,1.9842169515864174,3.0893396334752583,3.221069035911023,99.0,3.1552043346931407,0.0658647012178824,0.3319430426457267,1.9842169515864174,0.9925181600352985,0.9985809198660619,99.0,0.9955495399506802,0.0030313799153817095,0.015277462038402941,1.9842169515864174,100.0,0.14,0.04130734690198963,0.06114349137231277,99.0,0.0512254191371512,0.009918072235161569,0.04998481757366245,1.9842169515864174,SVR,"{'mode': 'original', 'type': 'SVR'}",3,"['nodes_T2W10', 'edges_T2W10', 'lcc_T2W10']",0.18633866481688488,0.23785994456389464,99.0,0.21209930469038976,0.025760639873504874,0.12982773810549686,1.9842169515864174,1.2958419701669883,1.3247041884242994,99.0,1.3102730792956438,0.014431109128655601,0.07272949219145451,1.9842169515864174,completed,True,COMPLETE
242,0.9993559952516681,2026-06-09 19:21:01.757625,2026-06-09 19:21:03.804603,0 days 00:00:02.046978,,,,,,,,,,,,,,,SVR,,,,,,3,,,,,,,,,,0.745013469302675,,0.002620174428823484,scale,linear,True,,,,,,,,,0.017111603262337183,0.02967391517851195,99.0,0.023392759220424567,0.006281155958087384,0.03165559065033431,1.9842169515864174,0.988392365560221,1.0103196249431152,99.0,0.9993559952516681,0.010963629691447088,0.055254188221108926,1.9842169515864174,253668557021487.06,336734460259900.3,99.0,295201508640693.7,41532951619206.61,209316584993391.28,1.9842169515864174,3.089018028107205,3.21992009250647,99.0,3.1544690603068375,0.06545103219963277,0.3298582453259634,1.9842169515864174,0.9922223807719324,0.9980712682139559,99.0,0.9951468244929441,0.00292444372101176,0.014738528055985078,1.9842169515864174,100.0,0.14,0.04101203801395433,0.060739321243206405,99.0,0.05087567962858037,0.009863641614626039,0.04971049968472388,1.9842169515864174,SVR,"{'mode': 'original', 'type': 'SVR'}",3,"['nodes_T2W10', 'edges_T2W10', 'lcc_T2W10']",0.18499731879293466,0.2344588652386487,99.0,0.20972809201579168,0.02473077322285701,0.12463744553277963,1.9842169515864174,1.2960564309794151,1.3250241213574172,99.0,1.3105402761684162,0.01448384518900114,0.07299526988427875,1.9842169515864174,completed,True,COMPLETE
243,0.9988680900047009,2026-06-09 19:21:03.817859,2026-06-09 19:21:05.827311,0 days 00:00:02.009452,,,,,,,,,,,,,,,SVR,,,,,,3,,,,,,,,,,1.0096488207468957,,0.002151622974171748,scale,linear,True,,,,,,,,,0.017450097060144814,0.030222299920332128,99.0,0.02383619849023847,0.006386101430093657,0.032184491846961864,1.9842169515864174,0.9879642981233907,1.009771881886011,99.0,0.9988680900047009,0.010903791881310174,0.05495261933223781,1.9842169515864174,253251133530035.78,335504985858415.9,99.0,294378059694225.8,41126926164190.03,207270309485604.94,1.9842169515864174,3.090634244902319,3.2233167686109065,99.0,3.1569755067566128,0.06634126185429388,0.33434479934894645,1.9842169515864174,0.9922874283656758,0.9984880031322158,99.0,0.9953877157489458,0.0031002873832699286,0.015624739929729925,1.9842169515864174,100.0,0.13,0.04163791511781727,0.06138219945414197,99.0,0.05151005728597962,0.00987214216816235,0.04975334053198867,1.9842169515864174,SVR,"{'mode': 'original', 'type': 'SVR'}",3,"['nodes_T2W10', 'edges_T2W10', 'lcc_T2W10']",0.18197360109181146,0.23066033436058617,99.0,0.2063169677261988,0.024343366634387357,0.12268500485758069,1.9842169515864174,1.29568211789993,1.3244606874649354,99.0,1.3100714026824327,0.014389284782502577,0.07251870704460056,1.9842169515864174,completed,True,COMPLETE
244,1.010843178659168,2026-06-09 19:21:05.840842,2026-06-09 19:21:08.016715,0 days 00:00:02.175873,,,,,,,,,,,,,,,SVR,,,,,,3,,,,,,,,,,1.1642419336727268,,0.0014567674975862967,scale,linear,True,,,,,,,,,0.0057568163815038195,0.018415735429397208,99.0,0.012086275905450514,0.006329459523946694,0.031899029583867713,1.9842169515864174,1.000051723491485,1.0216346338268512,99.0,1.010843178659168,0.01079145516768314,0.05438646796689836,1.9842169515864174,249801481740115.44,333792239557669.06,99.0,291796860648892.25,41995378908776.83,211647112858302.94,1.9842169515864174,3.102229577579528,3.2346344662750623,99.0,3.1684320219272952,0.06620244434776704,0.33364519083881927,1.9842169515864174,0.9854135626768615,0.9933046002656735,99.0,0.9893590814712675,0.003945518794405943,0.01988451308840714,1.9842169515864174,100.0,0.27,0.021535832306207644,0.0426322293735229,99.0,0.032084030839865274,0.01054819853365763,0.05316051012075143,1.9842169515864174,SVR,"{'mode': 'original', 'type': 'SVR'}",3,"['nodes_T2W10', 'edges_T2W10', 'atd_T2W10']",0.15521624200353454,0.2066597573137399,99.0,0.18093799965863722,0.025721757655102685,0.12963178061016803,1.9842169515864174,1.3089040055629528,1.3376852499374348,99.0,1.3232946277501938,0.01439062218724101,0.07252544725885668,1.9842169515864174,completed,True,COMPLETE
245,0.9992286421430258,2026-06-09 19:21:08.029411,2026-06-09 19:21:10.038991,0 days 00:00:02.009580,,,,,,,,,,,,,,,SVR,,,,,,3,,,,,,,,,,0.7673888059352365,,0.0018843351450025805,scale,linear,True,,,,,,,,,0.017221955829142682,0.029806784572274606,99.0,0.023514370200708644,0.006292414371565961,0.03171233048147815,1.9842169515864174,0.9882694946020976,1.010187789683954,99.0,0.9992286421430258,0.010959147540928233,0.055231599206761114,1.9842169515864174,253634026810375.06,336603362589616.44,99.0,295118694699995.75,41484667889620.69,209073246030142.75,1.9842169515864174,3.089189723605716,3.2201592701921893,99.0,3.1546744968989526,0.06548477329323651,0.330028292727165,1.9842169515864174,0.9926770335181332,0.9986357146279528,99.0,0.995656374073043,0.0029793405549097926,0.015015195553730936,1.9842169515864174,100.0,0.14,0.04104825080537185,0.06080589165808373,99.0,0.05092707123172779,0.009878820426355938,0.04978699742715958,1.9842169515864174,SVR,"{'mode': 'original', 'type': 'SVR'}",3,"['nodes_T2W10', 'edges_T2W10', 'lcc_T2W10']",0.1803614385515433,0.2260313652730857,99.0,0.2031964019123145,0.022834963360771218,0.11508299706095268,1.9842169515864174,1.296023602208406,1.3249761461509146,99.0,1.3104998741796603,0.01447627197125432,0.07295710259747695,1.9842169515864174,completed,True,COMPLETE
246,0.9987930082016109,2026-06-09 19:21:10.052136,2026-06-09 19:21:12.362303,0 days 00:00:02.310167,,,,,,,,,,,,,,,SVR,,,,,,3,,,,,,,,,,0.9685050167192082,,0.0012733463909582051,scale,linear,True,,,,,,,,,0.017535969648883334,0.03028756868857741,99.0,0.023911769168730373,0.00637579951984704,0.032132572573525656,1.9842169515864174,0.987888442294584,1.0096975741086378,99.0,0.9987930082016109,0.010904565907026919,0.054956520244968776,1.9842169515864174,253354421581287.62,335720943838822.5,99.0,294537682710055.06,41183261128767.43,207554224833331.2,1.9842169515864174,3.0903553150812892,3.2224937189291025,99.0,3.156424517005196,0.06606920192390651,0.33297367947130474,1.9842169515864174,0.9929532990400619,0.9991778613774119,99.0,0.9960655802087369,0.003112281168674998,0.015685185867335086,1.9842169515864174,100.0,0.14,0.041498892187728974,0.0612640111953855,99.0,0.05138145169155724,0.009882559503828263,0.04980584152316095,1.9842169515864174,SVR,"{'mode': 'original', 'type': 'SVR'}",3,"['nodes_T2W10', 'edges_T2W10', 'lcc_T2W10']",0.18267101081993523,0.23288064427715602,99.0,0.20777582754854562,0.025104816728610386,0.1265225393248386,1.9842169515864174,1.2957652487643196,1.3245566111603697,99.0,1.3101609299623447,0.014395681198025144,0.07255094351711659,1.9842169515864174,completed,True,COMPLETE
247,1.0107815604564379,2026-06-09 19:21:12.377713,2026-06-09 19:21:14.369951,0 days 00:00:01.992238,,,,,,,,,,,,,,,SVR,,,,,,3,,,,,,,,,,1.4256477546356434,,0.0012710410164888221,scale,linear,True,,,,,,,,,0.0057555387265574446,0.018523604140758144,99.0,0.012139571433657794,0.006384032707100349,0.03217406595582302,1.9842169515864174,0.9999815521718156,1.02158156874106,99.0,1.0107815604564379,0.010800008284622242,0.054429573721701346,1.9842169515864174,249545692096121.8,333507475829063.06,99.0,291526583962592.44,41980891866470.64,211574101475678.62,1.9842169515864174,3.102222091282631,3.2346175583692163,99.0,3.1684198248259237,0.06619773354329248,0.333621449460787,1.9842169515864174,0.9853554527826507,0.9932651192358914,99.0,0.9893102860092711,0.003954833226620428,0.01993145569822124,1.9842169515864174,100.0,0.27,0.021446105820882983,0.04269150407625261,99.0,0.03206880494856779,0.01062269912768481,0.05353597608966988,1.9842169515864174,SVR,"{'mode': 'original', 'type': 'SVR'}",3,"['nodes_T2W10', 'edges_T2W10', 'atd_T2W10']",0.15601234745769818,0.20780613258537292,99.0,0.18190924002153555,0.025896892563837374,0.13051442052811987,1.9842169515864174,1.3088903387965203,1.337696226809377,99.0,1.3232932828029487,0.01440294400642835,0.07258754641176175,1.9842169515864174,completed,True,COMPLETE
248,0.998872370656275,2026-06-09 19:21:14.382489,2026-06-09 19:21:16.411400,0 days 00:00:02.028911,,,,,,,,,,,,,,,SVR,,,,,,3,,,,,,,,,,1.011727446231522,,0.002188621264705916,scale,linear,True,,,,,,,,,0.01744430661089194,0.030219613752598705,99.0,0.023831960181745323,0.006387653570853384,0.032192314281693536,1.9842169515864174,0.9879677747072992,1.0097769666052507,99.0,0.998872370656275,0.010904595948975785,0.054956671649525834,1.9842169515864174,253254799604180.4,335504204503814.4,99.0,294379502053997.4,41124702449816.98,207259102473331.0,1.9842169515864174,3.090607429799536,3.223305003659646,99.0,3.156956216729591,0.06634878693005485,0.334382724011141,1.9842169515864174,0.9922324356001272,0.9984428939897668,99.0,0.995337664794947,0.003105229194819775,0.015649645530631556,1.9842169515864174,100.0,0.13,0.04165263317673435,0.06139107564003695,99.0,0.05152185440838565,0.0098692212316513,0.049738619679469416,1.9842169515864174,SVR,"{'mode': 'original', 'type': 'SVR'}",3,"['nodes_T2W10', 'edges_T2W10', 'lcc_T2W10']",0.18287017688317217,0.2332276717300016,99.0,0.2080489243065869,0.025178747423414728,0.1268951331319081,1.9842169515864174,1.295675362300129,1.3244513845555932,99.0,1.310063373427861,0.014388011127732116,0.07251228811561478,1.9842169515864174,completed,True,COMPLETE
249,1.0108444473334586,2026-06-09 19:21:16.462928,2026-06-09 19:21:18.463227,0 days 00:00:02.000299,,,,,,,,,,,,,,,SVR,,,,,,3,,,,,,,,,,1.1468357023838907,,0.0015174305930858278,scale,linear,True,,,,,,,,,0.005759395465313648,0.018413192945959216,99.0,0.012086294205636432,0.006326898740322784,0.03188612381959701,1.9842169515864174,1.0000496530745866,1.0216392415923305,99.0,1.0108444473334586,0.010794794258871934,0.054403296223436155,1.9842169515864174,249828026591372.12,333838371266369.6,99.0,291833198928870.9,42005172337498.74,211696469501053.5,1.9842169515864174,3.1021828815759553,3.2345774295998515,99.0,3.1683801555879034,0.06619727401194792,0.3336191335278231,1.9842169515864174,0.9853709020035107,0.9932484831598761,99.0,0.9893096925816934,0.003938790578182742,0.019850604416183464,1.9842169515864174,100.0,0.27,0.021537851131218887,0.04263773736798552,99.0,0.0320877942496022,0.010549943118383314,0.05316930242909398,1.9842169515864174,SVR,"{'mode': 'original', 'type': 'SVR'}",3,"['nodes_T2W10', 'edges_T2W10', 'atd_T2W10']",0.1574450492854949,0.2088981939545338,99.0,0.18317162162001435,0.02572657233451945,0.12965604549417134,1.9842169515864174,1.308897690246598,1.3376883374539905,99.0,1.3232930138502943,0.014395323603696128,0.0725491413234163,1.9842169515864174,completed,True,COMPLETE
250,1.0662254345730808,2026-06-09 19:21:18.475778,2026-06-09 19:21:18.652381,0 days 00:00:00.176603,,,,,,,,,,,,,,,Ridge,,,,,,3,,,,,,,,0.008529773092885756,lsqr,,,,,,True,,,,,,,,,,,,,,,,,,,,,,,,,,,,,,,,,,,,,,,,,,,,,,,,,,,,,Ridge,"{'mode': 'original', 'type': 'Ridge'}",3,"['atd_T2W10', 'density_T2W10', 'asp_T2W10']",,,,,,,,,,,,,,,pruned,True,PRUNED
251,1.2195527964880533,2026-06-09 19:21:18.664057,2026-06-09 19:21:18.801686,0 days 00:00:00.137629,8.0,4.0,6.0,,,,,,,,,,,,DecisionTreeRegressor,,,,,,3,,,,,,,,,,,,,,,True,,,,,,,,,,,,,,,,,,,,,,,,,,,,,,,,,,,,,,,,,,,,,,,,,,,,,DecisionTreeRegressor,"{'mode': 'original', 'type': 'DecisionTreeRegressor'}",3,"['nodes_T2W10', 'l3_T2W10', 'density_T2W10']",,,,,,,,,,,,,,,pruned,True,PRUNED
252,1.010718741548326,2026-06-09 19:21:18.811464,2026-06-09 19:21:20.939886,0 days 00:00:02.128422,,,,,,,,,,,,,,,SVR,,,,,,3,,,,,,,,,,1.7792688322697137,,0.0021921757687521203,scale,linear,True,,,,,,,,,0.006074240626982618,0.018446900879952217,99.0,0.012260570753467417,0.0061863301264847995,0.031177690128787156,1.9842169515864174,0.9998186418676556,1.0216188412289966,99.0,1.010718741548326,0.01090009968067053,0.054934011484760785,1.9842169515864174,251523425132521.06,336282251822816.44,99.0,293902838477668.75,42379413345147.69,213582558657532.78,1.9842169515864174,3.1030589506407438,3.237062416983157,99.0,3.1700606838119505,0.06700173317120653,0.33767342385436955,1.9842169515864174,0.9845122460197617,0.992881664073803,99.0,0.9886969550467823,0.004184709027020669,0.021089977200703373,1.9842169515864174,100.0,0.27,0.022499955862507838,0.04315815547995173,99.0,0.03282905567122978,0.010329099808721945,0.052056302615818506,1.9842169515864174,SVR,"{'mode': 'original', 'type': 'SVR'}",3,"['edges_T2W10', 'diameter_T2W10', 'asp_T2W10']",0.2069995830964442,0.2524869642175845,99.0,0.22974327365701433,0.022743690560570136,0.11462300300572548,1.9842169515864174,1.3083581881484418,1.3373517338389567,99.0,1.3228549609936993,0.014496772845257432,0.07306042231756461,1.9842169515864174,completed,True,COMPLETE
253,0.999969666743433,2026-06-09 19:21:20.953552,2026-06-09 19:21:23.192915,0 days 00:00:02.239363,,,,,,,,,,,,,,,SVR,,,,,,3,,,,,,,,,,0.5860281832061156,,0.0012756661045544477,scale,linear,True,,,,,,,,,0.016737713073554407,0.028860604303239855,99.0,0.02279915868839713,0.006061445614842726,0.03054830072889202,1.9842169515864174,0.989108950970107,1.010830382516759,99.0,0.999969666743433,0.010860715773326,0.054735525591809206,1.9842169515864174,254255852771384.88,337645771988239.5,99.0,295950812379812.2,41694959608427.33,210133068236774.47,1.9842169515864174,3.090232617875196,3.2203208364111284,99.0,3.1552767271431623,0.06504410926796617,0.32780744674095347,1.9842169515864174,0.9942639431298126,0.9987662955060215,99.0,0.996515119317917,0.0022511761881044605,0.011345413546157866,1.9842169515864174,100.0,0.14,0.04030141362147721,0.05939167602010488,99.0,0.049846544820791046,0.009545131199313831,0.04810527997798994,1.9842169515864174,SVR,"{'mode': 'original', 'type': 'SVR'}",3,"['nodes_T2W10', 'edges_T2W10', 'lcc_T2W10']",0.1798115028816695,0.22797894602840943,99.0,0.20389522445503946,0.024083721573369975,0.12137645308450068,1.9842169515864174,1.2968795870872196,1.3256974505202848,99.0,1.3112885188037522,0.014408931716532616,0.07261772310236748,1.9842169515864174,completed,True,COMPLETE
254,0.9990669192212053,2026-06-09 19:21:23.232249,2026-06-09 19:21:25.287047,0 days 00:00:02.054798,,,,,,,,,,,,,,,SVR,,,,,,3,,,,,,,,,,0.852863108681532,,0.0017304213779452166,scale,linear,True,,,,,,,,,0.01732192129447877,0.030001564431049513,99.0,0.02366174286276414,0.006339821568285372,0.03195125191938598,1.9842169515864174,0.9881186576493135,1.010015180793097,99.0,0.9990669192212053,0.010948261571891719,0.05517673641049375,1.9842169515864174,253433484830825.25,336140763240116.9,99.0,294787124035471.06,41353639204645.81,208412891400725.22,1.9842169515864174,3.0890478876077663,3.220383782287366,99.0,3.154715834947566,0.06566794733980005,0.33095144806265936,1.9842169515864174,0.9927570363535868,0.9987878897614274,99.0,0.9957724630575071,0.0030154267039202796,0.015197061498287227,1.9842169515864174,100.0,0.14,0.04121099296780071,0.06110429388196328,99.0,0.05115764342488199,0.009946650457081282,0.0501288452814031,1.9842169515864174,SVR,"{'mode': 'original', 'type': 'SVR'}",3,"['nodes_T2W10', 'edges_T2W10', 'lcc_T2W10']",0.18037667597824544,0.2310162834136452,99.0,0.20569647969594532,0.025319803717699884,0.1276060246207263,1.9842169515864174,1.2958644894670988,1.3247815696938665,99.0,1.3103230295804826,0.014458540113383865,0.07286773808591848,1.9842169515864174,completed,True,COMPLETE
255,1.0836414646001198,2026-06-09 19:21:25.299568,2026-06-09 19:21:25.447899,0 days 00:00:00.148331,,,,,,,,,,,,,,,LinearRegression,,,,,,4,,,,,,,,,,,,,,,True,,,,,,,,,,,,,,,,,,,,,,,,,,,,,,,,,,,,,,,,,,,,,,,,,,,,,LinearRegression,"{'mode': 'original', 'type': 'LinearRegression'}",4,"['atd_T2W10', 'density_T2W10', 'diameter_T2W10', 'asp_T2W10']",,,,,,,,,,,,,,,pruned,True,PRUNED
