number,value,datetime_start,datetime_complete,duration,params_dt_max_depth,params_dt_min_samples_leaf,params_dt_min_samples_split,params_elastic_alpha,params_elastic_l1_ratio,params_et_max_depth,params_et_max_features,params_et_min_samples_leaf,params_et_min_samples_split,params_et_n_estimators,params_knn_metric,params_knn_n_neighbors,params_knn_weights,params_quantile_alpha,params_regressor,params_rf_max_depth,params_rf_max_features,params_rf_min_samples_leaf,params_rf_min_samples_split,params_rf_n_estimators,params_rfe_n_features,params_rfe_proxy_et_max_depth,params_rfe_proxy_et_min_samples_leaf,params_rfe_proxy_et_min_samples_split,params_rfe_proxy_et_n_estimators,params_rfe_proxy_lsvr_C,params_rfe_proxy_lsvr_epsilon,params_rfe_proxy_type,params_ridge_alpha,params_ridge_solver,params_svr_C,params_svr_degree,params_svr_epsilon,params_svr_gamma,params_svr_kernel,params_use_scaler,params_xgb_booster,params_xgb_colsample_bytree,params_xgb_learning_rate,params_xgb_max_depth,params_xgb_n_estimators,params_xgb_reg_alpha,params_xgb_reg_lambda,params_xgb_subsample,user_attrs_d2mae_ci_lower_val,user_attrs_d2mae_ci_upper_val,user_attrs_d2mae_df_val,user_attrs_d2mae_mean_val,user_attrs_d2mae_samperror_val,user_attrs_d2mae_std_val,user_attrs_d2mae_t_critical_val,user_attrs_mae_ci_lower_val,user_attrs_mae_ci_upper_val,user_attrs_mae_df_val,user_attrs_mae_mean_val,user_attrs_mae_samperror_val,user_attrs_mae_std_val,user_attrs_mae_t_critical_val,user_attrs_mape_ci_lower_val,user_attrs_mape_ci_upper_val,user_attrs_mape_df_val,user_attrs_mape_mean_val,user_attrs_mape_samperror_val,user_attrs_mape_std_val,user_attrs_mape_t_critical_val,user_attrs_max_error_ci_lower_val,user_attrs_max_error_ci_upper_val,user_attrs_max_error_df_val,user_attrs_max_error_mean_val,user_attrs_max_error_samperror_val,user_attrs_max_error_std_val,user_attrs_max_error_t_critical_val,user_attrs_median_ae_ci_lower_val,user_attrs_median_ae_ci_upper_val,user_attrs_median_ae_df_val,user_attrs_median_ae_mean_val,user_attrs_median_ae_samperror_val,user_attrs_median_ae_std_val,user_attrs_median_ae_t_critical_val,user_attrs_n_splits_val,user_attrs_r2_below_zero_val,user_attrs_r2_ci_lower_val,user_attrs_r2_ci_upper_val,user_attrs_r2_df_val,user_attrs_r2_mean_val,user_attrs_r2_samperror_val,user_attrs_r2_std_val,user_attrs_r2_t_critical_val,user_attrs_regressor_final,user_attrs_rfe_estimator,user_attrs_rfe_n_features,user_attrs_rfe_selected_features,user_attrs_rho_ci_lower_val,user_attrs_rho_ci_upper_val,user_attrs_rho_df_val,user_attrs_rho_mean_val,user_attrs_rho_samperror_val,user_attrs_rho_std_val,user_attrs_rho_t_critical_val,user_attrs_rmse_ci_lower_val,user_attrs_rmse_ci_upper_val,user_attrs_rmse_df_val,user_attrs_rmse_mean_val,user_attrs_rmse_samperror_val,user_attrs_rmse_std_val,user_attrs_rmse_t_critical_val,user_attrs_termination_reason,user_attrs_use_scaler_final,state
193,0.9989403335473906,2026-06-09 19:18:58.358448,2026-06-09 19:19:00.473731,0 days 00:00:02.115283,,,,,,,,,,,,,,,SVR,,,,,,3,,,,,,,,,,1.07725542215402,,0.002737996267868338,scale,linear,True,,,,,,,,,0.017380788706103878,0.03014828172094971,99.0,0.023764535213526793,0.006383746507422915,0.032172623574851504,1.9842169515864174,0.9880419755075717,1.0098386915872097,99.0,0.9989403335473906,0.010898358039819027,0.05492523401287139,1.9842169515864174,253295023494033.94,335437388112362.7,99.0,294366205803198.3,41071182309164.36,206989373194938.2,1.9842169515864174,3.090302802796918,3.2232260281499006,99.0,3.1567644154734094,0.06646161267649119,0.33495133999008486,1.9842169515864174,0.9918026339186692,0.9980189304880758,99.0,0.9949107822033725,0.003108148284703321,0.01566435707657018,1.9842169515864174,100.0,0.12,0.041793706238753184,0.06146795340293476,99.0,0.05163082982084397,0.009837123582090787,0.0495768548606836,1.9842169515864174,SVR,"{'mode': 'original', 'type': 'SVR'}",3,"['nodes_T2W10', 'edges_T2W10', 'lcc_T2W10']",0.18039835270322876,0.22674683381091512,99.0,0.20357259325707194,0.023174240553843185,0.11679287658194312,1.9842169515864174,1.295615679292185,1.3243617439795945,99.0,1.3099887116358897,0.014373032343704848,0.07243679846708974,1.9842169515864174,completed,True,COMPLETE
194,1.01076719227284,2026-06-09 19:19:00.501329,2026-06-09 19:19:02.616827,0 days 00:00:02.115498,,,,,,,,,,,,,,,SVR,,,,,,3,,,,,,,,,,1.6248844553118043,,0.0018325031118814812,scale,linear,True,,,,,,,,,0.005744797431073901,0.018556902517238762,99.0,0.012150849974156332,0.006406052543082431,0.032285040897169416,1.9842169515864174,0.9999637467278092,1.021570637817871,99.0,1.01076719227284,0.010803445545030915,0.05444689672867357,1.9842169515864174,249235552551877.06,333158925808931.7,99.0,291197239180404.4,41961686628527.3,211477311465251.62,1.9842169515864174,3.1020574210965597,3.2344423743219313,99.0,3.1682498977092455,0.06619247661268594,0.33359495573185105,1.9842169515864174,0.9850695180461542,0.9929701201360714,99.0,0.9890198190911128,0.003950301044958688,0.01990861453834648,1.9842169515864174,100.0,0.28,0.02160580776299567,0.04289856220776207,99.0,0.03225218498537887,0.010646377222383199,0.05365530827599889,1.9842169515864174,SVR,"{'mode': 'original', 'type': 'SVR'}",3,"['nodes_T2W10', 'edges_T2W10', 'atd_T2W10']",0.15724234223994396,0.20841293677429282,99.0,0.1828276395071184,0.02558529726717444,0.1289440514391258,1.9842169515864174,1.30875779132319,1.3375688538159691,99.0,1.3231633225695796,0.014405531246389514,0.07260058550992637,1.9842169515864174,completed,True,COMPLETE
195,0.9992641836631568,2026-06-09 19:19:02.629488,2026-06-09 19:19:04.509764,0 days 00:00:01.880276,,,,,,,,,,,,,,,SVR,,,,,,3,,,,,,,,,,1.0056094466923067,,0.004903634077521234,scale,linear,True,,,,,,,,,0.017050095059568234,0.02985366095595573,99.0,0.02345187800776198,0.006401782948193746,0.03226352311462415,1.9842169515864174,0.9883374680639208,1.010190899262393,99.0,0.9992641836631568,0.01092671559923608,0.05506814963202472,1.9842169515864174,253243525630433.34,335519879530884.75,99.0,294381702580659.06,41138176950225.71,207327010876179.6,1.9842169515864174,3.0893473995509275,3.222314016025871,99.0,3.1558307077883994,0.06648330823747195,0.33506068065952843,1.9842169515864174,0.9904767760647532,0.9964182959536606,99.0,0.9934475360092069,0.0029707599444536814,0.014971951237885077,1.9842169515864174,100.0,0.14,0.04168817159721162,0.06149529165935112,99.0,0.05159173162828137,0.009903560031069748,0.049911679381388574,1.9842169515864174,SVR,"{'mode': 'original', 'type': 'SVR'}",3,"['nodes_T2W10', 'edges_T2W10', 'lcc_T2W10']",0.17945847864480954,0.22701216754046818,99.0,0.20323532309263886,0.023776844447829317,0.11982986249975991,1.9842169515864174,1.2956015948093347,1.3244306132852124,99.0,1.3100161040472735,0.014414509237938761,0.07264583253567157,1.9842169515864174,completed,True,COMPLETE
196,1.0106770348746716,2026-06-09 19:19:04.522840,2026-06-09 19:19:06.608188,0 days 00:00:02.085348,,,,,,,,,,,,,,,SVR,,,,,,3,,,,,,,,,,1.3121629175287057,,0.00303966827314087,scale,linear,True,,,,,,,,,0.005866225934739347,0.018621131261168967,99.0,0.012243678597954158,0.006377452663214811,0.032140904038320615,1.9842169515864174,0.9998737165416565,1.0214803532076868,99.0,1.0106770348746716,0.010803318333015165,0.054446255609184854,1.9842169515864174,249066149692254.12,332917522625172.9,99.0,290991836158713.5,41925686466459.37,211295878875236.03,1.9842169515864174,3.1017347840628986,3.2340300771625854,99.0,3.167882430612742,0.06614764654984343,0.33336902245975264,1.9842169515864174,0.9847162126982868,0.9925446903703136,99.0,0.9886304515343002,0.003914238836013416,0.019726869246248054,1.9842169515864174,100.0,0.25,0.022093844584315292,0.043302207321939776,99.0,0.032698025953127534,0.01060418136881224,0.05344265081665594,1.9842169515864174,SVR,"{'mode': 'original', 'type': 'SVR'}",3,"['nodes_T2W10', 'edges_T2W10', 'atd_T2W10']",0.15513191872626267,0.20687713388803367,99.0,0.18100452630714817,0.025872607580885502,0.13039202976368025,1.9842169515864174,1.3084616979559451,1.3372714646503716,99.0,1.3228665813031584,0.014404883347213194,0.07259732024613653,1.9842169515864174,completed,True,COMPLETE
197,1.0259964228479894,2026-06-09 19:19:06.621021,2026-06-09 19:19:08.271692,0 days 00:00:01.650671,,,,,,,,,,,,,,,Ridge,,,,,,3,,,,,,,,2.540636816539344,sparse_cg,,,,,,False,,,,,,,,,-0.008739291305366197,0.003386056603868879,99.0,-0.002676617350748659,0.006062673954617538,0.030554491280655172,1.9842169515864174,1.0151036377309905,1.0368892079649883,99.0,1.0259964228479894,0.010892785116998883,0.05489714775538987,1.9842169515864174,258925531624346.9,343581781231131.75,99.0,301253656427739.3,42328124803392.414,213324076127614.53,1.9842169515864174,3.033177952640828,3.1355276597728574,99.0,3.0843528062068426,0.05117485356601501,0.2579095674245691,1.9842169515864174,0.9619372129454556,0.9803956699994508,99.0,0.9711664414724532,0.00922922852699759,0.04651320270003064,1.9842169515864174,100.0,0.16,0.03927278806658366,0.056127724531589165,99.0,0.04770025629908641,0.008427468232502755,0.04247251403514541,1.9842169515864174,Ridge,"{'mode': 'original', 'type': 'Ridge'}",3,"['edges_T2W10', 'l1_T2W10', 'l3_T2W10']",0.17874496537164503,0.22922857874573765,99.0,0.20398677205869134,0.025241806687046307,0.12721293741022133,1.9842169515864174,1.2987265497195102,1.3270151957904477,99.0,1.312870872754979,0.014144323035468713,0.0712841558185463,1.9842169515864174,completed,False,COMPLETE
198,1.0340507819141294,2026-06-09 19:19:08.305893,2026-06-09 19:19:10.270050,0 days 00:00:01.964157,,,,,,,,,,,,,,,SVR,,,,,,3,,,,,,,,,,1.9041669282735938,,0.0038979394372139617,scale,linear,True,,,,,,,,,-0.01584421645402359,-0.005317579299845885,99.0,-0.010580897876934739,0.005263318577088854,0.026525922847704404,1.9842169515864174,1.0236644996449573,1.0444370641833014,99.0,1.0340507819141294,0.010386282269172022,0.05234448914907214,1.9842169515864174,272876628129155.5,362866506672633.0,99.0,317871567400894.25,44994939271738.734,226764211623958.1,1.9842169515864174,3.062001834635199,3.1543760436568005,99.0,3.108188939146,0.0461871045108006,0.23277245199358457,1.9842169515864174,0.9725112969707773,0.9853763233494716,99.0,0.9789438101601244,0.00643251318934707,0.0324183965075198,1.9842169515864174,100.0,0.36,0.001970567432950956,0.01747299120236041,99.0,0.009721779317655683,0.007751211884704727,0.039064336581277025,1.9842169515864174,SVR,"{'mode': 'original', 'type': 'SVR'}",3,"['nodes_T2W10', 'atd_T2W10', 'asp_T2W10']",0.11795212272569916,0.16571782686794673,99.0,0.14183497479682294,0.023882852071123777,0.12036411669615565,1.9842169515864174,1.3248875494245622,1.352706626381698,99.0,1.3387970879031301,0.013909538478567804,0.07010089530505662,1.9842169515864174,completed,True,COMPLETE
199,1.0762975390695448,2026-06-09 19:19:10.282647,2026-06-09 19:19:10.404202,0 days 00:00:00.121555,2.0,3.0,16.0,,,,,,,,,,,,DecisionTreeRegressor,,,,,,3,,,,,,,,,,,,,,,True,,,,,,,,,,,,,,,,,,,,,,,,,,,,,,,,,,,,,,,,,,,,,,,,,,,,,DecisionTreeRegressor,"{'mode': 'original', 'type': 'DecisionTreeRegressor'}",3,"['nodes_T2W10', 'edges_T2W10', 'density_T2W10']",,,,,,,,,,,,,,,pruned,True,PRUNED
200,1.0104928347857352,2026-06-09 19:19:10.414494,2026-06-09 19:19:12.530063,0 days 00:00:02.115569,,,,,,,,,,,,,,,SVR,,,,,,2,,,,,,,,,,0.5279552374775663,,0.002073931159088927,scale,linear,True,,,,,,,,,0.006276611466719109,0.01870833942942217,99.0,0.012492475448070639,0.00621586398135153,0.031326534008198216,1.9842169515864174,0.9995331804736839,1.0214524890977865,99.0,1.0104928347857352,0.010959654312051306,0.055234153217413366,1.9842169515864174,251458100068878.53,336121697475876.0,99.0,293789898772377.25,42331798703498.72,213342591744585.6,1.9842169515864174,3.1063259571885284,3.2404570451631036,99.0,3.173391501175816,0.06706554398728778,0.3379950157852833,1.9842169515864174,0.9889587836555928,0.9963933141268858,99.0,0.9926760488912393,0.0037172652356465764,0.018734167313078115,1.9842169515864174,100.0,0.29,0.02147941995866365,0.04206831592048803,99.0,0.03177386793957584,0.010294447980912187,0.051881665322340835,1.9842169515864174,SVR,"{'mode': 'original', 'type': 'SVR'}",2,"['edges_T2W10', 'lcc_T2W10']",0.19183969825095518,0.24301343139561352,99.0,0.21742656482328435,0.025586866572329173,0.12895196037848589,1.9842169515864174,1.309106835573411,1.3380442840992444,99.0,1.3235755598363277,0.014468724262916649,0.0729190638722678,1.9842169515864174,completed,True,COMPLETE
201,0.9989874817970471,2026-06-09 19:19:12.545440,2026-06-09 19:19:14.510806,0 days 00:00:01.965366,,,,,,,,,,,,,,,SVR,,,,,,3,,,,,,,,,,0.9736658692603454,,0.0028045586129993682,scale,linear,True,,,,,,,,,0.01733506645501817,0.03011102036031942,99.0,0.023723043407668794,0.006387976952650626,0.03219394405205198,1.9842169515864174,0.988068706634302,1.009906256959792,99.0,0.9989874817970471,0.010918775162745042,0.05502813164666939,1.9842169515864174,253264892488501.38,335603356077097.4,99.0,294434124282799.4,41169231794298.0,207483520193608.12,1.9842169515864174,3.0899791672258257,3.2223767680842377,99.0,3.1561779676550317,0.06619880042920592,0.3336268263219845,1.9842169515864174,0.99193589033578,0.9980322243588524,99.0,0.9949840573473162,0.0030481670115361883,0.015362065166811137,1.9842169515864174,100.0,0.14,0.041572481172692605,0.06137892509168319,99.0,0.0514757031321879,0.009903221959495292,0.0499099755779099,1.9842169515864174,SVR,"{'mode': 'original', 'type': 'SVR'}",3,"['nodes_T2W10', 'edges_T2W10', 'lcc_T2W10']",0.17799400440531227,0.22720795799819282,99.0,0.20260098120175254,0.024606976796440284,0.12401353983376949,1.9842169515864174,1.2956862112763348,1.3245049805271465,99.0,1.3100955959017406,0.014409384625405934,0.07262000565958965,1.9842169515864174,completed,True,COMPLETE
202,0.9989325787184155,2026-06-09 19:19:14.524769,2026-06-09 19:19:16.522833,0 days 00:00:01.998064,,,,,,,,,,,,,,,SVR,,,,,,3,,,,,,,,,,1.0370119304957424,,0.0025444822011952226,scale,linear,True,,,,,,,,,0.017383099420383685,0.030160069089487887,99.0,0.023771584254935786,0.006388484834552101,0.03219650366077354,1.9842169515864174,0.988032832840162,1.009832324596669,99.0,0.9989325787184155,0.010899745878253455,0.05493222840143015,1.9842169515864174,253249062168385.06,335449983562912.8,99.0,294349522865648.94,41100460697263.87,207136929580222.06,1.9842169515864174,3.0904667283323897,3.2233549441367395,99.0,3.1569108362345646,0.06644410790217489,0.3348631199277459,1.9842169515864174,0.9919333357773037,0.9981677200251922,99.0,0.9950505279012479,0.0031171921239442385,0.015709935959633783,1.9842169515864174,100.0,0.13,0.041692224121026994,0.061414166181110647,99.0,0.05155319515106882,0.009860971030041826,0.04969704054870513,1.9842169515864174,SVR,"{'mode': 'original', 'type': 'SVR'}",3,"['nodes_T2W10', 'edges_T2W10', 'lcc_T2W10']",0.1819104172447504,0.23045444376404148,99.0,0.20618243050439594,0.02427201325964554,0.12232540015465358,1.9842169515864174,1.2956585537563647,1.3244240549009354,99.0,1.31004130432865,0.014382750572285245,0.07248577611831193,1.9842169515864174,completed,True,COMPLETE
203,0.9989011215213796,2026-06-09 19:19:16.535490,2026-06-09 19:19:18.619495,0 days 00:00:02.084005,,,,,,,,,,,,,,,SVR,,,,,,3,,,,,,,,,,1.0766969876289147,,0.0024826287999443306,scale,linear,True,,,,,,,,,0.017420775573427832,0.030184336863119554,99.0,0.023802556218273693,0.006381780644845861,0.032162716076704775,1.9842169515864174,0.988005385130925,1.0097968579118342,99.0,0.9989011215213796,0.010895736390454647,0.05491202149917784,1.9842169515864174,253296951836459.22,335440728511650.3,99.0,294368840174054.75,41071888337595.54,206992931416888.75,1.9842169515864174,3.0904225942607813,3.223310242094615,99.0,3.156866418177698,0.06644382391691717,0.33486168870694366,1.9842169515864174,0.9920055407231956,0.9982537262481135,99.0,0.9951296334856545,0.0031240927624588996,0.01574471360080424,1.9842169515864174,100.0,0.12,0.04178512426011108,0.061454346086779826,99.0,0.05161973517344545,0.00983461091333437,0.049564191584349784,1.9842169515864174,SVR,"{'mode': 'original', 'type': 'SVR'}",3,"['nodes_T2W10', 'edges_T2W10', 'lcc_T2W10']",0.1846912650959221,0.2339955854424695,99.0,0.2093434252691958,0.024652160173273707,0.12424125372764232,1.9842169515864174,1.295626141028735,1.32436581296646,99.0,1.3099959769975975,0.014369835968862378,0.07242068946832368,1.9842169515864174,completed,True,COMPLETE
204,0.9988570100706339,2026-06-09 19:19:18.632227,2026-06-09 19:19:20.704755,0 days 00:00:02.072528,,,,,,,,,,,,,,,SVR,,,,,,3,,,,,,,,,,1.1090790406993463,,0.002374333091389172,scale,linear,True,,,,,,,,,0.01746861823986932,0.0302233122071404,99.0,0.02384596522350486,0.006377346983635539,0.03214037143739113,1.9842169515864174,0.9879633473722562,1.0097506727690115,99.0,0.9988570100706339,0.01089366269837771,0.05490157056499305,1.9842169515864174,253305933952448.62,335400570924873.6,99.0,294353252438661.1,41047318486212.51,206869104980654.6,1.9842169515864174,3.0903493783909735,3.2231978606397407,99.0,3.156773619515357,0.06642424112438361,0.3347629959076613,1.9842169515864174,0.9921190620743358,0.9983779799547682,99.0,0.995248521014552,0.0031294589402162207,0.015771757910414793,1.9842169515864174,100.0,0.12,0.04190355024084226,0.06152358030835495,99.0,0.051713565274598604,0.00981001503375634,0.04944023397196086,1.9842169515864174,SVR,"{'mode': 'original', 'type': 'SVR'}",3,"['nodes_T2W10', 'edges_T2W10', 'lcc_T2W10']",0.17990401148207563,0.2290652190852686,99.0,0.20448461528367212,0.024580603801596494,0.12388062596654996,1.9842169515864174,1.2955718650326349,1.3242933051278107,99.0,1.3099325850802228,0.014360720047588005,0.07237474730828375,1.9842169515864174,completed,True,COMPLETE
205,1.0107331037776348,2026-06-09 19:19:20.718751,2026-06-09 19:19:22.632089,0 days 00:00:01.913338,,,,,,,,,,,,,,,SVR,,,,,,3,,,,,,,,,,1.3154414073882497,,0.0023572696041253473,scale,linear,True,,,,,,,,,0.005818395323693494,0.018560907866800647,99.0,0.012189651595247071,0.006371256271553577,0.032109675640355974,1.9842169515864174,0.9999307171288413,1.0215354904264284,99.0,1.0107331037776348,0.010802386648793556,0.05444156013361771,1.9842169515864174,249320769966820.22,333227836702790.3,99.0,291274303334805.25,41953533367985.04,211436220895313.06,1.9842169515864174,3.101944052990182,3.23430792705599,99.0,3.168125990023086,0.06618193703290415,0.3335418386582702,1.9842169515864174,0.9849680526566514,0.9927948827119671,99.0,0.9888814676843093,0.003913415027657815,0.019722717440393646,1.9842169515864174,100.0,0.27,0.021836141290372747,0.04302982420964696,99.0,0.03243298275000985,0.010596841459637105,0.05340565935173943,1.9842169515864174,SVR,"{'mode': 'original', 'type': 'SVR'}",3,"['nodes_T2W10', 'edges_T2W10', 'atd_T2W10']",0.15658183466603615,0.2079865184130651,99.0,0.18228417653955062,0.025702341873514476,0.12953392950788464,1.9842169515864174,1.3086428471549252,1.33745780388967,99.0,1.3230503255222976,0.014407478367372441,0.07261039855472155,1.9842169515864174,completed,True,COMPLETE
206,0.9994407221356557,2026-06-09 19:19:22.645022,2026-06-09 19:19:24.834853,0 days 00:00:02.189831,,,,,,,,,,,,,,,SVR,,,,,,4,,,,,,,,,,1.1134774363078859,,0.0017584863467236707,scale,linear,True,,,,,,,,,0.016878285684345753,0.02969791615926174,99.0,0.023288100921803747,0.0064098152374579935,0.03230400401696614,1.9842169515864174,0.9884751629126352,1.0104062813586763,99.0,0.9994407221356557,0.010965559223020541,0.05526391261929991,1.9842169515864174,253410389897775.25,335529887777920.0,99.0,294470138837847.6,41059748940072.38,206931751627483.94,1.9842169515864174,3.0926873534882535,3.226485931807633,99.0,3.1595866426479433,0.06689928915968968,0.3371571294469714,1.9842169515864174,0.9908910635859494,0.9977325729146005,99.0,0.9943118182502749,0.003420754664325565,0.017239821792625093,1.9842169515864174,100.0,0.12,0.04104153227157313,0.060786121784358604,99.0,0.05091382702796587,0.009872294756392737,0.04975410954180015,1.9842169515864174,SVR,"{'mode': 'original', 'type': 'SVR'}",4,"['nodes_T2W10', 'edges_T2W10', 'lcc_T2W10', 'asp_T2W10']",0.17994190840528793,0.22804578394626976,99.0,0.20399384617577884,0.024051937770490917,0.1212162699812687,1.9842169515864174,1.2960603554588555,1.324923631557834,99.0,1.3104919935083448,0.014431638049489395,0.07273215783158711,1.9842169515864174,completed,True,COMPLETE
207,1.0662664109479998,2026-06-09 19:19:24.847828,2026-06-09 19:19:24.973168,0 days 00:00:00.125340,,,,,,,,,,,,,,,LinearRegression,,,,,,3,,,,,,,,,,,,,,,True,,,,,,,,,,,,,,,,,,,,,,,,,,,,,,,,,,,,,,,,,,,,,,,,,,,,,LinearRegression,"{'mode': 'original', 'type': 'LinearRegression'}",3,"['atd_T2W10', 'density_T2W10', 'asp_T2W10']",,,,,,,,,,,,,,,pruned,True,PRUNED
208,1.0107429328924686,2026-06-09 19:19:24.983269,2026-06-09 19:19:26.954066,0 days 00:00:01.970797,,,,,,,,,,,,,,,SVR,,,,,,3,,,,,,,,,,1.5948431042959983,,0.002912888745865177,scale,linear,True,,,,,,,,,0.0057826698265967735,0.018569679088573654,99.0,0.012176174457585214,0.006393504630988441,0.032221802287681886,1.9842169515864174,0.9999417122418708,1.0215441535430665,99.0,1.0107429328924686,0.010801220650597894,0.05443568376916708,1.9842169515864174,249070482588945.8,332924075989948.7,99.0,290997279289447.25,41926796700501.45,211301474201095.9,1.9842169515864174,3.1016732592979146,3.233950345531036,99.0,3.1678118024144752,0.0661385431165605,0.3333231432363358,1.9842169515864174,0.9847388279221605,0.9925769038515491,99.0,0.9886578658868548,0.003919037964694313,0.01975105575809627,1.9842169515864174,100.0,0.26,0.021968424240402393,0.043206766191336926,99.0,0.03258759521586966,0.010619170975467265,0.053518195008751664,1.9842169515864174,SVR,"{'mode': 'original', 'type': 'SVR'}",3,"['nodes_T2W10', 'edges_T2W10', 'atd_T2W10']",0.1578934196444402,0.2096096563928998,99.0,0.18375153801867,0.025858118374229792,0.13031900747322897,1.9842169515864174,1.308541714531682,1.3373310049387934,99.0,1.3229363597352377,0.014394645203555736,0.07254572234173766,1.9842169515864174,completed,True,COMPLETE
