number,value,datetime_start,datetime_complete,duration,params_dt_max_depth,params_dt_min_samples_leaf,params_dt_min_samples_split,params_elastic_alpha,params_elastic_l1_ratio,params_et_max_depth,params_et_max_features,params_et_min_samples_leaf,params_et_min_samples_split,params_et_n_estimators,params_knn_metric,params_knn_n_neighbors,params_knn_weights,params_quantile_alpha,params_regressor,params_rf_max_depth,params_rf_max_features,params_rf_min_samples_leaf,params_rf_min_samples_split,params_rf_n_estimators,params_rfe_n_features,params_rfe_proxy_et_max_depth,params_rfe_proxy_et_min_samples_leaf,params_rfe_proxy_et_min_samples_split,params_rfe_proxy_et_n_estimators,params_rfe_proxy_lsvr_C,params_rfe_proxy_lsvr_epsilon,params_rfe_proxy_type,params_ridge_alpha,params_ridge_solver,params_svr_C,params_svr_degree,params_svr_epsilon,params_svr_gamma,params_svr_kernel,params_use_scaler,params_xgb_booster,params_xgb_colsample_bytree,params_xgb_learning_rate,params_xgb_max_depth,params_xgb_n_estimators,params_xgb_reg_alpha,params_xgb_reg_lambda,params_xgb_subsample,user_attrs_d2mae_ci_lower_val,user_attrs_d2mae_ci_upper_val,user_attrs_d2mae_df_val,user_attrs_d2mae_mean_val,user_attrs_d2mae_samperror_val,user_attrs_d2mae_std_val,user_attrs_d2mae_t_critical_val,user_attrs_mae_ci_lower_val,user_attrs_mae_ci_upper_val,user_attrs_mae_df_val,user_attrs_mae_mean_val,user_attrs_mae_samperror_val,user_attrs_mae_std_val,user_attrs_mae_t_critical_val,user_attrs_mape_ci_lower_val,user_attrs_mape_ci_upper_val,user_attrs_mape_df_val,user_attrs_mape_mean_val,user_attrs_mape_samperror_val,user_attrs_mape_std_val,user_attrs_mape_t_critical_val,user_attrs_max_error_ci_lower_val,user_attrs_max_error_ci_upper_val,user_attrs_max_error_df_val,user_attrs_max_error_mean_val,user_attrs_max_error_samperror_val,user_attrs_max_error_std_val,user_attrs_max_error_t_critical_val,user_attrs_median_ae_ci_lower_val,user_attrs_median_ae_ci_upper_val,user_attrs_median_ae_df_val,user_attrs_median_ae_mean_val,user_attrs_median_ae_samperror_val,user_attrs_median_ae_std_val,user_attrs_median_ae_t_critical_val,user_attrs_n_splits_val,user_attrs_r2_below_zero_val,user_attrs_r2_ci_lower_val,user_attrs_r2_ci_upper_val,user_attrs_r2_df_val,user_attrs_r2_mean_val,user_attrs_r2_samperror_val,user_attrs_r2_std_val,user_attrs_r2_t_critical_val,user_attrs_regressor_final,user_attrs_rfe_estimator,user_attrs_rfe_n_features,user_attrs_rfe_selected_features,user_attrs_rho_ci_lower_val,user_attrs_rho_ci_upper_val,user_attrs_rho_df_val,user_attrs_rho_mean_val,user_attrs_rho_samperror_val,user_attrs_rho_std_val,user_attrs_rho_t_critical_val,user_attrs_rmse_ci_lower_val,user_attrs_rmse_ci_upper_val,user_attrs_rmse_df_val,user_attrs_rmse_mean_val,user_attrs_rmse_samperror_val,user_attrs_rmse_std_val,user_attrs_rmse_t_critical_val,user_attrs_termination_reason,user_attrs_use_scaler_final,state
114,1.0251685398965662,2026-06-09 19:14:10.699098,2026-06-09 19:14:13.007970,0 days 00:00:02.308872,,,,,,,,,,,,,,,SVR,,,,,,2,5.0,2.0,2.0,70.0,,,ExtraTrees,,,4.167956974954247,2.0,0.0010149856517763073,scale,poly,True,,,,,,,,,-0.006868336378824086,0.0035141323699988073,99.0,-0.0016771020044126395,0.005191234374411447,0.026162634938991732,1.9842169515864174,1.014051023198856,1.0362860565942764,99.0,1.0251685398965662,0.011117516697710142,0.056029743566203716,1.9842169515864174,292376522887323.6,386819577978578.0,99.0,339598050432950.8,47221527545627.21,237985707701331.5,1.9842169515864174,3.0627518485255307,3.1934025397105494,99.0,3.12807719411804,0.06532534559250952,0.3292248135481391,1.9842169515864174,0.9759955602811562,0.983016941958838,99.0,0.9795062511199971,0.003510690838840954,0.017693079559843963,1.9842169515864174,100.0,0.32,-0.0021947006375176905,0.020274067903410152,99.0,0.00903968363294623,0.01123438427046392,0.05661872942614378,1.9842169515864174,SVR,"{'mode': 'proxy', 'type': 'ExtraTrees'}",2,"['edges_T2W10', 'asp_T2W10']",0.12067773526273103,0.17620282615727126,99.0,0.14844028071000115,0.02776254544727012,0.1399168847190498,1.9842169515864174,1.3235379476181457,1.355109129857162,99.0,1.3393235387376539,0.01578559111950823,0.07955577189725835,1.9842169515864174,completed,True,COMPLETE
115,1.033839334178929,2026-06-09 19:14:13.020951,2026-06-09 19:14:14.682851,0 days 00:00:01.661900,,,,,,,,,,,,,,,Ridge,,,,,,4,,,,,,,,0.7799850770252805,auto,,,,,,True,,,,,,,,,-0.02017984509012378,-0.0009915904995627996,99.0,-0.01058571779484329,0.00959412729528049,0.04835220910500644,1.9842169515864174,1.0212682259021058,1.046410442455752,99.0,1.033839334178929,0.012571108276823267,0.06335551294818058,1.9842169515864174,245033525929924.8,328804069470626.7,99.0,286918797700275.75,41885271770350.94,211092198042471.62,1.9842169515864174,3.06973607691901,3.1985394949097388,99.0,3.1341377859143744,0.06440170899536433,0.3245698961692369,1.9842169515864174,0.9356235561008294,0.9656075107516354,99.0,0.9506155334262324,0.014991977325403028,0.07555613973268735,1.9842169515864174,100.0,0.27,0.023612262334163005,0.05161744585568783,99.0,0.03761485409492542,0.014002591760762413,0.070569862582653,1.9842169515864174,Ridge,"{'mode': 'original', 'type': 'Ridge'}",4,"['edges_T2W10', 'atd_T2W10', 'density_T2W10', 'asp_T2W10']",0.17900714158432593,0.22951115414027026,99.0,0.2042591478622981,0.02525200627797217,0.12726434101766307,1.9842169515864174,1.3037375125469437,1.334289395348293,99.0,1.3190134539476184,0.015275941400674585,0.0769872537801937,1.9842169515864174,completed,True,COMPLETE
116,1.010700737334619,2026-06-09 19:14:14.695639,2026-06-09 19:14:16.711851,0 days 00:00:02.016212,,,,,,,,,,,,,,,SVR,,,,,,3,,,,,,,,,,1.451114449890388,,0.005280942553838147,scale,linear,False,,,,,,,,,0.005843006654614608,0.01859497538028764,99.0,0.012218991017451124,0.006375984362836516,0.03213350413995204,1.9842169515864174,0.9999047211808301,1.021496753488408,99.0,1.010700737334619,0.01079601615378901,0.0544094542945891,1.9842169515864174,248653064636914.56,332379700315221.2,99.0,290516382476067.9,41863317839153.31,210981555246178.25,1.9842169515864174,3.1011614574781468,3.233177395231215,99.0,3.167169426354681,0.06600796887653387,0.3326650789056071,1.9842169515864174,0.9840827858260011,0.9918071254331398,99.0,0.9879449556295704,0.003862169803569293,0.01946445322161681,1.9842169515864174,100.0,0.25,0.02275595885038694,0.04389862282146451,99.0,0.03332729083592573,0.010571331985538786,0.053277097431744115,1.9842169515864174,SVR,"{'mode': 'original', 'type': 'SVR'}",3,"['nodes_T2W10', 'edges_T2W10', 'atd_T2W10']",0.1524856052807317,0.20328401454688674,99.0,0.17788480991380923,0.025399204633077512,0.1280061870894228,1.9842169515864174,1.3080461673359765,1.336832925140177,99.0,1.3224395462380767,0.014393378902100136,0.0725393404717784,1.9842169515864174,completed,True,COMPLETE
117,1.2161532231940395,2026-06-09 19:14:16.724856,2026-06-09 19:14:16.851500,0 days 00:00:00.126644,13.0,5.0,12.0,,,,,,,,,,,,DecisionTreeRegressor,,,,,,3,,,,,,,,,,,,,,,True,,,,,,,,,,,,,,,,,,,,,,,,,,,,,,,,,,,,,,,,,,,,,,,,,,,,,DecisionTreeRegressor,"{'mode': 'original', 'type': 'DecisionTreeRegressor'}",3,"['nodes_T2W10', 'edges_T2W10', 'lcc_T2W10']",,,,,,,,,,,,,,,pruned,True,PRUNED
118,1.0139880477040584,2026-06-09 19:14:16.861149,2026-06-09 19:14:18.839138,0 days 00:00:01.977989,,,,,,,,,,,,,,,SVR,,,,,,4,,,,,,,,,,1.246952565547572,,0.0013411713895301308,scale,linear,True,,,,,,,,,0.0026763990266442184,0.015364919916322408,99.0,0.009020659471483313,0.006344260444839094,0.03197362284283855,1.9842169515864174,1.0031530829991593,1.0248230124089575,99.0,1.0139880477040584,0.010834964704899013,0.05460574609160688,1.9842169515864174,250956283017426.88,334679079615929.5,99.0,292817681316678.2,41861398299251.305,210971881203728.06,1.9842169515864174,3.1102754885063697,3.242274276221482,99.0,3.1762748823639257,0.06599939385755621,0.33262186276953487,1.9842169515864174,0.9697115916053843,0.980914275037193,99.0,0.9753129333212887,0.005601341715904271,0.02822948222182003,1.9842169515864174,100.0,0.25,0.022560230935892767,0.04355478211418275,99.0,0.03305750652503776,0.010497275589144992,0.05290387011738928,1.9842169515864174,SVR,"{'mode': 'original', 'type': 'SVR'}",4,"['nodes_T2W10', 'edges_T2W10', 'atd_T2W10', 'asp_T2W10']",0.184767403062605,0.2332608170954393,99.0,0.20901411007902215,0.02424670701641715,0.12219786247180012,1.9842169515864174,1.3081726440221453,1.3371595039054305,99.0,1.3226660739637879,0.014493429941642523,0.07304357484727042,1.9842169515864174,completed,True,COMPLETE
119,1.0522766075513308,2026-06-09 19:14:18.851307,2026-06-09 19:14:20.657862,0 days 00:00:01.806555,,,,,,,,,,,,,,,LinearRegression,,,,,,2,,,,,,,,,,,,,,,True,,,,,,,,,-0.03439090900950367,-0.022555011558854025,99.0,-0.02847296028417885,0.005917948725324822,0.02982510919782897,1.9842169515864174,1.0416939081294843,1.0628593069731773,99.0,1.0522766075513308,0.010582699421846576,0.05333438671303315,1.9842169515864174,282192732895551.94,372707548688495.94,99.0,327450140792023.94,45257407896471.98,228086993512921.38,1.9842169515864174,3.055789432475601,3.124187120718731,99.0,3.089988276597166,0.034198844121565146,0.17235435920564307,1.9842169515864174,0.997731171329797,1.0140162142820401,99.0,1.0058736928059187,0.008142521476121578,0.041036447499410204,1.9842169515864174,100.0,0.42,-0.006103554998016625,0.010782553242801429,99.0,0.0023394991223924023,0.008443054120409027,0.0425510633484844,1.9842169515864174,LinearRegression,"{'mode': 'original', 'type': 'LinearRegression'}",2,"['atd_T2W10', 'density_T2W10']",0.0012477472229009863,0.056568359920363395,99.0,0.02890805357163219,0.027660306348731203,0.13940162302623352,1.9842169515864174,1.3295531670713931,1.357982566656588,99.0,1.3437678668639905,0.014214699792597311,0.0716388385918808,1.9842169515864174,completed,True,COMPLETE
120,0.9989750757219508,2026-06-09 19:14:20.670031,2026-06-09 19:14:22.693987,0 days 00:00:02.023956,,,,,,,,,,,,,,,SVR,,,,,,3,,,,,,,,,,0.9610881854357343,,0.0024821244933590915,scale,linear,True,,,,,,,,,0.017354933611746566,0.030117629106997723,99.0,0.023736281359372145,0.00638134774762558,0.03216053437364083,1.9842169515864174,0.9880564660604068,1.0098936853834948,99.0,0.9989750757219508,0.010918609661544051,0.05502729755843697,1.9842169515864174,253319853413169.34,335705608744197.3,99.0,294512731078683.3,41192877665513.98,207602689980949.53,1.9842169515864174,3.089964809442977,3.2221942338973095,99.0,3.156079521670143,0.06611471222716642,0.3332030409996573,1.9842169515864174,0.992168341025211,0.9982753150109694,99.0,0.9952218280180902,0.003053486992879247,0.015388876657050675,1.9842169515864174,100.0,0.14,0.04150162893844149,0.06130622619435899,99.0,0.05140392756640024,0.009902298627958748,0.049905322197966714,1.9842169515864174,SVR,"{'mode': 'original', 'type': 'SVR'}",3,"['nodes_T2W10', 'edges_T2W10', 'lcc_T2W10']",0.17825368368905292,0.22844836007105984,99.0,0.20335102188005638,0.02509733819100347,0.12648484920430547,1.9842169515864174,1.2957345199757253,1.3245579038793072,99.0,1.3101462119275162,0.014411691951791032,0.07263163405729713,1.9842169515864174,completed,True,COMPLETE
121,0.9991623065965675,2026-06-09 19:14:22.707046,2026-06-09 19:14:24.693617,0 days 00:00:01.986571,,,,,,,,,,,,,,,SVR,,,,,,3,,,,,,,,,,0.8921749873021844,,0.0027263787083625286,scale,linear,True,,,,,,,,,0.017205236813303285,0.02992423540525422,99.0,0.023564736109278752,0.006359499295975467,0.03205042317016257,1.9842169515864174,0.9882148644403148,1.0101097487528201,99.0,0.9991623065965675,0.010947442156252606,0.055172606742926615,1.9842169515864174,253436910574020.66,336039946130041.7,99.0,294738428352031.2,41301517778010.52,208150211321343.72,1.9842169515864174,3.0889442654508903,3.220648002793058,99.0,3.154796134121974,0.06585186867108399,0.33187836954237404,1.9842169515864174,0.9920591655185629,0.9980296546471565,99.0,0.9950444100828597,0.0029852445642968633,0.0150449504118494,1.9842169515864174,100.0,0.14,0.04130278231316102,0.061184946162211234,99.0,0.05124386423768613,0.00994108192452511,0.050100781149848735,1.9842169515864174,SVR,"{'mode': 'original', 'type': 'SVR'}",3,"['nodes_T2W10', 'edges_T2W10', 'lcc_T2W10']",0.18485536181721185,0.23578316547905498,99.0,0.21031926364813341,0.025463901830921575,0.12833224618186395,1.9842169515864174,1.2958140645781708,1.324707222659585,99.0,1.310260643618878,0.014446579040707059,0.0728074570129882,1.9842169515864174,completed,True,COMPLETE
122,0.9991376396461785,2026-06-09 19:14:24.761534,2026-06-09 19:14:26.719033,0 days 00:00:01.957499,,,,,,,,,,,,,,,SVR,,,,,,3,,,,,,,,,,0.9086283630280831,,0.00264797718085133,scale,linear,True,,,,,,,,,0.017226272290713662,0.029946275448673385,99.0,0.023586273869693523,0.006360001578979862,0.03205295456172232,1.9842169515864174,0.9881993121489674,1.0100759671433897,99.0,0.9991376396461785,0.010938327497211154,0.055126670944252144,1.9842169515864174,253418955999496.94,335963848994260.2,99.0,294691402496878.56,41272446497381.61,208003698710383.16,1.9842169515864174,3.089217108575631,3.2210451254201464,99.0,3.1551311169978886,0.06591400842225766,0.3321915396880276,1.9842169515864174,0.9920718393139568,0.9980586944219806,99.0,0.9950652668679687,0.002993427554011837,0.015086190810024767,1.9842169515864174,100.0,0.14,0.04133920542570692,0.061191365745995485,99.0,0.0512652855858512,0.009926080160144287,0.05002517568559328,1.9842169515864174,SVR,"{'mode': 'original', 'type': 'SVR'}",3,"['nodes_T2W10', 'edges_T2W10', 'lcc_T2W10']",0.18280464259670734,0.23204395980127743,99.0,0.20742430119899238,0.024619658602285044,0.12407745323716331,1.9842169515864174,1.2958091913893186,1.3246817730600002,99.0,1.3102454822246594,0.01443629083534077,0.07275560680901699,1.9842169515864174,completed,True,COMPLETE
123,0.9990401161506202,2026-06-09 19:14:26.731847,2026-06-09 19:14:28.693103,0 days 00:00:01.961256,,,,,,,,,,,,,,,SVR,,,,,,3,,,,,,,,,,0.9461961568712681,,0.002697401776559545,scale,linear,True,,,,,,,,,0.017302043672906362,0.030049519100126886,99.0,0.023675781386516624,0.006373737713610262,0.0321221815412591,1.9842169515864174,0.9881146823753865,1.0099655499258537,99.0,0.9990401161506202,0.01092543377523367,0.05506168953197678,1.9842169515864174,253357376605993.75,335783543586638.5,99.0,294570460096316.1,41213083490322.37,207704522720520.88,1.9842169515864174,3.0897033987713844,3.221839261936888,99.0,3.155771330354136,0.06606793158275152,0.3329672772421837,1.9842169515864174,0.9921120588020252,0.9981628203251655,99.0,0.9951374395635953,0.003025380761570162,0.015247227674127645,1.9842169515864174,100.0,0.14,0.0414569251896648,0.06127577266712589,99.0,0.051366348928395346,0.009909423738730543,0.049941231128016406,1.9842169515864174,SVR,"{'mode': 'original', 'type': 'SVR'}",3,"['nodes_T2W10', 'edges_T2W10', 'lcc_T2W10']",0.1822620090343986,0.23090986190515805,99.0,0.20658593546977833,0.02432392643537973,0.12258703069708336,1.9842169515864174,1.2957549262233072,1.3245909589808524,99.0,1.3101729426020798,0.014418016378772576,0.07266350772401733,1.9842169515864174,completed,True,COMPLETE
124,0.998937153287669,2026-06-09 19:14:28.705414,2026-06-09 19:14:30.713425,0 days 00:00:02.008011,,,,,,,,,,,,,,,SVR,,,,,,3,,,,,,,,,,1.0062151973602689,,0.002550100148533825,scale,linear,True,,,,,,,,,0.01738050459145406,0.030158183620098266,99.0,0.023769344105776163,0.006388839514322103,0.03219829116576244,1.9842169515864174,0.9880287750010972,1.0098455315742407,99.0,0.998937153287669,0.010908378286571752,0.05497573376666451,1.9842169515864174,253263752258447.25,335519963235240.0,99.0,294391857746843.6,41128105488396.375,207276253010104.1,1.9842169515864174,3.090421569111318,3.2231346529451734,99.0,3.156778111028246,0.06635654191692748,0.33442180737279875,1.9842169515864174,0.9920016560452686,0.998162464036107,99.0,0.9950820600406878,0.0030804039954192277,0.01552453219874162,1.9842169515864174,100.0,0.13,0.04162613177116668,0.061380736403483405,99.0,0.051503434087325044,0.009877302316158364,0.04977934649868444,1.9842169515864174,SVR,"{'mode': 'original', 'type': 'SVR'}",3,"['nodes_T2W10', 'edges_T2W10', 'lcc_T2W10']",0.18190525910660324,0.22954953568751993,99.0,0.20572739739706158,0.02382213829045834,0.12005813311599878,1.9842169515864174,1.295683263506102,1.3244688405703677,99.0,1.3100760520382349,0.014392788532132977,0.07253636514205607,1.9842169515864174,completed,True,COMPLETE
125,1.0273182348329195,2026-06-09 19:14:30.726252,2026-06-09 19:16:07.808530,0 days 00:01:37.082278,,,,,,,,,,,,,,,XGBRegressor,,,,,,2,,,,,,,,,,,,,,,True,dart,0.7547904347967473,0.0012898668714273415,2.0,234.0,0.0007014000760344388,0.0014836893966908848,0.7481925962115433,-0.005644694101542525,-0.0018530244331565683,99.0,-0.003748859267349547,0.0018958348341929785,0.009554574325540481,1.9842169515864174,1.017182266623684,1.037454203042155,99.0,1.0273182348329195,0.010135968209235372,0.05108296348910578,1.9842169515864174,291147439692947.7,383551186496898.56,99.0,337349313094923.1,46201873401975.445,232846883830098.34,1.9842169515864174,3.007861973928148,3.069940803362196,99.0,3.038901388645172,0.031039414717023945,0.15643155700392222,1.9842169515864174,0.9561437533283332,0.9649196412181755,99.0,0.9605316972732544,0.0043879439449211995,0.02211423474339819,1.9842169515864174,100.0,0.11,0.014286307552783753,0.01946691249973293,99.0,0.016876610026258343,0.00259030247347459,0.013054532526816666,1.9842169515864174,XGBRegressor,"{'mode': 'original', 'type': 'XGBRegressor'}",2,"['edges_T2W10', 'lcc_T2W10']",0.21354277998789248,0.25850475530347883,99.0,0.23602376764568564,0.02248098765779317,0.11329904040895938,1.9842169515864174,1.3201874227733854,1.3489132912363044,99.0,1.334550357004845,0.014362934231459573,0.0723859062890081,1.9842169515864174,completed,True,COMPLETE
126,1.0279448573718597,2026-06-09 19:16:07.822065,2026-06-09 19:16:10.034314,0 days 00:00:02.212249,,,,,,,,,,,,,,0.00011773751235624337,QuantileRegressor,,,,,,3,,,,,,,,,,,,,,,True,,,,,,,,,-0.0074950541023058904,-0.0011707442040242073,99.0,-0.004332899153165049,0.0031621549491408414,0.01593653832365781,1.9842169515864174,1.0173720490086002,1.0385176657351192,99.0,1.0279448573718597,0.010572808363259413,0.053284538038072204,1.9842169515864174,300905127149404.3,396237286501762.94,99.0,348571206825583.6,47666079676179.336,240226148849647.94,1.9842169515864174,2.9672260221846205,3.0337506288078977,99.0,3.000488325496259,0.033262303311638756,0.16763440754321213,1.9842169515864174,0.9991805399723938,1.001120420567018,99.0,1.0001504802697059,0.0009699402973121317,0.004888277446358106,1.9842169515864174,100.0,0.93,-0.009238960007270874,-0.004619944268248678,99.0,-0.006929452137759776,0.0023095078695110987,0.011639391890411,1.9842169515864174,QuantileRegressor,"{'mode': 'original', 'type': 'QuantileRegressor'}",3,"['density_T2W10', 'diameter_T2W10', 'asp_T2W10']",-0.1412013546173756,0.04128062324308245,12.0,-0.049960365687146575,0.09124098893022903,0.15098775788933985,2.1788128296672284,1.3361177291739048,1.3651211916833088,99.0,1.3506194604286068,0.014501731254702012,0.07308541156806272,1.9842169515864174,completed,True,COMPLETE
127,0.9988995269448696,2026-06-09 19:16:10.046923,2026-06-09 19:16:12.111694,0 days 00:00:02.064771,,,,,,,,,,,,,,,SVR,,,,,,3,,,,,,,,,,1.0957905403458885,,0.0025845148074918702,scale,linear,True,,,,,,,,,0.017424054657305822,0.03018372488685383,99.0,0.023803889772079825,0.006379835114774003,0.03215291104973783,1.9842169515864174,0.9880059757816112,1.0097930781081281,99.0,0.9988995269448696,0.010893551163258462,0.0549010084534802,1.9842169515864174,253311704532105.28,335419231490735.7,99.0,294365468011420.5,41053763479315.21,206901586273073.5,1.9842169515864174,3.090311845911678,3.223186534407391,99.0,3.1567491901595344,0.06643734424785669,0.3348290326556218,1.9842169515864174,0.991954200286467,0.9981917929991251,99.0,0.995072996642796,0.0031187963563290622,0.015718020924251896,1.9842169515864174,100.0,0.12,0.04185776982067489,0.061499448884509325,99.0,0.05167860935259211,0.009820839531917216,0.04949478696906241,1.9842169515864174,SVR,"{'mode': 'original', 'type': 'SVR'}",3,"['nodes_T2W10', 'edges_T2W10', 'lcc_T2W10']",0.17998267762256254,0.22794066491316167,99.0,0.2039616712678621,0.023978993645299554,0.12084864825959638,1.9842169515864174,1.295593029778698,1.3243179185316039,99.0,1.309955474155151,0.014362444376452939,0.072383437531717,1.9842169515864174,completed,True,COMPLETE
128,1.0341123854362728,2026-06-09 19:16:12.124220,2026-06-09 19:16:14.217473,0 days 00:00:02.093253,,,,,,,,,,,,,,,SVR,,,,,,3,,,,,,,,,,2.0633133837943833,,0.004420134585005952,scale,linear,True,,,,,,,,,-0.015961628703488166,-0.00533553634398749,99.0,-0.010648582523737828,0.005313046179750338,0.026776538601297913,1.9842169515864174,1.023730128227664,1.0444946426448816,99.0,1.0341123854362728,0.010382257208608673,0.05232420376364525,1.9842169515864174,272501208420410.1,362398367635592.4,99.0,317449788028001.25,44948579607591.15,226530569510828.7,1.9842169515864174,3.062942951069531,3.155469604175293,99.0,3.109206277622412,0.046263326552880686,0.23315659366730193,1.9842169515864174,0.9718654883578681,0.9848802383790427,99.0,0.9783728633684554,0.0065073750105873384,0.03279568297904407,1.9842169515864174,100.0,0.36,0.0020437604631737384,0.017640391481874684,99.0,0.009842075972524211,0.0077983155093504725,0.03930172808530629,1.9842169515864174,SVR,"{'mode': 'original', 'type': 'SVR'}",3,"['nodes_T2W10', 'atd_T2W10', 'asp_T2W10']",0.11749454951713437,0.16531812350185301,99.0,0.1414063365094937,0.02391178699235933,0.1205099420869347,1.9842169515864174,1.324820988933297,1.3525842288606849,99.0,1.3387026088969909,0.01388161996369393,0.06996019237006983,1.9842169515864174,completed,True,COMPLETE
