number,value,datetime_start,datetime_complete,duration,params_dt_max_depth,params_dt_min_samples_leaf,params_dt_min_samples_split,params_elastic_alpha,params_elastic_l1_ratio,params_et_max_depth,params_et_max_features,params_et_min_samples_leaf,params_et_min_samples_split,params_et_n_estimators,params_knn_metric,params_knn_n_neighbors,params_knn_weights,params_quantile_alpha,params_regressor,params_rf_max_depth,params_rf_max_features,params_rf_min_samples_leaf,params_rf_min_samples_split,params_rf_n_estimators,params_rfe_n_features,params_rfe_proxy_et_max_depth,params_rfe_proxy_et_min_samples_leaf,params_rfe_proxy_et_min_samples_split,params_rfe_proxy_et_n_estimators,params_rfe_proxy_lsvr_C,params_rfe_proxy_lsvr_epsilon,params_rfe_proxy_type,params_ridge_alpha,params_ridge_solver,params_svr_C,params_svr_degree,params_svr_epsilon,params_svr_gamma,params_svr_kernel,params_use_scaler,params_xgb_booster,params_xgb_colsample_bytree,params_xgb_learning_rate,params_xgb_max_depth,params_xgb_n_estimators,params_xgb_reg_alpha,params_xgb_reg_lambda,params_xgb_subsample,user_attrs_d2mae_ci_lower_val,user_attrs_d2mae_ci_upper_val,user_attrs_d2mae_df_val,user_attrs_d2mae_mean_val,user_attrs_d2mae_samperror_val,user_attrs_d2mae_std_val,user_attrs_d2mae_t_critical_val,user_attrs_mae_ci_lower_val,user_attrs_mae_ci_upper_val,user_attrs_mae_df_val,user_attrs_mae_mean_val,user_attrs_mae_samperror_val,user_attrs_mae_std_val,user_attrs_mae_t_critical_val,user_attrs_mape_ci_lower_val,user_attrs_mape_ci_upper_val,user_attrs_mape_df_val,user_attrs_mape_mean_val,user_attrs_mape_samperror_val,user_attrs_mape_std_val,user_attrs_mape_t_critical_val,user_attrs_max_error_ci_lower_val,user_attrs_max_error_ci_upper_val,user_attrs_max_error_df_val,user_attrs_max_error_mean_val,user_attrs_max_error_samperror_val,user_attrs_max_error_std_val,user_attrs_max_error_t_critical_val,user_attrs_median_ae_ci_lower_val,user_attrs_median_ae_ci_upper_val,user_attrs_median_ae_df_val,user_attrs_median_ae_mean_val,user_attrs_median_ae_samperror_val,user_attrs_median_ae_std_val,user_attrs_median_ae_t_critical_val,user_attrs_n_splits_val,user_attrs_r2_below_zero_val,user_attrs_r2_ci_lower_val,user_attrs_r2_ci_upper_val,user_attrs_r2_df_val,user_attrs_r2_mean_val,user_attrs_r2_samperror_val,user_attrs_r2_std_val,user_attrs_r2_t_critical_val,user_attrs_regressor_final,user_attrs_rfe_estimator,user_attrs_rfe_n_features,user_attrs_rfe_selected_features,user_attrs_rho_ci_lower_val,user_attrs_rho_ci_upper_val,user_attrs_rho_df_val,user_attrs_rho_mean_val,user_attrs_rho_samperror_val,user_attrs_rho_std_val,user_attrs_rho_t_critical_val,user_attrs_rmse_ci_lower_val,user_attrs_rmse_ci_upper_val,user_attrs_rmse_df_val,user_attrs_rmse_mean_val,user_attrs_rmse_samperror_val,user_attrs_rmse_std_val,user_attrs_rmse_t_critical_val,user_attrs_termination_reason,user_attrs_use_scaler_final,state
38,1.4636734693877553,2026-06-09 19:09:22.409901,2026-06-09 19:09:24.197272,0 days 00:00:01.787371,,,,,,,,,,,minkowski,1.0,distance,,KNeighborsRegressor,,,,,,11,,,,,0.6503614713597603,0.056000342615209156,LinearSVR,,,,,,,,True,,,,,,,,,-0.4587501627382523,-0.405714398698545,99.0,-0.43223228071839864,0.02651788201985366,0.13364406547707464,1.9842169515864174,1.437843206006098,1.4895037327694127,99.0,1.4636734693877553,0.02583026338165746,0.13017862467612576,1.9842169515864174,302718908520233.6,408666012211352.0,99.0,355692460365792.8,52973551845559.19,266974595712459.16,1.9842169515864174,4.646858498017834,4.853141501982166,99.0,4.75,0.10314150198216579,0.5198095999517709,1.9842169515864174,1.0126400636242165,1.1073599363757836,99.0,1.06,0.04735993637578342,0.23868325657594192,1.9842169515864174,100.0,1.0,-1.088188790144694,-0.9642209804069901,99.0,-1.026204885275842,0.061983904868852024,0.3123847158915499,1.9842169515864174,KNeighborsRegressor,"{'mode': 'proxy', 'type': 'LinearSVR'}",11,"['nodes_T2W10', 'edges_T2W10', 'pe_T2W10', 'l2_T2W10', 'l3_T2W10', 'lcc_T2W10', 'lsc_T2W10', 'atd_T2W10', 'density_T2W10', 'diameter_T2W10', 'asp_T2W10']",-0.023024665759409577,0.021797521284195834,99.0,-0.0006135722376068703,0.022411093521802705,0.11294678993587184,1.9842169515864174,1.8795869711032913,1.934242326802425,99.0,1.9069146489528581,0.02732767784956676,0.13772525140316833,1.9842169515864174,completed,True,COMPLETE
39,1.0589685774214415,2026-06-09 19:09:24.209730,2026-06-09 19:09:32.932662,0 days 00:00:08.722932,,,,,,,,,,,,,,,XGBRegressor,,,,,,5,,,,,,,,,,,,,,,False,gbtree,0.5138449989078321,0.011575053773103696,2.0,497.0,3.4308833848584536e-08,1.575604619640501e-08,0.7511531622093679,-0.04555263502306901,-0.02483058566242058,99.0,-0.035191610342744796,0.010361024680324219,0.052217196673178264,1.9842169515864174,1.0457996038538504,1.0721375509890325,99.0,1.0589685774214415,0.01316897356759114,0.06636861738864949,1.9842169515864174,264141402701358.5,352295584753747.5,99.0,308218493727553.0,44077091026194.484,222138466214362.53,1.9842169515864174,3.3680343257690306,3.551248956987775,99.0,3.459641641378403,0.09160731560937208,0.461679936441075,1.9842169515864174,0.8013125067869644,0.8449958342393418,99.0,0.8231541705131531,0.02184166372618865,0.11007699389285956,1.9842169515864174,100.0,0.5,-0.013669229458639201,0.022073827361495137,99.0,0.004202298951427968,0.01787152841006717,0.09006841916040761,1.9842169515864174,XGBRegressor,"{'mode': 'original', 'type': 'XGBRegressor'}",5,"['edges_T2W10', 'l2_T2W10', 'l3_T2W10', 'lcc_T2W10', 'density_T2W10']",0.2245308969430154,0.26668227087713736,99.0,0.24560658391007636,0.021075686967060973,0.10621664606892194,1.9842169515864174,1.3240341104717441,1.358648847196145,99.0,1.3413414788339446,0.017307368362200513,0.08722518144179223,1.9842169515864174,completed,False,COMPLETE
40,1.0424111297224379,2026-06-09 19:09:32.969717,2026-06-09 19:09:34.704085,0 days 00:00:01.734368,,,,,,,,,,,,,,,LinearRegression,,,,,,8,,,,,,,,,,,,,,,True,,,,,,,,,-0.02984409201902319,-0.00860505728059889,99.0,-0.01922457464981104,0.010619517369212149,0.0535199407540675,1.9842169515864174,1.029862176745574,1.0549600826993017,99.0,1.0424111297224379,0.012548952976863892,0.06324385529934505,1.9842169515864174,237498018664007.56,323073033630673.3,99.0,280285526147340.44,42787507483332.86,215639259855750.5,1.9842169515864174,3.108270086858812,3.2334995369091866,99.0,3.170884811883999,0.0626147250251873,0.31556390532358725,1.9842169515864174,0.9051151955105667,0.9369242083378739,99.0,0.9210197019242203,0.0159045064136536,0.0801550778050639,1.9842169515864174,100.0,0.31,0.018288192561471003,0.05279901986221977,99.0,0.03554360621184539,0.017255413650374384,0.08696334156695099,1.9842169515864174,LinearRegression,"{'mode': 'original', 'type': 'LinearRegression'}",8,"['nodes_T2W10', 'edges_T2W10', 'l2_T2W10', 'lcc_T2W10', 'atd_T2W10', 'density_T2W10', 'diameter_T2W10', 'asp_T2W10']",0.18728404253831657,0.2350504258271158,99.0,0.21116723418271618,0.023883191644399615,0.12036582806786612,1.9842169515864174,1.304179407021225,1.3351258322590758,99.0,1.3196526196401503,0.015473212618925435,0.07798145563948701,1.9842169515864174,completed,True,COMPLETE
41,1.018549263645773,2026-06-09 19:09:34.716234,2026-06-09 19:09:36.804476,0 days 00:00:02.088242,,,,,,,,,,,,,,,SVR,,,,,,11,12.0,5.0,5.0,150.0,,,ExtraTrees,,,0.8007945461987235,,0.1603235919505872,auto,rbf,True,,,,,,,,,-0.003884019098070359,0.013319389506447555,99.0,0.004717685204188598,0.008601704302258957,0.0433506240100496,1.9842169515864174,1.0057240075392933,1.0313745197522526,99.0,1.018549263645773,0.012825256106479568,0.06463635993143564,1.9842169515864174,261234635089435.7,345521729071921.06,99.0,303378182080678.4,42143546991242.69,212393846134356.22,1.9842169515864174,3.3447501821361323,3.5218752279661567,99.0,3.4333127050511445,0.08856252291501217,0.4463348770617287,1.9842169515864174,0.7834412684456543,0.8164730431032828,99.0,0.7999571557744686,0.01651588732881426,0.08323629790386333,1.9842169515864174,100.0,0.32,0.030736223596827615,0.06504291129296833,99.0,0.047889567444897974,0.01715334384807036,0.08644893308847074,1.9842169515864174,SVR,"{'mode': 'proxy', 'type': 'ExtraTrees'}",11,"['nodes_T2W10', 'edges_T2W10', 're_T2W10', 'l1_T2W10', 'l2_T2W10', 'l3_T2W10', 'lcc_T2W10', 'lsc_T2W10', 'density_T2W10', 'diameter_T2W10', 'asp_T2W10']",0.262355393715629,0.30845828652301666,99.0,0.2854068401193228,0.023051446403693804,0.11617402212627886,1.9842169515864174,1.2941863695259623,1.3295816724684928,99.0,1.3118840209972276,0.0176976514712653,0.08919211912344417,1.9842169515864174,completed,True,COMPLETE
42,1.0167646992325687,2026-06-09 19:09:36.816905,2026-06-09 19:09:38.765588,0 days 00:00:01.948683,,,,,,,,,,,,,,,SVR,,,,,,12,,,,,2.269069673556813,0.07609009336522488,LinearSVR,,,0.14823879945261448,,0.03833083258575718,auto,rbf,True,,,,,,,,,0.002010500051248992,0.011135310620197316,99.0,0.0065729053357231546,0.004562405284474162,0.022993480026599088,1.9842169515864174,1.0058461964735108,1.0276832019916267,99.0,1.0167646992325687,0.010918502759057945,0.055026758794336494,1.9842169515864174,280251716141591.56,369028682323372.94,99.0,324640199232482.25,44388483090890.67,223707811060687.06,1.9842169515864174,3.1562102360801934,3.2795213469268925,99.0,3.217865791503543,0.0616555554233494,0.310729909721085,1.9842169515864174,0.8975939712610291,0.9145354830272557,99.0,0.9060647271441424,0.008470755883113286,0.042690673902068835,1.9842169515864174,100.0,0.14,0.03697436741357952,0.05301566987986226,99.0,0.04499501864672089,0.008020651233141371,0.04042224932474604,1.9842169515864174,SVR,"{'mode': 'proxy', 'type': 'LinearSVR'}",12,"['nodes_T2W10', 'edges_T2W10', 're_T2W10', 'pe_T2W10', 'l2_T2W10', 'l3_T2W10', 'lcc_T2W10', 'lsc_T2W10', 'atd_T2W10', 'density_T2W10', 'diameter_T2W10', 'asp_T2W10']",0.2731825064720542,0.32298749432335216,99.0,0.2980850003977032,0.024902493925648972,0.12550287863299917,1.9842169515864174,1.30011839353113,1.3299430766045262,99.0,1.315030735067828,0.014912341536698156,0.0751547935560951,1.9842169515864174,completed,True,COMPLETE
43,1.265070699028161,2026-06-09 19:09:38.778622,2026-06-09 19:09:40.636223,0 days 00:00:01.857601,19.0,1.0,20.0,,,,,,,,,,,,DecisionTreeRegressor,,,,,,13,,,,,,,,,,,,,,,True,,,,,,,,,-0.258294749692976,-0.21674547354343435,99.0,-0.2375201116182052,0.020774638074770833,0.10469942844788789,1.9842169515864174,1.2439232968084648,1.2862181012478573,99.0,1.265070699028161,0.021147402219696264,0.10657807455373533,1.9842169515864174,262622617550944.38,361865774319521.0,99.0,312244195935232.7,49621578384288.32,250081415465254.28,1.9842169515864174,3.9830551633945275,4.2055452787330045,99.0,4.094300221063766,0.11124505766923863,0.5606496687788913,1.9842169515864174,1.0378723421403993,1.0996168165337439,99.0,1.0687445793370716,0.030872237196672286,0.1555890205049875,1.9842169515864174,100.0,0.99,-0.47915106318806544,-0.38838612321841726,99.0,-0.43376859320324135,0.04538246998482408,0.22871727785885498,1.9842169515864174,DecisionTreeRegressor,"{'mode': 'original', 'type': 'DecisionTreeRegressor'}",13,"['nodes_T2W10', 'edges_T2W10', 're_T2W10', 'pe_T2W10', 'l1_T2W10', 'l2_T2W10', 'l3_T2W10', 'lcc_T2W10', 'lsc_T2W10', 'atd_T2W10', 'density_T2W10', 'diameter_T2W10', 'asp_T2W10']",0.08993182690332846,0.1381978168209856,99.0,0.11406482186215702,0.024132994958828567,0.12162477968718996,1.9842169515864174,1.578566698055931,1.629948693003209,99.0,1.60425769552957,0.025690997473638934,0.12947675632494982,1.9842169515864174,completed,True,COMPLETE
44,1.0194623751043717,2026-06-09 19:09:40.648559,2026-06-09 19:09:42.805840,0 days 00:00:02.157281,,,,,,,,,,,,,,,SVR,,,,,,4,8.0,1.0,7.0,80.0,,,ExtraTrees,,,1.606159082830317,,0.6453251435384153,auto,rbf,True,,,,,,,,,-0.006266709185099702,0.014091817604384459,99.0,0.0039125542096423785,0.01017926339474208,0.05130116133018405,1.9842169515864174,1.0052248311153147,1.0336999190934286,99.0,1.0194623751043717,0.014237543989056908,0.07175396812164987,1.9842169515864174,254139298909230.38,336321385876136.9,99.0,295230342392683.6,41091043483453.25,207089468974651.25,1.9842169515864174,3.2507147426975482,3.4221155946224098,99.0,3.336415168659979,0.08570042596243067,0.4319105624710626,1.9842169515864174,0.7541934863280682,0.7942512302490592,99.0,0.7742223582885637,0.020028871960495524,0.10094093765544175,1.9842169515864174,100.0,0.26,0.04072866071181287,0.07842330765700475,99.0,0.05957598418440881,0.018847323472595937,0.09498620328551856,1.9842169515864174,SVR,"{'mode': 'proxy', 'type': 'ExtraTrees'}",4,"['edges_T2W10', 'l3_T2W10', 'lcc_T2W10', 'density_T2W10']",0.30148048030298746,0.3464450638077756,99.0,0.32396277205538154,0.022482291752394096,0.11330561274773455,1.9842169515864174,1.2853126591578,1.3214112859897902,99.0,1.303361972573795,0.018049313415995145,0.09096441496260976,1.9842169515864174,completed,True,COMPLETE
45,1.0177087777193496,2026-06-09 19:09:42.818609,2026-06-09 19:09:44.736466,0 days 00:00:01.917857,,,,,,,,,,,,,,,SVR,,,,,,7,,,,,0.0015821478894942852,0.18654000767163154,LinearSVR,,,0.04615192850391958,2.0,0.007105446820463229,auto,poly,False,,,,,,,,,-0.0031239170241808513,0.013663914917972031,99.0,0.00526999894689559,0.008393915971076442,0.04230341830496587,1.9842169515864174,1.0058779494923933,1.029539605946306,99.0,1.0177087777193496,0.011830828226956282,0.05962467066666939,1.9842169515864174,266800237121286.5,355500253677147.25,99.0,311150245399216.9,44350008277930.375,223513906795684.5,1.9842169515864174,3.1924285234716274,3.5579514509059234,99.0,3.3751899871887754,0.18276146371714794,0.9210760122325679,1.9842169515864174,0.9655446128203196,0.9716812844709735,99.0,0.9686129486456465,0.003068335825326993,0.015463711379311637,1.9842169515864174,100.0,0.2,-0.026318433805428115,0.03044349471999573,99.0,0.002062530457283809,0.028380964262711923,0.1430335742269555,1.9842169515864174,SVR,"{'mode': 'proxy', 'type': 'LinearSVR'}",7,"['edges_T2W10', 'pe_T2W10', 'l2_T2W10', 'l3_T2W10', 'lcc_T2W10', 'diameter_T2W10', 'asp_T2W10']",0.21761453344823106,0.2587023298262797,99.0,0.2381584316372554,0.02054389818902433,0.10353655215272256,1.9842169515864174,1.320866464548382,1.3603546888500984,99.0,1.3406105766992402,0.019744112150858077,0.09950581328857362,1.9842169515864174,completed,True,COMPLETE
46,1.0635675528720767,2026-06-09 19:09:44.748947,2026-06-09 19:09:46.506893,0 days 00:00:01.757946,,,,0.00011857773575203844,0.010027420857358305,,,,,,,,,,ElasticNet,,,,,,3,,,,,,,,,,,,,,,True,,,,,,,,,-0.04691578727937873,-0.032728329288349914,99.0,-0.03982205828386432,0.007093728995514404,0.03575077306865481,1.9842169515864174,1.0534433299033767,1.0736917758407767,99.0,1.0635675528720767,0.010124222968699885,0.05102377016084549,1.9842169515864174,268711475686943.9,355152667773490.8,99.0,311932071730217.4,43220596043273.46,217821927227855.88,1.9842169515864174,3.0741019119924617,3.1592150813790987,99.0,3.11665849668578,0.04255658469331843,0.2144754617648724,1.9842169515864174,0.9901694111399788,1.0096803534092917,99.0,0.9999248822746353,0.009755471134656506,0.049165345184944774,1.9842169515864174,100.0,0.49,-0.01005656352226908,0.01095056556736168,99.0,0.0004470010225463006,0.01050356454481538,0.052935565016807205,1.9842169515864174,ElasticNet,"{'mode': 'original', 'type': 'ElasticNet'}",3,"['atd_T2W10', 'density_T2W10', 'asp_T2W10']",0.030663727315544714,0.0841375295870281,99.0,0.057400628451286406,0.026736901135741693,0.13474787177059977,1.9842169515864174,1.3312244232736319,1.3576761717772818,99.0,1.3444502975254569,0.013225874251825016,0.06665538383416536,1.9842169515864174,completed,True,COMPLETE
47,1.023469387755102,2026-06-09 19:09:46.519207,2026-06-09 19:09:48.227224,0 days 00:00:01.708017,,,,,,,,,,,,,,,SVR,,,,,,10,,,,,,,,,,3.688820736909779,,7.767415324150503,auto,linear,True,,,,,,,,,0.0,0.0,99.0,0.0,0.0,0.0,1.9842169515864174,1.0136110878171936,1.0333276876930104,99.0,1.023469387755102,0.00985829993790844,0.049683578854754516,1.9842169515864174,302333226264427.6,398022470889923.75,99.0,350177848577175.7,47844622312748.055,241125962937144.6,1.9842169515864174,2.9520810170196823,3.0079189829803177,99.0,2.98,0.027918982980317888,0.14070529413628965,1.9842169515864174,1.0,1.0,99.0,1.0,0.0,0.0,1.9842169515864174,100.0,0.94,-0.005434946144302519,-0.003640476721851683,99.0,-0.004537711433077101,0.0008972347112254179,0.004521857907261917,1.9842169515864174,SVR,"{'mode': 'original', 'type': 'SVR'}",10,"['pe_T2W10', 'l1_T2W10', 'l2_T2W10', 'l3_T2W10', 'lcc_T2W10', 'lsc_T2W10', 'atd_T2W10', 'density_T2W10', 'diameter_T2W10', 'asp_T2W10']",,,,,,,,1.3346202169399817,1.3634391301389042,99.0,1.349029673539443,0.014409456599461157,0.07262036839238036,1.9842169515864174,completed,True,COMPLETE
48,1.0306873779933228,2026-06-09 19:09:48.240404,2026-06-09 19:10:19.671166,0 days 00:00:31.430762,,,,,,2.0,,1.0,2.0,494.0,,,,,ExtraTreesRegressor,,,,,,11,,,,,,,,,,,,,,,False,,,,,,,,,-0.012490445558555288,-0.002036552393144867,99.0,-0.007263498975850077,0.00522694658270521,0.026342616307789186,1.9842169515864174,1.0202108594800305,1.041163896506615,99.0,1.0306873779933228,0.010476518513292215,0.0527992591985269,1.9842169515864174,282130741242388.9,371714250261441.75,99.0,326922495751915.3,44791754509526.414,225740206854470.2,1.9842169515864174,3.0463466228523495,3.1360499073360706,99.0,3.09119826509421,0.044851642241860765,0.2260420273398081,1.9842169515864174,0.9267412894041499,0.9422104844129714,99.0,0.9344758869085606,0.0077345975044107555,0.038980603901336515,1.9842169515864174,100.0,0.2,0.025698463700500912,0.04114127665726924,99.0,0.03341987017888508,0.007721406478384165,0.03891412414459397,1.9842169515864174,ExtraTreesRegressor,"{'mode': 'original', 'type': 'ExtraTreesRegressor'}",11,"['nodes_T2W10', 'edges_T2W10', 're_T2W10', 'l2_T2W10', 'l3_T2W10', 'lcc_T2W10', 'lsc_T2W10', 'atd_T2W10', 'density_T2W10', 'diameter_T2W10', 'asp_T2W10']",0.21956349069582054,0.27456132640770897,99.0,0.24706240855176476,0.027498917855944226,0.13858826190330822,1.9842169515864174,1.308684316995027,1.3368098151798917,99.0,1.3227470660874594,0.014062749092432353,0.07087304178703306,1.9842169515864174,completed,False,COMPLETE
49,1.023469387755102,2026-06-09 19:10:19.683785,2026-06-09 19:10:21.782401,0 days 00:00:02.098616,,,,,,,,,,,,,,6.83210782213671,QuantileRegressor,,,,,,2,,,,,,,,,,,,,,,True,,,,,,,,,0.0,0.0,99.0,0.0,0.0,0.0,1.9842169515864174,1.0136110878171936,1.0333276876930104,99.0,1.023469387755102,0.00985829993790844,0.049683578854754516,1.9842169515864174,302333226264427.6,398022470889923.75,99.0,350177848577175.7,47844622312748.055,241125962937144.6,1.9842169515864174,2.9520810170196823,3.0079189829803177,99.0,2.98,0.027918982980317888,0.14070529413628965,1.9842169515864174,1.0,1.0,99.0,1.0,0.0,0.0,1.9842169515864174,100.0,0.94,-0.005434946144302519,-0.003640476721851683,99.0,-0.004537711433077101,0.0008972347112254179,0.004521857907261917,1.9842169515864174,QuantileRegressor,"{'mode': 'original', 'type': 'QuantileRegressor'}",2,"['diameter_T2W10', 'asp_T2W10']",,,,,,,,1.3346202169399817,1.3634391301389042,99.0,1.349029673539443,0.014409456599461157,0.07262036839238036,1.9842169515864174,completed,True,COMPLETE
50,1.1440502354788067,2026-06-09 19:10:21.817235,2026-06-09 19:10:22.739647,0 days 00:00:00.922412,,,,,,,,,,,,,,,RandomForestRegressor,20.0,sqrt,1.0,2.0,65.0,4,,,,,,,,,,,,,,,True,,,,,,,,,,,,,,,,,,,,,,,,,,,,,,,,,,,,,,,,,,,,,,,,,,,,,RandomForestRegressor,"{'mode': 'original', 'type': 'RandomForestRegressor'}",4,"['l2_T2W10', 'l3_T2W10', 'lcc_T2W10', 'diameter_T2W10']",,,,,,,,,,,,,,,pruned,True,PRUNED
51,1.0148359419390722,2026-06-09 19:10:22.751078,2026-06-09 19:10:24.586519,0 days 00:00:01.835441,,,,,,,,,,,,,,,SVR,,,,,,12,,,,,2.44748580427173,0.015687435279362498,LinearSVR,,,0.18165120874152127,,0.05531064810961711,auto,rbf,True,,,,,,,,,0.0036291666306991566,0.013273804859403021,99.0,0.008451485745051088,0.004822319114351932,0.02430338633331602,1.9842169515864174,1.003835566242872,1.0258363176352725,99.0,1.0148359419390722,0.011000375696200191,0.055439379687816856,1.9842169515864174,275056251368795.22,362302602076833.7,99.0,318679426722814.44,43623175354019.23,219850834956034.97,1.9842169515864174,3.1648793240399806,3.2910318554104734,99.0,3.227955589725227,0.06307626568524628,0.31788996477837606,1.9842169515864174,0.8964492923916392,0.9146750718647079,99.0,0.9055621821281735,0.009112889736534397,0.04592688178199705,1.9842169515864174,100.0,0.14,0.04011165583967533,0.05724743108720342,99.0,0.048679543463439376,0.008567887623764044,0.043180195678269265,1.9842169515864174,SVR,"{'mode': 'proxy', 'type': 'LinearSVR'}",12,"['nodes_T2W10', 'edges_T2W10', 're_T2W10', 'pe_T2W10', 'l1_T2W10', 'l2_T2W10', 'l3_T2W10', 'lcc_T2W10', 'atd_T2W10', 'density_T2W10', 'diameter_T2W10', 'asp_T2W10']",0.27018277891214576,0.31734444653629573,99.0,0.29376361272422075,0.02358083381207497,0.11884201368817894,1.9842169515864174,1.2975678818910337,1.3272117806267738,99.0,1.3123898312589037,0.014821949367870003,0.07469923768174436,1.9842169515864174,completed,True,COMPLETE
