number,value,datetime_start,datetime_complete,duration,params_dt_max_depth,params_dt_min_samples_leaf,params_dt_min_samples_split,params_elastic_alpha,params_elastic_l1_ratio,params_et_max_depth,params_et_max_features,params_et_min_samples_leaf,params_et_min_samples_split,params_et_n_estimators,params_knn_metric,params_knn_n_neighbors,params_knn_weights,params_quantile_alpha,params_regressor,params_rf_max_depth,params_rf_max_features,params_rf_min_samples_leaf,params_rf_min_samples_split,params_rf_n_estimators,params_rfe_n_features,params_rfe_proxy_et_max_depth,params_rfe_proxy_et_min_samples_leaf,params_rfe_proxy_et_min_samples_split,params_rfe_proxy_et_n_estimators,params_rfe_proxy_lsvr_C,params_rfe_proxy_lsvr_epsilon,params_rfe_proxy_type,params_ridge_alpha,params_ridge_solver,params_svr_C,params_svr_degree,params_svr_epsilon,params_svr_gamma,params_svr_kernel,params_use_scaler,params_xgb_booster,params_xgb_colsample_bytree,params_xgb_learning_rate,params_xgb_max_depth,params_xgb_n_estimators,params_xgb_reg_alpha,params_xgb_reg_lambda,params_xgb_subsample,user_attrs_d2mae_ci_lower_val,user_attrs_d2mae_ci_upper_val,user_attrs_d2mae_df_val,user_attrs_d2mae_mean_val,user_attrs_d2mae_samperror_val,user_attrs_d2mae_std_val,user_attrs_d2mae_t_critical_val,user_attrs_mae_ci_lower_val,user_attrs_mae_ci_upper_val,user_attrs_mae_df_val,user_attrs_mae_mean_val,user_attrs_mae_samperror_val,user_attrs_mae_std_val,user_attrs_mae_t_critical_val,user_attrs_mape_ci_lower_val,user_attrs_mape_ci_upper_val,user_attrs_mape_df_val,user_attrs_mape_mean_val,user_attrs_mape_samperror_val,user_attrs_mape_std_val,user_attrs_mape_t_critical_val,user_attrs_max_error_ci_lower_val,user_attrs_max_error_ci_upper_val,user_attrs_max_error_df_val,user_attrs_max_error_mean_val,user_attrs_max_error_samperror_val,user_attrs_max_error_std_val,user_attrs_max_error_t_critical_val,user_attrs_median_ae_ci_lower_val,user_attrs_median_ae_ci_upper_val,user_attrs_median_ae_df_val,user_attrs_median_ae_mean_val,user_attrs_median_ae_samperror_val,user_attrs_median_ae_std_val,user_attrs_median_ae_t_critical_val,user_attrs_n_splits_val,user_attrs_r2_below_zero_val,user_attrs_r2_ci_lower_val,user_attrs_r2_ci_upper_val,user_attrs_r2_df_val,user_attrs_r2_mean_val,user_attrs_r2_samperror_val,user_attrs_r2_std_val,user_attrs_r2_t_critical_val,user_attrs_regressor_final,user_attrs_rfe_estimator,user_attrs_rfe_n_features,user_attrs_rfe_selected_features,user_attrs_rho_ci_lower_val,user_attrs_rho_ci_upper_val,user_attrs_rho_df_val,user_attrs_rho_mean_val,user_attrs_rho_samperror_val,user_attrs_rho_std_val,user_attrs_rho_t_critical_val,user_attrs_rmse_ci_lower_val,user_attrs_rmse_ci_upper_val,user_attrs_rmse_df_val,user_attrs_rmse_mean_val,user_attrs_rmse_samperror_val,user_attrs_rmse_std_val,user_attrs_rmse_t_critical_val,user_attrs_termination_reason,user_attrs_use_scaler_final,state
66,1.0111939354060377,2026-06-09 19:11:18.932097,2026-06-09 19:11:20.876241,0 days 00:00:01.944144,,,,,,,,,,,,,,,SVR,,,,,,5,,,,,,,,,,0.9551707393175364,,0.022293433145964048,auto,linear,True,,,,,,,,,0.005428108951037844,0.018128092104234206,99.0,0.011778100527636025,0.006349991576598181,0.032002506437218206,1.9842169515864174,1.0002790859775577,1.0221087848345178,99.0,1.0111939354060377,0.010914849428480016,0.055008346843087884,1.9842169515864174,249397544408043.78,332560582264739.6,99.0,290979063336391.7,41581518928347.91,209561353132794.94,1.9842169515864174,3.0952485241331567,3.224793817880854,99.0,3.1600211710070054,0.06477264687384869,0.3264393383095623,1.9842169515864174,0.9621100723109423,0.9732826599575463,99.0,0.9676963661342443,0.005586293823301954,0.028153644281869537,1.9842169515864174,100.0,0.2,0.029702381510900745,0.0507913735808709,99.0,0.04024687754588582,0.010544496034985076,0.05314185037354187,1.9842169515864174,SVR,"{'mode': 'original', 'type': 'SVR'}",5,"['nodes_T2W10', 'edges_T2W10', 'atd_T2W10', 'diameter_T2W10', 'asp_T2W10']",0.19642247800880666,0.2435468560101127,99.0,0.21998466700945968,0.023562189000653006,0.11874804809935026,1.9842169515864174,1.3031914071018134,1.332323831065098,99.0,1.3177576190834557,0.014566211981642294,0.07341037969661707,1.9842169515864174,completed,True,COMPLETE
67,1.1085714285714285,2026-06-09 19:11:20.889221,2026-06-09 19:11:21.022961,0 days 00:00:00.133740,,,,,,,,,,,manhattan,10.0,uniform,,KNeighborsRegressor,,,,,,6,,,,,0.15865211961779277,0.00010616330352584292,LinearSVR,,,,,,,,True,,,,,,,,,,,,,,,,,,,,,,,,,,,,,,,,,,,,,,,,,,,,,,,,,,,,,KNeighborsRegressor,"{'mode': 'proxy', 'type': 'LinearSVR'}",6,"['nodes_T2W10', 'edges_T2W10', 'lcc_T2W10', 'atd_T2W10', 'density_T2W10', 'asp_T2W10']",,,,,,,,,,,,,,,pruned,True,PRUNED
68,1.027284757034782,2026-06-09 19:11:21.032655,2026-06-09 19:11:23.678740,0 days 00:00:02.646085,,,,,,,,,,,,,,,SVR,,,,,,5,,,,,,,,,,7.016227550701253,,0.024520468820161574,auto,linear,True,,,,,,,,,-0.010533353614527913,0.0025034732288058293,99.0,-0.004014940192861042,0.006518413421666871,0.032851314048371986,1.9842169515864174,1.0164117614043828,1.0381577526651813,99.0,1.027284757034782,0.010872995630399144,0.05479741326524797,1.9842169515864174,257706017738228.8,341788645808445.56,99.0,299747331773337.2,42041314035108.39,211878615397855.56,1.9842169515864174,3.046200292790941,3.129367908516748,99.0,3.0877841006538445,0.04158380786290359,0.2095728888398851,1.9842169515864174,0.9658985461718144,0.9824779657899065,99.0,0.9741882559808605,0.008289709809046076,0.041778243061668746,1.9842169515864174,100.0,0.21,0.02596284613901257,0.04370289612976761,99.0,0.03483287113439009,0.008870024995377522,0.04470289898635216,1.9842169515864174,SVR,"{'mode': 'original', 'type': 'SVR'}",5,"['nodes_T2W10', 'atd_T2W10', 'density_T2W10', 'diameter_T2W10', 'asp_T2W10']",0.13624491470318614,0.18203515188890887,99.0,0.1591400332960475,0.022895118592861363,0.11538616568393038,1.9842169515864174,1.3079779805741358,1.3349562681913896,99.0,1.3214671243827627,0.013489143808626845,0.0679822022377242,1.9842169515864174,completed,True,COMPLETE
69,1.0136932884272578,2026-06-09 19:11:23.692228,2026-06-09 19:11:25.574967,0 days 00:00:01.882739,,,,,,,,,,,,,,,SVR,,,,,,4,,,,,,,,,,1.0723202451492273,,0.014717592488621587,auto,linear,True,,,,,,,,,0.002966508372188313,0.01569742256276284,99.0,0.009331965467475577,0.006365457095287264,0.03208044911720952,1.9842169515864174,1.0027599856343514,1.0246265912201642,99.0,1.0136932884272578,0.01093330279290647,0.05510134758280891,1.9842169515864174,249875642996847.9,333259970135643.7,99.0,291567806566245.8,41692163569397.9,210118976839020.88,1.9842169515864174,3.1062980993989107,3.238087048954776,99.0,3.1721925741768433,0.06589447477793255,0.33209309458448444,1.9842169515864174,0.965332418044792,0.976244444961673,99.0,0.9707884315032325,0.0054560134584405425,0.02749706101481676,1.9842169515864174,100.0,0.23,0.02484336272381745,0.045949716140469894,99.0,0.03539653943214367,0.010553176708326223,0.0531855989834618,1.9842169515864174,SVR,"{'mode': 'original', 'type': 'SVR'}",4,"['nodes_T2W10', 'edges_T2W10', 'atd_T2W10', 'asp_T2W10']",0.18253382764932122,0.2310336549980532,99.0,0.2067837413236872,0.024249913674365995,0.1222140232950724,1.9842169515864174,1.3064916290682742,1.3356801067005484,99.0,1.3210858678844113,0.01459423881613714,0.0735516285377402,1.9842169515864174,completed,True,COMPLETE
70,1.031564218501772,2026-06-09 19:11:25.587555,2026-06-09 19:11:27.270812,0 days 00:00:01.683257,,,,4.770974072922831,0.9838537459983068,,,,,,,,,,ElasticNet,,,,,,2,,,,,,,,,,,,,,,True,,,,,,,,,-0.008732666629418752,-0.007272498719924007,99.0,-0.008002582674671379,0.000730083954747372,0.0036794562921340663,1.9842169515864174,1.0220046260145264,1.0411238109890175,99.0,1.031564218501772,0.009559592487245564,0.0481781615644524,1.9842169515864174,299138825208236.44,394040171574501.8,99.0,346589498391369.1,47450673183132.71,239140549349681.97,1.9842169515864174,2.984729173638194,3.0413786107929437,99.0,3.0130538922155687,0.028324718577374963,0.14275010882619885,1.9842169515864174,0.9622329026475877,0.9702221871727718,99.0,0.9662275449101797,0.00399464226259202,0.020132084142302237,1.9842169515864174,100.0,1.0,-0.003993042426181609,-0.002342568441272547,99.0,-0.003167805433727078,0.0008252369924545307,0.00415900585767468,1.9842169515864174,ElasticNet,"{'mode': 'original', 'type': 'ElasticNet'}",2,"['diameter_T2W10', 'asp_T2W10']",,,,,,,,1.33375089076802,1.3624399795565223,99.0,1.3480954351622711,0.014344544394251129,0.07229322571194852,1.9842169515864174,completed,True,COMPLETE
71,1.0022040397884908,2026-06-09 19:11:27.283748,2026-06-09 19:11:29.156773,0 days 00:00:01.873025,,,,,,,,,,,,,,,SVR,,,,,,3,,,,,,,,,,0.370672524441066,,0.0059680324698321375,auto,linear,True,,,,,,,,,0.014713542560229463,0.02651863472522207,99.0,0.020616088642725766,0.005902546082496302,0.02974748339780642,1.9842169515864174,0.9914094458203098,1.0129986337566719,99.0,1.0022040397884908,0.010794593968181075,0.05440228680412493,1.9842169515864174,254744554064343.62,338242619594283.1,99.0,296493586829313.4,41749032764969.75,210405584588875.94,1.9842169515864174,3.088951593774296,3.21953285984518,99.0,3.154242226809738,0.06529063303544205,0.3290498701930805,1.9842169515864174,0.9906607572214478,0.9951430985779589,99.0,0.9929019278997033,0.0022411706782555466,0.011294988062992256,1.9842169515864174,100.0,0.14,0.03845689493746038,0.05702622979417166,99.0,0.04774156236581602,0.009284667428355637,0.04679260209390096,1.9842169515864174,SVR,"{'mode': 'original', 'type': 'SVR'}",3,"['nodes_T2W10', 'edges_T2W10', 'lcc_T2W10']",0.17845848782047116,0.22682333513913736,99.0,0.20264091147980426,0.024182423659333104,0.12187388904221796,1.9842169515864174,1.298397576705622,1.3271492753260068,99.0,1.3127734260158144,0.014375849310192484,0.07245099533445036,1.9842169515864174,completed,True,COMPLETE
72,1.004095504015354,2026-06-09 19:11:29.177348,2026-06-09 19:11:31.046346,0 days 00:00:01.868998,,,,,,,,,,,,,,,SVR,,,,,,3,,,,,,,,,,0.4335517932282339,,0.02732522549521998,auto,linear,True,,,,,,,,,0.01257887978530781,0.024907885228160672,99.0,0.01874338250673424,0.006164502721426432,0.03106768499532171,1.9842169515864174,0.9932283081387041,1.014962699892004,99.0,1.004095504015354,0.010867195876649954,0.05476818383171978,1.9842169515864174,252876689378188.06,336191088454376.94,99.0,294533888916282.5,41657199538094.43,209942766111280.03,1.9842169515864174,3.0786317954110465,3.21151786567617,99.0,3.1450748305436083,0.06644303513256185,0.334857713414047,1.9842169515864174,0.9751277278385716,0.982580040228831,99.0,0.9788538840337013,0.003726156195129684,0.01877897571709865,1.9842169515864174,100.0,0.13,0.04061829316471137,0.0601924900493427,99.0,0.050405391607027034,0.00978709844231566,0.04932473958803093,1.9842169515864174,SVR,"{'mode': 'original', 'type': 'SVR'}",3,"['nodes_T2W10', 'edges_T2W10', 'lcc_T2W10']",0.17855139248251178,0.23027696781321105,99.0,0.20441418014786142,0.025862787665349635,0.1303425396334401,1.9842169515864174,1.2963850430589725,1.3253776051589805,99.0,1.3108813241089765,0.01449628105000399,0.073057943781873,1.9842169515864174,completed,True,COMPLETE
73,1.0013255200704652,2026-06-09 19:11:31.058740,2026-06-09 19:11:33.146910,0 days 00:00:02.088170,,,,,,,,,,,,,,,SVR,,,,,,3,,,,,,,,,,0.49184454562987345,,0.008892889893280166,auto,linear,True,,,,,,,,,0.015444468402407978,0.027500491161766318,99.0,0.021472479782087148,0.00602801137967917,0.03037979982410525,1.9842169515864174,0.9904778002418575,1.0121732398990728,99.0,1.0013255200704652,0.010847719828607712,0.05467002900028026,1.9842169515864174,254144854439616.03,337564364673501.1,99.0,295854609556558.56,41709755116942.53,210207634218601.1,1.9842169515864174,3.0873436903424945,3.2177859440016525,99.0,3.1525648171720735,0.06522112682957883,0.3286995747991839,1.9842169515864174,0.9886328659982636,0.9931369731116827,99.0,0.9908849195549732,0.0022520535567094914,0.011349835283429737,1.9842169515864174,100.0,0.14,0.04017411544641145,0.05918105126851412,99.0,0.049677583357462786,0.009503467911051331,0.04789530652609905,1.9842169515864174,SVR,"{'mode': 'original', 'type': 'SVR'}",3,"['nodes_T2W10', 'edges_T2W10', 'lcc_T2W10']",0.182598289233018,0.23316857558528062,99.0,0.2078834324091493,0.025285143176131317,0.1274313434118955,1.9842169515864174,1.2970034001517898,1.325819478222097,99.0,1.3114114391869434,0.01440803903515356,0.07261322419221382,1.9842169515864174,completed,True,COMPLETE
74,0.9994924009628628,2026-06-09 19:11:33.166420,2026-06-09 19:11:35.215719,0 days 00:00:02.049299,,,,,,,,,,,,,,,SVR,,,,,,3,,,,,,,,,,0.7115624169055251,,0.00280371927064582,auto,linear,True,,,,,,,,,0.017024074770476953,0.029499193964082064,99.0,0.02326163436727951,0.006237559596802557,0.031435874952159416,1.9842169515864174,0.9885457322741534,1.0104390696515724,99.0,0.9994924009628628,0.010946668688709417,0.05516870864326281,1.9842169515864174,253761597632864.12,336918510941050.75,99.0,295340054286957.44,41578456654093.33,209545919970347.0,1.9842169515864174,3.089081363282643,3.219830734937178,99.0,3.1544560491099105,0.06537468582726776,0.3294734770560221,1.9842169515864174,0.9921791486062859,0.9979239875504742,99.0,0.99505156807838,0.002872419472094133,0.014476337730093384,1.9842169515864174,100.0,0.14,0.04091213227324795,0.060525607435210495,99.0,0.05071886985422922,0.009806737580981273,0.04942371635894255,1.9842169515864174,SVR,"{'mode': 'original', 'type': 'SVR'}",3,"['nodes_T2W10', 'edges_T2W10', 'lcc_T2W10']",0.18842900115678113,0.23848943210334494,99.0,0.21345921663006304,0.025030215473281915,0.12614656604596491,1.9842169515864174,1.2961820805447015,1.3251313212553626,99.0,1.310656700900032,0.01447462035533046,0.07294877883065023,1.9842169515864174,completed,True,COMPLETE
75,0.9999038691688658,2026-06-09 19:11:35.234634,2026-06-09 19:11:37.121865,0 days 00:00:01.887231,,,,,,,,,,,,,,,SVR,,,,,,3,,,,,,,,,,0.6172773484056738,,0.0022162953950380032,auto,linear,True,,,,,,,,,0.01676252737651187,0.028966213029694016,99.0,0.022864370203102943,0.006101842826591072,0.03075189344447712,1.9842169515864174,0.9890163707553918,1.0107913675823397,99.0,0.9999038691688658,0.010887498413473931,0.0548705039777489,1.9842169515864174,254122572628888.88,337493050239091.0,99.0,295807811433989.94,41685238805101.07,210084077609421.53,1.9842169515864174,3.089636569316579,3.219915686054906,99.0,3.1547761276857424,0.06513955836916384,0.32828848839882946,1.9842169515864174,0.9936683627746115,0.9980949548401614,99.0,0.9958816588073864,0.00221329603277498,0.011154506219722646,1.9842169515864174,100.0,0.14,0.040499121453069616,0.05971936188005556,99.0,0.05010924166656259,0.009610120213492975,0.04843280975807363,1.9842169515864174,SVR,"{'mode': 'original', 'type': 'SVR'}",3,"['nodes_T2W10', 'edges_T2W10', 'lcc_T2W10']",0.17781436750643062,0.228100824928288,99.0,0.20295759621735932,0.025143228710928705,0.1267161269377637,1.9842169515864174,1.2966698235023904,1.3255338290546548,99.0,1.3111018262785226,0.014432002776132153,0.07273399597051877,1.9842169515864174,completed,True,COMPLETE
76,0.9993183171722417,2026-06-09 19:11:37.134795,2026-06-09 19:11:39.081460,0 days 00:00:01.946665,,,,,,,,,,,,,,,SVR,,,,,,3,,,,,,,,,,0.7561764907417607,,0.00240421284208974,auto,linear,True,,,,,,,,,0.017140633955307884,0.02971547029942511,99.0,0.023428052127366497,0.006287418172058612,0.03168715077769952,1.9842169515864174,0.9883566937504747,1.0102799405940086,99.0,0.9993183171722417,0.010961623421766953,0.05524407708039656,1.9842169515864174,253658756037080.75,336676350412632.5,99.0,295167553224856.6,41508797187775.89,209194852178784.44,1.9842169515864174,3.089052356374212,3.220014703974219,99.0,3.1545335301742154,0.06548117380000358,0.33001015210383217,1.9842169515864174,0.9923285653222951,0.9982340931988762,99.0,0.9952813292605857,0.002952763938290558,0.014881255479295091,1.9842169515864174,100.0,0.14,0.04102895497386057,0.06076820090623797,99.0,0.05089857794004927,0.009869622966188698,0.04974064432973297,1.9842169515864174,SVR,"{'mode': 'original', 'type': 'SVR'}",3,"['nodes_T2W10', 'edges_T2W10', 'lcc_T2W10']",0.1831020420593702,0.2328473377312542,99.0,0.2079746898953122,0.024872647835942015,0.1253524611613457,1.9842169515864174,1.296042117200686,1.3250025417623998,99.0,1.310522329481543,0.014480212280856962,0.07297696085742927,1.9842169515864174,completed,True,COMPLETE
77,1.0107398824157359,2026-06-09 19:11:39.099008,2026-06-09 19:11:41.089595,0 days 00:00:01.990587,,,,,,,,,,,,,,,SVR,,,,,,3,,,,,,,,,,1.543199420327726,,0.002285568730919318,auto,linear,True,,,,,,,,,0.005782924831583876,0.01857480656926871,99.0,0.012178865700426294,0.006395940868842418,0.0322340803697335,1.9842169515864174,0.9999379121699596,1.021541852661512,99.0,1.0107398824157359,0.01080197024577627,0.05443946155756758,1.9842169515864174,249156235398009.8,333046624781189.06,99.0,291101430089599.44,41945194691589.61,211394195871845.9,1.9842169515864174,3.101885703752986,3.234221711451484,99.0,3.168053707602235,0.06616800384924908,0.3334716185966789,1.9842169515864174,0.9848987467425299,0.9927271644391413,99.0,0.9888129555908356,0.003914208848305718,0.01972671811505409,1.9842169515864174,100.0,0.27,0.021793461590868975,0.043056802583296014,99.0,0.032425132087082496,0.010631670496213521,0.05358118973690507,1.9842169515864174,SVR,"{'mode': 'original', 'type': 'SVR'}",3,"['nodes_T2W10', 'edges_T2W10', 'atd_T2W10']",0.15760075368345788,0.20932648354805977,99.0,0.18346361861575883,0.02586286493230093,0.1303429290412175,1.9842169515864174,1.308643866907644,1.3374510621742925,99.0,1.3230474645409682,0.014403597633324227,0.07259084054194925,1.9842169515864174,completed,True,COMPLETE
78,1.0000675282361686,2026-06-09 19:11:41.134458,2026-06-09 19:11:43.035679,0 days 00:00:01.901221,,,,,,,,,,,,,,,SVR,,,,,,3,,,,,,,,,,0.5959203925223104,,0.0022199910708020753,auto,linear,True,,,,,,,,,0.016624882270006705,0.028783998571666157,99.0,0.02270444042083643,0.006079558150829725,0.030639583771164783,1.9842169515864174,0.9891915719005729,1.0109434845717642,99.0,1.0000675282361686,0.010875956335595655,0.05481233454285395,1.9842169515864174,254224305393740.47,337617073792916.8,99.0,295920689593328.6,41696384199588.164,210140247850675.56,1.9842169515864174,3.089770824811205,3.219992986297405,99.0,3.154881905554305,0.06511108074310032,0.32814496767121576,1.9842169515864174,0.993593243731595,0.9980089595628824,99.0,0.9958011016472387,0.0022078579156437554,0.011127099352107305,1.9842169515864174,100.0,0.14,0.04035172558687981,0.0594984725237628,99.0,0.049925099055321304,0.009573373468441495,0.04824761456043106,1.9842169515864174,SVR,"{'mode': 'original', 'type': 'SVR'}",3,"['nodes_T2W10', 'edges_T2W10', 'lcc_T2W10']",0.18035441004505331,0.2294102563478193,99.0,0.2048823331964363,0.024527923151382997,0.1236151275281288,1.9842169515864174,1.2968093678727914,1.325657222046396,99.0,1.3112332949595937,0.01442392708680227,0.07269329634176383,1.9842169515864174,completed,True,COMPLETE
79,1.063862049707468,2026-06-09 19:11:43.049957,2026-06-09 19:12:21.356190,0 days 00:00:38.306233,,,,,,,,,,,,,,,RandomForestRegressor,20.0,log2,1.0,12.0,373.0,3,,,,,,,,,,,,,,,True,,,,,,,,,-0.05004341505555582,-0.029249402929346437,99.0,-0.03964640899245113,0.010397006063104692,0.05239853461987661,1.9842169515864174,1.0496030452505671,1.0781210541643689,99.0,1.063862049707468,0.014259004456900846,0.0718621239754076,1.9842169515864174,275009174301741.22,365369801386671.4,99.0,320189487844206.3,45180313542465.09,227698455586434.8,1.9842169515864174,3.304956625937702,3.4093514514791043,99.0,3.357154038708403,0.05219741277070139,0.2630630321395481,1.9842169515864174,0.8142933339152136,0.8531563118042667,99.0,0.8337248228597401,0.019431488944526547,0.09793026376974917,1.9842169515864174,100.0,0.56,-0.03950020573290172,-0.0031088664947830115,99.0,-0.02130453611384237,0.018195669619059357,0.09170201678053193,1.9842169515864174,RandomForestRegressor,"{'mode': 'original', 'type': 'RandomForestRegressor'}",3,"['l3_T2W10', 'lcc_T2W10', 'density_T2W10']",0.15515591791717392,0.2044550060948741,99.0,0.179805462006024,0.024649544088850076,0.12422806925997844,1.9842169515864174,1.3406399054055387,1.3765984257758646,99.0,1.3586191655907016,0.017979260185163024,0.09061136268787684,1.9842169515864174,completed,True,COMPLETE
80,1.01051116148451,2026-06-09 19:12:21.369199,2026-06-09 19:12:23.204607,0 days 00:00:01.835408,,,,,,,,,,,,,,,SVR,,,,,,2,,,,,,,,,,0.6359117559893491,,0.0019974602185974656,auto,linear,False,,,,,,,,,0.006264772224340896,0.018684804124660417,99.0,0.012474788174500656,0.00621001595015976,0.03129706126739185,1.9842169515864174,0.9995541232623282,1.0214681997066917,99.0,1.01051116148451,0.010957038222181706,0.05522096872230305,1.9842169515864174,251302457678436.12,335916203277262.4,99.0,293609330477849.25,42306872799413.13,213216970884096.22,1.9842169515864174,3.105373648559848,3.2399953766550866,99.0,3.1726845126074674,0.06731086404761905,0.3392313728284742,1.9842169515864174,0.9889831649868379,0.9964337159298391,99.0,0.9927084404583385,0.0037252754715005466,0.018774537071271975,1.9842169515864174,100.0,0.29,0.021580512855791364,0.04223907319728844,99.0,0.0319097930265399,0.010329280170748538,0.05205721159921596,1.9842169515864174,SVR,"{'mode': 'original', 'type': 'SVR'}",2,"['edges_T2W10', 'lcc_T2W10']",0.18400467717902103,0.2347103709260429,99.0,0.20935752405253197,0.02535284687351094,0.12777255457494643,1.9842169515864174,1.3089967108313536,1.3379635788142517,99.0,1.3234801448228026,0.014483433991449106,0.07299319754258393,1.9842169515864174,completed,True,COMPLETE
