number,value,datetime_start,datetime_complete,duration,params_dt_max_depth,params_dt_min_samples_leaf,params_dt_min_samples_split,params_elastic_alpha,params_elastic_l1_ratio,params_et_max_depth,params_et_max_features,params_et_min_samples_leaf,params_et_min_samples_split,params_et_n_estimators,params_knn_metric,params_knn_n_neighbors,params_knn_weights,params_quantile_alpha,params_regressor,params_rf_max_depth,params_rf_max_features,params_rf_min_samples_leaf,params_rf_min_samples_split,params_rf_n_estimators,params_rfe_n_features,params_rfe_proxy_et_max_depth,params_rfe_proxy_et_min_samples_leaf,params_rfe_proxy_et_min_samples_split,params_rfe_proxy_et_n_estimators,params_rfe_proxy_lsvr_C,params_rfe_proxy_lsvr_epsilon,params_rfe_proxy_type,params_ridge_alpha,params_ridge_solver,params_svr_C,params_svr_degree,params_svr_epsilon,params_svr_gamma,params_svr_kernel,params_use_scaler,params_xgb_booster,params_xgb_colsample_bytree,params_xgb_learning_rate,params_xgb_max_depth,params_xgb_n_estimators,params_xgb_reg_alpha,params_xgb_reg_lambda,params_xgb_subsample,user_attrs_d2mae_ci_lower_val,user_attrs_d2mae_ci_upper_val,user_attrs_d2mae_df_val,user_attrs_d2mae_mean_val,user_attrs_d2mae_samperror_val,user_attrs_d2mae_std_val,user_attrs_d2mae_t_critical_val,user_attrs_mae_ci_lower_val,user_attrs_mae_ci_upper_val,user_attrs_mae_df_val,user_attrs_mae_mean_val,user_attrs_mae_samperror_val,user_attrs_mae_std_val,user_attrs_mae_t_critical_val,user_attrs_mape_ci_lower_val,user_attrs_mape_ci_upper_val,user_attrs_mape_df_val,user_attrs_mape_mean_val,user_attrs_mape_samperror_val,user_attrs_mape_std_val,user_attrs_mape_t_critical_val,user_attrs_max_error_ci_lower_val,user_attrs_max_error_ci_upper_val,user_attrs_max_error_df_val,user_attrs_max_error_mean_val,user_attrs_max_error_samperror_val,user_attrs_max_error_std_val,user_attrs_max_error_t_critical_val,user_attrs_median_ae_ci_lower_val,user_attrs_median_ae_ci_upper_val,user_attrs_median_ae_df_val,user_attrs_median_ae_mean_val,user_attrs_median_ae_samperror_val,user_attrs_median_ae_std_val,user_attrs_median_ae_t_critical_val,user_attrs_n_splits_val,user_attrs_r2_below_zero_val,user_attrs_r2_ci_lower_val,user_attrs_r2_ci_upper_val,user_attrs_r2_df_val,user_attrs_r2_mean_val,user_attrs_r2_samperror_val,user_attrs_r2_std_val,user_attrs_r2_t_critical_val,user_attrs_regressor_final,user_attrs_rfe_estimator,user_attrs_rfe_n_features,user_attrs_rfe_selected_features,user_attrs_rho_ci_lower_val,user_attrs_rho_ci_upper_val,user_attrs_rho_df_val,user_attrs_rho_mean_val,user_attrs_rho_samperror_val,user_attrs_rho_std_val,user_attrs_rho_t_critical_val,user_attrs_rmse_ci_lower_val,user_attrs_rmse_ci_upper_val,user_attrs_rmse_df_val,user_attrs_rmse_mean_val,user_attrs_rmse_samperror_val,user_attrs_rmse_std_val,user_attrs_rmse_t_critical_val,user_attrs_termination_reason,user_attrs_use_scaler_final,state
287,1.0127541610621587,2026-06-09 19:22:40.829721,2026-06-09 19:22:43.212366,0 days 00:00:02.382645,,,,,,,,,,,,,,,SVR,,,,,,8,,,,,,,,,,2.2557280077595423,,0.00219991389702158,scale,linear,False,,,,,,,,,0.0018992112819462177,0.018224453756082132,99.0,0.010061832519014175,0.008162621237067957,0.04113774570135485,1.9842169515864174,1.0012868516218918,1.0242214705024255,99.0,1.0127541610621587,0.01146730944026695,0.05779261905356986,1.9842169515864174,245208325199653.22,326641302071735.75,99.0,285924813635694.5,40716488436041.27,205201797129531.12,1.9842169515864174,3.0765796408485087,3.2113555495626485,99.0,3.1439675952055786,0.06738795435706971,0.3396198903713216,1.9842169515864174,0.9659931258295269,0.9803372728552515,99.0,0.9731651993423892,0.007172073512862267,0.03614561153269084,1.9842169515864174,100.0,0.13,0.04080124542772982,0.06551596978269283,99.0,0.05315860760521133,0.01235736217748151,0.06227828145305167,1.9842169515864174,SVR,"{'mode': 'original', 'type': 'SVR'}",8,"['nodes_T2W10', 'edges_T2W10', 'l2_T2W10', 'lcc_T2W10', 'atd_T2W10', 'density_T2W10', 'diameter_T2W10', 'asp_T2W10']",0.20628276964786676,0.2538519327132072,99.0,0.23006735118053698,0.023784581532670223,0.11986885563926879,1.9842169515864174,1.2938164574649484,1.3233910970616305,99.0,1.3086037772632895,0.01478731979834095,0.07452471256491494,1.9842169515864174,completed,True,COMPLETE
288,0.9992298512326028,2026-06-09 19:22:43.225712,2026-06-09 19:22:45.290883,0 days 00:00:02.065171,,,,,,,,,,,,,,,SVR,,,,,,3,,,,,,,,,,0.8292660291894256,,0.0025621819594916963,scale,linear,True,,,,,,,,,0.01717603065407791,0.029836409052067175,99.0,0.02350621985307254,0.006330189198994632,0.031902706979362976,1.9842169515864174,0.9882727609122564,1.0101869415529492,99.0,0.9992298512326028,0.010957090320346429,0.055221231285147714,1.9842169515864174,253457297875975.16,336222598803152.5,99.0,294839948339563.8,41382650463588.664,208559101516104.28,1.9842169515864174,3.08874929316561,3.22009413717392,99.0,3.154421715169765,0.06567242200415513,0.3309739993484525,1.9842169515864174,0.9921944467806052,0.9981454477477814,99.0,0.9951699472641933,0.002975500483588042,0.014995842471807708,1.9842169515864174,100.0,0.14,0.04118525908388134,0.06106850468483186,99.0,0.0511268818843566,0.009941622800475258,0.05010350704103576,1.9842169515864174,SVR,"{'mode': 'original', 'type': 'SVR'}",3,"['nodes_T2W10', 'edges_T2W10', 'lcc_T2W10']",0.17573378488352037,0.22532539588464195,99.0,0.20052959038408116,0.024795805500560784,0.1249651933511408,1.9842169515864174,1.2958793307878673,1.3248167090265188,99.0,1.310348019907193,0.014468689119325836,0.07291888675660117,1.9842169515864174,completed,True,COMPLETE
289,1.0238882837266443,2026-06-09 19:22:45.303946,2026-06-09 19:22:47.539166,0 days 00:00:02.235220,,,,,,,,,,,,,,,SVR,,,,,,2,,,,,,,,,,1.7211465430224093,,0.0016867834732963588,scale,linear,True,,,,,,,,,-0.0004415378798256529,-0.00038013416817353165,99.0,-0.0004108360239995923,3.070185582606062e-05,0.00015473033733289055,1.9842169515864174,1.0140325344619292,1.0337440329913594,99.0,1.0238882837266443,0.009855749264715018,0.04967072404474303,1.9842169515864174,302150875756882.2,397776151912338.7,99.0,349963513834610.44,47812638077728.266,240964769701726.4,1.9842169515864174,2.9535903039427405,3.0093894364594327,99.0,2.9814898702010866,0.027899566258346158,0.14060743829468825,1.9842169515864174,0.9990601554425206,0.9993960241629863,99.0,0.9992280898027535,0.00016793436023282795,0.0008463507989817413,1.9842169515864174,100.0,0.97,-0.005306306832256463,-0.0035478736123848178,99.0,-0.00442709022232064,0.0008792166099358224,0.004431050794283724,1.9842169515864174,SVR,"{'mode': 'original', 'type': 'SVR'}",2,"['diameter_T2W10', 'asp_T2W10']",-0.04630121126479663,0.005563617551449587,99.0,-0.020368796856673522,0.02593241440812311,0.1306934425058191,1.9842169515864174,1.33455208416351,1.3633556914710727,99.0,1.3489538878172913,0.014401803653781518,0.07258179929501668,1.9842169515864174,completed,True,COMPLETE
290,0.9988626395585279,2026-06-09 19:22:47.552674,2026-06-09 19:22:49.518024,0 days 00:00:01.965350,,,,,,,,,,,,,,,SVR,,,,,,3,,,,,,,,,,0.9957793067905841,,0.002053928561940429,scale,linear,True,,,,,,,,,0.017455659150208983,0.03022992778659548,99.0,0.02384279346840223,0.006387134318193248,0.03218969736694679,1.9842169515864174,0.9879535665286917,1.009771712588364,99.0,0.9988626395585279,0.010909073029836215,0.054979235113953716,1.9842169515864174,253267350453084.56,335556010091956.8,99.0,294411680272520.7,41144329819436.12,207358019930937.9,1.9842169515864174,3.0905735158294396,3.223084508570179,99.0,3.1568290121998093,0.06625549637036961,0.3339125609092148,1.9842169515864174,0.9923897608339988,0.998583164830111,99.0,0.9954864628320549,0.003096701998056143,0.015606670407589621,1.9842169515864174,100.0,0.14,0.041604131524756324,0.061360839234853234,99.0,0.05148248537980478,0.009878353855048452,0.049784646014391365,1.9842169515864174,SVR,"{'mode': 'original', 'type': 'SVR'}",3,"['nodes_T2W10', 'edges_T2W10', 'lcc_T2W10']",0.18389703462053678,0.23355777922307533,99.0,0.20872740692180605,0.024830372301269287,0.12513940212745867,1.9842169515864174,1.2956970078375358,1.3244845766828954,99.0,1.3100907922602156,0.014393784422679868,0.07254138420283013,1.9842169515864174,completed,True,COMPLETE
291,1.0662664109479998,2026-06-09 19:22:49.531611,2026-06-09 19:22:49.666912,0 days 00:00:00.135301,,,,,,,,,,,,,,,LinearRegression,,,,,,3,,,,,,,,,,,,,,,True,,,,,,,,,,,,,,,,,,,,,,,,,,,,,,,,,,,,,,,,,,,,,,,,,,,,,LinearRegression,"{'mode': 'original', 'type': 'LinearRegression'}",3,"['atd_T2W10', 'density_T2W10', 'asp_T2W10']",,,,,,,,,,,,,,,pruned,True,PRUNED
292,1.0178493672029771,2026-06-09 19:22:49.676597,2026-06-09 19:22:52.166918,0 days 00:00:02.490321,,,,,,,,,,,,,,,SVR,,,,,,3,7.0,5.0,4.0,150.0,,,ExtraTrees,,,0.6619236407045699,,0.0010044023893551555,scale,rbf,True,,,,,,,,,-0.0025246603792858603,0.013732615428706296,99.0,0.005603977524710218,0.008128637903996079,0.040966477468590744,1.9842169515864174,1.0046106073176964,1.031088127088258,99.0,1.0178493672029771,0.013238759885280785,0.0667203244821397,1.9842169515864174,250160925185711.9,329863896498063.0,99.0,290012410841887.44,39851485656175.54,200842380790636.6,1.9842169515864174,3.261838944354581,3.448813763897305,99.0,3.355326354125943,0.09348740977136173,0.4711551813757908,1.9842169515864174,0.8748085646521114,0.9013482042326671,99.0,0.8880783844423893,0.01326981979027784,0.0668768593054725,1.9842169515864174,100.0,0.19,0.03584323722215254,0.06402012850979369,99.0,0.04993168286597311,0.014088445643820571,0.07100254653381831,1.9842169515864174,SVR,"{'mode': 'proxy', 'type': 'ExtraTrees'}",3,"['edges_T2W10', 'l3_T2W10', 'lcc_T2W10']",0.28178953992394834,0.3272332172813838,99.0,0.3045113786026661,0.02272183867871775,0.11451287451481164,1.9842169515864174,1.2943763238258628,1.3274684779810206,99.0,1.3109224009034417,0.016546077077579022,0.08338844733863468,1.9842169515864174,completed,True,COMPLETE
293,0.99958916898184,2026-06-09 19:22:52.180994,2026-06-09 19:22:54.206100,0 days 00:00:02.025106,,,,,,,,,,,,,,,SVR,,,,,,4,,,,,,,,,,0.9711532556327985,,0.0019081178832782311,scale,linear,True,,,,,,,,,0.016729595480094412,0.029567327195507757,99.0,0.023148461337801084,0.006418865857706673,0.03234961707475926,1.9842169515864174,0.9885963727817614,1.0105819651819186,99.0,0.99958916898184,0.010992796200078614,0.05540118075944102,1.9842169515864174,253433757268850.88,335826438498178.0,99.0,294630097883514.44,41196340614663.58,207620142453305.62,1.9842169515864174,3.0923552929148683,3.2256982811850095,99.0,3.159026787049939,0.06667149413507077,0.33600909457892547,1.9842169515864174,0.9908615903449388,0.9975695338103551,99.0,0.9942155620776469,0.0033539717327081674,0.01690325107860109,1.9842169515864174,100.0,0.14,0.04063841525750072,0.06055746663990793,99.0,0.050597940948704324,0.009959525691203605,0.05019373351911334,1.9842169515864174,SVR,"{'mode': 'original', 'type': 'SVR'}",4,"['nodes_T2W10', 'edges_T2W10', 'lcc_T2W10', 'asp_T2W10']",0.18372288223092997,0.2312612579267851,99.0,0.20749207007885753,0.023769187847927545,0.11979127498595175,1.9842169515864174,1.2962303057510423,1.325189233036269,99.0,1.3107097693936556,0.014479463642613237,0.07297318789176074,1.9842169515864174,completed,True,COMPLETE
294,1.0041880074538125,2026-06-09 19:22:54.224414,2026-06-09 19:22:56.559815,0 days 00:00:02.335401,,,,,,,,,,,,,,0.0010112376784619246,QuantileRegressor,,,,,,3,,,,,,,,,,,,,,,False,,,,,,,,,0.012921501927144904,0.024455187802219655,99.0,0.01868834486468228,0.005766842937537376,0.029063570558283357,1.9842169515864174,0.9934117819807128,1.0149642329269122,99.0,1.0041880074538125,0.010776225473099725,0.05430971378650876,1.9842169515864174,258329990658683.38,342336302429694.75,99.0,300333146544189.06,42003155885505.695,211686307043810.97,1.9842169515864174,3.0863155322243965,3.2136946001248563,99.0,3.1500050661746264,0.06368953395023001,0.3209806966889839,1.9842169515864174,0.9951150449773762,0.9996880002323549,99.0,0.9974015226048656,0.0022864776274892982,0.011523324733523813,1.9842169515864174,100.0,0.18,0.03373546473282249,0.051908547222448156,99.0,0.04282200597763532,0.00908654124481283,0.04579409140491405,1.9842169515864174,QuantileRegressor,"{'mode': 'original', 'type': 'QuantileRegressor'}",3,"['nodes_T2W10', 'edges_T2W10', 'lcc_T2W10']",0.20611492142656024,0.2593928509328061,98.0,0.23275388617968318,0.026638964753122937,0.13356447447231284,1.9844674545084815,1.301833291968643,1.3305307090053076,99.0,1.3161820004869753,0.014348708518332242,0.07231421194572595,1.9842169515864174,completed,False,COMPLETE
295,1.029017146752805,2026-06-09 19:22:56.572696,2026-06-09 19:23:28.186805,0 days 00:00:31.614109,,,,,,,,,,,,,,,XGBRegressor,,,,,,3,,,,,,,,,,,,,,,True,dart,0.8596883879548971,0.0035631537772404325,4.0,373.0,0.044587798224455404,0.06470709890429793,0.8830822095926487,,,,,,,,,,,,,,,,,,,,,,,,,,,,,,,,,,,,,,,,,,,,,XGBRegressor,"{'mode': 'original', 'type': 'XGBRegressor'}",3,"['edges_T2W10', 'l3_T2W10', 'density_T2W10']",,,,,,,,,,,,,,,pruned,True,PRUNED
296,1.0105211296801395,2026-06-09 19:23:28.197724,2026-06-09 19:23:30.033999,0 days 00:00:01.836275,,,,,,,,,,,,,,,SVR,,,,,,2,,,,,,,,,,0.4164678967889513,,0.0012307610673260565,scale,linear,True,,,,,,,,,0.0062851016649233486,0.01865460798336621,99.0,0.01246985482414478,0.006184753159221431,0.031169742574150512,1.9842169515864174,0.9995602908727511,1.021481968487528,99.0,1.0105211296801395,0.010960838807388422,0.05524012280322992,1.9842169515864174,251702554345526.47,336547363467410.75,99.0,294124958906468.6,42422404560942.15,213799224560724.94,1.9842169515864174,3.106143429938062,3.239676951878884,99.0,3.172910190908473,0.0667667609704112,0.3364892176585326,1.9842169515864174,0.9896349202481428,0.9970913524500523,99.0,0.9933631363490976,0.0037282161009547085,0.018789357171724252,1.9842169515864174,100.0,0.29,0.021185856943112442,0.041777303230619414,99.0,0.031481580086865926,0.010295723143753484,0.051888091851659,1.9842169515864174,SVR,"{'mode': 'original', 'type': 'SVR'}",2,"['edges_T2W10', 'lcc_T2W10']",0.19150894335541419,0.24037007659366494,99.0,0.21593950997453956,0.024430566619125387,0.12312447285359954,1.9842169515864174,1.3093095292667565,1.3382384673259198,99.0,1.3237739982963381,0.014464469029581588,0.07289761846867089,1.9842169515864174,completed,True,COMPLETE
297,1.0108011559816854,2026-06-09 19:23:30.076122,2026-06-09 19:23:32.074989,0 days 00:00:01.998867,,,,,,,,,,,,,,,SVR,,,,,,3,,,,,,,,,,1.2919162165537512,,0.001509731338279949,scale,linear,True,,,,,,,,,0.005768855480394314,0.018478559294798393,99.0,0.012123707387596354,0.006354851907202039,0.032027001392772196,1.9842169515864174,1.0000074506425654,1.0215948613208055,99.0,1.0108011559816854,0.010793705339120087,0.05439780831672829,1.9842169515864174,249640764951917.1,333605213194543.0,99.0,291622989073230.06,41982224121312.96,211580815735635.22,1.9842169515864174,3.1022444640311986,3.2346443446259863,99.0,3.1684444043285924,0.06619994029739393,0.33363257099716775,1.9842169515864174,0.9853387184908655,0.9932431975029843,99.0,0.9892909579969249,0.0039522395060593565,0.01991838393931404,1.9842169515864174,100.0,0.27,0.021555355742317164,0.04271794550554493,99.0,0.03213665062393105,0.010581294881613882,0.05332730815122784,1.9842169515864174,SVR,"{'mode': 'original', 'type': 'SVR'}",3,"['nodes_T2W10', 'edges_T2W10', 'atd_T2W10']",0.15897345738869686,0.2109646167723954,99.0,0.18496903708054613,0.02599557969184926,0.1310117811011811,1.9842169515864174,1.3088568292331637,1.3376503582676202,99.0,1.323253593750392,0.014396764517228171,0.07255640319833825,1.9842169515864174,completed,True,COMPLETE
298,0.9991789177120204,2026-06-09 19:23:32.088447,2026-06-09 19:23:34.045191,0 days 00:00:01.956744,,,,,,,,,,,,,,,SVR,,,,,,3,,,,,,,,,,0.8344089117966862,,0.002254078715937694,scale,linear,True,,,,,,,,,0.017223413408167333,0.0298864798067102,99.0,0.023554946607438766,0.006331533199271434,0.03190948043362526,1.9842169515864174,0.9882252591707402,1.0101325762533007,99.0,0.9991789177120204,0.010953658541280201,0.05520393590288881,1.9842169515864174,253428705332012.0,336170994019256.5,99.0,294799849675634.25,41371144343622.24,208501113300867.94,1.9842169515864174,3.0889143990463555,3.220254347381442,99.0,3.1545843732138987,0.06566997416754326,0.3309616628113117,1.9842169515864174,0.9923897533419741,0.9983484982053765,99.0,0.9953691257736753,0.0029793724317011576,0.015015356205474886,1.9842169515864174,100.0,0.14,0.041193979984368176,0.06107944853700924,99.0,0.051136714260688707,0.00994273427632053,0.05010910862529994,1.9842169515864174,SVR,"{'mode': 'original', 'type': 'SVR'}",3,"['nodes_T2W10', 'edges_T2W10', 'lcc_T2W10']",0.17667814818283728,0.22490234393689912,99.0,0.2007902460598682,0.02411209787703091,0.12151946317035972,1.9842169515864174,1.295874377470989,1.3248061293828792,99.0,1.3103402534269342,0.014465875955945022,0.07290470905602985,1.9842169515864174,completed,True,COMPLETE
299,1.0744733171760943,2026-06-09 19:23:34.058301,2026-06-09 19:23:34.219035,0 days 00:00:00.160734,,,,,,,,,,,minkowski,16.0,distance,,KNeighborsRegressor,,,,,,3,,,,,0.04910433944444359,0.0007975589228033542,LinearSVR,,,,,,,,True,,,,,,,,,,,,,,,,,,,,,,,,,,,,,,,,,,,,,,,,,,,,,,,,,,,,,KNeighborsRegressor,"{'mode': 'proxy', 'type': 'LinearSVR'}",3,"['nodes_T2W10', 'edges_T2W10', 'l1_T2W10']",,,,,,,,,,,,,,,pruned,True,PRUNED
