number,value,datetime_start,datetime_complete,duration,params_dt_max_depth,params_dt_min_samples_leaf,params_dt_min_samples_split,params_elastic_alpha,params_elastic_l1_ratio,params_et_max_depth,params_et_max_features,params_et_min_samples_leaf,params_et_min_samples_split,params_et_n_estimators,params_knn_metric,params_knn_n_neighbors,params_knn_weights,params_quantile_alpha,params_regressor,params_rf_max_depth,params_rf_max_features,params_rf_min_samples_leaf,params_rf_min_samples_split,params_rf_n_estimators,params_rfe_n_features,params_rfe_proxy_et_max_depth,params_rfe_proxy_et_min_samples_leaf,params_rfe_proxy_et_min_samples_split,params_rfe_proxy_et_n_estimators,params_rfe_proxy_lsvr_C,params_rfe_proxy_lsvr_epsilon,params_rfe_proxy_type,params_ridge_alpha,params_ridge_solver,params_svr_C,params_svr_degree,params_svr_epsilon,params_svr_gamma,params_svr_kernel,params_use_scaler,params_xgb_booster,params_xgb_colsample_bytree,params_xgb_learning_rate,params_xgb_max_depth,params_xgb_n_estimators,params_xgb_reg_alpha,params_xgb_reg_lambda,params_xgb_subsample,user_attrs_d2mae_ci_lower_val,user_attrs_d2mae_ci_upper_val,user_attrs_d2mae_df_val,user_attrs_d2mae_mean_val,user_attrs_d2mae_samperror_val,user_attrs_d2mae_std_val,user_attrs_d2mae_t_critical_val,user_attrs_mae_ci_lower_val,user_attrs_mae_ci_upper_val,user_attrs_mae_df_val,user_attrs_mae_mean_val,user_attrs_mae_samperror_val,user_attrs_mae_std_val,user_attrs_mae_t_critical_val,user_attrs_mape_ci_lower_val,user_attrs_mape_ci_upper_val,user_attrs_mape_df_val,user_attrs_mape_mean_val,user_attrs_mape_samperror_val,user_attrs_mape_std_val,user_attrs_mape_t_critical_val,user_attrs_max_error_ci_lower_val,user_attrs_max_error_ci_upper_val,user_attrs_max_error_df_val,user_attrs_max_error_mean_val,user_attrs_max_error_samperror_val,user_attrs_max_error_std_val,user_attrs_max_error_t_critical_val,user_attrs_median_ae_ci_lower_val,user_attrs_median_ae_ci_upper_val,user_attrs_median_ae_df_val,user_attrs_median_ae_mean_val,user_attrs_median_ae_samperror_val,user_attrs_median_ae_std_val,user_attrs_median_ae_t_critical_val,user_attrs_n_splits_val,user_attrs_r2_below_zero_val,user_attrs_r2_ci_lower_val,user_attrs_r2_ci_upper_val,user_attrs_r2_df_val,user_attrs_r2_mean_val,user_attrs_r2_samperror_val,user_attrs_r2_std_val,user_attrs_r2_t_critical_val,user_attrs_regressor_final,user_attrs_rfe_estimator,user_attrs_rfe_n_features,user_attrs_rfe_selected_features,user_attrs_rho_ci_lower_val,user_attrs_rho_ci_upper_val,user_attrs_rho_df_val,user_attrs_rho_mean_val,user_attrs_rho_samperror_val,user_attrs_rho_std_val,user_attrs_rho_t_critical_val,user_attrs_rmse_ci_lower_val,user_attrs_rmse_ci_upper_val,user_attrs_rmse_df_val,user_attrs_rmse_mean_val,user_attrs_rmse_samperror_val,user_attrs_rmse_std_val,user_attrs_rmse_t_critical_val,user_attrs_termination_reason,user_attrs_use_scaler_final,state
52,1.013744076680642,2026-06-09 19:10:24.598962,2026-06-09 19:10:26.472434,0 days 00:00:01.873472,,,,,,,,,,,,,,,SVR,,,,,,12,,,,,2.965487886204062,0.005602265006952145,LinearSVR,,,0.18678930168068078,,0.07254805187199438,auto,rbf,True,,,,,,,,,0.004515405545181201,0.014515692299532599,99.0,0.0095155489223569,0.005000143377175699,0.02519957998130191,1.9842169515864174,1.0026859128692371,1.024802240492047,99.0,1.013744076680642,0.011058163811404845,0.0557306185826285,1.9842169515864174,273850154737198.1,360732175801120.94,99.0,317291165269159.5,43441010531961.414,218932765881420.1,1.9842169515864174,3.172502005993927,3.3023262109949023,99.0,3.2374141084944146,0.06491210250048791,0.3271421627992318,1.9842169515864174,0.8896021113482223,0.9095543844002131,99.0,0.8995782478742177,0.009976136525995374,0.05027744833053297,1.9842169515864174,100.0,0.12,0.041788390132252475,0.059794097292028274,99.0,0.050791243712140374,0.0090028535798879,0.045372324698113045,1.9842169515864174,SVR,"{'mode': 'proxy', 'type': 'LinearSVR'}",12,"['nodes_T2W10', 'edges_T2W10', 're_T2W10', 'pe_T2W10', 'l1_T2W10', 'l2_T2W10', 'l3_T2W10', 'lcc_T2W10', 'atd_T2W10', 'density_T2W10', 'diameter_T2W10', 'asp_T2W10']",0.2703322262977744,0.31803790388893627,99.0,0.29418506509335535,0.023852838795580898,0.12021285664609467,1.9842169515864174,1.2959857232928593,1.32579448004584,99.0,1.3108901016693497,0.014904378376490335,0.07511466104840005,1.9842169515864174,completed,True,COMPLETE
53,1.0093208895990236,2026-06-09 19:10:26.485296,2026-06-09 19:10:28.354562,0 days 00:00:01.869266,,,,,,,,,,,,,,,SVR,,,,,,13,,,,,9.650196459499531,0.00017870883205706138,LinearSVR,,,0.30077391379427104,,0.1737442079543058,auto,rbf,True,,,,,,,,,0.0069725440008666095,0.020684630631190838,99.0,0.013828587316028724,0.006856043315162114,0.034552891555938894,1.9842169515864174,0.9973651758299485,1.0212766033680984,99.0,1.0093208895990236,0.011955713769074998,0.06025406525993132,1.9842169515864174,270518145618909.28,356624475037966.5,99.0,313571310328437.9,43053164709528.6,216978111567421.16,1.9842169515864174,3.254061841186307,3.407723594389608,99.0,3.3308927177879575,0.0768308766016505,0.3872100605743884,1.9842169515864174,0.8094214047098536,0.8373060311984324,99.0,0.823363717954143,0.013942313244289462,0.07026607263455908,1.9842169515864174,100.0,0.2,0.046002240875706674,0.07190138246413845,99.0,0.05895181166992256,0.012949570794215888,0.06526287754906272,1.9842169515864174,SVR,"{'mode': 'proxy', 'type': 'LinearSVR'}",13,"['nodes_T2W10', 'edges_T2W10', 're_T2W10', 'pe_T2W10', 'l1_T2W10', 'l2_T2W10', 'l3_T2W10', 'lcc_T2W10', 'lsc_T2W10', 'atd_T2W10', 'density_T2W10', 'diameter_T2W10', 'asp_T2W10']",0.27009882079858555,0.32017270113122603,99.0,0.2951357609649058,0.025036940166320222,0.12618045696214183,1.9842169515864174,1.2886273024394608,1.321109535936286,99.0,1.3048684191878734,0.016241116748412616,0.08185151696959121,1.9842169515864174,completed,True,COMPLETE
54,1.2960230129347776,2026-06-09 19:10:28.373126,2026-06-09 19:10:28.512482,0 days 00:00:00.139356,12.0,3.0,20.0,,,,,,,,,,,,DecisionTreeRegressor,,,,,,13,,,,,,,,,,,,,,,True,,,,,,,,,,,,,,,,,,,,,,,,,,,,,,,,,,,,,,,,,,,,,,,,,,,,,DecisionTreeRegressor,"{'mode': 'original', 'type': 'DecisionTreeRegressor'}",13,"['nodes_T2W10', 'edges_T2W10', 're_T2W10', 'pe_T2W10', 'l1_T2W10', 'l2_T2W10', 'l3_T2W10', 'lcc_T2W10', 'lsc_T2W10', 'atd_T2W10', 'density_T2W10', 'diameter_T2W10', 'asp_T2W10']",,,,,,,,,,,,,,,pruned,True,PRUNED
55,1.0243092675106904,2026-06-09 19:10:28.525021,2026-06-09 19:10:30.474507,0 days 00:00:01.949486,,,,,,,,,,,,,,,SVR,,,,,,12,,,,,9.417974402169962,0.0001035947015929234,LinearSVR,,,0.1010836286598786,,0.25575082944327987,auto,rbf,True,,,,,,,,,-0.00556356143535833,0.003947592484272456,99.0,-0.0008079844755429366,0.004755576959815393,0.023967021126461114,1.9842169515864174,1.0132842849442385,1.0353342500771423,99.0,1.0243092675106904,0.011024982566451852,0.05556339269068928,1.9842169515864174,284652232605088.25,374447574088624.75,99.0,329549903346856.5,44897670741768.23,226274000460845.4,1.9842169515864174,3.2044635195819806,3.3149625647515757,99.0,3.259713042166778,0.0552495225847975,0.27844496813024655,1.9842169515864174,0.8690912439628762,0.8927866207038337,99.0,0.880938932333355,0.011847688370478731,0.05970964193711927,1.9842169515864174,100.0,0.23,0.01970823338939583,0.03708970902551864,99.0,0.028398971207457234,0.008690737818061404,0.043799332583632056,1.9842169515864174,SVR,"{'mode': 'proxy', 'type': 'LinearSVR'}",12,"['nodes_T2W10', 'edges_T2W10', 're_T2W10', 'pe_T2W10', 'l1_T2W10', 'l2_T2W10', 'lcc_T2W10', 'lsc_T2W10', 'atd_T2W10', 'density_T2W10', 'diameter_T2W10', 'asp_T2W10']",0.20469026647398067,0.2569646769333704,99.0,0.23082747170367554,0.026137205229694864,0.13172554144745963,1.9842169515864174,1.3111452519068603,1.3416293638544212,99.0,1.3263873078806407,0.015242055973780451,0.07681647897219178,1.9842169515864174,completed,True,COMPLETE
56,1.022791496304231,2026-06-09 19:10:30.486643,2026-06-09 19:10:32.408441,0 days 00:00:01.921798,,,,,,,,,,,,,,,SVR,,,,,,13,,,,,2.8227523906598044,0.0034405536694699077,LinearSVR,,,0.018953698461620483,,0.004733259268042736,scale,rbf,True,,,,,,,,,0.00014492453442643003,0.0011824385593450907,99.0,0.0006636815468857604,0.0005187570124593303,0.002614416795726771,1.9842169515864174,1.0129211008463028,1.0326618917621593,99.0,1.022791496304231,0.009870395457928258,0.04974453751156947,1.9842169515864174,299873736804660.9,394732985014764.1,99.0,347303360909712.5,47429624105051.64,239034466806317.7,1.9842169515864174,2.979974233997128,3.037853064532074,99.0,3.008913649264601,0.028939415267472977,0.1458480396729571,1.9842169515864174,0.9883517269982869,0.9902330189816957,99.0,0.9892923729899913,0.0009406459917044264,0.004740640840470408,1.9842169515864174,100.0,0.23,0.0029024195874615055,0.005026225196494192,99.0,0.003964322391977849,0.0010619028045163433,0.005351747467268298,1.9842169515864174,SVR,"{'mode': 'proxy', 'type': 'LinearSVR'}",13,"['nodes_T2W10', 'edges_T2W10', 're_T2W10', 'pe_T2W10', 'l1_T2W10', 'l2_T2W10', 'l3_T2W10', 'lcc_T2W10', 'lsc_T2W10', 'atd_T2W10', 'density_T2W10', 'diameter_T2W10', 'asp_T2W10']",0.26416648102839785,0.31237033099979666,99.0,0.28826840601409726,0.024101924985699394,0.12146819412277204,1.9842169515864174,1.3289333289633816,1.3576978900471945,99.0,1.343315609505288,0.01438228054190643,0.07248340727261471,1.9842169515864174,completed,True,COMPLETE
57,1.071466552624863,2026-06-09 19:10:32.422681,2026-06-09 19:10:34.175476,0 days 00:00:01.752795,,,,,,,,,,,,,,,Ridge,,,,,,12,,,,,,,,0.0012565381971709664,lsqr,,,,,,True,,,,,,,,,-0.06013552057128401,-0.03522853537831242,99.0,-0.047682027974798216,0.012453492596485793,0.06276275679697726,1.9842169515864174,1.0573106122067801,1.085622493042946,99.0,1.071466552624863,0.0141559404180828,0.071342704772101,1.9842169515864174,234690750318754.25,319058450161909.8,99.0,276874600240332.03,42183849921577.77,212596963693163.78,1.9842169515864174,3.1881444924119644,3.3723344629999414,99.0,3.280239477705953,0.09209498529398864,0.4641376802085933,1.9842169515864174,0.9218642442213109,0.9617901309511573,99.0,0.9418271875862341,0.019962943364923203,0.10060867259985089,1.9842169515864174,100.0,0.51,-0.03546576078947204,0.009326085016644699,99.0,-0.01306983788641367,0.02239592290305837,0.1128703334842111,1.9842169515864174,Ridge,"{'mode': 'original', 'type': 'Ridge'}",12,"['nodes_T2W10', 'edges_T2W10', 'pe_T2W10', 'l1_T2W10', 'l2_T2W10', 'l3_T2W10', 'lcc_T2W10', 'lsc_T2W10', 'atd_T2W10', 'density_T2W10', 'diameter_T2W10', 'asp_T2W10']",0.14032409318349423,0.1927701421387619,99.0,0.16654711766112806,0.026223024477633836,0.1321580508455391,1.9842169515864174,1.3340003447042672,1.3695555592425979,99.0,1.3517779519734325,0.017777607269165368,0.08959507807325126,1.9842169515864174,completed,True,COMPLETE
58,1.023469387755102,2026-06-09 19:10:34.188359,2026-06-09 19:10:36.570907,0 days 00:00:02.382548,,,,,,,,,,,,,,0.08561135945314927,QuantileRegressor,,,,,,13,,,,,,,,,,,,,,,True,,,,,,,,,-3.689061612918833e-17,-7.518304855817933e-18,99.0,-2.2204460492503132e-17,1.46861556366852e-17,7.401486830834377e-17,1.9842169515864174,1.0136110878171936,1.0333276876930104,99.0,1.023469387755102,0.009858299937908436,0.049683578854754495,1.9842169515864174,302333226264427.7,398022470889923.8,99.0,350177848577175.75,47844622312748.055,241125962937144.6,1.9842169515864174,2.9520810170196823,3.0079189829803177,99.0,2.98,0.02791898298031788,0.14070529413628963,1.9842169515864174,1.0,1.0,99.0,1.0,4.2472291929738815e-17,2.1405064549912975e-16,1.9842169515864174,100.0,0.94,-0.005434946144302518,-0.0036404767218516836,99.0,-0.004537711433077101,0.0008972347112254175,0.0045218579072619156,1.9842169515864174,QuantileRegressor,"{'mode': 'original', 'type': 'QuantileRegressor'}",13,"['nodes_T2W10', 'edges_T2W10', 're_T2W10', 'pe_T2W10', 'l1_T2W10', 'l2_T2W10', 'l3_T2W10', 'lcc_T2W10', 'lsc_T2W10', 'atd_T2W10', 'density_T2W10', 'diameter_T2W10', 'asp_T2W10']",,,,,,,,1.3346202169399817,1.3634391301389042,99.0,1.349029673539443,0.014409456599461157,0.07262036839238036,1.9842169515864174,completed,True,COMPLETE
59,1.0607367224989088,2026-06-09 19:10:36.583851,2026-06-09 19:10:38.289647,0 days 00:00:01.705796,,,,,,,,,,,,,,,LinearRegression,,,,,,11,,,,,,,,,,,,,,,False,,,,,,,,,-0.04842589890885181,-0.0257547214199262,99.0,-0.037090310164389004,0.011335588744462805,0.057128776847712115,1.9842169515864174,1.0472593396285452,1.0742141053692724,99.0,1.0607367224989088,0.013477382870363583,0.0679229297965032,1.9842169515864174,237677999186007.2,323143136652042.2,99.0,280410567919024.7,42732568733017.51,215362381108840.16,1.9842169515864174,3.181080989782091,3.3325959940419874,99.0,3.2568384919120392,0.07575750212994815,0.3818004985260239,1.9842169515864174,0.911831323805422,0.9489633609294691,99.0,0.9303973423674455,0.01856601856202358,0.09356849082042018,1.9842169515864174,100.0,0.44,-0.012807836392087235,0.02629835056695455,99.0,0.006745257087433657,0.019553093479520892,0.09854312283688454,1.9842169515864174,LinearRegression,"{'mode': 'original', 'type': 'LinearRegression'}",11,"['nodes_T2W10', 'edges_T2W10', 're_T2W10', 'pe_T2W10', 'l1_T2W10', 'l2_T2W10', 'l3_T2W10', 'atd_T2W10', 'density_T2W10', 'diameter_T2W10', 'asp_T2W10']",0.16601927975551128,0.21576646117083598,99.0,0.19089287046317363,0.024873590707662343,0.1253572130193498,1.9842169515864174,1.3219308853395473,1.3560859259742586,99.0,1.339008405656903,0.017077520317355682,0.08606679982096664,1.9842169515864174,completed,False,COMPLETE
60,1.0065521564483007,2026-06-09 19:10:38.321100,2026-06-09 19:10:40.093503,0 days 00:00:01.772403,,,,,,,,,,,,,,,SVR,,,,,,5,,,,,,,,,,0.43588686798033427,,0.024299283395523754,auto,linear,True,,,,,,,,,0.010107036685544704,0.022551846592525432,99.0,0.016329441639035068,0.006222404953490365,0.03135949901302597,1.9842169515864174,0.9956856705369707,1.0174186423596308,99.0,1.0065521564483007,0.010866485911330034,0.05476460576874964,1.9842169515864174,252432447875632.9,335873362169910.56,99.0,294152905022771.75,41720457147138.836,210261570005147.75,1.9842169515864174,3.0867905808731138,3.2209423701176005,99.0,3.153866475495357,0.0670758946222432,0.3380471806201172,1.9842169515864174,0.9733958145978413,0.982281814826416,99.0,0.9778388147121286,0.004443000114287369,0.022391705255491896,1.9842169515864174,100.0,0.19,0.0355376024894947,0.05546519413155703,99.0,0.04550139831052587,0.009963795821031162,0.050215253997628266,1.9842169515864174,SVR,"{'mode': 'original', 'type': 'SVR'}",5,"['nodes_T2W10', 'edges_T2W10', 'lcc_T2W10', 'atd_T2W10', 'asp_T2W10']",0.17398928791139795,0.22263771641118035,99.0,0.19831350216128915,0.024324214249891212,0.12258848121644945,1.9842169515864174,1.2997166673132676,1.3287586402401155,99.0,1.3142376537766916,0.014520986463423955,0.07318245341979446,1.9842169515864174,completed,True,COMPLETE
61,1.0112990881432835,2026-06-09 19:10:40.112729,2026-06-09 19:10:41.989115,0 days 00:00:01.876386,,,,,,,,,,,,,,,SVR,,,,,,5,,,,,,,,,,0.3760606360823799,,0.05045318265989379,auto,linear,True,,,,,,,,,0.0046654130689981355,0.01850302911413282,99.0,0.011584221091565476,0.006918808022567341,0.0348692113381837,1.9842169515864174,1.0003864379096554,1.0222117383769116,99.0,1.0112990881432835,0.010912650233628083,0.05499726340359718,1.9842169515864174,250927703770603.75,333983664519378.6,99.0,292455684144991.2,41527980374387.43,209291531055538.34,1.9842169515864174,3.0810416441610404,3.216903369813435,99.0,3.1489725069872376,0.06793086282619705,0.342356024989531,1.9842169515864174,0.9724029989990751,0.9841285257438083,99.0,0.9782657623714417,0.005862763372366568,0.029546987629952372,1.9842169515864174,100.0,0.18,0.03417826391665118,0.05639009116892849,99.0,0.045284177542789836,0.011105913626138655,0.05597126673703334,1.9842169515864174,SVR,"{'mode': 'original', 'type': 'SVR'}",5,"['nodes_T2W10', 'edges_T2W10', 'pe_T2W10', 'l2_T2W10', 'lcc_T2W10']",0.16697316990630548,0.21427690248760542,99.0,0.19062503619695545,0.023651866290649977,0.11920000114775696,1.9842169515864174,1.2997372741666595,1.328588208163353,99.0,1.3141627411650063,0.0144254669983469,0.07270105714404605,1.9842169515864174,completed,True,COMPLETE
62,1.0050195816083949,2026-06-09 19:10:42.001644,2026-06-09 19:10:44.157666,0 days 00:00:02.156022,,,,,,,,,,,,,,,SVR,,,,,,5,,,,,,,,,,0.7746804824842609,,0.02111145413723511,auto,linear,True,,,,,,,,,0.011294709925885809,0.024283275637956434,99.0,0.01778899278192112,0.0064942828560353135,0.03272970151193909,1.9842169515864174,0.9941395758893247,1.0158995873274652,99.0,1.0050195816083949,0.010880005719070225,0.054832742510195084,1.9842169515864174,252245394051175.9,334976540686166.4,99.0,293610967368671.1,41365573317495.22,208473036602286.3,1.9842169515864174,3.087468907918801,3.2217724925707243,99.0,3.1546207002447626,0.06715179232596162,0.3384296877026101,1.9842169515864174,0.9762290122585761,0.9840482306082724,99.0,0.9801386214334242,0.003909609174848158,0.01970353681195171,1.9842169515864174,100.0,0.17,0.03717297587197563,0.057675777254438926,99.0,0.04742437656320728,0.01025140069123165,0.05166471681957697,1.9842169515864174,SVR,"{'mode': 'original', 'type': 'SVR'}",5,"['nodes_T2W10', 'edges_T2W10', 'lcc_T2W10', 'atd_T2W10', 'asp_T2W10']",0.16849260058810245,0.21630041858503846,99.0,0.19239650958657045,0.023903908998468018,0.12047023879801252,1.9842169515864174,1.298354482030384,1.3273452934730632,99.0,1.3128498877517236,0.014495405721339538,0.07305353232543547,1.9842169515864174,completed,True,COMPLETE
63,1.0053840729717707,2026-06-09 19:10:44.176372,2026-06-09 19:10:46.121651,0 days 00:00:01.945279,,,,,,,,,,,,,,,SVR,,,,,,6,,,,,,,,,,1.0014965801198932,,0.02242252720460984,auto,linear,True,,,,,,,,,0.010817313949110887,0.023965880652051602,99.0,0.017391597300581246,0.006574283351470358,0.03313288572710811,1.9842169515864174,0.9946081110103638,1.0161600349331774,99.0,1.0053840729717707,0.010775961961406793,0.05430838574779445,1.9842169515864174,252045401155281.75,334498813711675.0,99.0,293272107433478.4,41226706278196.625,207773178458308.8,1.9842169515864174,3.0848763662447127,3.2182742160990734,99.0,3.151575291171893,0.06669892492718024,0.33614733950263476,1.9842169515864174,0.975749023219091,0.9844440519129442,99.0,0.9800965375660176,0.004347514346926541,0.021910478808532627,1.9842169515864174,100.0,0.15,0.03822952538036838,0.058668847576382376,99.0,0.04844918647837538,0.010219661098006998,0.051504756522900354,1.9842169515864174,SVR,"{'mode': 'original', 'type': 'SVR'}",6,"['nodes_T2W10', 'edges_T2W10', 'lcc_T2W10', 'atd_T2W10', 'diameter_T2W10', 'asp_T2W10']",0.1830457587889077,0.22990141549881057,99.0,0.20647358714385913,0.023427828354951444,0.11807090114929454,1.9842169515864174,1.297696266250324,1.3265682838480088,99.0,1.3121322750491664,0.014436008798842494,0.07275418540951706,1.9842169515864174,completed,True,COMPLETE
64,1.0315642117967412,2026-06-09 19:10:46.134559,2026-06-09 19:10:48.633633,0 days 00:00:02.499074,,,,,,,,,,,,,,,XGBRegressor,,,,,,7,,,,,,,,,,,,,,,True,gblinear,0.8685638525629806,0.2364084327148036,10.0,80.0,1.896563801494213,3.5169012259823385,0.5234142252739347,-0.00873265931093329,-0.007272492759759063,99.0,-0.008002576035346176,0.0007300832755871136,0.0036794528693215667,1.9842169515864174,1.0220046190355851,1.0411238045578972,99.0,1.0315642117967412,0.009559592761156007,0.048178162944898434,1.9842169515864174,299138828296359.4,394040175286000.1,99.0,346589501791179.75,47450673494820.36,239140550920516.44,1.9842169515864174,2.9847291427359526,3.041378583361154,99.0,3.0130538630485533,0.02832472031260051,0.14275011757133907,1.9842169515864174,0.9622329372874817,0.9702222161777893,99.0,0.9662275767326355,0.003994639445153813,0.020132069943057516,1.9842169515864174,100.0,1.0,-0.0039930434702541975,-0.002342569378823419,99.0,-0.003167806424538808,0.0008252370457153892,0.004159006126097236,1.9842169515864174,XGBRegressor,"{'mode': 'original', 'type': 'XGBRegressor'}",7,"['l3_T2W10', 'lcc_T2W10', 'lsc_T2W10', 'atd_T2W10', 'density_T2W10', 'diameter_T2W10', 'asp_T2W10']",,,,,,,,1.3337508914175675,1.3624399802414016,99.0,1.3480954358294845,0.014344544411916987,0.07229322580098041,1.9842169515864174,completed,True,COMPLETE
65,1.025128365460372,2026-06-09 19:10:48.662480,2026-06-09 19:11:18.919690,0 days 00:00:30.257210,,,,,,6.0,sqrt,5.0,2.0,465.0,,,,,ExtraTreesRegressor,,,,,,6,,,,,,,,,,,,,,,True,,,,,,,,,-0.006278869490754783,0.002783177142204908,99.0,-0.0017478461742749373,0.004531023316479845,0.022835322079358355,1.9842169515864174,1.014689127273212,1.035567603647532,99.0,1.025128365460372,0.010439238187160192,0.05261137487417307,1.9842169515864174,279604040032528.62,368487134820949.75,99.0,324045587426739.2,44441547394210.56,223975243023091.47,1.9842169515864174,3.0269866019015814,3.0962081083282365,99.0,3.061597355114909,0.03461075321332767,0.1744302868980922,1.9842169515864174,0.8929231747039914,0.9096059476415883,99.0,0.9012645611727899,0.008341386468798463,0.042038681617599195,1.9842169515864174,100.0,0.11,0.0407557014688765,0.053698510417060155,99.0,0.04722710594296833,0.00647140447409183,0.03261439969514334,1.9842169515864174,ExtraTreesRegressor,"{'mode': 'original', 'type': 'ExtraTreesRegressor'}",6,"['nodes_T2W10', 'edges_T2W10', 'l3_T2W10', 'lcc_T2W10', 'diameter_T2W10', 'asp_T2W10']",0.24895209903503468,0.29855300640221305,99.0,0.27375255271862386,0.024800453683589175,0.12498861913139468,1.9842169515864174,1.2992785795429582,1.3276791781471586,99.0,1.3134788788450584,0.014200299302100183,0.07156626341059523,1.9842169515864174,completed,True,COMPLETE
