number,value,datetime_start,datetime_complete,duration,params_dt_max_depth,params_dt_min_samples_leaf,params_dt_min_samples_split,params_elastic_alpha,params_elastic_l1_ratio,params_et_max_depth,params_et_max_features,params_et_min_samples_leaf,params_et_min_samples_split,params_et_n_estimators,params_knn_metric,params_knn_n_neighbors,params_knn_weights,params_quantile_alpha,params_regressor,params_rf_max_depth,params_rf_max_features,params_rf_min_samples_leaf,params_rf_min_samples_split,params_rf_n_estimators,params_rfe_n_features,params_rfe_proxy_et_max_depth,params_rfe_proxy_et_min_samples_leaf,params_rfe_proxy_et_min_samples_split,params_rfe_proxy_et_n_estimators,params_rfe_proxy_lsvr_C,params_rfe_proxy_lsvr_epsilon,params_rfe_proxy_type,params_use_scaler,params_xgb_booster,params_xgb_colsample_bytree,params_xgb_learning_rate,params_xgb_max_depth,params_xgb_n_estimators,params_xgb_reg_alpha,params_xgb_reg_lambda,params_xgb_subsample,user_attrs_d2mae_ci_lower_val,user_attrs_d2mae_ci_upper_val,user_attrs_d2mae_df_val,user_attrs_d2mae_mean_val,user_attrs_d2mae_samperror_val,user_attrs_d2mae_std_val,user_attrs_d2mae_t_critical_val,user_attrs_mae_ci_lower_val,user_attrs_mae_ci_upper_val,user_attrs_mae_df_val,user_attrs_mae_mean_val,user_attrs_mae_samperror_val,user_attrs_mae_std_val,user_attrs_mae_t_critical_val,user_attrs_mape_ci_lower_val,user_attrs_mape_ci_upper_val,user_attrs_mape_df_val,user_attrs_mape_mean_val,user_attrs_mape_samperror_val,user_attrs_mape_std_val,user_attrs_mape_t_critical_val,user_attrs_max_error_ci_lower_val,user_attrs_max_error_ci_upper_val,user_attrs_max_error_df_val,user_attrs_max_error_mean_val,user_attrs_max_error_samperror_val,user_attrs_max_error_std_val,user_attrs_max_error_t_critical_val,user_attrs_median_ae_ci_lower_val,user_attrs_median_ae_ci_upper_val,user_attrs_median_ae_df_val,user_attrs_median_ae_mean_val,user_attrs_median_ae_samperror_val,user_attrs_median_ae_std_val,user_attrs_median_ae_t_critical_val,user_attrs_n_splits_val,user_attrs_r2_below_zero_val,user_attrs_r2_ci_lower_val,user_attrs_r2_ci_upper_val,user_attrs_r2_df_val,user_attrs_r2_mean_val,user_attrs_r2_samperror_val,user_attrs_r2_std_val,user_attrs_r2_t_critical_val,user_attrs_regressor_final,user_attrs_rfe_estimator,user_attrs_rfe_n_features,user_attrs_rfe_selected_features,user_attrs_rho_ci_lower_val,user_attrs_rho_ci_upper_val,user_attrs_rho_df_val,user_attrs_rho_mean_val,user_attrs_rho_samperror_val,user_attrs_rho_std_val,user_attrs_rho_t_critical_val,user_attrs_rmse_ci_lower_val,user_attrs_rmse_ci_upper_val,user_attrs_rmse_df_val,user_attrs_rmse_mean_val,user_attrs_rmse_samperror_val,user_attrs_rmse_std_val,user_attrs_rmse_t_critical_val,user_attrs_termination_reason,user_attrs_use_scaler_final,state
242,2.808378909656402,2026-06-12 13:01:10.225288,2026-06-12 13:01:12.508182,0 days 00:00:02.282894,,,,,,,,,,,,,,0.01015640379127051,QuantileRegressor,,,,,,2,,,,,,,,True,,,,,,,,,0.0018491824977692013,0.013327171224208182,98.0,0.007588176860988691,0.00573899436321949,0.028774607918392012,1.9844674545084815,2.777798417697632,2.8389594016151722,98.0,2.808378909656402,0.030580491958770422,0.1533268043796308,1.9844674545084815,798289035454912.5,1011934798750434.0,98.0,905111917102673.2,106822881647760.75,535596716356201.6,1.9844674545084815,8.502559556851907,8.866569363697668,98.0,8.684564460274787,0.1820049034228806,0.9125500747626186,1.9844674545084815,2.488527460270256,2.5572026080743235,98.0,2.52286503417229,0.03433757390203379,0.17216434855418658,1.9844674545084815,99.0,0.40404040404040403,-0.006380759010009204,0.014598120159380484,98.0,0.00410868057468564,0.010489439584694844,0.05259275270727623,1.9844674545084815,QuantileRegressor,"{'mode': 'original', 'type': 'QuantileRegressor'}",2,"['density_T6W40', 'z_l1_T6W40']",0.13214691162904696,0.18149371102168,96.0,0.15682031132536348,0.02467339969631652,0.12242152428374564,1.984984311522457,3.4218367764120967,3.507509778030632,98.0,3.4646732772213644,0.04283650080926782,0.21477691689020784,1.9844674545084815,completed,True,COMPLETE
243,2.8188490181525556,2026-06-12 13:01:12.521118,2026-06-12 13:01:14.775849,0 days 00:00:02.254731,,,,,,,,,,,,,,0.00928077481968794,QuantileRegressor,,,,,,2,,,,,,,,True,,,,,,,,,-0.0019406985197002197,0.009820333577213979,98.0,0.003939817528756879,0.005880516048457099,0.029484180144278952,1.9844674545084815,2.787485470695081,2.8502125656100303,98.0,2.8188490181525556,0.03136354745747477,0.15725294779910584,1.9844674545084815,786200632369849.1,998066346899949.6,98.0,892133489634899.4,105932857265050.28,531134244182603.6,1.9844674545084815,8.530723527797154,8.903870584604906,98.0,8.71729705620103,0.18657352840387603,0.9354565953538966,1.9844674545084815,2.5461611804887294,2.6290404519371497,98.0,2.5876008162129396,0.04143963572421006,0.20777320812286207,1.9844674545084815,99.0,0.45454545454545453,-0.012013511097174863,0.009593258404750244,98.0,-0.001210126346212309,0.010803384750962554,0.05416683494111205,1.9844674545084815,QuantileRegressor,"{'mode': 'original', 'type': 'QuantileRegressor'}",2,"['density_T6W40', 'z_density_T6W40']",0.12362480589556926,0.17445873430109518,91.0,0.14904177009833222,0.025416964202762952,0.12273145397324954,1.9863771544186177,3.430079796871104,3.518241845754553,98.0,3.4741608213128283,0.04408102444172461,0.22101680445633323,1.9844674545084815,completed,True,COMPLETE
244,2.8083394841450176,2026-06-12 13:01:14.788388,2026-06-12 13:01:17.142740,0 days 00:00:02.354352,,,,,,,,,,,,,,0.010350127356654608,QuantileRegressor,,,,,,2,,,,,,,,True,,,,,,,,,0.001867503866128625,0.01333825734711087,98.0,0.007602880606619748,0.005735376740491123,0.02875646960547214,1.9844674545084815,2.777756228303875,2.83892273998616,98.0,2.8083394841450176,0.03058325584114272,0.1533406621439989,1.9844674545084815,798278672913340.2,1011927097179690.2,98.0,905102885046515.2,106824212133175.06,535603387245509.94,1.9844674545084815,8.502507748425666,8.866531405709365,98.0,8.684519577067515,0.18201182864184998,0.912584796953996,1.9844674545084815,2.4882603773324163,2.556928594800958,98.0,2.522594486066687,0.03433410873427087,0.17214697463160727,1.9844674545084815,99.0,0.40404040404040403,-0.006350042664490005,0.014617046504485452,98.0,0.004133501919997723,0.010483544584487728,0.05256319590535189,1.9844674545084815,QuantileRegressor,"{'mode': 'original', 'type': 'QuantileRegressor'}",2,"['density_T6W40', 'z_l1_T6W40']",0.13216211376212925,0.1814897267785978,96.0,0.15682592027036352,0.024663806508234274,0.12237392595022759,1.984984311522457,3.4217931333706213,3.507474664088387,98.0,3.4646338987295042,0.042840765358882975,0.21479829881452386,1.9844674545084815,completed,True,COMPLETE
245,2.7756887194769573,2026-06-12 13:01:17.155903,2026-06-12 13:01:17.368667,0 days 00:00:00.212764,,,,,,,,,,,,,,0.014290008942396829,QuantileRegressor,,,,,,3,,,,,,,,True,,,,,,,,,,,,,,,,,,,,,,,,,,,,,,,,,,,,,,,,,,,,,,,,,,,,,QuantileRegressor,"{'mode': 'original', 'type': 'QuantileRegressor'}",3,"['density_T6W40', 'z_l1_T6W40', 'z_asp_T6W40']",,,,,,,,,,,,,,,pruned,True,PRUNED
246,2.82419558389889,2026-06-12 13:01:17.378066,2026-06-12 13:01:19.675120,0 days 00:00:02.297054,,,,,,,,,,,,,,0.00444670090448746,QuantileRegressor,,,,,,2,,,,,,,,True,,,,,,,,,-0.004667425320803701,0.008654674682618827,98.0,0.001993624680907563,0.006661050001711264,0.03339768084674029,1.9844674545084815,2.7921314972404856,2.8562596705572947,98.0,2.82419558389889,0.03206408665840467,0.16076536470744257,1.9844674545084815,785894441848676.6,998721461157541.1,98.0,892307951503108.9,106413509654432.2,533544175814204.7,1.9844674545084815,8.575728400579962,8.983643003965327,98.0,8.779685702272644,0.20395730169268284,1.0226166845384101,1.9844674545084815,2.505659616488226,2.5975841051756237,98.0,2.5516218608319248,0.045962244343698964,0.23044900836900983,1.9844674545084815,99.0,0.47474747474747475,-0.019370259098260144,0.004703107007543104,98.0,-0.0073335760453585195,0.012036683052901623,0.060350440088409556,1.9844674545084815,QuantileRegressor,"{'mode': 'original', 'type': 'QuantileRegressor'}",2,"['density_T6W40', 'z_asp_T6W40']",0.12117774722803713,0.1748104196736131,90.0,0.14799408345082513,0.026816336222787993,0.12876368945782488,1.9866745407037683,3.4396003098373935,3.529143705731996,98.0,3.4843720077846947,0.044771697947301355,0.2244797559883928,1.9844674545084815,completed,True,COMPLETE
247,2.8171793772845684,2026-06-12 13:01:19.687657,2026-06-12 13:01:21.944237,0 days 00:00:02.256580,,,,,,,,,,,,,,0.009719235416906405,QuantileRegressor,,,,,,2,,,,,,,,True,,,,,,,,,-0.0010475226887334205,0.010075150542230678,98.0,0.004513813926748629,0.00556133661548205,0.027883853944564847,1.9844674545084815,2.786488460186674,2.8478702943824628,98.0,2.8171793772845684,0.030690917097894305,0.15388046236943254,1.9844674545084815,786638935112364.4,998504284425836.9,98.0,892571609769100.6,105932674656736.28,531133328607102.9,1.9844674545084815,8.526456056308499,8.898819726906405,98.0,8.712637891607452,0.18618183529895374,0.9334926945717822,1.9844674545084815,2.542248149860024,2.6246577771815307,98.0,2.5834529635207772,0.04120481366075359,0.20659583934030112,1.9844674545084815,99.0,0.45454545454545453,-0.010654315285927,0.010113756994594858,98.0,-0.0002702791456660708,0.010384036140260929,0.05206427287354932,1.9844674545084815,QuantileRegressor,"{'mode': 'original', 'type': 'QuantileRegressor'}",2,"['density_T6W40', 'z_density_T6W40']",0.12417681095454067,0.17486386152798603,91.0,0.14952033624126335,0.025343525286722676,0.12237683786442004,1.9863771544186177,3.4289805469658674,3.516124750855611,98.0,3.4725526489107392,0.043572101944871926,0.218465130002419,1.9844674545084815,completed,True,COMPLETE
248,2.8266135324203217,2026-06-12 13:01:21.957208,2026-06-12 13:01:23.627367,0 days 00:00:01.670159,,,,0.09783541009548102,0.2457071682552993,,,,,,,,,,ElasticNet,,,,,,2,,,,,,,,True,,,,,,,,,-0.0036838535273482783,0.0056406849402213435,98.0,0.0009784157064365328,0.004662269233784811,0.023376041292516785,1.9844674545084815,2.799310287256746,2.853916777583897,98.0,2.8266135324203217,0.027303245163575497,0.1368950942898096,1.9844674545084815,870479499523186.0,1102926062335093.0,98.0,986702780929139.5,116223281405953.53,582729158069631.4,1.9844674545084815,8.099066942432593,8.453007475721467,98.0,8.27603720907703,0.17697026664443757,0.8873070286568993,1.9844674545084815,2.5076965694499456,2.567300003400637,98.0,2.5374982864252913,0.02980171697534557,0.14942212293433813,1.9844674545084815,99.0,0.26262626262626265,0.006465893126622716,0.023217249583204237,98.0,0.014841571354913477,0.00837567822829076,0.04199461470362512,1.9844674545084815,ElasticNet,"{'mode': 'original', 'type': 'ElasticNet'}",2,"['lcc_T6W40', 'z_l1_T6W40']",0.1344878141899298,0.18017382098053533,98.0,0.15733081758523257,0.022843003395302774,0.11453199372191057,1.9844674545084815,3.4064500856271813,3.485185578383355,98.0,3.445817832005268,0.039367746378086654,0.19738501119988233,1.9844674545084815,completed,True,COMPLETE
249,2.819189712153004,2026-06-12 13:01:23.640065,2026-06-12 13:01:25.897562,0 days 00:00:02.257497,,,,,,,,,,,,,,0.0073812405538624054,QuantileRegressor,,,,,,3,,,,,,,,True,,,,,,,,,-0.0034470626250711987,0.010913644575812514,98.0,0.0037332909753706577,0.007180353600441856,0.036001404861499574,1.9844674545084815,2.7865978454621474,2.8517815788438603,98.0,2.819189712153004,0.03259186669085625,0.1634115885124841,1.9844674545084815,774386964307993.8,983202125379894.5,98.0,878794544843944.1,104407580535950.34,523486695314429.3,1.9844674545084815,8.53982185640118,8.907454980857946,98.0,8.723638418629562,0.18381656222838322,0.9216335079411445,1.9844674545084815,2.508612600744546,2.606941919771791,98.0,2.5577772602581685,0.049164659513622706,0.24650552194515712,1.9844674545084815,99.0,0.43434343434343436,-0.014814496244615033,0.010564005736549066,98.0,-0.0021252452540329834,0.01268925099058205,0.06362233501606619,1.9844674545084815,QuantileRegressor,"{'mode': 'original', 'type': 'QuantileRegressor'}",3,"['density_T6W40', 'z_density_T6W40', 'z_asp_T6W40']",0.13826941753410782,0.188360412140044,93.0,0.16331491483707591,0.025045497302968095,0.12228063436891365,1.9858018143458227,3.4306086284510897,3.519250418894151,98.0,3.4749295236726203,0.044320895221530744,0.22221948687822857,1.9844674545084815,completed,True,COMPLETE
250,2.7745805379918305,2026-06-12 13:01:25.910719,2026-06-12 13:01:26.114654,0 days 00:00:00.203935,,,,,,,,,,,,,,0.013311408013420114,QuantileRegressor,,,,,,2,,,,,,,,True,,,,,,,,,,,,,,,,,,,,,,,,,,,,,,,,,,,,,,,,,,,,,,,,,,,,,QuantileRegressor,"{'mode': 'original', 'type': 'QuantileRegressor'}",2,"['density_T6W40', 'z_l1_T6W40']",,,,,,,,,,,,,,,pruned,True,PRUNED
251,2.926927532996684,2026-06-12 13:01:26.126852,2026-06-12 13:01:26.270199,0 days 00:00:00.143347,2.0,3.0,7.0,,,,,,,,,,,,DecisionTreeRegressor,,,,,,3,,,,,,,,True,,,,,,,,,,,,,,,,,,,,,,,,,,,,,,,,,,,,,,,,,,,,,,,,,,,,,DecisionTreeRegressor,"{'mode': 'original', 'type': 'DecisionTreeRegressor'}",3,"['nodes_T6W40', 'l1_T6W40', 'z_l1_T6W40']",,,,,,,,,,,,,,,pruned,True,PRUNED
252,2.7747389977928867,2026-06-12 13:01:26.280580,2026-06-12 13:01:26.571461,0 days 00:00:00.290881,,,,,,,,,,,,,,0.017551514074167825,QuantileRegressor,,,,,,2,,,,,,,,True,,,,,,,,,,,,,,,,,,,,,,,,,,,,,,,,,,,,,,,,,,,,,,,,,,,,,QuantileRegressor,"{'mode': 'original', 'type': 'QuantileRegressor'}",2,"['density_T6W40', 'z_l1_T6W40']",,,,,,,,,,,,,,,pruned,True,PRUNED
253,2.817140118020909,2026-06-12 13:01:26.581019,2026-06-12 13:01:28.882079,0 days 00:00:02.301060,,,,,,,,,,,,,,0.00989917023974774,QuantileRegressor,,,,,,2,,,,,,,,True,,,,,,,,,-0.001023729988685526,0.010084445521524099,98.0,0.004530357766419286,0.005554087755104812,0.02784750905519765,1.9844674545084815,2.7864327347540843,2.8478475012877333,98.0,2.817140118020909,0.030707383266824723,0.1539630217038566,1.9844674545084815,786817747713045.8,998758881416162.8,98.0,892788314564604.2,105970566851558.47,531323315385302.8,1.9844674545084815,8.52642308016155,8.898860163250916,98.0,8.712641621706233,0.1862185415446834,0.9336767351479146,1.9844674545084815,2.5410603225900137,2.6235982057035003,98.0,2.582329264146757,0.04126894155674318,0.20691736867923166,1.9844674545084815,99.0,0.45454545454545453,-0.010680045876864008,0.010069669531971828,98.0,-0.0003051881724460905,0.010374857704417918,0.05201825333145334,1.9844674545084815,QuantileRegressor,"{'mode': 'original', 'type': 'QuantileRegressor'}",2,"['density_T6W40', 'z_density_T6W40']",0.12439256865104449,0.17510195569484205,91.0,0.14974726217294326,0.025354693521898775,0.12243076616720804,1.9863771544186177,3.429036434114265,3.5162062854392535,98.0,3.4726213597767592,0.04358492566249419,0.21852942653649496,1.9844674545084815,completed,True,COMPLETE
254,2.817117729339772,2026-06-12 13:01:28.894745,2026-06-12 13:01:31.213911,0 days 00:00:02.319166,,,,,,,,,,,,,,0.006374393363514696,QuantileRegressor,,,,,,2,,,,,,,,True,,,,,,,,,-0.0016894598001112662,0.010786315065008736,98.0,0.004548427632448735,0.006237887432560001,0.031275996063234716,1.9844674545084815,2.785235611392985,2.8489998472865588,98.0,2.817117729339772,0.03188211794678718,0.15985299609391587,1.9844674545084815,781967820879870.4,992622472105246.1,98.0,887295146492558.2,105327325612687.86,528098183371920.06,1.9844674545084815,8.545810331263475,8.915102430348405,98.0,8.73045638080594,0.18464604954246538,0.9257924547400754,1.9844674545084815,2.544480968022489,2.628284458963323,98.0,2.586382713492906,0.04190174547041728,0.2100901692350038,1.9844674545084815,99.0,0.42424242424242425,-0.011629149508779947,0.011117898344375432,98.0,-0.0002556255822022567,0.01137352392657769,0.05702544225084942,1.9844674545084815,QuantileRegressor,"{'mode': 'original', 'type': 'QuantileRegressor'}",2,"['density_T6W40', 'z_density_T6W40']",0.12745700715388697,0.18050739699964413,92.0,0.15398220207676555,0.02652519492287858,0.1287958705622555,1.98608631695113,3.428000040874223,3.516597032203552,98.0,3.4722985365388874,0.04429849566466435,0.2221071782705556,1.9844674545084815,completed,True,COMPLETE
255,2.820040283936317,2026-06-12 13:01:31.227177,2026-06-12 13:01:33.612835,0 days 00:00:02.385658,,,,,,,,,,,,,,0.008104554342852949,QuantileRegressor,,,,,,3,,,,,,,,True,,,,,,,,,-0.0036572541714527443,0.010491587368331686,98.0,0.0034171665984394713,0.007074420769892216,0.035470270751264736,1.9844674545084815,2.78776740164843,2.8523131662242034,98.0,2.820040283936317,0.0322728822878867,0.1618122401690956,1.9844674545084815,775962064324818.9,985424544122614.1,98.0,880693304223716.5,104731239898897.6,525109483328930.6,1.9844674545084815,8.53840896332908,8.9027590093894,98.0,8.72058398635924,0.1821750230301595,0.9134030334325303,1.9844674545084815,2.5078270061765453,2.6065048103841217,98.0,2.5571659082803335,0.04933890210378817,0.24737915274131694,1.9844674545084815,99.0,0.43434343434343436,-0.014868359025148594,0.01011773840960358,98.0,-0.002375310307772507,0.012493048717376087,0.0626386010851913,1.9844674545084815,QuantileRegressor,"{'mode': 'original', 'type': 'QuantileRegressor'}",3,"['density_T6W40', 'z_density_T6W40', 'z_asp_T6W40']",0.1358751109366256,0.18565109078687772,93.0,0.16076310086175166,0.02488798992512606,0.12151162979107179,1.9858018143458227,3.431412445971739,3.5192690720737576,98.0,3.4753407590227483,0.043928313051009284,0.2202511284311627,1.9844674545084815,completed,True,COMPLETE
256,3.1883196026671166,2026-06-12 13:01:33.627372,2026-06-12 13:01:34.285281,0 days 00:00:00.657909,,,,,,,,,,,,,,,XGBRegressor,,,,,,2,,,,,,,,True,gbtree,0.6052930641922435,0.06857432258411646,4.0,166.0,0.0699592066683442,4.274097213449664e-06,0.5137824282866229,,,,,,,,,,,,,,,,,,,,,,,,,,,,,,,,,,,,,,,,,,,,,XGBRegressor,"{'mode': 'original', 'type': 'XGBRegressor'}",2,"['z_l3_T6W40', 'z_density_T6W40']",,,,,,,,,,,,,,,pruned,True,PRUNED
257,2.7745805379918305,2026-06-12 13:01:34.297189,2026-06-12 13:01:34.499889,0 days 00:00:00.202700,,,,,,,,,,,,,,0.013435015635294027,QuantileRegressor,,,,,,2,,,,,,,,True,,,,,,,,,,,,,,,,,,,,,,,,,,,,,,,,,,,,,,,,,,,,,,,,,,,,,QuantileRegressor,"{'mode': 'original', 'type': 'QuantileRegressor'}",2,"['density_T6W40', 'z_l1_T6W40']",,,,,,,,,,,,,,,pruned,True,PRUNED
258,2.778177550454989,2026-06-12 13:01:34.509328,2026-06-12 13:01:34.714012,0 days 00:00:00.204684,,,,,,,,,,,,,,0.010775123480527239,QuantileRegressor,,,,,,3,,,,,,,,True,,,,,,,,,,,,,,,,,,,,,,,,,,,,,,,,,,,,,,,,,,,,,,,,,,,,,QuantileRegressor,"{'mode': 'original', 'type': 'QuantileRegressor'}",3,"['density_T6W40', 'z_l1_T6W40', 'z_asp_T6W40']",,,,,,,,,,,,,,,pruned,True,PRUNED
259,2.7814639300663258,2026-06-12 13:01:34.723861,2026-06-12 13:01:35.007793,0 days 00:00:00.283932,,,,,,,,,,,,,,0.018633959024575833,QuantileRegressor,,,,,,2,,,,,,,,False,,,,,,,,,,,,,,,,,,,,,,,,,,,,,,,,,,,,,,,,,,,,,,,,,,,,,QuantileRegressor,"{'mode': 'original', 'type': 'QuantileRegressor'}",2,"['lcc_T6W40', 'z_l1_T6W40']",,,,,,,,,,,,,,,pruned,False,PRUNED
260,2.818376505560277,2026-06-12 13:01:35.017573,2026-06-12 13:01:37.291342,0 days 00:00:02.273769,,,,,,,,,,,,,,0.008818351902497386,QuantileRegressor,,,,,,2,,,,,,,,True,,,,,,,,,-0.0018080259898733885,0.010015626647646218,98.0,0.004103800328886414,0.005911826318759803,0.02964116596701354,1.9844674545084815,2.7870012498950065,2.8497517612255474,98.0,2.818376505560277,0.031375255665270545,0.157311651304882,1.9844674545084815,786080692683648.2,998074648056322.8,98.0,892077670369985.5,105996977686337.28,531455736044299.9,1.9844674545084815,8.533216097618856,8.90514516062911,98.0,8.719180629123983,0.18596453150512668,0.9324031602264227,1.9844674545084815,2.5474292659130873,2.631315030615144,98.0,2.5893721482641157,0.041942882351028506,0.21029642446643595,1.9844674545084815,99.0,0.4444444444444444,-0.01192591185727949,0.009808893105807516,98.0,-0.001058509375735986,0.010867402481543503,0.05448781192430927,1.9844674545084815,QuantileRegressor,"{'mode': 'original', 'type': 'QuantileRegressor'}",2,"['density_T6W40', 'z_density_T6W40']",0.12408160775390313,0.1750603898639217,91.0,0.14957099880891242,0.02548939105500929,0.12308118310738166,1.9863771544186177,3.4298104025186595,3.51791184966314,98.0,3.4738611260909,0.044050723572240415,0.22086487964445645,1.9844674545084815,completed,True,COMPLETE
261,2.7819441674123118,2026-06-12 13:01:37.305503,2026-06-12 13:01:37.516477,0 days 00:00:00.210974,,,,,,,,,,,,,,0.013854134633923217,QuantileRegressor,,,,,,3,,,,,,,,True,,,,,,,,,,,,,,,,,,,,,,,,,,,,,,,,,,,,,,,,,,,,,,,,,,,,,QuantileRegressor,"{'mode': 'original', 'type': 'QuantileRegressor'}",3,"['density_T6W40', 'z_l1_T6W40', 'z_asp_T6W40']",,,,,,,,,,,,,,,pruned,True,PRUNED
262,2.80827961719795,2026-06-12 13:01:37.526575,2026-06-12 13:01:39.817412,0 days 00:00:02.290837,,,,,,,,,,,,,,0.01065626528054943,QuantileRegressor,,,,,,2,,,,,,,,True,,,,,,,,,0.001897362410673101,0.01335543696066768,98.0,0.007626399685670391,0.00572903727499729,0.02872468430957321,1.9844674545084815,2.7776825223712365,2.838876712024663,98.0,2.80827961719795,0.030597094826713307,0.15341004910599595,1.9844674545084815,798522722161757.5,1012299154445571.2,98.0,905410938303664.4,106888216141906.88,535924295429052.7,1.9844674545084815,8.501018678213754,8.864159764766768,98.0,8.682589221490261,0.18157054327650723,0.9103722467118769,1.9844674545084815,2.4886656576814157,2.5576669351194297,98.0,2.5231662964004227,0.03450063871900699,0.1729819353780663,1.9844674545084815,99.0,0.40404040404040403,-0.006290756939154965,0.014653697517220779,98.0,0.004181470289032907,0.010472227228187872,0.05250645208063441,1.9844674545084815,QuantileRegressor,"{'mode': 'original', 'type': 'QuantileRegressor'}",2,"['density_T6W40', 'z_l1_T6W40']",0.13256324758886096,0.18197663150277604,96.0,0.1572699395458185,0.024706691956957554,0.12258670984166191,1.984984311522457,3.4217146366792655,3.5073987480699618,98.0,3.4645566923746136,0.04284205569534798,0.21480476840196608,1.9844674545084815,completed,True,COMPLETE
