number,value,datetime_start,datetime_complete,duration,params_dt_max_depth,params_dt_min_samples_leaf,params_dt_min_samples_split,params_elastic_alpha,params_elastic_l1_ratio,params_et_max_depth,params_et_max_features,params_et_min_samples_leaf,params_et_min_samples_split,params_et_n_estimators,params_knn_metric,params_knn_n_neighbors,params_knn_weights,params_quantile_alpha,params_regressor,params_rf_max_depth,params_rf_max_features,params_rf_min_samples_leaf,params_rf_min_samples_split,params_rf_n_estimators,params_rfe_n_features,params_rfe_proxy_et_max_depth,params_rfe_proxy_et_min_samples_leaf,params_rfe_proxy_et_min_samples_split,params_rfe_proxy_et_n_estimators,params_rfe_proxy_lsvr_C,params_rfe_proxy_lsvr_epsilon,params_rfe_proxy_type,params_use_scaler,params_xgb_booster,params_xgb_colsample_bytree,params_xgb_learning_rate,params_xgb_max_depth,params_xgb_n_estimators,params_xgb_reg_alpha,params_xgb_reg_lambda,params_xgb_subsample,user_attrs_d2mae_ci_lower_val,user_attrs_d2mae_ci_upper_val,user_attrs_d2mae_df_val,user_attrs_d2mae_mean_val,user_attrs_d2mae_samperror_val,user_attrs_d2mae_std_val,user_attrs_d2mae_t_critical_val,user_attrs_mae_ci_lower_val,user_attrs_mae_ci_upper_val,user_attrs_mae_df_val,user_attrs_mae_mean_val,user_attrs_mae_samperror_val,user_attrs_mae_std_val,user_attrs_mae_t_critical_val,user_attrs_mape_ci_lower_val,user_attrs_mape_ci_upper_val,user_attrs_mape_df_val,user_attrs_mape_mean_val,user_attrs_mape_samperror_val,user_attrs_mape_std_val,user_attrs_mape_t_critical_val,user_attrs_max_error_ci_lower_val,user_attrs_max_error_ci_upper_val,user_attrs_max_error_df_val,user_attrs_max_error_mean_val,user_attrs_max_error_samperror_val,user_attrs_max_error_std_val,user_attrs_max_error_t_critical_val,user_attrs_median_ae_ci_lower_val,user_attrs_median_ae_ci_upper_val,user_attrs_median_ae_df_val,user_attrs_median_ae_mean_val,user_attrs_median_ae_samperror_val,user_attrs_median_ae_std_val,user_attrs_median_ae_t_critical_val,user_attrs_n_splits_val,user_attrs_r2_below_zero_val,user_attrs_r2_ci_lower_val,user_attrs_r2_ci_upper_val,user_attrs_r2_df_val,user_attrs_r2_mean_val,user_attrs_r2_samperror_val,user_attrs_r2_std_val,user_attrs_r2_t_critical_val,user_attrs_regressor_final,user_attrs_rfe_estimator,user_attrs_rfe_n_features,user_attrs_rfe_selected_features,user_attrs_rho_ci_lower_val,user_attrs_rho_ci_upper_val,user_attrs_rho_df_val,user_attrs_rho_mean_val,user_attrs_rho_samperror_val,user_attrs_rho_std_val,user_attrs_rho_t_critical_val,user_attrs_rmse_ci_lower_val,user_attrs_rmse_ci_upper_val,user_attrs_rmse_df_val,user_attrs_rmse_mean_val,user_attrs_rmse_samperror_val,user_attrs_rmse_std_val,user_attrs_rmse_t_critical_val,user_attrs_termination_reason,user_attrs_use_scaler_final,state
39,2.929141541409089,2026-06-12 12:54:37.815067,2026-06-12 12:54:39.573471,0 days 00:00:01.758404,,,,0.007301025921788113,0.013836823761362804,,,,,,,,,,ElasticNet,,,,,,16,,,,,,,,False,,,,,,,,,-0.04474780895052367,-0.025787481123612434,98.0,-0.03526764503706805,0.009480163913455615,0.047532369322409326,1.9844674545084815,2.8928936380584926,2.9653894447596856,98.0,2.929141541409089,0.036247903350596404,0.1817425041330867,1.9844674545084815,871996269629157.5,1105543787490990.2,98.0,988770028560073.9,116773758930916.36,585489184294819.4,1.9844674545084815,8.426940865688351,8.791232898157947,98.0,8.60908688192315,0.18214601623479715,0.9132575969482448,1.9844674545084815,2.498277506569977,2.590342567105834,98.0,2.5443100368379055,0.04603253026792844,0.23080141329988876,1.9844674545084815,99.0,0.797979797979798,-0.0906614621315267,-0.05562318417481951,98.0,-0.07314232315317311,0.017519138978353596,0.0878387960094018,1.9844674545084815,ElasticNet,"{'mode': 'original', 'type': 'ElasticNet'}",16,"['edges_T6W40', 're_T6W40', 'l1_T6W40', 'l2_T6W40', 'l3_T6W40', 'lcc_T6W40', 'diameter_T6W40', 'asp_T6W40', 'z_re_T6W40', 'z_pe_T6W40', 'z_l1_T6W40', 'z_l2_T6W40', 'z_l3_T6W40', 'z_lsc_T6W40', 'z_density_T6W40', 'z_asp_T6W40']",0.012235764969629751,0.06256945189170768,98.0,0.03740260843066871,0.02516684346103896,0.12618344039088716,1.9844674545084815,3.546259969998337,3.6425242442879027,98.0,3.5943921071431197,0.04813213714478302,0.24132858249375394,1.9844674545084815,completed,False,COMPLETE
40,2.956638253707828,2026-06-12 12:54:39.586515,2026-06-12 12:54:41.279793,0 days 00:00:01.693278,2.0,1.0,20.0,,,,,,,,,,,,DecisionTreeRegressor,,,,,,3,,,,,,,,True,,,,,,,,,-0.05291719065591289,-0.03725040367640966,98.0,-0.045083797166161274,0.007833393489751615,0.039275666096253076,1.9844674545084815,2.9243902067719656,2.9888863006436903,98.0,2.956638253707828,0.03224804693586234,0.1616877187857682,1.9844674545084815,887291428967486.0,1121639700475557.0,98.0,1004465564721521.5,117174135754035.53,587496624165940.4,1.9844674545084815,8.613369093370068,9.064070654545276,98.0,8.838719873957672,0.22535078058760374,1.1298809416976396,1.9844674545084815,2.531591702363443,2.6306354913572636,98.0,2.5811135968603534,0.04952189449691028,0.24829665396729533,1.9844674545084815,99.0,0.8585858585858586,-0.1036737193635952,-0.07296632410998237,98.0,-0.08832002173678878,0.015353697626806414,0.07698154090206479,1.9844674545084815,DecisionTreeRegressor,"{'mode': 'original', 'type': 'DecisionTreeRegressor'}",3,"['nodes_T6W40', 'l1_T6W40', 'z_l1_T6W40']",-0.02043511038492773,0.026004838440335746,98.0,0.0027848640277040077,0.02321997441263174,0.11642207977771098,1.9844674545084815,3.5757308020419334,3.6636967155862976,98.0,3.6197137588141155,0.04398295677218191,0.22052510529059674,1.9844674545084815,completed,True,COMPLETE
41,2.8658555219638613,2026-06-12 12:54:41.292822,2026-06-12 12:54:43.654267,0 days 00:00:02.361445,,,,,,,,,,,,,,0.002577041867399504,QuantileRegressor,,,,,,2,,,,,,,,True,,,,,,,,,-0.01793473997688637,-0.008117721412793906,98.0,-0.013026230694840138,0.004908509282046232,0.024610658438673636,1.9844674545084815,2.8397706564484486,2.891940387479274,98.0,2.8658555219638613,0.026084865515412656,0.1307862894273551,1.9844674545084815,831775259616958.9,1056071300642686.9,98.0,943923280129822.9,112148020512864.02,562296303994126.75,1.9844674545084815,8.462705450715399,8.734947532533075,98.0,8.598826491624237,0.13612104090883742,0.6824940631929656,1.9844674545084815,2.516169702611992,2.6092403863607454,98.0,2.5627050444863686,0.04653534187437661,0.23332244850513095,1.9844674545084815,99.0,0.7272727272727273,-0.029617800805698806,-0.014767813956300167,98.0,-0.022192807380999487,0.00742499342469932,0.03722799868242186,1.9844674545084815,QuantileRegressor,"{'mode': 'original', 'type': 'QuantileRegressor'}",2,"['z_density_T6W40', 'z_asp_T6W40']",0.05793602194280661,0.1052847509510988,83.0,0.0816103864469527,0.023674364504146096,0.10909176590858038,1.9889597801751624,3.4724151021224845,3.546882386589677,98.0,3.5096487443560807,0.037233642233596174,0.18668487697283281,1.9844674545084815,completed,True,COMPLETE
42,2.880501089324619,2026-06-12 12:54:43.666603,2026-06-12 12:54:45.373888,0 days 00:00:01.707285,,,,,,,,,,,euclidean,20.0,uniform,,KNeighborsRegressor,,,,,,4,,,,,0.02322701166760814,0.26804131323970204,LinearSVR,,,,,,,,,,-0.02659700736896636,-0.010134709743761811,98.0,-0.018365858556364086,0.008231148812602274,0.04126996208926404,1.9844674545084815,2.8498360405990204,2.9111661380502176,98.0,2.880501089324619,0.030665048725598772,0.153750761550233,1.9844674545084815,850359492337499.1,1082201203376686.9,98.0,966280347857093.0,115920855519593.86,581212832080509.8,1.9844674545084815,8.576123640441086,8.976401612084167,98.0,8.776262626262627,0.20013898582154002,1.0034721210230921,1.9844674545084815,2.464688248930735,2.5545036702611843,98.0,2.5095959595959596,0.04490771066522472,0.22516170693353438,1.9844674545084815,99.0,0.6565656565656566,-0.03923215322970702,-0.011138393372142822,98.0,-0.02518527330092492,0.0140468799287821,0.07042931859593057,1.9844674545084815,KNeighborsRegressor,"{'mode': 'proxy', 'type': 'LinearSVR'}",4,"['lcc_T6W40', 'z_l1_T6W40', 'z_l3_T6W40', 'z_lsc_T6W40']",0.06125475182689264,0.1183582524292493,98.0,0.08980650212807097,0.028551750301178326,0.14315494463029083,1.9844674545084815,3.470681992503518,3.5562437110586687,98.0,3.5134628517810933,0.042780859277575495,0.21449793713224075,1.9844674545084815,completed,True,COMPLETE
43,2.849253205329913,2026-06-12 12:54:45.386169,2026-06-12 12:54:47.833467,0 days 00:00:02.447298,,,,,,,,,,,,,,0.00018786721063665507,QuantileRegressor,,,,,,2,,,,,,,,True,,,,,,,,,-0.013521075881882005,-0.0002855520520628962,98.0,-0.00690331396697245,0.006617761914909554,0.03318063973353771,1.9844674545084815,2.817383051753209,2.8811233589066174,98.0,2.849253205329913,0.031870153576704405,0.15979300822211576,1.9844674545084815,782929510788108.0,995725898658111.2,98.0,889327704723109.6,106398193935001.69,533467384691281.56,1.9844674545084815,8.593916882660514,9.027435944717306,98.0,8.81067641368891,0.21675953102839685,1.0868054790034132,1.9844674545084815,2.4729281789852426,2.5579000923029365,98.0,2.5154141356440896,0.04248595665884704,0.2130193318765182,1.9844674545084815,99.0,0.6060606060606061,-0.03633831796838996,-0.010286617009869064,98.0,-0.02331246748912951,0.013025850479260448,0.0653100032205038,1.9844674545084815,QuantileRegressor,"{'mode': 'original', 'type': 'QuantileRegressor'}",2,"['lcc_T6W40', 'atd_T6W40']",0.0876161891857303,0.14045606466194166,92.0,0.11403612692383598,0.026419937738105685,0.128284783243758,1.98608631695113,3.4658764999246987,3.557513453785651,98.0,3.511694976855175,0.04581847693047593,0.22972817634076342,1.9844674545084815,completed,True,COMPLETE
44,2.8357410659103937,2026-06-12 12:54:47.847205,2026-06-12 12:54:49.574556,0 days 00:00:01.727351,,,,,,,,,,,,,,,LinearRegression,,,,,,3,,,,,,,,True,,,,,,,,,-0.007738326753916374,0.0032094450048517228,98.0,-0.002264440874532326,0.005473885879384049,0.02744538676998078,1.9844674545084815,2.8073838374695432,2.864098294351244,98.0,2.8357410659103937,0.02835722844085046,0.14217963608174738,1.9844674545084815,866964925807777.9,1097669458117775.9,98.0,982317191962776.9,115352266154998.98,578361995331542.0,1.9844674545084815,8.123349350700101,8.478716815966271,98.0,8.301033083333186,0.17768373263308537,0.8908842588800234,1.9844674545084815,2.497718484697408,2.562902068679452,98.0,2.53031027668843,0.032591791991022065,0.16341121397675465,1.9844674545084815,99.0,0.35353535353535354,-0.003783969958506421,0.01639829022962532,98.0,0.006307160135559451,0.010091130094065872,0.0505956781855662,1.9844674545084815,LinearRegression,"{'mode': 'original', 'type': 'LinearRegression'}",3,"['lcc_T6W40', 'density_T6W40', 'z_l1_T6W40']",0.12143062531451418,0.16826321147116494,98.0,0.14484691839283956,0.023416293078325386,0.11740639728612329,1.9844674545084815,3.4203222390755923,3.499969652533664,98.0,3.460145945804628,0.0398237067290359,0.19967114000477923,1.9844674545084815,completed,True,COMPLETE
45,2.8460342813936585,2026-06-12 12:54:49.587303,2026-06-12 12:54:51.343931,0 days 00:00:01.756628,,,,0.2770182630404601,0.6026146359490265,,,,,,,,,,ElasticNet,,,,,,5,,,,,,,,True,,,,,,,,,-0.009641767366160752,-0.0022154513570016438,98.0,-0.005928609361581198,0.003713158004579554,0.018617314978660694,1.9844674545084815,2.8203227962218778,2.8717457665654393,98.0,2.8460342813936585,0.025711485171780648,0.1289142065653642,1.9844674545084815,879709795102298.4,1115729019902400.1,98.0,997719407502349.2,118009612400050.83,591685600734402.6,1.9844674545084815,8.117862161749363,8.467662292719561,98.0,8.292762227234462,0.17490006548509837,0.8769272960936546,1.9844674545084815,2.5271257378563683,2.580071212909908,98.0,2.5535984753831382,0.026472737526769784,0.13273103171893985,1.9844674545084815,99.0,0.31313131313131315,0.0005445139767253785,0.013130045769015688,98.0,0.006837279872870533,0.006292765896145154,0.03155114989209136,1.9844674545084815,ElasticNet,"{'mode': 'original', 'type': 'ElasticNet'}",5,"['nodes_T6W40', 'pe_T6W40', 'lcc_T6W40', 'density_T6W40', 'z_l1_T6W40']",0.1029836942467557,0.15057211470620835,98.0,0.12677790447648202,0.02379421022972632,0.11930122714113943,1.9844674545084815,3.4216655469735833,3.498687598264152,98.0,3.4601765726188676,0.038511025645284164,0.19308951940781166,1.9844674545084815,completed,True,COMPLETE
46,2.8308575955634785,2026-06-12 12:54:51.356395,2026-06-12 12:54:53.594834,0 days 00:00:02.238439,,,,,,,,,,,,,,0.10270972264898615,QuantileRegressor,,,,,,2,,,,,,,,False,,,,,,,,,-0.0008710167252312757,5.380273699555165e-05,98.0,-0.00040860699411786203,0.0004624097311134137,0.002318465199358251,1.9844674545084815,2.805429745831736,2.856285445295221,98.0,2.8308575955634785,0.02542784973174255,0.12749209355003127,1.9844674545084815,813460468866446.8,1032935100287233.8,98.0,923197784576840.2,109737315710393.47,550209328278897.0,1.9844674545084815,8.622879029919044,8.932676525636513,98.0,8.777777777777779,0.154898747858735,0.7766431633476233,1.9844674545084815,2.487116641790159,2.684600529927013,98.0,2.585858585858586,0.09874194406842689,0.49507989481189746,1.9844674545084815,99.0,1.0,-0.026651425313173705,-0.023247098953300478,98.0,-0.02494926213323709,0.0017021631799366132,0.008534435654737752,1.9844674545084815,QuantileRegressor,"{'mode': 'original', 'type': 'QuantileRegressor'}",2,"['z_diameter_T6W40', 'z_asp_T6W40']",,,,,,,,3.4768582676552087,3.554941969341382,98.0,3.5159001184982954,0.03904185084308663,0.19575101129528585,1.9844674545084815,completed,False,COMPLETE
47,3.0036518185604772,2026-06-12 12:54:53.607755,2026-06-12 12:55:42.337034,0 days 00:00:48.729279,,,,,,,,,,,,,,,XGBRegressor,,,,,,7,,,,,,,,True,gbtree,0.5030577964874361,0.0027111191490095,10.0,476.0,2.1108132312377127e-08,3.099461657913447e-08,0.8591158465876563,-0.06917500497885352,-0.05444439269262198,98.0,-0.06180969883573775,0.007365306143115772,0.03692873403489261,1.9844674545084815,2.973117308924865,3.0341863281960895,98.0,3.0036518185604772,0.030534509635612366,0.15309625469857002,1.9844674545084815,918137227692242.5,1170060906013999.0,98.0,1044099066853120.8,125961839160878.27,631557082154117.5,1.9844674545084815,8.380918043897294,8.615177488221379,98.0,8.498047766059337,0.1171297221620418,0.5872739399089114,1.9844674545084815,2.5814322469609357,2.665094928749723,98.0,2.6232635878553294,0.04183134089439357,0.20973716939870385,1.9844674545084815,99.0,0.9494949494949495,-0.11641415828734439,-0.09340100209101987,98.0,-0.10490758018918213,0.011506578098162253,0.057692559410571546,1.9844674545084815,XGBRegressor,"{'mode': 'original', 'type': 'XGBRegressor'}",7,"['z_l1_T6W40', 'z_l2_T6W40', 'z_l3_T6W40', 'z_lsc_T6W40', 'z_density_T6W40', 'z_diameter_T6W40', 'z_asp_T6W40']",-0.11319608135842602,-0.06520197642272957,98.0,-0.08919902889057779,0.023997052467848227,0.12031825303484889,1.9844674545084815,3.607913310897126,3.6878144059916758,98.0,3.647863858444401,0.03995054754727484,0.20030710417931555,1.9844674545084815,completed,True,COMPLETE
48,2.944114125687016,2026-06-12 12:55:42.350664,2026-06-12 12:55:46.976139,0 days 00:00:04.625475,,,,,,17.0,,5.0,12.0,57.0,,,,,ExtraTreesRegressor,,,,,,6,,,,,,,,True,,,,,,,,,-0.04763090105676483,-0.03356926820827125,98.0,-0.04060008463251804,0.007030816424246791,0.035251643955335754,1.9844674545084815,2.9128330001716103,2.9753952512024213,98.0,2.944114125687016,0.031281125515405586,0.1568396943758035,1.9844674545084815,903909895398455.5,1142690093280405.5,98.0,1023299994339430.5,119390098940974.98,598607189507217.9,1.9844674545084815,8.565964599534505,8.943476014350589,98.0,8.754720306942547,0.18875570740804157,0.9463977709812909,1.9844674545084815,2.5375105962224476,2.62885864144525,98.0,2.5831846188338488,0.045674022611401355,0.22900390025153627,1.9844674545084815,99.0,0.9191919191919192,-0.0983296642389769,-0.0714108967779144,98.0,-0.08487028050844565,0.013459383730531254,0.06748368532147471,1.9844674545084815,ExtraTreesRegressor,"{'mode': 'original', 'type': 'ExtraTreesRegressor'}",6,"['nodes_T6W40', 'l1_T6W40', 'lcc_T6W40', 'atd_T6W40', 'density_T6W40', 'z_l1_T6W40']",-0.02171739211136409,0.021509196360383478,98.0,-0.00010409787549030508,0.021613294235873784,0.10836638409124097,1.9844674545084815,3.571803897931442,3.657472888828031,98.0,3.6146383933797366,0.04283449544829429,0.21476686225831657,1.9844674545084815,completed,True,COMPLETE
49,3.0979600619150265,2026-06-12 12:55:46.989033,2026-06-12 12:55:48.859368,0 days 00:00:01.870335,,,,,,,,,,,minkowski,10.0,distance,,KNeighborsRegressor,,,,,,4,,,,,6.5740950831380935,0.00016589883856259473,LinearSVR,,,,,,,,,,-0.10495783446452016,-0.0856594555225947,98.0,-0.09530864499355743,0.009649189470962731,0.048379842562080964,1.9844674545084815,3.0638159839877592,3.1321041398422937,98.0,3.0979600619150265,0.03414407792726733,0.17119418366896294,1.9844674545084815,859375832718945.4,1095720025104528.1,98.0,977547928911736.8,118172096192791.34,592500274374642.8,1.9844674545084815,9.088782833259382,9.522066511115957,98.0,9.30542467218767,0.21664183892828853,1.0862153853700385,1.9844674545084815,2.6481785321040445,2.74948501417494,98.0,2.698831773139492,0.05065324103544772,0.2539690855826459,1.9844674545084815,99.0,1.0,-0.2074616021769045,-0.16850001922473312,98.0,-0.18798081070081882,0.019480791476085682,0.09767427900902437,1.9844674545084815,KNeighborsRegressor,"{'mode': 'proxy', 'type': 'LinearSVR'}",4,"['nodes_T6W40', 'atd_T6W40', 'z_density_T6W40', 'z_asp_T6W40']",-0.13764571947697687,-0.08772087212645585,98.0,-0.11268329580171636,0.024962423675260508,0.12515850486834432,1.9844674545084815,3.7350205226189725,3.8246069616091454,98.0,3.779813742114059,0.04479321949508637,0.22458766236712696,1.9844674545084815,completed,True,COMPLETE
50,2.817580887234189,2026-06-12 12:55:48.872144,2026-06-12 12:55:51.274567,0 days 00:00:02.402423,,,,,,,,,,,,,,0.011571880608753542,QuantileRegressor,,,,,,3,,,,,,,,True,,,,,,,,,-0.0024886258232835806,0.010951711153840991,98.0,0.004231542665278706,0.0067201684885622864,0.03369409362783117,1.9844674545084815,2.7863186044945265,2.848843169973852,98.0,2.817580887234189,0.03126228273966288,0.15674521902876964,1.9844674545084815,808357353345806.1,1023929285293059.1,98.0,916143319319432.6,107785965973626.53,540425502048472.3,1.9844674545084815,8.487095645024727,8.857539525434067,98.0,8.672317585229397,0.1852219402046703,0.9286798992922101,1.9844674545084815,2.4602701177405772,2.5270121586540717,98.0,2.4936411381973245,0.03337102045674741,0.1673181691262137,1.9844674545084815,99.0,0.42424242424242425,-0.010590246761036582,0.012282884529110808,98.0,0.0008463188840371131,0.011436565645073695,0.05734152563016931,1.9844674545084815,QuantileRegressor,"{'mode': 'original', 'type': 'QuantileRegressor'}",3,"['density_T6W40', 'z_l1_T6W40', 'z_asp_T6W40']",0.13530848827002576,0.18456941706363825,98.0,0.159938952666832,0.024630464396806252,0.12349410210405322,1.9844674545084815,3.4270801014463546,3.512639903062877,98.0,3.4698600022546158,0.04277990080826112,0.21449313148564525,1.9844674545084815,completed,True,COMPLETE
51,2.8177285983997025,2026-06-12 12:55:51.289050,2026-06-12 12:55:53.659843,0 days 00:00:02.370793,,,,,,,,,,,,,,0.011733058796888168,QuantileRegressor,,,,,,3,,,,,,,,True,,,,,,,,,-0.0025336014122552177,0.010893028780928623,98.0,0.004179713684336703,0.00671331509659192,0.03365973156814312,1.9844674545084815,2.7864742223650687,2.8489829744343362,98.0,2.8177285983997025,0.031254376034633845,0.15670557578768288,1.9844674545084815,808203119261069.9,1023723575793821.4,98.0,915963347527445.6,107760228266375.72,540296456367646.0,1.9844674545084815,8.487847153745818,8.858200402890596,98.0,8.673023778318207,0.1851766245723879,0.9284526923167411,1.9844674545084815,2.461753126384729,2.5281545435423114,98.0,2.4949538349635203,0.03320070857879092,0.16646424643490548,1.9844674545084815,99.0,0.42424242424242425,-0.010637892437161196,0.012217710593875861,98.0,0.000789909078357333,0.011427801515518528,0.05729758336855773,1.9844674545084815,QuantileRegressor,"{'mode': 'original', 'type': 'QuantileRegressor'}",3,"['density_T6W40', 'z_l1_T6W40', 'z_asp_T6W40']",0.13529888768268072,0.18451753057716186,98.0,0.1599082091299213,0.024609321447240554,0.12338809396996439,1.9844674545084815,3.427180296131617,3.512746662832636,98.0,3.4699634794821264,0.04278318335050963,0.21450958974648304,1.9844674545084815,completed,True,COMPLETE
52,2.817077514639854,2026-06-12 12:55:53.672802,2026-06-12 12:55:55.875178,0 days 00:00:02.202376,,,,,,,,,,,,,,0.006471399744871498,QuantileRegressor,,,,,,3,,,,,,,,True,,,,,,,,,-0.003349749333417227,0.012154075284659149,98.0,0.004402162975620961,0.007751912309038188,0.03886712953403188,1.9844674545084815,2.784222678849933,2.8499323504297753,98.0,2.817077514639854,0.0328548357899212,0.16473008305026263,1.9844674545084815,771896928308244.2,979941974671329.5,98.0,875919451489786.9,104022523181542.69,521556065364662.6,1.9844674545084815,8.541341742460544,8.906090560425083,98.0,8.723716151442813,0.18237440898226912,0.9144027299356595,1.9844674545084815,2.4914006566813307,2.587217538862276,98.0,2.5393090977718034,0.04790844109047284,0.24020699814494903,1.9844674545084815,99.0,0.4444444444444444,-0.014171103804181205,0.012878614151359408,98.0,-0.0006462448264108994,0.013524858977770306,0.06781197011292493,1.9844674545084815,QuantileRegressor,"{'mode': 'original', 'type': 'QuantileRegressor'}",3,"['density_T6W40', 'z_density_T6W40', 'z_asp_T6W40']",0.14336262522415844,0.19586243336342757,95.0,0.169612529293793,0.026249904069634563,0.12955313087176423,1.9852510035054978,3.427707381210155,3.5160081526696407,98.0,3.471857766939898,0.04415038572974298,0.2213645733756119,1.9844674545084815,completed,True,COMPLETE
