number,value,datetime_start,datetime_complete,duration,params_dt_max_depth,params_dt_min_samples_leaf,params_dt_min_samples_split,params_elastic_alpha,params_elastic_l1_ratio,params_et_max_depth,params_et_max_features,params_et_min_samples_leaf,params_et_min_samples_split,params_et_n_estimators,params_knn_metric,params_knn_n_neighbors,params_knn_weights,params_quantile_alpha,params_regressor,params_rf_max_depth,params_rf_max_features,params_rf_min_samples_leaf,params_rf_min_samples_split,params_rf_n_estimators,params_rfe_n_features,params_rfe_proxy_et_max_depth,params_rfe_proxy_et_min_samples_leaf,params_rfe_proxy_et_min_samples_split,params_rfe_proxy_et_n_estimators,params_rfe_proxy_lsvr_C,params_rfe_proxy_lsvr_epsilon,params_rfe_proxy_type,params_use_scaler,params_xgb_booster,params_xgb_colsample_bytree,params_xgb_learning_rate,params_xgb_max_depth,params_xgb_n_estimators,params_xgb_reg_alpha,params_xgb_reg_lambda,params_xgb_subsample,user_attrs_d2mae_ci_lower_val,user_attrs_d2mae_ci_upper_val,user_attrs_d2mae_df_val,user_attrs_d2mae_mean_val,user_attrs_d2mae_samperror_val,user_attrs_d2mae_std_val,user_attrs_d2mae_t_critical_val,user_attrs_mae_ci_lower_val,user_attrs_mae_ci_upper_val,user_attrs_mae_df_val,user_attrs_mae_mean_val,user_attrs_mae_samperror_val,user_attrs_mae_std_val,user_attrs_mae_t_critical_val,user_attrs_mape_ci_lower_val,user_attrs_mape_ci_upper_val,user_attrs_mape_df_val,user_attrs_mape_mean_val,user_attrs_mape_samperror_val,user_attrs_mape_std_val,user_attrs_mape_t_critical_val,user_attrs_max_error_ci_lower_val,user_attrs_max_error_ci_upper_val,user_attrs_max_error_df_val,user_attrs_max_error_mean_val,user_attrs_max_error_samperror_val,user_attrs_max_error_std_val,user_attrs_max_error_t_critical_val,user_attrs_median_ae_ci_lower_val,user_attrs_median_ae_ci_upper_val,user_attrs_median_ae_df_val,user_attrs_median_ae_mean_val,user_attrs_median_ae_samperror_val,user_attrs_median_ae_std_val,user_attrs_median_ae_t_critical_val,user_attrs_n_splits_val,user_attrs_r2_below_zero_val,user_attrs_r2_ci_lower_val,user_attrs_r2_ci_upper_val,user_attrs_r2_df_val,user_attrs_r2_mean_val,user_attrs_r2_samperror_val,user_attrs_r2_std_val,user_attrs_r2_t_critical_val,user_attrs_regressor_final,user_attrs_rfe_estimator,user_attrs_rfe_n_features,user_attrs_rfe_selected_features,user_attrs_rho_ci_lower_val,user_attrs_rho_ci_upper_val,user_attrs_rho_df_val,user_attrs_rho_mean_val,user_attrs_rho_samperror_val,user_attrs_rho_std_val,user_attrs_rho_t_critical_val,user_attrs_rmse_ci_lower_val,user_attrs_rmse_ci_upper_val,user_attrs_rmse_df_val,user_attrs_rmse_mean_val,user_attrs_rmse_samperror_val,user_attrs_rmse_std_val,user_attrs_rmse_t_critical_val,user_attrs_termination_reason,user_attrs_use_scaler_final,state
87,2.8392789460467043,2026-06-12 12:57:01.338495,2026-06-12 12:57:02.956822,0 days 00:00:01.618327,,,,,,,,,,,,,,,LinearRegression,,,,,,2,,,,,,,,True,,,,,,,,,-0.008710319418641959,0.001637077347227153,98.0,-0.0035366210357074025,0.005173698382934556,0.02594028379101702,1.9844674545084815,2.8115745712063984,2.86698332088701,98.0,2.8392789460467043,0.02770437484030602,0.13890630887582237,1.9844674545084815,856890460754784.0,1087638685918674.5,98.0,972264573336729.2,115374112581945.23,578471530614208.4,1.9844674545084815,8.165548354215266,8.547344672937184,98.0,8.356446513576225,0.19089815936095939,0.9571397600873092,1.9844674545084815,2.485560248816619,2.5587188335623776,98.0,2.5221395411894982,0.0365792923728792,0.18340404770346536,1.9844674545084815,99.0,0.35353535353535354,-0.0041788906914875315,0.013951023812198659,98.0,0.004886066560355564,0.009064957251843095,0.045450574475288684,1.9844674545084815,LinearRegression,"{'mode': 'original', 'type': 'LinearRegression'}",2,"['lcc_T6W40', 'density_T6W40']",0.11592143087483422,0.1684551378204366,98.0,0.14218828434763542,0.026266853472801197,0.1316987545367975,1.9844674545084815,3.4230485992706545,3.5030770898536505,98.0,3.4630628445621525,0.04001424529149788,0.20062647679049125,1.9844674545084815,completed,True,COMPLETE
88,3.3722070848541437,2026-06-12 12:57:02.968948,2026-06-12 12:57:03.141858,0 days 00:00:00.172910,11.0,3.0,11.0,,,,,,,,,,,,DecisionTreeRegressor,,,,,,2,,,,,,,,True,,,,,,,,,,,,,,,,,,,,,,,,,,,,,,,,,,,,,,,,,,,,,,,,,,,,,DecisionTreeRegressor,"{'mode': 'original', 'type': 'DecisionTreeRegressor'}",2,"['nodes_T6W40', 'z_asp_T6W40']",,,,,,,,,,,,,,,pruned,True,PRUNED
89,2.803921568627451,2026-06-12 12:57:03.151503,2026-06-12 12:57:03.343139,0 days 00:00:00.191636,,,,,,,,,,,,,,0.08083213481952883,QuantileRegressor,,,,,,2,,,,,,,,True,,,,,,,,,,,,,,,,,,,,,,,,,,,,,,,,,,,,,,,,,,,,,,,,,,,,,QuantileRegressor,"{'mode': 'original', 'type': 'QuantileRegressor'}",2,"['z_diameter_T6W40', 'z_asp_T6W40']",,,,,,,,,,,,,,,pruned,True,PRUNED
90,2.8362423607640213,2026-06-12 12:57:03.352542,2026-06-12 12:57:05.711587,0 days 00:00:02.359045,,,,,,,,,,,,,,0.021433778035256788,QuantileRegressor,,,,,,3,,,,,,,,False,,,,,,,,,-0.007452091548763841,0.002867866574872997,98.0,-0.0022921124869454217,0.005159979061818419,0.02587149681179408,1.9844674545084815,2.806689196118176,2.8657955254098666,98.0,2.8362423607640213,0.02955316464584549,0.14817591229604163,1.9844674545084815,802871503894719.1,1019906031147015.4,98.0,911388767520867.2,108517263626148.1,544092138028777.4,1.9844674545084815,8.533422080879083,8.901967964643761,98.0,8.717695022761422,0.18427294188233917,0.9239217390794562,1.9844674545084815,2.4585953942323986,2.5619430482833447,98.0,2.5102692212578717,0.0516738270254729,0.25908617750700597,1.9844674545084815,99.0,0.5555555555555556,-0.01979053642893413,0.00021450958719248202,98.0,-0.009788013420870822,0.010002523008063305,0.05015141321558202,1.9844674545084815,QuantileRegressor,"{'mode': 'original', 'type': 'QuantileRegressor'}",3,"['lcc_T6W40', 'z_l1_T6W40', 'z_asp_T6W40']",0.08127706730314452,0.1444835886587006,84.0,0.11288032798092255,0.03160326067777803,0.14651827940538212,1.9886096669757083,3.44530773191484,3.5332423431268283,98.0,3.489275037520834,0.043967305605994364,0.22044663227912306,1.9844674545084815,completed,False,COMPLETE
91,2.820135270339095,2026-06-12 12:57:05.724095,2026-06-12 12:57:05.927731,0 days 00:00:00.203636,,,,,,,,,,,,,,0.038698828069713365,QuantileRegressor,,,,,,3,,,,,,,,True,,,,,,,,,,,,,,,,,,,,,,,,,,,,,,,,,,,,,,,,,,,,,,,,,,,,,QuantileRegressor,"{'mode': 'original', 'type': 'QuantileRegressor'}",3,"['density_T6W40', 'z_l1_T6W40', 'z_l3_T6W40']",,,,,,,,,,,,,,,pruned,True,PRUNED
92,2.830602451723454,2026-06-12 12:57:05.937401,2026-06-12 12:57:08.128646,0 days 00:00:02.191245,,,,,,,,,,,,,,0.013494557535549958,QuantileRegressor,,,,,,4,,,,,,,,True,,,,,,,,,-0.006933343864633654,0.006401055392266397,98.0,-0.0002661442361836284,0.006667199628450026,0.03342851431460121,1.9844674545084815,2.798400310336847,2.862804593110061,98.0,2.830602451723454,0.032202141386607375,0.16145755403956186,1.9844674545084815,820771452382314.0,1041373180800061.0,98.0,931072316591187.5,110300864208873.5,553034890748636.9,1.9844674545084815,8.616298319942608,9.024225023910091,98.0,8.82026167192635,0.20396335198374232,1.0226470199494615,1.9844674545084815,2.4717427972897923,2.5481145553801428,98.0,2.5099286763349675,0.038185879045175126,0.19145927457012774,1.9844674545084815,99.0,0.5757575757575758,-0.030197677977245815,-0.003466609059963894,98.0,-0.016832143518604854,0.01336553445864096,0.06701313667982126,1.9844674545084815,QuantileRegressor,"{'mode': 'original', 'type': 'QuantileRegressor'}",4,"['density_T6W40', 'z_l1_T6W40', 'z_l3_T6W40', 'z_asp_T6W40']",0.0955657831698892,0.14872367748610946,96.0,0.12214473032799933,0.026578947158110128,0.13187624182324312,1.984984311522457,3.4548110189703736,3.54589561430098,98.0,3.500353316635677,0.04554229766530337,0.2283434476640006,1.9844674545084815,completed,True,COMPLETE
93,2.8117007899055007,2026-06-12 12:57:08.141426,2026-06-12 12:57:10.298336,0 days 00:00:02.156910,,,,,,,,,,,,,,0.01654485643816519,QuantileRegressor,,,,,,2,,,,,,,,True,,,,,,,,,0.001181773955270208,0.011672522858449538,98.0,0.006427148406859873,0.005245374451589665,0.026299658734108187,1.9844674545084815,2.7817239606071675,2.8416776192038338,98.0,2.8117007899055007,0.029976829298333202,0.15030011446329675,1.9844674545084815,799791265381636.0,1014363622656952.0,98.0,907077444019294.0,107286178637657.98,537919630161362.6,1.9844674545084815,8.501309728913009,8.86295445057056,98.0,8.682132089741785,0.18082236082877634,0.9066209524567623,1.9844674545084815,2.5067003928953,2.57998456404993,98.0,2.543342478472615,0.03664208557731501,0.18371888506402453,1.9844674545084815,99.0,0.42424242424242425,-0.006773250331205855,0.013081116530991012,98.0,0.003153933099892579,0.009927183431098434,0.04977366989494116,1.9844674545084815,QuantileRegressor,"{'mode': 'original', 'type': 'QuantileRegressor'}",2,"['density_T6W40', 'z_l1_T6W40']",0.12690425728117613,0.17596879117025502,93.0,0.15143652422571557,0.024532266944539447,0.11977486923888356,1.9858018143458227,3.42379028924911,3.509332621417784,98.0,3.466561455333447,0.042771166084337016,0.2144493366602309,1.9844674545084815,completed,True,COMPLETE
94,2.81062745414089,2026-06-12 12:57:10.311438,2026-06-12 12:57:12.587591,0 days 00:00:02.276153,,,,,,,,,,,,,,0.016019837659558524,QuantileRegressor,,,,,,2,,,,,,,,True,,,,,,,,,0.0014747511544915696,0.012134180632471774,98.0,0.006804465893481672,0.005329714738990103,0.02672253050363379,1.9844674545084815,2.7805492198973822,2.8407056883843977,98.0,2.81062745414089,0.030078234243507692,0.1508085463162852,1.9844674545084815,800170518622858.8,1014804969768310.2,98.0,907487744195584.5,107317225572725.69,538075295653799.1,1.9844674545084815,8.501836461872921,8.863456109937905,98.0,8.682646285905413,0.18080982403249277,0.9065580945107912,1.9844674545084815,2.5030259590489097,2.5742740103847277,98.0,2.5386499847168187,0.03562402566790905,0.17861445859545477,1.9844674545084815,99.0,0.41414141414141414,-0.00606612802267748,0.01412476333207712,98.0,0.00402931765469982,0.0100954456773773,0.05061731598652334,1.9844674545084815,QuantileRegressor,"{'mode': 'original', 'type': 'QuantileRegressor'}",2,"['density_T6W40', 'z_l1_T6W40']",0.129747566365222,0.17989265044968183,94.0,0.15482010840745192,0.025072542042229924,0.12307933809003596,1.985523441866604,3.4222185400261713,3.507689190851141,98.0,3.4649538654386562,0.04273532541248483,0.214269635964463,1.9844674545084815,completed,True,COMPLETE
95,2.813111555253853,2026-06-12 12:57:12.605479,2026-06-12 12:57:14.817677,0 days 00:00:02.212198,,,,,,,,,,,,,,0.01716138408166005,QuantileRegressor,,,,,,2,,,,,,,,True,,,,,,,,,0.0007671492387361411,0.011073658841049026,98.0,0.005920404039892584,0.005153254801156443,0.02583778220051489,1.9844674545084815,2.783340954277195,2.8428821562305107,98.0,2.813111555253853,0.029770600976657954,0.1492661111654534,1.9844674545084815,800151896454113.1,1014811990001702.6,98.0,907481943227907.9,107330046773794.75,538139579570188.7,1.9844674545084815,8.510497167715016,8.86537798553266,98.0,8.687937576623838,0.17744040890882223,0.8896642638216928,1.9844674545084815,2.4999292374669104,2.577291897976363,98.0,2.5386105677216366,0.03868133025472635,0.19394340565568818,1.9844674545084815,99.0,0.4444444444444444,-0.007736995604538161,0.011866952351556733,98.0,0.0020649783735092863,0.009801973978047447,0.04914588518368431,1.9844674545084815,QuantileRegressor,"{'mode': 'original', 'type': 'QuantileRegressor'}",2,"['density_T6W40', 'z_l1_T6W40']",0.12448106104535885,0.17410360538576186,91.0,0.14929233321556035,0.0248112721702015,0.1198067355362539,1.9863771544186177,3.425781604181433,3.51116373288824,98.0,3.4684726685348366,0.04269106435340359,0.21404771648859144,1.9844674545084815,completed,True,COMPLETE
96,2.848896359462364,2026-06-12 12:57:14.829831,2026-06-12 12:57:15.011058,0 days 00:00:00.181227,,,,,,,,,,,,,,,XGBRegressor,,,,,,2,,,,,,,,True,gblinear,0.7264203073639033,0.017803992888602342,6.0,64.0,4.037844916878621,0.00029355614452459823,0.727757657490429,,,,,,,,,,,,,,,,,,,,,,,,,,,,,,,,,,,,,,,,,,,,,XGBRegressor,"{'mode': 'original', 'type': 'XGBRegressor'}",2,"['z_diameter_T6W40', 'z_asp_T6W40']",,,,,,,,,,,,,,,pruned,True,PRUNED
97,2.820468544924328,2026-06-12 12:57:15.021501,2026-06-12 12:57:15.218084,0 days 00:00:00.196583,,,,,,,,,,,,,,0.03295235312826173,QuantileRegressor,,,,,,2,,,,,,,,True,,,,,,,,,,,,,,,,,,,,,,,,,,,,,,,,,,,,,,,,,,,,,,,,,,,,,QuantileRegressor,"{'mode': 'original', 'type': 'QuantileRegressor'}",2,"['density_T6W40', 'z_l1_T6W40']",,,,,,,,,,,,,,,pruned,True,PRUNED
98,2.813062388115303,2026-06-12 12:57:15.227802,2026-06-12 12:57:17.510636,0 days 00:00:02.282834,,,,,,,,,,,,,,0.01733109258933864,QuantileRegressor,,,,,,2,,,,,,,,True,,,,,,,,,0.0007865453706435866,0.01108922279008914,98.0,0.005937884080366363,0.005151338709722776,0.025828175155055342,1.9844674545084815,2.7832943139040447,2.8428304623265612,98.0,2.813062388115303,0.029768074211258093,0.14925344227625764,1.9844674545084815,800196552602069.9,1014886917355774.1,98.0,907541734978922.0,107345182376852.16,538215467611894.5,1.9844674545084815,8.510118473001777,8.865027913513115,98.0,8.687573193257446,0.17745472025567,0.8897360191447103,1.9844674545084815,2.5001695435459643,2.577436251820444,98.0,2.538802897683204,0.038633354137239735,0.1937028593364634,1.9844674545084815,99.0,0.4444444444444444,-0.0077085271457823755,0.011894496244370209,98.0,0.0020929845492939163,0.009801511695076292,0.0491435673540437,1.9844674545084815,QuantileRegressor,"{'mode': 'original', 'type': 'QuantileRegressor'}",2,"['density_T6W40', 'z_l1_T6W40']",0.12444864375051287,0.17407875323710345,91.0,0.14926369849380816,0.024815054743295296,0.11982500053013191,1.9863771544186177,3.4257378452639715,3.5111074032263154,98.0,3.4684226242451435,0.04268477898117205,0.21401620240961922,1.9844674545084815,completed,True,COMPLETE
99,3.0494117647058827,2026-06-12 12:57:17.548416,2026-06-12 12:57:17.701289,0 days 00:00:00.152873,,,,,,,,,,,manhattan,10.0,uniform,,KNeighborsRegressor,,,,,,2,,,,,7.500902857375636,0.00013111305163635755,LinearSVR,,,,,,,,,,,,,,,,,,,,,,,,,,,,,,,,,,,,,,,,,,,,,,,,,,,,,,KNeighborsRegressor,"{'mode': 'proxy', 'type': 'LinearSVR'}",2,"['z_diameter_T6W40', 'z_asp_T6W40']",,,,,,,,,,,,,,,pruned,True,PRUNED
100,2.803921568627451,2026-06-12 12:57:17.711154,2026-06-12 12:57:17.951244,0 days 00:00:00.240090,,,,,,,,,,,,,,0.05965063099198446,QuantileRegressor,,,,,,3,,,,,,,,True,,,,,,,,,,,,,,,,,,,,,,,,,,,,,,,,,,,,,,,,,,,,,,,,,,,,,QuantileRegressor,"{'mode': 'original', 'type': 'QuantileRegressor'}",3,"['z_density_T6W40', 'z_diameter_T6W40', 'z_asp_T6W40']",,,,,,,,,,,,,,,pruned,True,PRUNED
101,2.810770298325139,2026-06-12 12:57:17.962272,2026-06-12 12:57:20.249469,0 days 00:00:02.287197,,,,,,,,,,,,,,0.015111256885321687,QuantileRegressor,,,,,,2,,,,,,,,True,,,,,,,,,0.0014081949461190232,0.012108882183764462,98.0,0.006758538564941742,0.005350343618822719,0.026825961155662898,1.9844674545084815,2.7806140325009494,2.8409265641493286,98.0,2.810770298325139,0.030156265824189777,0.15119978701060777,1.9844674545084815,800020221005581.6,1014642288475136.6,98.0,907331254740359.1,107311033734777.47,538044250544154.9,1.9844674545084815,8.504605367432552,8.865620488510976,98.0,8.685112927971764,0.18050756053921105,0.9050425827404771,1.9844674545084815,2.5017058095144895,2.5736105020268063,98.0,2.537658155770648,0.035952346256158466,0.18026061741710467,1.9844674545084815,99.0,0.41414141414141414,-0.006486788634802181,0.013928793774680447,98.0,0.0037210025699391325,0.010207791204741313,0.0511806025654408,1.9844674545084815,QuantileRegressor,"{'mode': 'original', 'type': 'QuantileRegressor'}",2,"['density_T6W40', 'z_l1_T6W40']",0.12952372692028918,0.1797358962100244,94.0,0.1546298115651568,0.025106084644867598,0.12324399635737512,1.985523441866604,3.422644119849931,3.5082979531434857,98.0,3.4654710364967083,0.0428269166467773,0.21472886308488293,1.9844674545084815,completed,True,COMPLETE
102,2.8108901800018318,2026-06-12 12:57:20.262069,2026-06-12 12:57:22.544650,0 days 00:00:02.282581,,,,,,,,,,,,,,0.01490802535830904,QuantileRegressor,,,,,,2,,,,,,,,True,,,,,,,,,0.0013573715090405836,0.012080955989121272,98.0,0.006719163749080928,0.005361792240040344,0.026883363126442763,1.9844674545084815,2.7806824801626204,2.841097879841043,98.0,2.8108901800018318,0.03020769983921113,0.1514576708003869,1.9844674545084815,799842930809202.0,1014090338528615.8,98.0,906966634668908.9,107123703859706.92,537105001720161.94,1.9844674545084815,8.505290884381495,8.867151901330761,98.0,8.686221392856128,0.18093050847463227,0.9071631913770069,1.9844674545084815,2.501386319819644,2.573152013810773,98.0,2.5372691668152085,0.03588284699556428,0.17991215672039576,1.9844674545084815,99.0,0.41414141414141414,-0.0065348999666572346,0.013886968845779345,98.0,0.003676034439561055,0.01021093440621829,0.05119636218888426,1.9844674545084815,QuantileRegressor,"{'mode': 'original', 'type': 'QuantileRegressor'}",2,"['density_T6W40', 'z_l1_T6W40']",0.12975837839319065,0.17983334555722907,94.0,0.15479586197520986,0.025037483582019217,0.12290723858493105,1.985523441866604,3.4226888957221293,3.5084313446686037,98.0,3.4655601201953665,0.04287122447323742,0.21495101704660785,1.9844674545084815,completed,True,COMPLETE
103,2.808061608031975,2026-06-12 12:57:22.557075,2026-06-12 12:57:24.771280,0 days 00:00:02.214205,,,,,,,,,,,,,,0.010918550915375134,QuantileRegressor,,,,,,2,,,,,,,,True,,,,,,,,,0.0019827528053214466,0.013425666827530852,98.0,0.00770420981642615,0.005721457011104703,0.028686677803969197,1.9844674545084815,2.7774684431082175,2.8386547729557323,98.0,2.808061608031975,0.030593164923757594,0.15339034505864008,1.9844674545084815,798697858349167.1,1012507353091936.1,98.0,905602605720551.6,106904747371384.55,536007180969013.75,1.9844674545084815,8.501074131553269,8.863222835240387,98.0,8.682148483396828,0.18107435184355894,0.907884404237757,1.9844674545084815,2.488332597623203,2.557566636619372,98.0,2.5229496171212875,0.03461701949808453,0.1735654542099814,1.9844674545084815,99.0,0.3939393939393939,-0.006129931001257047,0.014807432567750106,98.0,0.00433875078324653,0.010468681784503577,0.05248867566451417,1.9844674545084815,QuantileRegressor,"{'mode': 'original', 'type': 'QuantileRegressor'}",2,"['density_T6W40', 'z_l1_T6W40']",0.13274656938964327,0.18213754230489096,96.0,0.15744205584726711,0.024695486457623855,0.12253111173496903,1.984984311522457,3.4214537501997944,3.507109029171346,98.0,3.46428138968557,0.04282763948577588,0.21473248731021854,1.9844674545084815,completed,True,COMPLETE
104,2.7989269509667976,2026-06-12 12:57:24.790076,2026-06-12 12:57:26.679106,0 days 00:00:01.889030,,,,,,10.0,log2,3.0,7.0,263.0,,,,,ExtraTreesRegressor,,,,,,3,,,,,,,,True,,,,,,,,,,,,,,,,,,,,,,,,,,,,,,,,,,,,,,,,,,,,,,,,,,,,,ExtraTreesRegressor,"{'mode': 'original', 'type': 'ExtraTreesRegressor'}",3,"['l1_T6W40', 'lcc_T6W40', 'atd_T6W40']",,,,,,,,,,,,,,,pruned,True,PRUNED
105,2.8080761130010288,2026-06-12 12:57:26.688702,2026-06-12 12:57:28.928152,0 days 00:00:02.239450,,,,,,,,,,,,,,0.010925878786262345,QuantileRegressor,,,,,,2,,,,,,,,True,,,,,,,,,0.0019774334267233084,0.01342049324979267,98.0,0.007698963338257989,0.005721529911534681,0.02868704331770852,1.9844674545084815,2.77748407574458,2.8386681502574778,98.0,2.8080761130010288,0.03059203725644909,0.15338469107422906,1.9844674545084815,798789824094163.5,1012592556624884.0,98.0,905691190359523.8,106901366265360.19,535990228521594.56,1.9844674545084815,8.501084002059853,8.863228745814377,98.0,8.682156373937115,0.18107237187726238,0.9078744769316351,1.9844674545084815,2.4893348430177573,2.5584831006713395,98.0,2.5239089718445484,0.03457412882679102,0.1733504056889832,1.9844674545084815,99.0,0.3939393939393939,-0.006072975385236139,0.01487615570292812,98.0,0.0044015901588459905,0.01047456554408213,0.05251817610731717,1.9844674545084815,QuantileRegressor,"{'mode': 'original', 'type': 'QuantileRegressor'}",2,"['density_T6W40', 'z_l1_T6W40']",0.13269818949239623,0.1820827694596597,96.0,0.15739047947602797,0.024692289983631727,0.12251525185253424,1.984984311522457,3.421328307130773,3.507023307457243,98.0,3.464175807294008,0.04284750016323512,0.21483206629056148,1.9844674545084815,completed,True,COMPLETE
106,2.7995506328577013,2026-06-12 12:57:28.941002,2026-06-12 12:57:29.131089,0 days 00:00:00.190087,,,,,,,,,,,,,,0.009494600028106363,QuantileRegressor,,,,,,22,,,,,,,,True,,,,,,,,,,,,,,,,,,,,,,,,,,,,,,,,,,,,,,,,,,,,,,,,,,,,,QuantileRegressor,"{'mode': 'original', 'type': 'QuantileRegressor'}",22,"['nodes_T6W40', 'edges_T6W40', 're_T6W40', 'pe_T6W40', 'l1_T6W40', 'l2_T6W40', 'l3_T6W40', 'lcc_T6W40', 'lsc_T6W40', 'atd_T6W40', 'density_T6W40', 'diameter_T6W40', 'asp_T6W40', 'z_re_T6W40', 'z_pe_T6W40', 'z_l1_T6W40', 'z_l2_T6W40', 'z_l3_T6W40', 'z_lsc_T6W40', 'z_density_T6W40', 'z_diameter_T6W40', 'z_asp_T6W40']",,,,,,,,,,,,,,,pruned,True,PRUNED
