number,value,datetime_start,datetime_complete,duration,params_dt_max_depth,params_dt_min_samples_leaf,params_dt_min_samples_split,params_elastic_alpha,params_elastic_l1_ratio,params_et_max_depth,params_et_max_features,params_et_min_samples_leaf,params_et_min_samples_split,params_et_n_estimators,params_knn_metric,params_knn_n_neighbors,params_knn_weights,params_quantile_alpha,params_regressor,params_rf_max_depth,params_rf_max_features,params_rf_min_samples_leaf,params_rf_min_samples_split,params_rf_n_estimators,params_rfe_n_features,params_rfe_proxy_et_max_depth,params_rfe_proxy_et_min_samples_leaf,params_rfe_proxy_et_min_samples_split,params_rfe_proxy_et_n_estimators,params_rfe_proxy_lsvr_C,params_rfe_proxy_lsvr_epsilon,params_rfe_proxy_type,params_use_scaler,params_xgb_booster,params_xgb_colsample_bytree,params_xgb_learning_rate,params_xgb_max_depth,params_xgb_n_estimators,params_xgb_reg_alpha,params_xgb_reg_lambda,params_xgb_subsample,user_attrs_d2mae_ci_lower_val,user_attrs_d2mae_ci_upper_val,user_attrs_d2mae_df_val,user_attrs_d2mae_mean_val,user_attrs_d2mae_samperror_val,user_attrs_d2mae_std_val,user_attrs_d2mae_t_critical_val,user_attrs_mae_ci_lower_val,user_attrs_mae_ci_upper_val,user_attrs_mae_df_val,user_attrs_mae_mean_val,user_attrs_mae_samperror_val,user_attrs_mae_std_val,user_attrs_mae_t_critical_val,user_attrs_mape_ci_lower_val,user_attrs_mape_ci_upper_val,user_attrs_mape_df_val,user_attrs_mape_mean_val,user_attrs_mape_samperror_val,user_attrs_mape_std_val,user_attrs_mape_t_critical_val,user_attrs_max_error_ci_lower_val,user_attrs_max_error_ci_upper_val,user_attrs_max_error_df_val,user_attrs_max_error_mean_val,user_attrs_max_error_samperror_val,user_attrs_max_error_std_val,user_attrs_max_error_t_critical_val,user_attrs_median_ae_ci_lower_val,user_attrs_median_ae_ci_upper_val,user_attrs_median_ae_df_val,user_attrs_median_ae_mean_val,user_attrs_median_ae_samperror_val,user_attrs_median_ae_std_val,user_attrs_median_ae_t_critical_val,user_attrs_n_splits_val,user_attrs_r2_below_zero_val,user_attrs_r2_ci_lower_val,user_attrs_r2_ci_upper_val,user_attrs_r2_df_val,user_attrs_r2_mean_val,user_attrs_r2_samperror_val,user_attrs_r2_std_val,user_attrs_r2_t_critical_val,user_attrs_regressor_final,user_attrs_rfe_estimator,user_attrs_rfe_n_features,user_attrs_rfe_selected_features,user_attrs_rho_ci_lower_val,user_attrs_rho_ci_upper_val,user_attrs_rho_df_val,user_attrs_rho_mean_val,user_attrs_rho_samperror_val,user_attrs_rho_std_val,user_attrs_rho_t_critical_val,user_attrs_rmse_ci_lower_val,user_attrs_rmse_ci_upper_val,user_attrs_rmse_df_val,user_attrs_rmse_mean_val,user_attrs_rmse_samperror_val,user_attrs_rmse_std_val,user_attrs_rmse_t_critical_val,user_attrs_termination_reason,user_attrs_use_scaler_final,state
187,2.818465536066562,2026-06-12 12:59:34.197709,2026-06-12 12:59:36.542781,0 days 00:00:02.345072,,,,,,,,,,,,,,0.00941237624478349,QuantileRegressor,,,,,,3,,,,,,,,True,,,,,,,,,-0.0026244329389874853,0.010662758084661217,98.0,0.004019162572836865,0.006643595511824351,0.033310166193279346,1.9844674545084815,2.7864473245876065,2.8504837475455176,98.0,2.818465536066562,0.032018211478955554,0.16053535223168655,1.9844674545084815,779732263641603.1,989878969405315.1,98.0,884805616523459.1,105073352881856.0,526824795511760.06,1.9844674545084815,8.522335801418667,8.883271488041508,98.0,8.702803644730087,0.18046784331142057,0.9048434454727007,1.9844674545084815,2.5070187772925947,2.6015632478102746,98.0,2.5542910125514346,0.04727223525883992,0.23701714079329234,1.9844674545084815,99.0,0.43434343434343436,-0.011268743042792205,0.011326661875845582,98.0,2.895941652668812e-05,0.011297702459318893,0.056645282791876694,1.9844674545084815,QuantileRegressor,"{'mode': 'original', 'type': 'QuantileRegressor'}",3,"['density_T6W40', 'z_density_T6W40', 'z_asp_T6W40']",0.13443845375758565,0.1838949399222303,93.0,0.15916669683990797,0.024728243082322316,0.1207316913837734,1.9858018143458227,3.4279773508916205,3.5152915856525984,98.0,3.4716344682721094,0.04365711738048909,0.21889138688159857,1.9844674545084815,completed,True,COMPLETE
188,2.8182654378423164,2026-06-12 12:59:36.556199,2026-06-12 12:59:38.843456,0 days 00:00:02.287257,,,,,,,,,,,,,,0.007615796933958903,QuantileRegressor,,,,,,2,,,,,,,,True,,,,,,,,,-0.0018465179231692648,0.010138043161701013,98.0,0.004145762619265875,0.005992280542435139,0.030044553493663372,1.9844674545084815,2.7867353272727207,2.849795548411912,98.0,2.8182654378423164,0.0315301105695956,0.15808807464217445,1.9844674545084815,784033016024171.5,994912065719364.2,98.0,889472540871767.9,105439524847596.34,528660736458559.44,1.9844674545084815,8.539452710707574,8.909470176583207,98.0,8.72446144364539,0.18500873293781714,0.9276109044264249,1.9844674545084815,2.545550438694975,2.6298169680352164,98.0,2.5876837033650957,0.04213326467012052,0.21125097786721572,1.9844674545084815,99.0,0.43434343434343436,-0.011976922240166587,0.009932227913266282,98.0,-0.0010223471634501521,0.010954575076716435,0.05492488453469649,1.9844674545084815,QuantileRegressor,"{'mode': 'original', 'type': 'QuantileRegressor'}",2,"['density_T6W40', 'z_density_T6W40']",0.12553105596565772,0.17624613158688612,91.0,0.15088859377627192,0.02535753781061421,0.1224445004466751,1.9863771544186177,3.429708041265584,3.51780167480798,98.0,3.473754858036782,0.044046816771198136,0.22084529142723722,1.9844674545084815,completed,True,COMPLETE
189,2.8392789460467043,2026-06-12 12:59:38.856766,2026-06-12 12:59:40.803135,0 days 00:00:01.946369,,,,,,,,,,,,,,,LinearRegression,,,,,,2,,,,,,,,True,,,,,,,,,-0.008710319418641959,0.001637077347227153,98.0,-0.0035366210357074025,0.005173698382934556,0.02594028379101702,1.9844674545084815,2.8115745712063984,2.86698332088701,98.0,2.8392789460467043,0.02770437484030602,0.13890630887582237,1.9844674545084815,856890460754784.0,1087638685918674.5,98.0,972264573336729.2,115374112581945.23,578471530614208.4,1.9844674545084815,8.165548354215266,8.547344672937184,98.0,8.356446513576225,0.19089815936095939,0.9571397600873092,1.9844674545084815,2.485560248816619,2.5587188335623776,98.0,2.5221395411894982,0.0365792923728792,0.18340404770346536,1.9844674545084815,99.0,0.35353535353535354,-0.0041788906914875315,0.013951023812198659,98.0,0.004886066560355564,0.009064957251843095,0.045450574475288684,1.9844674545084815,LinearRegression,"{'mode': 'original', 'type': 'LinearRegression'}",2,"['lcc_T6W40', 'density_T6W40']",0.11592143087483422,0.1684551378204366,98.0,0.14218828434763542,0.026266853472801197,0.1316987545367975,1.9844674545084815,3.4230485992706545,3.5030770898536505,98.0,3.4630628445621525,0.04001424529149788,0.20062647679049125,1.9844674545084815,completed,True,COMPLETE
190,2.826784514269093,2026-06-12 12:59:40.816408,2026-06-12 12:59:41.029601,0 days 00:00:00.213193,,,,,,,,,,,,,,0.005817705557706012,QuantileRegressor,,,,,,3,,,,,,,,False,,,,,,,,,,,,,,,,,,,,,,,,,,,,,,,,,,,,,,,,,,,,,,,,,,,,,QuantileRegressor,"{'mode': 'original', 'type': 'QuantileRegressor'}",3,"['z_l1_T6W40', 'z_lsc_T6W40', 'z_asp_T6W40']",,,,,,,,,,,,,,,pruned,False,PRUNED
191,2.8096835292919273,2026-06-12 12:59:41.039651,2026-06-12 12:59:43.319718,0 days 00:00:02.280067,,,,,,,,,,,,,,0.011719775822595917,QuantileRegressor,,,,,,2,,,,,,,,True,,,,,,,,,0.0015038627573994686,0.012799249374676396,98.0,0.007151556066037932,0.005647693308638463,0.028316835723154837,1.9844674545084815,2.7789861498996338,2.840380908684221,98.0,2.8096835292919273,0.030697379392293663,0.15391286351427186,1.9844674545084815,799131021165640.6,1013269103729393.6,98.0,906200062447517.1,107069041281876.45,536830930315777.7,1.9844674545084815,8.50262811578075,8.8650239535132,98.0,8.683826034646975,0.18119791886622513,0.908503954006206,1.9844674545084815,2.4915606910333232,2.563553287499927,98.0,2.527556989266625,0.03599629823330202,0.18048098719436897,1.9844674545084815,99.0,0.40404040404040403,-0.006861287258939598,0.013961977315907413,98.0,0.0035503450284839083,0.010411632287423506,0.052202636542234976,1.9844674545084815,QuantileRegressor,"{'mode': 'original', 'type': 'QuantileRegressor'}",2,"['density_T6W40', 'z_l1_T6W40']",0.13052187285751632,0.17995132855395424,95.0,0.15523660070573528,0.024714727848218963,0.12197645990958939,1.9852510035054978,3.4227811683265075,3.508639132517604,98.0,3.4657101504220558,0.04292898209554842,0.21524060662121147,1.9844674545084815,completed,True,COMPLETE
192,2.8079977369199116,2026-06-12 12:59:43.332769,2026-06-12 12:59:45.739030,0 days 00:00:02.406261,,,,,,,,,,,,,,0.011193923952310168,QuantileRegressor,,,,,,2,,,,,,,,True,,,,,,,,,0.0020071870120586966,0.013445129736224009,98.0,0.007726158374141353,0.005718971362082656,0.028674215067206372,1.9844674545084815,2.777415086919042,2.838580386920781,98.0,2.8079977369199116,0.03058265000086964,0.15333762453580213,1.9844674545084815,798796573890582.2,1012661810734334.8,98.0,905729192312458.5,106932618421876.27,536146922968990.75,1.9844674545084815,8.501259098873502,8.863399731316411,98.0,8.682329415094957,0.1810703162214549,0.907864170127667,1.9844674545084815,2.4890164563607464,2.5581505784875262,98.0,2.5235835174241363,0.03456706106338979,0.17331496879745498,1.9844674545084815,99.0,0.3939393939393939,-0.006101434537065081,0.014837309724439392,98.0,0.0043679375936871555,0.010469372130752237,0.052492136975220524,1.9844674545084815,QuantileRegressor,"{'mode': 'original', 'type': 'QuantileRegressor'}",2,"['density_T6W40', 'z_l1_T6W40']",0.1328430541714732,0.18228493109988084,96.0,0.15756399263567702,0.02472093846420381,0.12265739645778584,1.984984311522457,3.421380668170701,3.5070995715956155,98.0,3.4642401198831583,0.04285945171245719,0.21489198988015176,1.9844674545084815,completed,True,COMPLETE
193,2.807458080516816,2026-06-12 12:59:45.752095,2026-06-12 12:59:45.948100,0 days 00:00:00.196005,,,,,,,,,,,,,,0.011255688786593441,QuantileRegressor,,,,,,18,,,,,,,,True,,,,,,,,,,,,,,,,,,,,,,,,,,,,,,,,,,,,,,,,,,,,,,,,,,,,,QuantileRegressor,"{'mode': 'original', 'type': 'QuantileRegressor'}",18,"['edges_T6W40', 'l2_T6W40', 'l3_T6W40', 'lcc_T6W40', 'lsc_T6W40', 'atd_T6W40', 'density_T6W40', 'diameter_T6W40', 'asp_T6W40', 'z_re_T6W40', 'z_pe_T6W40', 'z_l1_T6W40', 'z_l2_T6W40', 'z_l3_T6W40', 'z_lsc_T6W40', 'z_density_T6W40', 'z_diameter_T6W40', 'z_asp_T6W40']",,,,,,,,,,,,,,,pruned,True,PRUNED
194,2.7915713404357088,2026-06-12 12:59:45.960506,2026-06-12 12:59:46.174461,0 days 00:00:00.213955,,,,,,,,,,,,,,0.0002093225858772931,QuantileRegressor,,,,,,2,,,,,,,,True,,,,,,,,,,,,,,,,,,,,,,,,,,,,,,,,,,,,,,,,,,,,,,,,,,,,,QuantileRegressor,"{'mode': 'original', 'type': 'QuantileRegressor'}",2,"['lcc_T6W40', 'atd_T6W40']",,,,,,,,,,,,,,,pruned,True,PRUNED
195,2.8067672770918293,2026-06-12 12:59:46.183837,2026-06-12 12:59:46.378229,0 days 00:00:00.194392,,,,,,,,,,,,,,0.010813303813421821,QuantileRegressor,,,,,,15,,,,,,,,True,,,,,,,,,,,,,,,,,,,,,,,,,,,,,,,,,,,,,,,,,,,,,,,,,,,,,QuantileRegressor,"{'mode': 'original', 'type': 'QuantileRegressor'}",15,"['edges_T6W40', 'l3_T6W40', 'atd_T6W40', 'density_T6W40', 'diameter_T6W40', 'asp_T6W40', 'z_re_T6W40', 'z_pe_T6W40', 'z_l1_T6W40', 'z_l2_T6W40', 'z_l3_T6W40', 'z_lsc_T6W40', 'z_density_T6W40', 'z_diameter_T6W40', 'z_asp_T6W40']",,,,,,,,,,,,,,,pruned,True,PRUNED
196,3.8509803921568624,2026-06-12 12:59:46.389053,2026-06-12 12:59:46.654795,0 days 00:00:00.265742,20.0,1.0,3.0,,,,,,,,,,,,DecisionTreeRegressor,,,,,,2,,,,,,,,True,,,,,,,,,,,,,,,,,,,,,,,,,,,,,,,,,,,,,,,,,,,,,,,,,,,,,DecisionTreeRegressor,"{'mode': 'original', 'type': 'DecisionTreeRegressor'}",2,"['atd_T6W40', 'z_re_T6W40']",,,,,,,,,,,,,,,pruned,True,PRUNED
197,2.7806129736578797,2026-06-12 12:59:46.665183,2026-06-12 12:59:46.827251,0 days 00:00:00.162068,,,,0.0010119384826996055,0.7666943540262725,,,,,,,,,,ElasticNet,,,,,,2,,,,,,,,True,,,,,,,,,,,,,,,,,,,,,,,,,,,,,,,,,,,,,,,,,,,,,,,,,,,,,ElasticNet,"{'mode': 'original', 'type': 'ElasticNet'}",2,"['l1_T6W40', 'z_l1_T6W40']",,,,,,,,,,,,,,,pruned,True,PRUNED
198,2.791345232650462,2026-06-12 12:59:46.836789,2026-06-12 12:59:47.078675,0 days 00:00:00.241886,,,,,,,,,,,,,,0.020953053955865716,QuantileRegressor,,,,,,3,,,,,,,,True,,,,,,,,,,,,,,,,,,,,,,,,,,,,,,,,,,,,,,,,,,,,,,,,,,,,,QuantileRegressor,"{'mode': 'original', 'type': 'QuantileRegressor'}",3,"['density_T6W40', 'z_l1_T6W40', 'z_l3_T6W40']",,,,,,,,,,,,,,,pruned,True,PRUNED
199,2.818265385676549,2026-06-12 12:59:47.089444,2026-06-12 12:59:49.383023,0 days 00:00:02.293579,,,,,,,,,,,,,,0.00890732675187039,QuantileRegressor,,,,,,2,,,,,,,,True,,,,,,,,,-0.0017572616545131012,0.010036258292254262,98.0,0.00413949831887058,0.0058967599733836815,0.029565625174755687,1.9844674545084815,2.786948175756042,2.8495825955970564,98.0,2.818265385676549,0.031317209920507044,0.15702061711993745,1.9844674545084815,786274204729023.8,998250400422210.2,98.0,892262302575617.0,105988097846593.19,531411213626112.4,1.9844674545084815,8.53137168183886,8.904306112789978,98.0,8.717838897314419,0.186467215475559,0.9349235554804678,1.9844674545084815,2.547277846082708,2.630771947432735,98.0,2.5890248967577216,0.04174705067501366,0.2093145486640406,1.9844674545084815,99.0,0.4444444444444444,-0.011787899520101553,0.009844101461877485,98.0,-0.0009718990291120338,0.010816000490989519,0.05423008870124863,1.9844674545084815,QuantileRegressor,"{'mode': 'original', 'type': 'QuantileRegressor'}",2,"['density_T6W40', 'z_density_T6W40']",0.12405277993760212,0.1749536194047236,91.0,0.14950319967116285,0.02545041973356073,0.12289300143051086,1.9863771544186177,3.4297325746456457,3.5176910857322015,98.0,3.4737118301889236,0.043979255543278035,0.22050654778665355,1.9844674545084815,completed,True,COMPLETE
200,2.8186161668890772,2026-06-12 12:59:49.396253,2026-06-12 12:59:51.692578,0 days 00:00:02.296325,,,,,,,,,,,,,,0.0070664075524256385,QuantileRegressor,,,,,,3,,,,,,,,True,,,,,,,,,-0.003580196495539281,0.011360905908301197,98.0,0.003890354706380958,0.007470551201920239,0.03745641974266315,1.9844674545084815,2.785959954115362,2.8512723796627926,98.0,2.8186161668890772,0.03265621277371528,0.16373421181339187,1.9844674545084815,774236650768151.0,982277863275208.2,98.0,878257257021679.6,104020606253528.66,521546454124692.6,1.9844674545084815,8.537655595136636,8.904329789514081,98.0,8.720992692325359,0.1833370971887224,0.9192295295341896,1.9844674545084815,2.4999826982735303,2.5985342847396296,98.0,2.54925849150658,0.04927579323304968,0.2470627326689589,1.9844674545084815,99.0,0.42424242424242425,-0.014330734937383832,0.011564970053856299,98.0,-0.0013828824417637664,0.012947852495620065,0.06491893097759291,1.9844674545084815,QuantileRegressor,"{'mode': 'original', 'type': 'QuantileRegressor'}",3,"['density_T6W40', 'z_density_T6W40', 'z_asp_T6W40']",0.14107278879654034,0.19166204098840667,94.0,0.1663674148924735,0.02529462609593316,0.12416953302456266,1.985523441866604,3.4292633666567514,3.5176762789023006,98.0,3.473469822779526,0.044206456122774795,0.22164570339129214,1.9844674545084815,completed,True,COMPLETE
201,2.7720737939166895,2026-06-12 12:59:51.707383,2026-06-12 12:59:52.104511,0 days 00:00:00.397128,,,,,,,,,,,,,,0.01789285521318163,QuantileRegressor,,,,,,2,,,,,,,,True,,,,,,,,,,,,,,,,,,,,,,,,,,,,,,,,,,,,,,,,,,,,,,,,,,,,,QuantileRegressor,"{'mode': 'original', 'type': 'QuantileRegressor'}",2,"['density_T6W40', 'z_l1_T6W40']",,,,,,,,,,,,,,,pruned,True,PRUNED
202,2.8103975310149325,2026-06-12 12:59:52.115296,2026-06-12 12:59:54.396491,0 days 00:00:02.281195,,,,,,,,,,,,,,0.016106484804286097,QuantileRegressor,,,,,,2,,,,,,,,True,,,,,,,,,0.001568200779775957,0.012199191539941822,98.0,0.006883696159858889,0.005315495380082932,0.02665123639677302,1.9844674545084815,2.7803625080770087,2.8404325539528563,98.0,2.8103975310149325,0.030035022937923768,0.15059189017461203,1.9844674545084815,800054675412152.9,1014679053194667.1,98.0,907366864303410.0,107312188891257.16,538050042355870.3,1.9844674545084815,8.501793586674587,8.863411189126236,98.0,8.682602387900412,0.18080880122582418,0.9065529662846592,1.9844674545084815,2.5025348995202314,2.5734836276589474,98.0,2.5380092635895894,0.03547436406935797,0.17786407385098688,1.9844674545084815,99.0,0.41414141414141414,-0.0057144504567976494,0.014297940097492223,98.0,0.004291744820347287,0.010006195277144936,0.0501698255185583,1.9844674545084815,QuantileRegressor,"{'mode': 'original', 'type': 'QuantileRegressor'}",2,"['density_T6W40', 'z_l1_T6W40']",0.12999826675051232,0.18002841578018333,94.0,0.15501334126534783,0.025015074514835495,0.12279723405680852,1.985523441866604,3.4218654703421274,3.507146431500047,98.0,3.464505950921087,0.04264048057895975,0.21379409569990726,1.9844674545084815,completed,True,COMPLETE
203,2.8094439594751672,2026-06-12 12:59:54.427659,2026-06-12 12:59:56.650374,0 days 00:00:02.222715,,,,,,,,,,,,,,0.011620425825944436,QuantileRegressor,,,,,,2,,,,,,,,True,,,,,,,,,0.0015773945957060654,0.012893536985439987,98.0,0.007235465790573026,0.005658071194866961,0.028368869161131446,1.9844674545084815,2.7787391260749863,2.840148792875348,98.0,2.8094439594751672,0.030704833400180823,0.15395023698788046,1.9844674545084815,799016831009718.1,1013152298049409.9,98.0,906084564529564.0,107067733519845.89,536824373358705.06,1.9844674545084815,8.50289886296478,8.865309191821268,98.0,8.684104027393024,0.18120516442824464,0.9085402823580154,1.9844674545084815,2.490658831880478,2.562721841688367,98.0,2.5266903367844225,0.03603150490394443,0.1806575090864865,1.9844674545084815,99.0,0.40404040404040403,-0.006817622468243912,0.01401451809836125,98.0,0.0035984478150586684,0.01041607028330258,0.052224888104665884,1.9844674545084815,QuantileRegressor,"{'mode': 'original', 'type': 'QuantileRegressor'}",2,"['density_T6W40', 'z_l1_T6W40']",0.1306390654383839,0.1800757808668512,95.0,0.15535742315261755,0.024718357714233648,0.1219943746610338,1.9852510035054978,3.422702949784498,3.5085398677539827,98.0,3.4656214087692403,0.042918458984742586,0.215187845045166,1.9844674545084815,completed,True,COMPLETE
204,2.7745805379918305,2026-06-12 12:59:56.663527,2026-06-12 12:59:56.876205,0 days 00:00:00.212678,,,,,,,,,,,,,,0.011853095485209157,QuantileRegressor,,,,,,2,,,,,,,,True,,,,,,,,,,,,,,,,,,,,,,,,,,,,,,,,,,,,,,,,,,,,,,,,,,,,,QuantileRegressor,"{'mode': 'original', 'type': 'QuantileRegressor'}",2,"['density_T6W40', 'z_l1_T6W40']",,,,,,,,,,,,,,,pruned,True,PRUNED
205,2.818237800630988,2026-06-12 12:59:56.886287,2026-06-12 12:59:59.170799,0 days 00:00:02.284512,,,,,,,,,,,,,,0.009497451179128456,QuantileRegressor,,,,,,3,,,,,,,,True,,,,,,,,,-0.002537523882055916,0.010731431801170442,98.0,0.004096953959557263,0.006634477841613179,0.033264451322545706,1.9844674545084815,2.7862653892693827,2.8502102119925934,98.0,2.818237800630988,0.031972411361605446,0.16030571610801095,1.9844674545084815,780093284025476.9,990252271128622.1,98.0,885172777577049.5,105079493551572.6,526855584070219.7,1.9844674545084815,8.520934569336058,8.881427239260331,98.0,8.701180904298194,0.18024633496213602,0.9037328300063112,1.9844674545084815,2.5091693932246883,2.603923991346641,98.0,2.556546692285665,0.047377299060976465,0.2375439177025484,1.9844674545084815,99.0,0.43434343434343436,-0.011142168968076209,0.011432776685219444,98.0,0.0001453038585716174,0.011287472826647826,0.05659399267890052,1.9844674545084815,QuantileRegressor,"{'mode': 'original', 'type': 'QuantileRegressor'}",3,"['density_T6W40', 'z_density_T6W40', 'z_asp_T6W40']",0.133936367503967,0.18370110272999188,93.0,0.15881873511697944,0.024882367613012425,0.12148417975150744,1.9858018143458227,3.4277984226551856,3.5150619498748688,98.0,3.471430186265027,0.04363176360984166,0.21876426621141493,1.9844674545084815,completed,True,COMPLETE
206,2.809465514254951,2026-06-12 12:59:59.183799,2026-06-12 13:00:01.482595,0 days 00:00:02.298796,,,,,,,,,,,,,,0.011687156692238965,QuantileRegressor,,,,,,2,,,,,,,,True,,,,,,,,,0.0015720932379432676,0.012881820232437153,98.0,0.0072269567351902105,0.005654863497246943,0.028352786162003877,1.9844674545084815,2.7787744845527453,2.8401565439571566,98.0,2.809465514254951,0.03069102970220547,0.15388102695352143,1.9844674545084815,799029330093398.9,1013160491639759.9,98.0,906094910866579.4,107065580773180.47,536813579753183.75,1.9844674545084815,8.502722828192598,8.86518045176854,98.0,8.683951639980569,0.181228811787971,0.9086588472948957,1.9844674545084815,2.491243746277618,2.563117288832841,98.0,2.5271805175552293,0.03593677127761148,0.18018252640103763,1.9844674545084815,99.0,0.40404040404040403,-0.0068093387577787086,0.01401902776191239,98.0,0.0036048445020668415,0.01041418325984555,0.052215426802445966,1.9844674545084815,QuantileRegressor,"{'mode': 'original', 'type': 'QuantileRegressor'}",2,"['density_T6W40', 'z_l1_T6W40']",0.1306717224362966,0.1801065526709823,95.0,0.15538913755363945,0.024717415117342843,0.12198972259152414,1.9852510035054978,3.4226947037122164,3.508525602888775,98.0,3.4656101533004957,0.042915449588279135,0.2151727563035109,1.9844674545084815,completed,True,COMPLETE
