number,value,datetime_start,datetime_complete,duration,params_dt_max_depth,params_dt_min_samples_leaf,params_dt_min_samples_split,params_elastic_alpha,params_elastic_l1_ratio,params_et_max_depth,params_et_max_features,params_et_min_samples_leaf,params_et_min_samples_split,params_et_n_estimators,params_knn_metric,params_knn_n_neighbors,params_knn_weights,params_quantile_alpha,params_regressor,params_rf_max_depth,params_rf_max_features,params_rf_min_samples_leaf,params_rf_min_samples_split,params_rf_n_estimators,params_rfe_n_features,params_rfe_proxy_et_max_depth,params_rfe_proxy_et_min_samples_leaf,params_rfe_proxy_et_min_samples_split,params_rfe_proxy_et_n_estimators,params_rfe_proxy_lsvr_C,params_rfe_proxy_lsvr_epsilon,params_rfe_proxy_type,params_use_scaler,params_xgb_booster,params_xgb_colsample_bytree,params_xgb_learning_rate,params_xgb_max_depth,params_xgb_n_estimators,params_xgb_reg_alpha,params_xgb_reg_lambda,params_xgb_subsample,user_attrs_d2mae_ci_lower_val,user_attrs_d2mae_ci_upper_val,user_attrs_d2mae_df_val,user_attrs_d2mae_mean_val,user_attrs_d2mae_samperror_val,user_attrs_d2mae_std_val,user_attrs_d2mae_t_critical_val,user_attrs_mae_ci_lower_val,user_attrs_mae_ci_upper_val,user_attrs_mae_df_val,user_attrs_mae_mean_val,user_attrs_mae_samperror_val,user_attrs_mae_std_val,user_attrs_mae_t_critical_val,user_attrs_mape_ci_lower_val,user_attrs_mape_ci_upper_val,user_attrs_mape_df_val,user_attrs_mape_mean_val,user_attrs_mape_samperror_val,user_attrs_mape_std_val,user_attrs_mape_t_critical_val,user_attrs_max_error_ci_lower_val,user_attrs_max_error_ci_upper_val,user_attrs_max_error_df_val,user_attrs_max_error_mean_val,user_attrs_max_error_samperror_val,user_attrs_max_error_std_val,user_attrs_max_error_t_critical_val,user_attrs_median_ae_ci_lower_val,user_attrs_median_ae_ci_upper_val,user_attrs_median_ae_df_val,user_attrs_median_ae_mean_val,user_attrs_median_ae_samperror_val,user_attrs_median_ae_std_val,user_attrs_median_ae_t_critical_val,user_attrs_n_splits_val,user_attrs_r2_below_zero_val,user_attrs_r2_ci_lower_val,user_attrs_r2_ci_upper_val,user_attrs_r2_df_val,user_attrs_r2_mean_val,user_attrs_r2_samperror_val,user_attrs_r2_std_val,user_attrs_r2_t_critical_val,user_attrs_regressor_final,user_attrs_rfe_estimator,user_attrs_rfe_n_features,user_attrs_rfe_selected_features,user_attrs_rho_ci_lower_val,user_attrs_rho_ci_upper_val,user_attrs_rho_df_val,user_attrs_rho_mean_val,user_attrs_rho_samperror_val,user_attrs_rho_std_val,user_attrs_rho_t_critical_val,user_attrs_rmse_ci_lower_val,user_attrs_rmse_ci_upper_val,user_attrs_rmse_df_val,user_attrs_rmse_mean_val,user_attrs_rmse_samperror_val,user_attrs_rmse_std_val,user_attrs_rmse_t_critical_val,user_attrs_termination_reason,user_attrs_use_scaler_final,state
289,2.8169496100255937,2026-06-12 13:02:09.170531,2026-06-12 13:02:11.520406,0 days 00:00:02.349875,,,,,,,,,,,,,,0.006569490840673891,QuantileRegressor,,,,,,3,,,,,,,,True,,,,,,,,,-0.0032643208907208073,0.012168952013366303,98.0,0.004452315561322748,0.007716636452043555,0.03869026075010152,1.9844674545084815,2.7841075102824355,2.849791709768752,98.0,2.8169496100255937,0.03284209974315831,0.1646662260870321,1.9844674545084815,772786766037945.5,980777775144231.2,98.0,876782270591088.4,103995504553142.94,521420597303624.2,1.9844674545084815,8.53920753596478,8.90459178048018,98.0,8.72189965822248,0.18269212225770096,0.9159957050027915,1.9844674545084815,2.4951838879596204,2.590575895444009,98.0,2.5428798917018147,0.04769600374219423,0.23914186355567046,1.9844674545084815,99.0,0.43434343434343436,-0.013751660789329309,0.013131052085200455,98.0,-0.0003103043520644273,0.013441356437264882,0.06739329870271547,1.9844674545084815,QuantileRegressor,"{'mode': 'original', 'type': 'QuantileRegressor'}",3,"['density_T6W40', 'z_density_T6W40', 'z_asp_T6W40']",0.14398886075529704,0.19630474742182996,95.0,0.1701468040885635,0.026157943333266463,0.12909927011546754,1.9852510035054978,3.4271317547798716,3.5155446215407347,98.0,3.471338188160303,0.04420643338043153,0.22164558936399584,1.9844674545084815,completed,True,COMPLETE
290,2.803921568627451,2026-06-12 13:02:11.533637,2026-06-12 13:02:11.725838,0 days 00:00:00.192201,,,,,,,,,,,,,,0.7665701808710906,QuantileRegressor,,,,,,2,,,,,,,,True,,,,,,,,,,,,,,,,,,,,,,,,,,,,,,,,,,,,,,,,,,,,,,,,,,,,,QuantileRegressor,"{'mode': 'original', 'type': 'QuantileRegressor'}",2,"['z_diameter_T6W40', 'z_asp_T6W40']",,,,,,,,,,,,,,,pruned,True,PRUNED
291,2.7745805379918305,2026-06-12 13:02:11.735804,2026-06-12 13:02:11.941825,0 days 00:00:00.206021,,,,,,,,,,,,,,0.011979751980569607,QuantileRegressor,,,,,,2,,,,,,,,True,,,,,,,,,,,,,,,,,,,,,,,,,,,,,,,,,,,,,,,,,,,,,,,,,,,,,QuantileRegressor,"{'mode': 'original', 'type': 'QuantileRegressor'}",2,"['density_T6W40', 'z_l1_T6W40']",,,,,,,,,,,,,,,pruned,True,PRUNED
292,2.8161193440161765,2026-06-12 13:02:11.951675,2026-06-12 13:02:14.343432,0 days 00:00:02.391757,,,,,,,,,,,,,,0.0047028843431024085,QuantileRegressor,,,,,,3,,,,,,,,True,,,,,,,,,-0.003388325051031419,0.01287113871324554,98.0,0.004741406831107061,0.00812973188213848,0.0407614701435174,1.9844674545084815,2.782579621964851,2.849659066067502,98.0,2.8161193440161765,0.033539722051325736,0.16816401805582923,1.9844674545084815,765478490371901.0,971515357262728.5,98.0,868496923817314.8,103018433445413.78,516521683617024.4,1.9844674545084815,8.561433873411746,8.924554864448789,98.0,8.742994368930267,0.181560495518522,0.9103218684960804,1.9844674545084815,2.4793089050096566,2.5767204287281733,98.0,2.528014666868915,0.048705761859258415,0.24420466586423312,1.9844674545084815,99.0,0.45454545454545453,-0.014587771097288163,0.01364095888578952,98.0,-0.0004734061057493212,0.014114364991538841,0.07076768035380551,1.9844674545084815,QuantileRegressor,"{'mode': 'original', 'type': 'QuantileRegressor'}",3,"['density_T6W40', 'z_density_T6W40', 'z_asp_T6W40']",0.15058175441953464,0.2032443243116921,97.0,0.17691303936561337,0.02633128494607874,0.13133641196669568,1.9847231860139845,3.4269319130116793,3.5156412998853144,98.0,3.471286606448497,0.044354693436817375,0.22238894694939484,1.9844674545084815,completed,True,COMPLETE
293,2.8313725490196076,2026-06-12 13:02:14.356921,2026-06-12 13:02:14.753001,0 days 00:00:00.396080,,,,,,,,,,,euclidean,15.0,uniform,,KNeighborsRegressor,,,,,,2,12.0,3.0,2.0,50.0,,,ExtraTrees,,,,,,,,,,,,,,,,,,,,,,,,,,,,,,,,,,,,,,,,,,,,,,,,,,,,,,KNeighborsRegressor,"{'mode': 'proxy', 'type': 'ExtraTrees'}",2,"['l1_T6W40', 'lcc_T6W40']",,,,,,,,,,,,,,,pruned,True,PRUNED
294,2.790743464801573,2026-06-12 13:02:14.763888,2026-06-12 13:02:14.967615,0 days 00:00:00.203727,,,,,,,,,,,,,,0.024539380329400638,QuantileRegressor,,,,,,2,,,,,,,,True,,,,,,,,,,,,,,,,,,,,,,,,,,,,,,,,,,,,,,,,,,,,,,,,,,,,,QuantileRegressor,"{'mode': 'original', 'type': 'QuantileRegressor'}",2,"['density_T6W40', 'z_l1_T6W40']",,,,,,,,,,,,,,,pruned,True,PRUNED
295,2.7974051953650543,2026-06-12 13:02:14.978112,2026-06-12 13:02:17.303183,0 days 00:00:02.325071,,,,,,2.0,,2.0,5.0,368.0,,,,,ExtraTreesRegressor,,,,,,3,,,,,,,,True,,,,,,,,,,,,,,,,,,,,,,,,,,,,,,,,,,,,,,,,,,,,,,,,,,,,,ExtraTreesRegressor,"{'mode': 'original', 'type': 'ExtraTreesRegressor'}",3,"['density_T6W40', 'diameter_T6W40', 'asp_T6W40']",,,,,,,,,,,,,,,pruned,True,PRUNED
296,2.817140543673228,2026-06-12 13:02:17.313875,2026-06-12 13:02:19.611531,0 days 00:00:02.297656,,,,,,,,,,,,,,0.009971223057588945,QuantileRegressor,,,,,,2,,,,,,,,True,,,,,,,,,-0.0010238827583650958,0.010084288173085768,98.0,0.004530202707360337,0.0055540854657254324,0.027847497576532602,1.9844674545084815,2.7864332105832843,2.8478478767631716,98.0,2.817140543673228,0.03070733308994373,0.15396277012318135,1.9844674545084815,786826216410020.4,998764833096251.9,98.0,892795524753136.1,105969308343115.7,531317005379627.44,1.9844674545084815,8.526430212048977,8.898867016528238,98.0,8.712648614288607,0.18621840223963038,0.9336760366896085,1.9844674545084815,2.541254123828034,2.6237522251665353,98.0,2.5825031744972846,0.04124905066925046,0.20681763822951732,1.9844674545084815,99.0,0.45454545454545453,-0.010659035548298897,0.010086722619249564,98.0,-0.000286156464524666,0.01037287908377423,0.05200833277226857,1.9844674545084815,QuantileRegressor,"{'mode': 'original', 'type': 'QuantileRegressor'}",2,"['density_T6W40', 'z_density_T6W40']",0.12439025632791259,0.17510031685105612,91.0,0.14974528658948436,0.025355030261571758,0.12243239218947198,1.9863771544186177,3.429003435793793,3.516175704031964,98.0,3.4725895699128784,0.04358613411908551,0.21853548558837776,1.9844674545084815,completed,True,COMPLETE
297,2.81062745414089,2026-06-12 13:02:19.644503,2026-06-12 13:02:21.997698,0 days 00:00:02.353195,,,,,,,,,,,,,,0.0158768414754965,QuantileRegressor,,,,,,2,,,,,,,,True,,,,,,,,,0.0014747511544915696,0.012134180632471774,98.0,0.006804465893481672,0.005329714738990103,0.02672253050363379,1.9844674545084815,2.7805492198973822,2.8407056883843977,98.0,2.81062745414089,0.030078234243507692,0.1508085463162852,1.9844674545084815,800170518622858.8,1014804969768310.2,98.0,907487744195584.5,107317225572725.69,538075295653799.1,1.9844674545084815,8.501836461872921,8.863456109937905,98.0,8.682646285905413,0.18080982403249277,0.9065580945107912,1.9844674545084815,2.5030259590489097,2.5742740103847277,98.0,2.5386499847168187,0.035624025667909044,0.17861445859545474,1.9844674545084815,99.0,0.41414141414141414,-0.00606612802267748,0.01412476333207712,98.0,0.00402931765469982,0.0100954456773773,0.05061731598652334,1.9844674545084815,QuantileRegressor,"{'mode': 'original', 'type': 'QuantileRegressor'}",2,"['density_T6W40', 'z_l1_T6W40']",0.129747566365222,0.17989265044968183,94.0,0.15482010840745192,0.025072542042229924,0.12307933809003596,1.985523441866604,3.4222185400261713,3.507689190851141,98.0,3.4649538654386562,0.04273532541248483,0.214269635964463,1.9844674545084815,completed,True,COMPLETE
298,2.8084493123294,2026-06-12 13:02:22.011099,2026-06-12 13:02:26.980775,0 days 00:00:04.969676,,,,,,,,,,,,,,,RandomForestRegressor,16.0,,4.0,6.0,390.0,3,,,,,,,,True,,,,,,,,,,,,,,,,,,,,,,,,,,,,,,,,,,,,,,,,,,,,,,,,,,,,,RandomForestRegressor,"{'mode': 'original', 'type': 'RandomForestRegressor'}",3,"['l1_T6W40', 'density_T6W40', 'z_lsc_T6W40']",,,,,,,,,,,,,,,pruned,True,PRUNED
299,2.8480865155965938,2026-06-12 13:02:26.990726,2026-06-12 13:02:27.201010,0 days 00:00:00.210284,,,,,,,,,,,,,,0.008570565224916202,QuantileRegressor,,,,,,2,,,,,,,,False,,,,,,,,,,,,,,,,,,,,,,,,,,,,,,,,,,,,,,,,,,,,,,,,,,,,,QuantileRegressor,"{'mode': 'original', 'type': 'QuantileRegressor'}",2,"['z_l1_T6W40', 'z_density_T6W40']",,,,,,,,,,,,,,,pruned,False,PRUNED
