number,value,datetime_start,datetime_complete,duration,params_dt_max_depth,params_dt_min_samples_leaf,params_dt_min_samples_split,params_elastic_alpha,params_elastic_l1_ratio,params_et_max_depth,params_et_max_features,params_et_min_samples_leaf,params_et_min_samples_split,params_et_n_estimators,params_knn_metric,params_knn_n_neighbors,params_knn_weights,params_quantile_alpha,params_regressor,params_rf_max_depth,params_rf_max_features,params_rf_min_samples_leaf,params_rf_min_samples_split,params_rf_n_estimators,params_rfe_n_features,params_rfe_proxy_et_max_depth,params_rfe_proxy_et_min_samples_leaf,params_rfe_proxy_et_min_samples_split,params_rfe_proxy_et_n_estimators,params_rfe_proxy_lsvr_C,params_rfe_proxy_lsvr_epsilon,params_rfe_proxy_type,params_use_scaler,params_xgb_booster,params_xgb_colsample_bytree,params_xgb_learning_rate,params_xgb_max_depth,params_xgb_n_estimators,params_xgb_reg_alpha,params_xgb_reg_lambda,params_xgb_subsample,user_attrs_d2mae_ci_lower_val,user_attrs_d2mae_ci_upper_val,user_attrs_d2mae_df_val,user_attrs_d2mae_mean_val,user_attrs_d2mae_samperror_val,user_attrs_d2mae_std_val,user_attrs_d2mae_t_critical_val,user_attrs_mae_ci_lower_val,user_attrs_mae_ci_upper_val,user_attrs_mae_df_val,user_attrs_mae_mean_val,user_attrs_mae_samperror_val,user_attrs_mae_std_val,user_attrs_mae_t_critical_val,user_attrs_mape_ci_lower_val,user_attrs_mape_ci_upper_val,user_attrs_mape_df_val,user_attrs_mape_mean_val,user_attrs_mape_samperror_val,user_attrs_mape_std_val,user_attrs_mape_t_critical_val,user_attrs_max_error_ci_lower_val,user_attrs_max_error_ci_upper_val,user_attrs_max_error_df_val,user_attrs_max_error_mean_val,user_attrs_max_error_samperror_val,user_attrs_max_error_std_val,user_attrs_max_error_t_critical_val,user_attrs_median_ae_ci_lower_val,user_attrs_median_ae_ci_upper_val,user_attrs_median_ae_df_val,user_attrs_median_ae_mean_val,user_attrs_median_ae_samperror_val,user_attrs_median_ae_std_val,user_attrs_median_ae_t_critical_val,user_attrs_n_splits_val,user_attrs_r2_below_zero_val,user_attrs_r2_ci_lower_val,user_attrs_r2_ci_upper_val,user_attrs_r2_df_val,user_attrs_r2_mean_val,user_attrs_r2_samperror_val,user_attrs_r2_std_val,user_attrs_r2_t_critical_val,user_attrs_regressor_final,user_attrs_rfe_estimator,user_attrs_rfe_n_features,user_attrs_rfe_selected_features,user_attrs_rho_ci_lower_val,user_attrs_rho_ci_upper_val,user_attrs_rho_df_val,user_attrs_rho_mean_val,user_attrs_rho_samperror_val,user_attrs_rho_std_val,user_attrs_rho_t_critical_val,user_attrs_rmse_ci_lower_val,user_attrs_rmse_ci_upper_val,user_attrs_rmse_df_val,user_attrs_rmse_mean_val,user_attrs_rmse_samperror_val,user_attrs_rmse_std_val,user_attrs_rmse_t_critical_val,user_attrs_termination_reason,user_attrs_use_scaler_final,state
68,2.829961003213414,2026-06-12 12:56:29.357671,2026-06-12 12:56:31.564907,0 days 00:00:02.207236,,,,,,,,,,,,,,0.01895247473726979,QuantileRegressor,,,,,,4,,,,,,,,True,,,,,,,,,-0.005806508252956213,0.005791182436134126,98.0,-7.662908411043669e-06,0.00579884534454517,0.029074693336181356,1.9844674545084815,2.7988753541797173,2.8610466522471105,98.0,2.829961003213414,0.031085649033696372,0.15585959947372488,1.9844674545084815,814660833912249.5,1034990355780493.5,98.0,924825594846371.5,110164760934122.06,552352485762759.7,1.9844674545084815,8.567238326062794,8.949655223104644,98.0,8.75844677458372,0.19120844852092567,0.9586955115577371,1.9844674545084815,2.4948404606464427,2.5780284872671295,98.0,2.536434473956786,0.04159401331034355,0.20854723824577837,1.9844674545084815,99.0,0.5555555555555556,-0.022587213179248833,-0.0011030265518988513,98.0,-0.011845119865573841,0.01074209331367499,0.053859527255290425,1.9844674545084815,QuantileRegressor,"{'mode': 'original', 'type': 'QuantileRegressor'}",4,"['density_T6W40', 'z_l1_T6W40', 'z_l3_T6W40', 'z_asp_T6W40']",0.0916614990944636,0.14039658955673245,93.0,0.11602904432559803,0.024367545231134432,0.11897064182164187,1.9858018143458227,3.4482000943869506,3.5371681487672095,98.0,3.49268412157708,0.04448402719012953,0.22303741039205344,1.9844674545084815,completed,True,COMPLETE
69,2.824901031642093,2026-06-12 12:56:31.577136,2026-06-12 12:56:33.811515,0 days 00:00:02.234379,,,,,,,,,,,,,,0.02735819645961395,QuantileRegressor,,,,,,3,,,,,,,,True,,,,,,,,,-0.0029994330252563293,0.006509874654195903,98.0,0.0017552208144697868,0.004754653839726116,0.02383924628025699,1.9844674545084815,2.7955599241354006,2.8542421391487856,98.0,2.824901031642093,0.029341107506692447,0.14711268402829306,1.9844674545084815,805171292120272.6,1021310967063831.4,98.0,913241129592052.0,108069837471779.33,541848798629995.94,1.9844674545084815,8.523563646711043,8.87681128714889,98.0,8.700187466929966,0.17662382021892264,0.8855699891290667,1.9844674545084815,2.4904863678587,2.588516307288438,98.0,2.539501337573569,0.04901496971486878,0.24575499580836008,1.9844674545084815,99.0,0.5454545454545454,-0.014577680942432454,0.004130658655464057,98.0,-0.005223511143484199,0.009354169798948255,0.046900650415659884,1.9844674545084815,QuantileRegressor,"{'mode': 'original', 'type': 'QuantileRegressor'}",3,"['density_T6W40', 'z_l1_T6W40', 'z_l3_T6W40']",0.10351801290880219,0.15663222931827658,81.0,0.1300751211135394,0.026557108204737202,0.12086570637489408,1.9896863234569029,3.438288676725109,3.5245051192864496,98.0,3.4813968980057792,0.04310822128067044,0.21613928972648724,1.9844674545084815,completed,True,COMPLETE
70,2.8324391387757806,2026-06-12 12:56:33.824290,2026-06-12 12:56:34.781968,0 days 00:00:00.957678,,,,,,,,,,,,,,,XGBRegressor,,,,,,2,,,,,,,,True,gbtree,0.9631414927712335,0.013816749367861416,2.0,298.0,0.00036026039496065023,9.956178650902746,0.726959415352914,,,,,,,,,,,,,,,,,,,,,,,,,,,,,,,,,,,,,,,,,,,,,XGBRegressor,"{'mode': 'original', 'type': 'XGBRegressor'}",2,"['atd_T6W40', 'density_T6W40']",,,,,,,,,,,,,,,pruned,True,PRUNED
71,2.8222576434127857,2026-06-12 12:56:34.793171,2026-06-12 12:56:37.108200,0 days 00:00:02.315029,,,,,,,,,,,,,,0.005855303521248456,QuantileRegressor,,,,,,2,,,,,,,,True,,,,,,,,,-0.003973878991570798,0.009308134693574836,98.0,0.0026671278510020185,0.006641006842572817,0.033297186925827775,1.9844674545084815,2.7903532322654376,2.854162054560134,98.0,2.8222576434127857,0.03190441114734805,0.15996477144422747,1.9844674545084815,785922110127553.0,997553328319656.0,98.0,891737719223604.5,105815609096051.56,530546376364905.5,1.9844674545084815,8.572086673529272,8.97449386393282,98.0,8.773290268731046,0.2012035952017734,1.00880994078099,1.9844674545084815,2.5143054001488974,2.6053941823834554,98.0,2.5598497912661764,0.04554439111727891,0.2283539439732806,1.9844674545084815,99.0,0.45454545454545453,-0.017915486951250205,0.0059947362730492434,98.0,-0.005960375339100481,0.011955111612149724,0.059941450973519134,1.9844674545084815,QuantileRegressor,"{'mode': 'original', 'type': 'QuantileRegressor'}",2,"['density_T6W40', 'z_asp_T6W40']",0.1226031867135803,0.1764318227392831,90.0,0.1495175047264317,0.026914318012851397,0.12923416747851454,1.9866745407037683,3.437359678784148,3.5266268140790755,98.0,3.4819932464316117,0.04463356764746375,0.22378718774944314,1.9844674545084815,completed,True,COMPLETE
72,2.828370799515012,2026-06-12 12:56:37.121140,2026-06-12 12:56:39.453509,0 days 00:00:02.332369,,,,,,,,,,,,,,0.0029841718365879485,QuantileRegressor,,,,,,4,,,,,,,,True,,,,,,,,,-0.008074973489575244,0.008825418683076462,98.0,0.0003752225967506085,0.008450196086325853,0.04236823802718512,1.9844674545084815,2.794460642988338,2.862280956041686,98.0,2.828370799515012,0.03391015652667416,0.17002133069860148,1.9844674545084815,755639098303833.1,958369512490962.1,98.0,857004305397397.6,101365207093564.47,508232611165639.2,1.9844674545084815,8.603347829479809,8.934289406011267,98.0,8.768818617745538,0.16547078826572842,0.8296500663615474,1.9844674545084815,2.485760237668521,2.585590141928798,98.0,2.5356751897986594,0.04991495213013874,0.2502673963255672,1.9844674545084815,99.0,0.5050505050505051,-0.023189358554682352,0.007339044215186264,98.0,-0.007925157169748044,0.015264201384934308,0.07653281781452463,1.9844674545084815,QuantileRegressor,"{'mode': 'original', 'type': 'QuantileRegressor'}",4,"['lcc_T6W40', 'asp_T6W40', 'z_density_T6W40', 'z_asp_T6W40']",0.148064181633162,0.20019407244987156,98.0,0.17412912704151678,0.02606494540835477,0.130686412474355,1.9844674545084815,3.438849937897834,3.528283716143853,98.0,3.4835668270208435,0.04471688912300965,0.22420495132234028,1.9844674545084815,completed,True,COMPLETE
73,2.8050481862217236,2026-06-12 12:56:39.481946,2026-06-12 12:56:39.693823,0 days 00:00:00.211877,,,,,,,,,,,,,,0.0011794663680667439,QuantileRegressor,,,,,,2,,,,,,,,True,,,,,,,,,,,,,,,,,,,,,,,,,,,,,,,,,,,,,,,,,,,,,,,,,,,,,QuantileRegressor,"{'mode': 'original', 'type': 'QuantileRegressor'}",2,"['z_density_T6W40', 'z_asp_T6W40']",,,,,,,,,,,,,,,pruned,True,PRUNED
74,2.803921568627451,2026-06-12 12:56:39.703562,2026-06-12 12:56:39.921858,0 days 00:00:00.218296,,,,,,,,,,,,,,0.04504936569896521,QuantileRegressor,,,,,,5,,,,,,,,True,,,,,,,,,,,,,,,,,,,,,,,,,,,,,,,,,,,,,,,,,,,,,,,,,,,,,QuantileRegressor,"{'mode': 'original', 'type': 'QuantileRegressor'}",5,"['z_l3_T6W40', 'z_lsc_T6W40', 'z_density_T6W40', 'z_diameter_T6W40', 'z_asp_T6W40']",,,,,,,,,,,,,,,pruned,True,PRUNED
75,2.823765738408551,2026-06-12 12:56:39.931262,2026-06-12 12:56:42.189617,0 days 00:00:02.258355,,,,,,,,,,,,,,0.023486211786030498,QuantileRegressor,,,,,,3,,,,,,,,True,,,,,,,,,-0.0031474685296965493,0.00754705207651234,98.0,0.0021997917734078954,0.005347260303104445,0.026810501792006686,1.9844674545084815,2.7931891005540583,2.8543423762630438,98.0,2.823765738408551,0.03057663785449265,0.15330748037747108,1.9844674545084815,803816452595484.8,1019742808928500.5,98.0,911779630761992.6,107963178166507.83,541314022065358.56,1.9844674545084815,8.524541696901911,8.88317233073755,98.0,8.70385701381973,0.17931531691781905,0.8990648206836569,1.9844674545084815,2.500838793997484,2.590145958844975,98.0,2.5454923764212296,0.04465358242374556,0.22388753936222291,1.9844674545084815,99.0,0.5050505050505051,-0.014917763651136355,0.005063289351253072,98.0,-0.004927237149941642,0.009990526501194714,0.05009126421391261,1.9844674545084815,QuantileRegressor,"{'mode': 'original', 'type': 'QuantileRegressor'}",3,"['density_T6W40', 'z_l1_T6W40', 'z_l3_T6W40']",0.10639596852150493,0.1581923707313541,86.0,0.1322941696264295,0.025898201104924586,0.12151425220242468,1.98793420623902,3.4370542241955793,3.5246743662273117,98.0,3.4808642952114455,0.04381007101586628,0.219658277491542,1.9844674545084815,completed,True,COMPLETE
76,2.8286957371660764,2026-06-12 12:56:42.202154,2026-06-12 12:56:44.487675,0 days 00:00:02.285521,,,,,,,,,,,,,,0.008208646730100234,QuantileRegressor,,,,,,4,,,,,,,,True,,,,,,,,,-0.0070055251466079275,0.007824296833277438,98.0,0.0004093858433347556,0.007414910989942683,0.03717744660158269,1.9844674545084815,2.7952825219362487,2.862108952395904,98.0,2.8286957371660764,0.0334132152298278,0.16752972849964243,1.9844674545084815,776504352021359.9,984155496672064.6,98.0,880329924346712.2,103825572325352.42,520568578131291.75,1.9844674545084815,8.575264075676666,8.951817212871228,98.0,8.763540644273947,0.1882765685972806,0.9439954282456906,1.9844674545084815,2.4930529221702638,2.590653548629333,98.0,2.5418532353997985,0.048800313229534875,0.24467873474035678,1.9844674545084815,99.0,0.5656565656565656,-0.026896322251561168,0.0005712814998724922,98.0,-0.013162520375844339,0.013733801875716831,0.06885958396044421,1.9844674545084815,QuantileRegressor,"{'mode': 'original', 'type': 'QuantileRegressor'}",4,"['l3_T6W40', 'density_T6W40', 'z_density_T6W40', 'z_asp_T6W40']",0.12277334461874456,0.1725064064252511,93.0,0.14763987552199784,0.02486653090325328,0.12140685954930747,1.9858018143458227,3.4481665350368083,3.5396032184436557,98.0,3.493884876740232,0.0457183417034239,0.22922611069739782,1.9844674545084815,completed,True,COMPLETE
77,3.0002633181391345,2026-06-12 12:56:44.519392,2026-06-12 12:56:45.331129,0 days 00:00:00.811737,,,,,,,,,,,,,,,RandomForestRegressor,20.0,,3.0,6.0,54.0,2,,,,,,,,False,,,,,,,,,,,,,,,,,,,,,,,,,,,,,,,,,,,,,,,,,,,,,,,,,,,,,RandomForestRegressor,"{'mode': 'original', 'type': 'RandomForestRegressor'}",2,"['density_T6W40', 'z_lsc_T6W40']",,,,,,,,,,,,,,,pruned,False,PRUNED
78,2.8673796791443853,2026-06-12 12:56:45.340720,2026-06-12 12:56:45.494929,0 days 00:00:00.154209,,,,,,,,,,,manhattan,11.0,uniform,,KNeighborsRegressor,,,,,,3,,,,,0.0010799922503643966,0.4774709905958003,LinearSVR,,,,,,,,,,,,,,,,,,,,,,,,,,,,,,,,,,,,,,,,,,,,,,,,,,,,,,KNeighborsRegressor,"{'mode': 'proxy', 'type': 'LinearSVR'}",3,"['nodes_T6W40', 'l3_T6W40', 'lcc_T6W40']",,,,,,,,,,,,,,,pruned,True,PRUNED
79,2.8524498025797085,2026-06-12 12:56:45.504196,2026-06-12 12:56:47.216292,0 days 00:00:01.712096,,,,,,12.0,sqrt,3.0,2.0,268.0,,,,,ExtraTreesRegressor,,,,,,5,,,,,,,,True,,,,,,,,,,,,,,,,,,,,,,,,,,,,,,,,,,,,,,,,,,,,,,,,,,,,,ExtraTreesRegressor,"{'mode': 'original', 'type': 'ExtraTreesRegressor'}",5,"['nodes_T6W40', 'l1_T6W40', 'lcc_T6W40', 'atd_T6W40', 'density_T6W40']",,,,,,,,,,,,,,,pruned,True,PRUNED
80,2.803921568627451,2026-06-12 12:56:47.226330,2026-06-12 12:56:47.422338,0 days 00:00:00.196008,,,,,,,,,,,,,,0.05212517386569403,QuantileRegressor,,,,,,3,,,,,,,,True,,,,,,,,,,,,,,,,,,,,,,,,,,,,,,,,,,,,,,,,,,,,,,,,,,,,,QuantileRegressor,"{'mode': 'original', 'type': 'QuantileRegressor'}",3,"['z_density_T6W40', 'z_diameter_T6W40', 'z_asp_T6W40']",,,,,,,,,,,,,,,pruned,True,PRUNED
81,2.811102940441123,2026-06-12 12:56:47.431967,2026-06-12 12:56:49.632410,0 days 00:00:02.200443,,,,,,,,,,,,,,0.014430139748298838,QuantileRegressor,,,,,,2,,,,,,,,True,,,,,,,,,0.001240970786502327,0.01203929272599958,98.0,0.006640131756250954,0.005399160969748627,0.027070725315305588,1.9844674545084815,2.7808825526683214,2.841323328213925,98.0,2.811102940441123,0.030220387772801723,0.15152128653012237,1.9844674545084815,799972113122849.6,1014297610291184.4,98.0,907134861707017.0,107162748584167.34,537300767139419.06,1.9844674545084815,8.505332136363343,8.86710575393743,98.0,8.686218945150387,0.18088680878704302,0.9069440865483639,1.9844674545084815,2.501553514856226,2.573383878372082,98.0,2.537468696614154,0.03591518175792814,0.18007427921961225,1.9844674545084815,99.0,0.41414141414141414,-0.006789287182500533,0.013820714532587406,98.0,0.003515713675043437,0.01030500085754397,0.05166799974136524,1.9844674545084815,QuantileRegressor,"{'mode': 'original', 'type': 'QuantileRegressor'}",2,"['density_T6W40', 'z_l1_T6W40']",0.12987298960965252,0.17986535219488345,94.0,0.15486917090226798,0.024996181292615473,0.12270448856329967,1.985523441866604,3.4229345325075085,3.5086648273602905,98.0,3.4657996799338995,0.042865147426391054,0.21492054748535042,1.9844674545084815,completed,True,COMPLETE
82,2.8148657946699642,2026-06-12 12:56:49.650652,2026-06-12 12:56:52.036142,0 days 00:00:02.385490,,,,,,,,,,,,,,0.019217426299630934,QuantileRegressor,,,,,,2,,,,,,,,True,,,,,,,,,0.0003996016126969152,0.010284676148609336,98.0,0.005342138880653126,0.0049425372679562105,0.024781270551326583,1.9844674545084815,2.7849200826650895,2.844811506674839,98.0,2.8148657946699642,0.029945712004874725,0.15014409620259106,1.9844674545084815,801240048223963.5,1016047810637315.8,98.0,908643929430639.6,107403881206676.08,538509776284556.1,1.9844674545084815,8.508131917441464,8.865141835160586,98.0,8.686636876301025,0.17850495885956055,0.895001785607453,1.9844674545084815,2.502030745542795,2.5868021917225947,98.0,2.544416468632695,0.0423857230898999,0.2125167731590538,1.9844674545084815,99.0,0.46464646464646464,-0.00902908704245623,0.010348581467051225,98.0,0.0006597472122974984,0.009688834254753727,0.04857861660460422,1.9844674545084815,QuantileRegressor,"{'mode': 'original', 'type': 'QuantileRegressor'}",2,"['density_T6W40', 'z_l1_T6W40']",0.1208682930795483,0.17065973130221543,88.0,0.14576401219088186,0.024895719111333564,0.11818393910304319,1.9872898648311692,3.427785942036371,3.5145363488050347,98.0,3.471161145420703,0.04337520338433174,0.2174779049729695,1.9844674545084815,completed,True,COMPLETE
83,2.8158410827123017,2026-06-12 12:56:52.048187,2026-06-12 12:56:54.273050,0 days 00:00:02.224863,,,,,,,,,,,,,,0.020810706148596564,QuantileRegressor,,,,,,2,,,,,,,,True,,,,,,,,,4.0038039016621584e-05,0.0099610394859894,98.0,0.005000538762503011,0.004960500723486389,0.024871337095572214,1.9844674545084815,2.7858355538742696,2.845846611550334,98.0,2.8158410827123017,0.03000552883803222,0.1504440104056887,1.9844674545084815,802470545294815.2,1017875819273464.8,98.0,910173182284140.0,107702636989324.78,540007700827602.0,1.9844674545084815,8.501114258966993,8.85987600950235,98.0,8.680495134234672,0.17938087526767899,0.8993935221413699,1.9844674545084815,2.5045180674515084,2.5895642717417022,98.0,2.5470411695966053,0.04252310214509696,0.21320557475029234,1.9844674545084815,99.0,0.46464646464646464,-0.009393378661954282,0.010093585628207781,98.0,0.00035010348312674964,0.009743482145081032,0.04885261436766412,1.9844674545084815,QuantileRegressor,"{'mode': 'original', 'type': 'QuantileRegressor'}",2,"['density_T6W40', 'z_l1_T6W40']",0.12015772174283458,0.17038583891679737,88.0,0.14527178032981597,0.02511405858698139,0.1192204313280059,1.9872898648311692,3.4282676177373337,3.5151239866284256,98.0,3.4716958021828797,0.04342818444554591,0.21774354546101538,1.9844674545084815,completed,True,COMPLETE
84,2.8310911089927213,2026-06-12 12:56:54.285288,2026-06-12 12:56:56.614893,0 days 00:00:02.329605,,,,,,,,,,,,,,0.020900104696788747,QuantileRegressor,,,,,,4,,,,,,,,True,,,,,,,,,-0.006113053840385546,0.0053217374160054575,98.0,-0.00039565821219004463,0.005717395628195502,0.02866631453238843,1.9844674545084815,2.800023702001275,2.862158515984168,98.0,2.8310911089927213,0.03106740699144649,0.15576813613012322,1.9844674545084815,812430915468499.2,1032266735579909.2,98.0,922348825524204.2,109917910055705.0,551114805989752.06,1.9844674545084815,8.546916564173154,8.924453340638467,98.0,8.73568495240581,0.18876838823265632,0.9464613510675007,1.9844674545084815,2.5023146783636987,2.588800667933337,98.0,2.545557673148518,0.04324299478481927,0.21681502740703357,1.9844674545084815,99.0,0.5656565656565656,-0.022017980167504468,-0.0006189432444734955,98.0,-0.011318461705988983,0.010699518461515487,0.05364606221236853,1.9844674545084815,QuantileRegressor,"{'mode': 'original', 'type': 'QuantileRegressor'}",4,"['density_T6W40', 'z_l1_T6W40', 'z_l3_T6W40', 'z_asp_T6W40']",0.09061761948565172,0.1403341719761015,91.0,0.11547589573087662,0.0248582762452249,0.12003370514695438,1.9863771544186177,3.4473630702910874,3.5362034305644454,98.0,3.4917832504277664,0.04442018013667895,0.2227172891628779,1.9844674545084815,completed,True,COMPLETE
85,2.813111555253853,2026-06-12 12:56:56.627836,2026-06-12 12:56:58.878223,0 days 00:00:02.250387,,,,,,,,,,,,,,0.017180547633987887,QuantileRegressor,,,,,,2,,,,,,,,True,,,,,,,,,0.0007671492387361411,0.011073658841049026,98.0,0.005920404039892584,0.005153254801156443,0.02583778220051489,1.9844674545084815,2.783340954277195,2.8428821562305107,98.0,2.813111555253853,0.029770600976657954,0.1492661111654534,1.9844674545084815,800151896454113.1,1014811990001702.6,98.0,907481943227907.9,107330046773794.72,538139579570188.56,1.9844674545084815,8.510497167715016,8.86537798553266,98.0,8.687937576623838,0.17744040890882223,0.8896642638216928,1.9844674545084815,2.4999292374669104,2.577291897976363,98.0,2.5386105677216366,0.03868133025472635,0.19394340565568818,1.9844674545084815,99.0,0.4444444444444444,-0.007736995604538161,0.011866952351556733,98.0,0.0020649783735092863,0.009801973978047447,0.04914588518368431,1.9844674545084815,QuantileRegressor,"{'mode': 'original', 'type': 'QuantileRegressor'}",2,"['density_T6W40', 'z_l1_T6W40']",0.12448106104535885,0.17410360538576186,91.0,0.14929233321556035,0.0248112721702015,0.1198067355362539,1.9863771544186177,3.425781604181433,3.51116373288824,98.0,3.4684726685348366,0.04269106435340359,0.21404771648859144,1.9844674545084815,completed,True,COMPLETE
86,2.8156878964848198,2026-06-12 12:56:58.890516,2026-06-12 12:57:01.323843,0 days 00:00:02.433327,,,,,,,,,,,,,,0.01851065342258632,QuantileRegressor,,,,,,2,,,,,,,,True,,,,,,,,,1.9219754780795163e-05,0.010074959902821097,98.0,0.0050470898288009465,0.005027870074020151,0.025209118686672825,1.9844674545084815,2.785682205342503,2.8456935876271365,98.0,2.8156878964848198,0.03000569114231672,0.1504448241792968,1.9844674545084815,801890387902153.4,1017056004599854.6,98.0,909473196251004.0,107582808348850.62,539406894845087.8,1.9844674545084815,8.505613431560414,8.863021095810586,98.0,8.6843172636855,0.1787038321250866,0.895998911563463,1.9844674545084815,2.502217332584202,2.583799435834015,98.0,2.5430083842091085,0.040791051624906774,0.20452128766809338,1.9844674545084815,99.0,0.46464646464646464,-0.009135824473976152,0.01032140764216311,98.0,0.0005927915840934789,0.009728616058069631,0.04877807764607831,1.9844674545084815,QuantileRegressor,"{'mode': 'original', 'type': 'QuantileRegressor'}",2,"['density_T6W40', 'z_l1_T6W40']",0.12005245912443402,0.16948007130265236,89.0,0.1447662652135432,0.024713806089109173,0.11799610672133855,1.986978699506281,3.427886616050311,3.5146340976824773,98.0,3.4712603568663942,0.04337374081608321,0.21747057183666693,1.9844674545084815,completed,True,COMPLETE
