number,value,datetime_start,datetime_complete,duration,params_dt_max_depth,params_dt_min_samples_leaf,params_dt_min_samples_split,params_elastic_alpha,params_elastic_l1_ratio,params_et_max_depth,params_et_max_features,params_et_min_samples_leaf,params_et_min_samples_split,params_et_n_estimators,params_knn_metric,params_knn_n_neighbors,params_knn_weights,params_quantile_alpha,params_regressor,params_rf_max_depth,params_rf_max_features,params_rf_min_samples_leaf,params_rf_min_samples_split,params_rf_n_estimators,params_rfe_n_features,params_rfe_proxy_et_max_depth,params_rfe_proxy_et_min_samples_leaf,params_rfe_proxy_et_min_samples_split,params_rfe_proxy_et_n_estimators,params_rfe_proxy_lsvr_C,params_rfe_proxy_lsvr_epsilon,params_rfe_proxy_type,params_use_scaler,params_xgb_booster,params_xgb_colsample_bytree,params_xgb_learning_rate,params_xgb_max_depth,params_xgb_n_estimators,params_xgb_reg_alpha,params_xgb_reg_lambda,params_xgb_subsample,user_attrs_d2mae_ci_lower_val,user_attrs_d2mae_ci_upper_val,user_attrs_d2mae_df_val,user_attrs_d2mae_mean_val,user_attrs_d2mae_samperror_val,user_attrs_d2mae_std_val,user_attrs_d2mae_t_critical_val,user_attrs_mae_ci_lower_val,user_attrs_mae_ci_upper_val,user_attrs_mae_df_val,user_attrs_mae_mean_val,user_attrs_mae_samperror_val,user_attrs_mae_std_val,user_attrs_mae_t_critical_val,user_attrs_mape_ci_lower_val,user_attrs_mape_ci_upper_val,user_attrs_mape_df_val,user_attrs_mape_mean_val,user_attrs_mape_samperror_val,user_attrs_mape_std_val,user_attrs_mape_t_critical_val,user_attrs_max_error_ci_lower_val,user_attrs_max_error_ci_upper_val,user_attrs_max_error_df_val,user_attrs_max_error_mean_val,user_attrs_max_error_samperror_val,user_attrs_max_error_std_val,user_attrs_max_error_t_critical_val,user_attrs_median_ae_ci_lower_val,user_attrs_median_ae_ci_upper_val,user_attrs_median_ae_df_val,user_attrs_median_ae_mean_val,user_attrs_median_ae_samperror_val,user_attrs_median_ae_std_val,user_attrs_median_ae_t_critical_val,user_attrs_n_splits_val,user_attrs_r2_below_zero_val,user_attrs_r2_ci_lower_val,user_attrs_r2_ci_upper_val,user_attrs_r2_df_val,user_attrs_r2_mean_val,user_attrs_r2_samperror_val,user_attrs_r2_std_val,user_attrs_r2_t_critical_val,user_attrs_regressor_final,user_attrs_rfe_estimator,user_attrs_rfe_n_features,user_attrs_rfe_selected_features,user_attrs_rho_ci_lower_val,user_attrs_rho_ci_upper_val,user_attrs_rho_df_val,user_attrs_rho_mean_val,user_attrs_rho_samperror_val,user_attrs_rho_std_val,user_attrs_rho_t_critical_val,user_attrs_rmse_ci_lower_val,user_attrs_rmse_ci_upper_val,user_attrs_rmse_df_val,user_attrs_rmse_mean_val,user_attrs_rmse_samperror_val,user_attrs_rmse_std_val,user_attrs_rmse_t_critical_val,user_attrs_termination_reason,user_attrs_use_scaler_final,state
125,2.818572882548583,2026-06-12 12:58:00.185567,2026-06-12 12:58:02.480299,0 days 00:00:02.294732,,,,,,,,,,,,,,0.008791341077941613,QuantileRegressor,,,,,,2,,,,,,,,True,,,,,,,,,-0.0018669133929525303,0.009946931548768214,98.0,0.004040009077907841,0.005906922470860372,0.029616578680170768,1.9844674545084815,2.7871441948123947,2.8500015702847716,98.0,2.818572882548583,0.031428687736188655,0.15757955309980093,1.9844674545084815,785628513931018.6,997011785301377.1,98.0,891320149616197.9,105691635685179.3,529924789016254.8,1.9844674545084815,8.53478646861174,8.906621797061943,98.0,8.720704132836842,0.18591766422510153,0.9321681734810848,1.9844674545084815,2.54733526092698,2.6311976248591114,98.0,2.5892664428930456,0.04193118196606562,0.2102377601833764,1.9844674545084815,99.0,0.4444444444444444,-0.011911350573659855,0.009826219271285146,98.0,-0.0010425656511873552,0.0108687849224725,0.054494743312142165,1.9844674545084815,QuantileRegressor,"{'mode': 'original', 'type': 'QuantileRegressor'}",2,"['density_T6W40', 'z_density_T6W40']",0.12421712820513975,0.17523052971726166,91.0,0.1497238289612007,0.025506700756060954,0.12316476684149581,1.9863771544186177,3.4297859414845284,3.517876369139155,98.0,3.4738311553118417,0.04404521382731337,0.2208372544648567,1.9844674545084815,completed,True,COMPLETE
126,2.820102321390918,2026-06-12 12:58:02.493421,2026-06-12 12:58:05.079722,0 days 00:00:02.586301,,,,,,,,,,,,,,,XGBRegressor,,,,,,3,,,,,,,,True,gblinear,0.7666108934171676,0.02229038461920429,6.0,328.0,2.6986099232498008e-05,0.0018263914071218878,0.9755801933877797,-0.002704396720142809,0.009133538941444723,98.0,0.003214571110650957,0.005918967830793766,0.02967697262506478,1.9844674545084815,2.791717336259254,2.8484873065225824,98.0,2.820102321390918,0.028384985131664243,0.14231880469644362,1.9844674545084815,880384436069367.0,1114501128429223.5,98.0,997442782249295.2,117058346179928.19,586916069562623.5,1.9844674545084815,8.109605358135092,8.475786476393669,98.0,8.29269591726438,0.1830905591292895,0.917993418196878,1.9844674545084815,2.455569758559438,2.517283189176589,98.0,2.4864264738680135,0.03085671530857535,0.15471175409128773,1.9844674545084815,99.0,0.36363636363636365,0.005173251345958349,0.025695229513080405,98.0,0.015434240429519377,0.010260989083561028,0.0514473301501441,1.9844674545084815,XGBRegressor,"{'mode': 'original', 'type': 'XGBRegressor'}",3,"['lcc_T6W40', 'z_l1_T6W40', 'z_diameter_T6W40']",0.14401882387315562,0.1909169568578078,98.0,0.1674678903654817,0.023449066492326077,0.1175707191303929,1.9844674545084815,3.403945826370552,3.484654254223529,98.0,3.4443000402970405,0.04035421392648847,0.20233103747783043,1.9844674545084815,completed,True,COMPLETE
127,2.810948667082231,2026-06-12 12:58:05.093082,2026-06-12 12:58:07.319844,0 days 00:00:02.226762,,,,,,,,,,,,,,0.013640903515746459,QuantileRegressor,,,,,,2,,,,,,,,True,,,,,,,,,0.0012850839981053954,0.012105811804041796,98.0,0.006695447901073596,0.005410363902968201,0.027126895436850776,1.9844674545084815,2.7807049747527697,2.8411923594116923,98.0,2.810948667082231,0.030243692329461367,0.15163813269482518,1.9844674545084815,799644646766039.2,1013907854393973.2,98.0,906776250580006.2,107131603813966.94,537144611113727.8,1.9844674545084815,8.505291685614479,8.866880510472301,98.0,8.68608609804339,0.1807944124289112,0.906480822636594,1.9844674545084815,2.5001701087192885,2.571795800359923,98.0,2.5359829545396058,0.03581284582031712,0.17956117948569547,1.9844674545084815,99.0,0.41414141414141414,-0.006761939781869396,0.013818746630353762,98.0,0.0035284034242421833,0.01029034320611158,0.05159450808999256,1.9844674545084815,QuantileRegressor,"{'mode': 'original', 'type': 'QuantileRegressor'}",2,"['density_T6W40', 'z_l1_T6W40']",0.13003814606314648,0.17996589996841786,94.0,0.15500202301578217,0.02496387695263569,0.12254590883989346,1.985523441866604,3.4229220461636167,3.5086438679634373,98.0,3.465782957063527,0.04286091089991012,0.21489930606556337,1.9844674545084815,completed,True,COMPLETE
128,2.7773989024765884,2026-06-12 12:58:07.332683,2026-06-12 12:58:07.544889,0 days 00:00:00.212206,,,,,,,,,,,,,,0.012261745079455332,QuantileRegressor,,,,,,3,,,,,,,,True,,,,,,,,,,,,,,,,,,,,,,,,,,,,,,,,,,,,,,,,,,,,,,,,,,,,,QuantileRegressor,"{'mode': 'original', 'type': 'QuantileRegressor'}",3,"['density_T6W40', 'z_l1_T6W40', 'z_asp_T6W40']",,,,,,,,,,,,,,,pruned,True,PRUNED
129,2.819164656740421,2026-06-12 12:58:07.555343,2026-06-12 12:58:07.751999,0 days 00:00:00.196656,,,,,,,,,,,,,,0.029265057761470807,QuantileRegressor,,,,,,2,,,,,,,,True,,,,,,,,,,,,,,,,,,,,,,,,,,,,,,,,,,,,,,,,,,,,,,,,,,,,,QuantileRegressor,"{'mode': 'original', 'type': 'QuantileRegressor'}",2,"['density_T6W40', 'z_l1_T6W40']",,,,,,,,,,,,,,,pruned,True,PRUNED
130,2.818276912741531,2026-06-12 12:58:07.761757,2026-06-12 12:58:10.034322,0 days 00:00:02.272565,,,,,,,,,,,,,,0.007158160049405068,QuantileRegressor,,,,,,2,,,,,,,,True,,,,,,,,,-0.001849236893513735,0.010125883056715527,98.0,0.0041383230816008955,0.0059875599751146305,0.030020885152974533,1.9844674545084815,2.786792020695293,2.8497618047877684,98.0,2.818276912741531,0.03148489204623755,0.15786135455884148,1.9844674545084815,783521228983059.1,994312266680693.4,98.0,888916747831876.2,105395518848817.14,528440095823495.5,1.9844674545084815,8.54177554801773,8.911118985937419,98.0,8.726447266977575,0.18467171895984513,0.9259211580239347,1.9844674545084815,2.54582371564805,2.6300178058190444,98.0,2.5879207607335473,0.042097045085497366,0.21106937734967945,1.9844674545084815,99.0,0.43434343434343436,-0.012217003112947543,0.009680473374011822,98.0,-0.0012682648694678602,0.010948738243479682,0.05489561937476725,1.9844674545084815,QuantileRegressor,"{'mode': 'original', 'type': 'QuantileRegressor'}",2,"['density_T6W40', 'z_density_T6W40']",0.12514690151085073,0.17604734448387938,91.0,0.15059712299736505,0.025450221486514338,0.12289204415063842,1.9863771544186177,3.4301395140571813,3.518229837572316,98.0,3.4741846758147488,0.04404516175756752,0.22083699339359114,1.9844674545084815,completed,True,COMPLETE
131,2.803921568627451,2026-06-12 12:58:10.047319,2026-06-12 12:58:10.239433,0 days 00:00:00.192114,,,,,,,,,,,,,,6.408151186632345,QuantileRegressor,,,,,,2,,,,,,,,True,,,,,,,,,,,,,,,,,,,,,,,,,,,,,,,,,,,,,,,,,,,,,,,,,,,,,QuantileRegressor,"{'mode': 'original', 'type': 'QuantileRegressor'}",2,"['z_diameter_T6W40', 'z_asp_T6W40']",,,,,,,,,,,,,,,pruned,True,PRUNED
132,2.8195868897163767,2026-06-12 12:58:10.249290,2026-06-12 12:58:12.569721,0 days 00:00:02.320431,,,,,,,,,,,,,,0.014873101186897768,QuantileRegressor,,,,,,3,,,,,,,,True,,,,,,,,,-0.0025511022407604163,0.009725454626623754,98.0,0.003587176192931669,0.006138278433692085,0.03077656886289854,1.9844674545084815,2.7886665501241263,2.850507229308627,98.0,2.8195868897163767,0.03092033959225036,0.15503075838036148,1.9844674545084815,807917533708719.6,1023936543267211.1,98.0,915927038487965.4,108009504779245.7,541546297971789.6,1.9844674545084815,8.503670106473283,8.869251695059532,98.0,8.686460900766408,0.18279079429312528,0.9164904343843084,1.9844674545084815,2.489013222980873,2.557709258643915,98.0,2.523361240812394,0.03434801783152113,0.17221671312489456,1.9844674545084815,99.0,0.4444444444444444,-0.009836097336692984,0.011713032574746929,98.0,0.0009384676190269717,0.010774564955719957,0.05402233605229821,1.9844674545084815,QuantileRegressor,"{'mode': 'original', 'type': 'QuantileRegressor'}",3,"['density_T6W40', 'z_l1_T6W40', 'z_asp_T6W40']",0.12954987873500376,0.17936221363125351,96.0,0.15445604618312864,0.02490616744812487,0.12357644348139205,1.984984311522457,3.4271913145881414,3.5128876393257342,98.0,3.470039476956938,0.04284816236879661,0.21483538650734293,1.9844674545084815,completed,True,COMPLETE
133,2.790743464801573,2026-06-12 12:58:12.582622,2026-06-12 12:58:12.809887,0 days 00:00:00.227265,,,,,,,,,,,,,,0.02482405019424437,QuantileRegressor,,,,,,2,,,,,,,,True,,,,,,,,,,,,,,,,,,,,,,,,,,,,,,,,,,,,,,,,,,,,,,,,,,,,,QuantileRegressor,"{'mode': 'original', 'type': 'QuantileRegressor'}",2,"['density_T6W40', 'z_l1_T6W40']",,,,,,,,,,,,,,,pruned,True,PRUNED
134,2.8218756228056474,2026-06-12 12:58:12.819840,2026-06-12 12:58:15.015068,0 days 00:00:02.195228,,,,,,,,,,,,,,0.0035377069399341555,QuantileRegressor,,,,,,2,,,,,,,,True,,,,,,,,,-0.003980251971569487,0.009414518333087126,98.0,0.0027171331807588194,0.006697385152328306,0.03357986079787629,1.9844674545084815,2.7906071368731813,2.8531441087381135,98.0,2.8218756228056474,0.031268485932466034,0.15677632107025216,1.9844674545084815,803372490764442.6,1017679504218405.4,98.0,910525997491424.0,107153506726981.38,537254429610553.7,1.9844674545084815,8.479253669242764,8.83995228633779,98.0,8.659602977790277,0.18034930854751202,0.9042491268272552,1.9844674545084815,2.4508061461755815,2.526885333873708,98.0,2.4888457400246446,0.038039593849063,0.19072581868988353,1.9844674545084815,99.0,0.40404040404040403,-0.01135954330629608,0.013437088103548536,98.0,0.0010387723986262285,0.012398315704922308,0.06216362147765664,1.9844674545084815,QuantileRegressor,"{'mode': 'original', 'type': 'QuantileRegressor'}",2,"['lcc_T6W40', 'z_l1_T6W40']",0.13296736595437866,0.1832377093797686,98.0,0.15810253766707363,0.025135171712694974,0.12602464216196244,1.9844674545084815,3.426214564041821,3.5119955542731125,98.0,3.469105059157467,0.04289049511564549,0.21504763766418175,1.9844674545084815,completed,True,COMPLETE
135,2.9132483033979972,2026-06-12 12:58:15.028022,2026-06-12 12:58:15.321578,0 days 00:00:00.293556,,,,,,,,,,,euclidean,20.0,distance,,KNeighborsRegressor,,,,,,3,12.0,5.0,12.0,20.0,,,ExtraTrees,,,,,,,,,,,,,,,,,,,,,,,,,,,,,,,,,,,,,,,,,,,,,,,,,,,,,,KNeighborsRegressor,"{'mode': 'proxy', 'type': 'ExtraTrees'}",3,"['nodes_T6W40', 'lcc_T6W40', 'atd_T6W40']",,,,,,,,,,,,,,,pruned,True,PRUNED
136,2.800253731341406,2026-06-12 12:58:15.331334,2026-06-12 12:58:17.172833,0 days 00:00:01.841499,,,,,,10.0,log2,4.0,7.0,264.0,,,,,ExtraTreesRegressor,,,,,,2,,,,,,,,True,,,,,,,,,,,,,,,,,,,,,,,,,,,,,,,,,,,,,,,,,,,,,,,,,,,,,ExtraTreesRegressor,"{'mode': 'original', 'type': 'ExtraTreesRegressor'}",2,"['lcc_T6W40', 'atd_T6W40']",,,,,,,,,,,,,,,pruned,True,PRUNED
137,2.791153210625647,2026-06-12 12:58:17.182685,2026-06-12 12:58:17.383710,0 days 00:00:00.201025,,,,,,,,,,,,,,0.010480274138066029,QuantileRegressor,,,,,,4,,,,,,,,False,,,,,,,,,,,,,,,,,,,,,,,,,,,,,,,,,,,,,,,,,,,,,,,,,,,,,QuantileRegressor,"{'mode': 'original', 'type': 'QuantileRegressor'}",4,"['l3_T6W40', 'lcc_T6W40', 'diameter_T6W40', 'z_l1_T6W40']",,,,,,,,,,,,,,,pruned,False,PRUNED
138,2.8345855624347656,2026-06-12 12:58:17.393435,2026-06-12 12:58:21.489049,0 days 00:00:04.095614,,,,,,,,,,,,,,,RandomForestRegressor,12.0,,3.0,2.0,310.0,3,,,,,,,,True,,,,,,,,,,,,,,,,,,,,,,,,,,,,,,,,,,,,,,,,,,,,,,,,,,,,,RandomForestRegressor,"{'mode': 'original', 'type': 'RandomForestRegressor'}",3,"['l1_T6W40', 'density_T6W40', 'z_lsc_T6W40']",,,,,,,,,,,,,,,pruned,True,PRUNED
139,2.8184040300802033,2026-06-12 12:58:21.499450,2026-06-12 12:58:23.781762,0 days 00:00:02.282312,,,,,,,,,,,,,,0.007847412200289871,QuantileRegressor,,,,,,2,,,,,,,,True,,,,,,,,,-0.0018966508640462145,0.01009625397724309,98.0,0.004099801556598438,0.005996452420644652,0.030065470775013453,1.9844674545084815,2.786834998712107,2.8499730614482996,98.0,2.8184040300802033,0.03156903136809639,0.15828321871199763,1.9844674545084815,783906499312666.6,994781415886269.6,98.0,889343957599468.1,105437458286801.5,528650374978333.44,1.9844674545084815,8.540025075142573,8.909329423386364,98.0,8.724677249264468,0.18465217412189547,0.9258231626238287,1.9844674545084815,2.5467850993861765,2.6312441868002168,98.0,2.5890146430931966,0.04222954370702022,0.21173370905010455,1.9844674545084815,99.0,0.43434343434343436,-0.01207881270785592,0.009864887149124256,98.0,-0.001106962779365832,0.010971849928490087,0.05501149850487581,1.9844674545084815,QuantileRegressor,"{'mode': 'original', 'type': 'QuantileRegressor'}",2,"['density_T6W40', 'z_density_T6W40']",0.12541425465239892,0.17619047033379193,91.0,0.15080236249309542,0.025388107840696502,0.12259211462317843,1.9863771544186177,3.4298246992546404,3.5179832288301003,98.0,3.4739039640423703,0.04407926478772992,0.221007981768844,1.9844674545084815,completed,True,COMPLETE
140,2.810783887868507,2026-06-12 12:58:23.794964,2026-06-12 12:58:25.976081,0 days 00:00:02.181117,,,,,,,,,,,,,,0.015292652027180179,QuantileRegressor,,,,,,2,,,,,,,,True,,,,,,,,,0.001398709094156939,0.01210975195920065,98.0,0.006754230526678794,0.005355521432521855,0.02685192207314035,1.9844674545084815,2.7806141094527064,2.8409536662843076,98.0,2.810783887868507,0.030169778415800482,0.1512675374736595,1.9844674545084815,800125108630155.5,1014713692487800.0,98.0,907419400558977.8,107294291928822.22,537960309199780.06,1.9844674545084815,8.504049708825255,8.86508598305623,98.0,8.684567845940743,0.1805181371154881,0.9050956123857825,1.9844674545084815,2.502610630210421,2.5745293369969136,98.0,2.5385699836036673,0.03595935339324613,0.18029575033579512,1.9844674545084815,99.0,0.41414141414141414,-0.006474139473045283,0.013947722880610965,98.0,0.0037367917037828416,0.010210931176828125,0.0511963459971214,1.9844674545084815,QuantileRegressor,"{'mode': 'original', 'type': 'QuantileRegressor'}",2,"['density_T6W40', 'z_l1_T6W40']",0.12957351597417158,0.1797847337584573,94.0,0.15467912486631444,0.02510560889214285,0.12324166092085027,1.985523441866604,3.4226148817486783,3.5082696870729078,98.0,3.465442284410793,0.04282740266211474,0.21473129990567275,1.9844674545084815,completed,True,COMPLETE
141,2.810770298325139,2026-06-12 12:58:25.989176,2026-06-12 12:58:28.185983,0 days 00:00:02.196807,,,,,,,,,,,,,,0.015031205677581774,QuantileRegressor,,,,,,2,,,,,,,,True,,,,,,,,,0.0014081949461190232,0.012108882183764462,98.0,0.006758538564941742,0.005350343618822719,0.026825961155662898,1.9844674545084815,2.7806140325009494,2.8409265641493286,98.0,2.810770298325139,0.030156265824189777,0.15119978701060777,1.9844674545084815,800020221005581.6,1014642288475136.6,98.0,907331254740359.1,107311033734777.47,538044250544154.9,1.9844674545084815,8.504605367432552,8.865620488510976,98.0,8.685112927971764,0.18050756053921105,0.9050425827404771,1.9844674545084815,2.5017058095144895,2.5736105020268063,98.0,2.537658155770648,0.03595234625615846,0.18026061741710464,1.9844674545084815,99.0,0.41414141414141414,-0.006486788634802181,0.013928793774680447,98.0,0.0037210025699391325,0.010207791204741313,0.0511806025654408,1.9844674545084815,QuantileRegressor,"{'mode': 'original', 'type': 'QuantileRegressor'}",2,"['density_T6W40', 'z_l1_T6W40']",0.12952372692028918,0.1797358962100244,94.0,0.1546298115651568,0.025106084644867598,0.12324399635737512,1.985523441866604,3.422644119849931,3.5082979531434857,98.0,3.4654710364967083,0.0428269166467773,0.21472886308488293,1.9844674545084815,completed,True,COMPLETE
142,2.8109506114487792,2026-06-12 12:58:28.198633,2026-06-12 12:58:30.460486,0 days 00:00:02.261853,,,,,,,,,,,,,,0.013994789790693796,QuantileRegressor,,,,,,2,,,,,,,,True,,,,,,,,,0.0012843147976457003,0.012105297723301791,98.0,0.006694806260473746,0.005410491462828046,0.027127535006210988,1.9844674545084815,2.7807062162409233,2.841195006656635,98.0,2.8109506114487792,0.030244395207855913,0.15164165684016098,1.9844674545084815,799699125050588.0,1013945943576239.0,98.0,906822534313413.5,107123409262825.55,537103524647835.44,1.9844674545084815,8.505877422877711,8.867378048897939,98.0,8.686627735887825,0.18075031301011427,0.9062597136051157,1.9844674545084815,2.5005740282520272,2.5722636205747267,98.0,2.536418824413377,0.035844796161349515,0.17972137454390252,1.9844674545084815,99.0,0.41414141414141414,-0.006770993784707359,0.013816237988905957,98.0,0.0035226221020992986,0.010293615886806658,0.051610916906221146,1.9844674545084815,QuantileRegressor,"{'mode': 'original', 'type': 'QuantileRegressor'}",2,"['density_T6W40', 'z_l1_T6W40']",0.12995001103952994,0.17988747698011173,94.0,0.15491874400982084,0.0249687329702909,0.12256974668759754,1.985523441866604,3.4229244714331726,3.50866360560087,98.0,3.4657940385170214,0.04286956708384863,0.21494270710120408,1.9844674545084815,completed,True,COMPLETE
143,2.8080272845910934,2026-06-12 12:58:30.472921,2026-06-12 12:58:32.772308,0 days 00:00:02.299387,,,,,,,,,,,,,,0.011138116941902153,QuantileRegressor,,,,,,2,,,,,,,,True,,,,,,,,,0.001996844907893703,0.01343468658204022,98.0,0.007715765744966962,0.0057189208370732585,0.028673961741058362,1.9844674545084815,2.7774441995272445,2.8386103696549423,98.0,2.8080272845910934,0.030583085063848887,0.15333980588776996,1.9844674545084815,798782312029946.0,1012642737908941.5,98.0,905712524969443.8,106930212939497.77,536134862177863.4,1.9844674545084815,8.501012997516867,8.86317223146716,98.0,8.682092614492014,0.18107961697514663,0.9079108029563279,1.9844674545084815,2.4889327941798296,2.55800373718753,98.0,2.5234682656836798,0.0345354715038503,0.1731565826530306,1.9844674545084815,99.0,0.3939393939393939,-0.006091013071368015,0.014850891359739028,98.0,0.004379939144185507,0.010470952215553522,0.05250005932498377,1.9844674545084815,QuantileRegressor,"{'mode': 'original', 'type': 'QuantileRegressor'}",2,"['density_T6W40', 'z_l1_T6W40']",0.1328430541714732,0.18228493109988084,96.0,0.15756399263567702,0.02472093846420381,0.12265739645778584,1.984984311522457,3.4213597414093933,3.507076641169742,98.0,3.4642181912895675,0.04285844988017443,0.21488696681699612,1.9844674545084815,completed,True,COMPLETE
144,2.778177550454989,2026-06-12 12:58:32.791536,2026-06-12 12:58:33.001437,0 days 00:00:00.209901,,,,,,,,,,,,,,0.010832087946983787,QuantileRegressor,,,,,,3,,,,,,,,True,,,,,,,,,,,,,,,,,,,,,,,,,,,,,,,,,,,,,,,,,,,,,,,,,,,,,QuantileRegressor,"{'mode': 'original', 'type': 'QuantileRegressor'}",3,"['density_T6W40', 'z_l1_T6W40', 'z_asp_T6W40']",,,,,,,,,,,,,,,pruned,True,PRUNED
145,2.7962138814162483,2026-06-12 12:58:33.010935,2026-06-12 12:58:33.210974,0 days 00:00:00.200039,,,,,,,,,,,,,,0.02331697788424744,QuantileRegressor,,,,,,2,,,,,,,,True,,,,,,,,,,,,,,,,,,,,,,,,,,,,,,,,,,,,,,,,,,,,,,,,,,,,,QuantileRegressor,"{'mode': 'original', 'type': 'QuantileRegressor'}",2,"['density_T6W40', 'z_l1_T6W40']",,,,,,,,,,,,,,,pruned,True,PRUNED
