number,value,datetime_start,datetime_complete,duration,params_dt_max_depth,params_dt_min_samples_leaf,params_dt_min_samples_split,params_elastic_alpha,params_elastic_l1_ratio,params_et_max_depth,params_et_max_features,params_et_min_samples_leaf,params_et_min_samples_split,params_et_n_estimators,params_knn_metric,params_knn_n_neighbors,params_knn_weights,params_quantile_alpha,params_regressor,params_rf_max_depth,params_rf_max_features,params_rf_min_samples_leaf,params_rf_min_samples_split,params_rf_n_estimators,params_rfe_n_features,params_rfe_proxy_et_max_depth,params_rfe_proxy_et_min_samples_leaf,params_rfe_proxy_et_min_samples_split,params_rfe_proxy_et_n_estimators,params_rfe_proxy_lsvr_C,params_rfe_proxy_lsvr_epsilon,params_rfe_proxy_type,params_use_scaler,params_xgb_booster,params_xgb_colsample_bytree,params_xgb_learning_rate,params_xgb_max_depth,params_xgb_n_estimators,params_xgb_reg_alpha,params_xgb_reg_lambda,params_xgb_subsample,user_attrs_d2mae_ci_lower_val,user_attrs_d2mae_ci_upper_val,user_attrs_d2mae_df_val,user_attrs_d2mae_mean_val,user_attrs_d2mae_samperror_val,user_attrs_d2mae_std_val,user_attrs_d2mae_t_critical_val,user_attrs_mae_ci_lower_val,user_attrs_mae_ci_upper_val,user_attrs_mae_df_val,user_attrs_mae_mean_val,user_attrs_mae_samperror_val,user_attrs_mae_std_val,user_attrs_mae_t_critical_val,user_attrs_mape_ci_lower_val,user_attrs_mape_ci_upper_val,user_attrs_mape_df_val,user_attrs_mape_mean_val,user_attrs_mape_samperror_val,user_attrs_mape_std_val,user_attrs_mape_t_critical_val,user_attrs_max_error_ci_lower_val,user_attrs_max_error_ci_upper_val,user_attrs_max_error_df_val,user_attrs_max_error_mean_val,user_attrs_max_error_samperror_val,user_attrs_max_error_std_val,user_attrs_max_error_t_critical_val,user_attrs_median_ae_ci_lower_val,user_attrs_median_ae_ci_upper_val,user_attrs_median_ae_df_val,user_attrs_median_ae_mean_val,user_attrs_median_ae_samperror_val,user_attrs_median_ae_std_val,user_attrs_median_ae_t_critical_val,user_attrs_n_splits_val,user_attrs_r2_below_zero_val,user_attrs_r2_ci_lower_val,user_attrs_r2_ci_upper_val,user_attrs_r2_df_val,user_attrs_r2_mean_val,user_attrs_r2_samperror_val,user_attrs_r2_std_val,user_attrs_r2_t_critical_val,user_attrs_regressor_final,user_attrs_rfe_estimator,user_attrs_rfe_n_features,user_attrs_rfe_selected_features,user_attrs_rho_ci_lower_val,user_attrs_rho_ci_upper_val,user_attrs_rho_df_val,user_attrs_rho_mean_val,user_attrs_rho_samperror_val,user_attrs_rho_std_val,user_attrs_rho_t_critical_val,user_attrs_rmse_ci_lower_val,user_attrs_rmse_ci_upper_val,user_attrs_rmse_df_val,user_attrs_rmse_mean_val,user_attrs_rmse_samperror_val,user_attrs_rmse_std_val,user_attrs_rmse_t_critical_val,user_attrs_termination_reason,user_attrs_use_scaler_final,state
207,2.809465514254951,2026-06-12 13:00:01.525138,2026-06-12 13:00:03.855417,0 days 00:00:02.330279,,,,,,,,,,,,,,0.011677083356893325,QuantileRegressor,,,,,,2,,,,,,,,True,,,,,,,,,0.0015720932379432676,0.012881820232437153,98.0,0.0072269567351902105,0.005654863497246943,0.028352786162003877,1.9844674545084815,2.7787744845527453,2.8401565439571566,98.0,2.809465514254951,0.03069102970220547,0.15388102695352143,1.9844674545084815,799029330093398.9,1013160491639759.9,98.0,906094910866579.4,107065580773180.47,536813579753183.75,1.9844674545084815,8.502722828192598,8.86518045176854,98.0,8.683951639980569,0.181228811787971,0.9086588472948957,1.9844674545084815,2.491243746277618,2.563117288832841,98.0,2.5271805175552293,0.03593677127761147,0.18018252640103755,1.9844674545084815,99.0,0.40404040404040403,-0.0068093387577787086,0.01401902776191239,98.0,0.0036048445020668415,0.01041418325984555,0.052215426802445966,1.9844674545084815,QuantileRegressor,"{'mode': 'original', 'type': 'QuantileRegressor'}",2,"['density_T6W40', 'z_l1_T6W40']",0.1306717224362966,0.1801065526709823,95.0,0.15538913755363945,0.024717415117342843,0.12198972259152414,1.9852510035054978,3.4226947037122164,3.508525602888775,98.0,3.4656101533004957,0.042915449588279135,0.2151727563035109,1.9844674545084815,completed,True,COMPLETE
208,2.8366248356420045,2026-06-12 13:00:03.895701,2026-06-12 13:00:06.692536,0 days 00:00:02.796835,,,,,,,,,,,,,,,XGBRegressor,,,,,,3,,,,,,,,True,gblinear,0.8920165640176675,0.28902128361538876,8.0,386.0,2.816440921378227e-06,0.18168859814774213,0.8415027970499708,-0.0072367190206218835,0.0021240046348698113,98.0,-0.0025563571928760363,0.004680361827745848,0.02346675532088245,1.9844674545084815,2.809208782975451,2.864040888308558,98.0,2.8366248356420045,0.02741605266655326,0.13746069715731563,1.9844674545084815,868169893564030.2,1099917357320305.2,98.0,984043625442167.8,115873731878137.56,580976559970663.9,1.9844674545084815,8.109865050095276,8.452256861387102,98.0,8.28106095574119,0.1711959056459133,0.8583550968033575,1.9844674545084815,2.5228375677777186,2.5829702953228924,98.0,2.5529039315503055,0.03006636377258698,0.15074902924326988,1.9844674545084815,99.0,0.29292929292929293,0.0018788509058413495,0.018163040176062885,98.0,0.010020945540952118,0.008142094635110769,0.04082345545785215,1.9844674545084815,XGBRegressor,"{'mode': 'original', 'type': 'XGBRegressor'}",3,"['lcc_T6W40', 'z_l1_T6W40', 'z_density_T6W40']",0.11618063313870447,0.16319661768855515,98.0,0.1396886254136298,0.023507992274925345,0.1178661657161998,1.9844674545084815,3.41497057065956,3.4936175481024225,98.0,3.454294059380991,0.03932348872143152,0.19716310878335444,1.9844674545084815,completed,True,COMPLETE
209,2.8080310577212075,2026-06-12 13:00:06.716988,2026-06-12 13:00:09.097018,0 days 00:00:02.380030,,,,,,,,,,,,,,0.011476157297363211,QuantileRegressor,,,,,,2,,,,,,,,True,,,,,,,,,0.002001007983855267,0.013430019778830512,98.0,0.0077155138813428895,0.005714505897487622,0.02865182578003107,1.9844674545084815,2.7774437769286275,2.8386183385137875,98.0,2.8080310577212075,0.03058728079257991,0.15336084275268497,1.9844674545084815,798893138173414.0,1012806566280596.2,98.0,905849852227005.1,106956714053591.11,536267735486177.44,1.9844674545084815,8.501096647552208,8.863193236766575,98.0,8.682144942159391,0.18104829460718444,0.9077537564774248,1.9844674545084815,2.4876374207747163,2.557149288923179,98.0,2.5223933548489477,0.03475593407423131,0.17426195471334324,1.9844674545084815,99.0,0.3939393939393939,-0.006122287347645038,0.014812884539499735,98.0,0.004345298595927348,0.010467585943572387,0.0524831812536226,1.9844674545084815,QuantileRegressor,"{'mode': 'original', 'type': 'QuantileRegressor'}",2,"['density_T6W40', 'z_l1_T6W40']",0.13236967259415627,0.1817529922791492,96.0,0.15706133243665274,0.02469165984249646,0.12251212529359859,1.984984311522457,3.4214088944608165,3.507161967445867,98.0,3.4642854309533417,0.04287653649252526,0.21497765085430806,1.9844674545084815,completed,True,COMPLETE
210,2.8184732748812746,2026-06-12 13:00:09.135043,2026-06-12 13:00:11.515404,0 days 00:00:02.380361,,,,,,,,,,,,,,0.006715038841289222,QuantileRegressor,,,,,,2,,,,,,,,True,,,,,,,,,-0.0019381207742029385,0.010086671280307737,98.0,0.0040742752530524,0.006012396027255338,0.030145410046598698,1.9844674545084815,2.78689108371918,2.8500554660433695,98.0,2.8184732748812746,0.031582191162094694,0.15834920029145602,1.9844674545084815,783237642473770.8,994060955293253.5,98.0,888649298883512.1,105411656409741.42,528521007558020.25,1.9844674545084815,8.54126195868753,8.911366787491916,98.0,8.726314373089723,0.1850524144021929,0.9278299178861295,1.9844674545084815,2.5457308586107903,2.63112951513604,98.0,2.588430186873415,0.04269932826262505,0.2140891507073188,1.9844674545084815,99.0,0.43434343434343436,-0.01241944050573968,0.009625563854934821,98.0,-0.001396938325402429,0.01102250218033725,0.05526546263079074,1.9844674545084815,QuantileRegressor,"{'mode': 'original', 'type': 'QuantileRegressor'}",2,"['density_T6W40', 'z_density_T6W40']",0.114119374797,0.17252479413730987,92.0,0.14332208446715494,0.029202709670154935,0.1417968247049635,1.98608631695113,3.430247589649034,3.5185714491137796,98.0,3.474409519381407,0.044161929732372915,0.221422453576996,1.9844674545084815,completed,True,COMPLETE
211,2.8080310577212075,2026-06-12 13:00:11.529939,2026-06-12 13:00:14.003554,0 days 00:00:02.473615,,,,,,,,,,,,,,0.011563323280773075,QuantileRegressor,,,,,,2,,,,,,,,True,,,,,,,,,0.002001007983855267,0.013430019778830512,98.0,0.0077155138813428895,0.005714505897487622,0.02865182578003107,1.9844674545084815,2.7774437769286275,2.8386183385137875,98.0,2.8080310577212075,0.03058728079257991,0.15336084275268497,1.9844674545084815,798893138173414.0,1012806566280596.2,98.0,905849852227005.1,106956714053591.11,536267735486177.44,1.9844674545084815,8.501096647552208,8.863193236766575,98.0,8.682144942159391,0.18104829460718444,0.9077537564774248,1.9844674545084815,2.4876374207747163,2.557149288923179,98.0,2.5223933548489477,0.03475593407423132,0.17426195471334327,1.9844674545084815,99.0,0.3939393939393939,-0.006122287347645038,0.014812884539499735,98.0,0.004345298595927348,0.010467585943572387,0.0524831812536226,1.9844674545084815,QuantileRegressor,"{'mode': 'original', 'type': 'QuantileRegressor'}",2,"['density_T6W40', 'z_l1_T6W40']",0.13236967259415627,0.1817529922791492,96.0,0.15706133243665274,0.02469165984249646,0.12251212529359859,1.984984311522457,3.4214088944608165,3.507161967445867,98.0,3.4642854309533417,0.04287653649252526,0.21497765085430806,1.9844674545084815,completed,True,COMPLETE
212,2.8094595572811314,2026-06-12 13:00:14.021083,2026-06-12 13:00:16.322290,0 days 00:00:02.301207,,,,,,,,,,,,,,0.011584981120335477,QuantileRegressor,,,,,,2,,,,,,,,True,,,,,,,,,0.0015721909174446378,0.012887457144493353,98.0,0.007229824030968996,0.005657633113524358,0.028366672675463056,1.9844674545084815,2.778756662574307,2.840162451987956,98.0,2.8094595572811314,0.030702894706824364,0.15394051661917552,1.9844674545084815,799012021686015.0,1013148930932947.0,98.0,906080476309481.0,107068454623466.02,536827988883067.75,1.9844674545084815,8.50189377976992,8.864610299751925,98.0,8.683252039760923,0.18135825999100275,0.9093078845742926,1.9844674545084815,2.490406777220517,2.562446265114238,98.0,2.5264265211673775,0.03601974394686038,0.1805985411023032,1.9844674545084815,99.0,0.40404040404040403,-0.006781207845427389,0.014067900975441614,98.0,0.003643346565007113,0.010424554410434501,0.052267426468758975,1.9844674545084815,QuantileRegressor,"{'mode': 'original', 'type': 'QuantileRegressor'}",2,"['density_T6W40', 'z_l1_T6W40']",0.1306390654383839,0.1800757808668512,95.0,0.15535742315261755,0.024718357714233648,0.1219943746610338,1.9852510035054978,3.422614979681556,3.5084690701014742,98.0,3.465542024891515,0.04292704520995911,0.21523089531642745,1.9844674545084815,completed,True,COMPLETE
213,2.8080307190048064,2026-06-12 13:00:16.356795,2026-06-12 13:00:18.720627,0 days 00:00:02.363832,,,,,,,,,,,,,,0.011031938713939071,QuantileRegressor,,,,,,2,,,,,,,,True,,,,,,,,,0.001995920136910804,0.013433355699195572,98.0,0.007714637918053188,0.005718717781142384,0.02867294364373562,1.9844674545084815,2.777447020685625,2.8386144173239876,98.0,2.8080307190048064,0.030583698319181098,0.1533428806741561,1.9844674545084815,798881742542195.1,1012746272283829.9,98.0,905814007413012.5,106932264870817.33,536145150307709.7,1.9844674545084815,8.500752171104693,8.862878479604888,98.0,8.68181532535479,0.18106315425009686,0.9078282608890954,1.9844674545084815,2.489064341337852,2.557989924914497,98.0,2.5235271331261746,0.034462791788322615,0.17279217554865492,1.9844674545084815,99.0,0.3939393939393939,-0.0060535520262545725,0.014890683286919702,98.0,0.004418565630332564,0.010472117656587137,0.05250590270218052,1.9844674545084815,QuantileRegressor,"{'mode': 'original', 'type': 'QuantileRegressor'}",2,"['density_T6W40', 'z_l1_T6W40']",0.13288593215966965,0.18232450748538842,96.0,0.15760521982252904,0.02471928766285937,0.12264920570907009,1.984984311522457,3.421302969240248,3.5069890521222735,98.0,3.4641460106812607,0.04284304144101276,0.21480971080880887,1.9844674545084815,completed,True,COMPLETE
214,2.8081403138606613,2026-06-12 13:00:18.733723,2026-06-12 13:00:21.078410,0 days 00:00:02.344687,,,,,,,,,,,,,,0.01075343734813129,QuantileRegressor,,,,,,2,,,,,,,,True,,,,,,,,,0.0019507395387567015,0.013401850665941871,98.0,0.007676295102349286,0.005725555563592584,0.0287072274392202,1.9844674545084815,2.77754208292631,2.8387385447950124,98.0,2.8081403138606613,0.03059823093435106,0.15341574540917388,1.9844674545084815,798553284160996.6,1012327511857041.4,98.0,905440398009019.0,106887113848022.39,535918768663851.5,1.9844674545084815,8.501867038806974,8.86403989508674,98.0,8.682953466946858,0.18108642813988315,0.9079449532938881,1.9844674545084815,2.488551322428567,2.557757308440761,98.0,2.523154315434664,0.03460299300609691,0.1734951271140008,1.9844674545084815,99.0,0.40404040404040403,-0.0061885687542778,0.014752457556085943,98.0,0.004281944400904071,0.010470513155181872,0.05249785793058483,1.9844674545084815,QuantileRegressor,"{'mode': 'original', 'type': 'QuantileRegressor'}",2,"['density_T6W40', 'z_l1_T6W40']",0.13270269115497751,0.18207831160257815,96.0,0.15739050137877783,0.024687810223800323,0.12249302471587147,1.984984311522457,3.421546564178656,3.507216646649592,98.0,3.464381605414124,0.04283504123546809,0.2147695987677011,1.9844674545084815,completed,True,COMPLETE
215,2.819556977279715,2026-06-12 13:00:21.091280,2026-06-12 13:00:23.389541,0 days 00:00:02.298261,,,,,,,,,,,,,,0.00844249223788021,QuantileRegressor,,,,,,3,,,,,,,,True,,,,,,,,,-0.003393360275819018,0.01054752598326022,98.0,0.0035770828537206012,0.006970443129539619,0.034948939722853144,1.9844674545084815,2.7875789266471567,2.851535027912273,98.0,2.819556977279715,0.03197805063255822,0.16033399071508353,1.9844674545084815,776360997872379.6,986133486455153.4,98.0,881247242163766.5,104886244291386.83,525886656181389.1,1.9844674545084815,8.538246262242286,8.90109576094962,98.0,8.719671011595953,0.18142474935366706,0.9096412540150558,1.9844674545084815,2.509275174472624,2.607212908813606,98.0,2.558244041643115,0.04896886717049082,0.2455238433529721,1.9844674545084815,99.0,0.42424242424242425,-0.014441928139188404,0.01018953736971473,98.0,-0.002126195384736837,0.012315732754451567,0.06174956077814298,1.9844674545084815,QuantileRegressor,"{'mode': 'original', 'type': 'QuantileRegressor'}",3,"['density_T6W40', 'z_density_T6W40', 'z_asp_T6W40']",0.13541304387810635,0.1844437698451474,93.0,0.15992840686162688,0.024515362983520535,0.1196923383531225,1.9858018143458227,3.431264946731657,3.5185679356597914,98.0,3.4749164411957243,0.04365149446406732,0.21886319427412165,1.9844674545084815,completed,True,COMPLETE
216,2.80827961719795,2026-06-12 13:00:23.402422,2026-06-12 13:00:25.978102,0 days 00:00:02.575680,,,,,,,,,,,,,,0.010635102104354545,QuantileRegressor,,,,,,2,,,,,,,,True,,,,,,,,,0.001897362410673101,0.01335543696066768,98.0,0.007626399685670391,0.00572903727499729,0.02872468430957321,1.9844674545084815,2.7776825223712365,2.838876712024663,98.0,2.80827961719795,0.030597094826713307,0.15341004910599595,1.9844674545084815,798522722161757.5,1012299154445571.2,98.0,905410938303664.4,106888216141906.88,535924295429052.7,1.9844674545084815,8.501018678213754,8.864159764766768,98.0,8.682589221490261,0.18157054327650723,0.9103722467118769,1.9844674545084815,2.4886656576814157,2.5576669351194297,98.0,2.5231662964004227,0.03450063871900699,0.17298193537806628,1.9844674545084815,99.0,0.40404040404040403,-0.006290756939154965,0.014653697517220779,98.0,0.004181470289032907,0.010472227228187872,0.05250645208063441,1.9844674545084815,QuantileRegressor,"{'mode': 'original', 'type': 'QuantileRegressor'}",2,"['density_T6W40', 'z_l1_T6W40']",0.13256324758886096,0.18197663150277604,96.0,0.1572699395458185,0.024706691956957554,0.12258670984166191,1.984984311522457,3.4217146366792655,3.5073987480699618,98.0,3.4645566923746136,0.04284205569534798,0.21480476840196608,1.9844674545084815,completed,True,COMPLETE
217,2.8083499259971987,2026-06-12 13:00:25.991157,2026-06-12 13:00:28.365010,0 days 00:00:02.373853,,,,,,,,,,,,,,0.010314538674523999,QuantileRegressor,,,,,,2,,,,,,,,True,,,,,,,,,0.0018637409504810654,0.01333467495984477,98.0,0.007599207955162918,0.005735467004681852,0.02875692217896027,1.9844674545084815,2.7777663524699867,2.8389334995244107,98.0,2.8083499259971987,0.030583573527212096,0.15334225498265824,1.9844674545084815,798272561244979.2,1011922586372480.2,98.0,905097573808729.8,106825012563750.48,535607400505415.0,1.9844674545084815,8.502627352722927,8.866611960561409,98.0,8.684619656642168,0.18199230391924107,0.9124869024097205,1.9844674545084815,2.4883340413630313,2.5570231482550563,98.0,2.5226785948090438,0.034344553446012345,0.17219934312444077,1.9844674545084815,99.0,0.40404040404040403,-0.0063563005133847154,0.014609699624483597,98.0,0.004126699555549441,0.010483000068934156,0.05256046577171386,1.9844674545084815,QuantileRegressor,"{'mode': 'original', 'type': 'QuantileRegressor'}",2,"['density_T6W40', 'z_l1_T6W40']",0.13218511773868963,0.18151361898834156,96.0,0.1568493683635156,0.024664250624825978,0.12237612951482692,1.984984311522457,3.4218054823071644,3.507486250582652,98.0,3.4646458664449082,0.04284038413774402,0.2147963874188839,1.9844674545084815,completed,True,COMPLETE
218,2.814408521079936,2026-06-12 13:00:28.378767,2026-06-12 13:00:30.794322,0 days 00:00:02.415555,,,,,,,,,,,,,,0.0053090265464097244,QuantileRegressor,,,,,,3,,,,,,,,True,,,,,,,,,-0.0026167496768079723,0.013361243187526739,98.0,0.005372246755359383,0.007988996432167356,0.04005584000401229,1.9844674545084815,2.7808785537912293,2.8479384883686425,98.0,2.814408521079936,0.03352996728870651,0.16811510888255946,1.9844674545084815,768121412123971.5,975228316767446.2,98.0,871674864445708.9,103553452321737.31,519204202089914.44,1.9844674545084815,8.549733816370866,8.91283249724635,98.0,8.731283156808608,0.181549340437742,0.910265938300749,1.9844674545084815,2.483604730072299,2.5807988840364144,98.0,2.532201807054357,0.04859707698205749,0.24365973333247137,1.9844674545084815,99.0,0.4444444444444444,-0.012966025519611336,0.014623508473170656,98.0,0.0008287414767796605,0.013794766996390996,0.06916525553512623,1.9844674545084815,QuantileRegressor,"{'mode': 'original', 'type': 'QuantileRegressor'}",3,"['density_T6W40', 'z_density_T6W40', 'z_asp_T6W40']",0.15080969116859783,0.20369652753481698,97.0,0.1772531093517074,0.026443418183109576,0.13189571535975073,1.9847231860139845,3.4248064289027376,3.513663655003943,98.0,3.46923504195334,0.044428613050602424,0.22275957075027808,1.9844674545084815,completed,True,COMPLETE
219,2.9425596334124497,2026-06-12 13:00:30.807401,2026-06-12 13:00:31.142270,0 days 00:00:00.334869,,,,,,,,,,,manhattan,15.0,distance,,KNeighborsRegressor,,,,,,2,2.0,5.0,8.0,50.0,,,ExtraTrees,,,,,,,,,,,,,,,,,,,,,,,,,,,,,,,,,,,,,,,,,,,,,,,,,,,,,,KNeighborsRegressor,"{'mode': 'proxy', 'type': 'ExtraTrees'}",2,"['atd_T6W40', 'asp_T6W40']",,,,,,,,,,,,,,,pruned,True,PRUNED
220,2.8186458912729297,2026-06-12 13:00:31.152333,2026-06-12 13:00:33.528490,0 days 00:00:02.376157,,,,,,,,,,,,,,0.008340588470704777,QuantileRegressor,,,,,,2,,,,,,,,True,,,,,,,,,-0.0019466701710664693,0.009966647016053244,98.0,0.004009988422493387,0.005956658593559857,0.02986594944784928,1.9844674545084815,2.787184347713706,2.8501074348321533,98.0,2.8186458912729297,0.03146154355922372,0.15774428813277624,1.9844674545084815,784724212352497.2,995544753848599.2,98.0,890134483100548.2,105410270748051.06,528514060021688.2,1.9844674545084815,8.538869135087936,8.908289460238471,98.0,8.723579297663203,0.1847101625752675,0.9261139095568223,1.9844674545084815,2.5471074689746254,2.6314458456876557,98.0,2.5892766573311405,0.042169188356515196,0.21143109478763208,1.9844674545084815,99.0,0.4444444444444444,-0.012041347016589795,0.009805037080347767,98.0,-0.001118154968121013,0.010923192048468781,0.05476753391262488,1.9844674545084815,QuantileRegressor,"{'mode': 'original', 'type': 'QuantileRegressor'}",2,"['density_T6W40', 'z_density_T6W40']",0.12483898982363101,0.1753846481922282,91.0,0.1501118190079296,0.025272829184298597,0.12203546604001445,1.9863771544186177,3.4298966086456524,3.517971284414762,98.0,3.4739339465302073,0.044037337884554675,0.2207977654619886,1.9844674545084815,completed,True,COMPLETE
221,2.8083499259971987,2026-06-12 13:00:33.576280,2026-06-12 13:00:36.012225,0 days 00:00:02.435945,,,,,,,,,,,,,,0.010306343974454896,QuantileRegressor,,,,,,2,,,,,,,,True,,,,,,,,,0.0018637409504810654,0.01333467495984477,98.0,0.007599207955162918,0.005735467004681852,0.02875692217896027,1.9844674545084815,2.7777663524699867,2.8389334995244107,98.0,2.8083499259971987,0.030583573527212096,0.15334225498265824,1.9844674545084815,798272561244979.2,1011922586372480.2,98.0,905097573808729.8,106825012563750.48,535607400505415.0,1.9844674545084815,8.502627352722927,8.866611960561409,98.0,8.684619656642168,0.18199230391924107,0.9124869024097205,1.9844674545084815,2.4883340413630313,2.5570231482550563,98.0,2.5226785948090438,0.034344553446012345,0.17219934312444077,1.9844674545084815,99.0,0.40404040404040403,-0.0063563005133847154,0.014609699624483597,98.0,0.004126699555549441,0.010483000068934156,0.05256046577171386,1.9844674545084815,QuantileRegressor,"{'mode': 'original', 'type': 'QuantileRegressor'}",2,"['density_T6W40', 'z_l1_T6W40']",0.13218511773868963,0.18151361898834156,96.0,0.1568493683635156,0.024664250624825978,0.12237612951482692,1.984984311522457,3.4218054823071644,3.507486250582652,98.0,3.4646458664449082,0.04284038413774402,0.2147963874188839,1.9844674545084815,completed,True,COMPLETE
