number,value,datetime_start,datetime_complete,duration,params_dt_max_depth,params_dt_min_samples_leaf,params_dt_min_samples_split,params_elastic_alpha,params_elastic_l1_ratio,params_et_max_depth,params_et_max_features,params_et_min_samples_leaf,params_et_min_samples_split,params_et_n_estimators,params_knn_metric,params_knn_n_neighbors,params_knn_weights,params_quantile_alpha,params_regressor,params_rf_max_depth,params_rf_max_features,params_rf_min_samples_leaf,params_rf_min_samples_split,params_rf_n_estimators,params_rfe_n_features,params_rfe_proxy_et_max_depth,params_rfe_proxy_et_min_samples_leaf,params_rfe_proxy_et_min_samples_split,params_rfe_proxy_et_n_estimators,params_rfe_proxy_lsvr_C,params_rfe_proxy_lsvr_epsilon,params_rfe_proxy_type,params_use_scaler,params_xgb_booster,params_xgb_colsample_bytree,params_xgb_learning_rate,params_xgb_max_depth,params_xgb_n_estimators,params_xgb_reg_alpha,params_xgb_reg_lambda,params_xgb_subsample,user_attrs_d2mae_ci_lower_val,user_attrs_d2mae_ci_upper_val,user_attrs_d2mae_df_val,user_attrs_d2mae_mean_val,user_attrs_d2mae_samperror_val,user_attrs_d2mae_std_val,user_attrs_d2mae_t_critical_val,user_attrs_mae_ci_lower_val,user_attrs_mae_ci_upper_val,user_attrs_mae_df_val,user_attrs_mae_mean_val,user_attrs_mae_samperror_val,user_attrs_mae_std_val,user_attrs_mae_t_critical_val,user_attrs_mape_ci_lower_val,user_attrs_mape_ci_upper_val,user_attrs_mape_df_val,user_attrs_mape_mean_val,user_attrs_mape_samperror_val,user_attrs_mape_std_val,user_attrs_mape_t_critical_val,user_attrs_max_error_ci_lower_val,user_attrs_max_error_ci_upper_val,user_attrs_max_error_df_val,user_attrs_max_error_mean_val,user_attrs_max_error_samperror_val,user_attrs_max_error_std_val,user_attrs_max_error_t_critical_val,user_attrs_median_ae_ci_lower_val,user_attrs_median_ae_ci_upper_val,user_attrs_median_ae_df_val,user_attrs_median_ae_mean_val,user_attrs_median_ae_samperror_val,user_attrs_median_ae_std_val,user_attrs_median_ae_t_critical_val,user_attrs_n_splits_val,user_attrs_r2_below_zero_val,user_attrs_r2_ci_lower_val,user_attrs_r2_ci_upper_val,user_attrs_r2_df_val,user_attrs_r2_mean_val,user_attrs_r2_samperror_val,user_attrs_r2_std_val,user_attrs_r2_t_critical_val,user_attrs_regressor_final,user_attrs_rfe_estimator,user_attrs_rfe_n_features,user_attrs_rfe_selected_features,user_attrs_rho_ci_lower_val,user_attrs_rho_ci_upper_val,user_attrs_rho_df_val,user_attrs_rho_mean_val,user_attrs_rho_samperror_val,user_attrs_rho_std_val,user_attrs_rho_t_critical_val,user_attrs_rmse_ci_lower_val,user_attrs_rmse_ci_upper_val,user_attrs_rmse_df_val,user_attrs_rmse_mean_val,user_attrs_rmse_samperror_val,user_attrs_rmse_std_val,user_attrs_rmse_t_critical_val,user_attrs_termination_reason,user_attrs_use_scaler_final,state
25,3.3885367053667714,2026-06-12 12:53:12.610178,2026-06-12 12:53:14.384367,0 days 00:00:01.774189,20.0,5.0,2.0,,,,,,,,,,,,DecisionTreeRegressor,,,,,,2,,,,,,,,True,,,,,,,,,-0.21543722236669696,-0.18165338209132806,98.0,-0.1985453022290125,0.01689192013768446,0.08469399831889522,1.9844674545084815,3.3405736841592457,3.436499726574297,98.0,3.3885367053667714,0.04796302120752553,0.24048065610119246,1.9844674545084815,917283801484996.8,1172721724594048.0,98.0,1045002763039522.4,127718961554525.69,640367076508854.5,1.9844674545084815,9.591846660107489,10.07695244202495,98.0,9.83439955106622,0.24255289095873073,1.2161301954816084,1.9844674545084815,2.871529802438274,3.030265932690795,98.0,2.9508978675645343,0.07936806512626028,0.3979416620246291,1.9844674545084815,99.0,1.0,-0.4848722407939696,-0.41765526876717096,98.0,-0.4512637547805703,0.03360848601339935,0.1685087920567003,1.9844674545084815,DecisionTreeRegressor,"{'mode': 'original', 'type': 'DecisionTreeRegressor'}",2,"['nodes_T6W40', 'atd_T6W40']",-0.08110244520604497,-0.0355292536735103,98.0,-0.058315849439777634,0.022786595766267334,0.11424917284661869,1.9844674545084815,4.119117245402921,4.225204795063973,98.0,4.172161020233447,0.05304377483052526,0.26595492636162754,1.9844674545084815,completed,True,COMPLETE
26,2.8308575955634785,2026-06-12 12:53:14.396846,2026-06-12 12:53:16.889953,0 days 00:00:02.493107,,,,,,,,,,,,,,0.25748163432355603,QuantileRegressor,,,,,,22,,,,,,,,True,,,,,,,,,-0.0008710167252312757,5.380273699555165e-05,98.0,-0.00040860699411786203,0.0004624097311134137,0.002318465199358251,1.9844674545084815,2.805429745831736,2.856285445295221,98.0,2.8308575955634785,0.02542784973174255,0.12749209355003127,1.9844674545084815,813460468866446.8,1032935100287233.8,98.0,923197784576840.2,109737315710393.47,550209328278897.0,1.9844674545084815,8.622879029919044,8.932676525636513,98.0,8.777777777777779,0.154898747858735,0.7766431633476233,1.9844674545084815,2.487116641790159,2.684600529927013,98.0,2.585858585858586,0.09874194406842689,0.49507989481189746,1.9844674545084815,99.0,1.0,-0.026651425313173705,-0.023247098953300478,98.0,-0.02494926213323709,0.0017021631799366132,0.008534435654737752,1.9844674545084815,QuantileRegressor,"{'mode': 'original', 'type': 'QuantileRegressor'}",22,"['nodes_T6W40', 'edges_T6W40', 're_T6W40', 'pe_T6W40', 'l1_T6W40', 'l2_T6W40', 'l3_T6W40', 'lcc_T6W40', 'lsc_T6W40', 'atd_T6W40', 'density_T6W40', 'diameter_T6W40', 'asp_T6W40', 'z_re_T6W40', 'z_pe_T6W40', 'z_l1_T6W40', 'z_l2_T6W40', 'z_l3_T6W40', 'z_lsc_T6W40', 'z_density_T6W40', 'z_diameter_T6W40', 'z_asp_T6W40']",,,,,,,,3.4768582676552087,3.554941969341382,98.0,3.5159001184982954,0.03904185084308663,0.19575101129528585,1.9844674545084815,completed,True,COMPLETE
27,2.8319742204439144,2026-06-12 12:53:16.902872,2026-06-12 12:53:19.270300,0 days 00:00:02.367428,,,,,,,,,,,,,,0.002563759010483631,QuantileRegressor,,,,,,4,,,,,,,,True,,,,,,,,,-0.009778751222510308,0.008028764854776525,98.0,-0.0008749931838668916,0.008903758038643416,0.04464234155798505,1.9844674545084815,2.796962955363732,2.866985485524097,98.0,2.8319742204439144,0.0350112650801828,0.1755421527969568,1.9844674545084815,745566788935401.1,947466191795174.6,98.0,846516490365287.9,100949701429886.72,506149317159145.06,1.9844674545084815,8.618120586538172,8.9537072815206,98.0,8.785913934029386,0.1677933474912143,0.8412950910559277,1.9844674545084815,2.4888956020701936,2.593291927093634,98.0,2.541093764581914,0.05219816251172044,0.2617151307834139,1.9844674545084815,99.0,0.494949494949495,-0.03043435965877652,0.002767994614206822,98.0,-0.013833182522284848,0.01660117713649167,0.08323624887102056,1.9844674545084815,QuantileRegressor,"{'mode': 'original', 'type': 'QuantileRegressor'}",4,"['lcc_T6W40', 'z_density_T6W40', 'z_diameter_T6W40', 'z_asp_T6W40']",0.14662518799272772,0.19848973628922528,98.0,0.1725574621409765,0.02593227414824877,0.13002121518542656,1.9844674545084815,3.446692375895968,3.540635204251723,98.0,3.4936637900738456,0.04697141417787758,0.2355088610999451,1.9844674545084815,completed,True,COMPLETE
28,2.8308575955634785,2026-06-12 12:53:19.283071,2026-06-12 12:53:21.470523,0 days 00:00:02.187452,,,,,,,,,,,,,,0.0913712461587132,QuantileRegressor,,,,,,3,,,,,,,,True,,,,,,,,,-0.0008710167252312757,5.380273699555165e-05,98.0,-0.00040860699411786203,0.0004624097311134137,0.002318465199358251,1.9844674545084815,2.805429745831736,2.856285445295221,98.0,2.8308575955634785,0.02542784973174255,0.12749209355003127,1.9844674545084815,813460468866446.8,1032935100287233.8,98.0,923197784576840.2,109737315710393.47,550209328278897.0,1.9844674545084815,8.622879029919044,8.932676525636513,98.0,8.777777777777779,0.154898747858735,0.7766431633476233,1.9844674545084815,2.487116641790159,2.684600529927013,98.0,2.585858585858586,0.09874194406842689,0.49507989481189746,1.9844674545084815,99.0,1.0,-0.026651425313173705,-0.023247098953300478,98.0,-0.02494926213323709,0.0017021631799366132,0.008534435654737752,1.9844674545084815,QuantileRegressor,"{'mode': 'original', 'type': 'QuantileRegressor'}",3,"['z_density_T6W40', 'z_diameter_T6W40', 'z_asp_T6W40']",,,,,,,,3.4768582676552087,3.554941969341382,98.0,3.5159001184982954,0.03904185084308663,0.19575101129528585,1.9844674545084815,completed,True,COMPLETE
29,2.8308575955634785,2026-06-12 12:53:21.483641,2026-06-12 12:53:23.743537,0 days 00:00:02.259896,,,,,,,,,,,,,,3.2926419683990558,QuantileRegressor,,,,,,6,,,,,,,,True,,,,,,,,,-0.0008710167252312757,5.380273699555165e-05,98.0,-0.00040860699411786203,0.0004624097311134137,0.002318465199358251,1.9844674545084815,2.805429745831736,2.856285445295221,98.0,2.8308575955634785,0.02542784973174255,0.12749209355003127,1.9844674545084815,813460468866446.8,1032935100287233.8,98.0,923197784576840.2,109737315710393.47,550209328278897.0,1.9844674545084815,8.622879029919044,8.932676525636513,98.0,8.777777777777779,0.154898747858735,0.7766431633476233,1.9844674545084815,2.487116641790159,2.684600529927013,98.0,2.585858585858586,0.09874194406842689,0.49507989481189746,1.9844674545084815,99.0,1.0,-0.026651425313173705,-0.023247098953300478,98.0,-0.02494926213323709,0.0017021631799366132,0.008534435654737752,1.9844674545084815,QuantileRegressor,"{'mode': 'original', 'type': 'QuantileRegressor'}",6,"['z_l2_T6W40', 'z_l3_T6W40', 'z_lsc_T6W40', 'z_density_T6W40', 'z_diameter_T6W40', 'z_asp_T6W40']",,,,,,,,3.4768582676552087,3.554941969341382,98.0,3.5159001184982954,0.03904185084308663,0.19575101129528585,1.9844674545084815,completed,True,COMPLETE
30,2.8830353930861103,2026-06-12 12:53:23.755694,2026-06-12 12:53:25.790002,0 days 00:00:02.034308,,,,,,,,,,,,,,,XGBRegressor,,,,,,11,,,,,,,,True,gblinear,0.9877207939898166,0.1487630406578026,10.0,50.0,5.092222138472368,0.0003486811621842339,0.5266320477783109,-0.02125202521314262,-0.0168062003668395,98.0,-0.01902911278999106,0.002222912423151559,0.011145407952139247,1.9844674545084815,2.8587110762049965,2.907359709967224,98.0,2.8830353930861103,0.024324316881113865,0.12195911632576151,1.9844674545084815,903167439361029.2,1147455529434120.0,98.0,1025311484397574.6,122144045036545.42,612415134612773.1,1.9844674545084815,8.071146616027248,8.387843307623319,98.0,8.229494961825283,0.1583483457980361,0.7939390207570037,1.9844674545084815,2.5324618867800806,2.551174425993653,98.0,2.5418181563868667,0.009356269606785955,0.04691117859244656,1.9844674545084815,99.0,1.0,-0.0023597841204371023,-0.0013248245433528983,98.0,-0.0018423043318950003,0.0005174797885421021,0.0025945796560493868,1.9844674545084815,XGBRegressor,"{'mode': 'original', 'type': 'XGBRegressor'}",11,"['diameter_T6W40', 'asp_T6W40', 'z_re_T6W40', 'z_pe_T6W40', 'z_l1_T6W40', 'z_l2_T6W40', 'z_l3_T6W40', 'z_lsc_T6W40', 'z_density_T6W40', 'z_diameter_T6W40', 'z_asp_T6W40']",,,,,,,,3.438656665230957,3.512665858701028,98.0,3.4756612619659926,0.037004596735035505,0.18553647117219382,1.9844674545084815,completed,True,COMPLETE
31,2.856788151051502,2026-06-12 12:53:25.802438,2026-06-12 12:53:28.178359,0 days 00:00:02.375921,,,,,,,,,,,,,,0.007796475961929397,QuantileRegressor,,,,,,7,,,,,,,,True,,,,,,,,,-0.01915139425735537,0.0001049998622393248,98.0,-0.009523197197558021,0.009628197059797346,0.04827458920891217,1.9844674545084815,2.818936897176992,2.8946394049260116,98.0,2.856788151051502,0.037851253874509924,0.18978150535201777,1.9844674545084815,811322282629869.4,1027108451198788.6,98.0,919215366914329.0,107893084284459.66,540962580010224.25,1.9844674545084815,8.728520355439592,9.092297609658964,98.0,8.910408982549278,0.18188862710968595,0.9119670797097197,1.9844674545084815,2.4288740141078935,2.5202629185481755,98.0,2.4745684663280345,0.04569445222014123,0.2291063317829529,1.9844674545084815,99.0,0.6868686868686869,-0.05893252432867313,-0.025477476174375194,98.0,-0.04220500025152416,0.01672752407714897,0.08386973680444702,1.9844674545084815,QuantileRegressor,"{'mode': 'original', 'type': 'QuantileRegressor'}",7,"['l3_T6W40', 'lsc_T6W40', 'density_T6W40', 'z_l1_T6W40', 'z_lsc_T6W40', 'z_density_T6W40', 'z_asp_T6W40']",0.10001073897694472,0.15168101605580447,98.0,0.1258458775163746,0.025835138539429883,0.12953418925687873,1.9844674545084815,3.494224130729958,3.591007696808164,98.0,3.542615913769061,0.04839178303910285,0.24263041489396597,1.9844674545084815,completed,True,COMPLETE
32,2.8161888123195293,2026-06-12 12:53:28.191335,2026-06-12 12:53:30.422172,0 days 00:00:02.230837,,,,,,,,,,,,,,0.006056188603589397,QuantileRegressor,,,,,,3,,,,,,,,True,,,,,,,,,-0.0031420096146618694,0.012600478249542432,98.0,0.004729234317440281,0.00787124393210215,0.03946544353272426,1.9844674545084815,2.782986213329902,2.8493914113091567,98.0,2.8161888123195293,0.03320259898962751,0.16647372472102756,1.9844674545084815,771024539696832.4,978545572485752.9,98.0,874785056091292.6,103760516394460.25,520242395740142.25,1.9844674545084815,8.543900079777334,8.910034369764027,98.0,8.72696722477068,0.18306714499334706,0.9178760226152043,1.9844674545084815,2.486266484062461,2.584195467755018,98.0,2.5352309759087395,0.04896449184627841,0.24550190601852634,1.9844674545084815,99.0,0.43434343434343436,-0.013784935814615002,0.013487928506373207,98.0,-0.00014850365412089734,0.013636432160494105,0.06837138425134262,1.9844674545084815,QuantileRegressor,"{'mode': 'original', 'type': 'QuantileRegressor'}",3,"['density_T6W40', 'z_density_T6W40', 'z_asp_T6W40']",0.145296202890728,0.19798816810777733,95.0,0.17164218549925267,0.026345982608524676,0.13002731452934177,1.9852510035054978,3.4266159600893693,3.51538989805267,98.0,3.4710029290710196,0.04438696898165046,0.22255077253923627,1.9844674545084815,completed,True,COMPLETE
33,2.824621174705593,2026-06-12 12:53:30.439830,2026-06-12 12:53:32.318441,0 days 00:00:01.878611,,,,0.0015982363229020825,0.041994011296772604,,,,,,,,,,ElasticNet,,,,,,3,,,,,,,,True,,,,,,,,,-0.0038090958365949923,0.007033147367066293,98.0,0.0016120257652356505,0.005421121601830643,0.027180833208397433,1.9844674545084815,2.797040874767385,2.852201474643801,98.0,2.824621174705593,0.02758029993820801,0.13828421266271854,1.9844674545084815,870893524988407.4,1101744601994081.9,98.0,986319063491244.6,115425538502837.2,578729373821023.9,1.9844674545084815,8.113870855141473,8.485657166958381,98.0,8.299764011049927,0.185893155908455,0.932045291812693,1.9844674545084815,2.476968776888846,2.544378368653515,98.0,2.5106735727711804,0.033704795882334604,0.16899167782760197,1.9844674545084815,99.0,0.3333333333333333,0.005507222859036313,0.024003164547081964,98.0,0.014755193703059138,0.009247970844022825,0.046368181990720014,1.9844674545084815,ElasticNet,"{'mode': 'original', 'type': 'ElasticNet'}",3,"['l1_T6W40', 'z_l1_T6W40', 'z_asp_T6W40']",0.14110692347733286,0.18581008581978806,98.0,0.16345850464856046,0.022351581171227607,0.11206806347120815,1.9844674545084815,3.406113563337763,3.4852418074481917,98.0,3.4456776853929774,0.0395641220552144,0.19836961455657387,1.9844674545084815,completed,True,COMPLETE
34,2.8328783271725877,2026-06-12 12:53:32.330774,2026-06-12 12:53:34.136048,0 days 00:00:01.805274,,,,0.00010926809154402984,0.01439392029327663,,,,,,,,,,ElasticNet,,,,,,4,,,,,,,,True,,,,,,,,,-0.007811618313734756,0.00517297208847879,98.0,-0.001319323112627983,0.006492295201106773,0.03255156514869026,1.9844674545084815,2.8037178183631455,2.86203883598203,98.0,2.8328783271725877,0.029160508809442275,0.14620718449735592,1.9844674545084815,847410541144564.9,1073263110753124.6,98.0,960336825948844.8,112926284804279.84,566198424892850.4,1.9844674545084815,8.307075092018353,8.62993075858231,98.0,8.468502925300331,0.1614278332819776,0.8093791901197599,1.9844674545084815,2.442399794127962,2.5149762276460037,98.0,2.478688010886983,0.036288216759021,0.18194463057682503,1.9844674545084815,99.0,0.42424242424242425,-0.010960400915921415,0.01075142797537748,98.0,-0.00010448647027196742,0.010855914445649447,0.05443021233321674,1.9844674545084815,ElasticNet,"{'mode': 'original', 'type': 'ElasticNet'}",4,"['lcc_T6W40', 'asp_T6W40', 'z_l1_T6W40', 'z_density_T6W40']",0.11447285151033725,0.1623092571087183,98.0,0.13839105430952778,0.023918202799190533,0.11992291054860058,1.9844674545084815,3.43094587573769,3.511146477803564,98.0,3.471046176770627,0.04010030103293686,0.20105794963439277,1.9844674545084815,completed,True,COMPLETE
35,2.837082165137939,2026-06-12 12:53:34.148340,2026-06-12 12:53:36.025561,0 days 00:00:01.877221,,,,0.03433256771183047,0.4936549732427783,,,,,,,,,,ElasticNet,,,,,,3,,,,,,,,False,,,,,,,,,-0.007935624925362112,0.0025155458057402945,98.0,-0.002710039559810909,0.0052255853655512035,0.026200438704294355,1.9844674545084815,2.8087865042620166,2.8653778260138614,98.0,2.837082165137939,0.02829566087592224,0.14187094392608796,1.9844674545084815,861524602917222.5,1091655504251197.8,98.0,976590053584210.1,115065450666987.66,576923937948990.6,1.9844674545084815,8.13222651856781,8.481555051016231,98.0,8.30689078479202,0.17466426622421072,0.875745027764037,1.9844674545084815,2.4979882490555645,2.5615373833808177,98.0,2.529762816218191,0.031774567162626714,0.1593137497643905,1.9844674545084815,99.0,0.30303030303030304,-0.0014367558450101726,0.017276034306299433,98.0,0.00791963923064463,0.009356395075654802,0.04691180767783654,1.9844674545084815,ElasticNet,"{'mode': 'original', 'type': 'ElasticNet'}",3,"['lcc_T6W40', 'z_l1_T6W40', 'z_density_T6W40']",0.11888828294042958,0.16578941349314708,98.0,0.14233884821678833,0.023450565276358755,0.11757823384815791,1.9844674545084815,3.417610964611527,3.497855096033097,98.0,3.457733030322312,0.04012206571078481,0.20116707503719133,1.9844674545084815,completed,False,COMPLETE
36,2.8351039027223104,2026-06-12 12:53:36.037840,2026-06-12 12:53:37.741059,0 days 00:00:01.703219,,,,0.010007110077009863,0.9664981016783338,,,,,,,,,,ElasticNet,,,,,,3,,,,,,,,True,,,,,,,,,-0.008029746765130913,0.003908149378509359,98.0,-0.002060798693310777,0.005968948071820136,0.02992756737184089,1.9844674545084815,2.8063227969524953,2.8638850084921255,98.0,2.8351039027223104,0.02878110576981511,0.1443049045825533,1.9844674545084815,839396884873626.1,1064718982959692.4,98.0,952057933916659.2,112661049043033.08,564868565591240.9,1.9844674545084815,8.279503305410266,8.604168770512143,98.0,8.441836037961204,0.16233273255093836,0.8139162431332391,1.9844674545084815,2.463607699458582,2.532443882406388,98.0,2.498025790932485,0.03441809147390328,0.1725680537008468,1.9844674545084815,99.0,0.3939393939393939,-0.007411654566682501,0.012470970161311637,98.0,0.002529657797314568,0.00994131236399707,0.04984451061697934,1.9844674545084815,ElasticNet,"{'mode': 'original', 'type': 'ElasticNet'}",3,"['lcc_T6W40', 'asp_T6W40', 'z_density_T6W40']",0.11114293405323059,0.16190059564975331,98.0,0.13652176485149195,0.02537883079826137,0.12724631868038888,1.9844674545084815,3.426737237383335,3.5069889525326237,98.0,3.4668630949579793,0.04012585757464421,0.20118608697359142,1.9844674545084815,completed,True,COMPLETE
37,2.87269514985519,2026-06-12 12:53:37.753989,2026-06-12 12:53:59.893535,0 days 00:00:22.139546,,,,,,3.0,sqrt,1.0,7.0,450.0,,,,,ExtraTreesRegressor,,,,,,8,,,,,,,,False,,,,,,,,,-0.019442897136381816,-0.01112515225987742,98.0,-0.015284024698129617,0.004158872438252198,0.020852072021583398,1.9844674545084815,2.845430414164427,2.8999598855459525,98.0,2.87269514985519,0.02726473569076264,0.1367020125561115,1.9844674545084815,875300837378524.5,1109843938622058.5,98.0,992572388000291.5,117271550621766.94,587985050264135.9,1.9844674545084815,8.175428712461141,8.544288044199604,98.0,8.359858378330372,0.1844296658692308,0.9247075337655627,1.9844674545084815,2.493479751307758,2.5703688388109756,98.0,2.531924295059367,0.03844454375160857,0.1927561874156342,1.9844674545084815,99.0,0.5353535353535354,-0.017490884644623984,-0.00395998314809033,98.0,-0.010725433896357156,0.006765450748266826,0.0339211332773223,1.9844674545084815,ExtraTreesRegressor,"{'mode': 'original', 'type': 'ExtraTreesRegressor'}",8,"['nodes_T6W40', 'lcc_T6W40', 'atd_T6W40', 'density_T6W40', 'diameter_T6W40', 'asp_T6W40', 'z_l1_T6W40', 'z_l2_T6W40']",0.06932056100835388,0.1144053871830033,98.0,0.09186297409567859,0.02254241308732472,0.11302487109576374,1.9844674545084815,3.451218201465617,3.530198142472933,98.0,3.490708171969275,0.039489970503658024,0.19799782784839207,1.9844674545084815,completed,False,COMPLETE
38,2.877342833839085,2026-06-12 12:53:59.910627,2026-06-12 12:54:37.785539,0 days 00:00:37.874912,,,,,,,,,,,,,,,RandomForestRegressor,2.0,sqrt,5.0,3.0,468.0,5,,,,,,,,True,,,,,,,,,-0.022971090669421445,-0.011000718588928867,98.0,-0.016985904629175156,0.005985186040246289,0.03000898253716119,1.9844674545084815,2.8482421747460656,2.9064434929321044,98.0,2.877342833839085,0.02910065909301945,0.14590710542163304,1.9844674545084815,861222789676239.1,1093884200823441.1,98.0,977553495249840.1,116330705573601.03,583267769559621.1,1.9844674545084815,8.259031263099994,8.69214041418014,98.0,8.475585838640066,0.21655457554007362,1.0857778575345685,1.9844674545084815,2.4539338995215827,2.5438116397202153,98.0,2.498872769620899,0.04493887009931634,0.2253179364821625,1.9844674545084815,99.0,0.6262626262626263,-0.035050575032722076,-0.014192910103801002,98.0,-0.02462174256826154,0.010428832464460538,0.05228887610252092,1.9844674545084815,RandomForestRegressor,"{'mode': 'original', 'type': 'RandomForestRegressor'}",5,"['nodes_T6W40', 'atd_T6W40', 'density_T6W40', 'diameter_T6W40', 'z_lsc_T6W40']",0.0498820676383515,0.10119864917664094,98.0,0.07554035840749622,0.02565829076914472,0.12864749640981646,1.9844674545084815,3.472198726012517,3.555724420134283,98.0,3.5139615730734,0.041762847060883054,0.20939374978903777,1.9844674545084815,completed,True,COMPLETE
