number,value,datetime_start,datetime_complete,duration,params_dt_max_depth,params_dt_min_samples_leaf,params_dt_min_samples_split,params_elastic_alpha,params_elastic_l1_ratio,params_et_max_depth,params_et_max_features,params_et_min_samples_leaf,params_et_min_samples_split,params_et_n_estimators,params_knn_metric,params_knn_n_neighbors,params_knn_weights,params_quantile_alpha,params_regressor,params_rf_max_depth,params_rf_max_features,params_rf_min_samples_leaf,params_rf_min_samples_split,params_rf_n_estimators,params_rfe_n_features,params_rfe_proxy_et_max_depth,params_rfe_proxy_et_min_samples_leaf,params_rfe_proxy_et_min_samples_split,params_rfe_proxy_et_n_estimators,params_rfe_proxy_lsvr_C,params_rfe_proxy_lsvr_epsilon,params_rfe_proxy_type,params_use_scaler,params_xgb_booster,params_xgb_colsample_bytree,params_xgb_learning_rate,params_xgb_max_depth,params_xgb_n_estimators,params_xgb_reg_alpha,params_xgb_reg_lambda,params_xgb_subsample,user_attrs_d2mae_ci_lower_val,user_attrs_d2mae_ci_upper_val,user_attrs_d2mae_df_val,user_attrs_d2mae_mean_val,user_attrs_d2mae_samperror_val,user_attrs_d2mae_std_val,user_attrs_d2mae_t_critical_val,user_attrs_mae_ci_lower_val,user_attrs_mae_ci_upper_val,user_attrs_mae_df_val,user_attrs_mae_mean_val,user_attrs_mae_samperror_val,user_attrs_mae_std_val,user_attrs_mae_t_critical_val,user_attrs_mape_ci_lower_val,user_attrs_mape_ci_upper_val,user_attrs_mape_df_val,user_attrs_mape_mean_val,user_attrs_mape_samperror_val,user_attrs_mape_std_val,user_attrs_mape_t_critical_val,user_attrs_max_error_ci_lower_val,user_attrs_max_error_ci_upper_val,user_attrs_max_error_df_val,user_attrs_max_error_mean_val,user_attrs_max_error_samperror_val,user_attrs_max_error_std_val,user_attrs_max_error_t_critical_val,user_attrs_median_ae_ci_lower_val,user_attrs_median_ae_ci_upper_val,user_attrs_median_ae_df_val,user_attrs_median_ae_mean_val,user_attrs_median_ae_samperror_val,user_attrs_median_ae_std_val,user_attrs_median_ae_t_critical_val,user_attrs_n_splits_val,user_attrs_r2_below_zero_val,user_attrs_r2_ci_lower_val,user_attrs_r2_ci_upper_val,user_attrs_r2_df_val,user_attrs_r2_mean_val,user_attrs_r2_samperror_val,user_attrs_r2_std_val,user_attrs_r2_t_critical_val,user_attrs_regressor_final,user_attrs_rfe_estimator,user_attrs_rfe_n_features,user_attrs_rfe_selected_features,user_attrs_rho_ci_lower_val,user_attrs_rho_ci_upper_val,user_attrs_rho_df_val,user_attrs_rho_mean_val,user_attrs_rho_samperror_val,user_attrs_rho_std_val,user_attrs_rho_t_critical_val,user_attrs_rmse_ci_lower_val,user_attrs_rmse_ci_upper_val,user_attrs_rmse_df_val,user_attrs_rmse_mean_val,user_attrs_rmse_samperror_val,user_attrs_rmse_std_val,user_attrs_rmse_t_critical_val,user_attrs_termination_reason,user_attrs_use_scaler_final,state
222,2.817140543673228,2026-06-12 13:00:36.025467,2026-06-12 13:00:38.318111,0 days 00:00:02.292644,,,,,,,,,,,,,,0.009995197340781943,QuantileRegressor,,,,,,2,,,,,,,,True,,,,,,,,,-0.0010238827583650958,0.010084288173085768,98.0,0.004530202707360337,0.0055540854657254324,0.027847497576532602,1.9844674545084815,2.7864332105832843,2.8478478767631716,98.0,2.817140543673228,0.03070733308994373,0.15396277012318135,1.9844674545084815,786826216410020.4,998764833096251.9,98.0,892795524753136.1,105969308343115.72,531317005379627.5,1.9844674545084815,8.526430212048977,8.898867016528238,98.0,8.712648614288607,0.18621840223963038,0.9336760366896085,1.9844674545084815,2.541254123828034,2.6237522251665353,98.0,2.5825031744972846,0.04124905066925046,0.20681763822951732,1.9844674545084815,99.0,0.45454545454545453,-0.010659035548298897,0.010086722619249564,98.0,-0.000286156464524666,0.01037287908377423,0.05200833277226857,1.9844674545084815,QuantileRegressor,"{'mode': 'original', 'type': 'QuantileRegressor'}",2,"['density_T6W40', 'z_density_T6W40']",0.12439025632791259,0.17510031685105612,91.0,0.14974528658948436,0.025355030261571758,0.12243239218947198,1.9863771544186177,3.429003435793793,3.516175704031964,98.0,3.4725895699128784,0.04358613411908551,0.21853548558837776,1.9844674545084815,completed,True,COMPLETE
223,2.8183738093622686,2026-06-12 13:00:38.330664,2026-06-12 13:00:40.655085,0 days 00:00:02.324421,,,,,,,,,,,,,,0.007493788632986086,QuantileRegressor,,,,,,2,,,,,,,,True,,,,,,,,,-0.0018843942901246675,0.010100207918826352,98.0,0.004107906814350842,0.005992301104475509,0.030044656589190602,1.9844674545084815,2.7868391628588385,2.8499084558656986,98.0,2.8183738093622686,0.03153464650343,0.15811081725340004,1.9844674545084815,783767401245665.2,994579283301562.8,98.0,889173342273614.0,105405941027948.72,528492351340609.9,1.9844674545084815,8.540948217512119,8.910869809497681,98.0,8.7259090135049,0.18496079599278162,0.927370554513025,1.9844674545084815,2.546945986236853,2.6311497160794417,98.0,2.5890478511581474,0.04210186492129452,0.21109354341023231,1.9844674545084815,99.0,0.43434343434343436,-0.012127626204795046,0.00976297292365899,98.0,-0.0011823266405680286,0.010945299564227018,0.05487837826230221,1.9844674545084815,QuantileRegressor,"{'mode': 'original', 'type': 'QuantileRegressor'}",2,"['density_T6W40', 'z_density_T6W40']",0.1249917287796691,0.17580410860341797,91.0,0.15039791869154354,0.025406189911874436,0.12267942791790598,1.9863771544186177,3.4299870710183744,3.5180894382236763,98.0,3.4740382546210253,0.044051183602651034,0.22086718618003712,1.9844674545084815,completed,True,COMPLETE
224,2.7773277592640433,2026-06-12 13:00:40.667926,2026-06-12 13:00:40.876981,0 days 00:00:00.209055,,,,,,,,,,,,,,0.011187756873312554,QuantileRegressor,,,,,,3,,,,,,,,True,,,,,,,,,,,,,,,,,,,,,,,,,,,,,,,,,,,,,,,,,,,,,,,,,,,,,QuantileRegressor,"{'mode': 'original', 'type': 'QuantileRegressor'}",3,"['density_T6W40', 'z_l1_T6W40', 'z_asp_T6W40']",,,,,,,,,,,,,,,pruned,True,PRUNED
225,2.8188223250800983,2026-06-12 13:00:40.887691,2026-06-12 13:00:43.088993,0 days 00:00:02.201302,,,,,,,,,,,,,,0.009364784197781396,QuantileRegressor,,,,,,2,,,,,,,,True,,,,,,,,,-0.0019336956104081494,0.009832022212435801,98.0,0.003949163301013825,0.005882858911421975,0.029495926969411397,1.9844674545084815,2.787456106708545,2.850188543451652,98.0,2.8188223250800983,0.03136621837155373,0.15726633943194976,1.9844674545084815,786342914704892.8,998227193658809.2,98.0,892285054181851.0,105942139476958.31,531180784045054.2,1.9844674545084815,8.52990271416181,8.903203390008084,98.0,8.716553052084947,0.18665033792313698,0.9358417087834023,1.9844674545084815,2.546935094331682,2.62977312737547,98.0,2.588354110853576,0.04141901652189407,0.20766982599270437,1.9844674545084815,99.0,0.45454545454545453,-0.011995302719136524,0.009620272711651924,98.0,-0.0011875150037423004,0.010807787715394224,0.05418891086019849,1.9844674545084815,QuantileRegressor,"{'mode': 'original', 'type': 'QuantileRegressor'}",2,"['density_T6W40', 'z_density_T6W40']",0.12363752881628329,0.17447176825369906,91.0,0.14905464853499117,0.025417119718707883,0.1227322049165127,1.9863771544186177,3.430035527183605,3.5182061381323364,98.0,3.4741208326579707,0.044085305474365614,0.2210382690245022,1.9844674545084815,completed,True,COMPLETE
226,2.7977287290696373,2026-06-12 13:00:43.101823,2026-06-12 13:00:44.194034,0 days 00:00:01.092211,,,,,,6.0,,3.0,4.0,141.0,,,,,ExtraTreesRegressor,,,,,,2,,,,,,,,True,,,,,,,,,,,,,,,,,,,,,,,,,,,,,,,,,,,,,,,,,,,,,,,,,,,,,ExtraTreesRegressor,"{'mode': 'original', 'type': 'ExtraTreesRegressor'}",2,"['l1_T6W40', 'lcc_T6W40']",,,,,,,,,,,,,,,pruned,True,PRUNED
227,2.8175870024540823,2026-06-12 13:00:44.204108,2026-06-12 13:00:46.402143,0 days 00:00:02.198035,,,,,,,,,,,,,,0.006506433023526443,QuantileRegressor,,,,,,2,,,,,,,,True,,,,,,,,,-0.0018349797296528083,0.01058983750420606,98.0,0.004377428887276626,0.006212408616929435,0.031148248432971624,1.9844674545084815,2.7857925964796753,2.8493814084284894,98.0,2.8175870024540823,0.031794405974407136,0.15941321911292428,1.9844674545084815,782144903236462.2,992797360868441.8,98.0,887471132052452.0,105326228815989.77,528092684168931.44,1.9844674545084815,8.542186271175373,8.91181736604115,98.0,8.727001818608262,0.1848155474328883,0.9266422961985672,1.9844674545084815,2.5424915640839707,2.626524091657349,98.0,2.58450782787066,0.04201626378668909,0.21066434990876687,1.9844674545084815,99.0,0.42424242424242425,-0.011815187943059913,0.010863904120263591,98.0,-0.00047564191139816035,0.011339546031661752,0.05685508128824517,1.9844674545084815,QuantileRegressor,"{'mode': 'original', 'type': 'QuantileRegressor'}",2,"['density_T6W40', 'z_density_T6W40']",0.12735165551126287,0.18042697977432637,92.0,0.15388931764279462,0.026537662131531758,0.12885640640361823,1.98608631695113,3.4284531181283318,3.516887287851341,98.0,3.4726702029898364,0.044217084861504795,0.22169899457268497,1.9844674545084815,completed,True,COMPLETE
228,2.952030022224013,2026-06-12 13:00:46.414343,2026-06-12 13:00:50.728870,0 days 00:00:04.314527,,,,,,,,,,,,,,,RandomForestRegressor,15.0,log2,2.0,4.0,386.0,3,,,,,,,,True,,,,,,,,,,,,,,,,,,,,,,,,,,,,,,,,,,,,,,,,,,,,,,,,,,,,,RandomForestRegressor,"{'mode': 'original', 'type': 'RandomForestRegressor'}",3,"['diameter_T6W40', 'z_l3_T6W40', 'z_lsc_T6W40']",,,,,,,,,,,,,,,pruned,True,PRUNED
229,2.7756392613215493,2026-06-12 13:00:50.739079,2026-06-12 13:00:50.944216,0 days 00:00:00.205137,,,,,,,,,,,,,,0.011714894399026256,QuantileRegressor,,,,,,2,,,,,,,,False,,,,,,,,,,,,,,,,,,,,,,,,,,,,,,,,,,,,,,,,,,,,,,,,,,,,,QuantileRegressor,"{'mode': 'original', 'type': 'QuantileRegressor'}",2,"['lcc_T6W40', 'z_l1_T6W40']",,,,,,,,,,,,,,,pruned,False,PRUNED
230,2.818364001538874,2026-06-12 13:00:50.954281,2026-06-12 13:00:53.177730,0 days 00:00:02.223449,,,,,,,,,,,,,,0.00865758296638404,QuantileRegressor,,,,,,2,,,,,,,,True,,,,,,,,,-0.00181058463099683,0.01003415975451126,98.0,0.004111787561757215,0.005922372192754045,0.029694041674870286,1.9844674545084815,2.7869320189174007,2.849795984160347,98.0,2.818364001538874,0.03143198262147308,0.15759607324709418,1.9844674545084815,785554280507414.4,996916177283628.9,98.0,891235228895521.6,105680948388107.27,529871204230577.7,1.9844674545084815,8.534993676813887,8.906511145020769,98.0,8.720752410917328,0.18575873410344074,0.931371317508108,1.9844674545084815,2.5475204333823163,2.631329247586649,98.0,2.5894248404844826,0.04190440710216617,0.21010351432739288,1.9844674545084815,99.0,0.4444444444444444,-0.011819033426279974,0.009931042920482918,98.0,-0.0009439952528985281,0.010875038173381446,0.054526096338775795,1.9844674545084815,QuantileRegressor,"{'mode': 'original', 'type': 'QuantileRegressor'}",2,"['density_T6W40', 'z_density_T6W40']",0.12430892877167717,0.1751791900792893,91.0,0.14974405942548324,0.025435130653806075,0.12281917471488768,1.9863771544186177,3.4296146013803286,3.517696435356159,98.0,3.473655518368244,0.044040916987915305,0.2208157106435628,1.9844674545084815,completed,True,COMPLETE
231,2.7745805379918305,2026-06-12 13:00:53.190507,2026-06-12 13:00:53.415224,0 days 00:00:00.224717,,,,,,,,,,,,,,0.012222666810953206,QuantileRegressor,,,,,,2,,,,,,,,True,,,,,,,,,,,,,,,,,,,,,,,,,,,,,,,,,,,,,,,,,,,,,,,,,,,,,QuantileRegressor,"{'mode': 'original', 'type': 'QuantileRegressor'}",2,"['density_T6W40', 'z_l1_T6W40']",,,,,,,,,,,,,,,pruned,True,PRUNED
232,2.8083396157803815,2026-06-12 13:00:53.425433,2026-06-12 13:00:55.653394,0 days 00:00:02.227961,,,,,,,,,,,,,,0.010410471493484336,QuantileRegressor,,,,,,2,,,,,,,,True,,,,,,,,,0.0018674583668661258,0.013338206940608045,98.0,0.007602832653737085,0.005735374286870959,0.02875645730332411,1.9844674545084815,2.7777563779548204,2.8389228536059425,98.0,2.8083396157803815,0.03058323782556114,0.15334057181610108,1.9844674545084815,798280680211625.4,1011929033941540.1,98.0,905104857076582.8,106824176864957.34,535603210415028.4,1.9844674545084815,8.502542851006782,8.866553267491431,98.0,8.684548059249106,0.18200520824232547,0.9125516030896141,1.9844674545084815,2.4882307601393743,2.5569109866737527,98.0,2.5225708734065635,0.03434011326718915,0.17217708061699802,1.9844674545084815,99.0,0.40404040404040403,-0.006351831372988856,0.014614482777195391,98.0,0.004131325702103268,0.010483157075092123,0.05256125298117083,1.9844674545084815,QuantileRegressor,"{'mode': 'original', 'type': 'QuantileRegressor'}",2,"['density_T6W40', 'z_l1_T6W40']",0.13216211376212925,0.1814897267785978,96.0,0.15682592027036352,0.024663806508234274,0.12237392595022759,1.984984311522457,3.4217975262389904,3.5074778076827937,98.0,3.464637666960892,0.042840140721901475,0.2147951669619559,1.9844674545084815,completed,True,COMPLETE
233,2.8171793772845684,2026-06-12 13:00:55.665577,2026-06-12 13:00:57.940276,0 days 00:00:02.274699,,,,,,,,,,,,,,0.009694537784555101,QuantileRegressor,,,,,,2,,,,,,,,True,,,,,,,,,-0.0010475226887334205,0.010075150542230678,98.0,0.004513813926748629,0.00556133661548205,0.027883853944564847,1.9844674545084815,2.786488460186674,2.8478702943824628,98.0,2.8171793772845684,0.030690917097894305,0.15388046236943254,1.9844674545084815,786638935112364.4,998504284425836.9,98.0,892571609769100.6,105932674656736.28,531133328607102.8,1.9844674545084815,8.526456056308499,8.898819726906405,98.0,8.712637891607452,0.18618183529895374,0.9334926945717822,1.9844674545084815,2.542248149860024,2.6246577771815307,98.0,2.5834529635207772,0.0412048136607536,0.20659583934030115,1.9844674545084815,99.0,0.45454545454545453,-0.010654315285927,0.010113756994594858,98.0,-0.0002702791456660708,0.010384036140260929,0.05206427287354932,1.9844674545084815,QuantileRegressor,"{'mode': 'original', 'type': 'QuantileRegressor'}",2,"['density_T6W40', 'z_density_T6W40']",0.12417681095454067,0.17486386152798603,91.0,0.14952033624126335,0.025343525286722676,0.12237683786442004,1.9863771544186177,3.4289805469658674,3.516124750855611,98.0,3.4725526489107392,0.043572101944871926,0.218465130002419,1.9844674545084815,completed,True,COMPLETE
234,2.7745805379918305,2026-06-12 13:00:57.952780,2026-06-12 13:00:58.162349,0 days 00:00:00.209569,,,,,,,,,,,,,,0.01259989202036132,QuantileRegressor,,,,,,2,,,,,,,,True,,,,,,,,,,,,,,,,,,,,,,,,,,,,,,,,,,,,,,,,,,,,,,,,,,,,,QuantileRegressor,"{'mode': 'original', 'type': 'QuantileRegressor'}",2,"['density_T6W40', 'z_l1_T6W40']",,,,,,,,,,,,,,,pruned,True,PRUNED
235,2.819189712153004,2026-06-12 13:00:58.173095,2026-06-12 13:01:00.416368,0 days 00:00:02.243273,,,,,,,,,,,,,,0.007401571596466271,QuantileRegressor,,,,,,3,,,,,,,,True,,,,,,,,,-0.0034470626250711987,0.010913644575812514,98.0,0.0037332909753706577,0.007180353600441856,0.036001404861499574,1.9844674545084815,2.7865978454621474,2.8517815788438603,98.0,2.819189712153004,0.03259186669085625,0.1634115885124841,1.9844674545084815,774386964307993.5,983202125379894.2,98.0,878794544843943.9,104407580535950.34,523486695314429.3,1.9844674545084815,8.53982185640118,8.907454980857946,98.0,8.723638418629562,0.18381656222838322,0.9216335079411445,1.9844674545084815,2.508612600744546,2.606941919771791,98.0,2.5577772602581685,0.049164659513622685,0.246505521945157,1.9844674545084815,99.0,0.43434343434343436,-0.014814496244615035,0.010564005736549064,98.0,-0.0021252452540329856,0.01268925099058205,0.06362233501606619,1.9844674545084815,QuantileRegressor,"{'mode': 'original', 'type': 'QuantileRegressor'}",3,"['density_T6W40', 'z_density_T6W40', 'z_asp_T6W40']",0.13826941753410782,0.188360412140044,93.0,0.16331491483707591,0.025045497302968095,0.12228063436891365,1.9858018143458227,3.4306086284510897,3.519250418894151,98.0,3.4749295236726203,0.04432089522153075,0.2222194868782286,1.9844674545084815,completed,True,COMPLETE
236,2.808267076709464,2026-06-12 13:01:00.454549,2026-06-12 13:01:02.647733,0 days 00:00:02.193184,,,,,,,,,,,,,,0.010526824113418591,QuantileRegressor,,,,,,2,,,,,,,,True,,,,,,,,,0.001900900664298823,0.013358884914660672,98.0,0.007629892789479747,0.005728992125180924,0.028724457933978244,1.9844674545084815,2.777680171747344,2.838853981671584,98.0,2.808267076709464,0.03058690496211998,0.1533589583852429,1.9844674545084815,798298981277430.8,1011963723138005.8,98.0,905131352207718.2,106832370930287.5,535644294445123.25,1.9844674545084815,8.50230342113197,8.86618374704744,98.0,8.684243584089705,0.1819401629577348,0.9122254740777037,1.9844674545084815,2.489176907059685,2.5578869127186503,98.0,2.5235319098891678,0.03435500282948267,0.17225173504074487,1.9844674545084815,99.0,0.40404040404040403,-0.006300677084007797,0.014633693395579142,98.0,0.004166508155785673,0.01046718523979347,0.05248117217443554,1.9844674545084815,QuantileRegressor,"{'mode': 'original', 'type': 'QuantileRegressor'}",2,"['density_T6W40', 'z_l1_T6W40']",0.13221666780364588,0.18154867140178532,96.0,0.1568826696027156,0.024666001799069723,0.12238481828179235,1.984984311522457,3.4217470303351534,3.50741984821796,98.0,3.4645834392765567,0.042836408941403156,0.21477645627609693,1.9844674545084815,completed,True,COMPLETE
237,2.8171724517547805,2026-06-12 13:01:02.661055,2026-06-12 13:01:05.052395,0 days 00:00:02.391340,,,,,,,,,,,,,,0.009767410954211617,QuantileRegressor,,,,,,2,,,,,,,,True,,,,,,,,,-0.0010458451440875432,0.01007839619849464,98.0,0.004516275527203549,0.005562120671291092,0.027887785103416638,1.9844674545084815,2.786480185867517,2.847864717642044,98.0,2.8171724517547805,0.030692265887263398,0.1538872250325062,1.9844674545084815,786668326917653.2,998586433400706.0,98.0,892627380159179.6,105959053241526.38,531265587568645.25,1.9844674545084815,8.526573538521497,8.899001449959282,98.0,8.71278749424039,0.18621395571889288,0.9336537423845919,1.9844674545084815,2.5421269259082906,2.6247826771192133,98.0,2.583454801513752,0.0413278756054613,0.2072128567103361,1.9844674545084815,99.0,0.45454545454545453,-0.010666539350366148,0.010096131110281837,98.0,-0.00028520412004215596,0.010381335230323993,0.052050730845183454,1.9844674545084815,QuantileRegressor,"{'mode': 'original', 'type': 'QuantileRegressor'}",2,"['density_T6W40', 'z_density_T6W40']",0.12429416433330664,0.17500760350231154,91.0,0.1496508839178091,0.025356719584502446,0.12244054946025616,1.9863771544186177,3.429009899732765,3.516147574262719,98.0,3.472578736997742,0.0435688372649768,0.21844876130121177,1.9844674545084815,completed,True,COMPLETE
238,2.8157706057202327,2026-06-12 13:01:05.065454,2026-06-12 13:01:07.376378,0 days 00:00:02.310924,,,,,,,,,,,,,,0.005738872169793639,QuantileRegressor,,,,,,3,,,,,,,,True,,,,,,,,,-0.003041732703882906,0.012822650268346208,98.0,0.00489045878223165,0.007932191486114556,0.03977102703033692,1.9844674545084815,2.782346665615881,2.8491945458245844,98.0,2.8157706057202327,0.03342394010435153,0.1675835016940146,1.9844674545084815,769587466612485.8,976953263566965.8,98.0,873270365089725.8,103682898477240.0,519853229103254.06,1.9844674545084815,8.551747124240144,8.91672765188246,98.0,8.734237388061302,0.18249026382115893,0.9149836117685236,1.9844674545084815,2.4902261635456844,2.5889761056989125,98.0,2.5396011346222984,0.04937497107661408,0.24755999810993004,1.9844674545084815,99.0,0.4444444444444444,-0.013802159752504293,0.013665827776961004,98.0,-6.816598777164388e-05,0.013733993764732649,0.06886054606823602,1.9844674545084815,QuantileRegressor,"{'mode': 'original', 'type': 'QuantileRegressor'}",3,"['density_T6W40', 'z_density_T6W40', 'z_asp_T6W40']",0.14335104018226538,0.197222701622401,96.0,0.1702868709023332,0.026935830720067794,0.13364698400650182,1.984984311522457,3.426273069872397,3.5154910059779203,98.0,3.4708820379251586,0.04460896805276156,0.2236638484241698,1.9844674545084815,completed,True,COMPLETE
239,2.818441207943849,2026-06-12 13:01:07.389334,2026-06-12 13:01:09.758210,0 days 00:00:02.368876,,,,,,,,,,,,,,0.00775295482478063,QuantileRegressor,,,,,,2,,,,,,,,True,,,,,,,,,-0.00190842635535986,0.010081913423783118,98.0,0.004086743534211628,0.005995169889571488,0.030059040322840517,1.9844674545084815,2.786873336596691,2.8500090792910067,98.0,2.818441207943849,0.03156787134715776,0.15827740251048678,1.9844674545084815,783882393943544.1,994751417442259.6,98.0,889316905692901.9,105434511749357.73,528635601404028.5,1.9844674545084815,8.539794322515544,8.909467072667116,98.0,8.72463069759133,0.1848363750757861,0.9267467234240214,1.9844674545084815,2.5461604851350916,2.6305595966332627,98.0,2.588360040884177,0.04219955574908548,0.21158335313803475,1.9844674545084815,99.0,0.43434343434343436,-0.012104914364961163,0.009837810408166347,98.0,-0.0011335519783974082,0.010971362386563755,0.05500905402995806,1.9844674545084815,QuantileRegressor,"{'mode': 'original', 'type': 'QuantileRegressor'}",2,"['density_T6W40', 'z_density_T6W40']",0.12533583438944415,0.17612432264389186,91.0,0.150730078516668,0.02539424412722385,0.12262174504487199,1.9863771544186177,3.4298698009818627,3.5180318255877663,98.0,3.4739508132848145,0.044081012302951805,0.22101674359402776,1.9844674545084815,completed,True,COMPLETE
240,2.785041988043017,2026-06-12 13:01:09.772550,2026-06-12 13:01:09.995851,0 days 00:00:00.223301,,,,,,,,,,,,,,,LinearRegression,,,,,,2,,,,,,,,True,,,,,,,,,,,,,,,,,,,,,,,,,,,,,,,,,,,,,,,,,,,,,,,,,,,,,LinearRegression,"{'mode': 'original', 'type': 'LinearRegression'}",2,"['lcc_T6W40', 'density_T6W40']",,,,,,,,,,,,,,,pruned,True,PRUNED
241,2.7745805379918305,2026-06-12 13:01:10.005689,2026-06-12 13:01:10.215563,0 days 00:00:00.209874,,,,,,,,,,,,,,0.012668450414724605,QuantileRegressor,,,,,,2,,,,,,,,True,,,,,,,,,,,,,,,,,,,,,,,,,,,,,,,,,,,,,,,,,,,,,,,,,,,,,QuantileRegressor,"{'mode': 'original', 'type': 'QuantileRegressor'}",2,"['density_T6W40', 'z_l1_T6W40']",,,,,,,,,,,,,,,pruned,True,PRUNED
