number,value,datetime_start,datetime_complete,duration,params_dt_max_depth,params_dt_min_samples_leaf,params_dt_min_samples_split,params_elastic_alpha,params_elastic_l1_ratio,params_et_max_depth,params_et_max_features,params_et_min_samples_leaf,params_et_min_samples_split,params_et_n_estimators,params_knn_metric,params_knn_n_neighbors,params_knn_weights,params_quantile_alpha,params_regressor,params_rf_max_depth,params_rf_max_features,params_rf_min_samples_leaf,params_rf_min_samples_split,params_rf_n_estimators,params_rfe_n_features,params_rfe_proxy_et_max_depth,params_rfe_proxy_et_min_samples_leaf,params_rfe_proxy_et_min_samples_split,params_rfe_proxy_et_n_estimators,params_rfe_proxy_lsvr_C,params_rfe_proxy_lsvr_epsilon,params_rfe_proxy_type,params_use_scaler,params_xgb_booster,params_xgb_colsample_bytree,params_xgb_learning_rate,params_xgb_max_depth,params_xgb_n_estimators,params_xgb_reg_alpha,params_xgb_reg_lambda,params_xgb_subsample,user_attrs_d2mae_ci_lower_val,user_attrs_d2mae_ci_upper_val,user_attrs_d2mae_df_val,user_attrs_d2mae_mean_val,user_attrs_d2mae_samperror_val,user_attrs_d2mae_std_val,user_attrs_d2mae_t_critical_val,user_attrs_mae_ci_lower_val,user_attrs_mae_ci_upper_val,user_attrs_mae_df_val,user_attrs_mae_mean_val,user_attrs_mae_samperror_val,user_attrs_mae_std_val,user_attrs_mae_t_critical_val,user_attrs_mape_ci_lower_val,user_attrs_mape_ci_upper_val,user_attrs_mape_df_val,user_attrs_mape_mean_val,user_attrs_mape_samperror_val,user_attrs_mape_std_val,user_attrs_mape_t_critical_val,user_attrs_max_error_ci_lower_val,user_attrs_max_error_ci_upper_val,user_attrs_max_error_df_val,user_attrs_max_error_mean_val,user_attrs_max_error_samperror_val,user_attrs_max_error_std_val,user_attrs_max_error_t_critical_val,user_attrs_median_ae_ci_lower_val,user_attrs_median_ae_ci_upper_val,user_attrs_median_ae_df_val,user_attrs_median_ae_mean_val,user_attrs_median_ae_samperror_val,user_attrs_median_ae_std_val,user_attrs_median_ae_t_critical_val,user_attrs_n_splits_val,user_attrs_r2_below_zero_val,user_attrs_r2_ci_lower_val,user_attrs_r2_ci_upper_val,user_attrs_r2_df_val,user_attrs_r2_mean_val,user_attrs_r2_samperror_val,user_attrs_r2_std_val,user_attrs_r2_t_critical_val,user_attrs_regressor_final,user_attrs_rfe_estimator,user_attrs_rfe_n_features,user_attrs_rfe_selected_features,user_attrs_rho_ci_lower_val,user_attrs_rho_ci_upper_val,user_attrs_rho_df_val,user_attrs_rho_mean_val,user_attrs_rho_samperror_val,user_attrs_rho_std_val,user_attrs_rho_t_critical_val,user_attrs_rmse_ci_lower_val,user_attrs_rmse_ci_upper_val,user_attrs_rmse_df_val,user_attrs_rmse_mean_val,user_attrs_rmse_samperror_val,user_attrs_rmse_std_val,user_attrs_rmse_t_critical_val,user_attrs_termination_reason,user_attrs_use_scaler_final,state
53,2.8169219924249815,2026-06-12 12:55:55.887972,2026-06-12 12:55:58.211231,0 days 00:00:02.323259,,,,,,,,,,,,,,0.006146139641899507,QuantileRegressor,,,,,,3,,,,,,,,True,,,,,,,,,-0.0033450484728485596,0.012290134602581788,98.0,0.004472543064866614,0.007817591537715173,0.039196437063182765,1.9844674545084815,2.7838008088485653,2.850043176001398,98.0,2.8169219924249815,0.03312118357641645,0.1660655179089289,1.9844674545084815,771892931612305.2,979812806930530.8,98.0,875852869271418.0,103959937659112.75,521242269295994.06,1.9844674545084815,8.543300520963431,8.908901388532197,98.0,8.726100954747814,0.18280043378438268,0.9165387656012273,1.9844674545084815,2.485229537053825,2.5826762494293094,98.0,2.533952893241567,0.04872335618774241,0.24429288165112406,1.9844674545084815,99.0,0.4444444444444444,-0.014178211054557086,0.013058643481028068,98.0,-0.0005597837867645088,0.013618427267792577,0.06828110994624494,1.9844674545084815,QuantileRegressor,"{'mode': 'original', 'type': 'QuantileRegressor'}",3,"['density_T6W40', 'z_density_T6W40', 'z_asp_T6W40']",0.14165900837359624,0.19523068635061308,96.0,0.16844484736210466,0.02678583898850841,0.1329027729681584,1.984984311522457,3.4273499745225005,3.516093942117754,98.0,3.4717219583201273,0.04437198379762674,0.22247563867996106,1.9844674545084815,completed,True,COMPLETE
54,2.8408200409520568,2026-06-12 12:55:58.223350,2026-06-12 12:56:00.645452,0 days 00:00:02.422102,,,,,,,,,,,,,,0.005396205323753142,QuantileRegressor,,,,,,5,,,,,,,,True,,,,,,,,,-0.012719840723777338,0.004880507878191479,98.0,-0.00391966642279293,0.008800174300984408,0.04412298550895985,1.9844674545084815,2.805169894832117,2.8764701870719964,98.0,2.8408200409520568,0.03565014611993973,0.17874542331126825,1.9844674545084815,774200443774846.0,981443097131590.5,98.0,877821770453218.2,103621326678372.19,519544515719145.1,1.9844674545084815,8.631429159101664,9.017030552607533,98.0,8.824229855854599,0.19280069675293487,0.9666788472582301,1.9844674545084815,2.459909184406954,2.561207912059231,98.0,2.5105585482330923,0.0506493638261384,0.2539496457347157,1.9844674545084815,99.0,0.6060606060606061,-0.03888196581032022,-0.0076209445386373476,98.0,-0.023251455174478783,0.015630510635841435,0.07836944709217031,1.9844674545084815,QuantileRegressor,"{'mode': 'original', 'type': 'QuantileRegressor'}",5,"['l3_T6W40', 'density_T6W40', 'z_lsc_T6W40', 'z_density_T6W40', 'z_asp_T6W40']",0.1214661480193315,0.17266043750057627,97.0,0.1470632927599539,0.02559714474062239,0.12767463318671676,1.9847231860139845,3.463632232232035,3.5572777845214363,98.0,3.5104550083767356,0.04682277614470064,0.23476360838566504,1.9844674545084815,completed,True,COMPLETE
55,2.8270656806999948,2026-06-12 12:56:00.658471,2026-06-12 12:56:03.011137,0 days 00:00:02.352666,,,,,,,,,,,,,,0.005077874724863985,QuantileRegressor,,,,,,4,,,,,,,,True,,,,,,,,,-0.0074005064627749185,0.00912932185144555,98.0,0.0008644076943353157,0.008264914157110234,0.04143925735041167,1.9844674545084815,2.793256666646505,2.8608746947534844,98.0,2.8270656806999948,0.03380901405348957,0.16951421484770696,1.9844674545084815,768211484904758.5,974591029094973.8,98.0,871401256999866.1,103189772095107.6,517380754414828.8,1.9844674545084815,8.585442372925794,8.955004836024283,98.0,8.770223604475039,0.18478123154924425,0.9264702406022837,1.9844674545084815,2.482342522010772,2.576187186736839,98.0,2.5292648543738054,0.046922332363033524,0.23526277095092665,1.9844674545084815,99.0,0.48484848484848486,-0.02185398376439204,0.0062888334254801006,98.0,-0.007782575169455969,0.01407140859493607,0.07055230229423581,1.9844674545084815,QuantileRegressor,"{'mode': 'original', 'type': 'QuantileRegressor'}",4,"['density_T6W40', 'z_lsc_T6W40', 'z_density_T6W40', 'z_asp_T6W40']",0.13751994700996642,0.18750880520121652,98.0,0.16251437610559147,0.024994429095625048,0.1253189760875104,1.9844674545084815,3.4393063297919895,3.5289179516387605,98.0,3.484112140715375,0.04480581092338544,0.22465079423126683,1.9844674545084815,completed,True,COMPLETE
56,2.8358447860727782,2026-06-12 12:56:03.023500,2026-06-12 12:56:05.292777,0 days 00:00:02.269277,,,,,,,,,,,,,,0.0007273558052785405,QuantileRegressor,,,,,,3,,,,,,,,True,,,,,,,,,-0.009690363434456215,0.005280872623485498,98.0,-0.002204745405485358,0.007485618028970856,0.037531962949977356,1.9844674545084815,2.803010779484728,2.8686787926608286,98.0,2.8358447860727782,0.032834006588050565,0.16462564800831145,1.9844674545084815,810547266776872.9,1025997276213126.4,98.0,918272271494999.6,107725004718126.78,540119849853296.75,1.9844674545084815,8.544419269032296,8.897449241207337,98.0,8.720934255119817,0.17651498608751992,0.8850243082551975,1.9844674545084815,2.426950902660552,2.5050504464096135,98.0,2.4660006745350826,0.039049771874530924,0.19579072636724681,1.9844674545084815,99.0,0.47474747474747475,-0.02308188460891699,0.004572969269275548,98.0,-0.00925445766982072,0.013827426939096268,0.06932900844835513,1.9844674545084815,QuantileRegressor,"{'mode': 'original', 'type': 'QuantileRegressor'}",3,"['lcc_T6W40', 'asp_T6W40', 'z_l1_T6W40']",0.12045705175515047,0.16981732872782834,98.0,0.1451371902414894,0.024680138486338946,0.12374316184510595,1.9844674545084815,3.441956424415116,3.5315683683822363,98.0,3.4867623963986762,0.04480597198356018,0.22465160176706248,1.9844674545084815,completed,True,COMPLETE
57,2.8464512640341653,2026-06-12 12:56:05.305722,2026-06-12 12:56:07.751940,0 days 00:00:02.446218,,,,,,,,,,,,,,0.012571447293754931,QuantileRegressor,,,,,,6,,,,,,,,False,,,,,,,,,-0.012264287165765357,0.0004574909421803386,98.0,-0.005903398111792509,0.006360889053972848,0.03189271097973024,1.9844674545084815,2.8150354027104543,2.8778671253578763,98.0,2.8464512640341653,0.03141586132371112,0.1575152430540539,1.9844674545084815,799671108739743.0,1015187936521496.0,98.0,907429522630619.5,107758413890876.48,540287359313301.0,1.9844674545084815,8.565848019018462,8.923189769647601,98.0,8.744518894333032,0.17867087531456952,0.8958336701917434,1.9844674545084815,2.512075063934287,2.596682245910077,98.0,2.554378654922182,0.042303590987894865,0.21210497295798467,1.9844674545084815,99.0,0.5050505050505051,-0.02565022255447623,-0.0019096414025468952,98.0,-0.013779931978511562,0.011870290575964667,0.05951616878904813,1.9844674545084815,QuantileRegressor,"{'mode': 'original', 'type': 'QuantileRegressor'}",6,"['l3_T6W40', 'lcc_T6W40', 'z_l1_T6W40', 'z_density_T6W40', 'z_diameter_T6W40', 'z_asp_T6W40']",0.09419938532142086,0.14255323282918908,93.0,0.11837630907530497,0.02417692375388411,0.11803996295028456,1.9858018143458227,3.451197517672737,3.5396918585517616,98.0,3.4954446881122494,0.04424717043951227,0.22184983993972548,1.9844674545084815,completed,False,COMPLETE
58,2.8368472668847673,2026-06-12 12:56:07.765282,2026-06-12 12:56:10.114890,0 days 00:00:02.349608,,,,,,,,,,,,,,0.001618470155110434,QuantileRegressor,,,,,,5,,,,,,,,True,,,,,,,,,-0.01157563844428523,0.006204086740258401,98.0,-0.002685775852013414,0.008889862592271815,0.04457267150851499,1.9844674545084815,2.8026427531797267,2.871051780589808,98.0,2.8368472668847673,0.034204513705040455,0.1714972011838101,1.9844674545084815,734352798278474.9,929918333153027.9,98.0,832135565715751.4,97782767437276.45,490270701817612.1,1.9844674545084815,8.731606388886465,9.059497461983643,98.0,8.895551925435054,0.16394553654858895,0.8220026429002493,1.9844674545084815,2.4741985307881826,2.5771252527076793,98.0,2.525661891747931,0.051463360959748565,0.25803092668463945,1.9844674545084815,99.0,0.5151515151515151,-0.03903029560246219,-0.005217907130443324,98.0,-0.022124101366452757,0.016906194236009434,0.08476556688242651,1.9844674545084815,QuantileRegressor,"{'mode': 'original', 'type': 'QuantileRegressor'}",5,"['lcc_T6W40', 'asp_T6W40', 'z_density_T6W40', 'z_diameter_T6W40', 'z_asp_T6W40']",0.134921098327426,0.1852596824915419,98.0,0.16009039040948395,0.02516929208205795,0.12619571747382238,1.9844674545084815,3.4616062515463133,3.5530420227363564,98.0,3.507324137141335,0.04571788559502155,0.22922382382628154,1.9844674545084815,completed,True,COMPLETE
59,2.834911728161247,2026-06-12 12:56:10.127954,2026-06-12 12:56:13.396171,0 days 00:00:03.268217,,,,,,,,,,,,,,,RandomForestRegressor,3.0,log2,1.0,12.0,493.0,17,,,,,,,,True,,,,,,,,,,,,,,,,,,,,,,,,,,,,,,,,,,,,,,,,,,,,,,,,,,,,,RandomForestRegressor,"{'mode': 'original', 'type': 'RandomForestRegressor'}",17,"['nodes_T6W40', 're_T6W40', 'pe_T6W40', 'l1_T6W40', 'l2_T6W40', 'l3_T6W40', 'lcc_T6W40', 'lsc_T6W40', 'atd_T6W40', 'density_T6W40', 'diameter_T6W40', 'asp_T6W40', 'z_l1_T6W40', 'z_l2_T6W40', 'z_l3_T6W40', 'z_lsc_T6W40', 'z_density_T6W40']",,,,,,,,,,,,,,,pruned,True,PRUNED
60,2.8236738327151616,2026-06-12 12:56:13.406608,2026-06-12 12:56:15.870029,0 days 00:00:02.463421,,,,,,,,,,,,,,0.0046996708246124595,QuantileRegressor,,,,,,2,,,,,,,,True,,,,,,,,,-0.004495713194909894,0.008854637274081437,98.0,0.0021794620395857714,0.006675175234495665,0.03346850301686334,1.9844674545084815,2.7915724062835032,2.85577525914682,98.0,2.8236738327151616,0.032101426431658545,0.16095258171222446,1.9844674545084815,785896025133404.5,998070269016222.2,98.0,891983147074813.4,106087121941408.84,531907708189873.5,1.9844674545084815,8.573938698016237,8.981212419494332,98.0,8.777575558755284,0.20363686073904702,1.0210100332301322,1.9844674545084815,2.5094433540164265,2.6008816838604276,98.0,2.555162518938427,0.04571916492200062,0.22923023821352298,1.9844674545084815,99.0,0.47474747474747475,-0.019023629601102023,0.005068819329238953,98.0,-0.006977405135931535,0.012046224465170488,0.06039827954941058,1.9844674545084815,QuantileRegressor,"{'mode': 'original', 'type': 'QuantileRegressor'}",2,"['density_T6W40', 'z_asp_T6W40']",0.121634729137651,0.1752697539098062,90.0,0.1484522415237286,0.0268175123860776,0.12876933702740026,1.9866745407037683,3.438976080384152,3.5285317100132785,98.0,3.4837538951987153,0.04477781481456336,0.22451042520428907,1.9844674545084815,completed,True,COMPLETE
61,2.8174870472832545,2026-06-12 12:56:15.882647,2026-06-12 12:56:18.210780,0 days 00:00:02.328133,,,,,,,,,,,,,,0.006415537566825721,QuantileRegressor,,,,,,2,,,,,,,,True,,,,,,,,,-0.001802101017145205,0.010629881780362324,98.0,0.004413890381608559,0.006215991398753764,0.031166212057907892,1.9844674545084815,2.785676572930065,2.849297521636444,98.0,2.8174870472832545,0.03181047435318931,0.15949378397674507,1.9844674545084815,782007424124369.4,992650446785455.6,98.0,887328935454912.5,105321511330543.08,528069031280376.75,1.9844674545084815,8.542409167999624,8.912021654999654,98.0,8.727215411499639,0.1848062435000143,0.9265956474298797,1.9844674545084815,2.5428292182137304,2.626865796859955,98.0,2.5848475075368427,0.042018289323112114,0.2106745056978665,1.9844674545084815,99.0,0.42424242424242425,-0.011795736982929756,0.01088781874387125,98.0,-0.00045395911952925334,0.011341777863400503,0.05686627141654255,1.9844674545084815,QuantileRegressor,"{'mode': 'original', 'type': 'QuantileRegressor'}",2,"['density_T6W40', 'z_density_T6W40']",0.12745700715388697,0.18050739699964413,92.0,0.15398220207676555,0.02652519492287858,0.1287958705622555,1.98608631695113,3.428406612169695,3.516864240302344,98.0,3.4726354262360193,0.04422881406632467,0.22175780335494297,1.9844674545084815,completed,True,COMPLETE
62,2.8161374706202613,2026-06-12 12:56:18.223120,2026-06-12 12:56:20.558772,0 days 00:00:02.335652,,,,,,,,,,,,,,0.006100193671672447,QuantileRegressor,,,,,,3,,,,,,,,True,,,,,,,,,-0.0031228636837749594,0.012617024918307535,98.0,0.004747080617266288,0.007869944301041248,0.03945892734332779,1.9844674545084815,2.782940257578096,2.8493346836624265,98.0,2.8161374706202613,0.03319721304216534,0.16644672024660495,1.9844674545084815,771028157655389.6,978569020271820.1,98.0,874798588963604.9,103770431308215.25,520292107891398.8,1.9844674545084815,8.545261386591145,8.911618997447663,98.0,8.728440192019404,0.18317880542825962,0.9184358742253047,1.9844674545084815,2.4854633055290902,2.5833749716275296,98.0,2.53441913857831,0.048955833049219535,0.2454584918810233,1.9844674545084815,99.0,0.43434343434343436,-0.013824201493713982,0.013456649766760065,98.0,-0.0001837758634769582,0.013640425630237023,0.06839140701470739,1.9844674545084815,QuantileRegressor,"{'mode': 'original', 'type': 'QuantileRegressor'}",3,"['density_T6W40', 'z_density_T6W40', 'z_asp_T6W40']",0.14542116269356126,0.19815880351875592,95.0,0.1717899831061586,0.026368820412597343,0.13014002766581653,1.9852510035054978,3.426664302274481,3.515467760081781,98.0,3.471066031178131,0.044401728903649886,0.2226247769625829,1.9844674545084815,completed,True,COMPLETE
63,2.8283933156314807,2026-06-12 12:56:20.577236,2026-06-12 12:56:22.893438,0 days 00:00:02.316202,,,,,,,,,,,,,,0.004714733611534681,QuantileRegressor,,,,,,4,,,,,,,,True,,,,,,,,,-0.007932948408967222,0.008721551901249335,98.0,0.0003943017461410567,0.008327250155108278,0.041751802334440744,1.9844674545084815,2.794475827302704,2.8623108039602574,98.0,2.8283933156314807,0.033917488328776606,0.17005809144752035,1.9844674545084815,767370752862979.8,973632649772040.2,98.0,870501701317510.0,103130948454530.25,517085819956486.56,1.9844674545084815,8.58989669380988,8.960230327735399,98.0,8.77506351077264,0.1851668169627597,0.9284035181751047,1.9844674545084815,2.473285838817712,2.570261062746275,98.0,2.5217734507819936,0.04848761196428185,0.24311088927235863,1.9844674545084815,99.0,0.48484848484848486,-0.02265620183988394,0.005901378331007618,98.0,-0.008377411754438163,0.01427879008544578,0.07159208743798721,1.9844674545084815,QuantileRegressor,"{'mode': 'original', 'type': 'QuantileRegressor'}",4,"['density_T6W40', 'z_lsc_T6W40', 'z_density_T6W40', 'z_asp_T6W40']",0.13864717834725265,0.18841298520268002,98.0,0.16353008177496633,0.02488290342771367,0.12475980018248539,1.9844674545084815,3.440271450857471,3.5297165812117197,98.0,3.4849940160345954,0.04472256517712448,0.22423341035563793,1.9844674545084815,completed,True,COMPLETE
64,2.811856881881029,2026-06-12 12:56:22.907702,2026-06-12 12:56:25.100920,0 days 00:00:02.193218,,,,,,,,,,,,,,0.01674029124506962,QuantileRegressor,,,,,,2,,,,,,,,True,,,,,,,,,0.001133605376418009,0.01160273089474309,98.0,0.00636816813558055,0.005234562759162541,0.026245450245506324,1.9844674545084815,2.7819303278025127,2.841783435959545,98.0,2.811856881881029,0.029926554078516007,0.15004804072934744,1.9844674545084815,799838057332660.5,1014393209284933.2,98.0,907115633308796.9,107277575976136.38,537876497480500.44,1.9844674545084815,8.502748793777291,8.86381622843763,98.0,8.68328251110746,0.1805337173301689,0.9051737296551768,1.9844674545084815,2.505225056307657,2.57899931205209,98.0,2.5421121841798735,0.03688712787221657,0.18494749682297734,1.9844674545084815,99.0,0.42424242424242425,-0.006686590246613482,0.01313874621903657,98.0,0.003226077986211544,0.009912668232825026,0.04970089248608852,1.9844674545084815,QuantileRegressor,"{'mode': 'original', 'type': 'QuantileRegressor'}",2,"['density_T6W40', 'z_l1_T6W40']",0.1268357618544416,0.17568373748232088,93.0,0.15125974966838124,0.02442398781393965,0.11924621370377911,1.9858018143458227,3.4236704554248734,3.509215547797022,98.0,3.4664430016109478,0.042772546186074276,0.2144562563196457,1.9844674545084815,completed,True,COMPLETE
65,2.8392789460467043,2026-06-12 12:56:25.118930,2026-06-12 12:56:26.875275,0 days 00:00:01.756345,,,,,,,,,,,,,,,LinearRegression,,,,,,2,,,,,,,,True,,,,,,,,,-0.008710319418641959,0.001637077347227153,98.0,-0.0035366210357074025,0.005173698382934556,0.02594028379101702,1.9844674545084815,2.8115745712063984,2.86698332088701,98.0,2.8392789460467043,0.02770437484030602,0.13890630887582237,1.9844674545084815,856890460754784.0,1087638685918674.5,98.0,972264573336729.2,115374112581945.23,578471530614208.4,1.9844674545084815,8.165548354215266,8.547344672937184,98.0,8.356446513576225,0.19089815936095939,0.9571397600873092,1.9844674545084815,2.485560248816619,2.5587188335623776,98.0,2.5221395411894982,0.0365792923728792,0.18340404770346536,1.9844674545084815,99.0,0.35353535353535354,-0.0041788906914875315,0.013951023812198659,98.0,0.004886066560355564,0.009064957251843095,0.045450574475288684,1.9844674545084815,LinearRegression,"{'mode': 'original', 'type': 'LinearRegression'}",2,"['lcc_T6W40', 'density_T6W40']",0.11592143087483422,0.1684551378204366,98.0,0.14218828434763542,0.026266853472801197,0.1316987545367975,1.9844674545084815,3.4230485992706545,3.5030770898536505,98.0,3.4630628445621525,0.04001424529149788,0.20062647679049125,1.9844674545084815,completed,True,COMPLETE
66,2.815501937554629,2026-06-12 12:56:26.888166,2026-06-12 12:56:29.185083,0 days 00:00:02.296917,,,,,,,,,,,,,,0.01839530332001943,QuantileRegressor,,,,,,2,,,,,,,,True,,,,,,,,,6.389929384554346e-05,0.010155025829883223,98.0,0.0051094625618643835,0.00504556326801884,0.025297830173026455,1.9844674545084815,2.7855077780924855,2.845496097016772,98.0,2.815501937554629,0.029994159462143552,0.15038700576118688,1.9844674545084815,801485097378219.0,1016512163585089.2,98.0,908998630481654.1,107513533103435.11,539059557332777.8,1.9844674545084815,8.507546818526212,8.864571742262807,98.0,8.68605928039451,0.17851246186829842,0.8950394047652664,1.9844674545084815,2.5012542998385623,2.5832128771704097,98.0,2.542233588504486,0.0409792886659237,0.2054650849099401,1.9844674545084815,99.0,0.46464646464646464,-0.009103045752758032,0.010364267895073812,98.0,0.0006306110711578902,0.009733656823915922,0.04880335142257216,1.9844674545084815,QuantileRegressor,"{'mode': 'original', 'type': 'QuantileRegressor'}",2,"['density_T6W40', 'z_l1_T6W40']",0.12035926418444506,0.16972759844356536,89.0,0.1450434313140052,0.024684167129560147,0.11785459546154123,1.986978699506281,3.427829770917195,3.514546421045986,98.0,3.4711880959815904,0.04335832506439524,0.21739327916437728,1.9844674545084815,completed,True,COMPLETE
67,3.729340180516652,2026-06-12 12:56:29.218532,2026-06-12 12:56:29.346572,0 days 00:00:00.128040,16.0,5.0,6.0,,,,,,,,,,,,DecisionTreeRegressor,,,,,,13,,,,,,,,True,,,,,,,,,,,,,,,,,,,,,,,,,,,,,,,,,,,,,,,,,,,,,,,,,,,,,DecisionTreeRegressor,"{'mode': 'original', 'type': 'DecisionTreeRegressor'}",13,"['nodes_T6W40', 'l1_T6W40', 'lsc_T6W40', 'atd_T6W40', 'density_T6W40', 'diameter_T6W40', 'z_re_T6W40', 'z_pe_T6W40', 'z_l1_T6W40', 'z_lsc_T6W40', 'z_density_T6W40', 'z_diameter_T6W40', 'z_asp_T6W40']",,,,,,,,,,,,,,,pruned,True,PRUNED
