number,value,datetime_start,datetime_complete,duration,params_dt_max_depth,params_dt_min_samples_leaf,params_dt_min_samples_split,params_elastic_alpha,params_elastic_l1_ratio,params_et_max_depth,params_et_max_features,params_et_min_samples_leaf,params_et_min_samples_split,params_et_n_estimators,params_knn_metric,params_knn_n_neighbors,params_knn_weights,params_quantile_alpha,params_regressor,params_rf_max_depth,params_rf_max_features,params_rf_min_samples_leaf,params_rf_min_samples_split,params_rf_n_estimators,params_rfe_n_features,params_rfe_proxy_et_max_depth,params_rfe_proxy_et_min_samples_leaf,params_rfe_proxy_et_min_samples_split,params_rfe_proxy_et_n_estimators,params_rfe_proxy_lsvr_C,params_rfe_proxy_lsvr_epsilon,params_rfe_proxy_type,params_use_scaler,params_xgb_booster,params_xgb_colsample_bytree,params_xgb_learning_rate,params_xgb_max_depth,params_xgb_n_estimators,params_xgb_reg_alpha,params_xgb_reg_lambda,params_xgb_subsample,user_attrs_d2mae_ci_lower_val,user_attrs_d2mae_ci_upper_val,user_attrs_d2mae_df_val,user_attrs_d2mae_mean_val,user_attrs_d2mae_samperror_val,user_attrs_d2mae_std_val,user_attrs_d2mae_t_critical_val,user_attrs_mae_ci_lower_val,user_attrs_mae_ci_upper_val,user_attrs_mae_df_val,user_attrs_mae_mean_val,user_attrs_mae_samperror_val,user_attrs_mae_std_val,user_attrs_mae_t_critical_val,user_attrs_mape_ci_lower_val,user_attrs_mape_ci_upper_val,user_attrs_mape_df_val,user_attrs_mape_mean_val,user_attrs_mape_samperror_val,user_attrs_mape_std_val,user_attrs_mape_t_critical_val,user_attrs_max_error_ci_lower_val,user_attrs_max_error_ci_upper_val,user_attrs_max_error_df_val,user_attrs_max_error_mean_val,user_attrs_max_error_samperror_val,user_attrs_max_error_std_val,user_attrs_max_error_t_critical_val,user_attrs_median_ae_ci_lower_val,user_attrs_median_ae_ci_upper_val,user_attrs_median_ae_df_val,user_attrs_median_ae_mean_val,user_attrs_median_ae_samperror_val,user_attrs_median_ae_std_val,user_attrs_median_ae_t_critical_val,user_attrs_n_splits_val,user_attrs_r2_below_zero_val,user_attrs_r2_ci_lower_val,user_attrs_r2_ci_upper_val,user_attrs_r2_df_val,user_attrs_r2_mean_val,user_attrs_r2_samperror_val,user_attrs_r2_std_val,user_attrs_r2_t_critical_val,user_attrs_regressor_final,user_attrs_rfe_estimator,user_attrs_rfe_n_features,user_attrs_rfe_selected_features,user_attrs_rho_ci_lower_val,user_attrs_rho_ci_upper_val,user_attrs_rho_df_val,user_attrs_rho_mean_val,user_attrs_rho_samperror_val,user_attrs_rho_std_val,user_attrs_rho_t_critical_val,user_attrs_rmse_ci_lower_val,user_attrs_rmse_ci_upper_val,user_attrs_rmse_df_val,user_attrs_rmse_mean_val,user_attrs_rmse_samperror_val,user_attrs_rmse_std_val,user_attrs_rmse_t_critical_val,user_attrs_termination_reason,user_attrs_use_scaler_final,state
11,2.8308575955634785,2026-06-12 12:52:13.976543,2026-06-12 12:52:16.159097,0 days 00:00:02.182554,,,,,,,,,,,,,,0.04483468634023365,QuantileRegressor,,,,,,2,,,,,,,,True,,,,,,,,,-0.0008710167252312692,5.3802736995558586e-05,98.0,-0.0004086069941178553,0.0004624097311134139,0.002318465199358252,1.9844674545084815,2.805429745831736,2.856285445295221,98.0,2.8308575955634785,0.02542784973174255,0.12749209355003127,1.9844674545084815,813460468866446.8,1032935100287233.8,98.0,923197784576840.2,109737315710393.47,550209328278897.0,1.9844674545084815,8.622879029919044,8.932676525636513,98.0,8.777777777777779,0.15489874785873495,0.776643163347623,1.9844674545084815,2.4871166417901587,2.6846005299270126,98.0,2.5858585858585856,0.09874194406842685,0.49507989481189724,1.9844674545084815,99.0,1.0,-0.026651425313173688,-0.02324709895330046,98.0,-0.024949262133237074,0.0017021631799366123,0.008534435654737747,1.9844674545084815,QuantileRegressor,"{'mode': 'original', 'type': 'QuantileRegressor'}",2,"['z_diameter_T6W40', 'z_asp_T6W40']",,,0.0,0.18776234030123715,,,,3.4768582676552087,3.554941969341382,98.0,3.5159001184982954,0.039041850843086624,0.19575101129528583,1.9844674545084815,completed,True,COMPLETE
12,2.830541668424573,2026-06-12 12:52:16.171629,2026-06-12 12:52:18.326836,0 days 00:00:02.155207,,,,,,,,,,,,,,0.03445970692877745,QuantileRegressor,,,,,,2,,,,,,,,True,,,,,,,,,-0.004026198067451454,0.0034695702059976625,98.0,-0.000278313930726896,0.0037478841367245583,0.0187914275101869,1.9844674545084815,2.8028099578276944,2.858273379021452,98.0,2.830541668424573,0.027731710596878702,0.1390433669782963,1.9844674545084815,808925484067336.6,1025919162722160.9,98.0,917422323394748.8,108496839327412.12,543989733121063.56,1.9844674545084815,8.547918422059022,8.892096188397948,98.0,8.720007305228485,0.17208888316946272,0.8628323756598673,1.9844674545084815,2.4945786061597865,2.6182992915344845,98.0,2.5564389488471355,0.06186034268734875,0.3101601071319525,1.9844674545084815,99.0,0.6464646464646465,-0.018536372562223007,-0.0024638732210873187,98.0,-0.010500122891655164,0.008036249670567845,0.040292761896907406,1.9844674545084815,QuantileRegressor,"{'mode': 'original', 'type': 'QuantileRegressor'}",2,"['density_T6W40', 'z_l1_T6W40']",0.0868935122199156,0.14482346234221033,66.0,0.11585848728106296,0.02896497506114736,0.11874825407756695,1.9965644189523117,3.449022012248153,3.531918081457465,98.0,3.490470046852809,0.04144803460465592,0.20781531907061482,1.9844674545084815,completed,True,COMPLETE
13,2.897744313566247,2026-06-12 12:52:18.360943,2026-06-12 12:52:20.730321,0 days 00:00:02.369378,,,,,,,,,,,,,,0.0004995399923034551,QuantileRegressor,,,,,,6,,,,,,,,True,,,,,,,,,-0.03354941597243365,-0.01482822436741116,98.0,-0.024188820169922402,0.009360595802511243,0.04693286960273422,1.9844674545084815,2.8618548144594422,2.933633812673052,98.0,2.897744313566247,0.0358894991068047,0.179945509583399,1.9844674545084815,808643542891827.0,1027171255675441.5,98.0,917907399283634.2,109263856391807.3,547835461814601.75,1.9844674545084815,8.71216478550559,9.092183123252942,98.0,8.902173954379267,0.19000916887367586,0.952682471737506,1.9844674545084815,2.4630888339593975,2.546956929991481,98.0,2.505022881975439,0.041934048016041704,0.21025213020347344,1.9844674545084815,99.0,0.7373737373737373,-0.09001638134071403,-0.052016965929,98.0,-0.07101667363485702,0.01899970770585702,0.0952621844872124,1.9844674545084815,QuantileRegressor,"{'mode': 'original', 'type': 'QuantileRegressor'}",6,"['l1_T6W40', 'lcc_T6W40', 'lsc_T6W40', 'atd_T6W40', 'asp_T6W40', 'z_l1_T6W40']",0.050405144412070814,0.09950437146246377,98.0,0.07495475793726729,0.024549613525196474,0.12308872583371891,1.9844674545084815,3.5411337094729207,3.6390259479514784,98.0,3.5900798287121996,0.04894611923927902,0.2454097880394194,1.9844674545084815,completed,True,COMPLETE
14,2.865274041706735,2026-06-12 12:52:20.742651,2026-06-12 12:52:22.457575,0 days 00:00:01.714924,,,,,,,,,,,,,,,LinearRegression,,,,,,5,,,,,,,,True,,,,,,,,,-0.018562334525814364,-0.006734212851773202,98.0,-0.012648273688793782,0.00591406083702058,0.029652369565200086,1.9844674545084815,2.8354475783573987,2.895100505056071,98.0,2.865274041706735,0.029826463349335954,0.1495461981928083,1.9844674545084815,859496379198171.0,1088165378624525.8,98.0,973830878911348.4,114334499713177.44,573259040273143.4,1.9844674545084815,8.184518816991686,8.519317820202671,98.0,8.351918318597178,0.16739950160549227,0.8393203964971468,1.9844674545084815,2.5197660895318097,2.5927678146220345,98.0,2.556266952076922,0.036500862545112304,0.18301081024751614,1.9844674545084815,99.0,0.48484848484848486,-0.023016452502005597,-0.0015641308910677304,98.0,-0.012290291696536663,0.010726160805468933,0.0537796436297333,1.9844674545084815,LinearRegression,"{'mode': 'original', 'type': 'LinearRegression'}",5,"['l1_T6W40', 'lcc_T6W40', 'density_T6W40', 'z_l1_T6W40', 'z_density_T6W40']",0.07669031870365756,0.12378111279879425,98.0,0.1002357157512259,0.02354539704756834,0.11805370861987936,1.9844674545084815,3.4512812597667835,3.533658226865223,98.0,3.4924697433160032,0.04118848354921957,0.20651396218083456,1.9844674545084815,completed,True,COMPLETE
15,3.1836130960643247,2026-06-12 12:52:22.469908,2026-06-12 12:52:24.404587,0 days 00:00:01.934679,6.0,2.0,16.0,,,,,,,,,,,,DecisionTreeRegressor,,,,,,2,,,,,,,,True,,,,,,,,,-0.14369776742776721,-0.10753378826424466,98.0,-0.12561577784600594,0.01808198958176128,0.09066085931956697,1.9844674545084815,3.1285895578419547,3.238636634286695,98.0,3.1836130960643247,0.055023538222370216,0.27588121514431363,1.9844674545084815,846020826252027.0,1094693526389629.2,98.0,970357176320828.1,124336350068801.17,623407080892589.4,1.9844674545084815,9.114253621063465,9.558012013055574,98.0,9.33613281705952,0.2218791959960542,1.1124748459332712,1.9844674545084815,2.7217229214771628,2.8859840692743663,98.0,2.8038534953757646,0.08213057389860184,0.41179253933245313,1.9844674545084815,99.0,0.9595959595959596,-0.3151827406313809,-0.24497232543868588,98.0,-0.2800775330350334,0.03510520759634752,0.17601316895386948,1.9844674545084815,DecisionTreeRegressor,"{'mode': 'original', 'type': 'DecisionTreeRegressor'}",2,"['atd_T6W40', 'z_l1_T6W40']",0.002008583544762032,0.05681261944854178,98.0,0.029410601496651905,0.027402017951889873,0.13739032883385577,1.9844674545084815,3.8573745576550524,3.974974275134287,98.0,3.9161744163946697,0.0587998587396171,0.294815219149329,1.9844674545084815,completed,True,COMPLETE
16,2.8308575955634785,2026-06-12 12:52:24.417417,2026-06-12 12:52:26.663413,0 days 00:00:02.245996,,,,,,,,,,,,,,0.7083328371418877,QuantileRegressor,,,,,,5,,,,,,,,True,,,,,,,,,-0.0008710167252312757,5.380273699555165e-05,98.0,-0.00040860699411786203,0.0004624097311134137,0.002318465199358251,1.9844674545084815,2.805429745831736,2.856285445295221,98.0,2.8308575955634785,0.02542784973174255,0.12749209355003127,1.9844674545084815,813460468866446.8,1032935100287233.8,98.0,923197784576840.2,109737315710393.47,550209328278897.0,1.9844674545084815,8.622879029919044,8.932676525636513,98.0,8.777777777777779,0.154898747858735,0.7766431633476233,1.9844674545084815,2.487116641790159,2.684600529927013,98.0,2.585858585858586,0.09874194406842689,0.49507989481189746,1.9844674545084815,99.0,1.0,-0.026651425313173705,-0.023247098953300478,98.0,-0.02494926213323709,0.0017021631799366132,0.008534435654737752,1.9844674545084815,QuantileRegressor,"{'mode': 'original', 'type': 'QuantileRegressor'}",5,"['z_l3_T6W40', 'z_lsc_T6W40', 'z_density_T6W40', 'z_diameter_T6W40', 'z_asp_T6W40']",,,,,,,,3.4768582676552087,3.554941969341382,98.0,3.5159001184982954,0.03904185084308663,0.19575101129528585,1.9844674545084815,completed,True,COMPLETE
17,2.830850747768267,2026-06-12 12:52:26.675512,2026-06-12 12:52:28.963254,0 days 00:00:02.287742,,,,,,,,,,,,,,0.012151308350919331,QuantileRegressor,,,,,,6,,,,,,,,True,,,,,,,,,-0.007191552801132413,0.00638554316431906,98.0,-0.0004030048184066766,0.0067885479827257365,0.03403693995415296,1.9844674545084815,2.798994707867083,2.862706787669451,98.0,2.830850747768267,0.03185603990118383,0.1597222439986841,1.9844674545084815,833117637993051.6,1060082955354348.1,98.0,946600296673699.9,113482658680648.23,568988014694704.6,1.9844674545084815,8.674104223563022,9.092154138408665,98.0,8.883129180985843,0.20902495742282168,1.0480252835840338,1.9844674545084815,2.4648416794095,2.543941212857347,98.0,2.5043914461334236,0.03954976672392372,0.1982976387009997,1.9844674545084815,99.0,0.6060606060606061,-0.03437309599849345,-0.00825855641778871,98.0,-0.02131582620814108,0.01305726979035237,0.06546753576026898,1.9844674545084815,QuantileRegressor,"{'mode': 'original', 'type': 'QuantileRegressor'}",6,"['density_T6W40', 'asp_T6W40', 'z_pe_T6W40', 'z_l1_T6W40', 'z_l3_T6W40', 'z_asp_T6W40']",0.08992974098193093,0.14206148874858512,98.0,0.11599561486525803,0.026065873883327095,0.13069106773302924,1.9844674545084815,3.462581843681214,3.5538012089631774,98.0,3.5081915263221957,0.04560968264098176,0.22868130759764382,1.9844674545084815,completed,True,COMPLETE
18,2.8547548091772823,2026-06-12 12:52:28.976019,2026-06-12 12:52:32.604684,0 days 00:00:03.628665,,,,,,,,,,,,,,,XGBRegressor,,,,,,10,,,,,,,,True,gblinear,0.5028399812670258,0.0011379331481407092,2.0,499.0,7.051665042166708e-08,3.802656836881247,0.991697177875886,-0.011801168387244867,-0.006136024263973057,98.0,-0.008968596325608962,0.002832572061635905,0.014202165974674483,1.9844674545084815,2.829310955958397,2.8801986623961677,98.0,2.8547548091772823,0.02544385321888523,0.1275723330551977,1.9844674545084815,883879169136507.0,1122243563543026.5,98.0,1003061366339766.8,119182197203259.81,597564795908324.2,1.9844674545084815,8.090623252901455,8.424207153364573,98.0,8.257415203133014,0.1667919502315586,0.8362742090523113,1.9844674545084815,2.5198691283122994,2.566196530102907,98.0,2.543032829207603,0.023163700895303965,0.11613993132193394,1.9844674545084815,99.0,0.1717171717171717,0.006071181382119215,0.012815166782270548,98.0,0.009443174082194881,0.0033719927000756666,0.01690675433839008,1.9844674545084815,XGBRegressor,"{'mode': 'original', 'type': 'XGBRegressor'}",10,"['nodes_T6W40', 're_T6W40', 'l3_T6W40', 'lcc_T6W40', 'lsc_T6W40', 'atd_T6W40', 'density_T6W40', 'diameter_T6W40', 'asp_T6W40', 'z_l1_T6W40']",0.12939338855543742,0.1793489669108947,98.0,0.15437117773316605,0.02497778917772863,0.1252355455972607,1.9844674545084815,3.4180399268746138,3.49421032170995,98.0,3.456125124292282,0.03808519741766813,0.19095446934246166,1.9844674545084815,completed,True,COMPLETE
19,2.865274041706735,2026-06-12 12:52:32.617543,2026-06-12 12:52:34.222997,0 days 00:00:01.605454,,,,,,,,,,,,,,,LinearRegression,,,,,,5,,,,,,,,True,,,,,,,,,-0.018562334525814364,-0.006734212851773202,98.0,-0.012648273688793782,0.00591406083702058,0.029652369565200086,1.9844674545084815,2.8354475783573987,2.895100505056071,98.0,2.865274041706735,0.029826463349335954,0.1495461981928083,1.9844674545084815,859496379198171.0,1088165378624525.8,98.0,973830878911348.4,114334499713177.44,573259040273143.4,1.9844674545084815,8.184518816991686,8.519317820202671,98.0,8.351918318597178,0.16739950160549227,0.8393203964971468,1.9844674545084815,2.5197660895318097,2.5927678146220345,98.0,2.556266952076922,0.036500862545112304,0.18301081024751614,1.9844674545084815,99.0,0.48484848484848486,-0.023016452502005597,-0.0015641308910677304,98.0,-0.012290291696536663,0.010726160805468933,0.0537796436297333,1.9844674545084815,LinearRegression,"{'mode': 'original', 'type': 'LinearRegression'}",5,"['l1_T6W40', 'lcc_T6W40', 'density_T6W40', 'z_l1_T6W40', 'z_density_T6W40']",0.07669031870365756,0.12378111279879425,98.0,0.1002357157512259,0.02354539704756834,0.11805370861987936,1.9844674545084815,3.4512812597667835,3.533658226865223,98.0,3.4924697433160032,0.04118848354921957,0.20651396218083456,1.9844674545084815,completed,True,COMPLETE
20,2.906919029299851,2026-06-12 12:52:34.236458,2026-06-12 12:52:40.987491,0 days 00:00:06.751033,,,,,,,,,,,,,,,RandomForestRegressor,20.0,log2,5.0,12.0,62.0,4,,,,,,,,True,,,,,,,,,-0.035660684176625004,-0.019365637760910975,98.0,-0.02751316096876799,0.008147523207857017,0.040850673650177076,1.9844674545084815,2.874704963340099,2.9391330952596024,98.0,2.906919029299851,0.03221406595975146,0.1615173423744336,1.9844674545084815,876298194769187.4,1110517607947774.9,98.0,993407901358481.1,117109706589293.73,587173584302748.2,1.9844674545084815,8.620781805153653,9.098421002364047,98.0,8.85960140375885,0.23881959860519744,1.19741192936758,1.9844674545084815,2.453936715332819,2.556817323478436,98.0,2.5053770194056275,0.05144030407280858,0.25791532230527836,1.9844674545084815,99.0,0.8888888888888888,-0.09014868985158275,-0.06049125568578916,98.0,-0.07531997276868596,0.014828717082896797,0.0743493533863222,1.9844674545084815,RandomForestRegressor,"{'mode': 'original', 'type': 'RandomForestRegressor'}",4,"['nodes_T6W40', 'lcc_T6W40', 'z_l1_T6W40', 'z_lsc_T6W40']",0.03592381623498846,0.07834939182852857,98.0,0.05713660403175851,0.021212787796770053,0.10635829434160474,1.9844674545084815,3.554084419838349,3.6429034487820107,98.0,3.59849393431018,0.04440951447183077,0.2226638128384957,1.9844674545084815,completed,True,COMPLETE
21,2.831993265523642,2026-06-12 12:52:41.008760,2026-06-12 12:52:43.425687,0 days 00:00:02.416927,,,,,,,,,,,,,,0.01279770365384663,QuantileRegressor,,,,,,7,,,,,,,,True,,,,,,,,,-0.008041916593971025,0.006467643102457369,98.0,-0.0007871367457568281,0.007254779848214197,0.03637456886253282,1.9844674545084815,2.7991073996408637,2.86487913140642,98.0,2.831993265523642,0.0328858658827781,0.16488566409793728,1.9844674545084815,814097926232719.5,1030604282419264.2,98.0,922351104325991.9,108253178093272.34,542768045829955.94,1.9844674545084815,8.632253023736807,9.029263025641372,98.0,8.83075802468909,0.19850500095228257,0.995279522985569,1.9844674545084815,2.455343739368002,2.530412744245774,98.0,2.492878241806888,0.037534502438886154,0.18819335283071983,1.9844674545084815,99.0,0.5656565656565656,-0.032113457100981596,-0.005325675178582918,98.0,-0.01871956613978226,0.013393890961199341,0.06715531267641808,1.9844674545084815,QuantileRegressor,"{'mode': 'original', 'type': 'QuantileRegressor'}",7,"['density_T6W40', 'asp_T6W40', 'z_l1_T6W40', 'z_l3_T6W40', 'z_lsc_T6W40', 'z_density_T6W40', 'z_asp_T6W40']",0.10183718827457049,0.15381723608996878,98.0,0.12782721218226964,0.025990023907699153,0.13031076533661962,1.9844674545084815,3.4580122905116264,3.5490912399428307,98.0,3.5035517652272286,0.04553947471560227,0.22832929374335154,1.9844674545084815,completed,True,COMPLETE
22,2.8174665014603537,2026-06-12 12:52:43.470627,2026-06-12 12:52:45.993504,0 days 00:00:02.522877,,,,,,,,,,,,,,0.006438429414166046,QuantileRegressor,,,,,,2,,,,,,,,True,,,,,,,,,-0.0017947649788992064,0.010638058759791801,98.0,0.004421646890446297,0.006216411869345503,0.031168320245449604,1.9844674545084815,2.7856507844549996,2.849282218465708,98.0,2.8174665014603537,0.03181571700535397,0.15952006998626922,1.9844674545084815,782004022043990.5,992649407915519.5,98.0,887326714979755.0,105322692935764.48,528074955702811.8,1.9844674545084815,8.542487168773778,8.912086706248918,98.0,8.727286937511348,0.18479976873756934,0.9265631837718018,1.9844674545084815,2.5428422974395506,2.6268768532536466,98.0,2.5848595753465986,0.042017277907048005,0.21066943458281653,1.9844674545084815,99.0,0.42424242424242425,-0.011792402266764283,0.010889268776544505,98.0,-0.00045156674510988995,0.011340835521654394,0.056861546631579676,1.9844674545084815,QuantileRegressor,"{'mode': 'original', 'type': 'QuantileRegressor'}",2,"['density_T6W40', 'z_density_T6W40']",0.12747284505107068,0.18054042354987812,92.0,0.1540066343004744,0.026533789249403722,0.12883760121757848,1.98608631695113,3.428402056063794,3.5168626025532275,98.0,3.4726323293085106,0.044230273244716976,0.22176511949492575,1.9844674545084815,completed,True,COMPLETE
23,2.86519462325097,2026-06-12 12:52:46.012363,2026-06-12 12:52:48.212296,0 days 00:00:02.199933,,,,,,,,,,,,,,0.00215276326490285,QuantileRegressor,,,,,,2,,,,,,,,True,,,,,,,,,-0.01786692224059097,-0.0076833293143468255,98.0,-0.012775125777468898,0.005091796463122073,0.025529637694991638,1.9844674545084815,2.838647115609729,2.8917421308922115,98.0,2.86519462325097,0.026547507641241145,0.13310591982507133,1.9844674545084815,831986284752330.5,1056351252893071.8,98.0,944168768822701.1,112182484070370.64,562469100008892.3,1.9844674545084815,8.450009833222115,8.719935065017186,98.0,8.58497244911965,0.13496261589753486,0.6766858634643305,1.9844674545084815,2.5158010793958137,2.6041641976162615,98.0,2.5599826385060376,0.04418155911022376,0.2215208728497104,1.9844674545084815,99.0,0.7272727272727273,-0.029145486794695287,-0.013407320870533116,98.0,-0.021276403832614203,0.007869082962081086,0.039454608696314925,1.9844674545084815,QuantileRegressor,"{'mode': 'original', 'type': 'QuantileRegressor'}",2,"['z_density_T6W40', 'z_asp_T6W40']",0.06121717794181872,0.10889350042109958,85.0,0.08505533918145915,0.02383816123964043,0.1111852241537379,1.9882679074772216,3.4702936081607363,3.545916259979536,98.0,3.5081049340701362,0.0378113259093998,0.18958131147338528,1.9844674545084815,completed,True,COMPLETE
24,2.8759201110607933,2026-06-12 12:52:48.224594,2026-06-12 12:53:12.597197,0 days 00:00:24.372603,,,,,,20.0,log2,5.0,12.0,457.0,,,,,ExtraTreesRegressor,,,,,,4,,,,,,,,True,,,,,,,,,-0.021718676885113357,-0.011110214710026288,98.0,-0.016414445797569822,0.005304231087543534,0.02659475862718737,1.9844674545084815,2.847056224537034,2.9047839975845524,98.0,2.8759201110607933,0.028863886523759354,0.14471995704421808,1.9844674545084815,881450156612810.4,1118556245853719.6,98.0,1000003201233265.0,118553044620454.67,594410302673919.8,1.9844674545084815,8.337935344531793,8.745823581804366,98.0,8.54187946316808,0.2039441186362871,1.0225505863241682,1.9844674545084815,2.4869992776214884,2.5671303332784365,98.0,2.5270648054499625,0.040065527828473876,0.2008836010880863,1.9844674545084815,99.0,0.696969696969697,-0.03889218668201645,-0.0199455403570839,98.0,-0.029418863519550177,0.009473323162466279,0.04749807064303667,1.9844674545084815,ExtraTreesRegressor,"{'mode': 'original', 'type': 'ExtraTreesRegressor'}",4,"['nodes_T6W40', 'lcc_T6W40', 'atd_T6W40', 'density_T6W40']",0.015339893089929876,0.06414551437850986,98.0,0.03974270373421987,0.024402810644289993,0.12235267434594489,1.9844674545084815,3.480729542298692,3.564394839438975,98.0,3.5225621908688334,0.04183264857014149,0.209743725923166,1.9844674545084815,completed,True,COMPLETE
