number,value,datetime_start,datetime_complete,duration,params_dt_max_depth,params_dt_min_samples_leaf,params_dt_min_samples_split,params_elastic_alpha,params_elastic_l1_ratio,params_et_max_depth,params_et_max_features,params_et_min_samples_leaf,params_et_min_samples_split,params_et_n_estimators,params_knn_metric,params_knn_n_neighbors,params_knn_weights,params_quantile_alpha,params_regressor,params_rf_max_depth,params_rf_max_features,params_rf_min_samples_leaf,params_rf_min_samples_split,params_rf_n_estimators,params_rfe_n_features,params_rfe_proxy_et_max_depth,params_rfe_proxy_et_min_samples_leaf,params_rfe_proxy_et_min_samples_split,params_rfe_proxy_et_n_estimators,params_rfe_proxy_lsvr_C,params_rfe_proxy_lsvr_epsilon,params_rfe_proxy_type,params_use_scaler,params_xgb_booster,params_xgb_colsample_bytree,params_xgb_learning_rate,params_xgb_max_depth,params_xgb_n_estimators,params_xgb_reg_alpha,params_xgb_reg_lambda,params_xgb_subsample,user_attrs_d2mae_ci_lower_val,user_attrs_d2mae_ci_upper_val,user_attrs_d2mae_df_val,user_attrs_d2mae_mean_val,user_attrs_d2mae_samperror_val,user_attrs_d2mae_std_val,user_attrs_d2mae_t_critical_val,user_attrs_mae_ci_lower_val,user_attrs_mae_ci_upper_val,user_attrs_mae_df_val,user_attrs_mae_mean_val,user_attrs_mae_samperror_val,user_attrs_mae_std_val,user_attrs_mae_t_critical_val,user_attrs_mape_ci_lower_val,user_attrs_mape_ci_upper_val,user_attrs_mape_df_val,user_attrs_mape_mean_val,user_attrs_mape_samperror_val,user_attrs_mape_std_val,user_attrs_mape_t_critical_val,user_attrs_max_error_ci_lower_val,user_attrs_max_error_ci_upper_val,user_attrs_max_error_df_val,user_attrs_max_error_mean_val,user_attrs_max_error_samperror_val,user_attrs_max_error_std_val,user_attrs_max_error_t_critical_val,user_attrs_median_ae_ci_lower_val,user_attrs_median_ae_ci_upper_val,user_attrs_median_ae_df_val,user_attrs_median_ae_mean_val,user_attrs_median_ae_samperror_val,user_attrs_median_ae_std_val,user_attrs_median_ae_t_critical_val,user_attrs_n_splits_val,user_attrs_r2_below_zero_val,user_attrs_r2_ci_lower_val,user_attrs_r2_ci_upper_val,user_attrs_r2_df_val,user_attrs_r2_mean_val,user_attrs_r2_samperror_val,user_attrs_r2_std_val,user_attrs_r2_t_critical_val,user_attrs_regressor_final,user_attrs_rfe_estimator,user_attrs_rfe_n_features,user_attrs_rfe_selected_features,user_attrs_rho_ci_lower_val,user_attrs_rho_ci_upper_val,user_attrs_rho_df_val,user_attrs_rho_mean_val,user_attrs_rho_samperror_val,user_attrs_rho_std_val,user_attrs_rho_t_critical_val,user_attrs_rmse_ci_lower_val,user_attrs_rmse_ci_upper_val,user_attrs_rmse_df_val,user_attrs_rmse_mean_val,user_attrs_rmse_samperror_val,user_attrs_rmse_std_val,user_attrs_rmse_t_critical_val,user_attrs_termination_reason,user_attrs_use_scaler_final,state
146,2.8193879180453045,2026-06-12 12:58:33.220718,2026-06-12 12:58:35.487024,0 days 00:00:02.266306,,,,,,,,,,,,,,0.007296014547004598,QuantileRegressor,,,,,,3,,,,,,,,True,,,,,,,,,-0.00354984422938157,0.010863425437030977,98.0,0.003656790603824703,0.007206634833206273,0.03613317571202605,1.9844674545084815,2.786813978607645,2.851961857482964,98.0,2.8193879180453045,0.03257393943765931,0.16332170348225972,1.9844674545084815,774559736225237.0,983349429321679.2,98.0,878954582773458.1,104394846548221.08,523422848674938.7,1.9844674545084815,8.53978646727514,8.907521408823401,98.0,8.72365393804927,0.18386747077413018,0.9218887570929737,1.9844674545084815,2.5073879264404373,2.606218165139912,98.0,2.5568030457901747,0.04941511934973722,0.24776129658569132,1.9844674545084815,99.0,0.43434343434343436,-0.015151072510364579,0.010364843710589076,98.0,-0.0023931143998877523,0.012757958110476827,0.06396682401728297,1.9844674545084815,QuantileRegressor,"{'mode': 'original', 'type': 'QuantileRegressor'}",3,"['density_T6W40', 'z_density_T6W40', 'z_asp_T6W40']",0.13838603995337093,0.18849832265578056,93.0,0.16344218130457575,0.025056141351204812,0.12233260223183505,1.9858018143458227,3.4310748366107564,3.5196072051707574,98.0,3.475341020890757,0.04426618428000035,0.22194517298423477,1.9844674545084815,completed,True,COMPLETE
147,2.82419558389889,2026-06-12 12:58:35.499622,2026-06-12 12:58:37.779544,0 days 00:00:02.279922,,,,,,,,,,,,,,0.0044470445120995865,QuantileRegressor,,,,,,2,,,,,,,,True,,,,,,,,,-0.004667425320803701,0.008654674682618827,98.0,0.001993624680907563,0.006661050001711264,0.03339768084674029,1.9844674545084815,2.7921314972404856,2.8562596705572947,98.0,2.82419558389889,0.03206408665840467,0.16076536470744257,1.9844674545084815,785894441848676.6,998721461157541.1,98.0,892307951503108.9,106413509654432.2,533544175814204.7,1.9844674545084815,8.575728400579962,8.983643003965327,98.0,8.779685702272644,0.20395730169268284,1.0226166845384101,1.9844674545084815,2.505659616488226,2.5975841051756237,98.0,2.5516218608319248,0.045962244343698964,0.23044900836900983,1.9844674545084815,99.0,0.47474747474747475,-0.019370259098260144,0.004703107007543104,98.0,-0.0073335760453585195,0.012036683052901623,0.060350440088409556,1.9844674545084815,QuantileRegressor,"{'mode': 'original', 'type': 'QuantileRegressor'}",2,"['density_T6W40', 'z_asp_T6W40']",0.12117774722803713,0.1748104196736131,90.0,0.14799408345082513,0.026816336222787993,0.12876368945782488,1.9866745407037683,3.4396003098373935,3.529143705731996,98.0,3.4843720077846947,0.044771697947301355,0.2244797559883928,1.9844674545084815,completed,True,COMPLETE
148,2.8114807868216976,2026-06-12 12:58:37.792381,2026-06-12 12:58:37.912764,0 days 00:00:00.120383,,,,,,,,,,,,,,,LinearRegression,,,,,,4,,,,,,,,True,,,,,,,,,,,,,,,,,,,,,,,,,,,,,,,,,,,,,,,,,,,,,,,,,,,,,LinearRegression,"{'mode': 'original', 'type': 'LinearRegression'}",4,"['lcc_T6W40', 'density_T6W40', 'z_l1_T6W40', 'z_density_T6W40']",,,,,,,,,,,,,,,pruned,True,PRUNED
149,2.782375730488325,2026-06-12 12:58:37.922529,2026-06-12 12:58:38.129324,0 days 00:00:00.206795,,,,,,,,,,,,,,0.01280131375016963,QuantileRegressor,,,,,,3,,,,,,,,True,,,,,,,,,,,,,,,,,,,,,,,,,,,,,,,,,,,,,,,,,,,,,,,,,,,,,QuantileRegressor,"{'mode': 'original', 'type': 'QuantileRegressor'}",3,"['density_T6W40', 'z_l1_T6W40', 'z_asp_T6W40']",,,,,,,,,,,,,,,pruned,True,PRUNED
150,2.848896358543417,2026-06-12 12:58:38.138866,2026-06-12 12:58:38.325129,0 days 00:00:00.186263,,,,9.248681968250539,0.8568234149067082,,,,,,,,,,ElasticNet,,,,,,2,,,,,,,,True,,,,,,,,,,,,,,,,,,,,,,,,,,,,,,,,,,,,,,,,,,,,,,,,,,,,,ElasticNet,"{'mode': 'original', 'type': 'ElasticNet'}",2,"['z_diameter_T6W40', 'z_asp_T6W40']",,,,,,,,,,,,,,,pruned,True,PRUNED
151,2.811045663955282,2026-06-12 12:58:38.338825,2026-06-12 12:58:40.585239,0 days 00:00:02.246414,,,,,,,,,,,,,,0.01451177206165403,QuantileRegressor,,,,,,2,,,,,,,,True,,,,,,,,,0.0012705747531541389,0.01205126046708124,98.0,0.00666091761011769,0.005390342856963551,0.027026512388456086,1.9844674545084815,2.780831442550518,2.8412598853600457,98.0,2.811045663955282,0.03021422140476384,0.15149036912345828,1.9844674545084815,799836366230623.5,1014081344442683.8,98.0,906958855336653.6,107122489106030.19,537098911095471.7,1.9844674545084815,8.50603657070675,8.867865957207743,98.0,8.686951263957246,0.18091469325049628,0.907083895799271,1.9844674545084815,2.500748005594632,2.572424302330326,98.0,2.536586153962479,0.03583814836784705,0.1796880433295034,1.9844674545084815,99.0,0.41414141414141414,-0.006788919472225853,0.013821402862276545,98.0,0.0035162416950253465,0.0103051611672512,0.051668803514409625,1.9844674545084815,QuantileRegressor,"{'mode': 'original', 'type': 'QuantileRegressor'}",2,"['density_T6W40', 'z_l1_T6W40']",0.1297247619506957,0.17974253451509614,94.0,0.15473364823289593,0.025008886282200226,0.12276685645985752,1.985523441866604,3.422928176111534,3.508673384557431,98.0,3.4658007803344826,0.042872604222948474,0.2149579349410068,1.9844674545084815,completed,True,COMPLETE
152,2.790743464801573,2026-06-12 12:58:40.599194,2026-06-12 12:58:40.799946,0 days 00:00:00.200752,,,,,,,,,,,,,,0.025011559868580707,QuantileRegressor,,,,,,2,,,,,,,,True,,,,,,,,,,,,,,,,,,,,,,,,,,,,,,,,,,,,,,,,,,,,,,,,,,,,,QuantileRegressor,"{'mode': 'original', 'type': 'QuantileRegressor'}",2,"['density_T6W40', 'z_l1_T6W40']",,,,,,,,,,,,,,,pruned,True,PRUNED
153,2.808344291839395,2026-06-12 12:58:40.809741,2026-06-12 12:58:41.007812,0 days 00:00:00.198071,,,,,,,,,,,,,,0.01436668969446736,QuantileRegressor,,,,,,10,,,,,,,,True,,,,,,,,,,,,,,,,,,,,,,,,,,,,,,,,,,,,,,,,,,,,,,,,,,,,,QuantileRegressor,"{'mode': 'original', 'type': 'QuantileRegressor'}",10,"['density_T6W40', 'asp_T6W40', 'z_pe_T6W40', 'z_l1_T6W40', 'z_l2_T6W40', 'z_l3_T6W40', 'z_lsc_T6W40', 'z_density_T6W40', 'z_diameter_T6W40', 'z_asp_T6W40']",,,,,,,,,,,,,,,pruned,True,PRUNED
154,2.8080957745921875,2026-06-12 12:58:41.017500,2026-06-12 12:58:43.333342,0 days 00:00:02.315842,,,,,,,,,,,,,,0.01080728681670211,QuantileRegressor,,,,,,2,,,,,,,,True,,,,,,,,,0.0019695956515242592,0.01341462266784421,98.0,0.0076921091596842345,0.005722513508159975,0.028691974949533097,1.9844674545084815,2.777501316425591,2.838690232758784,98.0,2.8080957745921875,0.03059445816659635,0.15339682921828082,1.9844674545084815,798607270546456.0,1012393390034876.2,98.0,905500330290666.1,106893059744210.19,535948580651927.94,1.9844674545084815,8.501541726184502,8.863700121347303,98.0,8.682620923765903,0.18107919758140043,0.9079087001679564,1.9844674545084815,2.4882670772690356,2.5575092430621402,98.0,2.522888160165588,0.03462108289655241,0.1735858275873241,1.9844674545084815,99.0,0.40404040404040403,-0.006163977340953527,0.014774363871957106,98.0,0.0043051932655017895,0.010469170606455316,0.052491126557320994,1.9844674545084815,QuantileRegressor,"{'mode': 'original', 'type': 'QuantileRegressor'}",2,"['density_T6W40', 'z_l1_T6W40']",0.1327413356848705,0.18213245365480124,96.0,0.15743689466983588,0.02469555898496536,0.12253147159245963,1.984984311522457,3.4215092841615693,3.5071720780694244,98.0,3.464340681115497,0.042831396953927466,0.21475132679079387,1.9844674545084815,completed,True,COMPLETE
155,2.778177550454989,2026-06-12 12:58:43.346314,2026-06-12 12:58:43.559275,0 days 00:00:00.212961,,,,,,,,,,,,,,0.010524580149290412,QuantileRegressor,,,,,,3,,,,,,,,True,,,,,,,,,,,,,,,,,,,,,,,,,,,,,,,,,,,,,,,,,,,,,,,,,,,,,QuantileRegressor,"{'mode': 'original', 'type': 'QuantileRegressor'}",3,"['density_T6W40', 'z_l1_T6W40', 'z_asp_T6W40']",,,,,,,,,,,,,,,pruned,True,PRUNED
156,3.281972771237477,2026-06-12 12:58:43.571779,2026-06-12 12:58:43.706047,0 days 00:00:00.134268,11.0,4.0,12.0,,,,,,,,,,,,DecisionTreeRegressor,,,,,,2,,,,,,,,True,,,,,,,,,,,,,,,,,,,,,,,,,,,,,,,,,,,,,,,,,,,,,,,,,,,,,DecisionTreeRegressor,"{'mode': 'original', 'type': 'DecisionTreeRegressor'}",2,"['atd_T6W40', 'z_l1_T6W40']",,,,,,,,,,,,,,,pruned,True,PRUNED
157,2.816184290486323,2026-06-12 12:58:43.716355,2026-06-12 12:58:46.027696,0 days 00:00:02.311341,,,,,,,,,,,,,,0.005984562250784979,QuantileRegressor,,,,,,3,,,,,,,,True,,,,,,,,,-0.0031442340384646517,0.012609818707945815,98.0,0.004732792334740581,0.007877026373205233,0.039494435977222686,1.9844674545084815,2.7829528567042088,2.849415724268437,98.0,2.816184290486323,0.03323143378211396,0.16661829880416718,1.9844674545084815,770366222199103.1,977789425209554.6,98.0,874077823704328.9,103711601505225.8,519997142535484.44,1.9844674545084815,8.54770402934186,8.914592120040139,98.0,8.731148074691,0.1834440453491397,0.9197657543828012,1.9844674545084815,2.48723962577666,2.5863634383571923,98.0,2.536801532066926,0.04956190629026615,0.24849726815038387,1.9844674545084815,99.0,0.4444444444444444,-0.013985026981233122,0.013332757711691979,98.0,-0.0003261346347705715,0.01365889234646255,0.06848399684583446,1.9844674545084815,QuantileRegressor,"{'mode': 'original', 'type': 'QuantileRegressor'}",3,"['density_T6W40', 'z_density_T6W40', 'z_asp_T6W40']",0.14551128022293425,0.19826405979860756,95.0,0.1718876700107709,0.026376389787836647,0.13017738537418733,1.9852510035054978,3.426873577852816,3.5157579939481005,98.0,3.471315785900458,0.04444220804764219,0.22282773438395895,1.9844674545084815,completed,True,COMPLETE
158,2.803921568627451,2026-06-12 12:58:46.041072,2026-06-12 12:58:46.235562,0 days 00:00:00.194490,,,,,,,,,,,,,,0.8016233864487369,QuantileRegressor,,,,,,2,,,,,,,,True,,,,,,,,,,,,,,,,,,,,,,,,,,,,,,,,,,,,,,,,,,,,,,,,,,,,,QuantileRegressor,"{'mode': 'original', 'type': 'QuantileRegressor'}",2,"['z_diameter_T6W40', 'z_asp_T6W40']",,,,,,,,,,,,,,,pruned,True,PRUNED
159,2.818317031765023,2026-06-12 12:58:46.245796,2026-06-12 12:58:48.571933,0 days 00:00:02.326137,,,,,,,,,,,,,,0.007621986902061053,QuantileRegressor,,,,,,2,,,,,,,,True,,,,,,,,,-0.0018643027577614863,0.01012187586651208,98.0,0.004128786554375296,0.005993089312136783,0.030048608564915962,1.9844674545084815,2.78677180469087,2.849862258839176,98.0,2.818317031765023,0.031545227074153255,0.15816386692636464,1.9844674545084815,784151037122006.2,995021782762919.2,98.0,889586409942462.8,105435372820456.5,528639918708017.4,1.9844674545084815,8.539087285652455,8.908725856593867,98.0,8.72390657112316,0.18481928547070495,0.9266610382578463,1.9844674545084815,2.5455086578758688,2.6297687839448343,98.0,2.5876387209103515,0.042130063034482565,0.21123492526211646,1.9844674545084815,99.0,0.43434343434343436,-0.011958109259919003,0.009952148919928244,98.0,-0.0010029801699953792,0.010955129089923623,0.054927662288395046,1.9844674545084815,QuantileRegressor,"{'mode': 'original', 'type': 'QuantileRegressor'}",2,"['density_T6W40', 'z_density_T6W40']",0.12553105596565772,0.17624613158688612,91.0,0.15088859377627192,0.02535753781061421,0.1224445004466751,1.9863771544186177,3.429683712285527,3.5177507081197876,98.0,3.4737172102026572,0.044033497917130404,0.2207785123402638,1.9844674545084815,completed,True,COMPLETE
160,2.8742713778626685,2026-06-12 12:58:48.596855,2026-06-12 12:58:49.379885,0 days 00:00:00.783030,,,,,,,,,,,,,,,XGBRegressor,,,,,,3,,,,,,,,False,gbtree,0.642134712758772,0.0050158806816694036,4.0,187.0,0.05322140939496703,2.898508429563192e-06,0.7231211722021255,,,,,,,,,,,,,,,,,,,,,,,,,,,,,,,,,,,,,,,,,,,,,XGBRegressor,"{'mode': 'original', 'type': 'XGBRegressor'}",3,"['z_lsc_T6W40', 'z_density_T6W40', 'z_asp_T6W40']",,,,,,,,,,,,,,,pruned,False,PRUNED
161,2.8110349691756364,2026-06-12 12:58:49.391885,2026-06-12 12:58:51.721934,0 days 00:00:02.330049,,,,,,,,,,,,,,0.014464720184512296,QuantileRegressor,,,,,,2,,,,,,,,True,,,,,,,,,0.0012750973230871805,0.012053914657173447,98.0,0.006664505990130313,0.005389408667043133,0.027021828475738967,1.9844674545084815,2.7808243546952354,2.8412455836560375,98.0,2.8110349691756364,0.030210614480400872,0.1514722844508193,1.9844674545084815,799819159595133.4,1014069345155522.9,98.0,906944252375328.1,107125092780194.73,537111965595701.25,1.9844674545084815,8.505955313183891,8.867772427451419,98.0,8.686863870317655,0.18090855713376416,0.9070531300689125,1.9844674545084815,2.5007877912647474,2.572461992832484,98.0,2.5366248920486156,0.03583710078386824,0.17968279087300246,1.9844674545084815,99.0,0.41414141414141414,-0.006770494342640406,0.01383359160533936,98.0,0.0035315486313494764,0.010302042973989883,0.051653169279066366,1.9844674545084815,QuantileRegressor,"{'mode': 'original', 'type': 'QuantileRegressor'}",2,"['density_T6W40', 'z_l1_T6W40']",0.1298390043534632,0.1798159266989203,94.0,0.15482746552619175,0.024988461172728554,0.12266659104002273,1.985523441866604,3.4229089675460402,3.508637243089625,98.0,3.4657731053178327,0.042864137771792314,0.21491548520206996,1.9844674545084815,completed,True,COMPLETE
162,2.78195915538851,2026-06-12 12:58:51.734736,2026-06-12 12:58:51.934373,0 days 00:00:00.199637,,,,,,,,,,,,,,0.02026640353252466,QuantileRegressor,,,,,,2,,,,,,,,True,,,,,,,,,,,,,,,,,,,,,,,,,,,,,,,,,,,,,,,,,,,,,,,,,,,,,QuantileRegressor,"{'mode': 'original', 'type': 'QuantileRegressor'}",2,"['density_T6W40', 'z_l1_T6W40']",,,,,,,,,,,,,,,pruned,True,PRUNED
163,2.809465514254951,2026-06-12 12:58:51.945525,2026-06-12 12:58:54.179341,0 days 00:00:02.233816,,,,,,,,,,,,,,0.011702308833988732,QuantileRegressor,,,,,,2,,,,,,,,True,,,,,,,,,0.0015720932379432676,0.012881820232437153,98.0,0.0072269567351902105,0.005654863497246943,0.028352786162003877,1.9844674545084815,2.7787744845527453,2.8401565439571566,98.0,2.809465514254951,0.03069102970220547,0.15388102695352143,1.9844674545084815,799029330093398.9,1013160491639759.9,98.0,906094910866579.4,107065580773180.47,536813579753183.8,1.9844674545084815,8.502722828192598,8.86518045176854,98.0,8.683951639980569,0.181228811787971,0.9086588472948957,1.9844674545084815,2.491243746277618,2.563117288832841,98.0,2.5271805175552293,0.03593677127761149,0.18018252640103766,1.9844674545084815,99.0,0.40404040404040403,-0.0068093387577787086,0.01401902776191239,98.0,0.0036048445020668415,0.01041418325984555,0.052215426802445966,1.9844674545084815,QuantileRegressor,"{'mode': 'original', 'type': 'QuantileRegressor'}",2,"['density_T6W40', 'z_l1_T6W40']",0.1306717224362966,0.1801065526709823,95.0,0.15538913755363945,0.024717415117342843,0.12198972259152414,1.9852510035054978,3.4226947037122164,3.508525602888775,98.0,3.4656101533004957,0.042915449588279135,0.2151727563035109,1.9844674545084815,completed,True,COMPLETE
164,2.778177550454989,2026-06-12 12:58:54.192272,2026-06-12 12:58:54.397521,0 days 00:00:00.205249,,,,,,,,,,,,,,0.01060027441514295,QuantileRegressor,,,,,,3,,,,,,,,True,,,,,,,,,,,,,,,,,,,,,,,,,,,,,,,,,,,,,,,,,,,,,,,,,,,,,QuantileRegressor,"{'mode': 'original', 'type': 'QuantileRegressor'}",3,"['density_T6W40', 'z_l1_T6W40', 'z_asp_T6W40']",,,,,,,,,,,,,,,pruned,True,PRUNED
165,2.814056777834661,2026-06-12 12:58:54.407172,2026-06-12 12:58:56.731771,0 days 00:00:02.324599,,,,,,,,,,,,,,0.017975702044914214,QuantileRegressor,,,,,,2,,,,,,,,True,,,,,,,,,0.0005942797056601645,0.010618877333461181,98.0,0.005606578519560673,0.005012298813900509,0.025131046314340568,1.9844674545084815,2.7842599598721254,2.8438535957971967,98.0,2.814056777834661,0.02979681796253567,0.14939755989003622,1.9844674545084815,800799805818455.2,1015828500189857.2,98.0,908314153004156.2,107514347185700.94,539063639040570.2,1.9844674545084815,8.509139794054827,8.864572066764621,98.0,8.686855930409724,0.1777161363548968,0.8910467271333808,1.9844674545084815,2.495987660880924,2.5763781705522093,98.0,2.5361829157165667,0.040195254835642534,0.20153403625694233,1.9844674545084815,99.0,0.45454545454545453,-0.008219146829673826,0.0110897100892028,98.0,0.0014352816297644867,0.009654428459438313,0.048406110202321204,1.9844674545084815,QuantileRegressor,"{'mode': 'original', 'type': 'QuantileRegressor'}",2,"['density_T6W40', 'z_l1_T6W40']",0.12241236478417875,0.17129217372760117,90.0,0.14685226925588996,0.024439904471711203,0.11735280478397686,1.9866745407037683,3.4266595427885553,3.51282094480258,98.0,3.4697402437955676,0.04308070100701241,0.2160013064781691,1.9844674545084815,completed,True,COMPLETE
166,2.818437953305065,2026-06-12 12:58:56.744659,2026-06-12 12:58:59.116900,0 days 00:00:02.372241,,,,,,,,,,,,,,0.008583076439148754,QuantileRegressor,,,,,,2,,,,,,,,True,,,,,,,,,-0.0018366315410652213,0.010010581137267178,98.0,0.004086974798100978,0.005923606339166199,0.029700229532337304,1.9844674545084815,2.786989748765536,2.849886157844594,98.0,2.818437953305065,0.03144820453952882,0.15767740793784238,1.9844674545084815,785267513141159.1,996715483111082.4,98.0,890991498126120.8,105723984984961.64,530086984404289.5,1.9844674545084815,8.535367012841453,8.907158438445096,98.0,8.721262725643275,0.1858957128018211,0.932058111759785,1.9844674545084815,2.5474955429533788,2.6313569969038353,98.0,2.589426269928607,0.0419307269752283,0.2102354789155929,1.9844674545084815,99.0,0.4444444444444444,-0.011861242042396011,0.00989440122652082,98.0,-0.0009834204079375959,0.010877821634458416,0.054540052268347565,1.9844674545084815,QuantileRegressor,"{'mode': 'original', 'type': 'QuantileRegressor'}",2,"['density_T6W40', 'z_density_T6W40']",0.12487800771948486,0.17547996690495377,91.0,0.15017898731221932,0.02530097959273446,0.1221713965362654,1.9863771544186177,3.4296672852094385,3.5177896503992425,98.0,3.4737284678043405,0.044061182594902146,0.22091731989047403,1.9844674545084815,completed,True,COMPLETE
167,2.7774276103809137,2026-06-12 12:58:59.130172,2026-06-12 12:58:59.433773,0 days 00:00:00.303601,,,,,,,,,,,,,,0.011817008777974196,QuantileRegressor,,,,,,3,,,,,,,,True,,,,,,,,,,,,,,,,,,,,,,,,,,,,,,,,,,,,,,,,,,,,,,,,,,,,,QuantileRegressor,"{'mode': 'original', 'type': 'QuantileRegressor'}",3,"['density_T6W40', 'z_l1_T6W40', 'z_asp_T6W40']",,,,,,,,,,,,,,,pruned,True,PRUNED
168,2.8203045398819495,2026-06-12 12:58:59.443597,2026-06-12 12:58:59.640173,0 days 00:00:00.196576,,,,,,,,,,,,,,0.042011970279747825,QuantileRegressor,,,,,,2,,,,,,,,True,,,,,,,,,,,,,,,,,,,,,,,,,,,,,,,,,,,,,,,,,,,,,,,,,,,,,QuantileRegressor,"{'mode': 'original', 'type': 'QuantileRegressor'}",2,"['density_T6W40', 'z_l1_T6W40']",,,,,,,,,,,,,,,pruned,True,PRUNED
169,2.79601876081152,2026-06-12 12:58:59.650287,2026-06-12 12:58:59.852050,0 days 00:00:00.201763,,,,,,,,,,,,,,0.02293562609801441,QuantileRegressor,,,,,,3,,,,,,,,True,,,,,,,,,,,,,,,,,,,,,,,,,,,,,,,,,,,,,,,,,,,,,,,,,,,,,QuantileRegressor,"{'mode': 'original', 'type': 'QuantileRegressor'}",3,"['density_T6W40', 'z_l1_T6W40', 'z_l3_T6W40']",,,,,,,,,,,,,,,pruned,True,PRUNED
170,2.9474138803214243,2026-06-12 12:58:59.861555,2026-06-12 12:59:02.246864,0 days 00:00:02.385309,,,,,,15.0,sqrt,1.0,9.0,349.0,,,,,ExtraTreesRegressor,,,,,,2,,,,,,,,True,,,,,,,,,,,,,,,,,,,,,,,,,,,,,,,,,,,,,,,,,,,,,,,,,,,,,ExtraTreesRegressor,"{'mode': 'original', 'type': 'ExtraTreesRegressor'}",2,"['nodes_T6W40', 'lcc_T6W40']",,,,,,,,,,,,,,,pruned,True,PRUNED
