number,value,datetime_start,datetime_complete,duration,params_dt_max_depth,params_dt_min_samples_leaf,params_dt_min_samples_split,params_elastic_alpha,params_elastic_l1_ratio,params_et_max_depth,params_et_max_features,params_et_min_samples_leaf,params_et_min_samples_split,params_et_n_estimators,params_knn_metric,params_knn_n_neighbors,params_knn_weights,params_quantile_alpha,params_regressor,params_rf_max_depth,params_rf_max_features,params_rf_min_samples_leaf,params_rf_min_samples_split,params_rf_n_estimators,params_rfe_n_features,params_rfe_proxy_et_max_depth,params_rfe_proxy_et_min_samples_leaf,params_rfe_proxy_et_min_samples_split,params_rfe_proxy_et_n_estimators,params_rfe_proxy_lsvr_C,params_rfe_proxy_lsvr_epsilon,params_rfe_proxy_type,params_use_scaler,params_xgb_booster,params_xgb_colsample_bytree,params_xgb_learning_rate,params_xgb_max_depth,params_xgb_n_estimators,params_xgb_reg_alpha,params_xgb_reg_lambda,params_xgb_subsample,user_attrs_d2mae_ci_lower_val,user_attrs_d2mae_ci_upper_val,user_attrs_d2mae_df_val,user_attrs_d2mae_mean_val,user_attrs_d2mae_samperror_val,user_attrs_d2mae_std_val,user_attrs_d2mae_t_critical_val,user_attrs_mae_ci_lower_val,user_attrs_mae_ci_upper_val,user_attrs_mae_df_val,user_attrs_mae_mean_val,user_attrs_mae_samperror_val,user_attrs_mae_std_val,user_attrs_mae_t_critical_val,user_attrs_mape_ci_lower_val,user_attrs_mape_ci_upper_val,user_attrs_mape_df_val,user_attrs_mape_mean_val,user_attrs_mape_samperror_val,user_attrs_mape_std_val,user_attrs_mape_t_critical_val,user_attrs_max_error_ci_lower_val,user_attrs_max_error_ci_upper_val,user_attrs_max_error_df_val,user_attrs_max_error_mean_val,user_attrs_max_error_samperror_val,user_attrs_max_error_std_val,user_attrs_max_error_t_critical_val,user_attrs_median_ae_ci_lower_val,user_attrs_median_ae_ci_upper_val,user_attrs_median_ae_df_val,user_attrs_median_ae_mean_val,user_attrs_median_ae_samperror_val,user_attrs_median_ae_std_val,user_attrs_median_ae_t_critical_val,user_attrs_n_splits_val,user_attrs_r2_below_zero_val,user_attrs_r2_ci_lower_val,user_attrs_r2_ci_upper_val,user_attrs_r2_df_val,user_attrs_r2_mean_val,user_attrs_r2_samperror_val,user_attrs_r2_std_val,user_attrs_r2_t_critical_val,user_attrs_regressor_final,user_attrs_rfe_estimator,user_attrs_rfe_n_features,user_attrs_rfe_selected_features,user_attrs_rho_ci_lower_val,user_attrs_rho_ci_upper_val,user_attrs_rho_df_val,user_attrs_rho_mean_val,user_attrs_rho_samperror_val,user_attrs_rho_std_val,user_attrs_rho_t_critical_val,user_attrs_rmse_ci_lower_val,user_attrs_rmse_ci_upper_val,user_attrs_rmse_df_val,user_attrs_rmse_mean_val,user_attrs_rmse_samperror_val,user_attrs_rmse_std_val,user_attrs_rmse_t_critical_val,user_attrs_termination_reason,user_attrs_use_scaler_final,state
107,2.824775646565615,2026-06-12 12:57:29.140752,2026-06-12 12:57:31.409395,0 days 00:00:02.268643,,,,,,,,,,,,,,0.011581352468545044,QuantileRegressor,,,,,,4,,,,,,,,True,,,,,,,,,-0.005269015957647035,0.008782188902700407,98.0,0.001756586472526686,0.007025602430173721,0.03522550163393831,1.9844674545084815,2.7923455929583656,2.8572057001728646,98.0,2.824775646565615,0.03243005360724961,0.16260027772488558,1.9844674545084815,821667046877081.1,1042361583895719.6,98.0,932014315386400.4,110347268509319.28,553267556171626.7,1.9844674545084815,8.634267550439034,9.047670356980895,98.0,8.840968953709964,0.20670140327093073,1.0363752704517144,1.9844674545084815,2.4501558081473735,2.5236760206201643,98.0,2.486915914383769,0.036760106236395515,0.18431062605144843,1.9844674545084815,99.0,0.5555555555555556,-0.029950501015290697,-0.002105709588690453,98.0,-0.016028105301990576,0.013922395713300123,0.06980517013614483,1.9844674545084815,QuantileRegressor,"{'mode': 'original', 'type': 'QuantileRegressor'}",4,"['density_T6W40', 'z_l1_T6W40', 'z_l3_T6W40', 'z_asp_T6W40']",0.103187935107485,0.15690346666656088,98.0,0.13004570088702294,0.02685776577953794,0.13466151575668545,1.9844674545084815,3.452806203561056,3.5447464320801902,98.0,3.498776317820623,0.04597011425956721,0.23048846715379465,1.9844674545084815,completed,True,COMPLETE
108,2.858262553546535,2026-06-12 12:57:31.421880,2026-06-12 12:57:34.339340,0 days 00:00:02.917460,,,,,,,,,,,,,,,RandomForestRegressor,11.0,sqrt,3.0,8.0,263.0,3,,,,,,,,True,,,,,,,,,,,,,,,,,,,,,,,,,,,,,,,,,,,,,,,,,,,,,,,,,,,,,RandomForestRegressor,"{'mode': 'original', 'type': 'RandomForestRegressor'}",3,"['nodes_T6W40', 'l1_T6W40', 'z_l3_T6W40']",,,,,,,,,,,,,,,pruned,True,PRUNED
109,2.810951461639283,2026-06-12 12:57:34.349971,2026-06-12 12:57:36.616251,0 days 00:00:02.266280,,,,,,,,,,,,,,0.014033922718432842,QuantileRegressor,,,,,,2,,,,,,,,True,,,,,,,,,0.0012840851407689095,0.012104953079308832,98.0,0.006694519110038871,0.005410433969269961,0.027127246740621756,1.9844674545084815,2.7807070097289617,2.8411959135496043,98.0,2.810951461639283,0.03024445191032124,0.15164194113930898,1.9844674545084815,799701029401460.2,1013948620409129.8,98.0,906824824905295.0,107123795503834.73,537105461212483.9,1.9844674545084815,8.505868582981037,8.867370282877275,98.0,8.686619432929156,0.1807508499481191,0.9062624057458615,1.9844674545084815,2.500581165377935,2.572268061674423,98.0,2.536424613526179,0.03584344814824395,0.17971461577291817,1.9844674545084815,99.0,0.41414141414141414,-0.006770952575415516,0.013816277423688876,98.0,0.00352266242413668,0.010293614999552196,0.05161091245763701,1.9844674545084815,QuantileRegressor,"{'mode': 'original', 'type': 'QuantileRegressor'}",2,"['density_T6W40', 'z_l1_T6W40']",0.12995001103952994,0.17988747698011173,94.0,0.15491874400982084,0.0249687329702909,0.12256974668759754,1.985523441866604,3.4229244090266118,3.5086635224323333,98.0,3.4657939657294725,0.04286955670286086,0.21494265505221538,1.9844674545084815,completed,True,COMPLETE
110,2.800813275418992,2026-06-12 12:57:36.630285,2026-06-12 12:57:36.825772,0 days 00:00:00.195487,,,,,,,,,,,,,,0.029103979434538237,QuantileRegressor,,,,,,4,,,,,,,,False,,,,,,,,,,,,,,,,,,,,,,,,,,,,,,,,,,,,,,,,,,,,,,,,,,,,,QuantileRegressor,"{'mode': 'original', 'type': 'QuantileRegressor'}",4,"['lcc_T6W40', 'z_l1_T6W40', 'z_diameter_T6W40', 'z_asp_T6W40']",,,,,,,,,,,,,,,pruned,False,PRUNED
111,2.8110113058485755,2026-06-12 12:57:36.835547,2026-06-12 12:57:39.169574,0 days 00:00:02.334027,,,,,,,,,,,,,,0.013613243669112714,QuantileRegressor,,,,,,2,,,,,,,,True,,,,,,,,,0.0012392174334651205,0.012109798281628293,98.0,0.006674507857546707,0.005435290424081586,0.02725187393071443,1.9844674545084815,2.7807165298764,2.841306081820751,98.0,2.8110113058485755,0.030294775972175537,0.15189425976119136,1.9844674545084815,799486308633772.6,1013743735631235.9,98.0,906615022132504.2,107128713498731.61,537130119430622.1,1.9844674545084815,8.505694038400913,8.866971995124535,98.0,8.686333016762724,0.18063897836181056,0.9057014954487774,1.9844674545084815,2.4990621306827103,2.570850047095199,98.0,2.5349560888889546,0.03589395820624447,0.17996786695647304,1.9844674545084815,99.0,0.41414141414141414,-0.006921060327415672,0.013702949951091776,98.0,0.003390944811838052,0.010312005139253724,0.05170311834354401,1.9844674545084815,QuantileRegressor,"{'mode': 'original', 'type': 'QuantileRegressor'}",2,"['density_T6W40', 'z_l1_T6W40']",0.12940024588128693,0.17930133201484813,94.0,0.15435078894806753,0.02495054306678059,0.12248045373596146,1.985523441866604,3.4231450347954153,3.508888092369048,98.0,3.4660165635822318,0.042871528786816486,0.2149525428372547,1.9844674545084815,completed,True,COMPLETE
112,2.8188223250800983,2026-06-12 12:57:39.183068,2026-06-12 12:57:41.427450,0 days 00:00:02.244382,,,,,,,,,,,,,,0.009401807158930787,QuantileRegressor,,,,,,2,,,,,,,,True,,,,,,,,,-0.0019336956104081494,0.009832022212435801,98.0,0.003949163301013825,0.005882858911421975,0.029495926969411397,1.9844674545084815,2.787456106708545,2.850188543451652,98.0,2.8188223250800983,0.03136621837155373,0.15726633943194976,1.9844674545084815,786342914704892.8,998227193658809.2,98.0,892285054181851.0,105942139476958.31,531180784045054.2,1.9844674545084815,8.52990271416181,8.903203390008084,98.0,8.716553052084947,0.18665033792313698,0.9358417087834023,1.9844674545084815,2.546935094331682,2.62977312737547,98.0,2.588354110853576,0.04141901652189407,0.20766982599270437,1.9844674545084815,99.0,0.45454545454545453,-0.011995302719136524,0.009620272711651924,98.0,-0.0011875150037423004,0.010807787715394224,0.05418891086019849,1.9844674545084815,QuantileRegressor,"{'mode': 'original', 'type': 'QuantileRegressor'}",2,"['density_T6W40', 'z_density_T6W40']",0.12363752881628329,0.17447176825369906,91.0,0.14905464853499117,0.025417119718707883,0.1227322049165127,1.9863771544186177,3.430035527183605,3.5182061381323364,98.0,3.4741208326579707,0.044085305474365614,0.2210382690245022,1.9844674545084815,completed,True,COMPLETE
113,2.8203863832441605,2026-06-12 12:57:41.440480,2026-06-12 12:57:43.772652,0 days 00:00:02.332172,,,,,,,,,,,,,,0.013558066102187395,QuantileRegressor,,,,,,3,,,,,,,,True,,,,,,,,,-0.0030452288778449457,0.009640739454126229,98.0,0.003297755288140642,0.0063429841659855875,0.031802938085900956,1.9844674545084815,2.7891911475430566,2.8515816189452643,98.0,2.8203863832441605,0.031195235701103767,0.15640905347004527,1.9844674545084815,808255846271696.8,1024046865880004.5,98.0,916151356075850.6,107895509804153.94,540974741265974.7,1.9844674545084815,8.49406025413802,8.863546919931125,98.0,8.678803587034572,0.18474333289655215,0.9262802214451228,1.9844674545084815,2.4814587786237614,2.5502120248607096,98.0,2.5158354017422355,0.03437662311847411,0.17236013649567536,1.9844674545084815,99.0,0.4444444444444444,-0.0105532253570298,0.011449012644623282,98.0,0.00044789364379674095,0.01100111900082654,0.05515825001347008,1.9844674545084815,QuantileRegressor,"{'mode': 'original', 'type': 'QuantileRegressor'}",3,"['density_T6W40', 'z_l1_T6W40', 'z_asp_T6W40']",0.1308376166104262,0.18078658950699944,96.0,0.15581210305871282,0.024974486448286624,0.12391542052712894,1.984984311522457,3.4278799931418473,3.5137494339180466,98.0,3.470814713529947,0.042934720388099826,0.21526937771033225,1.9844674545084815,completed,True,COMPLETE
114,2.808378909656402,2026-06-12 12:57:43.804135,2026-06-12 12:57:46.104963,0 days 00:00:02.300828,,,,,,,,,,,,,,0.010158352970206768,QuantileRegressor,,,,,,2,,,,,,,,True,,,,,,,,,0.0018491824977692013,0.013327171224208182,98.0,0.007588176860988691,0.00573899436321949,0.028774607918392012,1.9844674545084815,2.777798417697632,2.8389594016151722,98.0,2.808378909656402,0.030580491958770422,0.1533268043796308,1.9844674545084815,798289035454912.5,1011934798750434.0,98.0,905111917102673.2,106822881647760.75,535596716356201.6,1.9844674545084815,8.502559556851907,8.866569363697668,98.0,8.684564460274787,0.1820049034228806,0.9125500747626186,1.9844674545084815,2.488527460270256,2.5572026080743235,98.0,2.52286503417229,0.03433757390203379,0.17216434855418658,1.9844674545084815,99.0,0.40404040404040403,-0.006380759010009204,0.014598120159380484,98.0,0.00410868057468564,0.010489439584694844,0.05259275270727623,1.9844674545084815,QuantileRegressor,"{'mode': 'original', 'type': 'QuantileRegressor'}",2,"['density_T6W40', 'z_l1_T6W40']",0.13214691162904696,0.18149371102168,96.0,0.15682031132536348,0.02467339969631652,0.12242152428374564,1.984984311522457,3.4218367764120967,3.507509778030632,98.0,3.4646732772213644,0.04283650080926782,0.21477691689020784,1.9844674545084815,completed,True,COMPLETE
115,2.7900095804058056,2026-06-12 12:57:46.118295,2026-06-12 12:57:46.263539,0 days 00:00:00.145244,,,,,,,,,,,,,,,LinearRegression,,,,,,3,,,,,,,,True,,,,,,,,,,,,,,,,,,,,,,,,,,,,,,,,,,,,,,,,,,,,,,,,,,,,,LinearRegression,"{'mode': 'original', 'type': 'LinearRegression'}",3,"['lcc_T6W40', 'density_T6W40', 'z_l1_T6W40']",,,,,,,,,,,,,,,pruned,True,PRUNED
116,2.818365796963708,2026-06-12 12:57:46.272928,2026-06-12 12:57:48.583156,0 days 00:00:02.310228,,,,,,,,,,,,,,0.008850509563437534,QuantileRegressor,,,,,,2,,,,,,,,True,,,,,,,,,-0.001805505476950531,0.010017825429501082,98.0,0.004106159976275276,0.005911665453225807,0.029640359407122497,1.9844674545084815,2.7870035976261667,2.849727996301249,98.0,2.818365796963708,0.0313621993375413,0.15724618849249958,1.9844674545084815,786147166016920.2,998137207014457.5,98.0,892142186515688.9,105995020498768.6,531445922947902.25,1.9844674545084815,8.533570299292485,8.906270717620387,98.0,8.719920508456436,0.18635020916395087,0.9343369003058124,1.9844674545084815,2.5477740406029805,2.63146598625355,98.0,2.589620013428265,0.04184597282528487,0.2098105320904647,1.9844674545084815,99.0,0.4444444444444444,-0.011941964559800197,0.009793953821914227,98.0,-0.0010740053689429852,0.010867959190857212,0.05449060319595247,1.9844674545084815,QuantileRegressor,"{'mode': 'original', 'type': 'QuantileRegressor'}",2,"['density_T6W40', 'z_density_T6W40']",0.1238907969705651,0.17483306787882147,91.0,0.14936193242469328,0.025471135454128182,0.1229930318859604,1.9863771544186177,3.4298288196418514,3.5179542268852484,98.0,3.47389152326355,0.04406270362169831,0.22092494613070413,1.9844674545084815,completed,True,COMPLETE
117,3.5106730283820062,2026-06-12 12:57:48.610015,2026-06-12 12:57:48.781232,0 days 00:00:00.171217,11.0,3.0,11.0,,,,,,,,,,,,DecisionTreeRegressor,,,,,,3,,,,,,,,True,,,,,,,,,,,,,,,,,,,,,,,,,,,,,,,,,,,,,,,,,,,,,,,,,,,,,DecisionTreeRegressor,"{'mode': 'original', 'type': 'DecisionTreeRegressor'}",3,"['nodes_T6W40', 'z_lsc_T6W40', 'z_asp_T6W40']",,,,,,,,,,,,,,,pruned,True,PRUNED
118,2.810908716766389,2026-06-12 12:57:48.791328,2026-06-12 12:57:51.096564,0 days 00:00:02.305236,,,,,,,,,,,,,,0.013484869263768398,QuantileRegressor,,,,,,2,,,,,,,,True,,,,,,,,,0.0012733017601370047,0.0121568309036619,98.0,0.006715066331899452,0.005441764571762447,0.027284334506441157,1.9844674545084815,2.7805659253767296,2.841251508156048,98.0,2.810908716766389,0.030342791389659417,0.15213500312574163,1.9844674545084815,799425679189161.5,1013681807587097.5,98.0,906553743388129.5,107128064198968.0,537126863921914.94,1.9844674545084815,8.506119707848725,8.867214797923957,98.0,8.686667252886341,0.1805475450376164,0.9052430600700597,1.9844674545084815,2.4984929151648987,2.570507911730425,98.0,2.534500413447662,0.036007498282763284,0.18053714285710667,1.9844674545084815,99.0,0.41414141414141414,-0.006912412949952139,0.013713468923726777,98.0,0.003400527986887319,0.010312940936839458,0.05170781031689618,1.9844674545084815,QuantileRegressor,"{'mode': 'original', 'type': 'QuantileRegressor'}",2,"['density_T6W40', 'z_l1_T6W40']",0.12947166886266726,0.1793745204329178,94.0,0.15442309464779252,0.02495142578512526,0.12248478693797181,1.985523441866604,3.423124059900314,3.5088790747403666,98.0,3.4660015673203404,0.042877507420026134,0.2149825189647097,1.9844674545084815,completed,True,COMPLETE
119,2.816764976881291,2026-06-12 12:57:51.109987,2026-06-12 12:57:53.360246,0 days 00:00:02.250259,,,,,,,,,,,,,,0.0038697040782996604,QuantileRegressor,,,,,,3,,,,,,,,True,,,,,,,,,-0.0038275269694279376,0.012847729336148035,98.0,0.004510101183360049,0.008337628152787987,0.041803836331219944,1.9844674545084815,2.782849699969815,2.850680253792767,98.0,2.816764976881291,0.03391527691147609,0.17004700367469136,1.9844674545084815,762690280487221.2,967581289277321.2,98.0,865135784882271.2,102445504395050.03,513649088220358.9,1.9844674545084815,8.560841944248166,8.927930111942606,98.0,8.744386028095386,0.18354408384722004,0.9202673350390665,1.9844674545084815,2.48106569533551,2.5809670201550308,98.0,2.5310163577452705,0.049950662409760184,0.2504464432508175,1.9844674545084815,99.0,0.45454545454545453,-0.015618489966606038,0.013505432337311954,98.0,-0.0010565288146470412,0.014561961151958996,0.07301187214190173,1.9844674545084815,QuantileRegressor,"{'mode': 'original', 'type': 'QuantileRegressor'}",3,"['density_T6W40', 'z_density_T6W40', 'z_asp_T6W40']",0.15356759232453449,0.20674651603391692,97.0,0.1801570541792257,0.026589461854691205,0.13262415880089887,1.9847231860139845,3.427380868382666,3.516938456870727,98.0,3.4721596626266966,0.04477879424403056,0.2245153359424984,1.9844674545084815,completed,True,COMPLETE
120,2.8178850065548375,2026-06-12 12:57:53.387627,2026-06-12 12:57:55.717510,0 days 00:00:02.329883,,,,,,,,,,,,,,0.00990500141160396,QuantileRegressor,,,,,,3,,,,,,,,True,,,,,,,,,-0.002424067543792323,0.010861238233294553,98.0,0.004218585344751114,0.006642652888543437,0.033305439996735776,1.9844674545084815,2.7859291546299634,2.8498408584797117,98.0,2.8178850065548375,0.03195585192487434,0.16022268914036994,1.9844674545084815,780946915745287.5,991820170455117.5,98.0,886383543100202.5,105436627354915.05,528646208788627.4,1.9844674545084815,8.518691596656868,8.878658869397906,98.0,8.698675233027387,0.17998363637051806,0.9024156917594147,1.9844674545084815,2.5101545604304163,2.6047376587587956,98.0,2.557446109594606,0.047291549164189824,0.23711397832590575,1.9844674545084815,99.0,0.41414141414141414,-0.010625687954454347,0.011844411846759998,98.0,0.0006093619461528258,0.011235049900607173,0.05633115061158257,1.9844674545084815,QuantileRegressor,"{'mode': 'original', 'type': 'QuantileRegressor'}",3,"['density_T6W40', 'z_density_T6W40', 'z_asp_T6W40']",0.1335742968691926,0.1835496525796964,93.0,0.1585619747244445,0.024987677855251914,0.12199834016408836,1.9858018143458227,3.4270290329861997,3.514267001457151,98.0,3.4706480172216754,0.04361898423547557,0.2187001920089408,1.9844674545084815,completed,True,COMPLETE
121,2.8108901800018318,2026-06-12 12:57:55.730468,2026-06-12 12:57:58.016896,0 days 00:00:02.286428,,,,,,,,,,,,,,0.014935284165052999,QuantileRegressor,,,,,,2,,,,,,,,True,,,,,,,,,0.0013573715090405836,0.012080955989121272,98.0,0.006719163749080928,0.005361792240040344,0.026883363126442763,1.9844674545084815,2.7806824801626204,2.841097879841043,98.0,2.8108901800018318,0.03020769983921113,0.1514576708003869,1.9844674545084815,799842930809202.0,1014090338528615.8,98.0,906966634668908.9,107123703859706.92,537105001720161.94,1.9844674545084815,8.505290884381495,8.867151901330761,98.0,8.686221392856128,0.18093050847463227,0.9071631913770069,1.9844674545084815,2.501386319819644,2.573152013810773,98.0,2.5372691668152085,0.03588284699556428,0.17991215672039576,1.9844674545084815,99.0,0.41414141414141414,-0.0065348999666572346,0.013886968845779345,98.0,0.003676034439561055,0.01021093440621829,0.05119636218888426,1.9844674545084815,QuantileRegressor,"{'mode': 'original', 'type': 'QuantileRegressor'}",2,"['density_T6W40', 'z_l1_T6W40']",0.12975837839319065,0.17983334555722907,94.0,0.15479586197520986,0.025037483582019217,0.12290723858493105,1.985523441866604,3.4226888957221293,3.5084313446686037,98.0,3.4655601201953665,0.04287122447323742,0.21495101704660785,1.9844674545084815,completed,True,COMPLETE
122,2.8104374883925383,2026-06-12 12:57:58.030113,2026-06-12 12:57:58.233899,0 days 00:00:00.203786,,,,,,,,,,,,,,0.013705597041850297,QuantileRegressor,,,,,,20,,,,,,,,True,,,,,,,,,,,,,,,,,,,,,,,,,,,,,,,,,,,,,,,,,,,,,,,,,,,,,QuantileRegressor,"{'mode': 'original', 'type': 'QuantileRegressor'}",20,"['re_T6W40', 'pe_T6W40', 'l1_T6W40', 'l2_T6W40', 'l3_T6W40', 'lcc_T6W40', 'lsc_T6W40', 'atd_T6W40', 'density_T6W40', 'diameter_T6W40', 'asp_T6W40', 'z_re_T6W40', 'z_pe_T6W40', 'z_l1_T6W40', 'z_l2_T6W40', 'z_l3_T6W40', 'z_lsc_T6W40', 'z_density_T6W40', 'z_diameter_T6W40', 'z_asp_T6W40']",,,,,,,,,,,,,,,pruned,True,PRUNED
123,2.820468544924328,2026-06-12 12:57:58.243734,2026-06-12 12:57:58.441072,0 days 00:00:00.197338,,,,,,,,,,,,,,0.03338586202678806,QuantileRegressor,,,,,,2,,,,,,,,True,,,,,,,,,,,,,,,,,,,,,,,,,,,,,,,,,,,,,,,,,,,,,,,,,,,,,QuantileRegressor,"{'mode': 'original', 'type': 'QuantileRegressor'}",2,"['density_T6W40', 'z_l1_T6W40']",,,,,,,,,,,,,,,pruned,True,PRUNED
124,2.8304782735465115,2026-06-12 12:57:58.450682,2026-06-12 12:58:00.171208,0 days 00:00:01.720526,,,,0.1744467223563144,0.3399692346433054,,,,,,,,,,ElasticNet,,,,,,2,,,,,,,,True,,,,,,,,,-0.004626118399170526,0.003842210926558994,98.0,-0.00039195373630576593,0.00423416466286476,0.02122957792338648,1.9844674545084815,2.8037703245554555,2.8571862225375675,98.0,2.8304782735465115,0.026707948991055813,0.13391035290909772,1.9844674545084815,874812494733871.2,1108722691122539.5,98.0,991767592928205.4,116955098194334.11,586398396932924.9,1.9844674545084815,8.095380115939038,8.444147407426977,98.0,8.269763761683008,0.17438364574396947,0.8743380313842247,1.9844674545084815,2.517863710689886,2.572849099824981,98.0,2.5453564052574333,0.027492694567547608,0.13784497016956432,1.9844674545084815,99.0,0.24242424242424243,0.006895360337843016,0.021662263378530427,98.0,0.014278811858186722,0.007383451520343706,0.03701971271203008,1.9844674545084815,ElasticNet,"{'mode': 'original', 'type': 'ElasticNet'}",2,"['lcc_T6W40', 'z_l1_T6W40']",0.13140827998004156,0.17752460776996531,98.0,0.15446644387500344,0.023058163894961868,0.11561078185540206,1.9844674545084815,3.4080327106210135,3.48602819145249,98.0,3.4470304510367518,0.03899774041573833,0.1955298470682926,1.9844674545084815,completed,True,COMPLETE
