number,value,datetime_start,datetime_complete,duration,params_dt_max_depth,params_dt_min_samples_leaf,params_dt_min_samples_split,params_elastic_alpha,params_elastic_l1_ratio,params_et_max_depth,params_et_max_features,params_et_min_samples_leaf,params_et_min_samples_split,params_et_n_estimators,params_knn_metric,params_knn_n_neighbors,params_knn_weights,params_quantile_alpha,params_regressor,params_rf_max_depth,params_rf_max_features,params_rf_min_samples_leaf,params_rf_min_samples_split,params_rf_n_estimators,params_rfe_n_features,params_rfe_proxy_et_max_depth,params_rfe_proxy_et_min_samples_leaf,params_rfe_proxy_et_min_samples_split,params_rfe_proxy_et_n_estimators,params_rfe_proxy_lsvr_C,params_rfe_proxy_lsvr_epsilon,params_rfe_proxy_type,params_use_scaler,params_xgb_booster,params_xgb_colsample_bytree,params_xgb_learning_rate,params_xgb_max_depth,params_xgb_n_estimators,params_xgb_reg_alpha,params_xgb_reg_lambda,params_xgb_subsample,user_attrs_d2mae_ci_lower_val,user_attrs_d2mae_ci_upper_val,user_attrs_d2mae_df_val,user_attrs_d2mae_mean_val,user_attrs_d2mae_samperror_val,user_attrs_d2mae_std_val,user_attrs_d2mae_t_critical_val,user_attrs_mae_ci_lower_val,user_attrs_mae_ci_upper_val,user_attrs_mae_df_val,user_attrs_mae_mean_val,user_attrs_mae_samperror_val,user_attrs_mae_std_val,user_attrs_mae_t_critical_val,user_attrs_mape_ci_lower_val,user_attrs_mape_ci_upper_val,user_attrs_mape_df_val,user_attrs_mape_mean_val,user_attrs_mape_samperror_val,user_attrs_mape_std_val,user_attrs_mape_t_critical_val,user_attrs_max_error_ci_lower_val,user_attrs_max_error_ci_upper_val,user_attrs_max_error_df_val,user_attrs_max_error_mean_val,user_attrs_max_error_samperror_val,user_attrs_max_error_std_val,user_attrs_max_error_t_critical_val,user_attrs_median_ae_ci_lower_val,user_attrs_median_ae_ci_upper_val,user_attrs_median_ae_df_val,user_attrs_median_ae_mean_val,user_attrs_median_ae_samperror_val,user_attrs_median_ae_std_val,user_attrs_median_ae_t_critical_val,user_attrs_n_splits_val,user_attrs_r2_below_zero_val,user_attrs_r2_ci_lower_val,user_attrs_r2_ci_upper_val,user_attrs_r2_df_val,user_attrs_r2_mean_val,user_attrs_r2_samperror_val,user_attrs_r2_std_val,user_attrs_r2_t_critical_val,user_attrs_regressor_final,user_attrs_rfe_estimator,user_attrs_rfe_n_features,user_attrs_rfe_selected_features,user_attrs_rho_ci_lower_val,user_attrs_rho_ci_upper_val,user_attrs_rho_df_val,user_attrs_rho_mean_val,user_attrs_rho_samperror_val,user_attrs_rho_std_val,user_attrs_rho_t_critical_val,user_attrs_rmse_ci_lower_val,user_attrs_rmse_ci_upper_val,user_attrs_rmse_df_val,user_attrs_rmse_mean_val,user_attrs_rmse_samperror_val,user_attrs_rmse_std_val,user_attrs_rmse_t_critical_val,user_attrs_termination_reason,user_attrs_use_scaler_final,state
263,2.9947998202754524,2026-06-12 13:01:39.830279,2026-06-12 13:01:39.978286,0 days 00:00:00.148007,,,,,,,,,,,minkowski,6.0,distance,,KNeighborsRegressor,,,,,,2,,,,,0.2563669074485668,0.006518277669551252,LinearSVR,,,,,,,,,,,,,,,,,,,,,,,,,,,,,,,,,,,,,,,,,,,,,,,,,,,,,,KNeighborsRegressor,"{'mode': 'proxy', 'type': 'LinearSVR'}",2,"['lcc_T6W40', 'z_l1_T6W40']",,,,,,,,,,,,,,,pruned,True,PRUNED
264,2.8172523497284216,2026-06-12 13:01:39.987952,2026-06-12 13:01:42.302000,0 days 00:00:02.314048,,,,,,,,,,,,,,0.0064468099670632155,QuantileRegressor,,,,,,3,,,,,,,,True,,,,,,,,,-0.0033962182225768887,0.012080049720886936,98.0,0.004341915749155024,0.007738133971731912,0.03879804665493091,1.9844674545084815,2.7844094492698477,2.8500952501869956,98.0,2.8172523497284216,0.03284290045857404,0.16467024077509132,1.9844674545084815,771988343259899.6,980033706395224.4,98.0,876011024827562.0,104022681567662.42,521556859493077.25,1.9844674545084815,8.540650143039112,8.905519742666904,98.0,8.723084942853008,0.18243479981389663,0.9147055220960916,1.9844674545084815,2.490866926239876,2.586888558175476,98.0,2.538877742207676,0.04801081596780009,0.2407202931177868,1.9844674545084815,99.0,0.4444444444444444,-0.01418347081378278,0.012856542853575147,98.0,-0.0006634639801038173,0.013520006833678964,0.067787642062581,1.9844674545084815,QuantileRegressor,"{'mode': 'original', 'type': 'QuantileRegressor'}",3,"['density_T6W40', 'z_density_T6W40', 'z_asp_T6W40']",0.14342459025190088,0.19597558359268993,95.0,0.1697000869222954,0.026275496670394534,0.1296794399640493,1.9852510035054978,3.427742158098713,3.5160376622414535,98.0,3.4718899101700833,0.04414775207137033,0.22135136853827148,1.9844674545084815,completed,True,COMPLETE
265,2.811405639461519,2026-06-12 13:01:42.315199,2026-06-12 13:01:43.650744,0 days 00:00:01.335545,,,,,,20.0,log2,4.0,10.0,177.0,,,,,ExtraTreesRegressor,,,,,,2,,,,,,,,True,,,,,,,,,,,,,,,,,,,,,,,,,,,,,,,,,,,,,,,,,,,,,,,,,,,,,ExtraTreesRegressor,"{'mode': 'original', 'type': 'ExtraTreesRegressor'}",2,"['nodes_T6W40', 'lcc_T6W40']",,,,,,,,,,,,,,,pruned,True,PRUNED
266,2.7627573008805655,2026-06-12 13:01:43.660681,2026-06-12 13:01:44.038655,0 days 00:00:00.377974,,,,,,,,,,,,,,0.010131874230872893,QuantileRegressor,,,,,,2,,,,,,,,True,,,,,,,,,,,,,,,,,,,,,,,,,,,,,,,,,,,,,,,,,,,,,,,,,,,,,QuantileRegressor,"{'mode': 'original', 'type': 'QuantileRegressor'}",2,"['density_T6W40', 'z_l1_T6W40']",,,,,,,,,,,,,,,pruned,True,PRUNED
267,2.873411597790327,2026-06-12 13:01:44.049336,2026-06-12 13:01:46.143799,0 days 00:00:02.094463,,,,,,,,,,,,,,,RandomForestRegressor,6.0,sqrt,2.0,10.0,189.0,3,,,,,,,,True,,,,,,,,,,,,,,,,,,,,,,,,,,,,,,,,,,,,,,,,,,,,,,,,,,,,,RandomForestRegressor,"{'mode': 'original', 'type': 'RandomForestRegressor'}",3,"['atd_T6W40', 'diameter_T6W40', 'z_lsc_T6W40']",,,,,,,,,,,,,,,pruned,True,PRUNED
268,2.81062745414089,2026-06-12 13:01:46.153681,2026-06-12 13:01:48.575478,0 days 00:00:02.421797,,,,,,,,,,,,,,0.01601705815881679,QuantileRegressor,,,,,,2,,,,,,,,True,,,,,,,,,0.0014747511544915696,0.012134180632471774,98.0,0.006804465893481672,0.005329714738990103,0.02672253050363379,1.9844674545084815,2.7805492198973822,2.8407056883843977,98.0,2.81062745414089,0.030078234243507692,0.1508085463162852,1.9844674545084815,800170518622858.8,1014804969768310.2,98.0,907487744195584.5,107317225572725.69,538075295653799.1,1.9844674545084815,8.501836461872921,8.863456109937905,98.0,8.682646285905413,0.18080982403249277,0.9065580945107912,1.9844674545084815,2.5030259590489097,2.5742740103847277,98.0,2.5386499847168187,0.03562402566790905,0.17861445859545477,1.9844674545084815,99.0,0.41414141414141414,-0.00606612802267748,0.01412476333207712,98.0,0.00402931765469982,0.0100954456773773,0.05061731598652334,1.9844674545084815,QuantileRegressor,"{'mode': 'original', 'type': 'QuantileRegressor'}",2,"['density_T6W40', 'z_l1_T6W40']",0.129747566365222,0.17989265044968183,94.0,0.15482010840745192,0.025072542042229924,0.12307933809003596,1.985523441866604,3.4222185400261713,3.507689190851141,98.0,3.4649538654386562,0.04273532541248483,0.214269635964463,1.9844674545084815,completed,True,COMPLETE
269,2.818515949767334,2026-06-12 13:01:48.589759,2026-06-12 13:01:50.952676,0 days 00:00:02.362917,,,,,,,,,,,,,,0.00823801037450575,QuantileRegressor,,,,,,2,,,,,,,,True,,,,,,,,,-0.0019018448395678724,0.010013940639637203,98.0,0.004056047900034666,0.005957892739602538,0.02987213730346381,1.9844674545084815,2.7870515188527363,2.849980380681932,98.0,2.818515949767334,0.03146443091459797,0.1577587649755046,1.9844674545084815,784497905371732.1,995334686407249.1,98.0,889916295889490.6,105418390517758.48,528554771542719.8,1.9844674545084815,8.539573783216154,8.908641107121698,98.0,8.724107445168926,0.1845336619527713,0.9252289572658373,1.9844674545084815,2.546453018529637,2.630425720760705,98.0,2.588439369645171,0.04198635111553385,0.21051437147529772,1.9844674545084815,99.0,0.4444444444444444,-0.012060223097608123,0.009779788761249119,98.0,-0.0011402171681795018,0.01092000592942862,0.054751559105827796,1.9844674545084815,QuantileRegressor,"{'mode': 'original', 'type': 'QuantileRegressor'}",2,"['density_T6W40', 'z_density_T6W40']",0.12500418656022935,0.17555679216344425,91.0,0.1502804893618368,0.025276302801607458,0.12205223917229972,1.9863771544186177,3.429950656456435,3.517983878682844,98.0,3.4739672675696394,0.0440166111132044,0.2206938439939975,1.9844674545084815,completed,True,COMPLETE
270,2.803921568627451,2026-06-12 13:01:50.965780,2026-06-12 13:01:51.170747,0 days 00:00:00.204967,,,,,,,,,,,,,,0.17336798990805127,QuantileRegressor,,,,,,3,,,,,,,,True,,,,,,,,,,,,,,,,,,,,,,,,,,,,,,,,,,,,,,,,,,,,,,,,,,,,,QuantileRegressor,"{'mode': 'original', 'type': 'QuantileRegressor'}",3,"['z_density_T6W40', 'z_diameter_T6W40', 'z_asp_T6W40']",,,,,,,,,,,,,,,pruned,True,PRUNED
271,2.791441008519582,2026-06-12 13:01:51.180105,2026-06-12 13:01:51.379376,0 days 00:00:00.199271,,,,,,,,,,,,,,0.020932697187711125,QuantileRegressor,,,,,,2,,,,,,,,True,,,,,,,,,,,,,,,,,,,,,,,,,,,,,,,,,,,,,,,,,,,,,,,,,,,,,QuantileRegressor,"{'mode': 'original', 'type': 'QuantileRegressor'}",2,"['density_T6W40', 'z_l1_T6W40']",,,,,,,,,,,,,,,pruned,True,PRUNED
272,2.774545996243189,2026-06-12 13:01:51.390549,2026-06-12 13:01:51.596753,0 days 00:00:00.206204,,,,,,,,,,,,,,0.011172937765245014,QuantileRegressor,,,,,,2,,,,,,,,True,,,,,,,,,,,,,,,,,,,,,,,,,,,,,,,,,,,,,,,,,,,,,,,,,,,,,QuantileRegressor,"{'mode': 'original', 'type': 'QuantileRegressor'}",2,"['density_T6W40', 'z_l1_T6W40']",,,,,,,,,,,,,,,pruned,True,PRUNED
273,2.8152164822550785,2026-06-12 13:01:51.606584,2026-06-12 13:01:53.863277,0 days 00:00:02.256693,,,,,,,,,,,,,,0.005452332004110937,QuantileRegressor,,,,,,3,,,,,,,,True,,,,,,,,,-0.0028764577448019708,0.013049366280645942,98.0,0.005086454267921986,0.007962912012723956,0.03992505595113484,1.9844674545084815,2.7817376138417194,2.8486953506684376,98.0,2.8152164822550785,0.03347886841335932,0.16785890544165533,1.9844674545084815,768236540302869.8,975447723477034.5,98.0,871842131889952.1,103605591587082.31,519465621917588.5,1.9844674545084815,8.550980557160893,8.914378986945758,98.0,8.732679772053325,0.18169921489243293,0.9110173902795751,1.9844674545084815,2.4904855019611016,2.5891542342974567,98.0,2.539819868129279,0.049334366168177574,0.24735641012118573,1.9844674545084815,99.0,0.4444444444444444,-0.013516959550734654,0.01404876037751648,98.0,0.0002659004133909137,0.013782859964125567,0.06910555514805056,1.9844674545084815,QuantileRegressor,"{'mode': 'original', 'type': 'QuantileRegressor'}",3,"['density_T6W40', 'z_density_T6W40', 'z_asp_T6W40']",0.1498378096522966,0.20318378124036524,96.0,0.17651079544633091,0.026672985794034314,0.13234283148227263,1.984984311522457,3.425815031405498,3.5145998019551756,98.0,3.4702074166803367,0.044392385274839005,0.22257792916337762,1.9844674545084815,completed,True,COMPLETE
274,2.8106682561000116,2026-06-12 13:01:53.877622,2026-06-12 13:01:56.093494,0 days 00:00:02.215872,,,,,,,,,,,,,,0.015571170611907749,QuantileRegressor,,,,,,2,,,,,,,,True,,,,,,,,,0.001459407250337814,0.0121259886844696,98.0,0.006792697967403707,0.005333290717065893,0.026740460015416394,1.9844674545084815,2.7805569779167327,2.8407795342832904,98.0,2.8106682561000116,0.030111278183278713,0.15097422454330767,1.9844674545084815,800098157639091.6,1014720323567962.4,98.0,907409240603527.0,107311082964435.39,538044497375570.75,1.9844674545084815,8.502531544254111,8.864020752721277,98.0,8.683276148487694,0.1807446042335834,0.9062310905056712,1.9844674545084815,2.5036977566957783,2.5750649238883843,98.0,2.5393813402920813,0.03568358359630294,0.17891307468208995,1.9844674545084815,99.0,0.41414141414141414,-0.006120004243259476,0.014090726180392317,98.0,0.003985360968566421,0.010105365211825897,0.05066705130536608,1.9844674545084815,QuantileRegressor,"{'mode': 'original', 'type': 'QuantileRegressor'}",2,"['density_T6W40', 'z_l1_T6W40']",0.1295594111149036,0.17975459173275826,94.0,0.15465700142383093,0.025097590308927317,0.12320229826217267,1.985523441866604,3.4222687127705913,3.5078043254117763,98.0,3.465036519091184,0.042767806320592565,0.21443249122036345,1.9844674545084815,completed,True,COMPLETE
275,2.81912245927446,2026-06-12 13:01:56.106616,2026-06-12 13:01:58.364191,0 days 00:00:02.257575,,,,,,,,,,,,,,0.007341311302436263,QuantileRegressor,,,,,,3,,,,,,,,True,,,,,,,,,-0.003427739293428202,0.010943343569861246,98.0,0.0037578021382165226,0.0071855414316447245,0.036027416005501745,1.9844674545084815,2.786514894976123,2.851730023572797,98.0,2.81912245927446,0.032607564298336965,0.1634902943748577,1.9844674545084815,774493381919188.6,983362363683444.4,98.0,878927872801316.5,104434490882127.83,523621620461797.94,1.9844674545084815,8.53973238608812,8.90733721895709,98.0,8.723534802522606,0.18380241643448442,0.9215625826801369,1.9844674545084815,2.5083125786583693,2.606759654448079,98.0,2.557536116553224,0.049223537894854966,0.2468007308663726,1.9844674545084815,99.0,0.43434343434343436,-0.014809042671011902,0.010572106473398237,98.0,-0.002118468098806832,0.01269057457220507,0.06362897129061884,1.9844674545084815,QuantileRegressor,"{'mode': 'original', 'type': 'QuantileRegressor'}",3,"['density_T6W40', 'z_density_T6W40', 'z_asp_T6W40']",0.13833173544083327,0.1884432900392315,93.0,0.16338751274003238,0.025055777299199104,0.12233082480615,1.9858018143458227,3.4305941040545407,3.5192420561902975,98.0,3.474918080122419,0.04432397606787833,0.22223493386076557,1.9844674545084815,completed,True,COMPLETE
276,2.7745805379918305,2026-06-12 13:01:58.377955,2026-06-12 13:01:58.636325,0 days 00:00:00.258370,,,,,,,,,,,,,,0.01258282709726432,QuantileRegressor,,,,,,2,,,,,,,,True,,,,,,,,,,,,,,,,,,,,,,,,,,,,,,,,,,,,,,,,,,,,,,,,,,,,,QuantileRegressor,"{'mode': 'original', 'type': 'QuantileRegressor'}",2,"['density_T6W40', 'z_l1_T6W40']",,,,,,,,,,,,,,,pruned,True,PRUNED
277,2.785041988043017,2026-06-12 13:01:58.646829,2026-06-12 13:01:58.893986,0 days 00:00:00.247157,,,,,,,,,,,,,,,LinearRegression,,,,,,2,,,,,,,,True,,,,,,,,,,,,,,,,,,,,,,,,,,,,,,,,,,,,,,,,,,,,,,,,,,,,,LinearRegression,"{'mode': 'original', 'type': 'LinearRegression'}",2,"['lcc_T6W40', 'density_T6W40']",,,,,,,,,,,,,,,pruned,True,PRUNED
278,2.818774018732984,2026-06-12 13:01:58.904822,2026-06-12 13:02:01.176093,0 days 00:00:02.271271,,,,,,,,,,,,,,0.009196066596610243,QuantileRegressor,,,,,,2,,,,,,,,True,,,,,,,,,-0.001910756777587585,0.00984602729229287,98.0,0.003967635257352642,0.0058783920349402274,0.029473530603210743,1.9844674545084815,2.787400574762989,2.850147462702979,98.0,2.818774018732984,0.03137344396999472,0.15730256768884573,1.9844674545084815,786091344224004.9,997989958952691.6,98.0,892040651588348.2,105949307364343.39,531216722945853.75,1.9844674545084815,8.530534538983089,8.90365465008397,98.0,8.71709459453353,0.18656005555044158,0.9353890441331456,1.9844674545084815,2.54531197255679,2.6285686677145486,98.0,2.5869403201356693,0.04162834757887938,0.20871938602163523,1.9844674545084815,99.0,0.45454545454545453,-0.012028073408728655,0.009581393672655411,98.0,-0.001223339868036622,0.010804733540692033,0.054173597605992656,1.9844674545084815,QuantileRegressor,"{'mode': 'original', 'type': 'QuantileRegressor'}",2,"['density_T6W40', 'z_density_T6W40']",0.12378962414477354,0.174634338296718,91.0,0.14921198122074578,0.02542235707597224,0.12275749465870628,1.9863771544186177,3.4301035775250734,3.5182612135316664,98.0,3.47418239552837,0.044078818003296535,0.22100574164695486,1.9844674545084815,completed,True,COMPLETE
279,2.832038242162359,2026-06-12 13:02:01.189445,2026-06-12 13:02:02.949337,0 days 00:00:01.759892,,,,0.0010048102795191078,0.4329992585213331,,,,,,,,,,ElasticNet,,,,,,3,,,,,,,,True,,,,,,,,,-0.006310488038119645,0.004477663670820532,98.0,-0.0009164121836495563,0.005394075854470088,0.027045229176243746,1.9844674545084815,2.8033579421698556,2.860718542154862,98.0,2.832038242162359,0.028680299992503225,0.14379947688312078,1.9844674545084815,861957248215827.4,1090844969723489.6,98.0,976401108969658.5,114443860753831.08,573807363004826.8,1.9844674545084815,8.145112867311477,8.503020190356624,98.0,8.32406652883405,0.17895366152257342,0.8972515252626929,1.9844674545084815,2.479395412247475,2.5473916410441535,98.0,2.5133935266458143,0.03399811439833932,0.170462340588195,1.9844674545084815,99.0,0.36363636363636365,-0.0016045814919432976,0.018216510159631216,98.0,0.00830596433384396,0.009910545825787258,0.049690250999707836,1.9844674545084815,ElasticNet,"{'mode': 'original', 'type': 'ElasticNet'}",3,"['l1_T6W40', 'lcc_T6W40', 'z_l1_T6W40']",0.12154905659002835,0.16858598811501968,98.0,0.14506752235252401,0.023518465762495673,0.11791867848748006,1.9844674545084815,3.41644948959872,3.4974039793034777,98.0,3.4569267344510988,0.04047724485237899,0.20294789932335253,1.9844674545084815,completed,True,COMPLETE
280,2.780421604617829,2026-06-12 13:02:03.002669,2026-06-12 13:02:03.210227,0 days 00:00:00.207558,,,,,,,,,,,,,,0.010207938700779573,QuantileRegressor,,,,,,2,,,,,,,,False,,,,,,,,,,,,,,,,,,,,,,,,,,,,,,,,,,,,,,,,,,,,,,,,,,,,,QuantileRegressor,"{'mode': 'original', 'type': 'QuantileRegressor'}",2,"['lcc_T6W40', 'z_l1_T6W40']",,,,,,,,,,,,,,,pruned,False,PRUNED
281,3.014709509451987,2026-06-12 13:02:03.220633,2026-06-12 13:02:03.357835,0 days 00:00:00.137202,7.0,4.0,20.0,,,,,,,,,,,,DecisionTreeRegressor,,,,,,2,,,,,,,,True,,,,,,,,,,,,,,,,,,,,,,,,,,,,,,,,,,,,,,,,,,,,,,,,,,,,,DecisionTreeRegressor,"{'mode': 'original', 'type': 'DecisionTreeRegressor'}",2,"['atd_T6W40', 'z_l1_T6W40']",,,,,,,,,,,,,,,pruned,True,PRUNED
282,2.7807509052070696,2026-06-12 13:02:03.367789,2026-06-12 13:02:03.576957,0 days 00:00:00.209168,,,,,,,,,,,,,,0.01351613338999329,QuantileRegressor,,,,,,3,,,,,,,,True,,,,,,,,,,,,,,,,,,,,,,,,,,,,,,,,,,,,,,,,,,,,,,,,,,,,,QuantileRegressor,"{'mode': 'original', 'type': 'QuantileRegressor'}",3,"['density_T6W40', 'z_l1_T6W40', 'z_asp_T6W40']",,,,,,,,,,,,,,,pruned,True,PRUNED
283,2.8182654378423164,2026-06-12 13:02:03.587256,2026-06-12 13:02:05.919562,0 days 00:00:02.332306,,,,,,,,,,,,,,0.007605953392215382,QuantileRegressor,,,,,,2,,,,,,,,True,,,,,,,,,-0.0018465179231692648,0.010138043161701013,98.0,0.004145762619265875,0.005992280542435139,0.030044553493663372,1.9844674545084815,2.7867353272727207,2.849795548411912,98.0,2.8182654378423164,0.0315301105695956,0.15808807464217445,1.9844674545084815,784033016024171.5,994912065719364.2,98.0,889472540871767.9,105439524847596.34,528660736458559.44,1.9844674545084815,8.539452710707574,8.909470176583207,98.0,8.72446144364539,0.18500873293781714,0.9276109044264249,1.9844674545084815,2.545550438694975,2.6298169680352164,98.0,2.5876837033650957,0.04213326467012051,0.2112509778672157,1.9844674545084815,99.0,0.43434343434343436,-0.011976922240166587,0.009932227913266282,98.0,-0.0010223471634501521,0.010954575076716435,0.05492488453469649,1.9844674545084815,QuantileRegressor,"{'mode': 'original', 'type': 'QuantileRegressor'}",2,"['density_T6W40', 'z_density_T6W40']",0.12553105596565772,0.17624613158688612,91.0,0.15088859377627192,0.02535753781061421,0.1224445004466751,1.9863771544186177,3.429708041265584,3.51780167480798,98.0,3.473754858036782,0.044046816771198136,0.22084529142723722,1.9844674545084815,completed,True,COMPLETE
284,2.775531302560147,2026-06-12 13:02:05.932919,2026-06-12 13:02:06.196980,0 days 00:00:00.264061,,,,,,,,,,,,,,0.018828127807519503,QuantileRegressor,,,,,,3,,,,,,,,True,,,,,,,,,,,,,,,,,,,,,,,,,,,,,,,,,,,,,,,,,,,,,,,,,,,,,QuantileRegressor,"{'mode': 'original', 'type': 'QuantileRegressor'}",3,"['density_T6W40', 'z_l1_T6W40', 'z_l3_T6W40']",,,,,,,,,,,,,,,pruned,True,PRUNED
285,2.774545996243189,2026-06-12 13:02:06.206812,2026-06-12 13:02:06.409518,0 days 00:00:00.202706,,,,,,,,,,,,,,0.011138885924321223,QuantileRegressor,,,,,,2,,,,,,,,True,,,,,,,,,,,,,,,,,,,,,,,,,,,,,,,,,,,,,,,,,,,,,,,,,,,,,QuantileRegressor,"{'mode': 'original', 'type': 'QuantileRegressor'}",2,"['density_T6W40', 'z_l1_T6W40']",,,,,,,,,,,,,,,pruned,True,PRUNED
286,2.801175964579863,2026-06-12 13:02:06.418799,2026-06-12 13:02:06.709664,0 days 00:00:00.290865,,,,,,,,,,,,,,,XGBRegressor,,,,,,2,,,,,,,,True,gblinear,0.8611406400406466,0.0010807707640950852,8.0,403.0,9.704712960070682e-07,0.016612070345080665,0.8734118150227722,,,,,,,,,,,,,,,,,,,,,,,,,,,,,,,,,,,,,,,,,,,,,XGBRegressor,"{'mode': 'original', 'type': 'XGBRegressor'}",2,"['density_T6W40', 'z_l1_T6W40']",,,,,,,,,,,,,,,pruned,True,PRUNED
287,2.818364001538874,2026-06-12 13:02:06.719439,2026-06-12 13:02:08.944875,0 days 00:00:02.225436,,,,,,,,,,,,,,0.008659473592960591,QuantileRegressor,,,,,,2,,,,,,,,True,,,,,,,,,-0.00181058463099683,0.01003415975451126,98.0,0.004111787561757215,0.005922372192754045,0.029694041674870286,1.9844674545084815,2.7869320189174007,2.849795984160347,98.0,2.818364001538874,0.03143198262147308,0.15759607324709418,1.9844674545084815,785554280507414.4,996916177283628.9,98.0,891235228895521.6,105680948388107.27,529871204230577.7,1.9844674545084815,8.534993676813887,8.906511145020769,98.0,8.720752410917328,0.18575873410344074,0.931371317508108,1.9844674545084815,2.5475204333823163,2.631329247586649,98.0,2.5894248404844826,0.04190440710216617,0.21010351432739288,1.9844674545084815,99.0,0.4444444444444444,-0.011819033426279974,0.009931042920482918,98.0,-0.0009439952528985281,0.010875038173381446,0.054526096338775795,1.9844674545084815,QuantileRegressor,"{'mode': 'original', 'type': 'QuantileRegressor'}",2,"['density_T6W40', 'z_density_T6W40']",0.12430892877167717,0.1751791900792893,91.0,0.14974405942548324,0.025435130653806075,0.12281917471488768,1.9863771544186177,3.4296146013803286,3.517696435356159,98.0,3.473655518368244,0.044040916987915305,0.2208157106435628,1.9844674545084815,completed,True,COMPLETE
288,2.8197253981316424,2026-06-12 13:02:08.958051,2026-06-12 13:02:09.160612,0 days 00:00:00.202561,,,,,,,,,,,,,,0.015219114496082948,QuantileRegressor,,,,,,12,,,,,,,,True,,,,,,,,,,,,,,,,,,,,,,,,,,,,,,,,,,,,,,,,,,,,,,,,,,,,,QuantileRegressor,"{'mode': 'original', 'type': 'QuantileRegressor'}",12,"['density_T6W40', 'diameter_T6W40', 'asp_T6W40', 'z_re_T6W40', 'z_pe_T6W40', 'z_l1_T6W40', 'z_l2_T6W40', 'z_l3_T6W40', 'z_lsc_T6W40', 'z_density_T6W40', 'z_diameter_T6W40', 'z_asp_T6W40']",,,,,,,,,,,,,,,pruned,True,PRUNED
