number,value,datetime_start,datetime_complete,duration,params_dt_max_depth,params_dt_min_samples_leaf,params_dt_min_samples_split,params_elastic_alpha,params_elastic_l1_ratio,params_et_max_depth,params_et_max_features,params_et_min_samples_leaf,params_et_min_samples_split,params_et_n_estimators,params_knn_metric,params_knn_n_neighbors,params_knn_weights,params_quantile_alpha,params_regressor,params_rf_max_depth,params_rf_max_features,params_rf_min_samples_leaf,params_rf_min_samples_split,params_rf_n_estimators,params_rfe_n_features,params_rfe_proxy_et_max_depth,params_rfe_proxy_et_min_samples_leaf,params_rfe_proxy_et_min_samples_split,params_rfe_proxy_et_n_estimators,params_rfe_proxy_lsvr_C,params_rfe_proxy_lsvr_epsilon,params_rfe_proxy_type,params_use_scaler,params_xgb_booster,params_xgb_colsample_bytree,params_xgb_learning_rate,params_xgb_max_depth,params_xgb_n_estimators,params_xgb_reg_alpha,params_xgb_reg_lambda,params_xgb_subsample,user_attrs_d2mae_ci_lower_val,user_attrs_d2mae_ci_upper_val,user_attrs_d2mae_df_val,user_attrs_d2mae_mean_val,user_attrs_d2mae_samperror_val,user_attrs_d2mae_std_val,user_attrs_d2mae_t_critical_val,user_attrs_mae_ci_lower_val,user_attrs_mae_ci_upper_val,user_attrs_mae_df_val,user_attrs_mae_mean_val,user_attrs_mae_samperror_val,user_attrs_mae_std_val,user_attrs_mae_t_critical_val,user_attrs_mape_ci_lower_val,user_attrs_mape_ci_upper_val,user_attrs_mape_df_val,user_attrs_mape_mean_val,user_attrs_mape_samperror_val,user_attrs_mape_std_val,user_attrs_mape_t_critical_val,user_attrs_max_error_ci_lower_val,user_attrs_max_error_ci_upper_val,user_attrs_max_error_df_val,user_attrs_max_error_mean_val,user_attrs_max_error_samperror_val,user_attrs_max_error_std_val,user_attrs_max_error_t_critical_val,user_attrs_median_ae_ci_lower_val,user_attrs_median_ae_ci_upper_val,user_attrs_median_ae_df_val,user_attrs_median_ae_mean_val,user_attrs_median_ae_samperror_val,user_attrs_median_ae_std_val,user_attrs_median_ae_t_critical_val,user_attrs_n_splits_val,user_attrs_r2_below_zero_val,user_attrs_r2_ci_lower_val,user_attrs_r2_ci_upper_val,user_attrs_r2_df_val,user_attrs_r2_mean_val,user_attrs_r2_samperror_val,user_attrs_r2_std_val,user_attrs_r2_t_critical_val,user_attrs_regressor_final,user_attrs_rfe_estimator,user_attrs_rfe_n_features,user_attrs_rfe_selected_features,user_attrs_rho_ci_lower_val,user_attrs_rho_ci_upper_val,user_attrs_rho_df_val,user_attrs_rho_mean_val,user_attrs_rho_samperror_val,user_attrs_rho_std_val,user_attrs_rho_t_critical_val,user_attrs_rmse_ci_lower_val,user_attrs_rmse_ci_upper_val,user_attrs_rmse_df_val,user_attrs_rmse_mean_val,user_attrs_rmse_samperror_val,user_attrs_rmse_std_val,user_attrs_rmse_t_critical_val,user_attrs_termination_reason,user_attrs_use_scaler_final,state
171,2.8103975310149325,2026-06-12 12:59:02.256571,2026-06-12 12:59:04.445177,0 days 00:00:02.188606,,,,,,,,,,,,,,0.0160562779743336,QuantileRegressor,,,,,,2,,,,,,,,True,,,,,,,,,0.001568200779775957,0.012199191539941822,98.0,0.006883696159858889,0.005315495380082932,0.02665123639677302,1.9844674545084815,2.7803625080770087,2.8404325539528563,98.0,2.8103975310149325,0.030035022937923768,0.15059189017461203,1.9844674545084815,800054675412152.9,1014679053194667.1,98.0,907366864303410.0,107312188891257.16,538050042355870.25,1.9844674545084815,8.501793586674587,8.863411189126236,98.0,8.682602387900412,0.18080880122582418,0.9065529662846592,1.9844674545084815,2.5025348995202314,2.5734836276589474,98.0,2.5380092635895894,0.03547436406935798,0.17786407385098693,1.9844674545084815,99.0,0.41414141414141414,-0.0057144504567976494,0.014297940097492223,98.0,0.004291744820347287,0.010006195277144936,0.0501698255185583,1.9844674545084815,QuantileRegressor,"{'mode': 'original', 'type': 'QuantileRegressor'}",2,"['density_T6W40', 'z_l1_T6W40']",0.12999826675051232,0.18002841578018333,94.0,0.15501334126534783,0.025015074514835495,0.12279723405680852,1.985523441866604,3.4218654703421274,3.507146431500047,98.0,3.464505950921087,0.04264048057895975,0.21379409569990726,1.9844674545084815,completed,True,COMPLETE
172,2.81186085447054,2026-06-12 12:59:04.469813,2026-06-12 12:59:06.651598,0 days 00:00:02.181785,,,,,,,,,,,,,,0.01677160272944995,QuantileRegressor,,,,,,2,,,,,,,,True,,,,,,,,,0.0011322005424288907,0.011601018773884954,98.0,0.006366609658156923,0.005234409115728032,0.02624467989632885,1.9844674545084815,2.781935963698941,2.841785745242139,98.0,2.81186085447054,0.029924890771599048,0.15003970111418938,1.9844674545084815,799842195616486.9,1014396098467899.1,98.0,907119147042193.0,107276951425706.14,537873366061889.8,1.9844674545084815,8.5027357007135,8.863802411763414,98.0,8.683269056238457,0.18053335552495794,0.9051719156085986,1.9844674545084815,2.5052476181550807,2.579018299041169,98.0,2.542132958598125,0.03688534044304419,0.18493853487418246,1.9844674545084815,99.0,0.42424242424242425,-0.00668537719060752,0.013140096548546804,98.0,0.0032273596789696418,0.009912736869577162,0.0497012366222745,1.9844674545084815,QuantileRegressor,"{'mode': 'original', 'type': 'QuantileRegressor'}",2,"['density_T6W40', 'z_l1_T6W40']",0.12685467841901701,0.1757035502737804,93.0,0.1512791143463987,0.0244244359273817,0.11924840154598086,1.9858018143458227,3.4236677351817515,3.5092142348625868,98.0,3.466440985022169,0.04277324984041758,0.21445978435549262,1.9844674545084815,completed,True,COMPLETE
173,2.8080957745921875,2026-06-12 12:59:06.664512,2026-06-12 12:59:08.937672,0 days 00:00:02.273160,,,,,,,,,,,,,,0.010852476360640897,QuantileRegressor,,,,,,2,,,,,,,,True,,,,,,,,,0.0019695956515242566,0.013414622667844208,98.0,0.007692109159684232,0.005722513508159975,0.028691974949533097,1.9844674545084815,2.777501316425591,2.838690232758784,98.0,2.8080957745921875,0.03059445816659635,0.15339682921828082,1.9844674545084815,798607270546456.0,1012393390034876.2,98.0,905500330290666.1,106893059744210.19,535948580651927.94,1.9844674545084815,8.501541726184502,8.863700121347303,98.0,8.682620923765903,0.18107919758140043,0.9079087001679564,1.9844674545084815,2.488267077269035,2.55750924306214,98.0,2.5228881601655875,0.0346210828965524,0.17358582758732405,1.9844674545084815,99.0,0.40404040404040403,-0.006163977340953524,0.01477436387195711,98.0,0.004305193265501792,0.010469170606455316,0.052491126557320994,1.9844674545084815,QuantileRegressor,"{'mode': 'original', 'type': 'QuantileRegressor'}",2,"['density_T6W40', 'z_l1_T6W40']",0.1327413356848705,0.18213245365480124,96.0,0.15743689466983588,0.02469555898496536,0.12253147159245963,1.984984311522457,3.4215092841615693,3.5071720780694244,98.0,3.464340681115497,0.042831396953927466,0.21475132679079387,1.9844674545084815,completed,True,COMPLETE
174,2.8188223250800983,2026-06-12 12:59:08.954020,2026-06-12 12:59:11.162339,0 days 00:00:02.208319,,,,,,,,,,,,,,0.009375460340208369,QuantileRegressor,,,,,,2,,,,,,,,True,,,,,,,,,-0.0019336956104081494,0.009832022212435801,98.0,0.003949163301013825,0.005882858911421975,0.029495926969411397,1.9844674545084815,2.787456106708545,2.850188543451652,98.0,2.8188223250800983,0.03136621837155373,0.15726633943194976,1.9844674545084815,786342914704892.8,998227193658809.2,98.0,892285054181851.0,105942139476958.31,531180784045054.2,1.9844674545084815,8.52990271416181,8.903203390008084,98.0,8.716553052084947,0.18665033792313698,0.9358417087834023,1.9844674545084815,2.546935094331682,2.62977312737547,98.0,2.588354110853576,0.04141901652189407,0.20766982599270437,1.9844674545084815,99.0,0.45454545454545453,-0.011995302719136524,0.009620272711651924,98.0,-0.0011875150037423004,0.010807787715394224,0.05418891086019849,1.9844674545084815,QuantileRegressor,"{'mode': 'original', 'type': 'QuantileRegressor'}",2,"['density_T6W40', 'z_density_T6W40']",0.12363752881628329,0.17447176825369906,91.0,0.14905464853499117,0.025417119718707883,0.1227322049165127,1.9863771544186177,3.430035527183605,3.5182061381323364,98.0,3.4741208326579707,0.044085305474365614,0.2210382690245022,1.9844674545084815,completed,True,COMPLETE
175,4.027450980392157,2026-06-12 12:59:11.176259,2026-06-12 12:59:11.335870,0 days 00:00:00.159611,,,,,,,,,,,minkowski,1.0,uniform,,KNeighborsRegressor,,,,,,3,,,,,0.1213765829511933,0.008295109008889759,LinearSVR,,,,,,,,,,,,,,,,,,,,,,,,,,,,,,,,,,,,,,,,,,,,,,,,,,,,,,KNeighborsRegressor,"{'mode': 'proxy', 'type': 'LinearSVR'}",3,"['lcc_T6W40', 'z_l1_T6W40', 'z_l3_T6W40']",,,,,,,,,,,,,,,pruned,True,PRUNED
176,2.8080310577212075,2026-06-12 12:59:11.345397,2026-06-12 12:59:13.689427,0 days 00:00:02.344030,,,,,,,,,,,,,,0.011455357579968564,QuantileRegressor,,,,,,2,,,,,,,,True,,,,,,,,,0.002001007983855267,0.013430019778830512,98.0,0.0077155138813428895,0.005714505897487622,0.02865182578003107,1.9844674545084815,2.7774437769286275,2.8386183385137875,98.0,2.8080310577212075,0.03058728079257991,0.15336084275268497,1.9844674545084815,798893138173414.0,1012806566280596.2,98.0,905849852227005.1,106956714053591.11,536267735486177.44,1.9844674545084815,8.501096647552208,8.863193236766575,98.0,8.682144942159391,0.18104829460718444,0.9077537564774248,1.9844674545084815,2.4876374207747163,2.557149288923179,98.0,2.5223933548489477,0.03475593407423132,0.17426195471334327,1.9844674545084815,99.0,0.3939393939393939,-0.006122287347645038,0.014812884539499735,98.0,0.004345298595927348,0.010467585943572387,0.0524831812536226,1.9844674545084815,QuantileRegressor,"{'mode': 'original', 'type': 'QuantileRegressor'}",2,"['density_T6W40', 'z_l1_T6W40']",0.13236967259415627,0.1817529922791492,96.0,0.15706133243665274,0.02469165984249646,0.12251212529359859,1.984984311522457,3.4214088944608165,3.507161967445867,98.0,3.4642854309533417,0.04287653649252526,0.21497765085430806,1.9844674545084815,completed,True,COMPLETE
177,2.8225699887102795,2026-06-12 12:59:13.702337,2026-06-12 12:59:15.968099,0 days 00:00:02.265762,,,,,,,,,,,,,,0.00524149945367559,QuantileRegressor,,,,,,2,,,,,,,,True,,,,,,,,,-0.004087342315322631,0.009206049747317018,98.0,0.002559353715997194,0.006646696031319825,0.03332571181454661,1.9844674545084815,2.790629419133574,2.854510558286985,98.0,2.8225699887102795,0.0319405695767056,0.1601460653368259,1.9844674545084815,785341532619181.9,997005548799846.4,98.0,891173540709514.1,105832008090332.28,530628598893944.4,1.9844674545084815,8.577259425511016,8.98369262371202,98.0,8.780476024611518,0.20321659910050213,1.01890289335389,1.9844674545084815,2.5110017248065852,2.602338719769428,98.0,2.5566702222880067,0.0456684974814215,0.2289761979331846,1.9844674545084815,99.0,0.47474747474747475,-0.018524965278803575,0.005444533885906917,98.0,-0.006540215696448328,0.011984749582355245,0.06009005209040234,1.9844674545084815,QuantileRegressor,"{'mode': 'original', 'type': 'QuantileRegressor'}",2,"['density_T6W40', 'z_asp_T6W40']",0.12177627813453587,0.17557507109188933,90.0,0.1486756746132126,0.02689939647867673,0.1291625189215775,1.9866745407037683,3.438293252821119,3.527717632350766,98.0,3.4830054425859425,0.04471218976482334,0.22418138932162712,1.9844674545084815,completed,True,COMPLETE
178,2.816484889534561,2026-06-12 12:59:15.980892,2026-06-12 12:59:18.286935,0 days 00:00:02.306043,,,,,,,,,,,,,,0.006677330419143193,QuantileRegressor,,,,,,3,,,,,,,,True,,,,,,,,,-0.003020704023672764,0.012276713282040812,98.0,0.004628004629184024,0.007648708652856788,0.03834967916652562,1.9844674545084815,2.783647594235586,2.8493221848335364,98.0,2.816484889534561,0.032837295298975215,0.16464213719812842,1.9844674545084815,773082132532499.5,981094945329961.5,98.0,877088538931230.5,104006406398730.95,521475257809024.3,1.9844674545084815,8.535658382985378,8.902182355950046,98.0,8.718920369467712,0.183261986482334,0.9188529337423115,1.9844674545084815,2.4959625489574235,2.5924963477531535,98.0,2.5442294483552885,0.04826689939786512,0.24200426376284326,1.9844674545084815,99.0,0.42424242424242425,-0.013172220733033238,0.013328516442450334,98.0,7.814785470854727e-05,0.013250368587741786,0.06643570924724841,1.9844674545084815,QuantileRegressor,"{'mode': 'original', 'type': 'QuantileRegressor'}",3,"['density_T6W40', 'z_density_T6W40', 'z_asp_T6W40']",0.14423353066168942,0.1965147965299699,95.0,0.17037416359582966,0.026140632934140224,0.12901383679740683,1.9852510035054978,3.426540706151475,3.514972005589658,98.0,3.4707563558705665,0.04421564971909111,0.22169179894612615,1.9844674545084815,completed,True,COMPLETE
179,2.8079977369199116,2026-06-12 12:59:18.314044,2026-06-12 12:59:20.521177,0 days 00:00:02.207133,,,,,,,,,,,,,,0.011182252823473468,QuantileRegressor,,,,,,2,,,,,,,,True,,,,,,,,,0.0020071870120586966,0.013445129736224009,98.0,0.007726158374141353,0.005718971362082656,0.028674215067206372,1.9844674545084815,2.777415086919042,2.838580386920781,98.0,2.8079977369199116,0.03058265000086964,0.15333762453580213,1.9844674545084815,798796573890582.2,1012661810734334.8,98.0,905729192312458.5,106932618421876.27,536146922968990.75,1.9844674545084815,8.501259098873502,8.863399731316411,98.0,8.682329415094957,0.1810703162214549,0.907864170127667,1.9844674545084815,2.4890164563607464,2.5581505784875262,98.0,2.5235835174241363,0.03456706106338979,0.17331496879745498,1.9844674545084815,99.0,0.3939393939393939,-0.006101434537065081,0.014837309724439392,98.0,0.0043679375936871555,0.010469372130752237,0.052492136975220524,1.9844674545084815,QuantileRegressor,"{'mode': 'original', 'type': 'QuantileRegressor'}",2,"['density_T6W40', 'z_l1_T6W40']",0.1328430541714732,0.18228493109988084,96.0,0.15756399263567702,0.02472093846420381,0.12265739645778584,1.984984311522457,3.421380668170701,3.5070995715956155,98.0,3.4642401198831583,0.04285945171245719,0.21489198988015176,1.9844674545084815,completed,True,COMPLETE
180,2.792488902574413,2026-06-12 12:59:20.538547,2026-06-12 12:59:22.290490,0 days 00:00:01.751943,,,,,,,,,,,,,,,RandomForestRegressor,7.0,sqrt,4.0,9.0,167.0,4,,,,,,,,True,,,,,,,,,,,,,,,,,,,,,,,,,,,,,,,,,,,,,,,,,,,,,,,,,,,,,RandomForestRegressor,"{'mode': 'original', 'type': 'RandomForestRegressor'}",4,"['l1_T6W40', 'density_T6W40', 'diameter_T6W40', 'z_lsc_T6W40']",,,,,,,,,,,,,,,pruned,True,PRUNED
181,2.808027031497568,2026-06-12 12:59:22.300280,2026-06-12 12:59:24.618879,0 days 00:00:02.318599,,,,,,,,,,,,,,0.011113769090653045,QuantileRegressor,,,,,,2,,,,,,,,True,,,,,,,,,0.001996937755466742,0.013434764698305509,98.0,0.0077158512268861255,0.0057189134714193835,0.028673924810580842,1.9844674545084815,2.7774440017107453,2.838610061284391,98.0,2.808027031497568,0.03058302978682264,0.15333952873559722,1.9844674545084815,798799698561012.8,1012660895051236.8,98.0,905730296806124.8,106930598245111.94,536136794052556.9,1.9844674545084815,8.500735972859383,8.862859687511387,98.0,8.681797830185385,0.18106185732600144,0.907821758272089,1.9844674545084815,2.489532180890467,2.5584840992868982,98.0,2.5240081400886827,0.034475959198215764,0.1728581953132681,1.9844674545084815,99.0,0.3939393939393939,-0.006070338383936331,0.01487151449873235,98.0,0.0044005880573980095,0.01047092644133434,0.05249993009623665,1.9844674545084815,QuantileRegressor,"{'mode': 'original', 'type': 'QuantileRegressor'}",2,"['density_T6W40', 'z_l1_T6W40']",0.13288593215966965,0.18232450748538842,96.0,0.15760521982252904,0.02471928766285937,0.12264920570907009,1.984984311522457,3.421330838814074,3.5070281165780393,98.0,3.4641794776960566,0.04284863888198262,0.21483777568552076,1.9844674545084815,completed,True,COMPLETE
182,2.808294663399743,2026-06-12 12:59:24.631743,2026-06-12 12:59:26.975530,0 days 00:00:02.343787,,,,,,,,,,,,,,0.01057719307239664,QuantileRegressor,,,,,,2,,,,,,,,True,,,,,,,,,0.0018925355451428457,0.013349379339794139,98.0,0.007620957442468493,0.005728421897325647,0.028721598882039644,1.9844674545084815,2.7776997270437134,2.838889599755773,98.0,2.808294663399743,0.03059493635602997,0.15339922680095686,1.9844674545084815,798587682821111.6,1012344267511600.1,98.0,905465975166355.9,106878292345244.28,535874538739996.2,1.9844674545084815,8.5007927845433,8.863941559504951,98.0,8.682367172024126,0.18157438748082472,0.9103915210768602,1.9844674545084815,2.488848657771011,2.5578058724044404,98.0,2.5233272650877256,0.03447860731671483,0.1728714726518939,1.9844674545084815,99.0,0.40404040404040403,-0.006277521615019686,0.014670245782230786,98.0,0.00419636208360555,0.010473883698625236,0.05251475741852933,1.9844674545084815,QuantileRegressor,"{'mode': 'original', 'type': 'QuantileRegressor'}",2,"['density_T6W40', 'z_l1_T6W40']",0.13251623603732998,0.1819101646619392,96.0,0.1572132003496346,0.02469696431230463,0.12253844437760916,1.984984311522457,3.421684802885846,3.507378272967801,98.0,3.4645315379268236,0.042846735040977406,0.2148282300621943,1.9844674545084815,completed,True,COMPLETE
183,2.808267076709464,2026-06-12 12:59:26.989714,2026-06-12 12:59:29.286290,0 days 00:00:02.296576,,,,,,,,,,,,,,0.010530494099766958,QuantileRegressor,,,,,,2,,,,,,,,True,,,,,,,,,0.001900900664298823,0.013358884914660672,98.0,0.007629892789479747,0.005728992125180924,0.028724457933978244,1.9844674545084815,2.777680171747344,2.838853981671584,98.0,2.808267076709464,0.03058690496211998,0.1533589583852429,1.9844674545084815,798298981277430.8,1011963723138005.8,98.0,905131352207718.2,106832370930287.5,535644294445123.25,1.9844674545084815,8.50230342113197,8.86618374704744,98.0,8.684243584089705,0.1819401629577348,0.9122254740777037,1.9844674545084815,2.489176907059685,2.5578869127186503,98.0,2.5235319098891678,0.03435500282948267,0.17225173504074487,1.9844674545084815,99.0,0.40404040404040403,-0.006300677084007797,0.014633693395579142,98.0,0.004166508155785673,0.01046718523979347,0.05248117217443554,1.9844674545084815,QuantileRegressor,"{'mode': 'original', 'type': 'QuantileRegressor'}",2,"['density_T6W40', 'z_l1_T6W40']",0.13221666780364588,0.18154867140178532,96.0,0.1568826696027156,0.024666001799069723,0.12238481828179235,1.984984311522457,3.4217470303351534,3.50741984821796,98.0,3.4645834392765567,0.042836408941403156,0.21477645627609693,1.9844674545084815,completed,True,COMPLETE
184,2.8182030669347298,2026-06-12 12:59:29.300739,2026-06-12 12:59:31.727295,0 days 00:00:02.426556,,,,,,,,,,,,,,0.008199366404078376,QuantileRegressor,,,,,,2,,,,,,,,True,,,,,,,,,-0.0017921384209969044,0.010131653470784669,98.0,0.004169757524893882,0.005961895945890787,0.029892208884662607,1.9844674545084815,2.786701322155008,2.8497048117144517,98.0,2.8182030669347298,0.03150174477972181,0.15794585208012688,1.9844674545084815,784293135574237.9,995191764610124.9,98.0,889742450092181.4,105449314517943.53,528709820654859.75,1.9844674545084815,8.537660928782296,8.907342642466455,98.0,8.722501785624376,0.18484085684207874,0.9267691944458921,1.9844674545084815,2.5470066176892425,2.631108650561024,98.0,2.5890576341251332,0.042051016435890536,0.21083859539353433,1.9844674545084815,99.0,0.4444444444444444,-0.011937225173898905,0.009968932489378416,98.0,-0.0009841463422602442,0.01095307883163866,0.05491738254693733,1.9844674545084815,QuantileRegressor,"{'mode': 'original', 'type': 'QuantileRegressor'}",2,"['density_T6W40', 'z_density_T6W40']",0.12516272283784988,0.17585989390586762,91.0,0.15051130837185875,0.02534858553400886,0.12240127239176735,1.9863771544186177,3.429640850083785,3.5177410337526642,98.0,3.4736909419182247,0.04405009183443942,0.2208617121892578,1.9844674545084815,completed,True,COMPLETE
185,2.778177550454989,2026-06-12 12:59:31.745199,2026-06-12 12:59:31.955658,0 days 00:00:00.210459,,,,,,,,,,,,,,0.010860617974319264,QuantileRegressor,,,,,,3,,,,,,,,True,,,,,,,,,,,,,,,,,,,,,,,,,,,,,,,,,,,,,,,,,,,,,,,,,,,,,QuantileRegressor,"{'mode': 'original', 'type': 'QuantileRegressor'}",3,"['density_T6W40', 'z_l1_T6W40', 'z_asp_T6W40']",,,,,,,,,,,,,,,pruned,True,PRUNED
186,2.814099840354706,2026-06-12 12:59:31.965679,2026-06-12 12:59:34.184788,0 days 00:00:02.219109,,,,,,,,,,,,,,0.01803024476093131,QuantileRegressor,,,,,,2,,,,,,,,True,,,,,,,,,0.0005750362973215833,0.010606746620052577,98.0,0.00559089145868708,0.005015855161365497,0.02514887740066859,1.9844674545084815,2.784303411376964,2.843896269332448,98.0,2.814099840354706,0.029796428977741797,0.14939560956839076,1.9844674545084815,800838508538343.6,1015856997924127.1,98.0,908347753231235.4,107509244692891.7,539038055772718.75,1.9844674545084815,8.508611348909934,8.864132849545918,98.0,8.686372099227926,0.17776075031799216,0.8912704160263307,1.9844674545084815,2.495734911348507,2.575995747821468,98.0,2.5358653295849876,0.04013041823648062,0.20120895356796067,1.9844674545084815,99.0,0.45454545454545453,-0.008241478219832184,0.011074069450219309,98.0,0.0014162956151935618,0.009657773835025746,0.048422883501748906,1.9844674545084815,QuantileRegressor,"{'mode': 'original', 'type': 'QuantileRegressor'}",2,"['density_T6W40', 'z_l1_T6W40']",0.12236655675901287,0.1712639957702708,90.0,0.14681527626464183,0.024448719505628956,0.11739513182971928,1.9866745407037683,3.4266928109695485,3.5128494597724007,98.0,3.4697711353709746,0.043078324401425984,0.2159893904717056,1.9844674545084815,completed,True,COMPLETE
