number,value,datetime_start,datetime_complete,duration,params_dt_max_depth,params_dt_min_samples_leaf,params_dt_min_samples_split,params_elastic_alpha,params_elastic_l1_ratio,params_et_max_depth,params_et_max_features,params_et_min_samples_leaf,params_et_min_samples_split,params_et_n_estimators,params_knn_metric,params_knn_n_neighbors,params_knn_weights,params_quantile_alpha,params_regressor,params_rf_max_depth,params_rf_max_features,params_rf_min_samples_leaf,params_rf_min_samples_split,params_rf_n_estimators,params_rfe_n_features,params_rfe_proxy_et_max_depth,params_rfe_proxy_et_min_samples_leaf,params_rfe_proxy_et_min_samples_split,params_rfe_proxy_et_n_estimators,params_rfe_proxy_lsvr_C,params_rfe_proxy_lsvr_epsilon,params_rfe_proxy_type,params_use_scaler,user_attrs_d2mae_ci_lower_val,user_attrs_d2mae_ci_upper_val,user_attrs_d2mae_df_val,user_attrs_d2mae_mean_val,user_attrs_d2mae_samperror_val,user_attrs_d2mae_std_val,user_attrs_d2mae_t_critical_val,user_attrs_mae_ci_lower_val,user_attrs_mae_ci_upper_val,user_attrs_mae_df_val,user_attrs_mae_mean_val,user_attrs_mae_samperror_val,user_attrs_mae_std_val,user_attrs_mae_t_critical_val,user_attrs_mape_ci_lower_val,user_attrs_mape_ci_upper_val,user_attrs_mape_df_val,user_attrs_mape_mean_val,user_attrs_mape_samperror_val,user_attrs_mape_std_val,user_attrs_mape_t_critical_val,user_attrs_max_error_ci_lower_val,user_attrs_max_error_ci_upper_val,user_attrs_max_error_df_val,user_attrs_max_error_mean_val,user_attrs_max_error_samperror_val,user_attrs_max_error_std_val,user_attrs_max_error_t_critical_val,user_attrs_median_ae_ci_lower_val,user_attrs_median_ae_ci_upper_val,user_attrs_median_ae_df_val,user_attrs_median_ae_mean_val,user_attrs_median_ae_samperror_val,user_attrs_median_ae_std_val,user_attrs_median_ae_t_critical_val,user_attrs_n_splits_val,user_attrs_r2_below_zero_val,user_attrs_r2_ci_lower_val,user_attrs_r2_ci_upper_val,user_attrs_r2_df_val,user_attrs_r2_mean_val,user_attrs_r2_samperror_val,user_attrs_r2_std_val,user_attrs_r2_t_critical_val,user_attrs_regressor_final,user_attrs_rfe_estimator,user_attrs_rfe_n_features,user_attrs_rfe_selected_features,user_attrs_rho_ci_lower_val,user_attrs_rho_ci_upper_val,user_attrs_rho_df_val,user_attrs_rho_mean_val,user_attrs_rho_samperror_val,user_attrs_rho_std_val,user_attrs_rho_t_critical_val,user_attrs_rmse_ci_lower_val,user_attrs_rmse_ci_upper_val,user_attrs_rmse_df_val,user_attrs_rmse_mean_val,user_attrs_rmse_samperror_val,user_attrs_rmse_std_val,user_attrs_rmse_t_critical_val,user_attrs_termination_reason,user_attrs_use_scaler_final,state
299,1.7353039586312833,2026-06-12 04:55:51.601012,2026-06-12 04:56:07.092663,0 days 00:00:15.491651,,,,,,15.0,log2,3.0,9.0,272.0,,,,,ExtraTreesRegressor,,,,,,4,,,,,,,,False,-0.0011166132386729935,0.010939008686824419,98.0,0.0049111977240757125,0.006027810962748706,0.03022269862658959,1.9844674545084815,1.7092249251134939,1.7613829921490727,98.0,1.7353039586312833,0.02607903351778937,0.13075704851259368,1.9844674545084815,0.25198822747910654,0.2711619874175538,98.0,0.2615751074483302,0.00958687996922366,0.04806743042701722,1.9844674545084815,5.630998579216736,5.871223353694774,98.0,5.751110966455755,0.12011238723901942,0.6022286536984829,1.9844674545084815,1.402928601945804,1.462304646402484,98.0,1.432616624174144,0.029688022228340057,0.14885207153501437,1.9844674545084815,99.0,0.2727272727272727,0.018648289907477224,0.036554848603313685,98.0,0.027601569255395454,0.008953279347918229,0.04489063527772113,1.9844674545084815,ExtraTreesRegressor,"{'mode': 'original', 'type': 'ExtraTreesRegressor'}",4,"['edges_T2W40', 'l3_T2W40', 'lsc_T2W40', 'z_re_T2W40']",0.1619684560638828,0.2138054411424514,98.0,0.1878869486031671,0.025918492539284296,0.12995211590263606,1.9844674545084815,2.1606596870265196,2.235803680295168,98.0,2.1982316836608438,0.03757199663432421,0.1883813440892337,1.9844674545084815,completed,False,COMPLETE
