number,value,datetime_start,datetime_complete,duration,params_dt_max_depth,params_dt_min_samples_leaf,params_dt_min_samples_split,params_elastic_alpha,params_elastic_l1_ratio,params_et_max_depth,params_et_max_features,params_et_min_samples_leaf,params_et_min_samples_split,params_et_n_estimators,params_knn_metric,params_knn_n_neighbors,params_knn_weights,params_quantile_alpha,params_regressor,params_rf_max_depth,params_rf_max_features,params_rf_min_samples_leaf,params_rf_min_samples_split,params_rf_n_estimators,params_rfe_n_features,params_rfe_proxy_et_max_depth,params_rfe_proxy_et_min_samples_leaf,params_rfe_proxy_et_min_samples_split,params_rfe_proxy_et_n_estimators,params_rfe_proxy_lsvr_C,params_rfe_proxy_lsvr_epsilon,params_rfe_proxy_type,params_use_scaler,user_attrs_d2mae_ci_lower_val,user_attrs_d2mae_ci_upper_val,user_attrs_d2mae_df_val,user_attrs_d2mae_mean_val,user_attrs_d2mae_samperror_val,user_attrs_d2mae_std_val,user_attrs_d2mae_t_critical_val,user_attrs_mae_ci_lower_val,user_attrs_mae_ci_upper_val,user_attrs_mae_df_val,user_attrs_mae_mean_val,user_attrs_mae_samperror_val,user_attrs_mae_std_val,user_attrs_mae_t_critical_val,user_attrs_mape_ci_lower_val,user_attrs_mape_ci_upper_val,user_attrs_mape_df_val,user_attrs_mape_mean_val,user_attrs_mape_samperror_val,user_attrs_mape_std_val,user_attrs_mape_t_critical_val,user_attrs_max_error_ci_lower_val,user_attrs_max_error_ci_upper_val,user_attrs_max_error_df_val,user_attrs_max_error_mean_val,user_attrs_max_error_samperror_val,user_attrs_max_error_std_val,user_attrs_max_error_t_critical_val,user_attrs_median_ae_ci_lower_val,user_attrs_median_ae_ci_upper_val,user_attrs_median_ae_df_val,user_attrs_median_ae_mean_val,user_attrs_median_ae_samperror_val,user_attrs_median_ae_std_val,user_attrs_median_ae_t_critical_val,user_attrs_n_splits_val,user_attrs_r2_below_zero_val,user_attrs_r2_ci_lower_val,user_attrs_r2_ci_upper_val,user_attrs_r2_df_val,user_attrs_r2_mean_val,user_attrs_r2_samperror_val,user_attrs_r2_std_val,user_attrs_r2_t_critical_val,user_attrs_regressor_final,user_attrs_rfe_estimator,user_attrs_rfe_n_features,user_attrs_rfe_selected_features,user_attrs_rho_ci_lower_val,user_attrs_rho_ci_upper_val,user_attrs_rho_df_val,user_attrs_rho_mean_val,user_attrs_rho_samperror_val,user_attrs_rho_std_val,user_attrs_rho_t_critical_val,user_attrs_rmse_ci_lower_val,user_attrs_rmse_ci_upper_val,user_attrs_rmse_df_val,user_attrs_rmse_mean_val,user_attrs_rmse_samperror_val,user_attrs_rmse_std_val,user_attrs_rmse_t_critical_val,user_attrs_termination_reason,user_attrs_use_scaler_final,state
199,1.735557440469404,2026-06-12 04:33:26.217869,2026-06-12 04:33:48.651655,0 days 00:00:22.433786,,,,,,6.0,log2,3.0,10.0,419.0,,,,,ExtraTreesRegressor,,,,,,4,,,,,,,,True,-8.524721760976104e-05,0.00980209943285025,98.0,0.004858426107620245,0.004943673325230006,0.024786966601985875,1.9844674545084815,1.7097081178537958,1.7614067630850123,98.0,1.735557440469404,0.025849322615608177,0.1296053064605008,1.9844674545084815,0.2523078886614268,0.2713861294018263,98.0,0.26184700903162655,0.009539120370199784,0.04782796970458489,1.9844674545084815,5.630894926949736,5.869855177664961,98.0,5.750375052307349,0.11948012535761286,0.5990585708254598,1.9844674545084815,1.3356870888410262,1.4008591273735922,98.0,1.3682731081073092,0.032586019266283,0.16338227024890367,1.9844674545084815,99.0,0.3333333333333333,0.0084081986580718,0.02404915538609337,98.0,0.016228677022082586,0.007820478364010786,0.039210911253176245,1.9844674545084815,ExtraTreesRegressor,"{'mode': 'original', 'type': 'ExtraTreesRegressor'}",4,"['edges_T2W40', 'z_re_T2W40', 'z_pe_T2W40', 'z_diameter_T2W40']",0.11732237341708848,0.16830963480506442,98.0,0.14281600411107645,0.02549363069398796,0.12782191115871147,1.9844674545084815,2.173738281849297,2.2486868737290484,98.0,2.2112125777891727,0.03747429593987576,0.18789148489123098,1.9844674545084815,completed,True,COMPLETE
200,1.7384674817089671,2026-06-12 04:33:48.665691,2026-06-12 04:34:03.346887,0 days 00:00:14.681196,,,,,,6.0,log2,3.0,9.0,267.0,,,,,ExtraTreesRegressor,,,,,,3,,,,,,,,True,0.0009843029495286344,0.005487790650777657,98.0,0.0032360468001531454,0.002251743850624511,0.011289965163517364,1.9844674545084815,1.7136116412077802,1.763323322210154,98.0,1.7384674817089671,0.024855840501187002,0.12462411001611756,1.9844674545084815,0.2530409572760608,0.2720243628096415,98.0,0.26253266004285114,0.009491702766790348,0.04759022370586414,1.9844674545084815,5.702711092990953,5.96734910429098,98.0,5.835030098640966,0.13231900565001395,0.663431128654174,1.9844674545084815,1.300612747663804,1.3607873301671816,98.0,1.3307000389154928,0.030087291251688644,0.1508539570351022,1.9844674545084815,99.0,0.25252525252525254,0.007938552673506202,0.015414328268313173,98.0,0.011676440470909688,0.003737887797403486,0.01874130710121307,1.9844674545084815,ExtraTreesRegressor,"{'mode': 'original', 'type': 'ExtraTreesRegressor'}",3,"['edges_T2W40', 'z_re_T2W40', 'z_pe_T2W40']",0.12612452398318036,0.17485891867822123,98.0,0.1504917213307008,0.024367197347520422,0.12217411368071872,1.9844674545084815,2.1796324516885712,2.254220339613949,98.0,2.21692639565126,0.03729394396268883,0.18698722238417573,1.9844674545084815,completed,True,COMPLETE
201,1.7323165660630668,2026-06-12 04:34:03.361263,2026-06-12 04:34:17.522044,0 days 00:00:14.160781,,,,,,6.0,log2,3.0,10.0,251.0,,,,,ExtraTreesRegressor,,,,,,4,,,,,,,,True,0.0016339148122126845,0.011916066004424523,98.0,0.006774990408318604,0.005141075596105919,0.025776717172758017,1.9844674545084815,1.706100286508672,1.7585328456174616,98.0,1.7323165660630668,0.02621627955439468,0.1314451831650654,1.9844674545084815,0.2515183907395561,0.2705768095024797,98.0,0.2610476001210179,0.009529209381461774,0.04777827723287808,1.9844674545084815,5.659359382241961,5.8946286922472915,98.0,5.776994037244626,0.1176346550026653,0.5898056107199471,1.9844674545084815,1.3645510438896795,1.4311091716403772,98.0,1.3978301077650284,0.033279063875348805,0.16685711020059105,1.9844674545084815,99.0,0.26262626262626265,0.0159566058958343,0.03038557003235868,98.0,0.02317108796409649,0.007214482068262187,0.03617252077802307,1.9844674545084815,ExtraTreesRegressor,"{'mode': 'original', 'type': 'ExtraTreesRegressor'}",4,"['edges_T2W40', 'lsc_T2W40', 'z_re_T2W40', 'z_pe_T2W40']",0.15012179239534845,0.20121959133174117,98.0,0.1756706918635448,0.02554889946819636,0.1280990219567581,1.9844674545084815,2.1659306209946623,2.2414557833214177,98.0,2.20369320215804,0.03776258116337773,0.18933691134575037,1.9844674545084815,completed,True,COMPLETE
202,1.7335496152566499,2026-06-12 04:34:17.535401,2026-06-12 04:34:31.850343,0 days 00:00:14.314942,,,,,,5.0,log2,3.0,10.0,255.0,,,,,ExtraTreesRegressor,,,,,,4,,,,,,,,True,0.0013763944015320363,0.010691160592265398,98.0,0.006033777496898717,0.004657383095366681,0.023351542798822882,1.9844674545084815,1.7077825351725573,1.7593166953407424,98.0,1.7335496152566499,0.025767080084092637,0.12919295257952434,1.9844674545084815,0.25187823789472513,0.27096484710705976,98.0,0.26142154250089245,0.00954330460616734,0.047848948946205346,1.9844674545084815,5.676101235723362,5.914278598995319,98.0,5.79518991735934,0.11908868163597854,0.5970959204203067,1.9844674545084815,1.36156442240305,1.4263220182259368,98.0,1.3939432203144935,0.03237879791144328,0.16234328800559544,1.9844674545084815,99.0,0.26262626262626265,0.01564993734707374,0.02861521857992004,98.0,0.02213257796349689,0.006482640616423152,0.032503158255199206,1.9844674545084815,ExtraTreesRegressor,"{'mode': 'original', 'type': 'ExtraTreesRegressor'}",4,"['edges_T2W40', 'lsc_T2W40', 'z_re_T2W40', 'z_pe_T2W40']",0.14664880071154118,0.19768163017473073,98.0,0.17216521544313595,0.025516414731594758,0.12793614750526291,1.9844674545084815,2.167379848098025,2.242456535546795,98.0,2.20491819182241,0.03753834372438488,0.18821261256110686,1.9844674545084815,completed,True,COMPLETE
203,1.73095942006666,2026-06-12 04:34:31.879259,2026-06-12 04:34:47.176351,0 days 00:00:15.297092,,,,,,6.0,log2,3.0,10.0,275.0,,,,,ExtraTreesRegressor,,,,,,4,,,,,,,,True,0.0025657487242557375,0.012375821348452321,98.0,0.007470785036354029,0.004905036312098291,0.02459324539690367,1.9844674545084815,1.7053411978791984,1.7565776422541217,98.0,1.73095942006666,0.025618222187461775,0.12844659749707976,1.9844674545084815,0.25129193788832893,0.2702390134054443,98.0,0.2607654756468866,0.009473537758557693,0.04749914660129703,1.9844674545084815,5.650630687224369,5.896556189800097,98.0,5.773593438512233,0.12296275128786417,0.6165200264964477,1.9844674545084815,1.391310558655735,1.4439877894493198,98.0,1.4176491740525274,0.026338615396792338,0.13205855994792462,1.9844674545084815,99.0,0.26262626262626265,0.015502076084454416,0.030522977982531837,98.0,0.023012527033493126,0.00751045094903871,0.03765647213977562,1.9844674545084815,ExtraTreesRegressor,"{'mode': 'original', 'type': 'ExtraTreesRegressor'}",4,"['edges_T2W40', 'lsc_T2W40', 'z_pe_T2W40', 'z_diameter_T2W40']",0.14452111483819907,0.19349832533877886,98.0,0.16900972008848897,0.02448860525028991,0.1227828378890531,1.9844674545084815,2.165940851426754,2.241922392130613,98.0,2.2039316217786835,0.037990770351929416,0.1904810237139158,1.9844674545084815,completed,True,COMPLETE
204,1.738170396076843,2026-06-12 04:34:47.207388,2026-06-12 04:35:02.982651,0 days 00:00:15.775263,,,,,,6.0,log2,3.0,10.0,289.0,,,,,ExtraTreesRegressor,,,,,,3,,,,,,,,True,0.001209649621912862,0.005589406503135892,98.0,0.003399528062524377,0.002189878440611515,0.010979779649441362,1.9844674545084815,1.713375986714631,1.7629648054390552,98.0,1.738170396076843,0.024794409362212076,0.12431610188331431,1.9844674545084815,0.25302138475298314,0.2719868157455318,98.0,0.26250410024925747,0.009482715496274321,0.04754516264307368,1.9844674545084815,5.7029439805150615,5.967792989559613,98.0,5.835368485037337,0.13242450452227567,0.6639600869512267,1.9844674545084815,1.2990522319761888,1.3607620901407789,98.0,1.3299071610584838,0.030854929082295073,0.1547027981736451,1.9844674545084815,99.0,0.23232323232323232,0.008128315816069967,0.015441153757961646,98.0,0.011784734787015807,0.003656418970945839,0.01833283248170234,1.9844674545084815,ExtraTreesRegressor,"{'mode': 'original', 'type': 'ExtraTreesRegressor'}",3,"['edges_T2W40', 'z_re_T2W40', 'z_pe_T2W40']",0.12405659851254984,0.17192400495531723,98.0,0.14799030173393354,0.023933703221383704,0.12000062774833099,1.9844674545084815,2.1795661799872703,2.2540014256542746,98.0,2.2167838028207725,0.03721762283350211,0.18660455768209636,1.9844674545084815,completed,True,COMPLETE
205,2.084363278696612,2026-06-12 04:35:02.997172,2026-06-12 04:35:03.128783,0 days 00:00:00.131611,16.0,2.0,16.0,,,,,,,,,,,,DecisionTreeRegressor,,,,,,4,,,,,,,,True,,,,,,,,,,,,,,,,,,,,,,,,,,,,,,,,,,,,,,,,,,,,,DecisionTreeRegressor,"{'mode': 'original', 'type': 'DecisionTreeRegressor'}",4,"['nodes_T2W40', 're_T2W40', 'z_re_T2W40', 'z_pe_T2W40']",,,,,,,,,,,,,,,pruned,True,PRUNED
206,1.7385081787988785,2026-06-12 04:35:03.138920,2026-06-12 04:35:18.398757,0 days 00:00:15.259837,,,,,,5.0,log2,3.0,9.0,278.0,,,,,ExtraTreesRegressor,,,,,,3,,,,,,,,True,0.001009108219473196,0.005424856371900705,98.0,0.0032169822956869504,0.0022078740762137544,0.011070007540588166,1.9844674545084815,1.7136619600540568,1.7633543975437003,98.0,1.7385081787988785,0.024846218744821694,0.12457586771975422,1.9844674545084815,0.253336205099765,0.2724391412947204,98.0,0.2628876731972427,0.00955146809747772,0.04788987968194659,1.9844674545084815,5.7285437233878564,5.995983668324019,98.0,5.862263695855938,0.13371997246808112,0.6704554030035124,1.9844674545084815,1.315670264941731,1.3783712835576842,98.0,1.3470207742497076,0.031350509307976754,0.15718757613012646,1.9844674545084815,99.0,0.26262626262626265,0.006695606048378233,0.014042327133756506,98.0,0.010368966591067369,0.0036733605426891363,0.018417775427030696,1.9844674545084815,ExtraTreesRegressor,"{'mode': 'original', 'type': 'ExtraTreesRegressor'}",3,"['edges_T2W40', 'z_pe_T2W40', 'z_diameter_T2W40']",0.14051769852007145,0.1897048400476785,98.0,0.16511126928387498,0.024593570763803543,0.12330912199131056,1.9844674545084815,2.1809021079411313,2.256197581847399,98.0,2.218549844894265,0.03764773695313386,0.1887610966799191,1.9844674545084815,completed,True,COMPLETE
207,1.732366267218343,2026-06-12 04:35:18.412091,2026-06-12 04:35:33.409097,0 days 00:00:14.997006,,,,,,6.0,log2,3.0,10.0,267.0,,,,,ExtraTreesRegressor,,,,,,4,,,,,,,,False,0.0015880095008599104,0.011904759712730398,98.0,0.006746384606795154,0.005158375105935244,0.025863454775378686,1.9844674545084815,1.706138579139391,1.7585939552972951,98.0,1.732366267218343,0.026227688078952004,0.1315023840961498,1.9844674545084815,0.2515152547642118,0.27057748654604025,98.0,0.26104637065512604,0.009531115890914186,0.047787836235468756,1.9844674545084815,5.660175184546417,5.895826855560361,98.0,5.778001020053389,0.11782583550697188,0.5907641661226704,1.9844674545084815,1.3629266767164991,1.4293541690159923,98.0,1.3961404228662457,0.033213746149746655,0.16652961520314544,1.9844674545084815,99.0,0.26262626262626265,0.015777059121416605,0.030242722614409936,98.0,0.02300989086791327,0.007232831746496665,0.0362645237951387,1.9844674545084815,ExtraTreesRegressor,"{'mode': 'original', 'type': 'ExtraTreesRegressor'}",4,"['edges_T2W40', 'lsc_T2W40', 'z_re_T2W40', 'z_pe_T2W40']",0.14987570143451043,0.2008747963976952,98.0,0.17537524891610282,0.0254995474815924,0.12785157719995124,1.9844674545084815,2.1660914393166273,2.2416691457223905,98.0,2.203880292519509,0.03778885320288143,0.1894686361024047,1.9844674545084815,completed,False,COMPLETE
208,1.7519005525997506,2026-06-12 04:35:33.422183,2026-06-12 04:35:48.791476,0 days 00:00:15.369293,,,,,,6.0,,3.0,10.0,275.0,,,,,ExtraTreesRegressor,,,,,,4,,,,,,,,True,-0.012315240297435798,0.0031383427309974316,98.0,-0.004588448783219183,0.007726791514216615,0.03874117697582382,1.9844674545084815,1.7240609195093397,1.7797401856901616,98.0,1.7519005525997506,0.02783963309041102,0.13958447701263788,1.9844674545084815,0.25350735867395,0.27274722686621167,98.0,0.26312729277008085,0.009619934096130824,0.048233159731080326,1.9844674545084815,5.60488440601396,5.8396829522291025,98.0,5.7222836791215315,0.117399273107571,0.5886254350107961,1.9844674545084815,1.390811025365576,1.4642610837934793,98.0,1.4275360545795277,0.0367250292139517,0.18413475419936334,1.9844674545084815,99.0,0.48484848484848486,-0.011386458526510003,0.013924471529966473,98.0,0.001269006501728235,0.012655465028238238,0.0634529363796397,1.9844674545084815,ExtraTreesRegressor,"{'mode': 'original', 'type': 'ExtraTreesRegressor'}",4,"['edges_T2W40', 'z_re_T2W40', 'z_pe_T2W40', 'z_diameter_T2W40']",0.11088339850715927,0.16180575846051026,98.0,0.13634457848383477,0.025461179976675505,0.12765920727572444,1.9844674545084815,2.188935396859778,2.26417469974425,98.0,2.226555048302014,0.037619651442236224,0.18862027940199208,1.9844674545084815,completed,True,COMPLETE
209,1.8964858250587484,2026-06-12 04:35:48.804400,2026-06-12 04:35:50.893283,0 days 00:00:02.088883,,,,,,,,,,,minkowski,5.0,distance,,KNeighborsRegressor,,,,,,3,8.0,3.0,7.0,50.0,,,ExtraTrees,,-0.10449850082180426,-0.07220324307536638,98.0,-0.08835087194858532,0.016147628873218935,0.0809622139753983,1.9844674545084815,1.8612556464327064,1.9317160036847905,98.0,1.8964858250587484,0.03523017862604215,0.1766397582399066,1.9844674545084815,0.2701169311158186,0.28957623890722717,98.0,0.2798465850115229,0.009729653895704267,0.04878328123561501,1.9844674545084815,6.001139022699452,6.357439182761477,98.0,6.179289102730465,0.1781500800310123,0.8932224670537603,1.9844674545084815,1.5368313468484225,1.625906886992268,98.0,1.5813691169203452,0.044537770071922736,0.22330687055425796,1.9844674545084815,99.0,0.9090909090909091,-0.18775365224398305,-0.12728772249458076,98.0,-0.1575206873692819,0.030232964874701142,0.15158434656346634,1.9844674545084815,KNeighborsRegressor,"{'mode': 'proxy', 'type': 'ExtraTrees'}",3,"['edges_T2W40', 'z_re_T2W40', 'z_pe_T2W40']",0.10992644349236189,0.1671187862104019,98.0,0.1385226148513819,0.028596171359020005,0.14337766632015803,1.9844674545084815,2.3484922003051127,2.4312026338527546,98.0,2.3898474170789337,0.041355216773821,0.20734994194684078,1.9844674545084815,completed,True,COMPLETE
210,1.7335673375907041,2026-06-12 04:35:50.906661,2026-06-12 04:36:05.107783,0 days 00:00:14.201122,,,,,,5.0,log2,3.0,10.0,254.0,,,,,ExtraTreesRegressor,,,,,,4,,,,,,,,True,0.0013716584513320017,0.010673456356323802,98.0,0.006022557403827901,0.0046508989524958995,0.023319032108450134,1.9844674545084815,1.707809763916555,1.7593249112648532,98.0,1.7335673375907041,0.02575757367414917,0.12914528861585364,1.9844674545084815,0.25188010568517816,0.2709639318144811,98.0,0.2614220187498296,0.009541913064651478,0.04784197192915552,1.9844674545084815,5.676362225582381,5.914612902544827,98.0,5.795487564063604,0.11912533848122261,0.5972797133085143,1.9844674545084815,1.3620247572114934,1.4266881950843509,98.0,1.3943564761479221,0.032331718936428694,0.16210723984776376,1.9844674545084815,99.0,0.26262626262626265,0.015665285638536138,0.028617379274521463,98.0,0.0221413324565288,0.0064760468179926615,0.03247009776541266,1.9844674545084815,ExtraTreesRegressor,"{'mode': 'original', 'type': 'ExtraTreesRegressor'}",4,"['edges_T2W40', 'lsc_T2W40', 'z_re_T2W40', 'z_pe_T2W40']",0.14723878084700368,0.19804978246716995,98.0,0.1726442816570868,0.025405500810083134,0.12738003882102333,1.9844674545084815,2.167376978175215,2.242434548829737,98.0,2.204905763502476,0.037528785327260804,0.18816468794014257,1.9844674545084815,completed,True,COMPLETE
211,1.7322717466224233,2026-06-12 04:36:05.122424,2026-06-12 04:36:20.050164,0 days 00:00:14.927740,,,,,,6.0,log2,3.0,10.0,265.0,,,,,ExtraTreesRegressor,,,,,,4,,,,,,,,False,0.0016493631948995523,0.0119435448306199,98.0,0.006796454012759726,0.005147090817860174,0.0258068767506503,1.9844674545084815,1.7060709230844366,1.75847257016041,98.0,1.7322717466224233,0.026200823537986667,0.1313676886104495,1.9844674545084815,0.25150869752011396,0.27056935292269313,98.0,0.26103902522140354,0.009530327701289587,0.047783884350177046,1.9844674545084815,5.660253935051425,5.895926004079462,98.0,5.7780899695654435,0.11783603451401864,0.5908153026825541,1.9844674545084815,1.36239461686276,1.4290187545068238,98.0,1.395706685684792,0.03331206882203181,0.16702259292109298,1.9844674545084815,99.0,0.26262626262626265,0.01586599124785745,0.030286296202535642,98.0,0.023076143725196546,0.007210152477339097,0.03615081274463357,1.9844674545084815,ExtraTreesRegressor,"{'mode': 'original', 'type': 'ExtraTreesRegressor'}",4,"['edges_T2W40', 'lsc_T2W40', 'z_re_T2W40', 'z_pe_T2W40']",0.15036019148579244,0.20135039972105168,98.0,0.17585529560342206,0.025495104117629605,0.1278292987226125,1.9844674545084815,2.166035007242334,2.2415670790796365,98.0,2.2038010431609854,0.0377660359186511,0.18935423306139493,1.9844674545084815,completed,False,COMPLETE
212,1.7322632718741022,2026-06-12 04:36:20.063468,2026-06-12 04:36:34.862448,0 days 00:00:14.798980,,,,,,6.0,log2,3.0,10.0,264.0,,,,,ExtraTreesRegressor,,,,,,4,,,,,,,,False,0.0016478280409927704,0.011955331811477763,98.0,0.006801579926235267,0.005153751885242496,0.02584027451864127,1.9844674545084815,1.706058074613705,1.7584684691344994,98.0,1.7322632718741022,0.026205197260397172,0.13138961791365858,1.9844674545084815,0.25151046711918645,0.27057307099799777,98.0,0.2610417690585921,0.009531301939405653,0.04778876905959384,1.9844674545084815,5.660854616261133,5.896382005944108,98.0,5.778618311102621,0.11776369484148712,0.5904526005117035,1.9844674545084815,1.3620388263742496,1.4287110055514125,98.0,1.395374915962831,0.03333608958858151,0.16714303007360118,1.9844674545084815,99.0,0.26262626262626265,0.015806644490125882,0.030240111137133246,98.0,0.023023377813629564,0.007216733323503681,0.03618380829336084,1.9844674545084815,ExtraTreesRegressor,"{'mode': 'original', 'type': 'ExtraTreesRegressor'}",4,"['edges_T2W40', 'lsc_T2W40', 'z_re_T2W40', 'z_pe_T2W40']",0.15033486001820257,0.20141399285971545,98.0,0.175874426438959,0.025539566420756447,0.12805222721123816,1.9844674545084815,2.16609674559592,2.241615544268075,98.0,2.2038561449319976,0.03775939933607753,0.18932095805720667,1.9844674545084815,completed,False,COMPLETE
213,1.7382093160208214,2026-06-12 04:36:34.876012,2026-06-12 04:36:49.252216,0 days 00:00:14.376204,,,,,,6.0,log2,3.0,10.0,262.0,,,,,ExtraTreesRegressor,,,,,,3,,,,,,,,False,0.0011926894198983234,0.005553858001658142,98.0,0.003373273710778233,0.0021805842908799097,0.010933179932219868,1.9844674545084815,1.7134357548325687,1.762982877209074,98.0,1.7382093160208214,0.02477356118825277,0.12421157171765702,1.9844674545084815,0.25302888811266133,0.2719967984839329,98.0,0.2625128432982971,0.00948395518563575,0.04755137829220279,1.9844674545084815,5.703684334801201,5.968672242464844,98.0,5.836178288633023,0.13249395383182153,0.6643082971995574,1.9844674545084815,1.300153717131313,1.3615504938805034,98.0,1.3308521055059082,0.030698388374595372,0.15391792242673819,1.9844674545084815,99.0,0.24242424242424243,0.00795543355132263,0.015331627185437515,98.0,0.011643530368380072,0.0036880968170574426,0.018491661284079697,1.9844674545084815,ExtraTreesRegressor,"{'mode': 'original', 'type': 'ExtraTreesRegressor'}",3,"['edges_T2W40', 'z_re_T2W40', 'z_pe_T2W40']",0.1273690138765715,0.17592447364486702,98.0,0.15164674376071927,0.024277729884147746,0.12172553488501527,1.9844674545084815,2.1797201075144867,2.2541550657419878,98.0,2.2169375866282373,0.037217479113750486,0.18660383708903747,1.9844674545084815,completed,False,COMPLETE
