number,value,datetime_start,datetime_complete,duration,params_dt_max_depth,params_dt_min_samples_leaf,params_dt_min_samples_split,params_elastic_alpha,params_elastic_l1_ratio,params_et_max_depth,params_et_max_features,params_et_min_samples_leaf,params_et_min_samples_split,params_et_n_estimators,params_knn_metric,params_knn_n_neighbors,params_knn_weights,params_quantile_alpha,params_regressor,params_rf_max_depth,params_rf_max_features,params_rf_min_samples_leaf,params_rf_min_samples_split,params_rf_n_estimators,params_rfe_n_features,params_rfe_proxy_et_max_depth,params_rfe_proxy_et_min_samples_leaf,params_rfe_proxy_et_min_samples_split,params_rfe_proxy_et_n_estimators,params_rfe_proxy_lsvr_C,params_rfe_proxy_lsvr_epsilon,params_rfe_proxy_type,params_use_scaler,user_attrs_d2mae_ci_lower_val,user_attrs_d2mae_ci_upper_val,user_attrs_d2mae_df_val,user_attrs_d2mae_mean_val,user_attrs_d2mae_samperror_val,user_attrs_d2mae_std_val,user_attrs_d2mae_t_critical_val,user_attrs_mae_ci_lower_val,user_attrs_mae_ci_upper_val,user_attrs_mae_df_val,user_attrs_mae_mean_val,user_attrs_mae_samperror_val,user_attrs_mae_std_val,user_attrs_mae_t_critical_val,user_attrs_mape_ci_lower_val,user_attrs_mape_ci_upper_val,user_attrs_mape_df_val,user_attrs_mape_mean_val,user_attrs_mape_samperror_val,user_attrs_mape_std_val,user_attrs_mape_t_critical_val,user_attrs_max_error_ci_lower_val,user_attrs_max_error_ci_upper_val,user_attrs_max_error_df_val,user_attrs_max_error_mean_val,user_attrs_max_error_samperror_val,user_attrs_max_error_std_val,user_attrs_max_error_t_critical_val,user_attrs_median_ae_ci_lower_val,user_attrs_median_ae_ci_upper_val,user_attrs_median_ae_df_val,user_attrs_median_ae_mean_val,user_attrs_median_ae_samperror_val,user_attrs_median_ae_std_val,user_attrs_median_ae_t_critical_val,user_attrs_n_splits_val,user_attrs_r2_below_zero_val,user_attrs_r2_ci_lower_val,user_attrs_r2_ci_upper_val,user_attrs_r2_df_val,user_attrs_r2_mean_val,user_attrs_r2_samperror_val,user_attrs_r2_std_val,user_attrs_r2_t_critical_val,user_attrs_regressor_final,user_attrs_rfe_estimator,user_attrs_rfe_n_features,user_attrs_rfe_selected_features,user_attrs_rho_ci_lower_val,user_attrs_rho_ci_upper_val,user_attrs_rho_df_val,user_attrs_rho_mean_val,user_attrs_rho_samperror_val,user_attrs_rho_std_val,user_attrs_rho_t_critical_val,user_attrs_rmse_ci_lower_val,user_attrs_rmse_ci_upper_val,user_attrs_rmse_df_val,user_attrs_rmse_mean_val,user_attrs_rmse_samperror_val,user_attrs_rmse_std_val,user_attrs_rmse_t_critical_val,user_attrs_termination_reason,user_attrs_use_scaler_final,state
214,1.7452731709661164,2026-06-12 04:36:49.265136,2026-06-12 04:37:05.108908,0 days 00:00:15.843772,,,,,,4.0,log2,1.0,7.0,288.0,,,,,ExtraTreesRegressor,,,,,,4,,,,,,,,False,-0.006162733448769066,0.004469327068476332,98.0,-0.0008467031901463675,0.005316030258622699,0.026653918211615776,1.9844674545084815,1.7197137985718807,1.7708325433603522,98.0,1.7452731709661164,0.025559372394235797,0.1281515319125919,1.9844674545084815,0.2536821910902286,0.2728602423823224,98.0,0.2632712167362755,0.009589025646046934,0.04807818858522435,1.9844674545084815,5.6710428022205095,5.91528802117961,98.0,5.79316541170006,0.12212260947955084,0.6123076593812266,1.9844674545084815,1.4006065256245195,1.4639239055772506,98.0,1.432265215600885,0.031658689976365485,0.15873275588457025,1.9844674545084815,99.0,0.29292929292929293,0.010929714479509233,0.026491274361683734,98.0,0.018710494420596482,0.00778077994108725,0.0390118682706767,1.9844674545084815,ExtraTreesRegressor,"{'mode': 'original', 'type': 'ExtraTreesRegressor'}",4,"['edges_T2W40', 'lsc_T2W40', 'z_re_T2W40', 'z_diameter_T2W40']",0.11035318932066523,0.16471289552005447,98.0,0.13753304242035985,0.02717985309969461,0.1362764217430706,1.9844674545084815,2.171033401771898,2.2458090505017116,98.0,2.208421226136805,0.037387824364906785,0.18745792710944179,1.9844674545084815,completed,False,COMPLETE
215,1.7309365052712224,2026-06-12 04:37:05.122228,2026-06-12 04:37:20.394671,0 days 00:00:15.272443,,,,,,6.0,log2,3.0,10.0,277.0,,,,,ExtraTreesRegressor,,,,,,4,,,,,,,,False,0.0025728897748004426,0.012385664351435158,98.0,0.0074792770631178,0.004906387288317358,0.02460001902457263,1.9844674545084815,1.70534016302043,1.756532847522015,98.0,1.7309365052712224,0.025596342250792548,0.12833689420080696,1.9844674545084815,0.251283736782431,0.2702189938976878,98.0,0.2607513653400594,0.009467628557628387,0.04746951859870802,1.9844674545084815,5.650091215660572,5.8957712987668,98.0,5.772931257213686,0.12284004155311366,0.6159047750635755,1.9844674545084815,1.3918576665216302,1.4443543279695565,98.0,1.4181059972455934,0.026248330723963195,0.13160588376508175,1.9844674545084815,99.0,0.25252525252525254,0.015655794279823887,0.030675315532299935,98.0,0.02316555490606191,0.007509760626238026,0.037653010946634514,1.9844674545084815,ExtraTreesRegressor,"{'mode': 'original', 'type': 'ExtraTreesRegressor'}",4,"['edges_T2W40', 'lsc_T2W40', 'z_pe_T2W40', 'z_diameter_T2W40']",0.14466770443023116,0.1935482791878814,98.0,0.16910799180905628,0.024440287378825115,0.12254057805765108,1.9844674545084815,2.1657834247916896,2.241717188771148,98.0,2.203750306781419,0.037966881989729244,0.19036125042043986,1.9844674545084815,completed,False,COMPLETE
216,1.738699170043893,2026-06-12 04:37:20.408110,2026-06-12 04:37:35.723024,0 days 00:00:15.314914,,,,,,6.0,log2,3.0,10.0,280.0,,,,,ExtraTreesRegressor,,,,,,3,,,,,,,,False,0.0007334003795036017,0.00544173591676743,98.0,0.0030875681481355157,0.002354167768631914,0.011803506020259941,1.9844674545084815,1.7139007370787278,1.7634976030090581,98.0,1.738699170043893,0.02479843296516511,0.1243362757308676,1.9844674545084815,0.2533516081972747,0.27242617892522497,98.0,0.26288889356124984,0.00953728536397513,0.04781876921033444,1.9844674545084815,5.725128710468279,5.991537286928126,98.0,5.858332998698202,0.13320428822992322,0.6678698260150093,1.9844674545084815,1.3196452080295158,1.3817792765404002,98.0,1.350712242284958,0.031067034255442216,0.1557662672778991,1.9844674545084815,99.0,0.2727272727272727,0.006427487944457583,0.014520738508939961,98.0,0.010474113226698773,0.0040466252822411895,0.020289278664463003,1.9844674545084815,ExtraTreesRegressor,"{'mode': 'original', 'type': 'ExtraTreesRegressor'}",3,"['edges_T2W40', 'z_pe_T2W40', 'z_diameter_T2W40']",0.13365812358000323,0.18420317185616736,98.0,0.1589306477180853,0.025272524138082057,0.1267133102346274,1.9844674545084815,2.1807285938794165,2.256059860525465,98.0,2.218394227202441,0.03766563332302428,0.18885082686506435,1.9844674545084815,completed,False,COMPLETE
217,1.7310137541859512,2026-06-12 04:37:35.737008,2026-06-12 04:37:50.098520,0 days 00:00:14.361512,,,,,,5.0,log2,3.0,9.0,257.0,,,,,ExtraTreesRegressor,,,,,,4,,,,,,,,False,0.0029042084212309313,0.011997395952669396,98.0,0.007450802186950164,0.004546593765719233,0.022796058802780333,1.9844674545084815,1.7055406971400735,1.7564868112318288,98.0,1.7310137541859512,0.025473057045877615,0.12771875743170658,1.9844674545084815,0.25155614528254905,0.27059660013865366,98.0,0.26107637271060136,0.009520227428052327,0.047733242829402354,1.9844674545084815,5.669067598465237,5.9166026307041175,98.0,5.792835114584677,0.12376751611944067,0.6205550178258579,1.9844674545084815,1.3878349731399369,1.4398455291367545,98.0,1.4138402511383457,0.02600527799840878,0.13038724746075867,1.9844674545084815,99.0,0.26262626262626265,0.016036339888648544,0.029688292625718923,98.0,0.022862316257183733,0.006825976368535189,0.03422460125132857,1.9844674545084815,ExtraTreesRegressor,"{'mode': 'original', 'type': 'ExtraTreesRegressor'}",4,"['edges_T2W40', 'lsc_T2W40', 'z_pe_T2W40', 'z_diameter_T2W40']",0.1459151381003689,0.19499604194301054,98.0,0.17045559002168972,0.024540451921320816,0.1230427906850254,1.9844674545084815,2.166244465209771,2.2422279247253387,98.0,2.204236194967555,0.03799172975778384,0.1904858340562072,1.9844674545084815,completed,False,COMPLETE
218,1.734395600647491,2026-06-12 04:37:50.111673,2026-06-12 04:38:03.186753,0 days 00:00:13.075080,,,,,,5.0,log2,3.0,9.0,233.0,,,,,ExtraTreesRegressor,,,,,,5,,,,,,,,False,0.0014104293582385607,0.009590215852750245,98.0,0.005500322605494403,0.004089893247255842,0.020506218889514014,1.9844674545084815,1.7092101369442452,1.7595810643507368,98.0,1.734395600647491,0.025185463703245734,0.12627679998229557,1.9844674545084815,0.2523204147899826,0.27136294360307506,98.0,0.26184167919652884,0.009521264406546241,0.04773844211131374,1.9844674545084815,5.638146806620985,5.876909792703743,98.0,5.757528299662364,0.11938149304137917,0.5985640405910521,1.9844674545084815,1.3294037888281716,1.3899434989886814,98.0,1.3596736439084265,0.03026985508025495,0.15176930949140416,1.9844674545084815,99.0,0.23232323232323232,0.01099975397956068,0.02321770976507451,98.0,0.017108731872317595,0.006108977892756914,0.030629659574642438,1.9844674545084815,ExtraTreesRegressor,"{'mode': 'original', 'type': 'ExtraTreesRegressor'}",5,"['edges_T2W40', 're_T2W40', 'z_re_T2W40', 'z_pe_T2W40', 'z_diameter_T2W40']",0.1176702014487878,0.16772294003646981,98.0,0.14269657074262881,0.02502636929384101,0.12547912029089037,1.9844674545084815,2.1733609848561724,2.247478065446164,98.0,2.2104195251511682,0.03705854029499569,0.185806937509907,1.9844674545084815,completed,False,COMPLETE
219,1.7814866244987373,2026-06-12 04:38:03.199652,2026-06-12 04:38:04.968048,0 days 00:00:01.768396,,,,0.0013183679072256722,0.3685207783115801,,,,,,,,,,ElasticNet,,,,,,4,,,,,,,,False,-0.02649481652476216,-0.016758208277051975,98.0,-0.02162651240090707,0.004868304123855093,0.02440907474821712,1.9844674545084815,1.7560220477942374,1.8069512012032372,98.0,1.7814866244987373,0.025464576704499853,0.12767623804891662,1.9844674545084815,0.2598036247701926,0.2794216786830259,98.0,0.26961265172660925,0.009809026956416642,0.04918124794489055,1.9844674545084815,5.819437865704638,6.085073801834544,98.0,5.952255833769591,0.13281796806495275,0.6659328644892695,1.9844674545084815,1.3941860887258244,1.4559415160213351,98.0,1.4250638023735798,0.030877713647755465,0.15481703716678918,1.9844674545084815,99.0,0.8080808080808081,-0.035005540730645324,-0.01917031079951507,98.0,-0.027087925765080196,0.007917614965565124,0.03969794215917685,1.9844674545084815,ElasticNet,"{'mode': 'original', 'type': 'ElasticNet'}",4,"['atd_T2W40', 'diameter_T2W40', 'asp_T2W40', 'z_diameter_T2W40']",-0.01423472790478865,0.03977077630536076,98.0,0.012768024200286054,0.027002752105074704,0.1353884592605136,1.9844674545084815,2.2212267657054503,2.2980177888172917,98.0,2.259622277261371,0.03839551155592061,0.1925103460509273,1.9844674545084815,completed,False,COMPLETE
220,1.7331575993596944,2026-06-12 04:38:04.982128,2026-06-12 04:38:24.923493,0 days 00:00:19.941365,,,,,,4.0,log2,3.0,8.0,375.0,,,,,ExtraTreesRegressor,,,,,,5,,,,,,,,False,0.0026583146102660852,0.009819346009309195,98.0,0.006238830309787641,0.0035805156995215555,0.017952262866761683,1.9844674545084815,1.7080690416404911,1.7582461570788976,98.0,1.7331575993596944,0.025088557719203285,0.12579092536397599,1.9844674545084815,0.25227895495629893,0.2713924764010548,98.0,0.26183571567867686,0.009556760722377928,0.04791641624858597,1.9844674545084815,5.664254421533315,5.9064109053466005,98.0,5.785332663439958,0.12107824190664303,0.6070713295416819,1.9844674545084815,1.3297859765722837,1.3903339048714796,98.0,1.3600599407218816,0.03027396414959799,0.15178991185686616,1.9844674545084815,99.0,0.2222222222222222,0.015191613982191175,0.025978741919653332,98.0,0.020585177950922254,0.0053935639687310785,0.027042662644460157,1.9844674545084815,ExtraTreesRegressor,"{'mode': 'original', 'type': 'ExtraTreesRegressor'}",5,"['edges_T2W40', 'lsc_T2W40', 'z_re_T2W40', 'z_pe_T2W40', 'z_diameter_T2W40']",0.13527653692837444,0.18764113696777995,98.0,0.1614588369480772,0.026182300019702752,0.13127481398082713,1.9844674545084815,2.169370941510466,2.244224841392688,98.0,2.206797891451577,0.03742694994111096,0.18765409790934212,1.9844674545084815,completed,False,COMPLETE
221,1.7338669919495655,2026-06-12 04:38:24.936306,2026-06-12 04:38:46.088584,0 days 00:00:21.152278,,,,,,5.0,log2,3.0,10.0,395.0,,,,,ExtraTreesRegressor,,,,,,4,,,,,,,,False,0.0013855625576664476,0.010332686016945647,98.0,0.005859124287306047,0.0044735617296396,0.022429885206733377,1.9844674545084815,1.7081711030137998,1.7595628808853312,98.0,1.7338669919495655,0.025695888935765684,0.1288360089669819,1.9844674545084815,0.25224911793499266,0.27137519346781774,98.0,0.2618121557014052,0.009563037766412534,0.04794788857100883,1.9844674545084815,5.642818034963849,5.884314654504687,98.0,5.763566344734268,0.1207483097704186,0.6054170906178071,1.9844674545084815,1.3250721310031572,1.3882877132152416,98.0,1.3566799221091994,0.03160779110604223,0.1584775552441188,1.9844674545084815,99.0,0.30303030303030304,0.010944719754058656,0.024971114422430087,98.0,0.01795791708824437,0.007013197334185714,0.03516330401695988,1.9844674545084815,ExtraTreesRegressor,"{'mode': 'original', 'type': 'ExtraTreesRegressor'}",4,"['edges_T2W40', 'z_re_T2W40', 'z_pe_T2W40', 'z_diameter_T2W40']",0.12532597272237672,0.17588905934741794,98.0,0.15060751603489733,0.025281543312520607,0.1267585312597394,1.9844674545084815,2.1720217254637277,2.246818183217018,98.0,2.209419954340373,0.03739822887664515,0.18751009404443172,1.9844674545084815,completed,False,COMPLETE
222,1.7322047079519554,2026-06-12 04:38:46.125331,2026-06-12 04:39:00.512386,0 days 00:00:14.387055,,,,,,6.0,log2,3.0,10.0,256.0,,,,,ExtraTreesRegressor,,,,,,4,,,,,,,,False,0.0016782138050625865,0.01201043914030872,98.0,0.006844326472685654,0.0051661126676230676,0.025902249952672887,1.9844674545084815,1.7059502137908937,1.758459202113017,98.0,1.7322047079519554,0.026254494161061594,0.13163678647637778,1.9844674545084815,0.2515002604656263,0.2705721272276807,98.0,0.2610361938466535,0.00953593338102719,0.04781199053505142,1.9844674545084815,5.6594424353335695,5.894864031541473,98.0,5.777153233437521,0.11771079810395177,0.5901873828121538,1.9844674545084815,1.363304036930546,1.4301076614139565,98.0,1.3967058491722513,0.03340181224170529,0.16747255532755742,1.9844674545084815,99.0,0.26262626262626265,0.016002414398635423,0.030475199137137525,98.0,0.023238806767886474,0.007236392369251049,0.03628237631723897,1.9844674545084815,ExtraTreesRegressor,"{'mode': 'original', 'type': 'ExtraTreesRegressor'}",4,"['edges_T2W40', 'lsc_T2W40', 'z_re_T2W40', 'z_pe_T2W40']",0.1507181970560569,0.2017524893513256,98.0,0.17623534320369125,0.025517146147634336,0.12793981473482127,1.9844674545084815,2.1658366430314318,2.2414068511218477,98.0,2.2036217470766397,0.03778510404520784,0.18944983828953818,1.9844674545084815,completed,False,COMPLETE
223,1.7313895381598603,2026-06-12 04:39:00.526683,2026-06-12 04:39:14.799523,0 days 00:00:14.272840,,,,,,5.0,log2,3.0,9.0,253.0,,,,,ExtraTreesRegressor,,,,,,4,,,,,,,,False,0.0027165859601192546,0.011751749663570371,98.0,0.007234167811844812,0.004517581851725558,0.022650596654310514,1.9844674545084815,1.7059337039568556,1.756845372362865,98.0,1.7313895381598603,0.025455834203004724,0.12763240422772304,1.9844674545084815,0.25160603177613644,0.2706377440902766,98.0,0.2611218879332065,0.00951585615707006,0.047711325817351276,1.9844674545084815,5.66882396373574,5.916226090550726,98.0,5.792525027143233,0.12370106340749286,0.6202218321472541,1.9844674545084815,1.388663263291122,1.4405858927590818,98.0,1.4146245780251019,0.025961314733979994,0.13016682109044225,1.9844674545084815,99.0,0.26262626262626265,0.01584250474973132,0.029400659930154255,98.0,0.022621582339942787,0.00677907759021147,0.033989456577417525,1.9844674545084815,ExtraTreesRegressor,"{'mode': 'original', 'type': 'ExtraTreesRegressor'}",4,"['edges_T2W40', 'lsc_T2W40', 'z_pe_T2W40', 'z_diameter_T2W40']",0.14433752659544266,0.19366463532094444,98.0,0.16900108095819355,0.0246635543627509,0.12366001110061757,1.9844674545084815,2.1665339704230444,2.24248303167783,98.0,2.2045085010504373,0.0379745306273929,0.19039959974367532,1.9844674545084815,completed,False,COMPLETE
224,1.7390960875254469,2026-06-12 04:39:14.813412,2026-06-12 04:39:27.168127,0 days 00:00:12.354715,,,,,,5.0,log2,3.0,9.0,219.0,,,,,ExtraTreesRegressor,,,,,,3,,,,,,,,False,0.000735688530083693,0.005011948285208362,98.0,0.0028738184076460274,0.0021381298775623343,0.010720318754755098,1.9844674545084815,1.7142873003326142,1.7639048747182795,98.0,1.7390960875254469,0.024808787192832686,0.12438819054774593,1.9844674545084815,0.25319987582425424,0.2722023503103786,98.0,0.2627011130673164,0.009501237243062167,0.04763802839063385,1.9844674545084815,5.7093790149310815,5.978130256782511,98.0,5.843754635856796,0.13437562092571437,0.673742743277203,1.9844674545084815,1.2947523654637267,1.3552329047505038,98.0,1.3249926351071153,0.030240269643388457,0.15162097177018533,1.9844674545084815,99.0,0.25252525252525254,0.007145548727575108,0.014192703606041015,98.0,0.010669126166808061,0.003523577439232954,0.01766678147199677,1.9844674545084815,ExtraTreesRegressor,"{'mode': 'original', 'type': 'ExtraTreesRegressor'}",3,"['edges_T2W40', 'z_re_T2W40', 'z_pe_T2W40']",0.12316562679934329,0.17221574786725313,98.0,0.1476906873332982,0.024525060533954927,0.12296562017243318,1.9844674545084815,2.180751217933165,2.2554474967568185,98.0,2.218099357344992,0.037348139411826624,0.18725895166307094,1.9844674545084815,completed,False,COMPLETE
225,1.7385937164008154,2026-06-12 04:39:27.181281,2026-06-12 04:39:41.873084,0 days 00:00:14.691803,,,,,,5.0,sqrt,3.0,9.0,277.0,,,,,ExtraTreesRegressor,,,,,,5,,,,,,,,False,-0.0011798130977767416,0.007155554904370406,98.0,0.0029878709032968324,0.004167684001073574,0.020896252107725034,1.9844674545084815,1.7138077229403184,1.7633797098613124,98.0,1.7385937164008154,0.024785993460497122,0.12427390559302351,1.9844674545084815,0.2529594898491018,0.2719848141490619,98.0,0.26247215199908186,0.009512662149980016,0.047695311460847704,1.9844674545084815,5.6692548682874015,5.924698953859469,98.0,5.796976911073435,0.12772204278603383,0.6403825254225388,1.9844674545084815,1.3813327027229672,1.4333975655265514,98.0,1.4073651341247593,0.026032431401792063,0.13052339126689505,1.9844674545084815,99.0,0.25252525252525254,0.014062278731628207,0.027709197912143053,98.0,0.02088573832188563,0.006823459590257422,0.03421198243632775,1.9844674545084815,ExtraTreesRegressor,"{'mode': 'original', 'type': 'ExtraTreesRegressor'}",5,"['edges_T2W40', 'lsc_T2W40', 'z_pe_T2W40', 'z_diameter_T2W40', 'z_asp_T2W40']",0.12602445299039627,0.17509233966039217,98.0,0.15055839632539422,0.024533943334997938,0.12301015743820709,1.9844674545084815,2.1686310564256353,2.2440511185373326,98.0,2.206341087481484,0.037710031055848775,0.18907343160618031,1.9844674545084815,completed,False,COMPLETE
226,1.7313898703155135,2026-06-12 04:39:41.886229,2026-06-12 04:39:56.516777,0 days 00:00:14.630548,,,,,,7.0,log2,3.0,9.0,258.0,,,,,ExtraTreesRegressor,,,,,,5,,,,,,,,False,0.002582099270672127,0.011807886217807491,98.0,0.007194992744239809,0.004612893473567682,0.02312847733775392,1.9844674545084815,1.7060582597335034,1.7567214808975236,98.0,1.7313898703155135,0.025331610582010045,0.12700956235646538,1.9844674545084815,0.25169007667864896,0.27069896342233624,98.0,0.2611945200504926,0.009504443371843663,0.047654103523799105,1.9844674545084815,5.681299187424154,5.922812871468741,98.0,5.802056029446447,0.12075684202229388,0.6054598702734112,1.9844674545084815,1.3651853815830357,1.4247924815368607,98.0,1.3949889315599482,0.02980354997691248,0.1494313133774826,1.9844674545084815,99.0,0.26262626262626265,0.0161074268843145,0.029982787891915417,98.0,0.02304510738811496,0.006937680503800459,0.034784671969592534,1.9844674545084815,ExtraTreesRegressor,"{'mode': 'original', 'type': 'ExtraTreesRegressor'}",5,"['edges_T2W40', 'l3_T2W40', 'lsc_T2W40', 'z_re_T2W40', 'z_pe_T2W40']",0.1533482577193126,0.20633242099004911,98.0,0.17984033935468086,0.02649208163536826,0.13282802068690594,1.9844674545084815,2.1663228659101197,2.2411805942472647,98.0,2.203751730078692,0.03742886416857235,0.18766369560907523,1.9844674545084815,completed,False,COMPLETE
227,1.7314545760963533,2026-06-12 04:39:56.529828,2026-06-12 04:40:11.099177,0 days 00:00:14.569349,,,,,,7.0,log2,3.0,9.0,259.0,,,,,ExtraTreesRegressor,,,,,,5,,,,,,,,False,0.0025331736419149436,0.01177830267183851,98.0,0.007155738156876727,0.004622564514961783,0.02317696674315589,1.9844674545084815,1.7061263158006277,1.756782836392079,98.0,1.7314545760963533,0.02532826029572567,0.12699276443541058,1.9844674545084815,0.25170604318513856,0.2707140938272996,98.0,0.2612100685062191,0.009504025321080505,0.04765200746897861,1.9844674545084815,5.681897578754058,5.923199786763608,98.0,5.802548682758833,0.12065110400477498,0.6049297129316173,1.9844674545084815,1.3650979320203407,1.4248141980351094,98.0,1.394956065027725,0.02985813300738437,0.14970498594124954,1.9844674545084815,99.0,0.26262626262626265,0.015991315102100785,0.029878599761220308,98.0,0.022934957431660546,0.006943642329559761,0.034814563826570326,1.9844674545084815,ExtraTreesRegressor,"{'mode': 'original', 'type': 'ExtraTreesRegressor'}",5,"['edges_T2W40', 'l3_T2W40', 'lsc_T2W40', 'z_re_T2W40', 'z_pe_T2W40']",0.1531748648366779,0.2062752821235578,98.0,0.17972507348011785,0.026550208643439956,0.13311946231602684,1.9844674545084815,2.1664497555649156,2.2412906542708138,98.0,2.2038702049178647,0.037420449352949275,0.1876215047643148,1.9844674545084815,completed,False,COMPLETE
