number,value,datetime_start,datetime_complete,duration,params_dt_max_depth,params_dt_min_samples_leaf,params_dt_min_samples_split,params_elastic_alpha,params_elastic_l1_ratio,params_et_max_depth,params_et_max_features,params_et_min_samples_leaf,params_et_min_samples_split,params_et_n_estimators,params_knn_metric,params_knn_n_neighbors,params_knn_weights,params_quantile_alpha,params_regressor,params_rf_max_depth,params_rf_max_features,params_rf_min_samples_leaf,params_rf_min_samples_split,params_rf_n_estimators,params_rfe_n_features,params_rfe_proxy_et_max_depth,params_rfe_proxy_et_min_samples_leaf,params_rfe_proxy_et_min_samples_split,params_rfe_proxy_et_n_estimators,params_rfe_proxy_lsvr_C,params_rfe_proxy_lsvr_epsilon,params_rfe_proxy_type,params_use_scaler,user_attrs_d2mae_ci_lower_val,user_attrs_d2mae_ci_upper_val,user_attrs_d2mae_df_val,user_attrs_d2mae_mean_val,user_attrs_d2mae_samperror_val,user_attrs_d2mae_std_val,user_attrs_d2mae_t_critical_val,user_attrs_mae_ci_lower_val,user_attrs_mae_ci_upper_val,user_attrs_mae_df_val,user_attrs_mae_mean_val,user_attrs_mae_samperror_val,user_attrs_mae_std_val,user_attrs_mae_t_critical_val,user_attrs_mape_ci_lower_val,user_attrs_mape_ci_upper_val,user_attrs_mape_df_val,user_attrs_mape_mean_val,user_attrs_mape_samperror_val,user_attrs_mape_std_val,user_attrs_mape_t_critical_val,user_attrs_max_error_ci_lower_val,user_attrs_max_error_ci_upper_val,user_attrs_max_error_df_val,user_attrs_max_error_mean_val,user_attrs_max_error_samperror_val,user_attrs_max_error_std_val,user_attrs_max_error_t_critical_val,user_attrs_median_ae_ci_lower_val,user_attrs_median_ae_ci_upper_val,user_attrs_median_ae_df_val,user_attrs_median_ae_mean_val,user_attrs_median_ae_samperror_val,user_attrs_median_ae_std_val,user_attrs_median_ae_t_critical_val,user_attrs_n_splits_val,user_attrs_r2_below_zero_val,user_attrs_r2_ci_lower_val,user_attrs_r2_ci_upper_val,user_attrs_r2_df_val,user_attrs_r2_mean_val,user_attrs_r2_samperror_val,user_attrs_r2_std_val,user_attrs_r2_t_critical_val,user_attrs_regressor_final,user_attrs_rfe_estimator,user_attrs_rfe_n_features,user_attrs_rfe_selected_features,user_attrs_rho_ci_lower_val,user_attrs_rho_ci_upper_val,user_attrs_rho_df_val,user_attrs_rho_mean_val,user_attrs_rho_samperror_val,user_attrs_rho_std_val,user_attrs_rho_t_critical_val,user_attrs_rmse_ci_lower_val,user_attrs_rmse_ci_upper_val,user_attrs_rmse_df_val,user_attrs_rmse_mean_val,user_attrs_rmse_samperror_val,user_attrs_rmse_std_val,user_attrs_rmse_t_critical_val,user_attrs_termination_reason,user_attrs_use_scaler_final,state
100,1.7954797517474845,2026-06-12 04:10:52.027879,2026-06-12 04:10:54.193880,0 days 00:00:02.166001,,,,,,,,,,,minkowski,9.0,distance,,KNeighborsRegressor,,,,,,5,12.0,5.0,12.0,80.0,,,ExtraTrees,,-0.03925396860277128,-0.01963174147017386,98.0,-0.02944285503647257,0.009811113566298707,0.04919170994876006,1.9844674545084815,1.7649939634003884,1.8259655400945807,98.0,1.7954797517474845,0.030485788347096112,0.152851972183968,1.9844674545084815,0.2559035982044035,0.27474965320264205,98.0,0.2653266257035228,0.009423027499119276,0.04724589440775744,1.9844674545084815,5.726738967925598,5.987078107868391,98.0,5.856908537896994,0.13016956997139695,0.6526541240112714,1.9844674545084815,1.4249286813546413,1.5008131901001016,98.0,1.4628709357273715,0.03794225437273015,0.19023777059483576,1.9844674545084815,99.0,0.797979797979798,-0.08665551738130703,-0.052175320094121874,98.0,-0.06941541873771445,0.017240098643592577,0.08643972228358951,1.9844674545084815,KNeighborsRegressor,"{'mode': 'proxy', 'type': 'ExtraTrees'}",5,"['edges_T2W40', 'l1_T2W40', 'lsc_T2W40', 'z_re_T2W40', 'z_pe_T2W40']",0.04555460142523229,0.09680615109464258,98.0,0.07118037625993744,0.02562577483470515,0.12848446553622037,1.9844674545084815,2.263529947068773,2.3419476378815185,98.0,2.3027387924751457,0.03920884540637302,0.19658830138113517,1.9844674545084815,completed,True,COMPLETE
101,1.7420716154154197,2026-06-12 04:10:54.208321,2026-06-12 04:10:58.963499,0 days 00:00:04.755178,,,,,,5.0,log2,3.0,9.0,61.0,,,,,ExtraTreesRegressor,,,,,,3,,,,,,,,True,-0.0016401854077131763,0.00374937960738263,98.0,0.0010545970998347269,0.002694782507547903,0.013511306192768703,1.9844674545084815,1.717583360464317,1.7665598703665224,98.0,1.7420716154154197,0.024488254951102698,0.12278108153225464,1.9844674545084815,0.25363099683364415,0.2727726255922263,98.0,0.26320181121293523,0.009570814379291092,0.04798687954614339,1.9844674545084815,5.699524064428088,5.952244219840189,98.0,5.8258841421341385,0.12636007770605023,0.6335538009640809,1.9844674545084815,1.3539506672286108,1.4105182169471484,98.0,1.3822344420878796,0.028283774859268716,0.14181134890869107,1.9844674545084815,99.0,0.1717171717171717,0.010815114250547628,0.01873965513089633,98.0,0.014777384690721979,0.003962270440174351,0.01986633391964024,1.9844674545084815,ExtraTreesRegressor,"{'mode': 'original', 'type': 'ExtraTreesRegressor'}",3,"['edges_T2W40', 'lsc_T2W40', 'z_re_T2W40']",0.14046831446834804,0.19380284294420155,98.0,0.1671355787062748,0.026667264237926747,0.13370636458894042,1.9844674545084815,2.1761745489788074,2.250686693460143,98.0,2.213430621219475,0.03725607224066788,0.18679733825406908,1.9844674545084815,completed,True,COMPLETE
102,1.7416312431176515,2026-06-12 04:10:58.976212,2026-06-12 04:11:04.500300,0 days 00:00:05.524088,,,,,,6.0,log2,3.0,11.0,76.0,,,,,ExtraTreesRegressor,,,,,,4,,,,,,,,True,-0.003725222733866002,0.006334906798576938,98.0,0.0013048420323554675,0.00503006476622147,0.025220122601923068,1.9844674545084815,1.716036462061646,1.767226024173657,98.0,1.7416312431176515,0.025594781056005548,0.12832906656323895,1.9844674545084815,0.2528190864954618,0.27191389783134023,98.0,0.262366492163401,0.009547405667939216,0.04786951116269596,1.9844674545084815,5.636125492791465,5.867304361874992,98.0,5.751714927333229,0.11558943454176326,0.5795511282889668,1.9844674545084815,1.4337529873799029,1.4812738154928726,98.0,1.4575134014363877,0.02376041405648496,0.11913177730853552,1.9844674545084815,99.0,0.21212121212121213,0.015562365979040853,0.03073758262143148,98.0,0.023149974300236166,0.007587608321195312,0.03804332966067658,1.9844674545084815,ExtraTreesRegressor,"{'mode': 'original', 'type': 'ExtraTreesRegressor'}",4,"['edges_T2W40', 're_T2W40', 'lsc_T2W40', 'z_diameter_T2W40']",0.1297592993759004,0.18362593431592603,98.0,0.1566926168459132,0.026933317470012808,0.1350403225882305,1.9844674545084815,2.1658472851251305,2.241630623679781,98.0,2.2037389544024557,0.037891669277325124,0.18998414318301554,1.9844674545084815,completed,True,COMPLETE
103,1.7419662884959983,2026-06-12 04:11:04.513271,2026-06-12 04:11:13.236557,0 days 00:00:08.723286,,,,,,8.0,log2,3.0,12.0,148.0,,,,,ExtraTreesRegressor,,,,,,3,,,,,,,,True,-0.0011191267051133753,0.0035150516706934157,98.0,0.0011979624827900203,0.0023170891879033956,0.011617598602495022,1.9844674545084815,1.7172578362444135,1.7666747407475831,98.0,1.7419662884959983,0.024708452251584724,0.12388512356210327,1.9844674545084815,0.25327169613849543,0.272331886558435,98.0,0.2628017913484652,0.009530095209969778,0.04778271866745486,1.9844674545084815,5.688888242024579,5.954983885103624,98.0,5.8219360635641015,0.1330478215395219,0.6670853213816819,1.9844674545084815,1.3754268178893192,1.4346807268820216,98.0,1.4050537723856704,0.029626954496351193,0.14854588547989178,1.9844674545084815,99.0,0.16161616161616163,0.010875927325741483,0.017529695974760787,98.0,0.014202811650251135,0.0033268843245096514,0.016680586522462914,1.9844674545084815,ExtraTreesRegressor,"{'mode': 'original', 'type': 'ExtraTreesRegressor'}",3,"['edges_T2W40', 'lsc_T2W40', 'z_l1_T2W40']",0.1687520918055012,0.21779585086163675,98.0,0.19327397133356897,0.024521879528067784,0.12294967100235292,1.9844674545084815,2.1770015526246413,2.251205302124457,98.0,2.2141034273745492,0.03710187474990809,0.18602421110708162,1.9844674545084815,completed,True,COMPLETE
104,1.735684775307171,2026-06-12 04:11:13.278854,2026-06-12 04:11:20.237158,0 days 00:00:06.958304,,,,,,5.0,log2,3.0,9.0,108.0,,,,,ExtraTreesRegressor,,,,,,4,,,,,,,,True,0.00044499231261896106,0.009219387686063722,98.0,0.004832189999341342,0.004387197686722381,0.02199686657735176,1.9844674545084815,1.7099239680890352,1.7614455825253066,98.0,1.735684775307171,0.025760807218135683,0.12916150120546607,1.9844674545084815,0.25236877591169143,0.2714414532020724,98.0,0.2619051145568819,0.009536338645190478,0.04781402247944166,1.9844674545084815,5.69149691162224,5.933356494904711,98.0,5.812426703263475,0.1209297916412353,0.6063270182717728,1.9844674545084815,1.3299239786144386,1.3896263129413498,98.0,1.3597751457778942,0.029851167163455605,0.14967006006135053,1.9844674545084815,99.0,0.29292929292929293,0.009859762573525102,0.023257384826545803,98.0,0.016558573700035453,0.0066988111265103515,0.03358701045605562,1.9844674545084815,ExtraTreesRegressor,"{'mode': 'original', 'type': 'ExtraTreesRegressor'}",4,"['edges_T2W40', 'l3_T2W40', 'z_re_T2W40', 'z_pe_T2W40']",0.13053404598015003,0.17910505705494248,98.0,0.15481955151754626,0.024285505537396234,0.12176452104868335,1.9844674545084815,2.173643258945977,2.2484583843865575,98.0,2.211050821666267,0.03740756272029027,0.18755689278202609,1.9844674545084815,completed,True,COMPLETE
105,1.7331512514258611,2026-06-12 04:11:20.249794,2026-06-12 04:11:27.152187,0 days 00:00:06.902393,,,,,,6.0,log2,3.0,9.0,105.0,,,,,ExtraTreesRegressor,,,,,,5,,,,,,,,True,0.0016446540244534876,0.010725521669417402,98.0,0.006185087846935445,0.0045404338224819575,0.02276517360927185,1.9844674545084815,1.7078320685559427,1.7584704342957795,98.0,1.7331512514258611,0.025319182869918307,0.12694725134514007,1.9844674545084815,0.2516787829920662,0.27061547616183773,98.0,0.26114712957695196,0.009468346584885793,0.04747311869856855,1.9844674545084815,5.629547893185697,5.868917108266011,98.0,5.749232500725854,0.11968460754015735,0.60008381919767,1.9844674545084815,1.361217354898071,1.4213722055718232,98.0,1.3912947802349471,0.03007742533687602,0.15080449055848238,1.9844674545084815,99.0,0.26262626262626265,0.01515058953237873,0.028614451700564307,98.0,0.02188252061647152,0.006731931084092788,0.03375306982698237,1.9844674545084815,ExtraTreesRegressor,"{'mode': 'original', 'type': 'ExtraTreesRegressor'}",5,"['edges_T2W40', 'lsc_T2W40', 'z_re_T2W40', 'z_pe_T2W40', 'z_diameter_T2W40']",0.1370202760887359,0.18781126625721778,98.0,0.16241577117297684,0.025395495084240938,0.12732987134919355,1.9844674545084815,2.167775540956311,2.2422979840004538,98.0,2.2050367624783824,0.03726122152207133,0.1868231561141449,1.9844674545084815,completed,True,COMPLETE
106,1.7444299782171444,2026-06-12 04:11:27.165293,2026-06-12 04:11:33.158196,0 days 00:00:05.992903,,,,,,6.0,log2,5.0,10.0,86.0,,,,,ExtraTreesRegressor,,,,,,6,,,,,,,,True,-0.003391606177071068,0.0026804954495753585,98.0,-0.0003555553637478546,0.0030360508133232132,0.015222383268674675,1.9844674545084815,1.7201278506188247,1.7687321058154641,98.0,1.7444299782171444,0.02430212759831964,0.12184786200627898,1.9844674545084815,0.2536936155095875,0.2726140315790813,98.0,0.2631538235443344,0.00946020803474688,0.04743231301477624,1.9844674545084815,5.662447828487689,5.9122924519609406,98.0,5.787370140224315,0.12492231173662537,0.6263450202212821,1.9844674545084815,1.34300552560847,1.399580344142424,98.0,1.371292934875447,0.028287409266976853,0.14182957137942348,1.9844674545084815,99.0,0.2828282828282828,0.00610738810152629,0.015113379374078712,98.0,0.0106103837378025,0.004502995636276211,0.022577463174121362,1.9844674545084815,ExtraTreesRegressor,"{'mode': 'original', 'type': 'ExtraTreesRegressor'}",6,"['edges_T2W40', 'lsc_T2W40', 'z_re_T2W40', 'z_pe_T2W40', 'z_l1_T2W40', 'z_asp_T2W40']",0.09412988321742152,0.14203462800649588,98.0,0.1180822556119587,0.023952372394537173,0.12009423267345419,1.9844674545084815,2.1809801096157075,2.254751787526061,98.0,2.2178659485708843,0.03688583895517657,0.1849410343523565,1.9844674545084815,completed,True,COMPLETE
107,1.7578279184339791,2026-06-12 04:11:33.172331,2026-06-12 04:11:34.969873,0 days 00:00:01.797542,,,,7.080562748150145,0.6443060551351192,,,,,,,,,,ElasticNet,,,,,,5,,,,,,,,True,-0.008238992604440115,-0.007739874142683343,98.0,-0.007989433373561729,0.0002495592308783855,0.0012512591172702586,1.9844674545084815,1.733705599263627,1.7819502376043312,98.0,1.7578279184339791,0.024122319170352183,0.12094632478778213,1.9844674545084815,0.2560387038703632,0.27511560486888587,98.0,0.26557715436962454,0.009538450499261306,0.04782461105455133,1.9844674545084815,5.750362254999681,6.033581074398191,98.0,5.891971664698936,0.14160940969925487,0.710012065487571,1.9844674545084815,1.2517934417614742,1.335245781641385,98.0,1.2935196117014296,0.041726169939955454,0.20920985524106073,1.9844674545084815,99.0,1.0,-0.007942883499816537,-0.004941536736652209,98.0,-0.006442210118234372,0.0015006733815821638,0.007524190726747846,1.9844674545084815,ElasticNet,"{'mode': 'original', 'type': 'ElasticNet'}",5,"['z_l3_T2W40', 'z_lsc_T2W40', 'z_density_T2W40', 'z_diameter_T2W40', 'z_asp_T2W40']",,,,,,,,2.1999939661311876,2.274329847827886,98.0,2.2371619069795368,0.03716794084834906,0.18635545835337974,1.9844674545084815,completed,True,COMPLETE
108,1.748072423988639,2026-06-12 04:11:34.982398,2026-06-12 04:11:46.321453,0 days 00:00:11.339055,,,,,,8.0,log2,3.0,10.0,191.0,,,,,ExtraTreesRegressor,,,,,,8,,,,,,,,True,-0.008441288350485148,0.0034151299851687598,98.0,-0.0025130791826581942,0.005928209167826954,0.029723307545948468,1.9844674545084815,1.7223787867579008,1.773766061219377,98.0,1.748072423988639,0.025693637230738232,0.12882471919647298,1.9844674545084815,0.2528949123986991,0.2717679558479793,98.0,0.2623314341233392,0.009436521724640084,0.04731355278550601,1.9844674545084815,5.584549420105205,5.820785848656325,98.0,5.702667634380765,0.11811821427555975,0.5922301171059465,1.9844674545084815,1.3955303777773904,1.4563167239799475,98.0,1.425923550878669,0.030393173101278446,0.15238761079641405,1.9844674545084815,99.0,0.3939393939393939,-0.0020854033822600834,0.01648029622684752,98.0,0.007197446422293718,0.009282849804553801,0.04654306078487114,1.9844674545084815,ExtraTreesRegressor,"{'mode': 'original', 'type': 'ExtraTreesRegressor'}",8,"['edges_T2W40', 're_T2W40', 'l1_T2W40', 'lsc_T2W40', 'z_re_T2W40', 'z_pe_T2W40', 'z_l1_T2W40', 'z_diameter_T2W40']",0.09415426647031748,0.1441728087064057,98.0,0.1191635375883616,0.025009271118044112,0.1253933921522066,1.9844674545084815,2.1840637080177014,2.2569663432060425,98.0,2.220515025611872,0.03645131759417045,0.1827623979913856,1.9844674545084815,completed,True,COMPLETE
109,1.7452828919254029,2026-06-12 04:11:46.372437,2026-06-12 04:11:54.204199,0 days 00:00:07.831762,,,,,,7.0,log2,4.0,9.0,121.0,,,,,ExtraTreesRegressor,,,,,,9,,,,,,,,True,-0.005433218681115149,0.003807787000204193,98.0,-0.0008127158404554777,0.004620502840659671,0.023166629763200153,1.9844674545084815,1.7200127995721175,1.7705529842786882,98.0,1.7452828919254029,0.025270092353285444,0.1267011175664288,1.9844674545084815,0.2534294867303225,0.2723723999901173,98.0,0.2629009433602199,0.0094714566298974,0.04748871207959556,1.9844674545084815,5.6376459361136115,5.878008354005863,98.0,5.757827145059737,0.12018120894612574,0.6025737172258058,1.9844674545084815,1.3701424412797558,1.4248845899362412,98.0,1.3975135156079985,0.027371074328242637,0.13723518133210355,1.9844674545084815,99.0,0.3939393939393939,0.0012935172972835711,0.015943777073010205,98.0,0.008618647185146888,0.007325129887863316,0.03672729526019583,1.9844674545084815,ExtraTreesRegressor,"{'mode': 'original', 'type': 'ExtraTreesRegressor'}",9,"['edges_T2W40', 're_T2W40', 'l1_T2W40', 'l3_T2W40', 'lsc_T2W40', 'z_re_T2W40', 'z_pe_T2W40', 'z_l1_T2W40', 'z_diameter_T2W40']",0.08803043543009526,0.13696413865414178,98.0,0.11249728704211852,0.024466851612023267,0.12267376783734982,1.9844674545084815,2.182798670413769,2.256246434166438,98.0,2.2195225522901034,0.036723881876334616,0.18412900159045797,1.9844674545084815,completed,True,COMPLETE
110,1.7452816051255682,2026-06-12 04:11:54.217200,2026-06-12 04:12:00.908233,0 days 00:00:06.691033,,,,,,6.0,log2,3.0,8.0,101.0,,,,,ExtraTreesRegressor,,,,,,4,,,,,,,,True,-0.006687840703027224,0.004906338238224537,98.0,-0.0008907512324013434,0.00579708947062588,0.029065889601522635,1.9844674545084815,1.7195526318563201,1.7710105783948162,98.0,1.7452816051255682,0.02572897326924803,0.1290018897230769,1.9844674545084815,0.25315403505536627,0.27217154141613853,98.0,0.2626627882357524,0.009508753180386126,0.0476757123707789,1.9844674545084815,5.60497171737294,5.833145838370002,98.0,5.719058777871471,0.11408706049853153,0.5720184106550518,1.9844674545084815,1.4218974546807552,1.480580251403084,98.0,1.4512388530419196,0.02934139836116437,0.14711414233664138,1.9844674545084815,99.0,0.24242424242424243,0.012794623450034353,0.029496155259879198,98.0,0.021145389354956776,0.008350765904922423,0.04186970739549911,1.9844674545084815,ExtraTreesRegressor,"{'mode': 'original', 'type': 'ExtraTreesRegressor'}",4,"['edges_T2W40', 'lsc_T2W40', 'z_re_T2W40', 'z_diameter_T2W40']",0.12094080487170333,0.1747544924660186,98.0,0.14784764866886096,0.02690684379715763,0.1349075868668906,1.9844674545084815,2.1683580031863308,2.242409816625166,98.0,2.2053839099057484,0.03702590671941774,0.18564331679819332,1.9844674545084815,completed,True,COMPLETE
111,1.742816807845696,2026-06-12 04:12:00.921344,2026-06-12 04:12:05.863298,0 days 00:00:04.941954,,,,,,5.0,log2,3.0,9.0,64.0,,,,,ExtraTreesRegressor,,,,,,5,,,,,,,,True,-0.0037430758556095327,0.005174570994145609,98.0,0.0007157475692680378,0.00445882342487757,0.022355989169541377,1.9844674545084815,1.717117643991344,1.768515971700048,98.0,1.742816807845696,0.02569916385435196,0.12885242900372018,1.9844674545084815,0.2534601029013732,0.27263877825508853,98.0,0.2630494405782309,0.009589337676857672,0.048079753069116334,1.9844674545084815,5.684966371164776,5.912491371974365,98.0,5.798728871569571,0.11376250040479419,0.5703911064877744,1.9844674545084815,1.366611453705903,1.4309780715892038,98.0,1.3987947626475534,0.03218330894165036,0.16136313048980971,1.9844674545084815,99.0,0.35353535353535354,0.0057504391638615576,0.018561828658277525,98.0,0.01215613391106954,0.006405694747207983,0.03211736118388717,1.9844674545084815,ExtraTreesRegressor,"{'mode': 'original', 'type': 'ExtraTreesRegressor'}",5,"['edges_T2W40', 're_T2W40', 'pe_T2W40', 'lsc_T2W40', 'z_re_T2W40']",0.11514228201456837,0.16383869431416542,98.0,0.1394904881643669,0.024348206149798532,0.12207889416423856,1.9844674545084815,2.1783247469353175,2.2542640370108837,98.0,2.2162943919731006,0.03796964503778293,0.19037510400163765,1.9844674545084815,completed,True,COMPLETE
112,1.7449868504730597,2026-06-12 04:12:05.894392,2026-06-12 04:12:12.728644,0 days 00:00:06.834252,,,,,,4.0,log2,3.0,10.0,106.0,,,,,ExtraTreesRegressor,,,,,,4,,,,,,,,True,-0.005268285847057974,0.0038587454526912692,98.0,-0.0007047701971833526,0.004563515649874622,0.02288090303697795,1.9844674545084815,1.72000904955327,1.7699646513928493,98.0,1.7449868504730597,0.024977800919789687,0.12523560447050253,1.9844674545084815,0.25366891717579754,0.2727172312730649,98.0,0.2631930742244312,0.009524157048633696,0.0477529454609682,1.9844674545084815,5.651653775624984,5.891035010665531,98.0,5.771344393145258,0.11969061752027312,0.6001139524946352,1.9844674545084815,1.402944743638705,1.460913803601057,98.0,1.431929273619881,0.028984529981175934,0.14532484841810225,1.9844674545084815,99.0,0.26262626262626265,0.012472777663996192,0.025997999573283765,98.0,0.01923538861863998,0.006762610954643786,0.03390689490333194,1.9844674545084815,ExtraTreesRegressor,"{'mode': 'original', 'type': 'ExtraTreesRegressor'}",4,"['edges_T2W40', 'lsc_T2W40', 'z_re_T2W40', 'z_diameter_T2W40']",0.11454451943015938,0.16940747520189314,98.0,0.14197599731602625,0.02743147788586688,0.13753803729910932,1.9844674545084815,2.170775401291014,2.245142100652274,98.0,2.207958750971644,0.0371833496806301,0.18643271633261888,1.9844674545084815,completed,True,COMPLETE
113,1.7377037813537504,2026-06-12 04:12:12.742572,2026-06-12 04:12:20.960372,0 days 00:00:08.217800,,,,,,3.0,log2,3.0,9.0,137.0,,,,,ExtraTreesRegressor,,,,,,6,,,,,,,,True,0.0011843359399896932,0.006058925945837656,98.0,0.003621630942913675,0.0024372950029239817,0.012220295691534808,1.9844674545084815,1.713060296581044,1.7623472661264568,98.0,1.7377037813537504,0.02464348477270629,0.12355938465841063,1.9844674545084815,0.2532304126946945,0.2723887497651789,98.0,0.2628095812299367,0.009579168535242193,0.04802876625081114,1.9844674545084815,5.69578253859576,5.952221104501461,98.0,5.8240018215486105,0.12821928295284976,0.6428756261185601,1.9844674545084815,1.3339545584512145,1.391674327560135,98.0,1.3628144430056748,0.02885988455446029,0.14469989166513006,1.9844674545084815,99.0,0.1919191919191919,0.011266648906328043,0.018834284439246826,98.0,0.015050466672787434,0.003783817766459391,0.018971594285281,1.9844674545084815,ExtraTreesRegressor,"{'mode': 'original', 'type': 'ExtraTreesRegressor'}",6,"['edges_T2W40', 'l3_T2W40', 'lsc_T2W40', 'z_re_T2W40', 'z_pe_T2W40', 'z_diameter_T2W40']",0.14251108768329326,0.19171505471017133,98.0,0.1671130711967323,0.024601983513439032,0.12335130247746473,1.9844674545084815,2.175796714160142,2.2506274746876493,98.0,2.2132120944238958,0.0374153802637536,0.18759608897805027,1.9844674545084815,completed,True,COMPLETE
