number,value,datetime_start,datetime_complete,duration,params_dt_max_depth,params_dt_min_samples_leaf,params_dt_min_samples_split,params_elastic_alpha,params_elastic_l1_ratio,params_et_max_depth,params_et_max_features,params_et_min_samples_leaf,params_et_min_samples_split,params_et_n_estimators,params_knn_metric,params_knn_n_neighbors,params_knn_weights,params_quantile_alpha,params_regressor,params_rf_max_depth,params_rf_max_features,params_rf_min_samples_leaf,params_rf_min_samples_split,params_rf_n_estimators,params_rfe_n_features,params_rfe_proxy_et_max_depth,params_rfe_proxy_et_min_samples_leaf,params_rfe_proxy_et_min_samples_split,params_rfe_proxy_et_n_estimators,params_rfe_proxy_lsvr_C,params_rfe_proxy_lsvr_epsilon,params_rfe_proxy_type,params_use_scaler,user_attrs_d2mae_ci_lower_val,user_attrs_d2mae_ci_upper_val,user_attrs_d2mae_df_val,user_attrs_d2mae_mean_val,user_attrs_d2mae_samperror_val,user_attrs_d2mae_std_val,user_attrs_d2mae_t_critical_val,user_attrs_mae_ci_lower_val,user_attrs_mae_ci_upper_val,user_attrs_mae_df_val,user_attrs_mae_mean_val,user_attrs_mae_samperror_val,user_attrs_mae_std_val,user_attrs_mae_t_critical_val,user_attrs_mape_ci_lower_val,user_attrs_mape_ci_upper_val,user_attrs_mape_df_val,user_attrs_mape_mean_val,user_attrs_mape_samperror_val,user_attrs_mape_std_val,user_attrs_mape_t_critical_val,user_attrs_max_error_ci_lower_val,user_attrs_max_error_ci_upper_val,user_attrs_max_error_df_val,user_attrs_max_error_mean_val,user_attrs_max_error_samperror_val,user_attrs_max_error_std_val,user_attrs_max_error_t_critical_val,user_attrs_median_ae_ci_lower_val,user_attrs_median_ae_ci_upper_val,user_attrs_median_ae_df_val,user_attrs_median_ae_mean_val,user_attrs_median_ae_samperror_val,user_attrs_median_ae_std_val,user_attrs_median_ae_t_critical_val,user_attrs_n_splits_val,user_attrs_r2_below_zero_val,user_attrs_r2_ci_lower_val,user_attrs_r2_ci_upper_val,user_attrs_r2_df_val,user_attrs_r2_mean_val,user_attrs_r2_samperror_val,user_attrs_r2_std_val,user_attrs_r2_t_critical_val,user_attrs_regressor_final,user_attrs_rfe_estimator,user_attrs_rfe_n_features,user_attrs_rfe_selected_features,user_attrs_rho_ci_lower_val,user_attrs_rho_ci_upper_val,user_attrs_rho_df_val,user_attrs_rho_mean_val,user_attrs_rho_samperror_val,user_attrs_rho_std_val,user_attrs_rho_t_critical_val,user_attrs_rmse_ci_lower_val,user_attrs_rmse_ci_upper_val,user_attrs_rmse_df_val,user_attrs_rmse_mean_val,user_attrs_rmse_samperror_val,user_attrs_rmse_std_val,user_attrs_rmse_t_critical_val,user_attrs_termination_reason,user_attrs_use_scaler_final,state
171,1.7336201679853942,2026-06-12 04:26:45.877609,2026-06-12 04:27:03.569489,0 days 00:00:17.691880,,,,,,7.0,log2,3.0,11.0,324.0,,,,,ExtraTreesRegressor,,,,,,5,,,,,,,,True,0.0010909770930090596,0.010767711741226475,98.0,0.005929344417117768,0.004838367324108708,0.0242589753369763,1.9844674545084815,1.7080439802304646,1.7591963557403238,98.0,1.7336201679853942,0.025576187754929612,0.12823584205132837,1.9844674545084815,0.2516397166898691,0.27060375923717433,98.0,0.2611217379635217,0.009482021273652597,0.04754168189671222,1.9844674545084815,5.61685009769688,5.8475087581948975,98.0,5.732179427945889,0.11532933024900871,0.5782469975356994,1.9844674545084815,1.3609424943501385,1.4245061871790938,98.0,1.3927243407646162,0.031781846414477705,0.15935024703284814,1.9844674545084815,99.0,0.25252525252525254,0.014706799331973053,0.02955424301936182,98.0,0.022130521175667436,0.007423721843694382,0.037221623132536664,1.9844674545084815,ExtraTreesRegressor,"{'mode': 'original', 'type': 'ExtraTreesRegressor'}",5,"['edges_T2W40', 'lsc_T2W40', 'z_re_T2W40', 'z_pe_T2W40', 'z_diameter_T2W40']",0.129967784904314,0.18225147281341836,98.0,0.15610962885886617,0.026141843954552182,0.13107197227390907,1.9844674545084815,2.167306175660004,2.2419447078771855,98.0,2.2046254417685947,0.0373192661085908,0.18711418449179712,1.9844674545084815,completed,True,COMPLETE
172,1.732091828071018,2026-06-12 04:27:03.586363,2026-06-12 04:27:21.351196,0 days 00:00:17.764833,,,,,,6.0,log2,3.0,11.0,324.0,,,,,ExtraTreesRegressor,,,,,,5,,,,,,,,True,0.002315322273089215,0.011319007412522362,98.0,0.006817164842805789,0.004501842569716574,0.02257168184100663,1.9844674545084815,1.7066867474820349,1.7574969086600012,98.0,1.732091828071018,0.02540508058898321,0.12737793188440272,1.9844674545084815,0.25159465817666243,0.2705672701813589,98.0,0.26108096417901067,0.009486306002348212,0.04756316499644188,1.9844674545084815,5.622627784331143,5.855965675018894,98.0,5.739296729675019,0.1166689453438761,0.5849636619331087,1.9844674545084815,1.3505848159155152,1.412239976699567,98.0,1.381412396307541,0.030827580392025912,0.1545656752232167,1.9844674545084815,99.0,0.24242424242424243,0.016328428340584827,0.030026842485991804,98.0,0.023177635413288315,0.006849207072703488,0.03434107712877411,1.9844674545084815,ExtraTreesRegressor,"{'mode': 'original', 'type': 'ExtraTreesRegressor'}",5,"['edges_T2W40', 'lsc_T2W40', 'z_re_T2W40', 'z_pe_T2W40', 'z_diameter_T2W40']",0.13681879019959753,0.18770800108698404,98.0,0.1622633956432908,0.025444605443693244,0.12757610461734728,1.9844674545084815,2.16628136949294,2.2408364707470447,98.0,2.2035589201199923,0.03727755062705245,0.18690502822687974,1.9844674545084815,completed,True,COMPLETE
173,1.7328931048266762,2026-06-12 04:27:21.364611,2026-06-12 04:27:38.587084,0 days 00:00:17.222473,,,,,,6.0,log2,3.0,11.0,315.0,,,,,ExtraTreesRegressor,,,,,,4,,,,,,,,True,0.0013770652395511639,0.011463551718817876,98.0,0.00642030847918452,0.005043243239633356,0.02528619783765082,1.9844674545084815,1.7068495549486895,1.758936654704663,98.0,1.7328931048266762,0.026043549877986717,0.13057913793136322,1.9844674545084815,0.2515808929724441,0.2706075041371153,98.0,0.2610941985547797,0.009513305582335574,0.047698537551096515,1.9844674545084815,5.660252789733348,5.895710538051042,98.0,5.777981663892195,0.11772887415884738,0.590278013915691,1.9844674545084815,1.362393453217489,1.429939200251116,98.0,1.3961663267343025,0.03377287351681356,0.16933301066680073,1.9844674545084815,99.0,0.26262626262626265,0.01522391250540124,0.02946456037824107,98.0,0.022344236441821156,0.007120323936419915,0.03570042355077127,1.9844674545084815,ExtraTreesRegressor,"{'mode': 'original', 'type': 'ExtraTreesRegressor'}",4,"['edges_T2W40', 'lsc_T2W40', 'z_re_T2W40', 'z_pe_T2W40']",0.1485070095289268,0.19965557793573344,98.0,0.1740812937323301,0.025574284203403335,0.1282262978794135,1.9844674545084815,2.166956795550024,2.242195930146031,98.0,2.2045763628480275,0.03761956729800337,0.1886198575132158,1.9844674545084815,completed,True,COMPLETE
174,1.7323662154466428,2026-06-12 04:27:38.631458,2026-06-12 04:27:53.513284,0 days 00:00:14.881826,,,,,,6.0,log2,3.0,10.0,267.0,,,,,ExtraTreesRegressor,,,,,,4,,,,,,,,True,0.001588048401001161,0.011904782365093278,98.0,0.006746415383047219,0.005158366982046058,0.025863414043203102,1.9844674545084815,1.7061385270106482,1.7585939038826375,98.0,1.7323662154466428,0.02622768843599455,0.13150238588631696,1.9844674545084815,0.2515152543008313,0.27057749002408094,98.0,0.26104637216245613,0.009531117861624777,0.04778784611636791,1.9844674545084815,5.660175299906289,5.895826984274672,98.0,5.77800114209048,0.117825842184192,0.5907641996014261,1.9844674545084815,1.3629283651302684,1.4293570662384063,98.0,1.3961427156843373,0.033214350554069016,0.16653264561166292,1.9844674545084815,99.0,0.26262626262626265,0.015777137136143454,0.030242788847288406,98.0,0.02300996299171593,0.007232825855572474,0.036264494258773414,1.9844674545084815,ExtraTreesRegressor,"{'mode': 'original', 'type': 'ExtraTreesRegressor'}",4,"['edges_T2W40', 'lsc_T2W40', 'z_re_T2W40', 'z_pe_T2W40']",0.14987570143451043,0.2008747963976952,98.0,0.17537524891610282,0.0254995474815924,0.12785157719995124,1.9844674545084815,2.166091356482547,2.2416690727753834,98.0,2.203880214628965,0.03778885814641832,0.18946866088868725,1.9844674545084815,completed,True,COMPLETE
175,1.7526676448140468,2026-06-12 04:27:53.546940,2026-06-12 04:27:55.352828,0 days 00:00:01.805888,,,,0.296682388718068,0.7467632939732293,,,,,,,,,,ElasticNet,,,,,,4,,,,,,,,True,-0.007053653743996581,-0.0027092197958167486,98.0,-0.004881436769906665,0.002172216974089916,0.010891227240733693,1.9844674545084815,1.7275344687088368,1.7778008209192568,98.0,1.7526676448140468,0.025133176105210073,0.12601463643285682,1.9844674545084815,0.25543510635083333,0.27484603149174547,98.0,0.2651405689212894,0.009705462570456054,0.04866198892288775,1.9844674545084815,5.7803536912902445,6.056523381524661,98.0,5.918438536407453,0.13808484511720806,0.6923403346035988,1.9844674545084815,1.3070197477017584,1.3708453202834658,98.0,1.3389325339926121,0.031912786290853666,0.16000676337789776,1.9844674545084815,99.0,0.494949494949495,-0.0038696528869337802,0.001605525858688714,98.0,-0.0011320635141225332,0.002737589372811247,0.013725934520697074,1.9844674545084815,ElasticNet,"{'mode': 'original', 'type': 'ElasticNet'}",4,"['edges_T2W40', 'z_l3_T2W40', 'z_diameter_T2W40', 'z_asp_T2W40']",0.10040705266881665,0.1568825411710122,94.0,0.12864479691991443,0.028237744251097777,0.13861709218503027,1.985523441866604,2.1936435894349526,2.2693733214930423,98.0,2.2315084554639975,0.03786486602904471,0.18984975501125653,1.9844674545084815,completed,True,COMPLETE
176,1.7322024773078326,2026-06-12 04:27:55.366582,2026-06-12 04:28:10.347352,0 days 00:00:14.980770,,,,,,6.0,log2,3.0,10.0,270.0,,,,,ExtraTreesRegressor,,,,,,4,,,,,,,,True,0.001690788586169327,0.011988859947388054,98.0,0.006839824266778691,0.005149035680609364,0.025816628051927342,1.9844674545084815,1.7059853056659977,1.7584196489496675,98.0,1.7322024773078326,0.02621717164183498,0.13144965598115457,1.9844674545084815,0.251501112254957,0.2705621037837859,98.0,0.2610316080193715,0.009530495764414428,0.04778472699789836,1.9844674545084815,5.6617822490619245,5.897684706184745,98.0,5.779733477623335,0.11795122856141013,0.5913928713885744,1.9844674545084815,1.36243550531871,1.4285600856733556,98.0,1.3954977954960328,0.033062290177322776,0.1657702336900137,1.9844674545084815,99.0,0.2727272727272727,0.015751467956272528,0.030191769482106116,98.0,0.022971618719189322,0.007220150762916794,0.03620094291189739,1.9844674545084815,ExtraTreesRegressor,"{'mode': 'original', 'type': 'ExtraTreesRegressor'}",4,"['edges_T2W40', 'lsc_T2W40', 'z_re_T2W40', 'z_pe_T2W40']",0.15023937883644933,0.200946657451806,98.0,0.17559301814412767,0.025353639307678342,0.12712001166237677,1.9844674545084815,2.1661460936711427,2.2416936022198093,98.0,2.203919847945476,0.037773754274333285,0.1893929319421523,1.9844674545084815,completed,True,COMPLETE
177,1.7323662154466428,2026-06-12 04:28:10.360671,2026-06-12 04:28:25.331866,0 days 00:00:14.971195,,,,,,6.0,log2,3.0,10.0,267.0,,,,,ExtraTreesRegressor,,,,,,4,,,,,,,,True,0.001588048401001161,0.011904782365093278,98.0,0.006746415383047219,0.005158366982046058,0.025863414043203102,1.9844674545084815,1.7061385270106482,1.7585939038826375,98.0,1.7323662154466428,0.02622768843599455,0.13150238588631696,1.9844674545084815,0.2515152543008313,0.27057749002408094,98.0,0.26104637216245613,0.009531117861624777,0.04778784611636791,1.9844674545084815,5.660175299906289,5.895826984274672,98.0,5.77800114209048,0.117825842184192,0.5907641996014261,1.9844674545084815,1.3629283651302684,1.4293570662384063,98.0,1.3961427156843373,0.033214350554069016,0.16653264561166292,1.9844674545084815,99.0,0.26262626262626265,0.015777137136143454,0.030242788847288406,98.0,0.02300996299171593,0.007232825855572474,0.036264494258773414,1.9844674545084815,ExtraTreesRegressor,"{'mode': 'original', 'type': 'ExtraTreesRegressor'}",4,"['edges_T2W40', 'lsc_T2W40', 'z_re_T2W40', 'z_pe_T2W40']",0.14987570143451043,0.2008747963976952,98.0,0.17537524891610282,0.0254995474815924,0.12785157719995124,1.9844674545084815,2.166091356482547,2.2416690727753834,98.0,2.203880214628965,0.03778885814641832,0.18946866088868725,1.9844674545084815,completed,True,COMPLETE
178,1.732197067979822,2026-06-12 04:28:25.344740,2026-06-12 04:28:40.230526,0 days 00:00:14.885786,,,,,,6.0,log2,3.0,10.0,268.0,,,,,ExtraTreesRegressor,,,,,,4,,,,,,,,True,0.0016928100123648959,0.011999820749838831,98.0,0.006846315381101863,0.005153505368736967,0.02583903851537257,1.9844674545084815,1.7059620788703906,1.7584320570892533,98.0,1.732197067979822,0.026234989109431263,0.13153899055995597,1.9844674545084815,0.2514879757088071,0.27055221142596864,98.0,0.26102009356738787,0.009532117858580774,0.04779285997742217,1.9844674545084815,5.660526283704368,5.896500459755212,98.0,5.77851337172979,0.11798708802542202,0.5915726663059068,1.9844674545084815,1.3625925029931807,1.4288211217938862,98.0,1.3957068123935334,0.03311430940035278,0.1660310516403677,1.9844674545084815,99.0,0.26262626262626265,0.015877870695424023,0.030327798988237915,98.0,0.02310283484183097,0.007224964146406946,0.036225076621381,1.9844674545084815,ExtraTreesRegressor,"{'mode': 'original', 'type': 'ExtraTreesRegressor'}",4,"['edges_T2W40', 'lsc_T2W40', 'z_re_T2W40', 'z_pe_T2W40']",0.15017977434928598,0.2010920418657866,98.0,0.1756359081075363,0.0254561337582503,0.12763390616067433,1.9844674545084815,2.1659864420025734,2.241574447846758,98.0,2.2037804449246656,0.03779400292209234,0.189494456157593,1.9844674545084815,completed,True,COMPLETE
179,1.7322716944599934,2026-06-12 04:28:40.244334,2026-06-12 04:28:55.040569,0 days 00:00:14.796235,,,,,,6.0,log2,3.0,10.0,265.0,,,,,ExtraTreesRegressor,,,,,,4,,,,,,,,True,0.001649402320073324,0.011943567722497443,98.0,0.006796485021285384,0.00514708270121206,0.025806836054780548,1.9844674545084815,1.7060708705142633,1.7584725184057235,98.0,1.7322716944599934,0.0262008239457301,0.13136769065482465,1.9844674545084815,0.2515086970496474,0.2705693564305719,98.0,0.26103902674010965,0.009530329690462249,0.047783894323642745,1.9844674545084815,5.660254051005094,5.895926134042048,98.0,5.778090092523571,0.11783604151847735,0.5908153378020438,1.9844674545084815,1.362396315430022,1.4290216761843197,98.0,1.395708995807171,0.03331268037714888,0.16702565918281068,1.9844674545084815,99.0,0.26262626262626265,0.015866069501721508,0.03028636284934947,98.0,0.02307621617553549,0.007210146673813979,0.03615078364647643,1.9844674545084815,ExtraTreesRegressor,"{'mode': 'original', 'type': 'ExtraTreesRegressor'}",4,"['edges_T2W40', 'lsc_T2W40', 'z_re_T2W40', 'z_pe_T2W40']",0.15036019148579244,0.20135039972105168,98.0,0.17585529560342206,0.025495104117629605,0.1278292987226125,1.9844674545084815,2.166034923968698,2.241567005864619,98.0,2.2038009649166583,0.03776604094796067,0.18935425827773106,1.9844674545084815,completed,True,COMPLETE
180,1.732197067979822,2026-06-12 04:28:55.079627,2026-06-12 04:29:10.002643,0 days 00:00:14.923016,,,,,,6.0,log2,3.0,10.0,268.0,,,,,ExtraTreesRegressor,,,,,,4,,,,,,,,True,0.0016928100123648959,0.011999820749838831,98.0,0.006846315381101863,0.005153505368736967,0.02583903851537257,1.9844674545084815,1.7059620788703906,1.7584320570892533,98.0,1.732197067979822,0.026234989109431263,0.13153899055995597,1.9844674545084815,0.2514879757088071,0.27055221142596864,98.0,0.26102009356738787,0.009532117858580774,0.04779285997742217,1.9844674545084815,5.660526283704368,5.896500459755212,98.0,5.77851337172979,0.11798708802542202,0.5915726663059068,1.9844674545084815,1.3625925029931807,1.4288211217938862,98.0,1.3957068123935334,0.03311430940035278,0.1660310516403677,1.9844674545084815,99.0,0.26262626262626265,0.015877870695424023,0.030327798988237915,98.0,0.02310283484183097,0.007224964146406946,0.036225076621381,1.9844674545084815,ExtraTreesRegressor,"{'mode': 'original', 'type': 'ExtraTreesRegressor'}",4,"['edges_T2W40', 'lsc_T2W40', 'z_re_T2W40', 'z_pe_T2W40']",0.15017977434928598,0.2010920418657866,98.0,0.1756359081075363,0.0254561337582503,0.12763390616067433,1.9844674545084815,2.1659864420025734,2.241574447846758,98.0,2.2037804449246656,0.03779400292209234,0.189494456157593,1.9844674545084815,completed,True,COMPLETE
181,1.7323499377672151,2026-06-12 04:29:10.015367,2026-06-12 04:29:24.782346,0 days 00:00:14.766979,,,,,,6.0,log2,3.0,10.0,266.0,,,,,ExtraTreesRegressor,,,,,,4,,,,,,,,True,0.0015990576746904381,0.01191156371594611,98.0,0.006755310695318274,0.005156253020627836,0.02585281490211424,1.9844674545084815,1.7061255612881419,1.7585743142462884,98.0,1.7323499377672151,0.02622437647907333,0.13148578014394832,1.9844674545084815,0.2515120866948322,0.2705770495472612,98.0,0.2610445681210467,0.00953248142621449,0.047794682860570314,1.9844674545084815,5.660247899622527,5.896082015425251,98.0,5.778164957523889,0.117917057901362,0.5912215439254394,1.9844674545084815,1.3627120949920462,1.429228586245632,98.0,1.395970340618839,0.03325824562679291,0.1667527300772052,1.9844674545084815,99.0,0.26262626262626265,0.015781293287529613,0.030237079866838636,98.0,0.023009186577184124,0.00722789328965451,0.036239762983337656,1.9844674545084815,ExtraTreesRegressor,"{'mode': 'original', 'type': 'ExtraTreesRegressor'}",4,"['edges_T2W40', 'lsc_T2W40', 'z_re_T2W40', 'z_pe_T2W40']",0.14968431232509335,0.20057693790313444,98.0,0.1751306251141139,0.025446312789020535,0.12758466503564792,1.9844674545084815,2.166092921015202,2.241671832933294,98.0,2.203882376974248,0.03778945595904605,0.18947165824726314,1.9844674545084815,completed,True,COMPLETE
182,1.7322997448623427,2026-06-12 04:29:24.795447,2026-06-12 04:29:38.734023,0 days 00:00:13.938576,,,,,,6.0,log2,3.0,10.0,248.0,,,,,ExtraTreesRegressor,,,,,,4,,,,,,,,True,0.0016308499645572693,0.011935566217036064,98.0,0.006783208090796667,0.0051523581262393975,0.0258332863833847,1.9844674545084815,1.7060818479276825,1.758517641797003,98.0,1.7322997448623427,0.02621789693466023,0.13145329250967364,1.9844674545084815,0.25150745826908805,0.27056465055278167,98.0,0.26103605441093486,0.00952859614184683,0.04777520252529635,1.9844674545084815,5.65938184672924,5.8944991392307164,98.0,5.776940492979978,0.11755864625073852,0.5894245122388131,1.9844674545084815,1.3651517809309581,1.4315265937749384,98.0,1.3983391873529483,0.03318740642199013,0.16639755106596338,1.9844674545084815,99.0,0.26262626262626265,0.015962812459153923,0.030432907597608735,98.0,0.02319786002838133,0.007235047569227405,0.036275633656249966,1.9844674545084815,ExtraTreesRegressor,"{'mode': 'original', 'type': 'ExtraTreesRegressor'}",4,"['edges_T2W40', 'lsc_T2W40', 'z_re_T2W40', 'z_pe_T2W40']",0.1501105784363547,0.20096586684423387,98.0,0.17553822264029428,0.025427644203939597,0.12749106305904764,1.9844674545084815,2.1658998437238326,2.2414119220109825,98.0,2.2036558828674075,0.03775603914357492,0.18930411046759887,1.9844674545084815,completed,True,COMPLETE
183,1.7321467282924816,2026-06-12 04:29:38.747054,2026-06-12 04:29:53.745980,0 days 00:00:14.998926,,,,,,6.0,log2,3.0,10.0,269.0,,,,,ExtraTreesRegressor,,,,,,4,,,,,,,,True,0.001730782544750474,0.012017144322594604,98.0,0.006873963433672539,0.005143180888922065,0.025787272850548233,1.9844674545084815,1.7059244905930724,1.7583689659918909,98.0,1.7321467282924816,0.026222237699409227,0.13147505656724423,1.9844674545084815,0.2514860280953261,0.2705454692901366,98.0,0.26101574869273136,0.009529720597405275,0.04778084040638983,1.9844674545084815,5.661117224889006,5.897225012751257,98.0,5.779171118820131,0.1180538939311251,0.5919076228543152,1.9844674545084815,1.3621488375144892,1.428258512894244,98.0,1.3952036752043666,0.03305483768987732,0.16573286783971175,1.9844674545084815,99.0,0.26262626262626265,0.01584431422767068,0.030263995621507347,98.0,0.023054154924589013,0.007209840696918335,0.03614924951616595,1.9844674545084815,ExtraTreesRegressor,"{'mode': 'original', 'type': 'ExtraTreesRegressor'}",4,"['edges_T2W40', 'lsc_T2W40', 'z_re_T2W40', 'z_pe_T2W40']",0.1501548576767538,0.2010341632678489,98.0,0.17559451047230135,0.025439652795547562,0.12755127265210559,1.9844674545084815,2.1660502713582663,2.2416180079050574,98.0,2.203834139631662,0.037783868273395534,0.18944364228251584,1.9844674545084815,completed,True,COMPLETE
184,1.732197067979822,2026-06-12 04:29:53.758771,2026-06-12 04:30:08.725019,0 days 00:00:14.966248,,,,,,6.0,log2,3.0,10.0,268.0,,,,,ExtraTreesRegressor,,,,,,4,,,,,,,,True,0.0016928100123648959,0.011999820749838831,98.0,0.006846315381101863,0.005153505368736967,0.02583903851537257,1.9844674545084815,1.7059620788703906,1.7584320570892533,98.0,1.732197067979822,0.026234989109431263,0.13153899055995597,1.9844674545084815,0.2514879757088071,0.27055221142596864,98.0,0.26102009356738787,0.009532117858580774,0.04779285997742217,1.9844674545084815,5.660526283704368,5.896500459755212,98.0,5.77851337172979,0.11798708802542202,0.5915726663059068,1.9844674545084815,1.3625925029931807,1.4288211217938862,98.0,1.3957068123935334,0.03311430940035278,0.1660310516403677,1.9844674545084815,99.0,0.26262626262626265,0.015877870695424023,0.030327798988237915,98.0,0.02310283484183097,0.007224964146406946,0.036225076621381,1.9844674545084815,ExtraTreesRegressor,"{'mode': 'original', 'type': 'ExtraTreesRegressor'}",4,"['edges_T2W40', 'lsc_T2W40', 'z_re_T2W40', 'z_pe_T2W40']",0.15017977434928598,0.2010920418657866,98.0,0.1756359081075363,0.0254561337582503,0.12763390616067433,1.9844674545084815,2.1659864420025734,2.241574447846758,98.0,2.2037804449246656,0.03779400292209234,0.189494456157593,1.9844674545084815,completed,True,COMPLETE
