number,value,datetime_start,datetime_complete,duration,params_dt_max_depth,params_dt_min_samples_leaf,params_dt_min_samples_split,params_elastic_alpha,params_elastic_l1_ratio,params_et_max_depth,params_et_max_features,params_et_min_samples_leaf,params_et_min_samples_split,params_et_n_estimators,params_knn_metric,params_knn_n_neighbors,params_knn_weights,params_quantile_alpha,params_regressor,params_rf_max_depth,params_rf_max_features,params_rf_min_samples_leaf,params_rf_min_samples_split,params_rf_n_estimators,params_rfe_n_features,params_rfe_proxy_et_max_depth,params_rfe_proxy_et_min_samples_leaf,params_rfe_proxy_et_min_samples_split,params_rfe_proxy_et_n_estimators,params_rfe_proxy_lsvr_C,params_rfe_proxy_lsvr_epsilon,params_rfe_proxy_type,params_use_scaler,user_attrs_d2mae_ci_lower_val,user_attrs_d2mae_ci_upper_val,user_attrs_d2mae_df_val,user_attrs_d2mae_mean_val,user_attrs_d2mae_samperror_val,user_attrs_d2mae_std_val,user_attrs_d2mae_t_critical_val,user_attrs_mae_ci_lower_val,user_attrs_mae_ci_upper_val,user_attrs_mae_df_val,user_attrs_mae_mean_val,user_attrs_mae_samperror_val,user_attrs_mae_std_val,user_attrs_mae_t_critical_val,user_attrs_mape_ci_lower_val,user_attrs_mape_ci_upper_val,user_attrs_mape_df_val,user_attrs_mape_mean_val,user_attrs_mape_samperror_val,user_attrs_mape_std_val,user_attrs_mape_t_critical_val,user_attrs_max_error_ci_lower_val,user_attrs_max_error_ci_upper_val,user_attrs_max_error_df_val,user_attrs_max_error_mean_val,user_attrs_max_error_samperror_val,user_attrs_max_error_std_val,user_attrs_max_error_t_critical_val,user_attrs_median_ae_ci_lower_val,user_attrs_median_ae_ci_upper_val,user_attrs_median_ae_df_val,user_attrs_median_ae_mean_val,user_attrs_median_ae_samperror_val,user_attrs_median_ae_std_val,user_attrs_median_ae_t_critical_val,user_attrs_n_splits_val,user_attrs_r2_below_zero_val,user_attrs_r2_ci_lower_val,user_attrs_r2_ci_upper_val,user_attrs_r2_df_val,user_attrs_r2_mean_val,user_attrs_r2_samperror_val,user_attrs_r2_std_val,user_attrs_r2_t_critical_val,user_attrs_regressor_final,user_attrs_rfe_estimator,user_attrs_rfe_n_features,user_attrs_rfe_selected_features,user_attrs_rho_ci_lower_val,user_attrs_rho_ci_upper_val,user_attrs_rho_df_val,user_attrs_rho_mean_val,user_attrs_rho_samperror_val,user_attrs_rho_std_val,user_attrs_rho_t_critical_val,user_attrs_rmse_ci_lower_val,user_attrs_rmse_ci_upper_val,user_attrs_rmse_df_val,user_attrs_rmse_mean_val,user_attrs_rmse_samperror_val,user_attrs_rmse_std_val,user_attrs_rmse_t_critical_val,user_attrs_termination_reason,user_attrs_use_scaler_final,state
40,1.7429299380546739,2026-06-12 03:56:42.515057,2026-06-12 03:57:07.462034,0 days 00:00:24.946977,,,,,,2.0,log2,1.0,2.0,488.0,,,,,ExtraTreesRegressor,,,,,,3,,,,,,,,True,-0.0015878372829035404,0.0028381934428062783,98.0,0.0006251780799513689,0.0022130153628549093,0.011095785315914698,1.9844674545084815,1.718287271450976,1.7675726046583717,98.0,1.7429299380546739,0.024642666603697835,0.12355528246019622,1.9844674545084815,0.25416713201658997,0.2734511670200645,98.0,0.26380914951832724,0.009642017501737246,0.04834388319543849,1.9844674545084815,5.738515584522038,6.010153186010473,98.0,5.8743343852662555,0.13581880074421754,0.6809786683896767,1.9844674545084815,1.3420402828311955,1.4033637773397414,98.0,1.3727020300854684,0.03066174725427293,0.15373420838134272,1.9844674545084815,99.0,0.20202020202020202,0.007672013611063731,0.013878133055437577,98.0,0.010775073333250654,0.0031030597221869227,0.015558357649822323,1.9844674545084815,ExtraTreesRegressor,"{'mode': 'original', 'type': 'ExtraTreesRegressor'}",3,"['edges_T2W40', 'lsc_T2W40', 'z_diameter_T2W40']",0.13101112511554472,0.18531513485857384,98.0,0.15816312998705928,0.027152004871514555,0.13613679417134156,1.9844674545084815,2.180568156583799,2.2556644862654784,98.0,2.2181163214246387,0.03754816484083991,0.18826185442430254,1.9844674545084815,completed,True,COMPLETE
41,1.7377766059459583,2026-06-12 03:57:07.474804,2026-06-12 03:57:32.618224,0 days 00:00:25.143420,,,,,,2.0,log2,1.0,2.0,494.0,,,,,ExtraTreesRegressor,,,,,,2,,,,,,,,True,0.0010465142338736315,0.006179242253876688,98.0,0.0036128782438751596,0.002566364010001528,0.012867431729317761,1.9844674545084815,1.7129275678442848,1.7626256440476318,98.0,1.7377766059459583,0.02484903810167345,0.12459000362630107,1.9844674545084815,0.25341764880020945,0.27270492677787284,98.0,0.26306128778904114,0.009643638988831705,0.04835201313117894,1.9844674545084815,5.722584285421692,5.998149140831521,98.0,5.860366713126607,0.1377824277049146,0.6908240511023973,1.9844674545084815,1.317238646987711,1.3798401270581397,98.0,1.3485393870229254,0.031300740035214394,0.1569380391521328,1.9844674545084815,99.0,0.16161616161616163,0.012080871202562857,0.01972662666102434,98.0,0.0159037489317936,0.003822877729230742,0.01916743610754446,1.9844674545084815,ExtraTreesRegressor,"{'mode': 'original', 'type': 'ExtraTreesRegressor'}",2,"['edges_T2W40', 'z_diameter_T2W40']",0.12868666856530447,0.18224869146348233,98.0,0.1554676800143934,0.026781011449088912,0.13427667903705667,1.9844674545084815,2.174778749806245,2.2498506911336515,98.0,2.2123147204699483,0.0375359706637035,0.1882007143283588,1.9844674545084815,completed,True,COMPLETE
42,1.737997277103383,2026-06-12 03:57:32.636015,2026-06-12 03:57:57.483093,0 days 00:00:24.847078,,,,,,2.0,log2,1.0,2.0,486.0,,,,,ExtraTreesRegressor,,,,,,2,,,,,,,,True,0.0009291711354282462,0.0060365044818022386,98.0,0.0034828378086152424,0.002553666673186996,0.012803768852980492,1.9844674545084815,1.7131667098509842,1.7628278443557817,98.0,1.737997277103383,0.02483056725239866,0.12449739307257615,1.9844674545084815,0.2534571149876586,0.27274504573720154,98.0,0.2631010803624301,0.009643965374771461,0.04835364958991233,1.9844674545084815,5.722629965733401,5.998400199947626,98.0,5.8605150828405135,0.1378851171071125,0.6913389230640348,1.9844674545084815,1.316569404457444,1.3795164619508669,98.0,1.3480429332041555,0.03147352874671149,0.15780438038047023,1.9844674545084815,99.0,0.16161616161616163,0.011935549645727541,0.019582938941888086,98.0,0.015759244293807814,0.003823694648080272,0.019171532037616637,1.9844674545084815,ExtraTreesRegressor,"{'mode': 'original', 'type': 'ExtraTreesRegressor'}",2,"['edges_T2W40', 'z_diameter_T2W40']",0.1266853831975132,0.18050492645804783,98.0,0.15359515482778052,0.026909771630267303,0.13492226665997792,1.9844674545084815,2.174944798230537,2.2499995042240752,98.0,2.2124721512273062,0.03752735299676881,0.18815750641221135,1.9844674545084815,completed,True,COMPLETE
43,1.7379083304714413,2026-06-12 03:57:57.496437,2026-06-12 03:58:21.314598,0 days 00:00:23.818161,,,,,,2.0,log2,1.0,2.0,465.0,,,,,ExtraTreesRegressor,,,,,,2,,,,,,,,True,0.0009846932166345458,0.006084055474587282,98.0,0.003534374345610914,0.002549681128976368,0.012783785827254377,1.9844674545084815,1.7130783709432436,1.762738289999639,98.0,1.7379083304714413,0.024829959528197866,0.12449434601859882,1.9844674545084815,0.2534438024420834,0.27273130949003643,98.0,0.2630875559660599,0.009643753523976482,0.04835258739622875,1.9844674545084815,5.721730145115989,5.997191126970495,98.0,5.859460636043242,0.1377304909272531,0.6905636465229238,1.9844674545084815,1.3164498142977377,1.3792326521733438,98.0,1.3478412332355407,0.03139141893780309,0.15739269195423036,1.9844674545084815,99.0,0.16161616161616163,0.012045205483642591,0.019656584987270635,98.0,0.015850895235456613,0.003805689751814021,0.019081257714645868,1.9844674545084815,ExtraTreesRegressor,"{'mode': 'original', 'type': 'ExtraTreesRegressor'}",2,"['edges_T2W40', 'z_diameter_T2W40']",0.1269986746262081,0.18039265019815617,98.0,0.15369566241218213,0.026696987785974038,0.1338553947825377,1.9844674545084815,2.1748522063778775,2.2498809753933524,98.0,2.212366590885615,0.03751438450773729,0.18809248401219514,1.9844674545084815,completed,True,COMPLETE
44,1.7584675467100728,2026-06-12 03:58:21.328178,2026-06-12 03:58:43.235954,0 days 00:00:21.907776,,,,,,5.0,log2,1.0,2.0,410.0,,,,,ExtraTreesRegressor,,,,,,2,,,,,,,,True,-0.014399251010740396,-0.00275700492716482,98.0,-0.008578127968952609,0.005821123041787789,0.029186390954772743,1.9844674545084815,1.7332191611215824,1.7837159322985632,98.0,1.7584675467100728,0.02524838558849035,0.12659228253251437,1.9844674545084815,0.2553381755555278,0.27438717341180224,98.0,0.264862674483665,0.009524498928137233,0.04775465960251409,1.9844674545084815,5.723273589048856,5.995569097956552,98.0,5.859421343502704,0.13614775445384789,0.6826280016036239,1.9844674545084815,1.4239750378264109,1.4672272950888652,98.0,1.445601166457638,0.021626128631227235,0.10843073416214051,1.9844674545084815,99.0,0.42424242424242425,0.0011634825034928017,0.01994676297970044,98.0,0.01055512274159662,0.009391640238103818,0.04708852256311158,1.9844674545084815,ExtraTreesRegressor,"{'mode': 'original', 'type': 'ExtraTreesRegressor'}",2,"['edges_T2W40', 'z_diameter_T2W40']",0.07105128498740909,0.12048276426614077,98.0,0.09576702462677493,0.02471573963936583,0.12392166162310826,1.9844674545084815,2.1796495893652863,2.254876319264509,98.0,2.2172629543148976,0.037613364949611476,0.18858875970550687,1.9844674545084815,completed,True,COMPLETE
45,1.752720341305853,2026-06-12 03:58:43.248517,2026-06-12 03:59:04.106096,0 days 00:00:20.857579,,,,,,4.0,,2.0,4.0,409.0,,,,,ExtraTreesRegressor,,,,,,3,,,,,,,,True,-0.012352505213170226,0.0021242824087201167,98.0,-0.005114111402225055,0.007238393810945171,0.036292411298348023,1.9844674545084815,1.7255613864300412,1.7798792961816647,98.0,1.752720341305853,0.027158954875811773,0.1361716406332871,1.9844674545084815,0.2539416569643059,0.2732723095202196,98.0,0.2636069832422627,0.00966532627795685,0.04846075051649304,1.9844674545084815,5.639328625179259,5.883139499469958,98.0,5.7612340623246086,0.121905437145349,0.6112187841581684,1.9844674545084815,1.3919851998904882,1.4613566034044245,98.0,1.4266709016474564,0.03468570175696816,0.1739098185611632,1.9844674545084815,99.0,0.4444444444444444,-0.00012915152360573438,0.021978283838726832,98.0,0.01092456615756055,0.011053717681166284,0.055421973291105764,1.9844674545084815,ExtraTreesRegressor,"{'mode': 'original', 'type': 'ExtraTreesRegressor'}",3,"['edges_T2W40', 'z_re_T2W40', 'z_diameter_T2W40']",0.09434346298851556,0.14806791476031272,98.0,0.12120568887441414,0.026862225885898587,0.13468387817833627,1.9844674545084815,2.1788595143435234,2.253595673693156,98.0,2.21622759401834,0.03736807967481622,0.1873589296754197,1.9844674545084815,completed,True,COMPLETE
46,1.74373150185711,2026-06-12 03:59:04.118729,2026-06-12 03:59:25.394638,0 days 00:00:21.275909,,,,,,2.0,log2,2.0,4.0,410.0,,,,,ExtraTreesRegressor,,,,,,5,,,,,,,,True,-0.002589480460207164,0.0027353836342069154,98.0,7.295158699987587e-05,0.0026624320472070397,0.013349104985837105,1.9844674545084815,1.719405631831027,1.7680573718831931,98.0,1.74373150185711,0.024325870026083,0.1219669036025384,1.9844674545084815,0.2542822528720106,0.2734416616017293,98.0,0.26386195723686995,0.009579704364859339,0.04803145283423823,1.9844674545084815,5.689719730734447,5.952508714520331,98.0,5.821114222627389,0.13139449189294192,0.6587957310232929,1.9844674545084815,1.3444011694251632,1.408109916013919,98.0,1.376255542719541,0.03185437329437799,0.15971388783829132,1.9844674545084815,99.0,0.1919191919191919,0.010185769587228199,0.018513442950193866,98.0,0.014349606268711033,0.004163836681482834,0.02087696212314694,1.9844674545084815,ExtraTreesRegressor,"{'mode': 'original', 'type': 'ExtraTreesRegressor'}",5,"['edges_T2W40', 'lsc_T2W40', 'z_re_T2W40', 'z_diameter_T2W40', 'z_asp_T2W40']",0.0948346134188452,0.14649686505090825,98.0,0.12066573923487674,0.02583112581603153,0.129514069958067,1.9844674545084815,2.176696816502017,2.250974466326525,98.0,2.213835641414271,0.03713882491225433,0.18620947465096102,1.9844674545084815,completed,True,COMPLETE
47,1.7362019815332888,2026-06-12 03:59:25.407393,2026-06-12 03:59:48.107456,0 days 00:00:22.700063,,,,,,7.0,log2,2.0,4.0,428.0,,,,,ExtraTreesRegressor,,,,,,2,,,,,,,,True,0.0003229260311342014,0.008990065270414866,98.0,0.004656495650774533,0.004333569619640332,0.02172798208190829,1.9844674545084815,1.7098964198989304,1.7625075431676471,98.0,1.7362019815332888,0.026305561634358363,0.131892832471285,1.9844674545084815,0.25230247398351807,0.27146280826165375,98.0,0.2618826411225859,0.009580167139067852,0.048033773126882194,1.9844674545084815,5.751678910627559,6.035401902661269,98.0,5.893540406644414,0.14186149601685435,0.7112759951051021,1.9844674545084815,1.3339582972363258,1.3754319542530964,98.0,1.354695125744711,0.020736828508385423,0.103971893337945,1.9844674545084815,99.0,0.36363636363636365,0.0011622396674570608,0.014474505557584876,98.0,0.007818372612520968,0.006656132945063908,0.03337302733286912,1.9844674545084815,ExtraTreesRegressor,"{'mode': 'original', 'type': 'ExtraTreesRegressor'}",2,"['edges_T2W40', 'z_pe_T2W40']",0.10098442021803083,0.14944783252063792,98.0,0.12521612636933438,0.02423170615130355,0.12149477758090989,1.9844674545084815,2.1829246489214063,2.2594171082055654,98.0,2.221170878563486,0.03824622964207959,0.19176186499863493,1.9844674545084815,completed,True,COMPLETE
48,1.761528999986668,2026-06-12 03:59:48.125556,2026-06-12 04:00:10.186410,0 days 00:00:22.060854,,,,,,9.0,log2,2.0,4.0,409.0,,,,,ExtraTreesRegressor,,,,,,2,,,,,,,,True,-0.015117786468883902,-0.005365347387589269,98.0,-0.010241566928236585,0.004876219540647316,0.024448761669007037,1.9844674545084815,1.7365550024419487,1.786502997531387,98.0,1.761528999986668,0.02497399754471927,0.12521653481831413,1.9844674545084815,0.2556433141452345,0.2741535373031349,98.0,0.2648984257241847,0.00925511157895019,0.04640398475245488,1.9844674545084815,5.682050403757273,5.987060441266619,98.0,5.834555422511946,0.15250501875467262,0.7646413016845985,1.9844674545084815,1.3294831834324055,1.4103917097351628,98.0,1.3699374465837841,0.04045426315137863,0.20283267191699347,1.9844674545084815,99.0,0.6666666666666666,-0.026755684054174833,-0.01034739154705095,98.0,-0.018551537800612892,0.008204146253561941,0.04113457459800627,1.9844674545084815,ExtraTreesRegressor,"{'mode': 'original', 'type': 'ExtraTreesRegressor'}",2,"['z_re_T2W40', 'z_pe_T2W40']",-0.0014925877234526694,0.0459796993888237,98.0,0.022243555832685516,0.023736143556138185,0.11901008802165672,1.9844674545084815,2.212595763500131,2.2863685979169492,98.0,2.24948218070854,0.03688641720840929,0.184943933642545,1.9844674545084815,completed,True,COMPLETE
49,1.7376580658463003,2026-06-12 04:00:10.199652,2026-06-12 04:00:33.080798,0 days 00:00:22.881146,,,,,,9.0,log2,2.0,4.0,429.0,,,,,ExtraTreesRegressor,,,,,,3,,,,,,,,True,-0.00015847938977842438,0.007624071511285105,98.0,0.0037327960607533403,0.0038912754505317647,0.01951037382247964,1.9844674545084815,1.7120002984015408,1.76331583329106,98.0,1.7376580658463003,0.025657767444759637,0.12864487252607623,1.9844674545084815,0.25259069287341857,0.27159742590676433,98.0,0.26209405939009145,0.009503366516672903,0.04764870430516211,1.9844674545084815,5.705856605915831,5.969898217521382,98.0,5.8378774117186065,0.1320208058027753,0.661935991502514,1.9844674545084815,1.310788976187021,1.3725049706015091,98.0,1.341646973394265,0.030857997207244022,0.15471818137266277,1.9844674545084815,99.0,0.30303030303030304,0.00828675641261047,0.01974469250871042,98.0,0.014015724460660444,0.005728968048049975,0.028724337214221605,1.9844674545084815,ExtraTreesRegressor,"{'mode': 'original', 'type': 'ExtraTreesRegressor'}",3,"['edges_T2W40', 'z_re_T2W40', 'z_pe_T2W40']",0.11515309088644596,0.1643101817197634,98.0,0.13973163630310467,0.024578545416658708,0.12323378675911355,1.9844674545084815,2.1766218378977507,2.251606995760698,98.0,2.2141144168292244,0.03749257893147368,0.18798315354979891,1.9844674545084815,completed,True,COMPLETE
50,1.736818176232086,2026-06-12 04:00:33.095462,2026-06-12 04:00:51.845495,0 days 00:00:18.750033,,,,,,10.0,log2,2.0,5.0,345.0,,,,,ExtraTreesRegressor,,,,,,3,,,,,,,,True,0.0002464447957107657,0.008186987572102285,98.0,0.004216716183906526,0.00397027138819576,0.019906449683434496,1.9844674545084815,1.7111279831250268,1.7625083693391452,98.0,1.736818176232086,0.025690193107059188,0.12880745078632747,1.9844674545084815,0.2524719133128072,0.2714780366651062,98.0,0.2619749749889567,0.009503061676149489,0.047647175872481455,1.9844674545084815,5.696316467035923,5.962174914284533,98.0,5.829245690660228,0.13292922362430445,0.6664906861033844,1.9844674545084815,1.315539275502538,1.378011172960715,98.0,1.3467752242316264,0.03123594872908857,0.1566131835568321,1.9844674545084815,99.0,0.2828282828282828,0.00878468009069424,0.02036059853335672,98.0,0.01457263931202548,0.005787959221331239,0.029020111660820302,1.9844674545084815,ExtraTreesRegressor,"{'mode': 'original', 'type': 'ExtraTreesRegressor'}",3,"['edges_T2W40', 'z_re_T2W40', 'z_pe_T2W40']",0.11539866670930016,0.16546746852314403,98.0,0.1404330676162221,0.025034400906921942,0.12551938980550031,1.9844674545084815,2.1760110008743734,2.250931275570763,98.0,2.2134711382225682,0.037460137348194665,0.18782049546372587,1.9844674545084815,completed,True,COMPLETE
51,1.7417741203756836,2026-06-12 04:00:51.859766,2026-06-12 04:01:08.992772,0 days 00:00:17.133006,,,,,,10.0,log2,2.0,5.0,315.0,,,,,ExtraTreesRegressor,,,,,,3,,,,,,,,True,-0.0025313049653654576,0.0050583754805306165,98.0,0.0012635352575825795,0.003794840222948037,0.019026859518819304,1.9844674545084815,1.7167383388163422,1.766809901935025,98.0,1.7417741203756836,0.025035781559341372,0.12552631222596744,1.9844674545084815,0.2526000499325782,0.27152898044510126,98.0,0.2620645151888397,0.00946446525626157,0.04745365819690291,1.9844674545084815,5.642625982116051,5.9150512141797975,98.0,5.778838598147924,0.136212616031873,0.6829532095335362,1.9844674545084815,1.4345989988190122,1.4895331739731832,98.0,1.4620660863960977,0.027467087577085447,0.13771657988654873,1.9844674545084815,99.0,0.2222222222222222,0.014892837341872505,0.02544152426189179,98.0,0.020167180801882147,0.005274343460009642,0.026444905759338198,1.9844674545084815,ExtraTreesRegressor,"{'mode': 'original', 'type': 'ExtraTreesRegressor'}",3,"['edges_T2W40', 'lsc_T2W40', 'z_l1_T2W40']",0.15126362608352573,0.20081889823371735,98.0,0.17604126215862154,0.02477763607509582,0.1242320026962919,1.9844674545084815,2.1701286744125134,2.2441955915521614,98.0,2.2071621329823374,0.037033458569824165,0.18568118084209204,1.9844674545084815,completed,True,COMPLETE
52,1.7315476197559527,2026-06-12 04:01:09.005431,2026-06-12 04:01:28.790684,0 days 00:00:19.785253,,,,,,10.0,log2,3.0,6.0,356.0,,,,,ExtraTreesRegressor,,,,,,5,,,,,,,,True,0.0019490583351976492,0.012380499229767772,98.0,0.007164778782482711,0.0052157204472850615,0.026150977224235334,1.9844674545084815,1.7055592405489262,1.7575359989629793,98.0,1.7315476197559527,0.025988379207026586,0.13030251901086967,1.9844674545084815,0.25149191757299955,0.2705423927513942,98.0,0.26101715516219687,0.00952523758919733,0.04775836315770925,1.9844674545084815,5.65892769314352,5.896273452781491,98.0,5.7776005729625055,0.11867287981898611,0.595011141537722,1.9844674545084815,1.3626042575729245,1.4275244432616243,98.0,1.3950643504172744,0.03246009284434987,0.16275089074434895,1.9844674545084815,99.0,0.24242424242424243,0.015798113944669807,0.03114136205882356,98.0,0.023469738001746683,0.0076716240570768755,0.03846457416902821,1.9844674545084815,ExtraTreesRegressor,"{'mode': 'original', 'type': 'ExtraTreesRegressor'}",5,"['edges_T2W40', 'l3_T2W40', 'lsc_T2W40', 'z_re_T2W40', 'z_pe_T2W40']",0.15812986585158698,0.20958191421291208,98.0,0.18385589003224953,0.025726024180662548,0.12898710335766286,1.9844674545084815,2.165646084378407,2.2406434779732116,98.0,2.2031447811758094,0.0374986967974023,0.1880138277728861,1.9844674545084815,completed,True,COMPLETE
53,1.7626499099014505,2026-06-12 04:01:28.810464,2026-06-12 04:01:46.769374,0 days 00:00:17.958910,,,,,,10.0,log2,3.0,6.0,323.0,,,,,ExtraTreesRegressor,,,,,,5,,,,,,,,True,-0.015631982506403293,-0.006163367778452517,98.0,-0.010897675142427905,0.004734307363975388,0.023737231567365756,1.9844674545084815,1.7376616344080769,1.7876381853948242,98.0,1.7626499099014505,0.024988275493373787,0.1252881226869215,1.9844674545084815,0.25536539914957496,0.2741585409383556,98.0,0.2647619700439653,0.009396570894390312,0.04711324426389134,1.9844674545084815,5.615358327518488,5.864098798804876,98.0,5.739728563161682,0.12437023564319394,0.623576978971509,1.9844674545084815,1.348865847536709,1.4102418879188063,98.0,1.3795538677277577,0.030688020191048587,0.15386593763680761,1.9844674545084815,99.0,0.5555555555555556,-0.01373317952872934,0.002242337330671043,98.0,-0.005745421099029148,0.007987758429700191,0.04004963281276238,1.9844674545084815,ExtraTreesRegressor,"{'mode': 'original', 'type': 'ExtraTreesRegressor'}",5,"['edges_T2W40', 'z_re_T2W40', 'z_pe_T2W40', 'z_l1_T2W40', 'z_diameter_T2W40']",0.03793345126652871,0.08403607372674374,98.0,0.06098476249663622,0.023051311230107514,0.11557642344138375,1.9844674545084815,2.1988751519973286,2.271313557724606,98.0,2.2350943548609674,0.03621920286363864,0.18159860344125656,1.9844674545084815,completed,True,COMPLETE
