number,value,datetime_start,datetime_complete,duration,params_dt_max_depth,params_dt_min_samples_leaf,params_dt_min_samples_split,params_elastic_alpha,params_elastic_l1_ratio,params_et_max_depth,params_et_max_features,params_et_min_samples_leaf,params_et_min_samples_split,params_et_n_estimators,params_knn_metric,params_knn_n_neighbors,params_knn_weights,params_quantile_alpha,params_regressor,params_rf_max_depth,params_rf_max_features,params_rf_min_samples_leaf,params_rf_min_samples_split,params_rf_n_estimators,params_rfe_n_features,params_rfe_proxy_et_max_depth,params_rfe_proxy_et_min_samples_leaf,params_rfe_proxy_et_min_samples_split,params_rfe_proxy_et_n_estimators,params_rfe_proxy_lsvr_C,params_rfe_proxy_lsvr_epsilon,params_rfe_proxy_type,params_use_scaler,user_attrs_d2mae_ci_lower_val,user_attrs_d2mae_ci_upper_val,user_attrs_d2mae_df_val,user_attrs_d2mae_mean_val,user_attrs_d2mae_samperror_val,user_attrs_d2mae_std_val,user_attrs_d2mae_t_critical_val,user_attrs_mae_ci_lower_val,user_attrs_mae_ci_upper_val,user_attrs_mae_df_val,user_attrs_mae_mean_val,user_attrs_mae_samperror_val,user_attrs_mae_std_val,user_attrs_mae_t_critical_val,user_attrs_mape_ci_lower_val,user_attrs_mape_ci_upper_val,user_attrs_mape_df_val,user_attrs_mape_mean_val,user_attrs_mape_samperror_val,user_attrs_mape_std_val,user_attrs_mape_t_critical_val,user_attrs_max_error_ci_lower_val,user_attrs_max_error_ci_upper_val,user_attrs_max_error_df_val,user_attrs_max_error_mean_val,user_attrs_max_error_samperror_val,user_attrs_max_error_std_val,user_attrs_max_error_t_critical_val,user_attrs_median_ae_ci_lower_val,user_attrs_median_ae_ci_upper_val,user_attrs_median_ae_df_val,user_attrs_median_ae_mean_val,user_attrs_median_ae_samperror_val,user_attrs_median_ae_std_val,user_attrs_median_ae_t_critical_val,user_attrs_n_splits_val,user_attrs_r2_below_zero_val,user_attrs_r2_ci_lower_val,user_attrs_r2_ci_upper_val,user_attrs_r2_df_val,user_attrs_r2_mean_val,user_attrs_r2_samperror_val,user_attrs_r2_std_val,user_attrs_r2_t_critical_val,user_attrs_regressor_final,user_attrs_rfe_estimator,user_attrs_rfe_n_features,user_attrs_rfe_selected_features,user_attrs_rho_ci_lower_val,user_attrs_rho_ci_upper_val,user_attrs_rho_df_val,user_attrs_rho_mean_val,user_attrs_rho_samperror_val,user_attrs_rho_std_val,user_attrs_rho_t_critical_val,user_attrs_rmse_ci_lower_val,user_attrs_rmse_ci_upper_val,user_attrs_rmse_df_val,user_attrs_rmse_mean_val,user_attrs_rmse_samperror_val,user_attrs_rmse_std_val,user_attrs_rmse_t_critical_val,user_attrs_termination_reason,user_attrs_use_scaler_final,state
256,1.7887878787878786,2026-06-12 04:46:30.337082,2026-06-12 04:46:32.256880,0 days 00:00:01.919798,,,,,,,,,,,manhattan,20.0,uniform,,KNeighborsRegressor,,,,,,6,,,,,0.054162239339511066,0.011177879931915819,LinearSVR,,-0.03311687209541313,-0.019057335273864308,98.0,-0.026087103684638718,0.007029768410774409,0.035246389345407185,1.9844674545084815,1.76298763221376,1.814588125361997,98.0,1.7887878787878786,0.02580024657411847,0.12935924525836698,1.9844674545084815,0.2590127045450311,0.2779378022994152,98.0,0.26847525342222317,0.009462548877192063,0.04744404970927285,1.9844674545084815,5.794688555604302,6.161877100961353,98.0,5.978282828282827,0.1835942726785257,0.9205189756317039,1.9844674545084815,1.481580169236699,1.5527632651067358,98.0,1.5171717171717174,0.035591547935018425,0.17845161925970018,1.9844674545084815,99.0,0.7272727272727273,-0.05547479190429712,-0.028697523830996653,98.0,-0.042086157867646884,0.013388634036650231,0.06712895510692356,1.9844674545084815,KNeighborsRegressor,"{'mode': 'proxy', 'type': 'LinearSVR'}",6,"['edges_T2W40', 'atd_T2W40', 'density_T2W40', 'z_l1_T2W40', 'z_l3_T2W40', 'z_density_T2W40']",0.004311231669025979,0.061018048454578235,98.0,0.03266464006180211,0.028353408392776128,0.14216048283317953,1.9844674545084815,2.2357624344144718,2.3134614508304425,98.0,2.274611942622457,0.0388495082079853,0.19478662911249414,1.9844674545084815,completed,True,COMPLETE
257,1.7316891276449276,2026-06-12 04:46:32.286345,2026-06-12 04:46:46.020636,0 days 00:00:13.734291,,,,,,7.0,log2,3.0,9.0,241.0,,,,,ExtraTreesRegressor,,,,,,5,,,,,,,,False,0.002397365328718674,0.011632109567226316,98.0,0.007014737447972495,0.004617372119253821,0.02315093271328974,1.9844674545084815,1.7063899635003175,1.7569882917895376,98.0,1.7316891276449276,0.02529916414461019,0.12684687993243077,1.9844674545084815,0.2517260830828598,0.2707270618766049,98.0,0.26122657247973236,0.009500489396872532,0.04763427878233524,1.9844674545084815,5.680685646082582,5.921508301551713,98.0,5.801096973817147,0.1204113277345658,0.6037275043691518,1.9844674545084815,1.36746960266622,1.425502217687143,98.0,1.3964859101766816,0.029016307510461376,0.14548417701958408,1.9844674545084815,99.0,0.26262626262626265,0.01600600059903244,0.02989601767660527,98.0,0.022951009137818855,0.006945008538786413,0.03482141383065524,1.9844674545084815,ExtraTreesRegressor,"{'mode': 'original', 'type': 'ExtraTreesRegressor'}",5,"['edges_T2W40', 'l3_T2W40', 'lsc_T2W40', 'z_re_T2W40', 'z_pe_T2W40']",0.15215776361878183,0.20496479150227107,98.0,0.17856127756052645,0.026403513941744606,0.13238395322543745,1.9844674545084815,2.166447734417635,2.2412269025020377,98.0,2.2038373184598363,0.03738958404220132,0.1874667499137536,1.9844674545084815,completed,False,COMPLETE
258,1.7316209710106547,2026-06-12 04:46:46.033795,2026-06-12 04:47:00.008242,0 days 00:00:13.974447,,,,,,7.0,log2,3.0,9.0,242.0,,,,,ExtraTreesRegressor,,,,,,5,,,,,,,,False,0.002434697103918774,0.011683079059529703,98.0,0.007058888081724239,0.0046241909778054644,0.023185121626687528,1.9844674545084815,1.7062943882138166,1.7569475538074928,98.0,1.7316209710106547,0.02532658279683808,0.12698435366346708,1.9844674545084815,0.2517048798017504,0.2707095243932839,98.0,0.26120720209751713,0.009502322295766773,0.047643468710691646,1.9844674545084815,5.679717502065556,5.920797151607453,98.0,5.800257326836505,0.12053982477094796,0.6043717726166115,1.9844674545084815,1.3677047513850886,1.4257752957206984,98.0,1.3967400235528935,0.029035272167804944,0.14557926346588992,1.9844674545084815,99.0,0.26262626262626265,0.016159232985647046,0.030060284380505564,98.0,0.023109758683076305,0.006950525697429258,0.0348490761817091,1.9844674545084815,ExtraTreesRegressor,"{'mode': 'original', 'type': 'ExtraTreesRegressor'}",5,"['edges_T2W40', 'l3_T2W40', 'lsc_T2W40', 'z_re_T2W40', 'z_pe_T2W40']",0.1524377273128111,0.20517825362982015,98.0,0.17880799047131563,0.02637026315850451,0.13221723791084417,1.9844674545084815,2.1662596437176087,2.2410696713303095,98.0,2.203664657523959,0.037405013806350446,0.1875441128427904,1.9844674545084815,completed,False,COMPLETE
259,1.7415436335906014,2026-06-12 04:47:00.022274,2026-06-12 04:47:26.059150,0 days 00:00:26.036876,,,,,,7.0,log2,3.0,9.0,486.0,,,,,ExtraTreesRegressor,,,,,,6,,,,,,,,False,-0.002680222641886863,0.005264594031988302,98.0,0.0012921856950507192,0.003972408336937582,0.01991716408012073,1.9844674545084815,1.7168676242190233,1.7662196429621795,98.0,1.7415436335906014,0.024676009371578184,0.12372245897439876,1.9844674545084815,0.25321393131530967,0.2722254573756412,98.0,0.26271969434547543,0.009505763030165738,0.04766072012740606,1.9844674545084815,5.7188711684827425,5.978521630822579,98.0,5.848696399652661,0.12982523116991812,0.6509276518496777,1.9844674545084815,1.3938745065818958,1.4425543322703058,98.0,1.4182144194261008,0.024339912844205114,0.12203731255573808,1.9844674545084815,99.0,0.35353535353535354,0.0020211583669345317,0.01489998830873338,98.0,0.008460573337833956,0.006439414970899424,0.03228643021484147,1.9844674545084815,ExtraTreesRegressor,"{'mode': 'original', 'type': 'ExtraTreesRegressor'}",6,"['edges_T2W40', 'l1_T2W40', 'l3_T2W40', 'lsc_T2W40', 'z_pe_T2W40', 'z_diameter_T2W40']",0.10954096795763849,0.15807331217546264,98.0,0.13380714006655056,0.02426617210891208,0.1216675856294895,1.9844674545084815,2.1827794480700824,2.2575018203543973,98.0,2.22014063421224,0.03736118614215728,0.18732436635528382,1.9844674545084815,completed,False,COMPLETE
260,1.7320374066654634,2026-06-12 04:47:26.072690,2026-06-12 04:47:39.194842,0 days 00:00:13.122152,,,,,,7.0,log2,3.0,9.0,228.0,,,,,ExtraTreesRegressor,,,,,,5,,,,,,,,False,0.0022124376643682005,0.011448724416910083,98.0,0.006830581040639142,0.004618143376270941,0.023154799700581825,1.9844674545084815,1.7066616088939692,1.7574132044369575,98.0,1.7320374066654634,0.02537579777149422,0.12723111145931368,1.9844674545084815,0.25175768553228195,0.2707635591435251,98.0,0.26126062233790354,0.009502936805621604,0.047646549787099056,1.9844674545084815,5.677274651745852,5.918539670953456,98.0,5.797907161349654,0.12063250960380242,0.6048364829049612,1.9844674545084815,1.3699801477055917,1.4280888245904007,98.0,1.3990344861479962,0.02905433844240444,0.1456748594085486,1.9844674545084815,99.0,0.26262626262626265,0.01589518694470147,0.029750280171717887,98.0,0.022822733558209678,0.006927546613508209,0.034733861897062006,1.9844674545084815,ExtraTreesRegressor,"{'mode': 'original', 'type': 'ExtraTreesRegressor'}",5,"['edges_T2W40', 'l3_T2W40', 'lsc_T2W40', 'z_re_T2W40', 'z_pe_T2W40']",0.15061425241972298,0.2030296470295122,98.0,0.1768219497246176,0.026207697304894605,0.1314021528275545,1.9844674545084815,2.166574441641285,2.241428280932227,98.0,2.204001361286756,0.037426919645470735,0.18765394601074914,1.9844674545084815,completed,False,COMPLETE
261,1.7348234465566397,2026-06-12 04:47:39.208149,2026-06-12 04:47:52.466321,0 days 00:00:13.258172,,,,,,7.0,sqrt,2.0,9.0,241.0,,,,,ExtraTreesRegressor,,,,,,5,,,,,,,,False,-0.0006584928989809506,0.011076383502251451,98.0,0.00520894530163525,0.005867438200616201,0.029418609432718415,1.9844674545084815,1.7086717891580423,1.760975103955237,98.0,1.7348234465566397,0.02615165739859736,0.1311211756685907,1.9844674545084815,0.2514298670856956,0.27043452680874835,98.0,0.260932196947222,0.009502329861526368,0.047643506644474504,1.9844674545084815,5.615427683988673,5.8520688285080995,98.0,5.733748256248386,0.11832057225971304,0.5932447150101516,1.9844674545084815,1.3948890101088385,1.4598403432783742,98.0,1.4273646766936063,0.03247566658476784,0.16282897555259024,1.9844674545084815,99.0,0.3333333333333333,0.012122018579992812,0.029770235183843034,98.0,0.020946126881917923,0.00882410830192511,0.04424298762943603,1.9844674545084815,ExtraTreesRegressor,"{'mode': 'original', 'type': 'ExtraTreesRegressor'}",5,"['edges_T2W40', 'lsc_T2W40', 'z_re_T2W40', 'z_pe_T2W40', 'z_diameter_T2W40']",0.13171246542897458,0.184454185308689,98.0,0.1580833253688318,0.026370859939857206,0.1322202300987346,1.9844674545084815,2.168166518054964,2.2432403630262274,98.0,2.2057034405405958,0.03753692248563154,0.1882054866457814,1.9844674545084815,completed,False,COMPLETE
262,1.7458014912545565,2026-06-12 04:47:52.479889,2026-06-12 04:48:06.560039,0 days 00:00:14.080150,,,,,,8.0,log2,3.0,8.0,245.0,,,,,ExtraTreesRegressor,,,,,,5,,,,,,,,False,-0.005341286718729367,0.003249772252063819,98.0,-0.0010457572333327735,0.004295529485396593,0.021537253553746336,1.9844674545084815,1.7204123582902515,1.7711906242188615,98.0,1.7458014912545565,0.02538913296430494,0.12729797246672359,1.9844674545084815,0.2537512526247703,0.2727444058287536,98.0,0.26324782922676193,0.009496576601991661,0.04761466051275064,1.9844674545084815,5.71341563770435,5.973953382278347,98.0,5.843684509991348,0.13026887228699852,0.6531520135396419,1.9844674545084815,1.3462355139436843,1.4025989341897447,98.0,1.3744172240667145,0.028181710123030196,0.14129960894491284,1.9844674545084815,99.0,0.47474747474747475,-0.007307000339398965,0.006719066370569899,98.0,-0.00029396698441453323,0.007013033354984432,0.035162481845526165,1.9844674545084815,ExtraTreesRegressor,"{'mode': 'original', 'type': 'ExtraTreesRegressor'}",5,"['edges_T2W40', 'l1_T2W40', 'l3_T2W40', 'z_re_T2W40', 'z_pe_T2W40']",0.0666168885223291,0.11332233916314428,98.0,0.08996961384273669,0.023352725320407594,0.11708767641020497,1.9844674545084815,2.1924266245108774,2.267081469056048,98.0,2.2297540467834627,0.03732742227258538,0.18715507848928317,1.9844674545084815,completed,False,COMPLETE
263,1.76790209407999,2026-06-12 04:48:06.574426,2026-06-12 04:48:08.362228,0 days 00:00:01.787802,,,,0.15692477610083266,0.017158891883102767,,,,,,,,,,ElasticNet,,,,,,6,,,,,,,,False,-0.01882121024571548,-0.008516657445094045,98.0,-0.013668933845404763,0.0051522764003107185,0.02583287661968645,1.9844674545084815,1.7414947120413253,1.7943094761186549,98.0,1.76790209407999,0.026407382038664735,0.1324033473849753,1.9844674545084815,0.25837812026272544,0.27825764642601736,98.0,0.2683178833443714,0.00993976308164593,0.04983674270689136,1.9844674545084815,5.797100638474753,6.0325552233805455,98.0,5.9148279309276495,0.1177272924528963,0.5902700834376832,1.9844674545084815,1.4467926916845593,1.5002555885853717,98.0,1.4735241401349655,0.02673144845040628,0.13402817629178607,1.9844674545084815,99.0,0.6262626262626263,-0.024101286492419747,-0.006722594783150102,98.0,-0.015411940637784925,0.008689345854634822,0.043567305386610876,1.9844674545084815,ElasticNet,"{'mode': 'original', 'type': 'ElasticNet'}",6,"['edges_T2W40', 'diameter_T2W40', 'z_pe_T2W40', 'z_l1_T2W40', 'z_l3_T2W40', 'z_asp_T2W40']",0.047555776842050895,0.09729587958888636,98.0,0.07242582821546863,0.02487005137341773,0.12469536157183232,1.9844674545084815,2.2079993814056476,2.2854958012281186,98.0,2.246747591316883,0.038748209911235613,0.194278731981517,1.9844674545084815,completed,False,COMPLETE
264,1.7415936769563378,2026-06-12 04:48:08.410818,2026-06-12 04:48:32.038045,0 days 00:00:23.627227,,,,,,7.0,log2,3.0,9.0,436.0,,,,,ExtraTreesRegressor,,,,,,5,,,,,,,,False,-0.003178351378849532,0.005725022875331313,98.0,0.0012733357482408907,0.0044516871270904226,0.022320208655078753,1.9844674545084815,1.7166104867839385,1.7665768671287372,98.0,1.7415936769563378,0.024983190172399323,0.12526262551652573,1.9844674545084815,0.25234245427974406,0.2711362836211248,98.0,0.2617393689504344,0.009396914670690346,0.047114967915740255,1.9844674545084815,5.622013526190511,5.874901294064795,98.0,5.748457410127653,0.12644388393714204,0.633973995041329,1.9844674545084815,1.4085311887166314,1.4632575355860638,98.0,1.4358943621513476,0.027363173434716108,0.13719556722917153,1.9844674545084815,99.0,0.32323232323232326,0.009590777882232723,0.02357187250384885,98.0,0.016581325193040786,0.006990547310808062,0.03504973960117803,1.9844674545084815,ExtraTreesRegressor,"{'mode': 'original', 'type': 'ExtraTreesRegressor'}",5,"['edges_T2W40', 'lsc_T2W40', 'z_pe_T2W40', 'z_l1_T2W40', 'z_diameter_T2W40']",0.12448430855557616,0.17283644788903837,98.0,0.14866037822230727,0.024176069666731102,0.12121582312857762,1.9844674545084815,2.173847120641655,2.247746835516116,98.0,2.2107969780788856,0.03694985743723041,0.18526201510334586,1.9844674545084815,completed,False,COMPLETE
265,1.7328937214854938,2026-06-12 04:48:32.051362,2026-06-12 04:48:46.536340,0 days 00:00:14.484978,,,,,,8.0,log2,3.0,7.0,256.0,,,,,ExtraTreesRegressor,,,,,,6,,,,,,,,False,0.0023095356595288757,0.010438069950847374,98.0,0.006373802805188125,0.004064267145659249,0.020377732785634102,1.9844674545084815,1.7077056573623919,1.7580817856085957,98.0,1.7328937214854938,0.025188064123101976,0.12628983816582579,1.9844674545084815,0.2520274534500919,0.2710453388580414,98.0,0.26153639615406665,0.00950894270397475,0.047676662618611323,1.9844674545084815,5.715565746826101,5.956867871472385,98.0,5.836216809149243,0.12065106232314166,0.6049295039450632,1.9844674545084815,1.3683728764614125,1.420686834148847,98.0,1.3945298553051297,0.02615697884371736,0.13114785673624754,1.9844674545084815,99.0,0.26262626262626265,0.0076010542676283694,0.020262214327547354,98.0,0.013931634297587862,0.006330580029959493,0.03174074528205282,1.9844674545084815,ExtraTreesRegressor,"{'mode': 'original', 'type': 'ExtraTreesRegressor'}",6,"['edges_T2W40', 're_T2W40', 'l1_T2W40', 'l3_T2W40', 'lsc_T2W40', 'z_pe_T2W40']",0.13210088740294518,0.17985287474519146,98.0,0.15597688107406832,0.023875993671123145,0.1197112792010425,1.9844674545084815,2.176620218382274,2.251668079761921,98.0,2.2141441490720974,0.03752393068982353,0.18814034738847052,1.9844674545084815,completed,False,COMPLETE
266,1.7416436282924204,2026-06-12 04:48:46.549314,2026-06-12 04:49:10.973361,0 days 00:00:24.424047,,,,,,7.0,log2,3.0,8.0,455.0,,,,,ExtraTreesRegressor,,,,,,5,,,,,,,,False,-0.003226526124549875,0.005685379245574271,98.0,0.0012294265605121981,0.004455952685062073,0.02234159563516956,1.9844674545084815,1.716742846512216,1.7665444100726246,98.0,1.7416436282924204,0.02490078178020419,0.124849440030616,1.9844674545084815,0.25234746306845446,0.27110906049770556,98.0,0.26172826178308,0.009380798714625547,0.04703416450530888,1.9844674545084815,5.621465661793207,5.874034196917333,98.0,5.74774992935527,0.12628426756206337,0.6331736982785932,1.9844674545084815,1.4089865998443911,1.462278653569999,98.0,1.435632626707195,0.026646026862803936,0.13359988301678707,1.9844674545084815,99.0,0.31313131313131315,0.009198253574343382,0.023223214525384492,98.0,0.016210734049863937,0.007012480475520556,0.035159709776276346,1.9844674545084815,ExtraTreesRegressor,"{'mode': 'original', 'type': 'ExtraTreesRegressor'}",5,"['edges_T2W40', 'lsc_T2W40', 'z_pe_T2W40', 'z_l1_T2W40', 'z_diameter_T2W40']",0.12318975438028863,0.17092285240999955,98.0,0.14705630339514408,0.02386654901485545,0.11966392486266424,1.9844674545084815,2.1743053384706794,2.2480547180819137,98.0,2.2111800282762966,0.03687468980561727,0.1848851338954318,1.9844674545084815,completed,False,COMPLETE
267,1.7350564115346776,2026-06-12 04:49:10.986570,2026-06-12 04:49:25.771362,0 days 00:00:14.784792,,,,,,7.0,log2,2.0,9.0,259.0,,,,,ExtraTreesRegressor,,,,,,5,,,,,,,,False,-0.0007997810919642646,0.01092627545467447,98.0,0.005063247181355103,0.005863028273319367,0.02939649860268724,1.9844674545084815,1.7089599432242548,1.7611528798451004,98.0,1.7350564115346776,0.02609646831042283,0.13084446440646205,1.9844674545084815,0.2514548165776163,0.27044283501912464,98.0,0.2609488257983705,0.009494009220754152,0.04760178798076841,1.9844674545084815,5.613558107251439,5.850849891754162,98.0,5.732203999502801,0.11864589225136173,0.5948758292115697,1.9844674545084815,1.3978946371728116,1.4623364992816683,98.0,1.43011556822724,0.03222093105442836,0.16155176311004477,1.9844674545084815,99.0,0.32323232323232326,0.011783733899623767,0.029531324423487687,98.0,0.020657529161555728,0.00887379526193196,0.04449211190145428,1.9844674545084815,ExtraTreesRegressor,"{'mode': 'original', 'type': 'ExtraTreesRegressor'}",5,"['edges_T2W40', 'lsc_T2W40', 'z_re_T2W40', 'z_pe_T2W40', 'z_diameter_T2W40']",0.1299601817741538,0.18276896855967933,98.0,0.15636457516691657,0.02640439339276277,0.13238836268406895,1.9844674545084815,2.1684866127526976,2.2435318802200954,98.0,2.2060092464863965,0.03752263373369912,0.1881338446108748,1.9844674545084815,completed,False,COMPLETE
268,1.74289180135842,2026-06-12 04:49:25.784713,2026-06-12 04:49:39.242079,0 days 00:00:13.457366,,,,,,8.0,log2,3.0,9.0,234.0,,,,,ExtraTreesRegressor,,,,,,6,,,,,,,,False,-0.0037486208705267473,0.004622700815749024,98.0,0.00043703997261113856,0.004185660843137886,0.020986385770397117,1.9844674545084815,1.718518723935551,1.767264878781289,98.0,1.74289180135842,0.024373077422869073,0.12220359565124868,1.9844674545084815,0.2526134797006017,0.2713057228261542,98.0,0.261959601263378,0.009346121562776252,0.04686029755492731,1.9844674545084815,5.621178979405362,5.887129076142165,98.0,5.7541540277737635,0.13297504836840215,0.6667204457025263,1.9844674545084815,1.412847765939227,1.4713177279446361,98.0,1.4420827469419315,0.029234981002704524,0.14658057886339287,1.9844674545084815,99.0,0.31313131313131315,0.004519236040149701,0.018569578390198703,98.0,0.011544407215174201,0.0070251711750245,0.03522333937395925,1.9844674545084815,ExtraTreesRegressor,"{'mode': 'original', 'type': 'ExtraTreesRegressor'}",6,"['edges_T2W40', 'l1_T2W40', 'lsc_T2W40', 'z_pe_T2W40', 'z_l1_T2W40', 'z_diameter_T2W40']",0.11894998779680944,0.1686120366991886,98.0,0.14378101224799902,0.024831024451189575,0.12449968541076588,1.9844674545084815,2.1796871882695315,2.252894254375802,98.0,2.216290721322667,0.03660353305313518,0.18352558747609715,1.9844674545084815,completed,False,COMPLETE
269,1.7384089885455871,2026-06-12 04:49:39.255392,2026-06-12 04:50:01.037571,0 days 00:00:21.782179,,,,,,7.0,log2,3.0,8.0,400.0,,,,,ExtraTreesRegressor,,,,,,5,,,,,,,,False,-0.0015627204358044712,0.007841156202857063,98.0,0.0031392178835262957,0.004701938319330767,0.023574937181033685,1.9844674545084815,1.713102544725133,1.7637154323660413,98.0,1.7384089885455871,0.025306443820454303,0.12688337932673752,1.9844674545084815,0.2527994663555598,0.27183608728200953,98.0,0.26231777681878465,0.009518310463224901,0.04772363140485453,1.9844674545084815,5.659627446360232,5.908527156103587,98.0,5.7840773012319096,0.12444985487167796,0.6239761799355448,1.9844674545084815,1.3280796981641398,1.392633538514293,98.0,1.3603566183392164,0.03227692017507655,0.16183248563604555,1.9844674545084815,99.0,0.32323232323232326,0.006506235250905346,0.022271120592093976,98.0,0.01438867792149966,0.007882442670594314,0.03952159262242503,1.9844674545084815,ExtraTreesRegressor,"{'mode': 'original', 'type': 'ExtraTreesRegressor'}",5,"['edges_T2W40', 'l3_T2W40', 'z_re_T2W40', 'z_pe_T2W40', 'z_diameter_T2W40']",0.11653765502224336,0.16592922411063546,98.0,0.1412334395664394,0.024695784544196055,0.12382160924404259,1.9844674545084815,2.1760714062969577,2.250098185496008,98.0,2.2130847958964828,0.037013389599525104,0.1855805575072126,1.9844674545084815,completed,False,COMPLETE
