number,value,datetime_start,datetime_complete,duration,params_dt_max_depth,params_dt_min_samples_leaf,params_dt_min_samples_split,params_elastic_alpha,params_elastic_l1_ratio,params_et_max_depth,params_et_max_features,params_et_min_samples_leaf,params_et_min_samples_split,params_et_n_estimators,params_knn_metric,params_knn_n_neighbors,params_knn_weights,params_quantile_alpha,params_regressor,params_rf_max_depth,params_rf_max_features,params_rf_min_samples_leaf,params_rf_min_samples_split,params_rf_n_estimators,params_rfe_n_features,params_rfe_proxy_et_max_depth,params_rfe_proxy_et_min_samples_leaf,params_rfe_proxy_et_min_samples_split,params_rfe_proxy_et_n_estimators,params_rfe_proxy_lsvr_C,params_rfe_proxy_lsvr_epsilon,params_rfe_proxy_type,params_use_scaler,user_attrs_d2mae_ci_lower_val,user_attrs_d2mae_ci_upper_val,user_attrs_d2mae_df_val,user_attrs_d2mae_mean_val,user_attrs_d2mae_samperror_val,user_attrs_d2mae_std_val,user_attrs_d2mae_t_critical_val,user_attrs_mae_ci_lower_val,user_attrs_mae_ci_upper_val,user_attrs_mae_df_val,user_attrs_mae_mean_val,user_attrs_mae_samperror_val,user_attrs_mae_std_val,user_attrs_mae_t_critical_val,user_attrs_mape_ci_lower_val,user_attrs_mape_ci_upper_val,user_attrs_mape_df_val,user_attrs_mape_mean_val,user_attrs_mape_samperror_val,user_attrs_mape_std_val,user_attrs_mape_t_critical_val,user_attrs_max_error_ci_lower_val,user_attrs_max_error_ci_upper_val,user_attrs_max_error_df_val,user_attrs_max_error_mean_val,user_attrs_max_error_samperror_val,user_attrs_max_error_std_val,user_attrs_max_error_t_critical_val,user_attrs_median_ae_ci_lower_val,user_attrs_median_ae_ci_upper_val,user_attrs_median_ae_df_val,user_attrs_median_ae_mean_val,user_attrs_median_ae_samperror_val,user_attrs_median_ae_std_val,user_attrs_median_ae_t_critical_val,user_attrs_n_splits_val,user_attrs_r2_below_zero_val,user_attrs_r2_ci_lower_val,user_attrs_r2_ci_upper_val,user_attrs_r2_df_val,user_attrs_r2_mean_val,user_attrs_r2_samperror_val,user_attrs_r2_std_val,user_attrs_r2_t_critical_val,user_attrs_regressor_final,user_attrs_rfe_estimator,user_attrs_rfe_n_features,user_attrs_rfe_selected_features,user_attrs_rho_ci_lower_val,user_attrs_rho_ci_upper_val,user_attrs_rho_df_val,user_attrs_rho_mean_val,user_attrs_rho_samperror_val,user_attrs_rho_std_val,user_attrs_rho_t_critical_val,user_attrs_rmse_ci_lower_val,user_attrs_rmse_ci_upper_val,user_attrs_rmse_df_val,user_attrs_rmse_mean_val,user_attrs_rmse_samperror_val,user_attrs_rmse_std_val,user_attrs_rmse_t_critical_val,user_attrs_termination_reason,user_attrs_use_scaler_final,state
285,1.7373332451494259,2026-06-12 04:52:57.054667,2026-06-12 04:53:12.991361,0 days 00:00:15.936694,,,,,,7.0,log2,3.0,9.0,284.0,,,,,ExtraTreesRegressor,,,,,,5,,,,,,,,False,-0.0007243221813676829,0.008185136496351069,98.0,0.0037304071574916927,0.004454729338859376,0.02233546192861695,1.9844674545084815,1.7123271268705405,1.7623393634283113,98.0,1.7373332451494259,0.02500611827888539,0.12537758420661888,1.9844674545084815,0.2521351998909864,0.2710451206097319,98.0,0.26159016025035914,0.009454960359372763,0.047406001819501165,1.9844674545084815,5.648482926007207,5.9072691099147425,98.0,5.777876017960975,0.12939309195376786,0.6487609592683822,1.9844674545084815,1.3839184166909901,1.4382514580071475,98.0,1.4110849373490688,0.027166520658078768,0.13620957452981153,1.9844674545084815,99.0,0.3434343434343434,0.006506251625924743,0.020854091042827448,98.0,0.013680171334376096,0.007173919708451353,0.03596914612282534,1.9844674545084815,ExtraTreesRegressor,"{'mode': 'original', 'type': 'ExtraTreesRegressor'}",5,"['edges_T2W40', 'l1_T2W40', 'lsc_T2W40', 'z_pe_T2W40', 'z_diameter_T2W40']",0.1218898709444588,0.16988012899150362,98.0,0.1458849999679812,0.023995129023522403,0.12030860912289751,1.9844674545084815,2.1767887531162096,2.2516049489644328,98.0,2.214196851040321,0.0374080979241115,0.18755957622778988,1.9844674545084815,completed,False,COMPLETE
286,1.7393330407153245,2026-06-12 04:53:13.004290,2026-06-12 04:53:28.526888,0 days 00:00:15.522598,,,,,,11.0,log2,3.0,6.0,274.0,,,,,ExtraTreesRegressor,,,,,,6,,,,,,,,False,-0.002013707625787403,0.007254978668257854,98.0,0.0026206355212352256,0.004634343147022628,0.023236023347486773,1.9844674545084815,1.7140150451038232,1.7646510363268257,98.0,1.7393330407153245,0.02531799561150132,0.12694129857828154,1.9844674545084815,0.25222750841351604,0.270982551265492,98.0,0.261605029839504,0.009377521425987993,0.047017732585426644,1.9844674545084815,5.630554571925504,5.86128120923431,98.0,5.745917890579907,0.11536331865440302,0.5784174111965422,1.9844674545084815,1.3707858540689357,1.432340155588431,98.0,1.4015630048286833,0.030777150759747657,0.15431282728428591,1.9844674545084815,99.0,0.31313131313131315,0.007889830384102722,0.02139412767442671,98.0,0.014641979029264717,0.006752148645161995,0.03385443817760508,1.9844674545084815,ExtraTreesRegressor,"{'mode': 'original', 'type': 'ExtraTreesRegressor'}",6,"['edges_T2W40', 're_T2W40', 'lsc_T2W40', 'z_re_T2W40', 'z_pe_T2W40', 'z_l1_T2W40']",0.10784688962931946,0.1558528687347792,98.0,0.13184987918204932,0.024002989552729857,0.12034802084412607,1.9844674545084815,2.1762697599965337,2.249495563995948,98.0,2.212882661996241,0.03661290199970743,0.18357256221542653,1.9844674545084815,completed,False,COMPLETE
287,1.752605947348467,2026-06-12 04:53:28.540182,2026-06-12 04:53:42.883941,0 days 00:00:14.343759,,,,,,8.0,log2,3.0,8.0,252.0,,,,,ExtraTreesRegressor,,,,,,13,,,,,,,,False,-0.009850872325678385,-0.0006153696768474801,98.0,-0.005233121001262933,0.004617751324415453,0.023152834001068743,1.9844674545084815,1.7283197210568197,1.7768921736401142,98.0,1.752605947348467,0.024286226291647207,0.12176813482135233,1.9844674545084815,0.254777267122426,0.2735231152731967,98.0,0.26415019119781136,0.00937292407538537,0.046994682038121405,1.9844674545084815,5.7358948558766025,5.984257541082438,98.0,5.86007619847952,0.12418134260291806,0.6226298926305142,1.9844674545084815,1.376388473697623,1.4370114591961236,98.0,1.4066999664468733,0.030311492749250206,0.1519780756138546,1.9844674545084815,99.0,0.494949494949495,-0.011844663667314903,0.004481075278064208,98.0,-0.0036817941946253475,0.008162869472689556,0.040927617923968,1.9844674545084815,ExtraTreesRegressor,"{'mode': 'original', 'type': 'ExtraTreesRegressor'}",13,"['nodes_T2W40', 'edges_T2W40', 're_T2W40', 'l1_T2W40', 'l3_T2W40', 'lcc_T2W40', 'lsc_T2W40', 'z_re_T2W40', 'z_pe_T2W40', 'z_l1_T2W40', 'z_l2_T2W40', 'z_l3_T2W40', 'z_diameter_T2W40']",0.06699443505743154,0.11324154964138337,98.0,0.09011799234940746,0.023123557291975915,0.11593865625994763,1.9844674545084815,2.196497672767277,2.2692077064029186,98.0,2.2328526895850977,0.03635501681782088,0.18227955780958394,1.9844674545084815,completed,False,COMPLETE
288,1.7744588744588743,2026-06-12 04:53:42.896790,2026-06-12 04:53:44.891074,0 days 00:00:01.994284,,,,,,,,,,,minkowski,14.0,uniform,,KNeighborsRegressor,,,,,,5,7.0,3.0,12.0,50.0,,,ExtraTrees,,-0.025948468971604396,-0.008493490914133858,98.0,-0.017220979942869127,0.008727489028735269,0.04375855054387003,1.9844674545084815,1.7443669164169664,1.8045508325007822,98.0,1.7744588744588743,0.03009195804190785,0.15087735574405645,1.9844674545084815,0.25324825112933524,0.2719393123627015,98.0,0.2625937817460184,0.009345530616683133,0.04685733462430667,1.9844674545084815,5.720886938348113,5.981854764393588,98.0,5.8513708513708504,0.13048391302273737,0.6542302011916501,1.9844674545084815,1.4121002480402176,1.4912186552786857,98.0,1.4516594516594516,0.039559203619234116,0.198344954126898,1.9844674545084815,99.0,0.6464646464646465,-0.04539785254712959,-0.015265531861749485,98.0,-0.030331692204439535,0.01506616034269005,0.07553986452311706,1.9844674545084815,KNeighborsRegressor,"{'mode': 'proxy', 'type': 'ExtraTrees'}",5,"['edges_T2W40', 'lcc_T2W40', 'z_re_T2W40', 'z_pe_T2W40', 'z_diameter_T2W40']",0.08534222213860401,0.13792041043417136,98.0,0.11163131628638769,0.02628909414778368,0.13181026653035557,1.9844674545084815,2.222058022922717,2.30029892936988,98.0,2.2611784761462985,0.03912045322358149,0.1961451139092712,1.9844674545084815,completed,True,COMPLETE
289,1.7596658402828336,2026-06-12 04:53:44.904092,2026-06-12 04:53:59.820698,0 days 00:00:14.916606,,,,,,9.0,log2,4.0,9.0,263.0,,,,,ExtraTreesRegressor,,,,,,18,,,,,,,,False,-0.013902317360522439,-0.0046507910444176905,98.0,-0.009276554202470064,0.004625763158052374,0.023193004343992806,1.9844674545084815,1.7352900925797214,1.7840415879859457,98.0,1.7596658402828336,0.024375747703112106,0.12221698410611768,1.9844674545084815,0.25592913035572223,0.27471127303418835,98.0,0.2653202016949553,0.009391071339233064,0.04708567017453702,1.9844674545084815,5.747197905241542,5.988753115702149,98.0,5.867975510471846,0.12077760523030386,0.6055639744303074,1.9844674545084815,1.3761704058180426,1.4369177343302766,98.0,1.4065440700741596,0.030373664256116924,0.15228979585969604,1.9844674545084815,99.0,0.5858585858585859,-0.022144636438629003,-0.005151060380483871,98.0,-0.013647848409556436,0.008496788029072565,0.042601844265463554,1.9844674545084815,ExtraTreesRegressor,"{'mode': 'original', 'type': 'ExtraTreesRegressor'}",18,"['nodes_T2W40', 'edges_T2W40', 're_T2W40', 'pe_T2W40', 'l1_T2W40', 'l2_T2W40', 'l3_T2W40', 'lcc_T2W40', 'lsc_T2W40', 'atd_T2W40', 'z_re_T2W40', 'z_pe_T2W40', 'z_l1_T2W40', 'z_l2_T2W40', 'z_l3_T2W40', 'z_lsc_T2W40', 'z_diameter_T2W40', 'z_asp_T2W40']",0.031872556574673465,0.0798856129283047,98.0,0.05587908475148909,0.024006528176815624,0.12036576306762277,1.9844674545084815,2.207177802780022,2.280790074020594,98.0,2.243983938400308,0.03680613562028582,0.18454141168920007,1.9844674545084815,completed,False,COMPLETE
290,1.7328065237983914,2026-06-12 04:53:59.833571,2026-06-12 04:54:13.897555,0 days 00:00:14.063984,,,,,,7.0,log2,3.0,9.0,249.0,,,,,ExtraTreesRegressor,,,,,,4,,,,,,,,False,0.0015715623252819354,0.011352411192208195,98.0,0.006461986758745065,0.00489042443346313,0.02451998324467496,1.9844674545084815,1.7069950323914758,1.758618015205307,98.0,1.7328065237983914,0.025811491406915535,0.12941562545921143,1.9844674545084815,0.2513296405962364,0.2702231382276392,98.0,0.2607763894119378,0.009446748815701407,0.04736483015516528,1.9844674545084815,5.680649832078154,5.943538693351546,98.0,5.81209426271485,0.1314444306366961,0.6590461177078788,1.9844674545084815,1.3939658592642143,1.4481779146472389,98.0,1.4210718869557266,0.02710602769151226,0.13590627027742763,1.9844674545084815,99.0,0.3434343434343434,0.003265513425825134,0.01849079903409465,98.0,0.010878156229959891,0.007612642804134757,0.038168849461783005,1.9844674545084815,ExtraTreesRegressor,"{'mode': 'original', 'type': 'ExtraTreesRegressor'}",4,"['edges_T2W40', 'l1_T2W40', 'lsc_T2W40', 'z_pe_T2W40']",0.11398451161785375,0.16400683107862482,98.0,0.13899567134823929,0.025011159730385542,0.12540286142089638,1.9844674545084815,2.179549587956716,2.2554155955577784,98.0,2.217482591757247,0.037933003800531315,0.19019138936997376,1.9844674545084815,completed,False,COMPLETE
291,1.745593146343725,2026-06-12 04:54:13.910791,2026-06-12 04:54:28.605114,0 days 00:00:14.694323,,,,,,8.0,log2,3.0,8.0,259.0,,,,,ExtraTreesRegressor,,,,,,5,,,,,,,,False,-0.005206441122535271,0.003360877537054585,98.0,-0.000922781792740343,0.004283659329794928,0.02147773806170173,1.9844674545084815,1.720192321256074,1.7709939714313763,98.0,1.745593146343725,0.02540082508765116,0.12735659532705904,1.9844674545084815,0.25372980070170675,0.2727293359840344,98.0,0.2632295683428706,0.009499767641163849,0.04763065998848116,1.9844674545084815,5.714112709527061,5.974267906214916,98.0,5.8441903078709885,0.13007759834392768,0.6521929896465115,1.9844674545084815,1.3436310134025904,1.4010200195131435,98.0,1.372325516457867,0.02869450305527654,0.14387068928318197,1.9844674545084815,99.0,0.46464646464646464,-0.00728161486522422,0.006664123973545496,98.0,-0.00030874544583936236,0.006972869419384858,0.0349611048400452,1.9844674545084815,ExtraTreesRegressor,"{'mode': 'original', 'type': 'ExtraTreesRegressor'}",5,"['edges_T2W40', 'l1_T2W40', 'l3_T2W40', 'z_re_T2W40', 'z_pe_T2W40']",0.06592022392038735,0.1126557512235464,98.0,0.08928798757196688,0.02336776365157953,0.11716307674270793,1.9844674545084815,2.192463098406803,2.2670637781749803,98.0,2.2297634382908917,0.0373003398840885,0.18701929074300386,1.9844674545084815,completed,False,COMPLETE
292,1.7469074278710388,2026-06-12 04:54:28.618205,2026-06-12 04:54:43.530222,0 days 00:00:14.912017,,,,,,7.0,sqrt,3.0,7.0,277.0,,,,,ExtraTreesRegressor,,,,,,6,,,,,,,,False,-0.005774070124391295,0.002190583095605521,98.0,-0.0017917435143928867,0.003982326609998408,0.019966893074521198,1.9844674545084815,1.7222081595117829,1.7716066962302948,98.0,1.7469074278710388,0.024699268359255892,0.12383907666186227,1.9844674545084815,0.25360215659842705,0.27255086056065075,98.0,0.2630765085795389,0.009474351981111868,0.04750322901247779,1.9844674545084815,5.69283836320621,5.951843305221688,98.0,5.822340834213949,0.12950247100773865,0.6493093723166097,1.9844674545084815,1.4034805635487448,1.453480136756052,98.0,1.4284803501523984,0.02499978660365346,0.1253458379701296,1.9844674545084815,99.0,0.35353535353535354,0.003996047533086697,0.016587974491359757,98.0,0.010292011012223226,0.006295963479136529,0.03156718217772193,1.9844674545084815,ExtraTreesRegressor,"{'mode': 'original', 'type': 'ExtraTreesRegressor'}",6,"['edges_T2W40', 'l3_T2W40', 'lsc_T2W40', 'z_pe_T2W40', 'z_l1_T2W40', 'z_diameter_T2W40']",0.11030069123521613,0.15747978036250604,98.0,0.13389023579886108,0.023589544563644958,0.11827505880516913,1.9844674545084815,2.1809067814929253,2.2551496598049217,98.0,2.2180282206489235,0.037121439155998075,0.186122304619423,1.9844674545084815,completed,False,COMPLETE
293,1.7578279184339791,2026-06-12 04:54:43.543105,2026-06-12 04:54:45.366800,0 days 00:00:01.823695,,,,1.114634041484363,0.7899710468264018,,,,,,,,,,ElasticNet,,,,,,4,,,,,,,,False,-0.008238992604440115,-0.007739874142683343,98.0,-0.007989433373561729,0.0002495592308783855,0.0012512591172702586,1.9844674545084815,1.733705599263627,1.7819502376043312,98.0,1.7578279184339791,0.024122319170352183,0.12094632478778213,1.9844674545084815,0.2560387038703632,0.27511560486888587,98.0,0.26557715436962454,0.009538450499261306,0.04782461105455133,1.9844674545084815,5.750362254999681,6.033581074398191,98.0,5.891971664698936,0.14160940969925487,0.710012065487571,1.9844674545084815,1.2517934417614742,1.335245781641385,98.0,1.2935196117014296,0.041726169939955454,0.20920985524106073,1.9844674545084815,99.0,1.0,-0.007942883499816537,-0.004941536736652209,98.0,-0.006442210118234372,0.0015006733815821638,0.007524190726747846,1.9844674545084815,ElasticNet,"{'mode': 'original', 'type': 'ElasticNet'}",4,"['z_lsc_T2W40', 'z_density_T2W40', 'z_diameter_T2W40', 'z_asp_T2W40']",,,,,,,,2.1999939661311876,2.274329847827886,98.0,2.2371619069795368,0.03716794084834906,0.18635545835337974,1.9844674545084815,completed,False,COMPLETE
294,1.7358262762450845,2026-06-12 04:54:45.380794,2026-06-12 04:54:57.896407,0 days 00:00:12.515613,,,,,,7.0,log2,3.0,9.0,217.0,,,,,ExtraTreesRegressor,,,,,,5,,,,,,,,False,-3.452676572072988e-05,0.009414538620214893,98.0,0.004690005927247082,0.004724532692967812,0.023688222575899084,1.9844674545084815,1.7102188918267616,1.7614336606634073,98.0,1.7358262762450845,0.025607384418322842,0.12839225826307016,1.9844674545084815,0.252136233789799,0.2711048858672729,98.0,0.26162055982853594,0.009484326038736963,0.04755323770378386,1.9844674545084815,5.611847634369114,5.844032836090974,98.0,5.727940235230044,0.11609260086092968,0.5820739419799063,1.9844674545084815,1.3413261288954217,1.4050547261067445,98.0,1.373190427501083,0.03186429860566139,0.15976365212146926,1.9844674545084815,99.0,0.30303030303030304,0.009447570038084614,0.02350534923055659,98.0,0.016476459634320602,0.0070288895962359885,0.035241983078006384,1.9844674545084815,ExtraTreesRegressor,"{'mode': 'original', 'type': 'ExtraTreesRegressor'}",5,"['edges_T2W40', 're_T2W40', 'z_re_T2W40', 'z_pe_T2W40', 'z_diameter_T2W40']",0.11515833757239868,0.16452741037711877,98.0,0.13984287397475872,0.024684536402360048,0.12376521245208617,1.9844674545084815,2.1738198132187163,2.248175489743523,98.0,2.2109976514811196,0.03717783826240337,0.18640508276330142,1.9844674545084815,completed,False,COMPLETE
295,1.7472773390452936,2026-06-12 04:54:57.909989,2026-06-12 04:55:08.960683,0 days 00:00:11.050694,,,,,,8.0,log2,3.0,8.0,187.0,,,,,ExtraTreesRegressor,,,,,,4,,,,,,,,False,-0.007470641483003276,0.0032034902102187485,98.0,-0.002133575636392264,0.005337065846611012,0.026759388048034464,1.9844674545084815,1.7223799838293774,1.7721746942612098,98.0,1.7472773390452936,0.024897355215916107,0.12483225966108494,1.9844674545084815,0.25290202142573964,0.27170102709972327,98.0,0.26230152426273146,0.009399502836991787,0.04712794466146227,1.9844674545084815,5.585168593644244,5.851853960663071,98.0,5.718511277153658,0.13334268350941328,0.6685637228291629,1.9844674545084815,1.430845359988684,1.486996201803263,98.0,1.4589207808959734,0.028075420907289605,0.14076668796340952,1.9844674545084815,99.0,0.31313131313131315,0.009203492267829823,0.026147814249330104,98.0,0.017675653258579963,0.00847216099075014,0.04247836734127269,1.9844674545084815,ExtraTreesRegressor,"{'mode': 'original', 'type': 'ExtraTreesRegressor'}",4,"['edges_T2W40', 'l1_T2W40', 'lsc_T2W40', 'z_diameter_T2W40']",0.13762649404144942,0.18870114733322765,98.0,0.16316382068733853,0.02553732664588911,0.12804099725707646,1.9844674545084815,2.172263213011672,2.24626896345023,98.0,2.209266088230951,0.037002875219278836,0.18552783970511294,1.9844674545084815,completed,False,COMPLETE
296,1.7405473908225684,2026-06-12 04:55:09.003825,2026-06-12 04:55:23.873018,0 days 00:00:14.869193,,,,,,7.0,log2,3.0,9.0,264.0,,,,,ExtraTreesRegressor,,,,,,5,,,,,,,,False,-0.002474080812776536,0.006286913869110342,98.0,0.001906416528166903,0.004380497340943439,0.021963271872338222,1.9844674545084815,1.7154458285853396,1.7656489530597972,98.0,1.7405473908225684,0.02510156223722889,0.12585612840891233,1.9844674545084815,0.25214449522490906,0.27099157238138377,98.0,0.2615680338031464,0.009423538578237373,0.04724845689524353,1.9844674545084815,5.620170066144496,5.874147311753209,98.0,5.747158688948852,0.12698862280435674,0.6367052483463451,1.9844674545084815,1.404541036853504,1.460670251319235,98.0,1.4326056440863695,0.02806460723286539,0.14071246953731936,1.9844674545084815,99.0,0.31313131313131315,0.010395948372546798,0.02411024806453842,98.0,0.01725309821854261,0.006857149845995812,0.034380901211671984,1.9844674545084815,ExtraTreesRegressor,"{'mode': 'original', 'type': 'ExtraTreesRegressor'}",5,"['edges_T2W40', 'lsc_T2W40', 'z_pe_T2W40', 'z_l1_T2W40', 'z_diameter_T2W40']",0.1285072532365069,0.17624956705479705,98.0,0.15237841014565198,0.02387115690914507,0.11968702827471199,1.9844674545084815,2.1730767730004197,2.247115349187579,98.0,2.2100960610939993,0.03701928809357956,0.18561013182685537,1.9844674545084815,completed,False,COMPLETE
297,1.7418459496847702,2026-06-12 04:55:23.886226,2026-06-12 04:55:38.172560,0 days 00:00:14.286334,,,,,,7.0,log2,3.0,9.0,252.0,,,,,ExtraTreesRegressor,,,,,,6,,,,,,,,False,-0.002692407285266994,0.005061498424117953,98.0,0.0011845455694254792,0.0038769528546924734,0.01943856209840992,1.9844674545084815,1.7169063108055322,1.7667855885640082,98.0,1.7418459496847702,0.02493963887923799,0.12504426471919028,1.9844674545084815,0.25344518319100395,0.27255472645565715,98.0,0.26299995482333055,0.009554771632326603,0.04790644319708621,1.9844674545084815,5.735734083310376,5.998165486500929,98.0,5.866949784905652,0.1312157015952759,0.6578992985842016,1.9844674545084815,1.3842759164278198,1.4305679263673998,98.0,1.4074219213976098,0.023146004969789937,0.11605120614010023,1.9844674545084815,99.0,0.31313131313131315,0.0031396624166952786,0.015804376353182888,98.0,0.009472019384939082,0.006332356968243804,0.031749654630832444,1.9844674545084815,ExtraTreesRegressor,"{'mode': 'original', 'type': 'ExtraTreesRegressor'}",6,"['edges_T2W40', 'l1_T2W40', 'l3_T2W40', 'lsc_T2W40', 'z_pe_T2W40', 'z_asp_T2W40']",0.11515886151590166,0.16269115699494918,98.0,0.13892500925542542,0.023766147739523766,0.11916052528613023,1.9844674545084815,2.1814570062023417,2.256983590006664,98.0,2.219220298104503,0.037763291902161204,0.18934047490210407,1.9844674545084815,completed,False,COMPLETE
298,1.762704972936939,2026-06-12 04:55:38.186318,2026-06-12 04:55:51.587547,0 days 00:00:13.401229,,,,,,9.0,log2,3.0,8.0,233.0,,,,,ExtraTreesRegressor,,,,,,5,,,,,,,,False,-0.015924356803660597,-0.005986203465697729,98.0,-0.010955280134679163,0.004969076668981434,0.02491433582558159,1.9844674545084815,1.7377363484462656,1.7876735974276126,98.0,1.762704972936939,0.0249686244906736,0.12518959498988716,1.9844674545084815,0.25532421987004167,0.27419106916287533,98.0,0.2647576445164585,0.009433424646416819,0.047298024418351965,1.9844674545084815,5.547196517386074,5.786529222736891,98.0,5.6668628700614825,0.11966635267540891,0.5999922915636465,1.9844674545084815,1.3764380192495813,1.436927406299012,98.0,1.4066827127742967,0.030244693524715285,0.151643152563997,1.9844674545084815,99.0,0.42424242424242425,-0.006642326818829615,0.008748516715887965,98.0,0.0010530949485291746,0.007695421767358789,0.038583892944998116,1.9844674545084815,ExtraTreesRegressor,"{'mode': 'original', 'type': 'ExtraTreesRegressor'}",5,"['edges_T2W40', 're_T2W40', 'z_re_T2W40', 'z_l1_T2W40', 'z_diameter_T2W40']",0.04368448618443875,0.0932198759121773,98.0,0.06845218104830803,0.024767694863869275,0.1241821586927656,1.9844674545084815,2.1915526737027347,2.2635246631976265,98.0,2.2275386684501806,0.03598599474744576,0.18042932679065668,1.9844674545084815,completed,False,COMPLETE
