number,value,datetime_start,datetime_complete,duration,params_dt_max_depth,params_dt_min_samples_leaf,params_dt_min_samples_split,params_elastic_alpha,params_elastic_l1_ratio,params_et_max_depth,params_et_max_features,params_et_min_samples_leaf,params_et_min_samples_split,params_et_n_estimators,params_knn_metric,params_knn_n_neighbors,params_knn_weights,params_quantile_alpha,params_regressor,params_rf_max_depth,params_rf_max_features,params_rf_min_samples_leaf,params_rf_min_samples_split,params_rf_n_estimators,params_rfe_n_features,params_rfe_proxy_et_max_depth,params_rfe_proxy_et_min_samples_leaf,params_rfe_proxy_et_min_samples_split,params_rfe_proxy_et_n_estimators,params_rfe_proxy_lsvr_C,params_rfe_proxy_lsvr_epsilon,params_rfe_proxy_type,params_use_scaler,user_attrs_d2mae_ci_lower_val,user_attrs_d2mae_ci_upper_val,user_attrs_d2mae_df_val,user_attrs_d2mae_mean_val,user_attrs_d2mae_samperror_val,user_attrs_d2mae_std_val,user_attrs_d2mae_t_critical_val,user_attrs_mae_ci_lower_val,user_attrs_mae_ci_upper_val,user_attrs_mae_df_val,user_attrs_mae_mean_val,user_attrs_mae_samperror_val,user_attrs_mae_std_val,user_attrs_mae_t_critical_val,user_attrs_mape_ci_lower_val,user_attrs_mape_ci_upper_val,user_attrs_mape_df_val,user_attrs_mape_mean_val,user_attrs_mape_samperror_val,user_attrs_mape_std_val,user_attrs_mape_t_critical_val,user_attrs_max_error_ci_lower_val,user_attrs_max_error_ci_upper_val,user_attrs_max_error_df_val,user_attrs_max_error_mean_val,user_attrs_max_error_samperror_val,user_attrs_max_error_std_val,user_attrs_max_error_t_critical_val,user_attrs_median_ae_ci_lower_val,user_attrs_median_ae_ci_upper_val,user_attrs_median_ae_df_val,user_attrs_median_ae_mean_val,user_attrs_median_ae_samperror_val,user_attrs_median_ae_std_val,user_attrs_median_ae_t_critical_val,user_attrs_n_splits_val,user_attrs_r2_below_zero_val,user_attrs_r2_ci_lower_val,user_attrs_r2_ci_upper_val,user_attrs_r2_df_val,user_attrs_r2_mean_val,user_attrs_r2_samperror_val,user_attrs_r2_std_val,user_attrs_r2_t_critical_val,user_attrs_regressor_final,user_attrs_rfe_estimator,user_attrs_rfe_n_features,user_attrs_rfe_selected_features,user_attrs_rho_ci_lower_val,user_attrs_rho_ci_upper_val,user_attrs_rho_df_val,user_attrs_rho_mean_val,user_attrs_rho_samperror_val,user_attrs_rho_std_val,user_attrs_rho_t_critical_val,user_attrs_rmse_ci_lower_val,user_attrs_rmse_ci_upper_val,user_attrs_rmse_df_val,user_attrs_rmse_mean_val,user_attrs_rmse_samperror_val,user_attrs_rmse_std_val,user_attrs_rmse_t_critical_val,user_attrs_termination_reason,user_attrs_use_scaler_final,state
129,1.839365881032548,2026-06-12 04:16:32.099009,2026-06-12 04:16:33.910489,0 days 00:00:01.811480,,,,,,,,,,,euclidean,8.0,uniform,,KNeighborsRegressor,,,,,,4,4.0,1.0,2.0,20.0,,,ExtraTrees,,-0.06565570029953602,-0.044959055939843805,98.0,-0.05530737811968991,0.010348322179846103,0.051885207493256265,1.9844674545084815,1.8106547332944498,1.868077028770646,98.0,1.839365881032548,0.02871114773809808,0.1439541436641769,1.9844674545084815,0.26390181258433176,0.283618711535519,98.0,0.2737602620599254,0.009858449475593617,0.049429046343294765,1.9844674545084815,5.895946058274361,6.227791315463013,98.0,6.061868686868687,0.16592262859432635,0.8319155378839536,1.9844674545084815,1.4653120373460762,1.549839477805439,98.0,1.5075757575757576,0.04226372022968147,0.21190506590765684,1.9844674545084815,99.0,0.8585858585858586,-0.1180433750861291,-0.08026860632002376,98.0,-0.09915599070307643,0.018887384383052663,0.09469900923921072,1.9844674545084815,KNeighborsRegressor,"{'mode': 'proxy', 'type': 'ExtraTrees'}",4,"['edges_T2W40', 'l3_T2W40', 'z_re_T2W40', 'z_diameter_T2W40']",0.05612616898090847,0.1036512456760516,98.0,0.07988870732848004,0.023762538347571572,0.11914242824130408,1.9844674545084815,2.294963623119141,2.37196442081459,98.0,2.3334640219668654,0.038500398847724805,0.19303623795920832,1.9844674545084815,completed,True,COMPLETE
130,1.7625688275741884,2026-06-12 04:16:33.923493,2026-06-12 04:16:59.672783,0 days 00:00:25.749290,,,,,,11.0,log2,2.0,12.0,471.0,,,,,ExtraTreesRegressor,,,,,,18,,,,,,,,True,-0.016851612341822555,-0.005184531516489516,98.0,-0.011018071929156036,0.00583354041266652,0.029248650116535067,1.9844674545084815,1.7377273952272188,1.787410259921158,98.0,1.7625688275741884,0.024841432346969748,0.1245518693129229,1.9844674545084815,0.2556335457063254,0.27422197167568824,98.0,0.2649277586910068,0.0092942129846814,0.046600034364593264,1.9844674545084815,5.737916853734306,6.004463494304498,98.0,5.871190174019402,0.13327332028509623,0.6682159442015221,1.9844674545084815,1.4105133893545785,1.4740595363820457,98.0,1.442286462868312,0.03177307351373366,0.1593062607935804,1.9844674545084815,99.0,0.5757575757575758,-0.024902221830665483,-0.004284538408762088,98.0,-0.014593380119713785,0.010308841710951698,0.05168725730530147,1.9844674545084815,ExtraTreesRegressor,"{'mode': 'original', 'type': 'ExtraTreesRegressor'}",18,"['nodes_T2W40', 'edges_T2W40', 're_T2W40', 'pe_T2W40', 'l1_T2W40', 'l3_T2W40', 'lcc_T2W40', 'lsc_T2W40', 'atd_T2W40', 'density_T2W40', 'z_re_T2W40', 'z_pe_T2W40', 'z_l1_T2W40', 'z_l2_T2W40', 'z_l3_T2W40', 'z_lsc_T2W40', 'z_diameter_T2W40', 'z_asp_T2W40']",0.05640303224758269,0.10186731837374202,98.0,0.07913517531066236,0.02273214306307967,0.11397615372773552,1.9844674545084815,2.207736949841281,2.2814268588891755,98.0,2.244581904365228,0.03684495452394745,0.1847360448709024,1.9844674545084815,completed,True,COMPLETE
131,1.7457004344723033,2026-06-12 04:16:59.686039,2026-06-12 04:17:17.056434,0 days 00:00:17.370395,,,,,,7.0,log2,3.0,10.0,314.0,,,,,ExtraTreesRegressor,,,,,,4,,,,,,,,True,-0.0062284819957436,0.003983399032322298,98.0,-0.0011225414817106504,0.005105940514032949,0.025600554216873343,1.9844674545084815,1.7205465930150599,1.7708542759295467,98.0,1.7457004344723033,0.025153841457243448,0.1261182499519895,1.9844674545084815,0.25347907814308246,0.2725020565978441,98.0,0.2629905673704633,0.009511489227380798,0.04768943057200638,1.9844674545084815,5.7016444682735585,5.969762171988815,98.0,5.835703320131187,0.1340588518576281,0.6721545023489188,1.9844674545084815,1.4415217245938676,1.487139987780855,98.0,1.4643308561873614,0.022809131593493705,0.11436216469702219,1.9844674545084815,99.0,0.3333333333333333,0.0009061139049907716,0.016689543749261487,98.0,0.00879782882712613,0.007891714922135359,0.03956808254482749,1.9844674545084815,ExtraTreesRegressor,"{'mode': 'original', 'type': 'ExtraTreesRegressor'}",4,"['edges_T2W40', 'l1_T2W40', 'l3_T2W40', 'lsc_T2W40']",0.11906873702659822,0.16853026702680757,98.0,0.14379950202670289,0.02473076500010467,0.12399699692346391,1.9844674545084815,2.182160376297523,2.256882432696219,98.0,2.219521404496871,0.03736102819934775,0.18732357444957182,1.9844674545084815,completed,True,COMPLETE
132,1.7299131699800205,2026-06-12 04:17:17.070012,2026-06-12 04:17:32.179972,0 days 00:00:15.109960,,,,,,8.0,log2,3.0,10.0,268.0,,,,,ExtraTreesRegressor,,,,,,5,,,,,,,,True,0.003056600496562001,0.013181964773085005,98.0,0.008119282634823503,0.005062682138261502,0.025383662071101733,1.9844674545084815,1.7040039091809778,1.7558224307790633,98.0,1.7299131699800205,0.025909260799042846,0.12990582909887916,1.9844674545084815,0.25117436881865557,0.2701203914588642,98.0,0.2606473801387599,0.009473011320104327,0.0474965071040036,1.9844674545084815,5.627397680576168,5.848601049535619,98.0,5.737999365055893,0.11060168447972511,0.5545431663801891,1.9844674545084815,1.362780398869542,1.4309995752212707,98.0,1.3968899870454063,0.03410958817586443,0.17102125632124127,1.9844674545084815,99.0,0.2828282828282828,0.01703824720906013,0.03082206830801537,98.0,0.02393015775853775,0.00689191054947762,0.03455518707960502,1.9844674545084815,ExtraTreesRegressor,"{'mode': 'original', 'type': 'ExtraTreesRegressor'}",5,"['edges_T2W40', 're_T2W40', 'lsc_T2W40', 'z_re_T2W40', 'z_pe_T2W40']",0.14897721892149673,0.1970189415780496,98.0,0.17299808024977317,0.024020861328276435,0.12043762771627324,1.9844674545084815,2.1654373199342167,2.2400472033174132,98.0,2.202742261625815,0.03730494169159834,0.18704236363669066,1.9844674545084815,completed,True,COMPLETE
133,1.730140374485747,2026-06-12 04:17:32.199395,2026-06-12 04:17:46.769696,0 days 00:00:14.570301,,,,,,8.0,log2,3.0,11.0,259.0,,,,,ExtraTreesRegressor,,,,,,5,,,,,,,,True,0.0028573599215704053,0.013068287187119753,98.0,0.00796282355434508,0.005105463632774674,0.025598163193226685,1.9844674545084815,1.7043298084120921,1.755950940559402,98.0,1.730140374485747,0.02581056607365493,0.12941098595269118,1.9844674545084815,0.2512467808156231,0.2701852493867162,98.0,0.26071601510116965,0.009469234285546526,0.047477569519887554,1.9844674545084815,5.629865611916758,5.851475549141185,98.0,5.740670580528971,0.11080496861221328,0.5555624078775959,1.9844674545084815,1.3647965782749596,1.4335504675432724,98.0,1.399173522909116,0.034376944634156456,0.17236174853554048,1.9844674545084815,99.0,0.29292929292929293,0.016524659166387297,0.03040779518730586,98.0,0.02346622717684658,0.0069415680104592805,0.03480416344715952,1.9844674545084815,ExtraTreesRegressor,"{'mode': 'original', 'type': 'ExtraTreesRegressor'}",5,"['edges_T2W40', 're_T2W40', 'lsc_T2W40', 'z_re_T2W40', 'z_pe_T2W40']",0.14666523288205563,0.195959913135896,98.0,0.17131257300897582,0.024647340126920183,0.12357871492759548,1.9844674545084815,2.1659752038869025,2.2404913446582473,98.0,2.203233274272575,0.03725807038567258,0.18680735670598508,1.9844674545084815,completed,True,COMPLETE
134,1.746654243873126,2026-06-12 04:17:46.782403,2026-06-12 04:18:02.264904,0 days 00:00:15.482501,,,,,,8.0,log2,3.0,11.0,272.0,,,,,ExtraTreesRegressor,,,,,,8,,,,,,,,True,-0.007049184688622657,0.003778129289715446,98.0,-0.0016355276994536058,0.0054136569891690516,0.02714340656376148,1.9844674545084815,1.7210030694461942,1.772305418300058,98.0,1.746654243873126,0.025651174426931787,0.1286118159501348,1.9844674545084815,0.25321765601383966,0.2721876690742318,98.0,0.26270266254403574,0.009485006530196086,0.04755664960379436,1.9844674545084815,5.6250168829196365,5.847180641609199,98.0,5.736098762264418,0.11108187934478153,0.5569508040414103,1.9844674545084815,1.3807758410570723,1.4355108787025541,98.0,1.4081433598798132,0.027367518822741008,0.13721735446727568,1.9844674545084815,99.0,0.37373737373737376,0.00166282816908901,0.018745734796995456,98.0,0.010204281483042232,0.008541453313953222,0.042825790479497326,1.9844674545084815,ExtraTreesRegressor,"{'mode': 'original', 'type': 'ExtraTreesRegressor'}",8,"['edges_T2W40', 're_T2W40', 'l3_T2W40', 'lsc_T2W40', 'z_re_T2W40', 'z_pe_T2W40', 'z_l1_T2W40', 'z_diameter_T2W40']",0.09690122904895604,0.1456122431130239,98.0,0.12125673608098997,0.024355507032033936,0.12211549988476837,1.9844674545084815,2.18078506648569,2.254034269489912,98.0,2.217409667987801,0.03662460150211095,0.18363122207344262,1.9844674545084815,completed,True,COMPLETE
135,1.7338134346686418,2026-06-12 04:18:02.277708,2026-06-12 04:18:16.824196,0 days 00:00:14.546488,,,,,,9.0,log2,3.0,12.0,259.0,,,,,ExtraTreesRegressor,,,,,,6,,,,,,,,True,0.0018473978953619519,0.00984475133234322,98.0,0.005846074613852586,0.003998676718490634,0.02004887049626291,1.9844674545084815,1.7086544544649516,1.758972414872332,98.0,1.7338134346686418,0.025158980203690177,0.12614401499109537,1.9844674545084815,0.2521967766736342,0.27113293912494657,98.0,0.2616648578992904,0.009468081225656151,0.047471788220211676,1.9844674545084815,5.715605047134451,5.95820383333373,98.0,5.836904440234091,0.12129939309963929,0.6081801542706161,1.9844674545084815,1.3704671690217822,1.4239891588690219,98.0,1.397228163945402,0.026760994923619937,0.13417631865406873,1.9844674545084815,99.0,0.3333333333333333,0.006654582536755496,0.01943541505467466,98.0,0.01304499879571508,0.006390416258959583,0.03204075673350628,1.9844674545084815,ExtraTreesRegressor,"{'mode': 'original', 'type': 'ExtraTreesRegressor'}",6,"['edges_T2W40', 're_T2W40', 'l1_T2W40', 'l3_T2W40', 'lsc_T2W40', 'z_pe_T2W40']",0.1235904601333347,0.17181403012692772,98.0,0.14770224513013122,0.024111784996796514,0.12089350774447724,1.9844674545084815,2.177543015858105,2.2528103562912376,98.0,2.2151766860746713,0.037633670216566335,0.18869056780259247,1.9844674545084815,completed,True,COMPLETE
136,1.7760088587176253,2026-06-12 04:18:16.837016,2026-06-12 04:18:31.878337,0 days 00:00:15.041321,,,,,,9.0,,2.0,12.0,260.0,,,,,ExtraTreesRegressor,,,,,,7,,,,,,,,True,-0.027082057856561516,-0.009791258786200902,98.0,-0.018436658321381208,0.008645399535180306,0.04334696397629962,1.9844674545084815,1.7473795897590896,1.804638127676161,98.0,1.7760088587176253,0.028629268958535712,0.14354361359050352,1.9844674545084815,0.25599231516385734,0.27489796548217615,98.0,0.26544514032301675,0.009452825159159411,0.04739529618972041,1.9844674545084815,5.657209701935515,5.888157196069167,98.0,5.772683449002341,0.11547374706682552,0.5789710855982584,1.9844674545084815,1.445464713816191,1.5151711869298765,98.0,1.4803179503730337,0.034853236556842755,0.17474981732644745,1.9844674545084815,99.0,0.6464646464646465,-0.03601293559005658,-0.007088619991445517,98.0,-0.021550777790751048,0.014462157799305531,0.07251147047572316,1.9844674545084815,ExtraTreesRegressor,"{'mode': 'original', 'type': 'ExtraTreesRegressor'}",7,"['nodes_T2W40', 'edges_T2W40', 're_T2W40', 'lcc_T2W40', 'lsc_T2W40', 'z_pe_T2W40', 'z_diameter_T2W40']",0.08582866560777518,0.13290494730144092,98.0,0.10936680645460804,0.02353814084683287,0.11801732692686388,1.9844674545084815,2.212853190792786,2.290295598685371,98.0,2.2515743947390785,0.03872120394629245,0.19414332741348367,1.9844674545084815,completed,True,COMPLETE
137,1.7622872777809415,2026-06-12 04:18:31.892961,2026-06-12 04:18:33.692794,0 days 00:00:01.799833,,,,0.002245698312750514,0.2999769499372542,,,,,,,,,,ElasticNet,,,,,,6,,,,,,,,True,-0.018430468351523514,-0.003041116589226207,98.0,-0.01073579247037486,0.007694675881148653,0.0385801531637943,1.9844674545084815,1.7353837597359734,1.7891907958259097,98.0,1.7622872777809415,0.02690351804496823,0.13489091195675354,1.9844674545084815,0.2570812469343039,0.27679102987107973,98.0,0.2669361384026918,0.009854891468387906,0.04941120693523205,1.9844674545084815,5.75159371701865,5.992356040232016,98.0,5.871974878625333,0.12038116160668286,0.6035762551349985,1.9844674545084815,1.4575906609277491,1.522023562694816,98.0,1.4898071118112826,0.032216450883533324,0.16152930008730018,1.9844674545084815,99.0,0.5252525252525253,-0.022090174626209318,0.000996033662812883,98.0,-0.010547070481698216,0.0115431041445111,0.05787569648929616,1.9844674545084815,ElasticNet,"{'mode': 'original', 'type': 'ElasticNet'}",6,"['nodes_T2W40', 'l1_T2W40', 'density_T2W40', 'diameter_T2W40', 'z_l1_T2W40', 'z_diameter_T2W40']",0.07889918306466008,0.13553420365137886,98.0,0.10721669335801946,0.028317510293359383,0.1419804942027058,1.9844674545084815,2.2026251928486924,2.277334147878959,98.0,2.2399796703638257,0.037354477515133454,0.18729073012913272,1.9844674545084815,completed,True,COMPLETE
138,1.7444765974975964,2026-06-12 04:18:33.705338,2026-06-12 04:18:46.723442,0 days 00:00:13.018104,,,,,,10.0,log2,3.0,12.0,227.0,,,,,ExtraTreesRegressor,,,,,,6,,,,,,,,True,-0.004432838435094562,0.0037804027788746848,98.0,-0.0003262178281099382,0.004106620606984623,0.020590087802296073,1.9844674545084815,1.719366246853172,1.7695869481420208,98.0,1.7444765974975964,0.025110350644424375,0.12590019239560973,1.9844674545084815,0.25334049100870804,0.2722613785998056,98.0,0.2628009348042568,0.009460443795548806,0.04743349509027738,1.9844674545084815,5.622321887756958,5.8659532779125145,98.0,5.744137582834736,0.12181569507777858,0.6107688285309815,1.9844674545084815,1.338152795666483,1.396278061043016,98.0,1.3672154283547495,0.029062632688266667,0.14571644573144063,1.9844674545084815,99.0,0.41414141414141414,-0.0006479023266626966,0.012460124667609259,98.0,0.005906111170473281,0.006554013497135977,0.0328610130514471,1.9844674545084815,ExtraTreesRegressor,"{'mode': 'original', 'type': 'ExtraTreesRegressor'}",6,"['edges_T2W40', 're_T2W40', 'l1_T2W40', 'z_re_T2W40', 'z_pe_T2W40', 'z_diameter_T2W40']",0.0790177680425432,0.1279071827732897,98.0,0.10346247540791643,0.024444707365373245,0.12256273932352409,1.9844674545084815,2.1859795084448495,2.2593559163845702,98.0,2.22266771241471,0.03668820396986018,0.18395011698016275,1.9844674545084815,completed,True,COMPLETE
139,1.737945571419954,2026-06-12 04:18:46.736332,2026-06-12 04:19:02.737684,0 days 00:00:16.001352,,,,,,9.0,log2,2.0,3.0,275.0,,,,,ExtraTreesRegressor,,,,,,5,,,,,,,,True,-0.002967306769982667,0.010068560447601346,98.0,0.0035506268388093396,0.0065179336087920065,0.032680112953776555,1.9844674545084815,1.7108122389671037,1.7650789038728045,98.0,1.737945571419954,0.02713333245285045,0.13604317297362944,1.9844674545084815,0.2509356989778943,0.2697525340815879,98.0,0.2603441165297411,0.009408417551846803,0.04717264193914237,1.9844674545084815,5.620129937975599,5.8528749284555674,98.0,5.736502433215583,0.11637249523998396,0.5834772977781737,1.9844674545084815,1.3988990053234323,1.4615291863960709,98.0,1.4302140958597516,0.03131509053631932,0.157009990789753,1.9844674545084815,99.0,0.36363636363636365,0.004753730164070668,0.02356200702450871,98.0,0.01415786859428969,0.009404138430219021,0.04715118695255733,1.9844674545084815,ExtraTreesRegressor,"{'mode': 'original', 'type': 'ExtraTreesRegressor'}",5,"['edges_T2W40', 're_T2W40', 'lsc_T2W40', 'z_pe_T2W40', 'z_l1_T2W40']",0.12812746202422337,0.17836691453176284,98.0,0.1532471882779931,0.025119726253769743,0.12594720054125944,1.9844674545084815,2.1757281154254855,2.2505577338402096,98.0,2.2131429246328476,0.03741480920736204,0.18759322577193324,1.9844674545084815,completed,True,COMPLETE
140,1.7373258668506417,2026-06-12 04:19:02.750404,2026-06-12 04:19:17.157796,0 days 00:00:14.407392,,,,,,8.0,log2,1.0,11.0,254.0,,,,,ExtraTreesRegressor,,,,,,7,,,,,,,,True,-0.0019580819224045004,0.009445740667286973,98.0,0.0037438293724412364,0.005701911294845737,0.02858867800012893,1.9844674545084815,1.7115077434792272,1.7631439902220563,98.0,1.7373258668506417,0.02581812337141455,0.12944887730894503,1.9844674545084815,0.2514820595089911,0.27036536634777736,98.0,0.26092371292838423,0.009441653419393148,0.04733928246829201,1.9844674545084815,5.586344879208727,5.834781653725174,98.0,5.71056326646695,0.12421838725822337,0.6228156299504032,1.9844674545084815,1.4005195266638018,1.46248658696363,98.0,1.431503056813716,0.030983530149914135,0.1553475880208596,1.9844674545084815,99.0,0.35353535353535354,0.008063889316678176,0.025617373318059744,98.0,0.01684063131736896,0.008776742000690783,0.044005498853476044,1.9844674545084815,ExtraTreesRegressor,"{'mode': 'original', 'type': 'ExtraTreesRegressor'}",7,"['edges_T2W40', 're_T2W40', 'l1_T2W40', 'lsc_T2W40', 'z_pe_T2W40', 'z_l1_T2W40', 'z_diameter_T2W40']",0.1258951189943392,0.17245428651152817,98.0,0.14917470275293368,0.023279583758594482,0.11672095366567686,1.9844674545084815,2.173102165522954,2.2471738545642554,98.0,2.2101380100436048,0.037035844520650604,0.1856931437044331,1.9844674545084815,completed,True,COMPLETE
141,1.7330345923362198,2026-06-12 04:19:17.170824,2026-06-12 04:19:31.882971,0 days 00:00:14.712147,,,,,,7.0,log2,3.0,11.0,263.0,,,,,ExtraTreesRegressor,,,,,,5,,,,,,,,True,0.0017196720602008246,0.01085081286086111,98.0,0.0062852424605309674,0.004565570400330143,0.022891205301623245,1.9844674545084815,1.707544725602234,1.7585244590702056,98.0,1.7330345923362198,0.025489866733985806,0.12780303912880034,1.9844674545084815,0.2518655146327293,0.2708976815761639,98.0,0.2613815981044466,0.009516083471717266,0.0477124655448773,1.9844674545084815,5.675921088382231,5.918669568665835,98.0,5.797295328524033,0.1213742401418019,0.6085554280826768,1.9844674545084815,1.3667064554059998,1.4265040371630566,98.0,1.3966052462845282,0.029898790878528318,0.14990883947845834,1.9844674545084815,99.0,0.25252525252525254,0.015355659390917643,0.029077542516071992,98.0,0.022216600953494817,0.006860941562577174,0.03439991240963823,1.9844674545084815,ExtraTreesRegressor,"{'mode': 'original', 'type': 'ExtraTreesRegressor'}",5,"['edges_T2W40', 'l3_T2W40', 'lsc_T2W40', 'z_re_T2W40', 'z_pe_T2W40']",0.15134096453831775,0.20398416430896998,98.0,0.17766256442364387,0.026321599885326133,0.13197324627797072,1.9844674545084815,2.1672376375942797,2.242195717906635,98.0,2.2047166777504574,0.03747904015617756,0.18791527180498704,1.9844674545084815,completed,True,COMPLETE
142,1.7335653078279656,2026-06-12 04:19:31.895687,2026-06-12 04:19:48.807818,0 days 00:00:16.912131,,,,,,8.0,log2,3.0,11.0,306.0,,,,,ExtraTreesRegressor,,,,,,5,,,,,,,,True,0.0012238800040383201,0.010757729230177456,98.0,0.005990804617107888,0.004766924613069568,0.023900770420109116,1.9844674545084815,1.7078997566470233,1.7592308590089079,98.0,1.7335653078279656,0.025665551180942183,0.12868389921657594,1.9844674545084815,0.2518547011216621,0.27090134372993446,98.0,0.2613780224257983,0.009523321304136216,0.04774875514142562,1.9844674545084815,5.6675116083024735,5.90864666056209,98.0,5.788079134432282,0.12056752612980848,0.6045106638037376,1.9844674545084815,1.3686373430182692,1.4314267763432278,98.0,1.4000320596807485,0.03139471666247933,0.15740922633788298,1.9844674545084815,99.0,0.2828282828282828,0.015233611231722368,0.029300493689943165,98.0,0.022267052460832767,0.0070334412291104,0.03526480440227689,1.9844674545084815,ExtraTreesRegressor,"{'mode': 'original', 'type': 'ExtraTreesRegressor'}",5,"['edges_T2W40', 'l3_T2W40', 'lsc_T2W40', 'z_re_T2W40', 'z_pe_T2W40']",0.14901482249928416,0.2008649301375487,98.0,0.17493987631841643,0.02592505381913226,0.1299850133482718,1.9844674545084815,2.1671558617207847,2.2420548112771312,98.0,2.204605336498958,0.03744947477817345,0.18776703465642325,1.9844674545084815,completed,True,COMPLETE
