number,value,datetime_start,datetime_complete,duration,params_dt_max_depth,params_dt_min_samples_leaf,params_dt_min_samples_split,params_elastic_alpha,params_elastic_l1_ratio,params_et_max_depth,params_et_max_features,params_et_min_samples_leaf,params_et_min_samples_split,params_et_n_estimators,params_knn_metric,params_knn_n_neighbors,params_knn_weights,params_quantile_alpha,params_regressor,params_rf_max_depth,params_rf_max_features,params_rf_min_samples_leaf,params_rf_min_samples_split,params_rf_n_estimators,params_rfe_n_features,params_rfe_proxy_et_max_depth,params_rfe_proxy_et_min_samples_leaf,params_rfe_proxy_et_min_samples_split,params_rfe_proxy_et_n_estimators,params_rfe_proxy_lsvr_C,params_rfe_proxy_lsvr_epsilon,params_rfe_proxy_type,params_use_scaler,user_attrs_d2mae_ci_lower_val,user_attrs_d2mae_ci_upper_val,user_attrs_d2mae_df_val,user_attrs_d2mae_mean_val,user_attrs_d2mae_samperror_val,user_attrs_d2mae_std_val,user_attrs_d2mae_t_critical_val,user_attrs_mae_ci_lower_val,user_attrs_mae_ci_upper_val,user_attrs_mae_df_val,user_attrs_mae_mean_val,user_attrs_mae_samperror_val,user_attrs_mae_std_val,user_attrs_mae_t_critical_val,user_attrs_mape_ci_lower_val,user_attrs_mape_ci_upper_val,user_attrs_mape_df_val,user_attrs_mape_mean_val,user_attrs_mape_samperror_val,user_attrs_mape_std_val,user_attrs_mape_t_critical_val,user_attrs_max_error_ci_lower_val,user_attrs_max_error_ci_upper_val,user_attrs_max_error_df_val,user_attrs_max_error_mean_val,user_attrs_max_error_samperror_val,user_attrs_max_error_std_val,user_attrs_max_error_t_critical_val,user_attrs_median_ae_ci_lower_val,user_attrs_median_ae_ci_upper_val,user_attrs_median_ae_df_val,user_attrs_median_ae_mean_val,user_attrs_median_ae_samperror_val,user_attrs_median_ae_std_val,user_attrs_median_ae_t_critical_val,user_attrs_n_splits_val,user_attrs_r2_below_zero_val,user_attrs_r2_ci_lower_val,user_attrs_r2_ci_upper_val,user_attrs_r2_df_val,user_attrs_r2_mean_val,user_attrs_r2_samperror_val,user_attrs_r2_std_val,user_attrs_r2_t_critical_val,user_attrs_regressor_final,user_attrs_rfe_estimator,user_attrs_rfe_n_features,user_attrs_rfe_selected_features,user_attrs_rho_ci_lower_val,user_attrs_rho_ci_upper_val,user_attrs_rho_df_val,user_attrs_rho_mean_val,user_attrs_rho_samperror_val,user_attrs_rho_std_val,user_attrs_rho_t_critical_val,user_attrs_rmse_ci_lower_val,user_attrs_rmse_ci_upper_val,user_attrs_rmse_df_val,user_attrs_rmse_mean_val,user_attrs_rmse_samperror_val,user_attrs_rmse_std_val,user_attrs_rmse_t_critical_val,user_attrs_termination_reason,user_attrs_use_scaler_final,state
185,1.7382565071072533,2026-06-12 04:30:08.737860,2026-06-12 04:30:22.840983,0 days 00:00:14.103123,,,,,,6.0,sqrt,3.0,10.0,269.0,,,,,ExtraTreesRegressor,,,,,,3,,,,,,,,True,0.001146371665111954,0.005544287368378772,98.0,0.0033453295167453633,0.0021989578516334093,0.011025302693331995,1.9844674545084815,1.713479644493382,1.7630333697211247,98.0,1.7382565071072533,0.02477686261387133,0.12422812465737668,1.9844674545084815,0.2530291413256509,0.2719939785788884,98.0,0.26251155995226966,0.009482418626618775,0.04754367417533864,1.9844674545084815,5.703170697315565,5.967965399169307,98.0,5.835568048242436,0.13239735092687055,0.6638239421823166,1.9844674545084815,1.300649856203419,1.3621288444388686,98.0,1.3313893503211438,0.03073949411772487,0.15412402153868818,1.9844674545084815,99.0,0.25252525252525254,0.007912955673579752,0.015299304264096597,98.0,0.011606129968838174,0.0036931742952584223,0.01851711913177924,1.9844674545084815,ExtraTreesRegressor,"{'mode': 'original', 'type': 'ExtraTreesRegressor'}",3,"['edges_T2W40', 'z_re_T2W40', 'z_pe_T2W40']",0.12498373512509765,0.17318299659751132,98.0,0.1490833658613045,0.02409963073620684,0.12083256778516184,1.9844674545084815,2.179765376037982,2.254183363726881,98.0,2.2169743698824314,0.037208993844449714,0.186561292998251,1.9844674545084815,completed,True,COMPLETE
186,1.7336017292208086,2026-06-12 04:30:22.854198,2026-06-12 04:30:36.341031,0 days 00:00:13.486833,,,,,,5.0,log2,3.0,10.0,240.0,,,,,ExtraTreesRegressor,,,,,,4,,,,,,,,True,0.0016355348014032737,0.010423964240539551,98.0,0.006029749520971412,0.004394214719568138,0.022032049112149343,1.9844674545084815,1.7078704926870514,1.7593329657545658,98.0,1.7336017292208086,0.025731236533757296,0.12901323745139795,1.9844674545084815,0.25216470018248854,0.2713056569715871,98.0,0.2617351785770378,0.009570478394549286,0.04798519496020373,1.9844674545084815,5.648625519806918,5.8922845108822255,98.0,5.770455015344572,0.12182949553765335,0.6108380223299047,1.9844674545084815,1.3264358790861959,1.3873002213692258,98.0,1.3568680502277108,0.030432171141515044,0.15258314214674706,1.9844674545084815,99.0,0.25252525252525254,0.011873522032681286,0.025598187501908162,98.0,0.018735854767294724,0.006862332734613438,0.03440688757416306,1.9844674545084815,ExtraTreesRegressor,"{'mode': 'original', 'type': 'ExtraTreesRegressor'}",4,"['edges_T2W40', 'z_re_T2W40', 'z_pe_T2W40', 'z_diameter_T2W40']",0.1288828311270116,0.17842865607465397,98.0,0.15365574360083278,0.02477291247382117,0.12420831914373225,1.9844674545084815,2.171130178849617,2.246124564209729,98.0,2.208627371529673,0.037497192680056045,0.18800628631454644,1.9844674545084815,completed,True,COMPLETE
187,1.7707263030782048,2026-06-12 04:30:36.353904,2026-06-12 04:30:38.140634,0 days 00:00:01.786730,,,,,,,,,,,,,,,LinearRegression,,,,,,3,,,,,,,,True,-0.019509097084494297,-0.011070035190170954,98.0,-0.015289566137332625,0.004219530947161671,0.021156206282800072,1.9844674545084815,1.7447968418580178,1.7966557642983918,98.0,1.7707263030782048,0.025929461220187033,0.13000711151203775,1.9844674545084815,0.25785619330684684,0.2776859545055085,98.0,0.26777107390617766,0.0099148805993308,0.04971198501811528,1.9844674545084815,5.80024858619844,6.049319113497114,98.0,5.924783849847777,0.1245352636493373,0.6244044089830738,1.9844674545084815,1.361858227106759,1.4223815677790377,98.0,1.3921198974428983,0.030261670336139312,0.15172827219672597,1.9844674545084815,99.0,0.7171717171717171,-0.0353641186755477,-0.0199272364926809,98.0,-0.027645677584114303,0.007718441091433402,0.038699308988798135,1.9844674545084815,LinearRegression,"{'mode': 'original', 'type': 'LinearRegression'}",3,"['pe_T2W40', 'z_pe_T2W40', 'z_l2_T2W40']",-0.042709149252427,0.009638574384824985,98.0,-0.016535287433801008,0.026173861818625993,0.13123250588429433,1.9844674545084815,2.2217277374342794,2.2986742121523287,98.0,2.260200974793304,0.038473237359024665,0.19290005361429327,1.9844674545084815,completed,True,COMPLETE
188,1.7484134054873601,2026-06-12 04:30:38.153731,2026-06-12 04:30:40.465775,0 days 00:00:02.312044,,,,,,,,,,,,,,0.007255084218101848,QuantileRegressor,,,,,,4,,,,,,,,True,-0.00823765979239214,0.0038111560655382523,98.0,-0.002213251863426943,0.006024407928965195,0.030205636236098128,1.9844674545084815,1.7205255945990618,1.7763012163756584,98.0,1.7484134054873601,0.027887810888298246,0.13982603453244674,1.9844674545084815,0.25234913628017225,0.2720668364840945,98.0,0.2622079863821334,0.009858850101961155,0.04943105503435075,1.9844674545084815,5.8262079168272605,6.152947455428252,98.0,5.989577686127756,0.16336976930049577,0.8191158171312066,1.9844674545084815,1.3040068000664449,1.3917661766195248,98.0,1.3478864883429849,0.04387968827654004,0.2200073298260552,1.9844674545084815,99.0,0.5353535353535354,-0.02069226984987417,-0.002936960458593447,98.0,-0.011814615154233809,0.008877654695640362,0.044511462624720013,1.9844674545084815,QuantileRegressor,"{'mode': 'original', 'type': 'QuantileRegressor'}",4,"['edges_T2W40', 'l1_T2W40', 'density_T2W40', 'z_l1_T2W40']",0.06187234386571035,0.12202700591411324,89.0,0.09194967488991179,0.030077331024201445,0.14360426510705163,1.986978699506281,2.20363840874944,2.282442257369946,98.0,2.243040333059693,0.03940192431025322,0.1975563751245199,1.9844674545084815,completed,True,COMPLETE
189,1.7324835899339563,2026-06-12 04:30:40.478986,2026-06-12 04:30:54.418750,0 days 00:00:13.939764,,,,,,6.0,log2,3.0,10.0,247.0,,,,,ExtraTreesRegressor,,,,,,4,,,,,,,,True,0.0015279588016471266,0.011831477470595608,98.0,0.006679718136121367,0.0051517593344742405,0.025830284115534848,1.9844674545084815,1.7062544248509992,1.7587127550169135,98.0,1.7324835899339563,0.02622916508295707,0.13150978961155022,1.9844674545084815,0.2515293069304626,0.27059237638805533,98.0,0.26106084165925897,0.009531534728796386,0.047789936236806774,1.9844674545084815,5.660203845818202,5.895389835255164,98.0,5.777796840536683,0.11759299471848104,0.5895967312077361,1.9844674545084815,1.365368279159837,1.4316096392540978,98.0,1.3984889592069674,0.03312068004713043,0.16606299327536705,1.9844674545084815,99.0,0.26262626262626265,0.01577068716827603,0.030253174939390552,98.0,0.02301193105383329,0.007241243885557261,0.0363067012199459,1.9844674545084815,ExtraTreesRegressor,"{'mode': 'original', 'type': 'ExtraTreesRegressor'}",4,"['edges_T2W40', 'lsc_T2W40', 'z_re_T2W40', 'z_pe_T2W40']",0.14993484852247885,0.20094986107719337,98.0,0.1754423547998361,0.025507506277357272,0.12789148161754477,1.9844674545084815,2.16609747666121,2.241641611050184,98.0,2.203869543855697,0.03777206719448665,0.18938447313246515,1.9844674545084815,completed,True,COMPLETE
190,1.8449043599432708,2026-06-12 04:30:54.431844,2026-06-12 04:31:30.370723,0 days 00:00:35.938879,,,,,,,,,,,,,,,RandomForestRegressor,15.0,,2.0,5.0,384.0,3,,,,,,,,True,-0.06943350630364356,-0.04762348389349117,98.0,-0.05852849509856737,0.010905011205076197,0.05467637741252443,1.9844674545084815,1.8157546044913784,1.8740541153951633,98.0,1.8449043599432708,0.029149755451892488,0.14615326849261398,1.9844674545084815,0.2641221266386978,0.2829350774136861,98.0,0.27352860202619195,0.009406475387494187,0.047162904167292005,1.9844674545084815,5.960185011208592,6.305856790267622,98.0,6.133020900738107,0.17283588952951462,0.8665777731568218,1.9844674545084815,1.4781656145918285,1.551741393257301,98.0,1.5149535039245647,0.03678788933273616,0.18444992706019042,1.9844674545084815,99.0,0.8080808080808081,-0.13460467963414655,-0.08815556381835003,98.0,-0.1113801217262483,0.02322455790789826,0.11644506085607469,1.9844674545084815,RandomForestRegressor,"{'mode': 'original', 'type': 'RandomForestRegressor'}",3,"['lsc_T2W40', 'atd_T2W40', 'z_pe_T2W40']",0.04386289428144951,0.09387550331425523,98.0,0.06886919879785237,0.025006304516402865,0.125378517978497,1.9844674545084815,2.3049845399437268,2.38499930729996,98.0,2.3449919236218433,0.040007383678116605,0.20059207350966574,1.9844674545084815,completed,True,COMPLETE
191,1.7324334015779799,2026-06-12 04:31:30.383695,2026-06-12 04:31:44.473895,0 days 00:00:14.090200,,,,,,6.0,log2,3.0,10.0,250.0,,,,,ExtraTreesRegressor,,,,,,4,,,,,,,,True,0.0015703825197353272,0.011841058639331992,98.0,0.006705720579533659,0.005135338059798332,0.02574794987535023,1.9844674545084815,1.7062290249619152,1.7586377781940445,98.0,1.7324334015779799,0.02620437661606476,0.131385503304476,1.9844674545084815,0.25153251176474256,0.27058791387137715,98.0,0.26106021281805986,0.0095277010533173,0.04777071466211696,1.9844674545084815,5.659257229383455,5.89466701800877,98.0,5.776962123696112,0.11770489431265731,0.5901577819328048,1.9844674545084815,1.3647949874777567,1.4311772874659598,98.0,1.3979861374718583,0.03319114999410162,0.16641632087351235,1.9844674545084815,99.0,0.26262626262626265,0.015838898927983357,0.030268236474207743,98.0,0.02305356770109555,0.007214668773112192,0.03617345689304869,1.9844674545084815,ExtraTreesRegressor,"{'mode': 'original', 'type': 'ExtraTreesRegressor'}",4,"['edges_T2W40', 'lsc_T2W40', 'z_re_T2W40', 'z_pe_T2W40']",0.1491160051138796,0.20001575382164596,98.0,0.17456587946776278,0.025449874353883184,0.1276025222813625,1.9844674545084815,2.1660686094748214,2.2415721091615946,98.0,2.203820359318208,0.03775174984338667,0.18928260444697054,1.9844674545084815,completed,True,COMPLETE
192,1.732413758848997,2026-06-12 04:31:44.486917,2026-06-12 04:31:58.257893,0 days 00:00:13.770976,,,,,,6.0,log2,3.0,10.0,245.0,,,,,ExtraTreesRegressor,,,,,,4,,,,,,,,True,0.0015686603389340808,0.011874136341771292,98.0,0.006721398340352687,0.005152738001418606,0.025835191030548967,1.9844674545084815,1.7061771173580462,1.7586504003399477,98.0,1.732413758848997,0.026236641490950736,0.1315472753965223,1.9844674545084815,0.2515160683119128,0.2705820494802789,98.0,0.26104905889609586,0.009532990584183075,0.04779723571565037,1.9844674545084815,5.659511783096425,5.894607305384209,98.0,5.777059544240317,0.11754776114389197,0.5893699356593924,1.9844674545084815,1.3651080915647724,1.431151091377842,98.0,1.3981295914713072,0.0330214999065348,0.16556571631736544,1.9844674545084815,99.0,0.26262626262626265,0.01582292365120952,0.030309758375060544,98.0,0.023066341013135032,0.007243417361925512,0.036317598761633194,1.9844674545084815,ExtraTreesRegressor,"{'mode': 'original', 'type': 'ExtraTreesRegressor'}",4,"['edges_T2W40', 'lsc_T2W40', 'z_re_T2W40', 'z_pe_T2W40']",0.15030244269878978,0.20128880579501957,98.0,0.17579562424690467,0.025493181548114884,0.12781965919685578,1.9844674545084815,2.166030610090302,2.241593680856676,98.0,2.203812145473489,0.037781535383187015,0.1894319454595503,1.9844674545084815,completed,True,COMPLETE
193,1.7335774493900515,2026-06-12 04:31:58.271471,2026-06-12 04:32:12.118823,0 days 00:00:13.847352,,,,,,5.0,log2,3.0,10.0,248.0,,,,,ExtraTreesRegressor,,,,,,4,,,,,,,,True,0.001639680401665242,0.010459497513899824,98.0,0.006049588957782533,0.004409908556117291,0.022110736067538495,1.9844674545084815,1.70780811155361,1.7593467872264932,98.0,1.7335774493900515,0.025769337836441687,0.12920427267055581,1.9844674545084815,0.2521614737870174,0.2713102006208529,98.0,0.2617358372039352,0.009574363416917777,0.04800467398184627,1.9844674545084815,5.648751966549593,5.891709717162062,98.0,5.7702308418558275,0.12147887530623444,0.6090800558555004,1.9844674545084815,1.3269212748657142,1.3882047429441116,98.0,1.3575630089049129,0.03064173403919867,0.15363386459626444,1.9844674545084815,99.0,0.25252525252525254,0.011808787278138248,0.025559291434118794,98.0,0.018684039356128522,0.006875252077990274,0.03447166356394518,1.9844674545084815,ExtraTreesRegressor,"{'mode': 'original', 'type': 'ExtraTreesRegressor'}",4,"['edges_T2W40', 'z_re_T2W40', 'z_pe_T2W40', 'z_diameter_T2W40']",0.12831456479148534,0.17820572824675224,98.0,0.1532601465191188,0.024945581727633448,0.12507406142601293,1.9844674545084815,2.171172784219377,2.2462097785019575,98.0,2.208691281360667,0.03751849714129016,0.1881131042481644,1.9844674545084815,completed,True,COMPLETE
194,1.738698529779965,2026-06-12 04:32:12.131464,2026-06-12 04:32:27.538040,0 days 00:00:15.406576,,,,,,6.0,log2,3.0,10.0,280.0,,,,,ExtraTreesRegressor,,,,,,3,,,,,,,,True,0.0007336700711479084,0.005442190406980832,98.0,0.0030879302390643703,0.002354260167916462,0.0118039692988444,1.9844674545084815,1.7139001035116057,1.7634969560483245,98.0,1.738698529779965,0.02479842626835939,0.124336242153912,1.9844674545084815,0.2533514760372534,0.2724260418983795,98.0,0.26288875896781644,0.009537282930563074,0.04781875700950735,1.9844674545084815,5.725131153213752,5.991541543832209,98.0,5.858336348522981,0.13320519530922828,0.6678743739984543,1.9844674545084815,1.3196452080295158,1.3817792765404002,98.0,1.350712242284958,0.031067034255442216,0.1557662672778991,1.9844674545084815,99.0,0.2727272727272727,0.0064280400458448725,0.014521397506004067,98.0,0.01047471877592447,0.004046678730079597,0.020289546645314165,1.9844674545084815,ExtraTreesRegressor,"{'mode': 'original', 'type': 'ExtraTreesRegressor'}",3,"['edges_T2W40', 'z_pe_T2W40', 'z_diameter_T2W40']",0.13365812358000323,0.18420317185616736,98.0,0.1589306477180853,0.025272524138082057,0.1267133102346274,1.9844674545084815,2.1807279426299266,2.256059109337723,98.0,2.2183935259838248,0.03766558335389806,0.18885057632604588,1.9844674545084815,completed,True,COMPLETE
195,1.7346827179833408,2026-06-12 04:32:27.550852,2026-06-12 04:32:40.921348,0 days 00:00:13.370496,,,,,,6.0,log2,3.0,10.0,235.0,,,,,ExtraTreesRegressor,,,,,,4,,,,,,,,True,0.0005723136791417451,0.010182442769837992,98.0,0.005377378224489868,0.004805064545348123,0.02409199932327427,1.9844674545084815,1.7088529187447603,1.7605125172219214,98.0,1.7346827179833408,0.02582979923858045,0.129507418662803,1.9844674545084815,0.2521898625793871,0.2712718021017299,98.0,0.2617308323405585,0.009540969761171433,0.04783724232217763,1.9844674545084815,5.637519615373811,5.877209978242981,98.0,5.757364796808396,0.11984518143458506,0.6008889168439926,1.9844674545084815,1.334411745803374,1.397585553976449,98.0,1.3659986498899115,0.0315869040865375,0.15837283031170135,1.9844674545084815,99.0,0.29292929292929293,0.009610420146746606,0.024734917889221237,98.0,0.01717266901798392,0.007562248871237316,0.037916180515132195,1.9844674545084815,ExtraTreesRegressor,"{'mode': 'original', 'type': 'ExtraTreesRegressor'}",4,"['edges_T2W40', 'z_re_T2W40', 'z_pe_T2W40', 'z_diameter_T2W40']",0.12263512341743527,0.1731089925126123,98.0,0.14787205796502378,0.025236934547588526,0.1265348684297372,1.9844674545084815,2.1727390091608574,2.247707332237925,98.0,2.210223170699391,0.03748416153853366,0.1879409497826901,1.9844674545084815,completed,True,COMPLETE
196,1.7310486139684178,2026-06-12 04:32:40.948506,2026-06-12 04:32:55.775967,0 days 00:00:14.827461,,,,,,5.0,log2,3.0,9.0,268.0,,,,,ExtraTreesRegressor,,,,,,4,,,,,,,,True,0.002889183203487784,0.011973794048375347,98.0,0.007431488625931565,0.004542305422443781,0.022774557579994435,1.9844674545084815,1.7055718906165378,1.7565253373202978,98.0,1.7310486139684178,0.025476723351880018,0.12773713983654114,1.9844674545084815,0.2515614968821379,0.2706057309947123,98.0,0.2610836139384251,0.009522117056287195,0.0477427171916562,1.9844674545084815,5.668630758977559,5.916154254473889,98.0,5.792392506725724,0.1237617477481648,0.6205260959257328,1.9844674545084815,1.387598690317085,1.4392430094471629,98.0,1.413420849882124,0.02582215956503895,0.1294691142845673,1.9844674545084815,99.0,0.26262626262626265,0.016047292564983637,0.02970590140186138,98.0,0.02287659698342251,0.0068293044184388725,0.03424128768192085,1.9844674545084815,ExtraTreesRegressor,"{'mode': 'original', 'type': 'ExtraTreesRegressor'}",4,"['edges_T2W40', 'lsc_T2W40', 'z_pe_T2W40', 'z_diameter_T2W40']",0.1456218957444419,0.19465771218745176,98.0,0.17013980396594683,0.024517908221504923,0.12292975936243174,1.9844674545084815,2.166228915103436,2.2422038068297363,98.0,2.204216360966586,0.03798744586315034,0.1904643551383618,1.9844674545084815,completed,True,COMPLETE
197,1.7386520001053272,2026-06-12 04:32:55.819038,2026-06-12 04:33:10.521374,0 days 00:00:14.702336,,,,,,5.0,log2,3.0,9.0,269.0,,,,,ExtraTreesRegressor,,,,,,3,,,,,,,,True,0.0009452451582690107,0.005307077085597346,98.0,0.0031261611219331785,0.002180915963664168,0.010934842898537696,1.9844674545084815,1.713851056646834,1.7634529435638204,98.0,1.7386520001053272,0.024800943458493332,0.12434886303390875,1.9844674545084815,0.25335474028258875,0.2724455329920372,98.0,0.262900136637313,0.009545396354724244,0.04785943671475493,1.9844674545084815,5.7271893850596225,5.994811711829804,98.0,5.861000548444713,0.1338111633850907,0.6709126229825884,1.9844674545084815,1.3140443850145844,1.3770300855592683,98.0,1.3455372352869264,0.031492850272341846,0.15790125612022735,1.9844674545084815,99.0,0.24242424242424243,0.006898747447753191,0.014206066322735458,98.0,0.010552406885244324,0.003653659437491134,0.01831899652226915,1.9844674545084815,ExtraTreesRegressor,"{'mode': 'original', 'type': 'ExtraTreesRegressor'}",3,"['edges_T2W40', 'z_pe_T2W40', 'z_diameter_T2W40']",0.14186549291585093,0.1911917304271455,98.0,0.1665286116714982,0.024663118755647282,0.12365782702047744,1.9844674545084815,2.180724153814578,2.255935066164095,98.0,2.2183296099893366,0.03760545617475853,0.188549106086579,1.9844674545084815,completed,True,COMPLETE
198,1.733171681121687,2026-06-12 04:33:10.535287,2026-06-12 04:33:26.204055,0 days 00:00:15.668768,,,,,,5.0,log2,3.0,10.0,283.0,,,,,ExtraTreesRegressor,,,,,,4,,,,,,,,True,0.0015810460444634364,0.010936811003616185,98.0,0.00625892852403981,0.004677882479576374,0.023454324175815118,1.9844674545084815,1.707354888862052,1.7589884733813221,98.0,1.733171681121687,0.025816792259635093,0.12944220327911937,1.9844674545084815,0.2518286328955882,0.2709203303560527,98.0,0.26137448162582044,0.009545848730232207,0.04786170486960049,1.9844674545084815,5.6807769720528,5.9196163992449025,98.0,5.800196685648851,0.11941971359605098,0.5987556737249253,1.9844674545084815,1.3606371656284586,1.4246518070850116,98.0,1.392644486356735,0.03200732072827647,0.16048074735478757,1.9844674545084815,99.0,0.26262626262626265,0.015386318275517313,0.028454427644663133,98.0,0.021920372960090223,0.006534054684572911,0.032760942033831265,1.9844674545084815,ExtraTreesRegressor,"{'mode': 'original', 'type': 'ExtraTreesRegressor'}",4,"['edges_T2W40', 'lsc_T2W40', 'z_re_T2W40', 'z_pe_T2W40']",0.147422571473047,0.19888692101962474,98.0,0.17315474624633587,0.025732174773288864,0.1290179416683645,1.9844674545084815,2.1675825569610647,2.242740105218488,98.0,2.2051613310897764,0.03757877412871165,0.18841532560782823,1.9844674545084815,completed,True,COMPLETE
