number,value,datetime_start,datetime_complete,duration,params_dt_max_depth,params_dt_min_samples_leaf,params_dt_min_samples_split,params_elastic_alpha,params_elastic_l1_ratio,params_et_max_depth,params_et_max_features,params_et_min_samples_leaf,params_et_min_samples_split,params_et_n_estimators,params_knn_metric,params_knn_n_neighbors,params_knn_weights,params_quantile_alpha,params_regressor,params_rf_max_depth,params_rf_max_features,params_rf_min_samples_leaf,params_rf_min_samples_split,params_rf_n_estimators,params_rfe_n_features,params_rfe_proxy_et_max_depth,params_rfe_proxy_et_min_samples_leaf,params_rfe_proxy_et_min_samples_split,params_rfe_proxy_et_n_estimators,params_rfe_proxy_lsvr_C,params_rfe_proxy_lsvr_epsilon,params_rfe_proxy_type,params_use_scaler,user_attrs_d2mae_ci_lower_val,user_attrs_d2mae_ci_upper_val,user_attrs_d2mae_df_val,user_attrs_d2mae_mean_val,user_attrs_d2mae_samperror_val,user_attrs_d2mae_std_val,user_attrs_d2mae_t_critical_val,user_attrs_mae_ci_lower_val,user_attrs_mae_ci_upper_val,user_attrs_mae_df_val,user_attrs_mae_mean_val,user_attrs_mae_samperror_val,user_attrs_mae_std_val,user_attrs_mae_t_critical_val,user_attrs_mape_ci_lower_val,user_attrs_mape_ci_upper_val,user_attrs_mape_df_val,user_attrs_mape_mean_val,user_attrs_mape_samperror_val,user_attrs_mape_std_val,user_attrs_mape_t_critical_val,user_attrs_max_error_ci_lower_val,user_attrs_max_error_ci_upper_val,user_attrs_max_error_df_val,user_attrs_max_error_mean_val,user_attrs_max_error_samperror_val,user_attrs_max_error_std_val,user_attrs_max_error_t_critical_val,user_attrs_median_ae_ci_lower_val,user_attrs_median_ae_ci_upper_val,user_attrs_median_ae_df_val,user_attrs_median_ae_mean_val,user_attrs_median_ae_samperror_val,user_attrs_median_ae_std_val,user_attrs_median_ae_t_critical_val,user_attrs_n_splits_val,user_attrs_r2_below_zero_val,user_attrs_r2_ci_lower_val,user_attrs_r2_ci_upper_val,user_attrs_r2_df_val,user_attrs_r2_mean_val,user_attrs_r2_samperror_val,user_attrs_r2_std_val,user_attrs_r2_t_critical_val,user_attrs_regressor_final,user_attrs_rfe_estimator,user_attrs_rfe_n_features,user_attrs_rfe_selected_features,user_attrs_rho_ci_lower_val,user_attrs_rho_ci_upper_val,user_attrs_rho_df_val,user_attrs_rho_mean_val,user_attrs_rho_samperror_val,user_attrs_rho_std_val,user_attrs_rho_t_critical_val,user_attrs_rmse_ci_lower_val,user_attrs_rmse_ci_upper_val,user_attrs_rmse_df_val,user_attrs_rmse_mean_val,user_attrs_rmse_samperror_val,user_attrs_rmse_std_val,user_attrs_rmse_t_critical_val,user_attrs_termination_reason,user_attrs_use_scaler_final,state
270,1.7314952906664254,2026-06-12 04:50:01.050764,2026-06-12 04:50:15.154026,0 days 00:00:14.103262,,,,,,7.0,log2,3.0,9.0,248.0,,,,,ExtraTreesRegressor,,,,,,5,,,,,,,,False,0.0025039293400500907,0.011765201509183833,98.0,0.007134565424616962,0.004630636084566871,0.02321743659483599,1.9844674545084815,1.7061517979002285,1.7568387834326222,98.0,1.7314952906664254,0.025343492766196952,0.12706913815834864,1.9844674545084815,0.2516904136248823,0.2707027802445978,98.0,0.26119659693474007,0.00950618330985773,0.04766282735780005,1.9844674545084815,5.679817847087346,5.921070403041508,98.0,5.800444125064427,0.12062627797708123,0.6048052382993303,1.9844674545084815,1.367216422198248,1.4261146310978488,98.0,1.3966655266480483,0.02944910444980043,0.1476541673435988,1.9844674545084815,99.0,0.26262626262626265,0.016176057170652333,0.030135426395748892,98.0,0.023155741783200613,0.00697968461254828,0.034995275375639796,1.9844674545084815,ExtraTreesRegressor,"{'mode': 'original', 'type': 'ExtraTreesRegressor'}",5,"['edges_T2W40', 'l3_T2W40', 'lsc_T2W40', 'z_re_T2W40', 'z_pe_T2W40']",0.15190172378053637,0.20452792463843342,98.0,0.1782148242094849,0.026313100428948515,0.1319306310549357,1.9844674545084815,2.166195846478838,2.241031087829968,98.0,2.203613467154403,0.037417620675565186,0.18760732212577164,1.9844674545084815,completed,False,COMPLETE
271,1.7705071334832057,2026-06-12 04:50:15.172038,2026-06-12 04:50:17.439060,0 days 00:00:02.267022,,,,,,,,,,,,,,0.002136557693754752,QuantileRegressor,,,,,,5,,,,,,,,False,-0.02082140066698565,-0.009276582887005943,98.0,-0.015048991776995797,0.005772408889989855,0.02894214422279369,1.9844674545084815,1.7432072067430218,1.7978070602233895,98.0,1.7705071334832057,0.02729992674018398,0.13687845612535868,1.9844674545084815,0.2579206320222621,0.27793490781268637,98.0,0.26792776991747425,0.010007137895212136,0.05017455168896096,1.9844674545084815,5.764286898807839,6.033729593826182,98.0,5.899008246317011,0.13472134750917192,0.6754761736059924,1.9844674545084815,1.4130183676623649,1.4942491470556416,98.0,1.4536337573590032,0.040615389696638436,0.2036405404862344,1.9844674545084815,99.0,0.6363636363636364,-0.02919182178844084,-0.011350099124865854,98.0,-0.020270960456653348,0.008920861331787494,0.044728095354414646,1.9844674545084815,QuantileRegressor,"{'mode': 'original', 'type': 'QuantileRegressor'}",5,"['edges_T2W40', 'l1_T2W40', 'z_l1_T2W40', 'z_l2_T2W40', 'z_asp_T2W40']",0.029752672652452166,0.08186243858813089,88.0,0.05580755562029153,0.026054882967839362,0.12368667433294721,1.9872898648311692,2.213175757389865,2.2912017315272433,98.0,2.252188744458554,0.03901298706868906,0.19560629190042847,1.9844674545084815,completed,False,COMPLETE
272,1.747540474877744,2026-06-12 04:50:17.451846,2026-06-12 04:50:31.551150,0 days 00:00:14.099304,,,,,,8.0,log2,3.0,9.0,247.0,,,,,ExtraTreesRegressor,,,,,,6,,,,,,,,False,-0.0066190042153941395,0.0021995367434278715,98.0,-0.002209733735983134,0.0044092704794110055,0.022107536829852725,1.9844674545084815,1.7228837775284105,1.7721971722270777,98.0,1.747540474877744,0.02465669734933358,0.12362563088344242,1.9844674545084815,0.2530804129752683,0.27179685107069584,98.0,0.26243863202298207,0.009358219047713763,0.04692095284814496,1.9844674545084815,5.6006430242051675,5.858332971511016,98.0,5.729487997858092,0.12884497365292485,0.6460127619011338,1.9844674545084815,1.4104885576905328,1.4617107040087842,98.0,1.4360996308496585,0.025611073159125627,0.12841075315321904,1.9844674545084815,99.0,0.32323232323232326,0.010814879393004843,0.025497654025391885,98.0,0.018156266709198364,0.007341387316193521,0.03680880799506817,1.9844674545084815,ExtraTreesRegressor,"{'mode': 'original', 'type': 'ExtraTreesRegressor'}",6,"['edges_T2W40', 'lsc_T2W40', 'z_pe_T2W40', 'z_l1_T2W40', 'z_diameter_T2W40', 'z_asp_T2W40']",0.11391797090350418,0.16031012843641956,98.0,0.13711404966996188,0.023196078766457694,0.11630226996329097,1.9844674545084815,2.172027530644122,2.245918108851884,98.0,2.208972819748003,0.036945289103880924,0.1852391100449589,1.9844674545084815,completed,False,COMPLETE
273,1.7749285799768422,2026-06-12 04:50:31.564243,2026-06-12 04:50:33.244310,0 days 00:00:01.680067,,,,,,,,,,,,,,,LinearRegression,,,,,,5,,,,,,,,False,-0.023212513590768456,-0.011886300454130406,98.0,-0.01754940702244943,0.005663106568319024,0.028394115900827584,1.9844674545084815,1.7475139079288253,1.802343252024859,98.0,1.7749285799768422,0.02741467204801694,0.13745377490673422,1.9844674545084815,0.2585688324803445,0.2786460572097675,98.0,0.268607444845056,0.0100386123647115,0.05033236078615887,1.9844674545084815,5.832281620758837,6.077743215193519,98.0,5.955012417976178,0.12273079721734073,0.6153570374757296,1.9844674545084815,1.3823636023636106,1.4426801206108608,98.0,1.4125218614872357,0.03015825912362522,0.15120978116743888,1.9844674545084815,99.0,0.8080808080808081,-0.05120725615810015,-0.03303402894746342,98.0,-0.042120642552781785,0.009086613605318367,0.04555915675308055,1.9844674545084815,LinearRegression,"{'mode': 'original', 'type': 'LinearRegression'}",5,"['pe_T2W40', 'l2_T2W40', 'atd_T2W40', 'density_T2W40', 'z_l2_T2W40']",-0.05982509493639041,-0.01140940622883458,98.0,-0.035617250582612496,0.024207844353777916,0.12137513747942649,1.9844674545084815,2.236541188748471,2.3159600417032102,98.0,2.2762506152258406,0.039709426477369615,0.1990981529575036,1.9844674545084815,completed,False,COMPLETE
274,1.731702332280332,2026-06-12 04:50:33.257114,2026-06-12 04:50:46.925638,0 days 00:00:13.668524,,,,,,7.0,log2,3.0,9.0,240.0,,,,,ExtraTreesRegressor,,,,,,5,,,,,,,,False,0.002397291363077891,0.011614230732657566,98.0,0.007005761047867729,0.004608469684789838,0.023106297007971396,1.9844674545084815,1.7064155631568645,1.7569891014037995,98.0,1.731702332280332,0.025286769123467397,0.12678473282948013,1.9844674545084815,0.25172429711978633,0.27071919245913595,98.0,0.26122174478946114,0.00949744766967481,0.04761902793837726,1.9844674545084815,5.679207481768593,5.91973385982968,98.0,5.799470670799137,0.12026318903054367,0.6029847552294952,1.9844674545084815,1.3680636077068993,1.4258539834500366,98.0,1.396958795578468,0.028895187871568653,0.1448768981306743,1.9844674545084815,99.0,0.26262626262626265,0.016149372622370393,0.03002260218951351,98.0,0.023085987405941952,0.006936614783571557,0.03477932858017681,1.9844674545084815,ExtraTreesRegressor,"{'mode': 'original', 'type': 'ExtraTreesRegressor'}",5,"['edges_T2W40', 'l3_T2W40', 'lsc_T2W40', 'z_re_T2W40', 'z_pe_T2W40']",0.15295540921648795,0.20533936155463442,98.0,0.1791473853855612,0.026191976169073237,0.13132332899699092,1.9844674545084815,2.166305807627719,2.2410557643383022,98.0,2.2036807859830105,0.03737497835529161,0.18739351880607047,1.9844674545084815,completed,False,COMPLETE
275,1.7988158720853151,2026-06-12 04:50:46.939865,2026-06-12 04:51:02.759006,0 days 00:00:15.819141,,,,,,,,,,,,,,,RandomForestRegressor,6.0,,4.0,5.0,157.0,6,,,,,,,,False,-0.04165237127140969,-0.0227571671173663,98.0,-0.03220476919438799,0.009447602077021694,0.04736910830189086,1.9844674545084815,1.7722466656868197,1.8253850784838106,98.0,1.7988158720853151,0.02656920639849546,0.1332147147101667,1.9844674545084815,0.25857729475056485,0.2770163729907756,98.0,0.2677968338706702,0.009219539120105391,0.04622562884353254,1.9844674545084815,5.774132721176749,6.101294486382934,98.0,5.937713603779842,0.1635808826030928,0.8201743131192004,1.9844674545084815,1.4669935853005047,1.5431718726267467,98.0,1.5050827289636257,0.03808914366312101,0.190974255329077,1.9844674545084815,99.0,0.6464646464646465,-0.06629597939205138,-0.0306801253163764,98.0,-0.04848805235421389,0.01780792703783749,0.08928674362134206,1.9844674545084815,RandomForestRegressor,"{'mode': 'original', 'type': 'RandomForestRegressor'}",6,"['l1_T2W40', 'lsc_T2W40', 'atd_T2W40', 'z_re_T2W40', 'z_pe_T2W40', 'z_asp_T2W40']",0.07416577951155101,0.12341635072457122,98.0,0.09879106511806111,0.02462528560651011,0.12346813629003918,1.9844674545084815,2.241279689325048,2.3176374092115184,98.0,2.2794585492682833,0.03817885994323523,0.19142408166114802,1.9844674545084815,completed,False,COMPLETE
276,1.7314353510233333,2026-06-12 04:51:02.775775,2026-06-12 04:51:17.542093,0 days 00:00:14.766318,,,,,,7.0,log2,3.0,9.0,260.0,,,,,ExtraTreesRegressor,,,,,,5,,,,,,,,False,0.002539819011794304,0.01179380991950675,98.0,0.007166814465650527,0.0046269954538562235,0.02319918292273868,1.9844674545084815,1.7061037483306425,1.7567669537160242,98.0,1.7314353510233333,0.025331602692690774,0.12700952280039432,1.9844674545084815,0.2517043735978147,0.2707115715419627,98.0,0.2612079725698887,0.009503598972074001,0.047649869807792324,1.9844674545084815,5.6824470073056785,5.923693266150825,98.0,5.803070136728252,0.12062312942257285,0.6047894518364495,1.9844674545084815,1.3651267633556987,1.4248884964425659,98.0,1.3950076298991323,0.029880866543433568,0.1498189690792374,1.9844674545084815,99.0,0.26262626262626265,0.01600586354534311,0.029907935977382675,98.0,0.022956899761362892,0.006951036216019782,0.03485163585877926,1.9844674545084815,ExtraTreesRegressor,"{'mode': 'original', 'type': 'ExtraTreesRegressor'}",5,"['edges_T2W40', 'l3_T2W40', 'lsc_T2W40', 'z_re_T2W40', 'z_pe_T2W40']",0.15239475653081155,0.2053591340345768,98.0,0.17887694528269418,0.026482188751882636,0.1327784189926953,1.9844674545084815,2.1664201059747827,2.241272016377551,98.0,2.2038460611761668,0.03742595520138418,0.1876491104073849,1.9844674545084815,completed,False,COMPLETE
277,1.7455544101157832,2026-06-12 04:51:17.555406,2026-06-12 04:51:32.227724,0 days 00:00:14.672318,,,,,,8.0,log2,3.0,8.0,258.0,,,,,ExtraTreesRegressor,,,,,,5,,,,,,,,False,-0.005179563677596153,0.0033825551359543977,98.0,-0.0008985042708208773,0.004281059406775275,0.021464702369248717,1.9844674545084815,1.7201470275512163,1.77096179268035,98.0,1.7455544101157832,0.025407382564566844,0.1273894737052627,1.9844674545084815,0.2537170461966694,0.2727152307137563,98.0,0.26321613845521286,0.009499092258543474,0.047627273703556273,1.9844674545084815,5.714271065083079,5.97454882031567,98.0,5.844409942699374,0.13013887761629597,0.6525002363389325,1.9844674545084815,1.3438573549160382,1.401187627668242,98.0,1.37252249129214,0.028665136376101817,0.14372344838597298,1.9844674545084815,99.0,0.47474747474747475,-0.007272671346872671,0.006681163421280617,98.0,-0.00029575396279602715,0.006976917384076644,0.03498140083434346,1.9844674545084815,ExtraTreesRegressor,"{'mode': 'original', 'type': 'ExtraTreesRegressor'}",5,"['edges_T2W40', 'l1_T2W40', 'l3_T2W40', 'z_re_T2W40', 'z_pe_T2W40']",0.06649547828093556,0.11303830904385197,98.0,0.08976689366239377,0.023271415381458205,0.11667999843300887,1.9844674545084815,2.1924478180678446,2.267050798649102,98.0,2.2297493083584734,0.03730149029062861,0.18702505873910974,1.9844674545084815,completed,False,COMPLETE
278,1.7314353510233333,2026-06-12 04:51:32.241415,2026-06-12 04:51:46.946334,0 days 00:00:14.704919,,,,,,7.0,log2,3.0,9.0,260.0,,,,,ExtraTreesRegressor,,,,,,5,,,,,,,,False,0.002539819011794304,0.01179380991950675,98.0,0.007166814465650527,0.0046269954538562235,0.02319918292273868,1.9844674545084815,1.7061037483306425,1.7567669537160242,98.0,1.7314353510233333,0.025331602692690774,0.12700952280039432,1.9844674545084815,0.2517043735978147,0.2707115715419627,98.0,0.2612079725698887,0.009503598972074001,0.047649869807792324,1.9844674545084815,5.6824470073056785,5.923693266150825,98.0,5.803070136728252,0.12062312942257285,0.6047894518364495,1.9844674545084815,1.3651267633556987,1.4248884964425659,98.0,1.3950076298991323,0.029880866543433568,0.1498189690792374,1.9844674545084815,99.0,0.26262626262626265,0.01600586354534311,0.029907935977382675,98.0,0.022956899761362892,0.006951036216019782,0.03485163585877926,1.9844674545084815,ExtraTreesRegressor,"{'mode': 'original', 'type': 'ExtraTreesRegressor'}",5,"['edges_T2W40', 'l3_T2W40', 'lsc_T2W40', 'z_re_T2W40', 'z_pe_T2W40']",0.15239475653081155,0.2053591340345768,98.0,0.17887694528269418,0.026482188751882636,0.1327784189926953,1.9844674545084815,2.1664201059747827,2.241272016377551,98.0,2.2038460611761668,0.03742595520138418,0.1876491104073849,1.9844674545084815,completed,False,COMPLETE
279,1.7320965163450437,2026-06-12 04:51:46.973250,2026-06-12 04:52:01.749685,0 days 00:00:14.776435,,,,,,7.0,log2,3.0,9.0,261.0,,,,,ExtraTreesRegressor,,,,,,6,,,,,,,,False,0.0022823961813251675,0.011394714900301275,98.0,0.006838555540813221,0.004556159359488054,0.022844019506831285,1.9844674545084815,1.7065699785286648,1.7576230541614226,98.0,1.7320965163450437,0.025526537816378824,0.12798690340031188,1.9844674545084815,0.25176563945600244,0.27077768467371804,98.0,0.26127166206486024,0.009506022608857809,0.04766202162286251,1.9844674545084815,5.6262284577004875,5.848240786287994,98.0,5.737234621994241,0.11100616429375385,0.5565711781402585,1.9844674545084815,1.354183591115309,1.412260151905616,98.0,1.3832218715104625,0.029038280395153535,0.14559434634574772,1.9844674545084815,99.0,0.2727272727272727,0.015030342494659175,0.028332908478538983,98.0,0.02168162548659908,0.006651282991939905,0.033348710267764446,1.9844674545084815,ExtraTreesRegressor,"{'mode': 'original', 'type': 'ExtraTreesRegressor'}",6,"['edges_T2W40', 're_T2W40', 'lsc_T2W40', 'z_re_T2W40', 'z_pe_T2W40', 'z_diameter_T2W40']",0.1316504814536912,0.18400234560099052,98.0,0.15782641352734086,0.026175932073649662,0.13124288588692667,1.9844674545084815,2.1680302256788195,2.2425219260974227,98.0,2.205276075888121,0.037245850209301774,0.1867460862530958,1.9844674545084815,completed,False,COMPLETE
280,1.745804582270584,2026-06-12 04:52:01.763087,2026-06-12 04:52:17.479870,0 days 00:00:15.716783,,,,,,8.0,log2,3.0,8.0,278.0,,,,,ExtraTreesRegressor,,,,,,5,,,,,,,,False,-0.005382464539106316,0.003286496534362026,98.0,-0.0010479840023721453,0.004334480536734171,0.0217325493075514,1.9844674545084815,1.7203934866021378,1.7712156779390305,98.0,1.745804582270584,0.025411095668446324,0.12740809074886483,1.9844674545084815,0.25374462410030213,0.27275624952522687,98.0,0.2632504368127645,0.009505812712462376,0.047660969228296525,1.9844674545084815,5.7166672354566614,5.976374575633143,98.0,5.846520905544902,0.12985367008824097,0.6510702410687242,1.9844674545084815,1.3449917725700016,1.4014126989422389,98.0,1.3732022357561202,0.028210463186118733,0.14144377324695986,1.9844674545084815,99.0,0.48484848484848486,-0.007463484219930142,0.006602208594200192,98.0,-0.00043063781286497535,0.007032846407065167,0.035261822038111755,1.9844674545084815,ExtraTreesRegressor,"{'mode': 'original', 'type': 'ExtraTreesRegressor'}",5,"['edges_T2W40', 'l1_T2W40', 'l3_T2W40', 'z_re_T2W40', 'z_pe_T2W40']",0.06524802437120296,0.11246198231379385,98.0,0.0888550033424984,0.023606978971295448,0.11836247276878051,1.9844674545084815,2.1925839168321444,2.267187876562601,98.0,2.2298858966973727,0.037301979865228097,0.18702751340559925,1.9844674545084815,completed,False,COMPLETE
281,1.7617188821213947,2026-06-12 04:52:17.493021,2026-06-12 04:52:32.181913,0 days 00:00:14.688892,,,,,,7.0,,3.0,9.0,261.0,,,,,ExtraTreesRegressor,,,,,,5,,,,,,,,False,-0.018807699022678925,-0.0017713843959721916,98.0,-0.010289541709325558,0.008518157313353366,0.042708987213820056,1.9844674545084815,1.7333753257765598,1.7900624384662296,98.0,1.7617188821213947,0.028343556344834972,0.14211108588333815,1.9844674545084815,0.25430540184934003,0.273474082539539,98.0,0.2638897421944395,0.009584340345099475,0.04805469706576812,1.9844674545084815,5.580158389103724,5.802867957397996,98.0,5.69151317325086,0.1113547841471361,0.5583191149666006,1.9844674545084815,1.4130953267112139,1.4859667722408036,98.0,1.4495310494760087,0.03643572276479501,0.18268420744571987,1.9844674545084815,99.0,0.5555555555555556,-0.024043724590956703,0.0036769919595238624,98.0,-0.010183366315716421,0.013860358275240283,0.06949412209471899,1.9844674545084815,ExtraTreesRegressor,"{'mode': 'original', 'type': 'ExtraTreesRegressor'}",5,"['edges_T2W40', 're_T2W40', 'z_re_T2W40', 'z_pe_T2W40', 'z_diameter_T2W40']",0.09577762234991868,0.14767942808224216,98.0,0.12172852521608042,0.025950902866161737,0.13011461727297755,1.9844674545084815,2.201251919940754,2.2762383929260235,98.0,2.2387451564333887,0.03749323649263478,0.18798645048013124,1.9844674545084815,completed,False,COMPLETE
282,1.9967709081042415,2026-06-12 04:52:32.196638,2026-06-12 04:52:32.323357,0 days 00:00:00.126719,17.0,4.0,15.0,,,,,,,,,,,,DecisionTreeRegressor,,,,,,5,,,,,,,,False,,,,,,,,,,,,,,,,,,,,,,,,,,,,,,,,,,,,,,,,,,,,,DecisionTreeRegressor,"{'mode': 'original', 'type': 'DecisionTreeRegressor'}",5,"['nodes_T2W40', 're_T2W40', 'z_re_T2W40', 'z_pe_T2W40', 'z_diameter_T2W40']",,,,,,,,,,,,,,,pruned,False,PRUNED
283,1.7425714135446104,2026-06-12 04:52:32.333284,2026-06-12 04:52:42.817211,0 days 00:00:10.483927,,,,,,10.0,log2,1.0,9.0,169.0,,,,,ExtraTreesRegressor,,,,,,6,,,,,,,,False,-0.006539333464810991,0.007880564582246952,98.0,0.0006706155587179799,0.0072099490235289715,0.03614979265239347,1.9844674545084815,1.7158408305074122,1.7693019965818086,98.0,1.7425714135446104,0.026730583037198163,0.1340238372169979,1.9844674545084815,0.25139684662973477,0.2701655260978583,98.0,0.26078118636379655,0.00938433973406178,0.04705191873879654,1.9844674545084815,5.53670618438689,5.766436859660239,98.0,5.6515715220235645,0.11486533763667459,0.5759205959656768,1.9844674545084815,1.4198092482594573,1.4863283662760054,98.0,1.4530688072677314,0.0332595590082741,0.16675931520950826,1.9844674545084815,99.0,0.40404040404040403,0.0036815563685092464,0.026104884945414776,98.0,0.014893220656962011,0.011211664288452765,0.056213898044654244,1.9844674545084815,ExtraTreesRegressor,"{'mode': 'original', 'type': 'ExtraTreesRegressor'}",6,"['edges_T2W40', 're_T2W40', 'lsc_T2W40', 'z_pe_T2W40', 'z_l1_T2W40', 'z_diameter_T2W40']",0.12282987419167034,0.1713870241037372,98.0,0.14710844914770377,0.024278574956033434,0.1217297719709287,1.9844674545084815,2.17464691185763,2.248535379780465,98.0,2.2115911458190474,0.03694423396141752,0.18523381969115113,1.9844674545084815,completed,False,COMPLETE
284,1.744220192223691,2026-06-12 04:52:42.832419,2026-06-12 04:52:57.035152,0 days 00:00:14.202733,,,,,,4.0,log2,3.0,8.0,253.0,,,,,ExtraTreesRegressor,,,,,,5,,,,,,,,False,-0.0038489831835516147,0.0032811142834710976,98.0,-0.00028393445004025843,0.003565048733511356,0.017874713412194713,1.9844674545084815,1.7198700296730864,1.7685703547742957,98.0,1.744220192223691,0.024350162550604525,0.12208870331590536,1.9844674545084815,0.25381546216945505,0.2728409149793135,98.0,0.2633281885743843,0.009512726404929206,0.04769563362721567,1.9844674545084815,5.680543369399585,5.932645728012822,98.0,5.806594548706204,0.12605117930661855,0.6320050225949592,1.9844674545084815,1.3809063782076418,1.4353132487054536,98.0,1.4081098134565477,0.027203435248905963,0.13639465972249407,1.9844674545084815,99.0,0.23232323232323232,0.011661070284612763,0.022854048994813577,98.0,0.01725755963971317,0.005596489355100407,0.02806010543319815,1.9844674545084815,ExtraTreesRegressor,"{'mode': 'original', 'type': 'ExtraTreesRegressor'}",5,"['edges_T2W40', 'l3_T2W40', 'lsc_T2W40', 'z_re_T2W40', 'z_diameter_T2W40']",0.1191064595549237,0.17163047059404085,98.0,0.14536846507448228,0.02626200551955858,0.13167444749885074,1.9844674545084815,2.1733046013015334,2.2473425257575737,98.0,2.2103235635295535,0.0370189622280202,0.18560849797724496,1.9844674545084815,completed,False,COMPLETE
