number,value,datetime_start,datetime_complete,duration,params_dt_max_depth,params_dt_min_samples_leaf,params_dt_min_samples_split,params_elastic_alpha,params_elastic_l1_ratio,params_et_max_depth,params_et_max_features,params_et_min_samples_leaf,params_et_min_samples_split,params_et_n_estimators,params_knn_metric,params_knn_n_neighbors,params_knn_weights,params_quantile_alpha,params_regressor,params_rf_max_depth,params_rf_max_features,params_rf_min_samples_leaf,params_rf_min_samples_split,params_rf_n_estimators,params_rfe_n_features,params_rfe_proxy_et_max_depth,params_rfe_proxy_et_min_samples_leaf,params_rfe_proxy_et_min_samples_split,params_rfe_proxy_et_n_estimators,params_rfe_proxy_lsvr_C,params_rfe_proxy_lsvr_epsilon,params_rfe_proxy_type,params_use_scaler,user_attrs_d2mae_ci_lower_val,user_attrs_d2mae_ci_upper_val,user_attrs_d2mae_df_val,user_attrs_d2mae_mean_val,user_attrs_d2mae_samperror_val,user_attrs_d2mae_std_val,user_attrs_d2mae_t_critical_val,user_attrs_mae_ci_lower_val,user_attrs_mae_ci_upper_val,user_attrs_mae_df_val,user_attrs_mae_mean_val,user_attrs_mae_samperror_val,user_attrs_mae_std_val,user_attrs_mae_t_critical_val,user_attrs_mape_ci_lower_val,user_attrs_mape_ci_upper_val,user_attrs_mape_df_val,user_attrs_mape_mean_val,user_attrs_mape_samperror_val,user_attrs_mape_std_val,user_attrs_mape_t_critical_val,user_attrs_max_error_ci_lower_val,user_attrs_max_error_ci_upper_val,user_attrs_max_error_df_val,user_attrs_max_error_mean_val,user_attrs_max_error_samperror_val,user_attrs_max_error_std_val,user_attrs_max_error_t_critical_val,user_attrs_median_ae_ci_lower_val,user_attrs_median_ae_ci_upper_val,user_attrs_median_ae_df_val,user_attrs_median_ae_mean_val,user_attrs_median_ae_samperror_val,user_attrs_median_ae_std_val,user_attrs_median_ae_t_critical_val,user_attrs_n_splits_val,user_attrs_r2_below_zero_val,user_attrs_r2_ci_lower_val,user_attrs_r2_ci_upper_val,user_attrs_r2_df_val,user_attrs_r2_mean_val,user_attrs_r2_samperror_val,user_attrs_r2_std_val,user_attrs_r2_t_critical_val,user_attrs_regressor_final,user_attrs_rfe_estimator,user_attrs_rfe_n_features,user_attrs_rfe_selected_features,user_attrs_rho_ci_lower_val,user_attrs_rho_ci_upper_val,user_attrs_rho_df_val,user_attrs_rho_mean_val,user_attrs_rho_samperror_val,user_attrs_rho_std_val,user_attrs_rho_t_critical_val,user_attrs_rmse_ci_lower_val,user_attrs_rmse_ci_upper_val,user_attrs_rmse_df_val,user_attrs_rmse_mean_val,user_attrs_rmse_samperror_val,user_attrs_rmse_std_val,user_attrs_rmse_t_critical_val,user_attrs_termination_reason,user_attrs_use_scaler_final,state
26,1.817183548442606,2026-06-12 03:53:37.602675,2026-06-12 03:54:23.135935,0 days 00:00:45.533260,,,,,,,,,,,,,,,RandomForestRegressor,19.0,log2,1.0,2.0,491.0,10,,,,,,,,False,-0.05252161274958182,-0.03256356122929384,98.0,-0.04254258698943783,0.009979025760143992,0.050033600920735964,1.9844674545084815,1.789057694769251,1.845309402115961,98.0,1.817183548442606,0.028125853673355083,0.14101955161476185,1.9844674545084815,0.26053677147572374,0.27918567111041837,98.0,0.26986122129307105,0.009324449817347312,0.04675163810378347,1.9844674545084815,5.778980667768344,6.054337709634575,98.0,5.91665918870146,0.13767852093311533,0.6903030754001467,1.9844674545084815,1.5022226332942024,1.5809830511013205,98.0,1.5416028421977614,0.039380208903559,0.19744749676119214,1.9844674545084815,99.0,0.7474747474747475,-0.08506201024521404,-0.04742947157731045,98.0,-0.06624574091126224,0.018816269333951793,0.09434244717877566,1.9844674545084815,RandomForestRegressor,"{'mode': 'original', 'type': 'RandomForestRegressor'}",10,"['nodes_T2W40', 're_T2W40', 'lcc_T2W40', 'lsc_T2W40', 'atd_T2W40', 'density_T2W40', 'z_re_T2W40', 'z_pe_T2W40', 'z_l1_T2W40', 'z_asp_T2W40']",0.050436574428114014,0.10249107019290772,98.0,0.07646382231051087,0.026027247882396857,0.1304974017417632,1.9844674545084815,2.2594473003937487,2.338020674230468,98.0,2.2987339873121084,0.03928668691835961,0.19697858909452695,1.9844674545084815,completed,False,COMPLETE
27,1.793815042798732,2026-06-12 03:54:23.150002,2026-06-12 03:54:24.933281,0 days 00:00:01.783279,,,,,,,,,,,minkowski,20.0,distance,,KNeighborsRegressor,,,,,,12,,,,,7.4910104974988885,0.6592318760277409,LinearSVR,,-0.034853137916595035,-0.023125711686853713,98.0,-0.028989424801724374,0.005863713114870659,0.029399932313521834,1.9844674545084815,1.7689694766294632,1.8186606089680009,98.0,1.793815042798732,0.024845566169268855,0.12457259578664509,1.9844674545084815,0.25536221181813384,0.27358671828289977,98.0,0.2644744650505168,0.00911225323238296,0.04568771067198414,1.9844674545084815,5.763576337312407,6.054037999207114,98.0,5.90880716825976,0.14523083094735334,0.7281694237155568,1.9844674545084815,1.393477030690878,1.4625707763037192,98.0,1.4280239034972986,0.03454687280642062,0.17321374737396542,1.9844674545084815,99.0,0.8585858585858586,-0.07248686361358168,-0.04653486574188788,98.0,-0.05951086467773478,0.012975998935846906,0.06506005374764064,1.9844674545084815,KNeighborsRegressor,"{'mode': 'proxy', 'type': 'LinearSVR'}",12,"['nodes_T2W40', 're_T2W40', 'l1_T2W40', 'l3_T2W40', 'density_T2W40', 'diameter_T2W40', 'asp_T2W40', 'z_pe_T2W40', 'z_l1_T2W40', 'z_l3_T2W40', 'z_diameter_T2W40', 'z_asp_T2W40']",-0.041653941172700285,0.008779643687849108,98.0,-0.01643714874242559,0.025216792430274696,0.12643387834477282,1.9844674545084815,2.2562095956003105,2.329000701830995,98.0,2.2926051487156527,0.036395553115342136,0.1824828017916852,1.9844674545084815,completed,True,COMPLETE
28,2.0023019435982397,2026-06-12 03:54:24.946077,2026-06-12 03:54:26.616346,0 days 00:00:01.670269,20.0,5.0,4.0,,,,,,,,,,,,DecisionTreeRegressor,,,,,,2,,,,,,,,False,-0.16960624264237606,-0.1304361313264868,98.0,-0.15002118698443143,0.01958505565794463,0.09819704672110836,1.9844674545084815,1.9652249414268614,2.039378945769618,98.0,2.0023019435982397,0.03707700217137813,0.1858995030746595,1.9844674545084815,0.2810580090766596,0.30110670696371783,98.0,0.2910823580201887,0.010024348943529106,0.05026084575649991,1.9844674545084815,6.080935534149624,6.572976603095846,98.0,6.326956068622735,0.24602053447311123,1.2335165311724974,1.9844674545084815,1.594101627348909,1.693664927084312,98.0,1.6438832772166105,0.04978164986770147,0.24959903526899435,1.9844674545084815,99.0,0.898989898989899,-0.32448312343434466,-0.23572436095535493,98.0,-0.2801037421948498,0.04437938123949488,0.22251272853854653,1.9844674545084815,DecisionTreeRegressor,"{'mode': 'original', 'type': 'DecisionTreeRegressor'}",2,"['lsc_T2W40', 'atd_T2W40']",0.07505007032118034,0.13141725701010115,98.0,0.10323366366564075,0.028183593344460408,0.14130905118424053,1.9844674545084815,2.4595079315855233,2.5545240400933085,98.0,2.507015985839416,0.047508054253892464,0.238199508067572,1.9844674545084815,completed,False,COMPLETE
29,1.9055481461309953,2026-06-12 03:54:26.628418,2026-06-12 03:54:28.955755,0 days 00:00:02.327337,,,,0.00016377964907056237,0.8770241030575711,,,,,,,,,,ElasticNet,,,,,,20,,,,,,,,True,-0.1069020858296785,-0.0802652484112667,98.0,-0.0935836671204726,0.0133184187092059,0.06677690413959368,1.9844674545084815,1.8741173931668091,1.9369788990951815,98.0,1.9055481461309953,0.031430752964186105,0.15758990789754557,1.9844674545084815,0.2763519488128995,0.29589078773984845,98.0,0.28612136827637397,0.009769419463474486,0.04898266087407111,1.9844674545084815,6.036361774404782,6.404599220877011,98.0,6.220480497640897,0.18411872323611458,0.9231485058615849,1.9844674545084815,1.5311548130921173,1.5992716568715342,98.0,1.5652132349818257,0.03405842188970832,0.1707647148908788,1.9844674545084815,99.0,0.9191919191919192,-0.2179625409464711,-0.1505533193365874,98.0,-0.18425793014152925,0.033704610804941866,0.16899074987244578,1.9844674545084815,ElasticNet,"{'mode': 'original', 'type': 'ElasticNet'}",20,"['nodes_T2W40', 're_T2W40', 'pe_T2W40', 'l1_T2W40', 'l2_T2W40', 'l3_T2W40', 'lcc_T2W40', 'lsc_T2W40', 'density_T2W40', 'diameter_T2W40', 'asp_T2W40', 'z_re_T2W40', 'z_pe_T2W40', 'z_l1_T2W40', 'z_l2_T2W40', 'z_l3_T2W40', 'z_lsc_T2W40', 'z_density_T2W40', 'z_diameter_T2W40', 'z_asp_T2W40']",0.05475849832473975,0.1020283944992055,98.0,0.07839344641197263,0.02363494808723288,0.11850270645677322,1.9844674545084815,2.372697931107793,2.4631290546850053,98.0,2.4179134928963992,0.04521556178860626,0.22670523439007134,1.9844674545084815,completed,True,COMPLETE
30,1.8373128023131906,2026-06-12 03:54:28.968341,2026-06-12 03:54:30.572918,0 days 00:00:01.604577,,,,,,,,,,,,,,,LinearRegression,,,,,,16,,,,,,,,False,-0.06565838984100218,-0.042130334869955356,98.0,-0.05389436235547877,0.011764027485523415,0.058983378796564435,1.9844674545084815,1.8059846835190818,1.8686409211072994,98.0,1.8373128023131906,0.03132811879410878,0.1570753128629291,1.9844674545084815,0.2666301914569237,0.2860636357282964,98.0,0.27634691359261004,0.009716722135686365,0.048718442990330325,1.9844674545084815,5.790023744975546,6.091876866796655,98.0,5.9409503058861,0.1509265609105545,0.7567271092833484,1.9844674545084815,1.4950029036763377,1.5651006689908056,98.0,1.5300517863335716,0.035048882657233965,0.17573076267561857,1.9844674545084815,99.0,0.7676767676767676,-0.11889629848880881,-0.06160123823482582,98.0,-0.09024876836181732,0.028647530126991498,0.14363517283053598,1.9844674545084815,LinearRegression,"{'mode': 'original', 'type': 'LinearRegression'}",16,"['nodes_T2W40', 're_T2W40', 'pe_T2W40', 'l1_T2W40', 'l2_T2W40', 'atd_T2W40', 'density_T2W40', 'diameter_T2W40', 'asp_T2W40', 'z_pe_T2W40', 'z_l1_T2W40', 'z_l2_T2W40', 'z_l3_T2W40', 'z_density_T2W40', 'z_diameter_T2W40', 'z_asp_T2W40']",0.10940438283764951,0.1601396179874251,98.0,0.1347720004125373,0.0253676175748878,0.12719009696528427,1.9844674545084815,2.278722181860321,2.364812344717494,98.0,2.3217672632889075,0.04304508142858615,0.2158227143174932,1.9844674545084815,completed,False,COMPLETE
31,1.7438832772166106,2026-06-12 03:54:30.584951,2026-06-12 03:54:32.756234,0 days 00:00:02.171283,,,,,,,,,,,,,,8.632405665578633,QuantileRegressor,,,,,,11,,,,,,,,False,0.0,0.0,98.0,0.0,0.0,0.0,1.9844674545084815,1.719995778269723,1.7677707761634982,98.0,1.7438832772166106,0.02388749894688759,0.1197689652307129,1.9844674545084815,0.24789241147178304,0.2660773897707454,98.0,0.2569849006212642,0.009092489149481187,0.04558861600480518,1.9844674545084815,5.7246320548658405,6.032943702709917,98.0,5.878787878787879,0.15415582392203803,0.772918234616442,1.9844674545084815,1.087826624519884,1.235405698712439,98.0,1.1616161616161615,0.07378953709627757,0.3699716124540519,1.9844674545084815,99.0,0.98989898989899,-0.025717243343640218,-0.01938655657913475,98.0,-0.022551899961387484,0.003165343382252735,0.015870640217932525,1.9844674545084815,QuantileRegressor,"{'mode': 'original', 'type': 'QuantileRegressor'}",11,"['diameter_T2W40', 'asp_T2W40', 'z_re_T2W40', 'z_pe_T2W40', 'z_l1_T2W40', 'z_l2_T2W40', 'z_l3_T2W40', 'z_lsc_T2W40', 'z_density_T2W40', 'z_diameter_T2W40', 'z_asp_T2W40']",,,,,,,,2.2183731273213967,2.2900971357603845,98.0,2.2542351315408906,0.03586200421949378,0.17980765361908535,1.9844674545084815,completed,False,COMPLETE
32,1.7438832772166106,2026-06-12 03:54:32.768263,2026-06-12 03:54:34.969649,0 days 00:00:02.201386,,,,,,,,,,,,,,2.2931680347694705,QuantileRegressor,,,,,,9,,,,,,,,False,0.0,0.0,98.0,0.0,0.0,0.0,1.9844674545084815,1.719995778269723,1.7677707761634982,98.0,1.7438832772166106,0.02388749894688759,0.1197689652307129,1.9844674545084815,0.24789241147178304,0.2660773897707454,98.0,0.2569849006212642,0.009092489149481187,0.04558861600480518,1.9844674545084815,5.7246320548658405,6.032943702709917,98.0,5.878787878787879,0.15415582392203803,0.772918234616442,1.9844674545084815,1.087826624519884,1.235405698712439,98.0,1.1616161616161615,0.07378953709627757,0.3699716124540519,1.9844674545084815,99.0,0.98989898989899,-0.025717243343640218,-0.01938655657913475,98.0,-0.022551899961387484,0.003165343382252735,0.015870640217932525,1.9844674545084815,QuantileRegressor,"{'mode': 'original', 'type': 'QuantileRegressor'}",9,"['z_re_T2W40', 'z_pe_T2W40', 'z_l1_T2W40', 'z_l2_T2W40', 'z_l3_T2W40', 'z_lsc_T2W40', 'z_density_T2W40', 'z_diameter_T2W40', 'z_asp_T2W40']",,,,,,,,2.2183731273213967,2.2900971357603845,98.0,2.2542351315408906,0.03586200421949378,0.17980765361908535,1.9844674545084815,completed,False,COMPLETE
33,1.7438832772166106,2026-06-12 03:54:34.982500,2026-06-12 03:54:37.313609,0 days 00:00:02.331109,,,,,,,,,,,,,,3.227908133236349,QuantileRegressor,,,,,,12,,,,,,,,False,0.0,0.0,98.0,0.0,0.0,0.0,1.9844674545084815,1.719995778269723,1.7677707761634982,98.0,1.7438832772166106,0.02388749894688759,0.1197689652307129,1.9844674545084815,0.24789241147178304,0.2660773897707454,98.0,0.2569849006212642,0.009092489149481187,0.04558861600480518,1.9844674545084815,5.7246320548658405,6.032943702709917,98.0,5.878787878787879,0.15415582392203803,0.772918234616442,1.9844674545084815,1.087826624519884,1.235405698712439,98.0,1.1616161616161615,0.07378953709627757,0.3699716124540519,1.9844674545084815,99.0,0.98989898989899,-0.025717243343640218,-0.01938655657913475,98.0,-0.022551899961387484,0.003165343382252735,0.015870640217932525,1.9844674545084815,QuantileRegressor,"{'mode': 'original', 'type': 'QuantileRegressor'}",12,"['density_T2W40', 'diameter_T2W40', 'asp_T2W40', 'z_re_T2W40', 'z_pe_T2W40', 'z_l1_T2W40', 'z_l2_T2W40', 'z_l3_T2W40', 'z_lsc_T2W40', 'z_density_T2W40', 'z_diameter_T2W40', 'z_asp_T2W40']",,,,,,,,2.2183731273213967,2.2900971357603845,98.0,2.2542351315408906,0.03586200421949378,0.17980765361908535,1.9844674545084815,completed,False,COMPLETE
34,1.7562115939387901,2026-06-12 03:54:37.326177,2026-06-12 03:54:39.267320,0 days 00:00:01.941143,,,,0.000123469869878032,0.9566761854597826,,,,,,,,,,ElasticNet,,,,,,5,,,,,,,,False,-0.013957938072699367,-8.207831847004219e-05,98.0,-0.007020008195584704,0.006937929877114662,0.03478592229654659,1.9844674545084815,1.7291157995183997,1.7833073883591806,98.0,1.7562115939387901,0.027095794420390507,0.13585496192170976,1.9844674545084815,0.25607508750246194,0.27558112202376556,98.0,0.26582810476311375,0.009753017260651786,0.04890042225779961,1.9844674545084815,5.831004381040967,6.132479667577312,98.0,5.981742024309139,0.1507376432681723,0.7557798995904353,1.9844674545084815,1.389684091167277,1.4626892903707465,98.0,1.4261866907690117,0.0365025996017348,0.1830195196345761,1.9844674545084815,99.0,0.6666666666666666,-0.04211182798617321,-0.01458840806600697,98.0,-0.02835011802609009,0.01376170996008312,0.06899951164368781,1.9844674545084815,ElasticNet,"{'mode': 'original', 'type': 'ElasticNet'}",5,"['l1_T2W40', 'l2_T2W40', 'atd_T2W40', 'asp_T2W40', 'z_l1_T2W40']",0.020042971022696497,0.07419326035508847,98.0,0.04711811568889249,0.02707514466619599,0.13575142660821188,1.9844674545084815,2.2201282983756174,2.3006019283310897,98.0,2.2603651133533535,0.0402368149777362,0.20174241366909698,1.9844674545084815,completed,False,COMPLETE
35,1.7392165469191656,2026-06-12 03:54:39.280405,2026-06-12 03:55:01.909719,0 days 00:00:22.629314,,,,,,2.0,log2,1.0,2.0,441.0,,,,,ExtraTreesRegressor,,,,,,8,,,,,,,,False,0.0001623463691395443,0.005266540203958836,98.0,0.00271444328654919,0.002552096917409646,0.012795898291665712,1.9844674545084815,1.7147114862539405,1.7637216075843907,98.0,1.7392165469191656,0.024505060665225165,0.1228653433042755,1.9844674545084815,0.25372429374225186,0.27289693409195886,98.0,0.26331061391710536,0.00958632017485348,0.048064623687282454,1.9844674545084815,5.701435236909109,5.960298399483328,98.0,5.830866818196219,0.12943158128710971,0.6489539400252635,1.9844674545084815,1.319284965696928,1.3829850831681083,98.0,1.3511350244325182,0.0318500587355901,0.15969225517416852,1.9844674545084815,99.0,0.1717171717171717,0.010501509125972277,0.018500776316948343,98.0,0.01450114272146031,0.003999633595488032,0.020053668159177987,1.9844674545084815,ExtraTreesRegressor,"{'mode': 'original', 'type': 'ExtraTreesRegressor'}",8,"['edges_T2W40', 're_T2W40', 'lsc_T2W40', 'z_re_T2W40', 'z_pe_T2W40', 'z_l3_T2W40', 'z_diameter_T2W40', 'z_asp_T2W40']",0.12237175409922507,0.17592156920926844,98.0,0.14914666165424675,0.026774907555021685,0.13424607486715445,1.9844674545084815,2.1765107756817983,2.250907223150616,98.0,2.213708999416207,0.037198223734409064,0.18650729299859187,1.9844674545084815,completed,False,COMPLETE
36,1.742119369185935,2026-06-12 03:55:01.927551,2026-06-12 03:55:26.907694,0 days 00:00:24.980143,,,,,,2.0,log2,1.0,2.0,496.0,,,,,ExtraTreesRegressor,,,,,,7,,,,,,,,False,-0.0008924240905061917,0.003101439708152546,98.0,0.001104507808823177,0.0019969318993293688,0.010012369555752224,1.9844674545084815,1.7175051813565483,1.7667335570153215,98.0,1.742119369185935,0.024614187829386677,0.12341249340815398,1.9844674545084815,0.25397348425657074,0.27319753535862934,98.0,0.26358550980760004,0.009612025551029304,0.04819350726409768,1.9844674545084815,5.732538216539387,6.005798417361596,98.0,5.869168316950492,0.1366301004111044,0.6850464245750818,1.9844674545084815,1.3251262107053638,1.3910492948700854,98.0,1.3580877527877246,0.032961542082360754,0.16526509520274904,1.9844674545084815,99.0,0.21212121212121213,0.005792267363279466,0.011910514772527955,98.0,0.00885139106790371,0.003059123704624245,0.015338067891922576,1.9844674545084815,ExtraTreesRegressor,"{'mode': 'original', 'type': 'ExtraTreesRegressor'}",7,"['edges_T2W40', 'lsc_T2W40', 'z_pe_T2W40', 'z_l1_T2W40', 'z_l2_T2W40', 'z_diameter_T2W40', 'z_asp_T2W40']",0.11785109515399203,0.16466379759419233,98.0,0.14125744637409218,0.023406351220100152,0.11735655003862559,1.9844674545084815,2.1827550919769867,2.2576930100347714,98.0,2.220224051005879,0.037468959028892204,0.18786472627964715,1.9844674545084815,completed,False,COMPLETE
37,1.7426168138697011,2026-06-12 03:55:26.920432,2026-06-12 03:55:52.041632,0 days 00:00:25.121200,,,,,,2.0,log2,1.0,2.0,495.0,,,,,ExtraTreesRegressor,,,,,,8,,,,,,,,True,-0.0017085050146484794,0.003265259055168241,98.0,0.0007783770202598809,0.00248688203490836,0.012468918936807839,1.9844674545084815,1.71804306775139,1.7671905599880122,98.0,1.7426168138697011,0.024573746118310986,0.123209723670792,1.9844674545084815,0.2539414356637259,0.27312343229328256,98.0,0.26353243397850423,0.009590998314778332,0.048088079302257045,1.9844674545084815,5.706515352482213,5.970739293320142,98.0,5.838627322901178,0.13211197041896455,0.66239307961253,1.9844674545084815,1.3195962500004108,1.3854622481805632,98.0,1.352529249090487,0.03293299909007615,0.16512198416973067,1.9844674545084815,99.0,0.25252525252525254,0.006849786902963359,0.014429487351963451,98.0,0.010639637127463405,0.003789850224500046,0.01900184028378145,1.9844674545084815,ExtraTreesRegressor,"{'mode': 'original', 'type': 'ExtraTreesRegressor'}",8,"['edges_T2W40', 'lsc_T2W40', 'z_re_T2W40', 'z_pe_T2W40', 'z_l1_T2W40', 'z_l2_T2W40', 'z_diameter_T2W40', 'z_asp_T2W40']",0.09959045020173726,0.14778841251730127,98.0,0.12368943135951926,0.024098981157781994,0.12082931087928178,1.9844674545084815,2.180805479093382,2.2553191384046194,98.0,2.218062308749001,0.037256829655618696,0.18680113583895272,1.9844674545084815,completed,True,COMPLETE
38,1.74318158010952,2026-06-12 03:55:52.054178,2026-06-12 03:56:17.272419,0 days 00:00:25.218241,,,,,,2.0,log2,1.0,2.0,496.0,,,,,ExtraTreesRegressor,,,,,,4,,,,,,,,True,-0.0022128979916731938,0.003160402931613729,98.0,0.00047375246997026765,0.0026866504616434614,0.013470533120403562,1.9844674545084815,1.7184378299571825,1.7679253302618576,98.0,1.74318158010952,0.02474375015233748,0.12406210287071041,1.9844674545084815,0.25397016757043983,0.2732508345703472,98.0,0.2636105010703935,0.00964033349995371,0.04833543981877904,1.9844674545084815,5.727132197456423,6.00000043617029,98.0,5.8635663168133565,0.13643411935693375,0.6840637998090888,1.9844674545084815,1.3552669698517217,1.4172901076496764,98.0,1.386278538750699,0.03101156889897742,0.15548817084073285,1.9844674545084815,99.0,0.23232323232323232,0.007746605744864804,0.01513929443086935,98.0,0.011442950087867077,0.0036963443430022736,0.018533013359084374,1.9844674545084815,ExtraTreesRegressor,"{'mode': 'original', 'type': 'ExtraTreesRegressor'}",4,"['edges_T2W40', 'lsc_T2W40', 'z_l1_T2W40', 'z_diameter_T2W40']",0.12085977935894898,0.17402752426846874,98.0,0.14744365181370886,0.026583872454759884,0.13328824850232765,1.9844674545084815,2.179831861743018,2.2547013238029447,98.0,2.2172665927729813,0.037434731029963246,0.18769311132645533,1.9844674545084815,completed,True,COMPLETE
39,1.743216489603198,2026-06-12 03:56:17.285586,2026-06-12 03:56:42.502364,0 days 00:00:25.216778,,,,,,2.0,log2,1.0,2.0,493.0,,,,,ExtraTreesRegressor,,,,,,4,,,,,,,,True,-0.0022266337208889887,0.0031345090751354167,98.0,0.00045393767712321407,0.0026805713980122027,0.013440053447236172,1.9844674545084815,1.7184732977016466,1.7679596815047496,98.0,1.743216489603198,0.024743191901551553,0.12405930387031616,1.9844674545084815,0.2539773141802614,0.2732590588425136,98.0,0.2636181865113875,0.009640872331126092,0.04833814145163284,1.9844674545084815,5.727408763927722,6.000356524824964,98.0,5.863882644376343,0.13647388044862116,0.6842631570050194,1.9844674545084815,1.3547557521707805,1.4168049064526447,98.0,1.3857803293117126,0.031024577140932166,0.15555339255698936,1.9844674545084815,99.0,0.24242424242424243,0.00768626937784005,0.015063289651751983,98.0,0.011374779514796016,0.003688510136955966,0.01849373361893005,1.9844674545084815,ExtraTreesRegressor,"{'mode': 'original', 'type': 'ExtraTreesRegressor'}",4,"['edges_T2W40', 'lsc_T2W40', 'z_l1_T2W40', 'z_diameter_T2W40']",0.12030951943668136,0.17355704431257826,98.0,0.1469332818746298,0.026623762437948447,0.1334882519443032,1.9844674545084815,2.179908957433654,2.2547766162779923,98.0,2.217342786855823,0.03743382942216936,0.1876885907764908,1.9844674545084815,completed,True,COMPLETE
