number,value,datetime_start,datetime_complete,duration,params_dt_max_depth,params_dt_min_samples_leaf,params_dt_min_samples_split,params_elastic_alpha,params_elastic_l1_ratio,params_et_max_depth,params_et_max_features,params_et_min_samples_leaf,params_et_min_samples_split,params_et_n_estimators,params_knn_metric,params_knn_n_neighbors,params_knn_weights,params_quantile_alpha,params_regressor,params_rf_max_depth,params_rf_max_features,params_rf_min_samples_leaf,params_rf_min_samples_split,params_rf_n_estimators,params_rfe_n_features,params_rfe_proxy_et_max_depth,params_rfe_proxy_et_min_samples_leaf,params_rfe_proxy_et_min_samples_split,params_rfe_proxy_et_n_estimators,params_rfe_proxy_lsvr_C,params_rfe_proxy_lsvr_epsilon,params_rfe_proxy_type,params_use_scaler,user_attrs_d2mae_ci_lower_val,user_attrs_d2mae_ci_upper_val,user_attrs_d2mae_df_val,user_attrs_d2mae_mean_val,user_attrs_d2mae_samperror_val,user_attrs_d2mae_std_val,user_attrs_d2mae_t_critical_val,user_attrs_mae_ci_lower_val,user_attrs_mae_ci_upper_val,user_attrs_mae_df_val,user_attrs_mae_mean_val,user_attrs_mae_samperror_val,user_attrs_mae_std_val,user_attrs_mae_t_critical_val,user_attrs_mape_ci_lower_val,user_attrs_mape_ci_upper_val,user_attrs_mape_df_val,user_attrs_mape_mean_val,user_attrs_mape_samperror_val,user_attrs_mape_std_val,user_attrs_mape_t_critical_val,user_attrs_max_error_ci_lower_val,user_attrs_max_error_ci_upper_val,user_attrs_max_error_df_val,user_attrs_max_error_mean_val,user_attrs_max_error_samperror_val,user_attrs_max_error_std_val,user_attrs_max_error_t_critical_val,user_attrs_median_ae_ci_lower_val,user_attrs_median_ae_ci_upper_val,user_attrs_median_ae_df_val,user_attrs_median_ae_mean_val,user_attrs_median_ae_samperror_val,user_attrs_median_ae_std_val,user_attrs_median_ae_t_critical_val,user_attrs_n_splits_val,user_attrs_r2_below_zero_val,user_attrs_r2_ci_lower_val,user_attrs_r2_ci_upper_val,user_attrs_r2_df_val,user_attrs_r2_mean_val,user_attrs_r2_samperror_val,user_attrs_r2_std_val,user_attrs_r2_t_critical_val,user_attrs_regressor_final,user_attrs_rfe_estimator,user_attrs_rfe_n_features,user_attrs_rfe_selected_features,user_attrs_rho_ci_lower_val,user_attrs_rho_ci_upper_val,user_attrs_rho_df_val,user_attrs_rho_mean_val,user_attrs_rho_samperror_val,user_attrs_rho_std_val,user_attrs_rho_t_critical_val,user_attrs_rmse_ci_lower_val,user_attrs_rmse_ci_upper_val,user_attrs_rmse_df_val,user_attrs_rmse_mean_val,user_attrs_rmse_samperror_val,user_attrs_rmse_std_val,user_attrs_rmse_t_critical_val,user_attrs_termination_reason,user_attrs_use_scaler_final,state
114,1.7530788872780307,2026-06-12 04:12:20.989119,2026-06-12 04:12:31.021665,0 days 00:00:10.032546,,,,,,6.0,,3.0,8.0,173.0,,,,,ExtraTreesRegressor,,,,,,3,,,,,,,,True,-0.013247317564968235,0.002780482692564359,98.0,-0.005233417436201938,0.008013900128766297,0.04018070405858354,1.9844674545084815,1.724826251957527,1.7813315225985344,98.0,1.7530788872780307,0.028252635320503608,0.14165521911276932,1.9844674545084815,0.2534713865087476,0.27255098896984414,98.0,0.2630111877392959,0.009539801230548236,0.04783138345416085,1.9844674545084815,5.663952563138659,5.928050434362472,98.0,5.796001498750566,0.13204893561190625,0.662077030886304,1.9844674545084815,1.3742820383615475,1.4447061179970022,98.0,1.4094940781792749,0.035212039817727254,0.1765488124984866,1.9844674545084815,99.0,0.494949494949495,-0.011918617467815628,0.012621558226340436,98.0,0.0003514703792624039,0.012270087847078032,0.06152070285809304,1.9844674545084815,ExtraTreesRegressor,"{'mode': 'original', 'type': 'ExtraTreesRegressor'}",3,"['edges_T2W40', 'z_re_T2W40', 'z_pe_T2W40']",0.11425646820094951,0.16446552535643857,98.0,0.13936099677869404,0.025104528577744537,0.12587100127337048,1.9844674545084815,2.190043041634313,2.2653386407278555,98.0,2.2276908411810843,0.03764779954677106,0.18876141051667425,1.9844674545084815,completed,True,COMPLETE
115,1.8036419276612452,2026-06-12 04:12:31.034913,2026-06-12 04:13:14.347919,0 days 00:00:43.313006,,,,,,,,,,,,,,,RandomForestRegressor,20.0,log2,3.0,3.0,499.0,21,,,,,,,,True,-0.04315931504557995,-0.026588717164861976,98.0,-0.034874016105220965,0.008285298940358987,0.04154146413235999,1.9844674545084815,1.777691259525214,1.8295925957972765,98.0,1.8036419276612452,0.025950668136031353,0.13011344036513603,1.9844674545084815,0.25996363554142077,0.2783879820651395,98.0,0.2691758088032801,0.009212173261859342,0.04618869734132182,1.9844674545084815,5.776637335313251,6.0750528943072615,98.0,5.925845114810256,0.14920777949700545,0.7481093518606788,1.9844674545084815,1.4490857676469946,1.5116240306717539,98.0,1.4803548991593742,0.031269131512379755,0.156779557928092,1.9844674545084815,99.0,0.7575757575757576,-0.07494094530473822,-0.04444544869153373,98.0,-0.059693196998135974,0.015247748306602246,0.07645032411474165,1.9844674545084815,RandomForestRegressor,"{'mode': 'original', 'type': 'RandomForestRegressor'}",21,"['nodes_T2W40', 'edges_T2W40', 're_T2W40', 'l1_T2W40', 'l2_T2W40', 'l3_T2W40', 'lcc_T2W40', 'lsc_T2W40', 'atd_T2W40', 'density_T2W40', 'diameter_T2W40', 'asp_T2W40', 'z_re_T2W40', 'z_pe_T2W40', 'z_l1_T2W40', 'z_l2_T2W40', 'z_l3_T2W40', 'z_lsc_T2W40', 'z_density_T2W40', 'z_diameter_T2W40', 'z_asp_T2W40']",0.021949346989541485,0.0676294779099952,98.0,0.04478941244976834,0.022840065460226856,0.11451726327881395,1.9844674545084815,2.25566386193376,2.328232015475276,98.0,2.291947938704518,0.0362840767707581,0.181923873187723,1.9844674545084815,completed,True,COMPLETE
116,1.8261371675098725,2026-06-12 04:13:14.360759,2026-06-12 04:13:14.470770,0 days 00:00:00.110011,,,,,,,,,,,,,,,LinearRegression,,,,,,7,,,,,,,,True,,,,,,,,,,,,,,,,,,,,,,,,,,,,,,,,,,,,,,,,,,,,,LinearRegression,"{'mode': 'original', 'type': 'LinearRegression'}",7,"['nodes_T2W40', 'pe_T2W40', 'l1_T2W40', 'l2_T2W40', 'z_pe_T2W40', 'z_l1_T2W40', 'z_l2_T2W40']",,,,,,,,,,,,,,,pruned,True,PRUNED
117,1.7448091836293558,2026-06-12 04:13:14.480434,2026-06-12 04:13:26.997280,0 days 00:00:12.516846,,,,,,20.0,log2,3.0,11.0,221.0,,,,,ExtraTreesRegressor,,,,,,3,,,,,,,,True,-0.002503780824351966,0.0017537835881895703,98.0,-0.000374998618081198,0.0021287822062707683,0.010673450687051694,1.9844674545084815,1.7198222369822924,1.7697961302764191,98.0,1.7448091836293558,0.024986946647063434,0.12528146001587773,1.9844674545084815,0.25381293559563145,0.272859885464778,98.0,0.26333641053020473,0.009523474934573272,0.04774952542543547,1.9844674545084815,5.739499244359804,6.016271980767829,98.0,5.877885612563817,0.13838636820401304,0.6938521340674144,1.9844674545084815,1.3239970151290656,1.382635573467485,98.0,1.3533162942982753,0.029319279169209577,0.14700323944395868,1.9844674545084815,99.0,0.46464646464646464,-0.002774444729416885,0.004362105599048571,98.0,0.0007938304348158431,0.003568275164232728,0.017890890336775496,1.9844674545084815,ExtraTreesRegressor,"{'mode': 'original', 'type': 'ExtraTreesRegressor'}",3,"['edges_T2W40', 'z_pe_T2W40', 'z_l1_T2W40']",0.07138847585104671,0.1219577343649389,98.0,0.0966731051079928,0.025284629256946085,0.12677400380340842,1.9844674545084815,2.191667333802853,2.2665832590525192,98.0,2.229125296427686,0.03745796262483293,0.1878095916697675,1.9844674545084815,completed,True,COMPLETE
118,1.730814090774461,2026-06-12 04:13:27.014962,2026-06-12 04:13:52.207057,0 days 00:00:25.192095,,,,,,9.0,log2,3.0,10.0,472.0,,,,,ExtraTreesRegressor,,,,,,5,,,,,,,,True,0.0023603530049373577,0.012852906590348958,98.0,0.007606629797643158,0.0052462767927058005,0.0263041829608598,1.9844674545084815,1.7047519909829802,1.7568761905659416,98.0,1.730814090774461,0.026062099791480636,0.1306721449033039,1.9844674545084815,0.251167148092091,0.27013844499424183,98.0,0.2606527965431664,0.009485648451075432,0.04755986811568839,1.9844674545084815,5.62011585148993,5.840025743965573,98.0,5.730070797727752,0.10995494623782195,0.5513005008261226,1.9844674545084815,1.366991930734819,1.4367973286499915,98.0,1.4018946296924053,0.03490269895758626,0.17499781568609357,1.9844674545084815,99.0,0.2727272727272727,0.01665943860297483,0.030964182597334355,98.0,0.023811810600154592,0.007152371997179763,0.035861108563605484,1.9844674545084815,ExtraTreesRegressor,"{'mode': 'original', 'type': 'ExtraTreesRegressor'}",5,"['edges_T2W40', 're_T2W40', 'lsc_T2W40', 'z_re_T2W40', 'z_pe_T2W40']",0.14844786968880624,0.19713332162864378,98.0,0.172790595658725,0.02434272596991876,0.12205141722012909,1.9844674545084815,2.1655142288248515,2.2401149367722377,98.0,2.2028145827985446,0.03730035397369316,0.18701936138653902,1.9844674545084815,completed,True,COMPLETE
119,1.7319890053328775,2026-06-12 04:13:52.227469,2026-06-12 04:14:07.767015,0 days 00:00:15.539546,,,,,,9.0,log2,3.0,10.0,274.0,,,,,ExtraTreesRegressor,,,,,,5,,,,,,,,True,0.0020633291524069387,0.011706368776080398,98.0,0.006884848964243668,0.00482151981183673,0.024174503994203532,1.9844674545084815,1.7063786932321547,1.7575993174336002,98.0,1.7319890053328775,0.02561031210072283,0.12840693730051775,1.9844674545084815,0.2516234736796944,0.2706321273893806,98.0,0.2611278005345375,0.00950432685484312,0.047653519321969616,1.9844674545084815,5.667068378025903,5.906947265263504,98.0,5.787007821644703,0.1199394436188009,0.6013615357769759,1.9844674545084815,1.3660223050414344,1.4284687512675056,98.0,1.39724552815447,0.031223223113035645,0.15654937889189122,1.9844674545084815,99.0,0.2727272727272727,0.015941546607413183,0.030363512620217546,98.0,0.023152529613815365,0.007210983006402182,0.03615497691463315,1.9844674545084815,ExtraTreesRegressor,"{'mode': 'original', 'type': 'ExtraTreesRegressor'}",5,"['edges_T2W40', 'l3_T2W40', 'lsc_T2W40', 'z_re_T2W40', 'z_pe_T2W40']",0.15081007284333758,0.2026244765818112,98.0,0.1767172747125744,0.025907201869236823,0.12989550587948737,1.9844674545084815,2.166175627190303,2.240947487184445,98.0,2.203561557187374,0.03738592999707083,0.18744842898341432,1.9844674545084815,completed,True,COMPLETE
120,1.744355500882657,2026-06-12 04:14:07.780183,2026-06-12 04:14:33.591294,0 days 00:00:25.811111,,,,,,9.0,log2,2.0,10.0,476.0,,,,,ExtraTreesRegressor,,,,,,5,,,,,,,,True,-0.006725555365547041,0.0060004363218795044,98.0,-0.0003625595218337678,0.006362995843713273,0.03190327416291364,1.9844674545084815,1.7184018425965557,1.7703091591687583,98.0,1.744355500882657,0.0259536582861012,0.13012843260775409,1.9844674545084815,0.2526020692745321,0.27149026047718194,98.0,0.262046164875857,0.009444095601324913,0.04735152726644032,1.9844674545084815,5.622523853874316,5.859571764626924,98.0,5.74104780925062,0.1185239553763041,0.5942644528016077,1.9844674545084815,1.4217269725137993,1.473236522765732,98.0,1.4474817476397657,0.025754775125966436,0.1291312570413996,1.9844674545084815,99.0,0.25252525252525254,0.013442177297359605,0.033192252086091806,98.0,0.023317214691725707,0.009875037394366102,0.0495122161163685,1.9844674545084815,ExtraTreesRegressor,"{'mode': 'original', 'type': 'ExtraTreesRegressor'}",5,"['edges_T2W40', 're_T2W40', 'l3_T2W40', 'lsc_T2W40', 'z_l1_T2W40']",0.15537755308772758,0.20697758090226395,98.0,0.18117756699499576,0.025800013907268177,0.12935807869555666,1.9844674545084815,2.165434598689664,2.240124008165585,98.0,2.2027793034276244,0.03734470473796036,0.18724173063311791,1.9844674545084815,completed,True,COMPLETE
121,1.734200564905459,2026-06-12 04:14:33.604590,2026-06-12 04:14:49.026353,0 days 00:00:15.421763,,,,,,8.0,log2,3.0,10.0,275.0,,,,,ExtraTreesRegressor,,,,,,5,,,,,,,,True,0.0005026961040589181,0.010624591724526426,98.0,0.005563643914292672,0.005060947810233754,0.025374966364878324,1.9844674545084815,1.7086331037139393,1.7597680260969788,98.0,1.734200564905459,0.025567461191519716,0.1281920881417229,1.9844674545084815,0.25156803699696617,0.2704907294981911,98.0,0.26102938324757863,0.009461346250612485,0.04743801988834788,1.9844674545084815,5.613835192909543,5.846342725338725,98.0,5.730088959124134,0.11625376621459112,0.5828820051296729,1.9844674545084815,1.3674738599603722,1.4296036419513611,98.0,1.3985387509558667,0.031064890995494414,0.15575552123760666,1.9844674545084815,99.0,0.29292929292929293,0.013777559002476304,0.029236916755574507,98.0,0.021507237879025407,0.007729678876549103,0.038755653853439896,1.9844674545084815,ExtraTreesRegressor,"{'mode': 'original', 'type': 'ExtraTreesRegressor'}",5,"['edges_T2W40', 'lsc_T2W40', 'z_re_T2W40', 'z_pe_T2W40', 'z_diameter_T2W40']",0.13102420065096834,0.18414209754606833,98.0,0.15758314909851834,0.026558948447550003,0.13316328261286522,1.9844674545084815,2.167947682188434,2.2425548399619504,98.0,2.205251261075192,0.03730357888675823,0.18703553070177883,1.9844674545084815,completed,True,COMPLETE
122,1.7425884813648487,2026-06-12 04:14:49.064352,2026-06-12 04:15:05.387845,0 days 00:00:16.323493,,,,,,10.0,log2,3.0,10.0,292.0,,,,,ExtraTreesRegressor,,,,,,5,,,,,,,,True,-0.004718890341756711,0.006053991591498938,98.0,0.0006675506248711138,0.005386440966627825,0.027006948792912128,1.9844674545084815,1.7172342351019445,1.7679427276277528,98.0,1.7425884813648487,0.025354246262904254,0.12712305486080916,1.9844674545084815,0.2525588938467389,0.2714044076265627,98.0,0.2619816507366508,0.00942275688991189,0.04724453760666149,1.9844674545084815,5.576295602576928,5.809294753377158,98.0,5.692795177977043,0.11649957540011499,0.5841144619833544,1.9844674545084815,1.3943978138840785,1.453985586184003,98.0,1.4241917000340407,0.02979388614996234,0.14938286014441035,1.9844674545084815,99.0,0.26262626262626265,0.012320671963453352,0.02813476989824186,98.0,0.020227720930847605,0.007907048967394253,0.03964496555118752,1.9844674545084815,ExtraTreesRegressor,"{'mode': 'original', 'type': 'ExtraTreesRegressor'}",5,"['edges_T2W40', 're_T2W40', 'lsc_T2W40', 'z_re_T2W40', 'z_l1_T2W40']",0.11593048235180946,0.16775957221218235,98.0,0.1418450272819959,0.02591454493018645,0.12993232307887348,1.9844674545084815,2.1698492361117854,2.2428655947606746,98.0,2.20635741543623,0.036508179324444785,0.18304749567412448,1.9844674545084815,completed,True,COMPLETE
123,1.7441610976609159,2026-06-12 04:15:05.400853,2026-06-12 04:15:26.684006,0 days 00:00:21.283153,,,,,,9.0,log2,3.0,10.0,391.0,,,,,ExtraTreesRegressor,,,,,,6,,,,,,,,True,-0.00434480759590855,0.004092506583253867,98.0,-0.0001261505063273414,0.0042186570895812086,0.021151824868973372,1.9844674545084815,1.7189520257386215,1.7693701695832103,98.0,1.7441610976609159,0.02520907192229448,0.12639516867265932,1.9844674545084815,0.25284747485497944,0.2716355641411829,98.0,0.26224151949808117,0.009394044643101715,0.047100577952385855,1.9844674545084815,5.641823376480917,5.897150280840523,98.0,5.76948682866072,0.12766345217980293,0.6400887593695872,1.9844674545084815,1.3735818753551001,1.4346237482140451,98.0,1.4041028117845726,0.030520936429472532,0.15302820032176626,1.9844674545084815,99.0,0.36363636363636365,0.0018243470798588648,0.015459844980764506,98.0,0.008642096030311686,0.006817748950452821,0.03418334999465927,1.9844674545084815,ExtraTreesRegressor,"{'mode': 'original', 'type': 'ExtraTreesRegressor'}",6,"['edges_T2W40', 'l1_T2W40', 'lsc_T2W40', 'z_re_T2W40', 'z_pe_T2W40', 'z_l1_T2W40']",0.09041471085188582,0.1394228119011486,98.0,0.11491876137651721,0.024504050524631393,0.12286027858427603,1.9844674545084815,2.182812743024444,2.256574519900103,98.0,2.2196936314622735,0.03688088843782967,0.18491621307067638,1.9844674545084815,completed,True,COMPLETE
124,1.7326022245009176,2026-06-12 04:15:26.697103,2026-06-12 04:15:41.879349,0 days 00:00:15.182246,,,,,,8.0,log2,3.0,11.0,271.0,,,,,ExtraTreesRegressor,,,,,,5,,,,,,,,True,0.0017899048068479896,0.011291475390358843,98.0,0.006540690098603416,0.004750785291755427,0.023819849859207428,1.9844674545084815,1.7069777319249724,1.7582267170768628,98.0,1.7326022245009176,0.025624492575945335,0.12847803644939287,1.9844674545084815,0.2516941480748725,0.2707292818643116,98.0,0.26121171496959206,0.009517566894719545,0.04771990324433581,1.9844674545084815,5.668425441478531,5.911208942044217,98.0,5.789817191761374,0.12139175028284328,0.6086432217641432,1.9844674545084815,1.3671933588080207,1.429463988161095,98.0,1.398328673484558,0.031135314676537122,0.1561086168641089,1.9844674545084815,99.0,0.2828282828282828,0.016083936352613556,0.030120199080191853,98.0,0.023102067716402705,0.00701813136378915,0.03518804263113356,1.9844674545084815,ExtraTreesRegressor,"{'mode': 'original', 'type': 'ExtraTreesRegressor'}",5,"['edges_T2W40', 'l3_T2W40', 'lsc_T2W40', 'z_re_T2W40', 'z_pe_T2W40']",0.15052250984540105,0.20273510035928544,98.0,0.17662880510234324,0.026106295256942202,0.13089373550087924,1.9844674545084815,2.1661994807485416,2.241192731989687,98.0,2.2036961063691143,0.037496625620572516,0.1880034431484319,1.9844674545084815,completed,True,COMPLETE
125,1.7358350190949923,2026-06-12 04:15:41.892151,2026-06-12 04:15:59.688283,0 days 00:00:17.796132,,,,,,8.0,log2,3.0,12.0,327.0,,,,,ExtraTreesRegressor,,,,,,7,,,,,,,,True,0.0005552971875111253,0.00871301810621268,98.0,0.004634157646861903,0.004078860459350778,0.02045090185553162,1.9844674545084815,1.7108423603312692,1.7608276778587153,98.0,1.7358350190949923,0.024992658763723027,0.12531009986231445,1.9844674545084815,0.2524722480180804,0.2714224157779514,98.0,0.2619473318980159,0.009475083879935503,0.04750689866265571,1.9844674545084815,5.6760155002815615,5.9083345605089175,98.0,5.7921750303952395,0.11615953011367794,0.5824095169751431,1.9844674545084815,1.3479840860643157,1.4014012165525715,98.0,1.3746926513084436,0.02670856524412797,0.1339134427257812,1.9844674545084815,99.0,0.32323232323232326,0.008275653809154711,0.02036860696977974,98.0,0.014322130389467225,0.006046476580312514,0.030316285724426,1.9844674545084815,ExtraTreesRegressor,"{'mode': 'original', 'type': 'ExtraTreesRegressor'}",7,"['edges_T2W40', 're_T2W40', 'l1_T2W40', 'l3_T2W40', 'lsc_T2W40', 'z_re_T2W40', 'z_pe_T2W40']",0.11780500446906472,0.16563337512913145,98.0,0.1417191897990981,0.023914185330033373,0.11990276745514115,1.9844674545084815,2.17650337840725,2.250567583498344,98.0,2.213535480952797,0.037032102545546904,0.18567438190408364,1.9844674545084815,completed,True,COMPLETE
126,1.7388142290362638,2026-06-12 04:15:59.701804,2026-06-12 04:16:16.315675,0 days 00:00:16.613871,,,,,,9.0,log2,2.0,11.0,295.0,,,,,ExtraTreesRegressor,,,,,,5,,,,,,,,True,-0.003566507901625232,0.00923274399226573,98.0,0.0028331180453202483,0.00639962594694548,0.032086932969981316,1.9844674545084815,1.7126183452410464,1.7650101128314812,98.0,1.7388142290362638,0.026195883795217364,0.1313429213511688,1.9844674545084815,0.2516155767685325,0.27044900482918743,98.0,0.26103229079886,0.009416714030327445,0.047214239456106984,1.9844674545084815,5.592401438839899,5.8244574289044815,98.0,5.70842943387219,0.11602799503229103,0.5817500163457857,1.9844674545084815,1.4132801204376018,1.4771947110269308,98.0,1.4452374157322663,0.03195729529466454,0.16022992601797703,1.9844674545084815,99.0,0.35353535353535354,0.007509912026562995,0.02725322405264359,98.0,0.017381568039603293,0.009871656013040297,0.04949526228862193,1.9844674545084815,ExtraTreesRegressor,"{'mode': 'original', 'type': 'ExtraTreesRegressor'}",5,"['edges_T2W40', 'lsc_T2W40', 'z_re_T2W40', 'z_pe_T2W40', 'z_diameter_T2W40']",0.12346623316528124,0.17641606632253212,98.0,0.14994114974390668,0.026474916578625437,0.1327419572154314,1.9844674545084815,2.172064101262936,2.2465021153814813,98.0,2.2092831083222086,0.037219007059272495,0.1866114980189032,1.9844674545084815,completed,True,COMPLETE
127,1.740909586952217,2026-06-12 04:16:16.328346,2026-06-12 04:16:31.864493,0 days 00:00:15.536147,,,,,,8.0,log2,4.0,11.0,282.0,,,,,ExtraTreesRegressor,,,,,,6,,,,,,,,True,-0.001755413101836883,0.005248113505560393,98.0,0.001746350201861755,0.003501763303698638,0.017557408094475892,1.9844674545084815,1.716009079436658,1.7658100944677761,98.0,1.740909586952217,0.024900507515559122,0.12484806490160763,1.9844674545084815,0.2531143082429181,0.2720956423406254,98.0,0.26260497529177174,0.009490667048853638,0.04758503074423068,1.9844674545084815,5.651315744503689,5.899507246629129,98.0,5.775411495566409,0.12409575106271975,0.6222007472342194,1.9844674545084815,1.337946595475628,1.3953058673765937,98.0,1.3666262314261108,0.02867963595048278,0.1437961474585613,1.9844674545084815,99.0,0.32323232323232326,0.005880944136857194,0.016586891142432256,98.0,0.011233917639644726,0.005352973502787532,0.02683914706858927,1.9844674545084815,ExtraTreesRegressor,"{'mode': 'original', 'type': 'ExtraTreesRegressor'}",6,"['edges_T2W40', 'l1_T2W40', 'lsc_T2W40', 'z_re_T2W40', 'z_pe_T2W40', 'z_diameter_T2W40']",0.09834045125482926,0.14820031985468754,98.0,0.1232703855547584,0.024929934299929138,0.12499560715883182,1.9844674545084815,2.1799981021100923,2.254271082709459,98.0,2.2171345924097756,0.03713649029968355,0.18619776919228415,1.9844674545084815,completed,True,COMPLETE
128,2.1167640228517426,2026-06-12 04:16:31.877237,2026-06-12 04:16:32.089140,0 days 00:00:00.211903,12.0,3.0,10.0,,,,,,,,,,,,DecisionTreeRegressor,,,,,,5,,,,,,,,True,,,,,,,,,,,,,,,,,,,,,,,,,,,,,,,,,,,,,,,,,,,,,DecisionTreeRegressor,"{'mode': 'original', 'type': 'DecisionTreeRegressor'}",5,"['re_T2W40', 'atd_T2W40', 'z_re_T2W40', 'z_pe_T2W40', 'z_diameter_T2W40']",,,,,,,,,,,,,,,pruned,True,PRUNED
