number,value,datetime_start,datetime_complete,duration,params_dt_max_depth,params_dt_min_samples_leaf,params_dt_min_samples_split,params_elastic_alpha,params_elastic_l1_ratio,params_et_max_depth,params_et_max_features,params_et_min_samples_leaf,params_et_min_samples_split,params_et_n_estimators,params_knn_metric,params_knn_n_neighbors,params_knn_weights,params_quantile_alpha,params_regressor,params_rf_max_depth,params_rf_max_features,params_rf_min_samples_leaf,params_rf_min_samples_split,params_rf_n_estimators,params_rfe_n_features,params_rfe_proxy_et_max_depth,params_rfe_proxy_et_min_samples_leaf,params_rfe_proxy_et_min_samples_split,params_rfe_proxy_et_n_estimators,params_rfe_proxy_lsvr_C,params_rfe_proxy_lsvr_epsilon,params_rfe_proxy_type,params_use_scaler,user_attrs_d2mae_ci_lower_val,user_attrs_d2mae_ci_upper_val,user_attrs_d2mae_df_val,user_attrs_d2mae_mean_val,user_attrs_d2mae_samperror_val,user_attrs_d2mae_std_val,user_attrs_d2mae_t_critical_val,user_attrs_mae_ci_lower_val,user_attrs_mae_ci_upper_val,user_attrs_mae_df_val,user_attrs_mae_mean_val,user_attrs_mae_samperror_val,user_attrs_mae_std_val,user_attrs_mae_t_critical_val,user_attrs_mape_ci_lower_val,user_attrs_mape_ci_upper_val,user_attrs_mape_df_val,user_attrs_mape_mean_val,user_attrs_mape_samperror_val,user_attrs_mape_std_val,user_attrs_mape_t_critical_val,user_attrs_max_error_ci_lower_val,user_attrs_max_error_ci_upper_val,user_attrs_max_error_df_val,user_attrs_max_error_mean_val,user_attrs_max_error_samperror_val,user_attrs_max_error_std_val,user_attrs_max_error_t_critical_val,user_attrs_median_ae_ci_lower_val,user_attrs_median_ae_ci_upper_val,user_attrs_median_ae_df_val,user_attrs_median_ae_mean_val,user_attrs_median_ae_samperror_val,user_attrs_median_ae_std_val,user_attrs_median_ae_t_critical_val,user_attrs_n_splits_val,user_attrs_r2_below_zero_val,user_attrs_r2_ci_lower_val,user_attrs_r2_ci_upper_val,user_attrs_r2_df_val,user_attrs_r2_mean_val,user_attrs_r2_samperror_val,user_attrs_r2_std_val,user_attrs_r2_t_critical_val,user_attrs_regressor_final,user_attrs_rfe_estimator,user_attrs_rfe_n_features,user_attrs_rfe_selected_features,user_attrs_rho_ci_lower_val,user_attrs_rho_ci_upper_val,user_attrs_rho_df_val,user_attrs_rho_mean_val,user_attrs_rho_samperror_val,user_attrs_rho_std_val,user_attrs_rho_t_critical_val,user_attrs_rmse_ci_lower_val,user_attrs_rmse_ci_upper_val,user_attrs_rmse_df_val,user_attrs_rmse_mean_val,user_attrs_rmse_samperror_val,user_attrs_rmse_std_val,user_attrs_rmse_t_critical_val,user_attrs_termination_reason,user_attrs_use_scaler_final,state
54,1.7707263030782048,2026-06-12 04:01:46.782561,2026-06-12 04:01:48.551844,0 days 00:00:01.769283,,,,,,,,,,,,,,,LinearRegression,,,,,,3,,,,,,,,True,-0.019509097084494297,-0.011070035190170954,98.0,-0.015289566137332625,0.004219530947161671,0.021156206282800072,1.9844674545084815,1.7447968418580178,1.7966557642983918,98.0,1.7707263030782048,0.025929461220187033,0.13000711151203775,1.9844674545084815,0.25785619330684684,0.2776859545055085,98.0,0.26777107390617766,0.0099148805993308,0.04971198501811528,1.9844674545084815,5.80024858619844,6.049319113497114,98.0,5.924783849847777,0.1245352636493373,0.6244044089830738,1.9844674545084815,1.361858227106759,1.4223815677790377,98.0,1.3921198974428983,0.030261670336139312,0.15172827219672597,1.9844674545084815,99.0,0.7171717171717171,-0.0353641186755477,-0.0199272364926809,98.0,-0.027645677584114303,0.007718441091433402,0.038699308988798135,1.9844674545084815,LinearRegression,"{'mode': 'original', 'type': 'LinearRegression'}",3,"['pe_T2W40', 'z_pe_T2W40', 'z_l2_T2W40']",-0.042709149252427,0.009638574384824985,98.0,-0.016535287433801008,0.026173861818625993,0.13123250588429433,1.9844674545084815,2.2217277374342794,2.2986742121523287,98.0,2.260200974793304,0.038473237359024665,0.19290005361429327,1.9844674545084815,completed,True,COMPLETE
55,1.7733348342924855,2026-06-12 04:01:48.564953,2026-06-12 04:02:08.197011,0 days 00:00:19.632058,,,,,,8.0,,3.0,6.0,358.0,,,,,ExtraTreesRegressor,,,,,,4,,,,,,,,True,-0.02631859056674473,-0.007639331051495871,98.0,-0.0169789608091203,0.009339629757624429,0.046827748446825114,1.9844674545084815,1.7441887506704599,1.8024809179145111,98.0,1.7733348342924855,0.029146083622025597,0.14613485839180607,1.9844674545084815,0.2551490863931821,0.27405917768681043,98.0,0.2646041320399963,0.009455045646814165,0.04740642944018371,1.9844674545084815,5.642171733618164,5.881513794853132,98.0,5.761842764235648,0.11967103061748356,0.6000157461866247,1.9844674545084815,1.4087669263829097,1.487405824465872,98.0,1.448086375424391,0.03931944904148124,0.19714285432772544,1.9844674545084815,99.0,0.5757575757575758,-0.03868882740815905,-0.009019926005725166,98.0,-0.02385437670694211,0.014834450701216943,0.07437810103942555,1.9844674545084815,ExtraTreesRegressor,"{'mode': 'original', 'type': 'ExtraTreesRegressor'}",4,"['edges_T2W40', 're_T2W40', 'z_re_T2W40', 'z_pe_T2W40']",0.094243533181098,0.14677127414440955,98.0,0.12050740366275377,0.026263870481655766,0.13168379818814102,1.9844674545084815,2.2159723497010613,2.290907999839321,98.0,2.253440174770191,0.03746782506912976,0.18785904074565032,1.9844674545084815,completed,True,COMPLETE
56,1.75686639057455,2026-06-12 04:02:08.210569,2026-06-12 04:02:39.398949,0 days 00:00:31.188380,,,,,,,,,,,,,,,RandomForestRegressor,2.0,,1.0,12.0,373.0,4,,,,,,,,True,-0.015557354325512907,0.0003215670546493866,98.0,-0.007617893635431761,0.007939460690081147,0.03980747391994498,1.9844674545084815,1.7297359409154018,1.7839968402336983,98.0,1.75686639057455,0.027130449659148344,0.13602871900256103,1.9844674545084815,0.2546300953873557,0.2739940045641228,98.0,0.26431204997573926,0.009681954588383546,0.04854412280832521,1.9844674545084815,5.670771504581818,5.938827062121343,98.0,5.8047992833515805,0.13402777876976177,0.6719987057295846,1.9844674545084815,1.3880062317982977,1.4838597714289832,98.0,1.4359330016136405,0.04792676981534274,0.2402988961044862,1.9844674545084815,99.0,0.43434343434343436,-0.009402927802020062,0.01707622393699968,98.0,0.0038366480674898104,0.013239575869509872,0.06638159589291454,1.9844674545084815,RandomForestRegressor,"{'mode': 'original', 'type': 'RandomForestRegressor'}",4,"['re_T2W40', 'lsc_T2W40', 'z_pe_T2W40', 'z_diameter_T2W40']",0.10914694487288139,0.16532042767575345,98.0,0.13723368627431742,0.028086741401436036,0.14082344752090162,1.9844674545084815,2.1860033549288804,2.2609902898657186,98.0,2.2234968223972995,0.03749346746841886,0.18798760856414473,1.9844674545084815,completed,True,COMPLETE
57,1.7388449784535815,2026-06-12 04:02:39.445268,2026-06-12 04:02:58.719454,0 days 00:00:19.274186,,,,,,12.0,log2,3.0,4.0,352.0,,,,,ExtraTreesRegressor,,,,,,6,,,,,,,,True,-0.0017015998764243682,0.007566884216792113,98.0,0.0029326421701838727,0.004634242046608241,0.023235516442513485,1.9844674545084815,1.713390957595718,1.764298999311445,98.0,1.7388449784535815,0.025454020857863562,0.12762331233946608,1.9844674545084815,0.25211464796370364,0.27089083169531725,98.0,0.26150273982951044,0.009388091865806797,0.047070731463289356,1.9844674545084815,5.627387729237524,5.858201085358017,98.0,5.742794407297771,0.11540667806024668,0.5786348098946001,1.9844674545084815,1.3713888324120427,1.4323132988042049,98.0,1.4018510656081238,0.030462233196081157,0.15273386957016205,1.9844674545084815,99.0,0.31313131313131315,0.008407771847591677,0.021933970971655996,98.0,0.015170871409623836,0.0067630995620321585,0.03390934472034458,1.9844674545084815,ExtraTreesRegressor,"{'mode': 'original', 'type': 'ExtraTreesRegressor'}",6,"['edges_T2W40', 're_T2W40', 'lsc_T2W40', 'z_re_T2W40', 'z_pe_T2W40', 'z_l1_T2W40']",0.1113347752673021,0.15960558354140067,98.0,0.13547017940435138,0.02413540413704929,0.12101193119240722,1.9844674545084815,2.1756418881716257,2.2489914334181567,98.0,2.212316660794891,0.03667477262326531,0.18388277386957175,1.9844674545084815,completed,True,COMPLETE
58,1.7363953869847057,2026-06-12 04:02:58.732223,2026-06-12 04:03:22.230298,0 days 00:00:23.498075,,,,,,12.0,log2,2.0,6.0,442.0,,,,,ExtraTreesRegressor,,,,,,3,,,,,,,,True,0.0005369614122519117,0.008255380007506821,98.0,0.004396170709879367,0.003859209297627455,0.01934959809787079,1.9844674545084815,1.7110666105204673,1.7617241634489442,98.0,1.7363953869847057,0.025328776464238475,0.12699535244049226,1.9844674545084815,0.25244778521212363,0.2714739165262535,98.0,0.2619608508691886,0.009513065657064947,0.04769733459546439,1.9844674545084815,5.7216548220674195,5.963877116217704,98.0,5.842765969142562,0.12111114707514259,0.6072363119867129,1.9844674545084815,1.3427844256217625,1.392089219814584,98.0,1.3674368227181732,0.024652397096410733,0.1236040699471575,1.9844674545084815,99.0,0.3333333333333333,0.005653670096643755,0.016943542172129747,98.0,0.011298606134386751,0.005644936037742996,0.02830301110791382,1.9844674545084815,ExtraTreesRegressor,"{'mode': 'original', 'type': 'ExtraTreesRegressor'}",3,"['edges_T2W40', 're_T2W40', 'z_pe_T2W40']",0.1052026564329204,0.1512113445531086,98.0,0.1282070004930145,0.023004344060094113,0.11534093585999958,1.9844674545084815,2.179606032274884,2.2548224518644373,98.0,2.2172142420696606,0.03760820979477689,0.18856291239677375,1.9844674545084815,completed,True,COMPLETE
59,1.8522286943986224,2026-06-12 04:03:22.243032,2026-06-12 04:03:22.414972,0 days 00:00:00.171940,3.0,1.0,18.0,,,,,,,,,,,,DecisionTreeRegressor,,,,,,5,,,,,,,,True,,,,,,,,,,,,,,,,,,,,,,,,,,,,,,,,,,,,,,,,,,,,,DecisionTreeRegressor,"{'mode': 'original', 'type': 'DecisionTreeRegressor'}",5,"['edges_T2W40', 'z_pe_T2W40', 'z_density_T2W40', 'z_diameter_T2W40', 'z_asp_T2W40']",,,,,,,,,,,,,,,pruned,True,PRUNED
60,1.7456369668613292,2026-06-12 04:03:22.424565,2026-06-12 04:03:41.938676,0 days 00:00:19.514111,,,,,,13.0,log2,2.0,7.0,362.0,,,,,ExtraTreesRegressor,,,,,,3,,,,,,,,True,-0.00574083940114522,0.0037361397764414167,98.0,-0.0010023498123519013,0.004738489588793318,0.02375820072533074,1.9844674545084815,1.720216051489047,1.7710578822336114,98.0,1.7456369668613292,0.025420915372282124,0.1274573255293624,1.9844674545084815,0.2535664838646299,0.27259486323483095,98.0,0.2630806735497304,0.009514189685100543,0.04770297033301117,1.9844674545084815,5.636712567759915,5.865306635420305,98.0,5.75100960159011,0.11429703383019496,0.57307119096978,1.9844674545084815,1.340353910982178,1.407259322520921,98.0,1.3738066167515495,0.033452705769371434,0.1677277291805869,1.9844674545084815,99.0,0.3939393939393939,0.002163610262522789,0.014985975498260647,98.0,0.008574792880391717,0.006411182617868928,0.03214487668862222,1.9844674545084815,ExtraTreesRegressor,"{'mode': 'original', 'type': 'ExtraTreesRegressor'}",3,"['edges_T2W40', 're_T2W40', 'z_re_T2W40']",0.08622791377382014,0.13885355222714965,98.0,0.1125407330004849,0.026312819226664765,0.13192922114146505,1.9844674545084815,2.1829149247755804,2.25679152504931,98.0,2.219853224912445,0.036938300136864985,0.18520406822876076,1.9844674545084815,completed,True,COMPLETE
61,1.7390297955585694,2026-06-12 04:03:41.951566,2026-06-12 04:04:05.559718,0 days 00:00:23.608152,,,,,,12.0,log2,2.0,6.0,446.0,,,,,ExtraTreesRegressor,,,,,,2,,,,,,,,True,-0.001681632825213618,0.00769528087362964,98.0,0.003006824024208011,0.004688456849421629,0.023507342758344374,1.9844674545084815,1.7126165088640244,1.7654430822531144,98.0,1.7390297955585694,0.026413286694545034,0.13243295259925073,1.9844674545084815,0.2527339682805019,0.27192498231215667,98.0,0.2623294752963293,0.009595507015827395,0.04811068537166521,1.9844674545084815,5.779276198869707,6.073861390868202,98.0,5.926568794868954,0.14729259599924713,0.7385068586794771,1.9844674545084815,1.3381710580995276,1.3834205920670335,98.0,1.3607958250832806,0.02262476698375288,0.11343778334663808,1.9844674545084815,99.0,0.40404040404040403,-0.005714157117042133,0.009594969834205692,98.0,0.0019404063585817793,0.007654563475623912,0.038379034523735124,1.9844674545084815,ExtraTreesRegressor,"{'mode': 'original', 'type': 'ExtraTreesRegressor'}",2,"['edges_T2W40', 'z_pe_T2W40']",0.09849937640475265,0.14728857767812237,98.0,0.12289397704143751,0.024394600636684863,0.12231151038325508,1.9844674545084815,2.18917782232279,2.265910582679458,98.0,2.227544202501124,0.03836638017833386,0.19236428492677746,1.9844674545084815,completed,True,COMPLETE
62,1.735559988237233,2026-06-12 04:04:05.572094,2026-06-12 04:04:19.135271,0 days 00:00:13.563177,,,,,,7.0,log2,3.0,5.0,246.0,,,,,ExtraTreesRegressor,,,,,,2,,,,,,,,True,0.0021317848485755864,0.007859116680381218,98.0,0.004995450764478402,0.0028636659159028154,0.01435806671417269,1.9844674545084815,1.7100826403246756,1.7610373361497904,98.0,1.735559988237233,0.025477347912557357,0.12774027130652948,1.9844674545084815,0.25251614090278623,0.2715827138565761,98.0,0.2620494273796812,0.009533286476894966,0.04779871928511076,1.9844674545084815,5.745337807120567,6.026392896868016,98.0,5.885865351994291,0.1405275448737247,0.7045877290611685,1.9844674545084815,1.3179290501297636,1.3641092803526946,98.0,1.341019165241229,0.023090115111465487,0.11577098130311357,1.9844674545084815,99.0,0.30303030303030304,0.005627684967948156,0.014584029854347733,98.0,0.010105857411147945,0.004478172443199789,0.02245300275425507,1.9844674545084815,ExtraTreesRegressor,"{'mode': 'original', 'type': 'ExtraTreesRegressor'}",2,"['edges_T2W40', 'z_pe_T2W40']",0.11794088870118795,0.1677324085576812,98.0,0.14283664862943457,0.024895759928246625,0.12482426108602089,1.9844674545084815,2.180967942722559,2.256681872315474,98.0,2.2188249075190165,0.0378569647964576,0.1898101392083167,1.9844674545084815,completed,True,COMPLETE
63,1.754725301635147,2026-06-12 04:04:19.148177,2026-06-12 04:04:32.281481,0 days 00:00:13.133304,,,,,,8.0,log2,3.0,5.0,229.0,,,,,ExtraTreesRegressor,,,,,,4,,,,,,,,True,-0.011858785946966089,-0.0011088946918354744,98.0,-0.006483840319400782,0.005374945627565308,0.026949312584636197,1.9844674545084815,1.730142461454664,1.7793081418156298,98.0,1.754725301635147,0.02458284018048289,0.12325532017373667,1.9844674545084815,0.2533157341791623,0.2719218489159534,98.0,0.26261879154755785,0.009303057368395562,0.046644379010631926,1.9844674545084815,5.538769982927625,5.8013449686225185,98.0,5.670057475775072,0.1312874928474471,0.6582592510431962,1.9844674545084815,1.4653842205617167,1.5209091238273653,98.0,1.493146672194541,0.02776245163282433,0.1391974987303694,1.9844674545084815,99.0,0.29292929292929293,0.012630229616553492,0.029486242217590327,98.0,0.02105823591707191,0.008428006300518417,0.04225698118565655,1.9844674545084815,ExtraTreesRegressor,"{'mode': 'original', 'type': 'ExtraTreesRegressor'}",4,"['edges_T2W40', 'lsc_T2W40', 'z_l1_T2W40', 'z_diameter_T2W40']",0.134481121253257,0.18299161118140433,98.0,0.15873636621733067,0.02425524496407365,0.12161279827677689,1.9844674545084815,2.1690612345328577,2.241141553886808,98.0,2.2051013942098328,0.03604015967697493,0.18070090304800898,1.9844674545084815,completed,True,COMPLETE
64,2.528888888888889,2026-06-12 04:04:32.294322,2026-06-12 04:04:32.516222,0 days 00:00:00.221900,,,,,,,,,,,euclidean,1.0,uniform,,KNeighborsRegressor,,,,,,3,2.0,1.0,3.0,20.0,,,ExtraTrees,,,,,,,,,,,,,,,,,,,,,,,,,,,,,,,,,,,,,,,,,,,,,,KNeighborsRegressor,"{'mode': 'proxy', 'type': 'ExtraTrees'}",3,"['edges_T2W40', 'lsc_T2W40', 'z_re_T2W40']",,,,,,,,,,,,,,,pruned,True,PRUNED
65,1.741848200438353,2026-06-12 04:04:32.525825,2026-06-12 04:04:46.431635,0 days 00:00:13.905810,,,,,,7.0,log2,3.0,5.0,247.0,,,,,ExtraTreesRegressor,,,,,,6,,,,,,,,True,-0.0028814814640298935,0.00523759719989608,98.0,0.001178057867933093,0.004059539331962987,0.02035402811251349,1.9844674545084815,1.7168070134149698,1.7668893874617364,98.0,1.741848200438353,0.02504118702338322,0.12555341455410665,1.9844674545084815,0.2529814932063973,0.27188351903472163,98.0,0.26243250612055946,0.009451012914162176,0.047386209817449045,1.9844674545084815,5.677436310798321,5.921949764142507,98.0,5.799693037470414,0.12225672667209328,0.6129801063965533,1.9844674545084815,1.3495636140279204,1.4040233360467291,98.0,1.3767934750373247,0.0272298610094045,0.1365271552172037,1.9844674545084815,99.0,0.3434343434343434,0.006005044594019378,0.018577235238872065,98.0,0.012291139916445723,0.0062860953224263445,0.03151770446050502,1.9844674545084815,ExtraTreesRegressor,"{'mode': 'original', 'type': 'ExtraTreesRegressor'}",6,"['edges_T2W40', 'l3_T2W40', 'lsc_T2W40', 'z_re_T2W40', 'z_pe_T2W40', 'z_l1_T2W40']",0.10744947307577261,0.1573745839657001,98.0,0.13241202852073636,0.02496255544496374,0.1251591655453386,1.9844674545084815,2.178834281067194,2.252478071660611,98.0,2.2156561763639027,0.03682189529670841,0.18462042875757134,1.9844674545084815,completed,True,COMPLETE
66,1.7934283058885157,2026-06-12 04:04:46.444748,2026-06-12 04:05:08.319888,0 days 00:00:21.875140,,,,,,,,,,,,,,,RandomForestRegressor,10.0,,5.0,7.0,239.0,3,,,,,,,,True,-0.03886208895841363,-0.018860446909996265,98.0,-0.02886126793420495,0.010000821024208684,0.050142879679042233,1.9844674545084815,1.765124634354059,1.8217319774229723,98.0,1.7934283058885157,0.028303671534456586,0.14191110837719303,1.9844674545084815,0.2583953490022185,0.27740105565990336,98.0,0.26789820233106093,0.009502853328842412,0.04764613124485288,1.9844674545084815,5.847203615768201,6.132610756674062,98.0,5.9899071862211315,0.14270357045293028,0.7154980521768907,1.9844674545084815,1.4507956563062763,1.520044878384669,98.0,1.4854202673454726,0.03462461103919642,0.1736035172581682,1.9844674545084815,99.0,0.6868686868686869,-0.07389033239414766,-0.03631013232184738,98.0,-0.05510023235799752,0.018790100036150142,0.094211237556308,1.9844674545084815,RandomForestRegressor,"{'mode': 'original', 'type': 'RandomForestRegressor'}",3,"['lsc_T2W40', 'atd_T2W40', 'z_pe_T2W40']",0.07858440952566727,0.12859821140708794,98.0,0.1035913104663776,0.025006900940710328,0.1253815083762068,1.9844674545084815,2.247606766227372,2.3252670744353137,98.0,2.286436920331343,0.03883015410397091,0.1946895900287489,1.9844674545084815,completed,True,COMPLETE
67,1.758072961458992,2026-06-12 04:05:08.332136,2026-06-12 04:05:10.172289,0 days 00:00:01.840153,,,,0.022147540420060997,0.18950757895462328,,,,,,,,,,ElasticNet,,,,,,5,,,,,,,,True,-0.013889729629541762,-0.003072592730050348,98.0,-0.008481161179796056,0.005408568449745708,0.027117893256461096,1.9844674545084815,1.733752422424709,1.7823935004932752,98.0,1.758072961458992,0.02432053903428307,0.12194017466900915,1.9844674545084815,0.25670095837735174,0.27582386584615903,98.0,0.2662624121117554,0.009561453734403669,0.047939946430434976,1.9844674545084815,5.801262625980485,6.04281537530624,98.0,5.9220390006433625,0.12077637466287798,0.6055578045174349,1.9844674545084815,1.4378508318257903,1.5049549083169402,98.0,1.4714028700713653,0.03355203824557502,0.16822576993048538,1.9844674545084815,99.0,0.5353535353535354,-0.01630765858927214,0.0013992385390418274,98.0,-0.007454210025115156,0.008853448564156983,0.04439009607536091,1.9844674545084815,ElasticNet,"{'mode': 'original', 'type': 'ElasticNet'}",5,"['nodes_T2W40', 'l1_T2W40', 'density_T2W40', 'z_l1_T2W40', 'z_l3_T2W40']",0.04420216420896021,0.09943374679449334,98.0,0.07181795550172677,0.02761579129276656,0.1384621619247809,1.9844674545084815,2.2006245431211044,2.2730257084024816,98.0,2.236825125761793,0.0362005826406888,0.18150524394640008,1.9844674545084815,completed,True,COMPLETE
68,1.7641443426417316,2026-06-12 04:05:10.185222,2026-06-12 04:05:12.011682,0 days 00:00:01.826460,,,,,,,,,,,,,,,LinearRegression,,,,,,2,,,,,,,,True,-0.014848863576386866,-0.008670775295313071,98.0,-0.011759819435849968,0.0030890441405368963,0.015488085256924992,1.9844674545084815,1.7400455688959713,1.788243116387492,98.0,1.7641443426417316,0.0240987737457604,0.12082827094105895,1.9844674545084815,0.25719376009207034,0.2765661250616008,98.0,0.26687994257683556,0.009686182484765214,0.04856532095786196,1.9844674545084815,5.774261309944368,6.035813567205581,98.0,5.905037438574975,0.13077612863060645,0.6556953341072627,1.9844674545084815,1.3548044675942845,1.4156588698626795,98.0,1.385231668728482,0.0304272011341974,0.1525582231447642,1.9844674545084815,99.0,0.7575757575757576,-0.02264862849036396,-0.011918044385841185,98.0,-0.01728333643810257,0.005365292052261387,0.026900910752050124,1.9844674545084815,LinearRegression,"{'mode': 'original', 'type': 'LinearRegression'}",2,"['pe_T2W40', 'z_pe_T2W40']",-0.028417530941868028,0.025070676538884198,98.0,-0.0016734272014919146,0.026744103740376113,0.13409162835044452,1.9844674545084815,2.2115825687774695,2.285887469876079,98.0,2.2487350193267743,0.03715245054930503,0.18627779190986704,1.9844674545084815,completed,True,COMPLETE
69,1.7525877263418737,2026-06-12 04:05:12.023851,2026-06-12 04:05:36.125173,0 days 00:00:24.101322,,,,,,11.0,log2,2.0,7.0,439.0,,,,,ExtraTreesRegressor,,,,,,4,,,,,,,,True,-0.013055718011087548,0.002892258397287597,98.0,-0.005081729806899976,0.007973988204187573,0.03998059060519152,1.9844674545084815,1.7252186005778505,1.7799568521058968,98.0,1.7525877263418737,0.02736912576402322,0.1372254114721126,1.9844674545084815,0.25230957562778644,0.2710333584504544,98.0,0.2616714670391204,0.009361891411333964,0.04693936562512594,1.9844674545084815,5.52420406291601,5.76422974808663,98.0,5.64421690550132,0.12001284258530967,0.6017295491168113,1.9844674545084815,1.4315658488002214,1.4952061494773077,98.0,1.4633859991387645,0.03182015033854312,0.15954229817054957,1.9844674545084815,99.0,0.31313131313131315,0.007142782087894154,0.03142931517826683,98.0,0.019286048633080494,0.01214326654518634,0.06088483653610796,1.9844674545084815,ExtraTreesRegressor,"{'mode': 'original', 'type': 'ExtraTreesRegressor'}",4,"['edges_T2W40', 're_T2W40', 'lsc_T2W40', 'z_l1_T2W40']",0.1425657055510567,0.1952215880882533,98.0,0.168893646819655,0.02632794126859831,0.1320050411893731,1.9844674545084815,2.1693436359390827,2.243732073093279,98.0,2.206537854516181,0.037194218577097954,0.1864872116352058,1.9844674545084815,completed,True,COMPLETE
