number,value,datetime_start,datetime_complete,duration,params_bag_n_estimators,params_dt_max_depth,params_dt_min_samples_split,params_elastic_alpha,params_elastic_l1_ratio,params_et_max_depth,params_et_min_samples_split,params_et_n_estimators,params_gpr_alpha,params_knn_metric,params_knn_n_neighbors,params_knn_weights,params_regressor,params_rf_max_depth,params_rf_min_samples_split,params_rf_n_estimators,params_rfe_n_features,params_rfe_proxy_et_max_depth,params_rfe_proxy_et_min_samples_split,params_rfe_proxy_et_n_estimators,params_rfe_proxy_svc_C,params_rfe_proxy_type,params_ridge_alpha,params_ridge_solver,params_stack_final_estimator,params_svr_C,params_svr_degree,params_svr_epsilon,params_svr_gamma,params_svr_kernel,params_use_scaler,user_attrs_d2mae_ci_lower_val,user_attrs_d2mae_ci_upper_val,user_attrs_d2mae_df_val,user_attrs_d2mae_mean_val,user_attrs_d2mae_samperror_val,user_attrs_d2mae_std_val,user_attrs_d2mae_t_critical_val,user_attrs_mae_ci_lower_val,user_attrs_mae_ci_upper_val,user_attrs_mae_df_val,user_attrs_mae_mean_val,user_attrs_mae_samperror_val,user_attrs_mae_std_val,user_attrs_mae_t_critical_val,user_attrs_mape_ci_lower_val,user_attrs_mape_ci_upper_val,user_attrs_mape_df_val,user_attrs_mape_mean_val,user_attrs_mape_samperror_val,user_attrs_mape_std_val,user_attrs_mape_t_critical_val,user_attrs_max_error_ci_lower_val,user_attrs_max_error_ci_upper_val,user_attrs_max_error_df_val,user_attrs_max_error_mean_val,user_attrs_max_error_samperror_val,user_attrs_max_error_std_val,user_attrs_max_error_t_critical_val,user_attrs_median_ae_ci_lower_val,user_attrs_median_ae_ci_upper_val,user_attrs_median_ae_df_val,user_attrs_median_ae_mean_val,user_attrs_median_ae_samperror_val,user_attrs_median_ae_std_val,user_attrs_median_ae_t_critical_val,user_attrs_n_splits_val,user_attrs_r2_below_zero_val,user_attrs_r2_ci_lower_val,user_attrs_r2_ci_upper_val,user_attrs_r2_df_val,user_attrs_r2_mean_val,user_attrs_r2_samperror_val,user_attrs_r2_std_val,user_attrs_r2_t_critical_val,user_attrs_regressor_final,user_attrs_rfe_clf,user_attrs_rfe_n_features,user_attrs_rfe_selected_features,user_attrs_rho_ci_lower_val,user_attrs_rho_ci_upper_val,user_attrs_rho_df_val,user_attrs_rho_mean_val,user_attrs_rho_samperror_val,user_attrs_rho_std_val,user_attrs_rho_t_critical_val,user_attrs_rmse_ci_lower_val,user_attrs_rmse_ci_upper_val,user_attrs_rmse_df_val,user_attrs_rmse_mean_val,user_attrs_rmse_samperror_val,user_attrs_rmse_std_val,user_attrs_rmse_t_critical_val,user_attrs_termination_reason,user_attrs_use_scaler_final,state
280,0.004684818497763018,2026-06-20 23:00:28.240658,2026-06-20 23:00:28.514153,0 days 00:00:00.273495,,,,,,,,,,,,,Ridge,,,,2,,,,,,0.7277273413183666,sparse_cg,,,,,,,True,,,,,,,,,,,,,,,,,,,,,,,,,,,,,,,,,,,,,,,,,,,,,Ridge,"{'mode': 'original', 'type': 'Ridge'}",2,"['nodes_T6W40', 'lcc_T6W40']",,,,,,,,,,,,,,,pruned,True,PRUNED
281,0.009028822510983877,2026-06-20 23:00:28.524211,2026-06-20 23:00:28.767765,0 days 00:00:00.243554,,,,,,,,,,,,,Ridge,,,,2,,,,,,0.15066582084600103,lsqr,,,,,,,False,,,,,,,,,,,,,,,,,,,,,,,,,,,,,,,,,,,,,,,,,,,,,Ridge,"{'mode': 'original', 'type': 'Ridge'}",2,"['nodes_T6W40', 'lcc_T6W40']",,,,,,,,,,,,,,,pruned,False,PRUNED
282,6.45285186365994,2026-06-20 23:00:28.777983,2026-06-20 23:00:35.484468,0 days 00:00:06.706485,,,,,,,,,,,,,Ridge,,,,7,,,,,,0.6953769942885748,sparse_cg,,,,,,,False,-0.01139842961227656,-0.0054473340181376995,398.0,-0.00842288181520713,0.0029755477970694294,0.03023309482198112,1.9659423239762661,6.421283004793344,6.484420722526536,398.0,6.45285186365994,0.03156885886659533,0.32075583006111136,1.9659423239762661,159813644454140.88,246730222451344.38,398.0,203271933452742.62,43458288998601.76,441558550459113.6,1.9659423239762661,16.509911720515582,16.71281416900691,398.0,16.611362944761247,0.10145122424566595,1.030796576497985,1.9659423239762661,6.026349279569534,6.108381158309272,398.0,6.067365218939403,0.04101593936986841,0.41674302305046323,1.9659423239762661,399.0,0.6265664160401002,-0.027552408500917152,-0.01654095668043182,398.0,-0.022046682590674486,0.0055057259102426655,0.05594100476965751,1.9659423239762661,Ridge,"{'mode': 'original', 'type': 'Ridge'}",7,"['nodes_T6W40', 're_T6W40', 'pe_T6W40', 'l2_T6W40', 'lcc_T6W40', 'diameter_T6W40', 'asp_T6W40']",0.02507600088737224,0.0496254929658401,398.0,0.03735074692660617,0.012274746039233932,0.12471772803830972,1.9659423239762661,7.604603080100337,7.681666023963797,398.0,7.643134552032067,0.03853147193172972,0.3914995570529251,1.9659423239762661,completed,False,COMPLETE
283,6.770162038547563,2026-06-20 23:00:35.502228,2026-06-20 23:02:12.627199,0 days 00:01:37.124971,183.0,,,,,,,,,,,,BaggingRegressor,,,,2,10.0,7.0,50.0,,ExtraTrees,,,,,,,,,False,-0.06531476471560692,-0.051381157541666236,398.0,-0.05834796112863658,0.006966803586970343,0.07078630484727445,1.9659423239762661,6.7210567210027365,6.81926735609239,398.0,6.770162038547563,0.04910531754482725,0.49893526262909316,1.9659423239762661,175956442746773.56,273270686360355.38,398.0,224613564553564.47,48657121806790.91,494381363592349.06,1.9659423239762661,19.186456079057212,19.623410116486294,398.0,19.404933097771753,0.21847701871454092,2.219838790600458,1.9659423239762661,5.888130753851701,6.053115805168801,398.0,5.970623279510251,0.08249252565854973,0.8381664555333141,1.9659423239762661,399.0,0.9473684210526315,-0.21813080965483328,-0.18993596345172742,398.0,-0.20403338655328035,0.014097423101552934,0.14323706370793418,1.9659423239762661,BaggingRegressor,"{'mode': 'proxy', 'type': 'ExtraTrees', 'n_estimators': 50, 'max_depth': 10, 'min_samples_split': 7}",2,"['l2_T6W40', 'diameter_T6W40']",0.03825568128525214,0.06332200596852758,398.0,0.05078884362688986,0.012533162341637722,0.12734337047692695,1.9659423239762661,8.22620235737366,8.333292695576203,398.0,8.279747526474932,0.05354516910127183,0.5440464361863491,1.9659423239762661,completed,False,COMPLETE
284,0.007660818220158139,2026-06-20 23:02:12.714653,2026-06-20 23:02:12.967286,0 days 00:00:00.252633,,,,,,,,,,,,,Ridge,,,,2,,,,,,0.530392145906024,lsqr,,,,,,,False,,,,,,,,,,,,,,,,,,,,,,,,,,,,,,,,,,,,,,,,,,,,,Ridge,"{'mode': 'original', 'type': 'Ridge'}",2,"['nodes_T6W40', 'lcc_T6W40']",,,,,,,,,,,,,,,pruned,False,PRUNED
285,6.435145557693958,2026-06-20 23:02:12.977378,2026-06-20 23:02:19.304625,0 days 00:00:06.327247,,,,,,,,,,,,,LinearRegression,,,,2,,,,,,,,,,,,,,False,-0.007730666779463739,-0.0036974582623439316,398.0,-0.0057140625209038355,0.002016604258559904,0.020489735647163568,1.9659423239762661,6.407698139682413,6.462592975705503,398.0,6.435145557693958,0.027447418011545342,0.27887987286874705,1.9659423239762661,163983853301632.75,253137049340731.62,398.0,208560451321182.2,44576598019549.43,452921144837159.44,1.9659423239762661,16.423226257766107,16.660300585266466,398.0,16.541763421516286,0.11853716375018081,1.2043985027286386,1.9659423239762661,6.15417872107828,6.245698634918627,398.0,6.199938677998453,0.04575995692017335,0.46494467942337386,1.9659423239762661,399.0,0.5288220551378446,-0.013845725016015081,-0.006479642879766111,398.0,-0.010162683947890596,0.0036830410681244845,0.03742159005327516,1.9659423239762661,LinearRegression,"{'mode': 'original', 'type': 'LinearRegression'}",2,"['atd_T6W40', 'density_T6W40']",0.0491371419250763,0.07387988857409247,398.0,0.06150851524958439,0.012371373324508087,0.12569951091572185,1.9659423239762661,7.565034371154171,7.634642502745054,398.0,7.599838436949613,0.034804065795441194,0.3536271951068549,1.9659423239762661,completed,False,COMPLETE
286,0.0072278380179773205,2026-06-20 23:02:19.322598,2026-06-20 23:02:19.563457,0 days 00:00:00.240859,,,,,,,,,,,,,Ridge,,,,2,,,,,,0.671819811765116,svd,,,,,,,False,,,,,,,,,,,,,,,,,,,,,,,,,,,,,,,,,,,,,,,,,,,,,Ridge,"{'mode': 'original', 'type': 'Ridge'}",2,"['nodes_T6W40', 'lcc_T6W40']",,,,,,,,,,,,,,,pruned,False,PRUNED
287,0.007879985926627338,2026-06-20 23:02:19.573620,2026-06-20 23:02:19.939057,0 days 00:00:00.365437,,,,,,,,,,,,,Ridge,,,,3,,,,,,0.6016754643169824,sparse_cg,,,,,,,False,,,,,,,,,,,,,,,,,,,,,,,,,,,,,,,,,,,,,,,,,,,,,Ridge,"{'mode': 'original', 'type': 'Ridge'}",3,"['nodes_T6W40', 'lcc_T6W40', 'asp_T6W40']",,,,,,,,,,,,,,,pruned,False,PRUNED
288,0.006314122685214666,2026-06-20 23:02:19.948836,2026-06-20 23:02:20.213599,0 days 00:00:00.264763,,,,,,,,,,,,,Ridge,,,,2,,,,,,0.40801015767804544,lsqr,,,,,,,True,,,,,,,,,,,,,,,,,,,,,,,,,,,,,,,,,,,,,,,,,,,,,Ridge,"{'mode': 'original', 'type': 'Ridge'}",2,"['nodes_T6W40', 'lcc_T6W40']",,,,,,,,,,,,,,,pruned,True,PRUNED
289,0.007296893724314472,2026-06-20 23:02:20.223986,2026-06-20 23:02:20.475608,0 days 00:00:00.251622,,,,,,,,,,,,,Ridge,,,,2,,,,,,0.6484667814046029,sparse_cg,,,,,,,False,,,,,,,,,,,,,,,,,,,,,,,,,,,,,,,,,,,,,,,,,,,,,Ridge,"{'mode': 'original', 'type': 'Ridge'}",2,"['nodes_T6W40', 'lcc_T6W40']",,,,,,,,,,,,,,,pruned,False,PRUNED
290,0.007884103578932381,2026-06-20 23:02:20.491760,2026-06-20 23:02:20.746239,0 days 00:00:00.254479,,,,,,,,,,,,,Ridge,,,,2,,,,,,0.4618603186135697,sparse_cg,,,,,,,False,,,,,,,,,,,,,,,,,,,,,,,,,,,,,,,,,,,,,,,,,,,,,Ridge,"{'mode': 'original', 'type': 'Ridge'}",2,"['nodes_T6W40', 'lcc_T6W40']",,,,,,,,,,,,,,,pruned,False,PRUNED
291,6.403016526911547,2026-06-20 23:02:20.757530,2026-06-20 23:02:27.114033,0 days 00:00:06.356503,,,,0.34283066912956117,0.0,,,,,,,,ElasticNet,,,,2,,,,,,,,,,,,,,False,-0.002622477669333094,0.0011655083162010514,398.0,-0.0007284846765660213,0.0018939929927670727,0.01924394217390507,1.9659423239762661,6.376588614661813,6.429444439161282,398.0,6.403016526911547,0.026427912249734207,0.2685211703808391,1.9659423239762661,164226857347034.22,253495942366938.78,398.0,208861399856986.5,44634542509952.27,453509890638684.1,1.9659423239762661,16.321697676539657,16.563381590064232,398.0,16.442539633301944,0.12084195676228703,1.227816384218788,1.9659423239762661,6.111244065742724,6.1850371244755475,398.0,6.148140595109136,0.03689652936641186,0.3748877003539905,1.9659423239762661,399.0,0.41353383458646614,-0.004778068086530869,0.001760811877622625,398.0,-0.0015086281044541221,0.003269439982076747,0.03321919045973778,1.9659423239762661,ElasticNet,"{'mode': 'original', 'type': 'ElasticNet'}",2,"['pe_T6W40', 'lcc_T6W40']",0.06951029526222299,0.0946932509693465,398.0,0.08210177311578475,0.012591477853561758,0.12793588604778358,1.9659423239762661,7.533608300118578,7.600875677120168,398.0,7.567241988619373,0.03363368850079504,0.34173556030892616,1.9659423239762661,completed,False,COMPLETE
292,0.0025135114419572763,2026-06-20 23:02:27.131734,2026-06-20 23:02:27.409785,0 days 00:00:00.278051,,,,,,,,,,,,,SVR,,,,2,,,,,,,,,4.218724314085136,,0.7245404626687613,auto,linear,,,,,,,,,,,,,,,,,,,,,,,,,,,,,,,,,,,,,,,,,,,,,,SVR,"{'mode': 'original', 'type': 'SVR'}",2,"['diameter_T6W40', 'asp_T6W40']",,,,,,,,,,,,,,,pruned,True,PRUNED
293,0.007939716645808895,2026-06-20 23:02:27.420028,2026-06-20 23:02:27.681756,0 days 00:00:00.261728,,,,,,,,,,,,,Ridge,,,,3,,,,,,0.5844456160918232,lsqr,,,,,,,False,,,,,,,,,,,,,,,,,,,,,,,,,,,,,,,,,,,,,,,,,,,,,Ridge,"{'mode': 'original', 'type': 'Ridge'}",3,"['nodes_T6W40', 'lcc_T6W40', 'asp_T6W40']",,,,,,,,,,,,,,,pruned,False,PRUNED
294,0.008741934960439839,2026-06-20 23:02:27.730243,2026-06-20 23:02:27.972019,0 days 00:00:00.241776,,,,,,,,,,,,,Ridge,,,,2,,,,,,0.22291571354194234,sparse_cg,,,,,,,False,,,,,,,,,,,,,,,,,,,,,,,,,,,,,,,,,,,,,,,,,,,,,Ridge,"{'mode': 'original', 'type': 'Ridge'}",2,"['nodes_T6W40', 'lcc_T6W40']",,,,,,,,,,,,,,,pruned,False,PRUNED
295,0.007363802832604138,2026-06-20 23:02:27.982002,2026-06-20 23:02:28.224294,0 days 00:00:00.242292,,,,,,,,,,,,,Ridge,,,,2,,,,,,0.6261361836025273,lsqr,,,,,,,False,,,,,,,,,,,,,,,,,,,,,,,,,,,,,,,,,,,,,,,,,,,,,Ridge,"{'mode': 'original', 'type': 'Ridge'}",2,"['nodes_T6W40', 'lcc_T6W40']",,,,,,,,,,,,,,,pruned,False,PRUNED
296,7.141472006641628,2026-06-20 23:02:28.234352,2026-06-20 23:02:34.846514,0 days 00:00:06.612162,,,,,,,,,,manhattan,15.0,distance,KNeighborsRegressor,,,,2,,,,4.633712027647908,LinearSVC,,,,,,0.14583864120190054,,,,-0.12323865568825774,-0.10957964371740138,398.0,-0.11640914970282956,0.0068295059854281805,0.06939129065515058,1.9659423239762661,7.092967624533887,7.189976388749369,398.0,7.141472006641628,0.04850438210774119,0.49282944975349263,1.9659423239762661,162158000901210.88,250867555249870.56,398.0,206512778075540.72,44354777174329.836,450667331050796.8,1.9659423239762661,19.775954163234122,20.248662661956867,398.0,20.012308412595495,0.2363542493613716,2.4014806415001053,1.9659423239762661,6.578548019780543,6.731122147083182,398.0,6.654835083431863,0.07628706365131993,0.7751157724074863,1.9659423239762661,399.0,0.9924812030075187,-0.32393427188418245,-0.295697059612253,398.0,-0.30981566574821773,0.014118606135964733,0.14345229422401595,1.9659423239762661,KNeighborsRegressor,"{'mode': 'proxy', 'type': 'LinearSVC', 'C': 4.633712027647908, 'epsilon': 0.14583864120190054}",2,"['nodes_T6W40', 'lcc_T6W40']",-0.0895502591324384,-0.06550359916291269,398.0,-0.07752692914767555,0.012023329984762854,0.12216321171628032,1.9659423239762661,8.584844266657651,8.693699906659102,398.0,8.639272086658377,0.054427820000725866,0.5530146229397874,1.9659423239762661,completed,True,COMPLETE
297,0.007827070304926843,2026-06-20 23:02:34.864874,2026-06-20 23:02:35.104766,0 days 00:00:00.239892,,,,,,,,,,,,,Ridge,,,,2,,,,,,0.47909581261037193,sparse_cg,,,,,,,False,,,,,,,,,,,,,,,,,,,,,,,,,,,,,,,,,,,,,,,,,,,,,Ridge,"{'mode': 'original', 'type': 'Ridge'}",2,"['nodes_T6W40', 'lcc_T6W40']",,,,,,,,,,,,,,,pruned,False,PRUNED
298,0.005534333742845043,2026-06-20 23:02:35.114645,2026-06-20 23:02:35.440353,0 days 00:00:00.325708,,,,,,,,,,,,,Ridge,,,,2,,,,,,0.5470031977035742,lsqr,,,,,,,True,,,,,,,,,,,,,,,,,,,,,,,,,,,,,,,,,,,,,,,,,,,,,Ridge,"{'mode': 'original', 'type': 'Ridge'}",2,"['nodes_T6W40', 'lcc_T6W40']",,,,,,,,,,,,,,,pruned,True,PRUNED
299,7.307811484739521,2026-06-20 23:02:35.450550,2026-06-20 23:02:41.808231,0 days 00:00:06.357681,,6.0,8.0,,,,,,,,,,DecisionTreeRegressor,,,,2,,,,,,,,,,,,,,False,-0.15174679723317114,-0.13357551788588928,398.0,-0.1426611575595302,0.009085639673640936,0.09231476840737526,1.9659423239762661,7.247713756063835,7.367909213415206,398.0,7.307811484739521,0.06009772867568558,0.6106238089763412,1.9659423239762661,136985813918604.4,219686716016554.03,398.0,178336264967579.22,41350451048974.81,420141833623576.7,1.9659423239762661,20.500614081119213,21.019163403116455,398.0,20.759888742117834,0.25927466099861923,2.6343638030713046,1.9659423239762661,6.508392376609538,6.673952261177708,398.0,6.591172318893623,0.08277994228408461,0.8410867561588891,1.9659423239762661,399.0,0.9874686716791979,-0.40896933758932547,-0.3657651209712604,398.0,-0.38736722928029294,0.021602108309032527,0.21948852224955462,1.9659423239762661,DecisionTreeRegressor,"{'mode': 'original', 'type': 'DecisionTreeRegressor'}",2,"['l2_T6W40', 'atd_T6W40']",0.031807790999594375,0.058056541847413566,398.0,0.04493216642350397,0.013124375423909596,0.1333503992310694,1.9659423239762661,8.804121096833944,8.943641359203871,398.0,8.873881228018908,0.06976013118496316,0.7087987842057245,1.9659423239762661,completed,False,COMPLETE
