number,value,datetime_start,datetime_complete,duration,params_dt_max_depth,params_dt_min_samples_leaf,params_dt_min_samples_split,params_elastic_alpha,params_elastic_l1_ratio,params_et_max_depth,params_et_max_features,params_et_min_samples_leaf,params_et_min_samples_split,params_et_n_estimators,params_knn_metric,params_knn_n_neighbors,params_knn_weights,params_quantile_alpha,params_regressor,params_rf_max_depth,params_rf_max_features,params_rf_min_samples_leaf,params_rf_min_samples_split,params_rf_n_estimators,params_rfe_n_features,params_rfe_proxy_et_max_depth,params_rfe_proxy_et_min_samples_leaf,params_rfe_proxy_et_min_samples_split,params_rfe_proxy_et_n_estimators,params_rfe_proxy_lsvr_C,params_rfe_proxy_lsvr_epsilon,params_rfe_proxy_type,params_use_scaler,params_xgb_booster,params_xgb_colsample_bytree,params_xgb_learning_rate,params_xgb_max_depth,params_xgb_n_estimators,params_xgb_reg_alpha,params_xgb_reg_lambda,params_xgb_subsample,user_attrs_d2mae_ci_lower_val,user_attrs_d2mae_ci_upper_val,user_attrs_d2mae_df_val,user_attrs_d2mae_mean_val,user_attrs_d2mae_samperror_val,user_attrs_d2mae_std_val,user_attrs_d2mae_t_critical_val,user_attrs_mae_ci_lower_val,user_attrs_mae_ci_upper_val,user_attrs_mae_df_val,user_attrs_mae_mean_val,user_attrs_mae_samperror_val,user_attrs_mae_std_val,user_attrs_mae_t_critical_val,user_attrs_mape_ci_lower_val,user_attrs_mape_ci_upper_val,user_attrs_mape_df_val,user_attrs_mape_mean_val,user_attrs_mape_samperror_val,user_attrs_mape_std_val,user_attrs_mape_t_critical_val,user_attrs_max_error_ci_lower_val,user_attrs_max_error_ci_upper_val,user_attrs_max_error_df_val,user_attrs_max_error_mean_val,user_attrs_max_error_samperror_val,user_attrs_max_error_std_val,user_attrs_max_error_t_critical_val,user_attrs_median_ae_ci_lower_val,user_attrs_median_ae_ci_upper_val,user_attrs_median_ae_df_val,user_attrs_median_ae_mean_val,user_attrs_median_ae_samperror_val,user_attrs_median_ae_std_val,user_attrs_median_ae_t_critical_val,user_attrs_n_splits_val,user_attrs_r2_below_zero_val,user_attrs_r2_ci_lower_val,user_attrs_r2_ci_upper_val,user_attrs_r2_df_val,user_attrs_r2_mean_val,user_attrs_r2_samperror_val,user_attrs_r2_std_val,user_attrs_r2_t_critical_val,user_attrs_regressor_final,user_attrs_rfe_estimator,user_attrs_rfe_n_features,user_attrs_rfe_selected_features,user_attrs_rho_ci_lower_val,user_attrs_rho_ci_upper_val,user_attrs_rho_df_val,user_attrs_rho_mean_val,user_attrs_rho_samperror_val,user_attrs_rho_std_val,user_attrs_rho_t_critical_val,user_attrs_rmse_ci_lower_val,user_attrs_rmse_ci_upper_val,user_attrs_rmse_df_val,user_attrs_rmse_mean_val,user_attrs_rmse_samperror_val,user_attrs_rmse_std_val,user_attrs_rmse_t_critical_val,user_attrs_termination_reason,user_attrs_use_scaler_final,state
225,6.493285948066441,2026-06-12 23:05:30.029201,2026-06-12 23:05:32.830849,0 days 00:00:02.801648,,,,,,,,,,,,,,0.007258824163134309,QuantileRegressor,,,,,,9,,,,,,,,False,,,,,,,,,-0.01963515150560409,-0.006235974578982362,98.0,-0.012935563042293227,0.006699588463310865,0.03359090792662967,1.9844674545084815,6.429933426572491,6.55663846956039,98.0,6.493285948066441,0.06335252149394904,0.31764170711037987,1.9844674545084815,160338260089697.2,353502067699632.94,98.0,256920163894665.06,96581903804967.89,484249720092209.2,1.9844674545084815,17.586913740938495,18.280195532994245,98.0,17.93355463696637,0.3466408960278748,1.7380145789316768,1.9844674545084815,5.944458314268054,6.147585358141827,98.0,6.0460218362049405,0.10156352193688621,0.5092269372617846,1.9844674545084815,99.0,0.8282828282828283,-0.08648698732045108,-0.058885138435985265,98.0,-0.07268606287821817,0.013800924442232907,0.06919612820700326,1.9844674545084815,QuantileRegressor,"{'mode': 'original', 'type': 'QuantileRegressor'}",9,"['re_T6W40', 'l1_T6W40', 'l3_T6W40', 'lcc_T6W40', 'lsc_T6W40', 'atd_T6W40', 'density_T6W40', 'diameter_T6W40', 'asp_T6W40']",-0.003965270116292739,0.04452039158481249,98.0,0.020277560734259875,0.024242830850552614,0.12155055544700319,1.9844674545084815,7.753313482827196,7.908661150333454,98.0,7.830987316580325,0.07767383375312854,0.3894469954681775,1.9844674545084815,completed,False,COMPLETE
226,8.51855105678635,2026-06-12 23:05:32.843449,2026-06-12 23:05:33.258568,0 days 00:00:00.415119,12.0,2.0,4.0,,,,,,,,,,,,DecisionTreeRegressor,,,,,,11,,,,,,,,False,,,,,,,,,,,,,,,,,,,,,,,,,,,,,,,,,,,,,,,,,,,,,,,,,,,,,DecisionTreeRegressor,"{'mode': 'original', 'type': 'DecisionTreeRegressor'}",11,"['edges_T6W40', 're_T6W40', 'pe_T6W40', 'l1_T6W40', 'l2_T6W40', 'l3_T6W40', 'lcc_T6W40', 'lsc_T6W40', 'atd_T6W40', 'density_T6W40', 'diameter_T6W40']",,,,,,,,,,,,,,,pruned,False,PRUNED
227,6.516028580601465,2026-06-12 23:05:33.268750,2026-06-12 23:05:48.251457,0 days 00:00:14.982707,,,,,,,,,,,,,,,RandomForestRegressor,7.0,sqrt,5.0,2.0,162.0,3,,,,,,,,False,,,,,,,,,-0.02448026125133808,-0.008964353545942577,98.0,-0.016722307398640328,0.007757953852697751,0.03889742108670179,1.9844674545084815,6.453943331313338,6.578113829889592,98.0,6.516028580601465,0.06208524928812698,0.3112877610110236,1.9844674545084815,168052928053133.88,370714003647666.94,98.0,269383465850400.4,101330537797266.52,508058783602020.44,1.9844674545084815,17.12510574404958,17.587364099242937,98.0,17.35623492164626,0.23112917759667959,1.158853109608899,1.9844674545084815,6.022168787944863,6.25638924507274,98.0,6.139279016508802,0.11711022856393885,0.5871762014190592,1.9844674545084815,99.0,0.8181818181818182,-0.07860395904216702,-0.04842344629973447,98.0,-0.06351370267095074,0.015090256371216276,0.07566067902986692,1.9844674545084815,RandomForestRegressor,"{'mode': 'original', 'type': 'RandomForestRegressor'}",3,"['atd_T6W40', 'density_T6W40', 'asp_T6W40']",0.030930161117562527,0.07900974158387841,98.0,0.05496995135072047,0.024039790233157943,0.1205325349041563,1.9844674545084815,7.721704554911823,7.86785642787222,98.0,7.794780491392022,0.07307593648019868,0.36639370722563935,1.9844674545084815,completed,False,COMPLETE
228,6.785678111830661,2026-06-12 23:05:48.265206,2026-06-12 23:06:05.321303,0 days 00:00:17.056097,,,,,,10.0,,1.0,10.0,261.0,,,,,ExtraTreesRegressor,,,,,,13,,,,,,,,False,,,,,,,,,-0.06808244202663018,-0.04989464790262774,98.0,-0.05898854496462896,0.009093897062001224,0.04559567510404513,1.9844674545084815,6.720747966635379,6.850608257025943,98.0,6.785678111830661,0.06493014519528154,0.32555171722287257,1.9844674545084815,174387821288432.94,385201425238816.4,98.0,279794623263624.66,105406801975191.72,528496668023601.3,1.9844674545084815,17.26491226190092,17.84469381214028,98.0,17.5548030370206,0.28989077511968026,1.4534764917503937,1.9844674545084815,6.348937098954091,6.58937226844342,98.0,6.469154683698756,0.12021758474466449,0.6027561009805937,1.9844674545084815,99.0,0.9797979797979798,-0.1557227859276248,-0.12384000881326448,98.0,-0.13978139737044465,0.015941388557180157,0.0799281505392997,1.9844674545084815,ExtraTreesRegressor,"{'mode': 'original', 'type': 'ExtraTreesRegressor'}",13,"['nodes_T6W40', 'edges_T6W40', 're_T6W40', 'pe_T6W40', 'l1_T6W40', 'l2_T6W40', 'l3_T6W40', 'lcc_T6W40', 'lsc_T6W40', 'atd_T6W40', 'density_T6W40', 'diameter_T6W40', 'asp_T6W40']",-0.10633580632215103,-0.05786619951171843,98.0,-0.08210100291693473,0.024234803405216297,0.12151030682894927,1.9844674545084815,7.99845179004925,8.137905297053786,98.0,8.068178543551518,0.0697267535022678,0.3496013180128974,1.9844674545084815,completed,False,COMPLETE
229,6.3420980269218115,2026-06-12 23:06:05.333985,2026-06-12 23:06:07.788653,0 days 00:00:02.454668,,,,,,,,,,,,,,0.03542175278867556,QuantileRegressor,,,,,,8,,,,,,,,False,,,,,,,,,0.006055573486784596,0.015267826520967538,98.0,0.010661700003876068,0.0046061265170914715,0.02309454865494292,1.9844674545084815,6.287474696222296,6.396721357621327,98.0,6.3420980269218115,0.05462333069951561,0.2738746241237795,1.9844674545084815,156501202232751.94,344465697209890.3,98.0,250483449721321.12,93982247488569.19,471215364856324.3,1.9844674545084815,17.138718556619224,17.72181826560206,98.0,17.430268411110642,0.2915498544914193,1.461794910519584,1.9844674545084815,5.840209253890447,6.027329526470731,98.0,5.933769390180589,0.09356013629014177,0.4690989515155909,1.9844674545084815,99.0,0.5353535353535354,-0.021892901691582985,-0.005169157214991156,98.0,-0.01353102945328707,0.008361872238295914,0.04192539317736383,1.9844674545084815,QuantileRegressor,"{'mode': 'original', 'type': 'QuantileRegressor'}",8,"['l2_T6W40', 'l3_T6W40', 'lcc_T6W40', 'lsc_T6W40', 'atd_T6W40', 'density_T6W40', 'diameter_T6W40', 'asp_T6W40']",0.06679915502239145,0.11468381271521894,98.0,0.09074148386880519,0.023942328846413743,0.12004387556538429,1.9844674545084815,7.548279723658761,7.6805483446845875,98.0,7.614414034171674,0.06613431051291269,0.33158925319011906,1.9844674545084815,completed,False,COMPLETE
230,6.507853401887368,2026-06-12 23:06:07.801473,2026-06-12 23:06:27.812220,0 days 00:00:20.010747,,,,,,4.0,,2.0,8.0,376.0,,,,,ExtraTreesRegressor,,,,,,6,,,,,,,,True,,,,,,,,,-0.021546310660995813,-0.00925805270135729,98.0,-0.01540218168117655,0.006144128979819261,0.030805902777564294,1.9844674545084815,6.45244342022005,6.563263383554686,98.0,6.507853401887368,0.05540998166731772,0.2778187947806106,1.9844674545084815,166495102238898.8,366757463987651.75,98.0,266626283113275.28,100131180874376.45,502045356331286.8,1.9844674545084815,16.617807942949998,17.13922387695762,98.0,16.87851590995381,0.26070796700381027,1.3071575012886651,1.9844674545084815,6.316153917116217,6.517674938590791,98.0,6.416914427853504,0.10076051073728765,0.5052007384262165,1.9844674545084815,99.0,0.7474747474747475,-0.049919841799252525,-0.026538986385111173,98.0,-0.03822941409218185,0.011690427707070674,0.058614358610479075,1.9844674545084815,ExtraTreesRegressor,"{'mode': 'original', 'type': 'ExtraTreesRegressor'}",6,"['nodes_T6W40', 'lcc_T6W40', 'atd_T6W40', 'density_T6W40', 'diameter_T6W40', 'asp_T6W40']",0.007548803206120083,0.056293323203882625,98.0,0.031921063205001356,0.024372259998881273,0.1221994971884757,1.9844674545084815,7.637830766596299,7.76931984693838,98.0,7.703575306767339,0.06574454017104073,0.329634992904125,1.9844674545084815,completed,True,COMPLETE
231,7.833803299097417,2026-06-12 23:06:27.825329,2026-06-12 23:06:27.979830,0 days 00:00:00.154501,17.0,4.0,11.0,,,,,,,,,,,,DecisionTreeRegressor,,,,,,4,,,,,,,,True,,,,,,,,,,,,,,,,,,,,,,,,,,,,,,,,,,,,,,,,,,,,,,,,,,,,,DecisionTreeRegressor,"{'mode': 'original', 'type': 'DecisionTreeRegressor'}",4,"['re_T6W40', 'l3_T6W40', 'density_T6W40', 'diameter_T6W40']",,,,,,,,,,,,,,,pruned,True,PRUNED
232,6.43236284412755,2026-06-12 23:06:27.989230,2026-06-12 23:06:30.603586,0 days 00:00:02.614356,,,,,,,,,,,,,,5.442611243442007,QuantileRegressor,,,,,,12,,,,,,,,False,,,,,,,,,-0.004618760704527799,-0.0023266854860824436,98.0,-0.0034727230953051215,0.001146037609222678,0.005746090826723593,1.9844674545084815,6.387146941252938,6.477578747002163,98.0,6.43236284412755,0.04521590287461224,0.22670694455311866,1.9844674545084815,159975467009718.8,352020212552703.8,98.0,255997839781211.3,96022372771492.52,481444300695108.6,1.9844674545084815,17.65307108337025,18.14490871460955,98.0,17.8989898989899,0.24591881561964796,1.2330065254221743,1.9844674545084815,5.956835168213341,6.06336685198868,98.0,6.01010101010101,0.05326584188766987,0.26706834312012434,1.9844674545084815,99.0,1.0,-0.03940786471611372,-0.03383770038410198,98.0,-0.03662278255010785,0.0027850821660058717,0.013964057511701019,1.9844674545084815,QuantileRegressor,"{'mode': 'original', 'type': 'QuantileRegressor'}",12,"['edges_T6W40', 're_T6W40', 'pe_T6W40', 'l1_T6W40', 'l2_T6W40', 'l3_T6W40', 'lcc_T6W40', 'lsc_T6W40', 'atd_T6W40', 'density_T6W40', 'diameter_T6W40', 'asp_T6W40']",,,,,,,,7.641821067877172,7.76254996760978,98.0,7.702185517743476,0.06036444986630419,0.3026598855444638,1.9844674545084815,completed,False,COMPLETE
233,6.483022769257822,2026-06-12 23:06:30.618057,2026-06-12 23:06:49.984001,0 days 00:00:19.365944,,,,,,,,,,,,,,,RandomForestRegressor,3.0,,2.0,6.0,203.0,4,,,,,,,,True,,,,,,,,,-0.018186107160456308,-0.00485764910722059,98.0,-0.01152187813383845,0.00666422902661786,0.0334136200844291,1.9844674545084815,6.425064887147537,6.540980651368107,98.0,6.483022769257822,0.057957882110285144,0.2905936524684576,1.9844674545084815,177021317097067.12,390308751112242.9,98.0,283665034104655.0,106643717007587.88,534698407010080.9,1.9844674545084815,16.835168695827214,17.320913453662726,98.0,17.07804107474497,0.2428723789177567,1.2177320685927822,1.9844674545084815,6.1748523658457435,6.3855839003451615,98.0,6.2802181330954525,0.10536576724970928,0.52829092498535,1.9844674545084815,99.0,0.7777777777777778,-0.05387578527976581,-0.029536712767123392,98.0,-0.0417062490234446,0.01216953625632121,0.061016549618608924,1.9844674545084815,RandomForestRegressor,"{'mode': 'original', 'type': 'RandomForestRegressor'}",4,"['l3_T6W40', 'atd_T6W40', 'density_T6W40', 'diameter_T6W40']",0.023619669289500135,0.07042710301440455,98.0,0.04702338615195234,0.023403716862452205,0.1173433416952053,1.9844674545084815,7.648596267373417,7.784094038927501,98.0,7.716345153150459,0.06774888577704212,0.3396845338681777,1.9844674545084815,completed,True,COMPLETE
234,6.922236073227255,2026-06-12 23:06:49.996986,2026-06-12 23:06:57.521366,0 days 00:00:07.524380,,,,,,,,,,,,,,,XGBRegressor,,,,,,2,,,,,,,,False,gbtree,0.8769340413549565,0.043615447042338384,6.0,161.0,0.0015886199576773381,1.3779643280309122,0.8755885684770214,-0.09516100213138941,-0.06563466234078615,98.0,-0.08039783223608778,0.014763169895301631,0.07402070789482426,1.9844674545084815,6.825256662282834,7.019215484171676,98.0,6.922236073227255,0.09697941094442081,0.4862427717243601,1.9844674545084815,121131857751404.44,273085873523473.0,98.0,197108865637438.72,75977007886034.28,380939320439893.94,1.9844674545084815,18.738687432226186,19.53100939104806,98.0,19.134848411637122,0.3961609794109372,1.9863021521981434,1.9844674545084815,6.0273438759400255,6.324952847319794,98.0,6.1761483616299095,0.14880448568988375,0.746087286592552,1.9844674545084815,99.0,0.9696969696969697,-0.2659899879733987,-0.20029511711573147,98.0,-0.23314255254456506,0.032847435428833595,0.16469297855507178,1.9844674545084815,XGBRegressor,"{'mode': 'original', 'type': 'XGBRegressor'}",2,"['density_T6W40', 'asp_T6W40']",0.05180288542590138,0.10016345075752549,98.0,0.07598316809171343,0.024180282665812052,0.12123694658489112,1.9844674545084815,8.26998620195976,8.481509249763366,98.0,8.375747725861563,0.10576152390180317,0.5302751998903891,1.9844674545084815,completed,False,COMPLETE
235,6.450996135243993,2026-06-12 23:06:57.534410,2026-06-12 23:07:03.876201,0 days 00:00:06.341791,,,,,,,,,,,,,,,XGBRegressor,,,,,,5,,,,,,,,False,gbtree,0.7149788098899108,0.0028665332547584666,3.0,172.0,0.3009833970105686,1.1995541049382383e-07,0.671053810431797,-0.009766502783884991,-0.0032516249774970298,98.0,-0.00650906388069101,0.0032574389031939806,0.016332395769237472,1.9844674545084815,6.406155104618546,6.49583716586944,98.0,6.450996135243993,0.04484103062544741,0.2248273814613103,1.9844674545084815,171436645749469.53,377275859420094.0,98.0,274356252584781.75,102919606835312.22,516026179217194.1,1.9844674545084815,16.275664264317573,16.706570131798127,98.0,16.49111719805785,0.2154529337402787,1.0802543618052876,1.9844674545084815,6.2712175453778665,6.396821198537114,98.0,6.33401937195749,0.06280182657962376,0.3148805909218159,1.9844674545084815,99.0,0.5050505050505051,-0.008140304878966135,0.0016786282185028614,98.0,-0.003230838330231637,0.004909466548734498,0.02461545805545053,1.9844674545084815,XGBRegressor,"{'mode': 'original', 'type': 'XGBRegressor'}",5,"['re_T6W40', 'atd_T6W40', 'density_T6W40', 'diameter_T6W40', 'asp_T6W40']",0.013443668090878151,0.06739966546958073,98.0,0.040421666780229445,0.026977998689351294,0.135264348695665,1.9844674545084815,7.519023271752872,7.632591604721017,98.0,7.575807438236945,0.05678416648407202,0.28470878748785733,1.9844674545084815,completed,False,COMPLETE
236,7.0638127663556265,2026-06-12 23:07:03.889238,2026-06-12 23:07:05.703652,0 days 00:00:01.814414,,,,,,,,,,,,,,,XGBRegressor,,,,,,11,,,,,,,,False,gbtree,0.8285152491170537,0.10806113572524977,10.0,347.0,1.2175258738653325,3.941568343635868e-05,0.7833026294527314,,,,,,,,,,,,,,,,,,,,,,,,,,,,,,,,,,,,,,,,,,,,,XGBRegressor,"{'mode': 'original', 'type': 'XGBRegressor'}",11,"['nodes_T6W40', 'edges_T6W40', 're_T6W40', 'pe_T6W40', 'l3_T6W40', 'lcc_T6W40', 'lsc_T6W40', 'atd_T6W40', 'density_T6W40', 'diameter_T6W40', 'asp_T6W40']",,,,,,,,,,,,,,,pruned,False,PRUNED
237,6.620588235294117,2026-06-12 23:07:05.713971,2026-06-12 23:07:05.853725,0 days 00:00:00.139754,,,,,,,,,,,euclidean,12.0,uniform,,KNeighborsRegressor,,,,,,11,,,,,0.015326057621818302,0.5665821846009316,LinearSVR,,,,,,,,,,,,,,,,,,,,,,,,,,,,,,,,,,,,,,,,,,,,,,,,,,,,,,KNeighborsRegressor,"{'mode': 'proxy', 'type': 'LinearSVR'}",11,"['nodes_T6W40', 're_T6W40', 'l1_T6W40', 'l2_T6W40', 'l3_T6W40', 'lcc_T6W40', 'lsc_T6W40', 'atd_T6W40', 'density_T6W40', 'diameter_T6W40', 'asp_T6W40']",,,,,,,,,,,,,,,pruned,True,PRUNED
238,6.6025736298604984,2026-06-12 23:07:05.863470,2026-06-12 23:07:07.703790,0 days 00:00:01.840320,,,,,,,,,,,,,,,LinearRegression,,,,,,9,,,,,,,,True,,,,,,,,,-0.037514382688657845,-0.02284364816692337,98.0,-0.030179015427790605,0.007335367260867237,0.03677862418224358,1.9844674545084815,6.54124253491614,6.663904724804857,98.0,6.6025736298604984,0.06133109494435845,0.3075065244078014,1.9844674545084815,160228202471085.75,353291469592219.3,98.0,256759836031652.53,96531633560566.8,483997671304380.8,1.9844674545084815,17.21650277197059,18.08336592968069,98.0,17.64993435082564,0.43343157885505096,2.173172328053515,1.9844674545084815,6.183109646878086,6.367716145742302,98.0,6.275412896310194,0.09230324943210828,0.46279707626555067,1.9844674545084815,99.0,0.8585858585858586,-0.0908591683501712,-0.0605521237737303,98.0,-0.07570564606195075,0.015153522288220448,0.0759778865127771,1.9844674545084815,LinearRegression,"{'mode': 'original', 'type': 'LinearRegression'}",9,"['nodes_T6W40', 'edges_T6W40', 'pe_T6W40', 'l2_T6W40', 'lcc_T6W40', 'atd_T6W40', 'density_T6W40', 'diameter_T6W40', 'asp_T6W40']",-0.05195480892695607,-0.0052613177492569566,98.0,-0.028608063338106515,0.023346745588849558,0.11705769477576698,1.9844674545084815,7.762814996200254,7.918414597458368,98.0,7.840614796829311,0.07779980062905727,0.39007857780406263,1.9844674545084815,completed,True,COMPLETE
239,6.561179233202254,2026-06-12 23:07:07.716255,2026-06-12 23:07:20.774797,0 days 00:00:13.058542,,,,,,,,,,,,,,,RandomForestRegressor,3.0,sqrt,3.0,7.0,144.0,11,,,,,,,,True,,,,,,,,,-0.02981286025068737,-0.017697845150996032,98.0,-0.0237553527008417,0.006057507549845669,0.030371593641316544,1.9844674545084815,6.506846348003972,6.615512118400536,98.0,6.561179233202254,0.05433288519828203,0.2724183663039045,1.9844674545084815,171637739632706.88,378293442890010.06,98.0,274965591261358.47,103327851628651.61,518073068117861.4,1.9844674545084815,16.795057325736664,17.314155946635218,98.0,17.05460663618594,0.2595493104492752,1.3013481406309,1.9844674545084815,6.216943073623846,6.421735065774043,98.0,6.319339069698945,0.10239599607509824,0.5134008596274818,1.9844674545084815,99.0,0.8484848484848485,-0.07099371381482304,-0.04861424204768193,98.0,-0.059803977931252486,0.01118973588357056,0.05610395173475628,1.9844674545084815,RandomForestRegressor,"{'mode': 'original', 'type': 'RandomForestRegressor'}",11,"['nodes_T6W40', 'edges_T6W40', 're_T6W40', 'l1_T6W40', 'l3_T6W40', 'lcc_T6W40', 'lsc_T6W40', 'atd_T6W40', 'density_T6W40', 'diameter_T6W40', 'asp_T6W40']",-0.07183494044810676,-0.023191444566703336,98.0,-0.04751319250740505,0.024321747940701716,0.12194623597627048,1.9844674545084815,7.717951634480824,7.8495271802474695,98.0,7.783739407364147,0.06578777288332265,0.3298517563763343,1.9844674545084815,completed,True,COMPLETE
240,8.340440637793579,2026-06-12 23:07:20.787394,2026-06-12 23:07:20.925433,0 days 00:00:00.138039,11.0,1.0,9.0,,,,,,,,,,,,DecisionTreeRegressor,,,,,,9,,,,,,,,True,,,,,,,,,,,,,,,,,,,,,,,,,,,,,,,,,,,,,,,,,,,,,,,,,,,,,DecisionTreeRegressor,"{'mode': 'original', 'type': 'DecisionTreeRegressor'}",9,"['re_T6W40', 'pe_T6W40', 'l1_T6W40', 'l3_T6W40', 'lcc_T6W40', 'lsc_T6W40', 'atd_T6W40', 'density_T6W40', 'diameter_T6W40']",,,,,,,,,,,,,,,pruned,True,PRUNED
241,6.522809194541922,2026-06-12 23:07:20.934881,2026-06-12 23:07:23.172563,0 days 00:00:02.237682,,,,,,,,,,,,,,,LinearRegression,,,,,,6,,,,,,,,True,,,,,,,,,-0.023455428685413945,-0.011908431103420315,98.0,-0.01768192989441713,0.005773498790996814,0.028947608851639835,1.9844674545084815,6.467294495568038,6.5783238935158055,98.0,6.522809194541922,0.05551469897388345,0.27834383440393035,1.9844674545084815,167081558486021.5,368052880183307.1,98.0,267567219334664.3,100485660848642.83,503822675078941.8,1.9844674545084815,16.563473704025604,17.201568557515166,98.0,16.882521130770385,0.3190474267447826,1.5996643368025394,1.9844674545084815,6.119391056203941,6.27965969743768,98.0,6.1995253768208105,0.08013432061686904,0.4017835722813963,1.9844674545084815,99.0,0.7878787878787878,-0.05608348368241627,-0.033578172656950865,98.0,-0.04483082816968357,0.011252655512732706,0.05641942297325663,1.9844674545084815,LinearRegression,"{'mode': 'original', 'type': 'LinearRegression'}",6,"['nodes_T6W40', 'lcc_T6W40', 'atd_T6W40', 'density_T6W40', 'diameter_T6W40', 'asp_T6W40']",-0.021294458506287084,0.02400451536393656,98.0,0.0013550284288247358,0.02264948693511182,0.11356172612530224,1.9844674545084815,7.65884048701045,7.800330504058832,98.0,7.729585495534641,0.07074500852419059,0.35470672275149445,1.9844674545084815,completed,True,COMPLETE
