number,value,datetime_start,datetime_complete,duration,params_dt_max_depth,params_dt_min_samples_leaf,params_dt_min_samples_split,params_elastic_alpha,params_elastic_l1_ratio,params_et_max_depth,params_et_max_features,params_et_min_samples_leaf,params_et_min_samples_split,params_et_n_estimators,params_knn_metric,params_knn_n_neighbors,params_knn_weights,params_quantile_alpha,params_regressor,params_rf_max_depth,params_rf_max_features,params_rf_min_samples_leaf,params_rf_min_samples_split,params_rf_n_estimators,params_rfe_n_features,params_rfe_proxy_et_max_depth,params_rfe_proxy_et_min_samples_leaf,params_rfe_proxy_et_min_samples_split,params_rfe_proxy_et_n_estimators,params_rfe_proxy_lsvr_C,params_rfe_proxy_lsvr_epsilon,params_rfe_proxy_type,params_use_scaler,params_xgb_booster,params_xgb_colsample_bytree,params_xgb_learning_rate,params_xgb_max_depth,params_xgb_n_estimators,params_xgb_reg_alpha,params_xgb_reg_lambda,params_xgb_subsample,user_attrs_d2mae_ci_lower_val,user_attrs_d2mae_ci_upper_val,user_attrs_d2mae_df_val,user_attrs_d2mae_mean_val,user_attrs_d2mae_samperror_val,user_attrs_d2mae_std_val,user_attrs_d2mae_t_critical_val,user_attrs_mae_ci_lower_val,user_attrs_mae_ci_upper_val,user_attrs_mae_df_val,user_attrs_mae_mean_val,user_attrs_mae_samperror_val,user_attrs_mae_std_val,user_attrs_mae_t_critical_val,user_attrs_mape_ci_lower_val,user_attrs_mape_ci_upper_val,user_attrs_mape_df_val,user_attrs_mape_mean_val,user_attrs_mape_samperror_val,user_attrs_mape_std_val,user_attrs_mape_t_critical_val,user_attrs_max_error_ci_lower_val,user_attrs_max_error_ci_upper_val,user_attrs_max_error_df_val,user_attrs_max_error_mean_val,user_attrs_max_error_samperror_val,user_attrs_max_error_std_val,user_attrs_max_error_t_critical_val,user_attrs_median_ae_ci_lower_val,user_attrs_median_ae_ci_upper_val,user_attrs_median_ae_df_val,user_attrs_median_ae_mean_val,user_attrs_median_ae_samperror_val,user_attrs_median_ae_std_val,user_attrs_median_ae_t_critical_val,user_attrs_n_splits_val,user_attrs_r2_below_zero_val,user_attrs_r2_ci_lower_val,user_attrs_r2_ci_upper_val,user_attrs_r2_df_val,user_attrs_r2_mean_val,user_attrs_r2_samperror_val,user_attrs_r2_std_val,user_attrs_r2_t_critical_val,user_attrs_regressor_final,user_attrs_rfe_estimator,user_attrs_rfe_n_features,user_attrs_rfe_selected_features,user_attrs_rho_ci_lower_val,user_attrs_rho_ci_upper_val,user_attrs_rho_df_val,user_attrs_rho_mean_val,user_attrs_rho_samperror_val,user_attrs_rho_std_val,user_attrs_rho_t_critical_val,user_attrs_rmse_ci_lower_val,user_attrs_rmse_ci_upper_val,user_attrs_rmse_df_val,user_attrs_rmse_mean_val,user_attrs_rmse_samperror_val,user_attrs_rmse_std_val,user_attrs_rmse_t_critical_val,user_attrs_termination_reason,user_attrs_use_scaler_final,state
293,6.459648609114381,2026-06-12 23:12:26.258032,2026-06-12 23:12:28.856127,0 days 00:00:02.598095,,,,0.352325526118713,0.10540137739646227,,,,,,,,,,ElasticNet,,,,,,12,,,,,,,,False,,,,,,,,,-0.011641600268536533,-0.0038308211088775453,98.0,-0.00773621068870704,0.0039053895798294943,0.01958114032109384,1.9844674545084815,6.408546710645614,6.510750507583148,98.0,6.459648609114381,0.05110189846876661,0.25621859846179446,1.9844674545084815,169130920381344.8,372262023480098.1,98.0,270696471930721.47,101565551549376.67,509237113487782.2,1.9844674545084815,16.503125742280666,16.990938374327555,98.0,16.74703205830411,0.24390631602344617,1.2229161013597707,1.9844674545084815,6.169021465839471,6.334286538157967,98.0,6.251654001998719,0.08263253615924765,0.4143093160228924,1.9844674545084815,99.0,0.6565656565656566,-0.02421985197193231,-0.010555960541476828,98.0,-0.01738790625670457,0.00683194571522774,0.034254530817335455,1.9844674545084815,ElasticNet,"{'mode': 'original', 'type': 'ElasticNet'}",12,"['nodes_T6W40', 're_T6W40', 'pe_T6W40', 'l1_T6W40', 'l2_T6W40', 'l3_T6W40', 'lcc_T6W40', 'lsc_T6W40', 'atd_T6W40', 'density_T6W40', 'diameter_T6W40', 'asp_T6W40']",0.0031491761955916714,0.048151059988236905,98.0,0.025650118091914288,0.022500941896322617,0.11281693967338038,1.9844674545084815,7.566305292762672,7.692194005446917,98.0,7.6292496491047945,0.06294435634212257,0.31559521752240804,1.9844674545084815,completed,False,COMPLETE
294,6.603978909556524,2026-06-12 23:12:28.868716,2026-06-12 23:12:42.060818,0 days 00:00:13.192102,,,,,,,,,,,,,,,XGBRegressor,,,,,,2,,,,,,,,False,gbtree,0.9710291097442978,0.004679593024223319,7.0,356.0,4.835619142236148e-06,0.095399845303622,0.6243958943695885,-0.04031310301115287,-0.020743755418290672,98.0,-0.03052842921472177,0.009784673796431099,0.04905914421280659,1.9844674545084815,6.53258724437258,6.675370574740468,98.0,6.603978909556524,0.07139166518394328,0.3579489792627488,1.9844674545084815,136414096807338.5,300840871509247.7,98.0,218627484158293.1,82213387350954.6,412207755739893.94,1.9844674545084815,16.77927569278924,17.467862282421855,98.0,17.123568987605548,0.3442932948163058,1.7262439968163552,1.9844674545084815,6.239933995602513,6.4829038763728555,98.0,6.361418935987684,0.12148494038517153,0.6091104654111409,1.9844674545084815,99.0,0.7272727272727273,-0.09693870750849365,-0.057075503015744294,98.0,-0.07700710526211897,0.019931602246374674,0.0999345884534088,1.9844674545084815,XGBRegressor,"{'mode': 'original', 'type': 'XGBRegressor'}",2,"['diameter_T6W40', 'asp_T6W40']",0.03853352342917718,0.09238120838660946,98.0,0.06545736590789332,0.02692384247871614,0.1349928161537689,1.9844674545084815,7.758643676675194,7.919592306078838,98.0,7.839117991377016,0.08047431470182169,0.40348826057169757,1.9844674545084815,completed,False,COMPLETE
295,6.47337959647494,2026-06-12 23:12:42.073797,2026-06-12 23:12:44.102334,0 days 00:00:02.028537,,,,0.0004918786513508437,0.982739540910386,,,,,,,,,,ElasticNet,,,,,,4,,,,,,,,False,,,,,,,,,-0.014874404749392358,-0.004780213837974952,98.0,-0.009827309293683655,0.005047095455708703,0.02530551237259713,1.9844674545084815,6.416602629942887,6.530156563006993,98.0,6.47337959647494,0.056776966532052726,0.2846726878189477,1.9844674545084815,166831822599137.3,367263699119386.3,98.0,267047760859261.8,100215938260124.48,502470319380339.06,1.9844674545084815,16.70937820644248,17.37029571235579,98.0,17.039836959399135,0.3304587529566548,1.656879315036337,1.9844674545084815,6.10319205530762,6.233248060206213,98.0,6.168220057756916,0.06502800244929702,0.32604236139118054,1.9844674545084815,99.0,0.6565656565656566,-0.03848932798937265,-0.01691586246858786,98.0,-0.027702595228980255,0.010786732760392393,0.0540833439199694,1.9844674545084815,ElasticNet,"{'mode': 'original', 'type': 'ElasticNet'}",4,"['nodes_T6W40', 'pe_T6W40', 'l2_T6W40', 'lcc_T6W40']",0.009299589719619559,0.05848465311183686,98.0,0.033892121415728206,0.024592531696108647,0.12330391223440385,1.9844674545084815,7.593394241074737,7.740753575414667,98.0,7.667073908244702,0.07367966716996523,0.36942073823261656,1.9844674545084815,completed,False,COMPLETE
296,6.43374313876567,2026-06-12 23:12:44.114864,2026-06-12 23:12:46.882539,0 days 00:00:02.767675,,,,,,,,,,,,,,,XGBRegressor,,,,,,6,,,,,,,,True,gblinear,0.6604272713749217,0.07295892049245895,4.0,256.0,0.002314467260697325,9.153982302423422,0.7564373711526339,-0.005668472762800198,-0.0018029941864257102,98.0,-0.003735733474612954,0.001932739288187244,0.009690515743051104,1.9844674545084815,6.389138904377217,6.478347373154123,98.0,6.43374313876567,0.04460423438845305,0.223640114416803,1.9844674545084815,174729299204243.75,384450217351674.9,98.0,279589758277959.3,104860459073715.55,525757372289190.75,1.9844674545084815,16.284217838847997,16.750032998535854,98.0,16.517125418691926,0.2329075798439267,1.1677697985176185,1.9844674545084815,6.226641245372419,6.372571670838025,98.0,6.299606458105222,0.07296521273280249,0.36583855205089316,1.9844674545084815,99.0,0.31313131313131315,0.0009233006755371368,0.005239622350324762,98.0,0.003081461512930949,0.0021581608373938124,0.010820751509851323,1.9844674545084815,XGBRegressor,"{'mode': 'original', 'type': 'XGBRegressor'}",6,"['nodes_T6W40', 're_T6W40', 'lcc_T6W40', 'atd_T6W40', 'density_T6W40', 'asp_T6W40']",0.07785186536624289,0.12377227735421617,98.0,0.10081207136022953,0.022960205993986644,0.1151196330556863,1.9844674545084815,7.4953178362713135,7.610827097249684,98.0,7.553072466760499,0.05775463048918579,0.2895745739791331,1.9844674545084815,completed,True,COMPLETE
297,6.986432957021194,2026-06-12 23:12:46.895258,2026-06-12 23:12:48.756637,0 days 00:00:01.861379,,,,,,,,,,,manhattan,4.0,uniform,,KNeighborsRegressor,,,,,,9,,,,,0.024850070766863297,0.0031571825764638364,LinearSVR,,,,,,,,,,-0.10649759907492921,-0.07451238437917528,98.0,-0.09050499172705224,0.015992607347876966,0.08018495522093527,1.9844674545084815,6.883650595867846,7.089215318174541,98.0,6.986432957021194,0.102782361153348,0.515338046342849,1.9844674545084815,189701676840636.8,427547469948903.94,98.0,308624573394770.4,118922896554133.58,596264694524811.8,1.9844674545084815,19.51193576403352,20.51836726626951,98.0,20.015151515151516,0.5032157511179953,2.5230615366306925,1.9844674545084815,6.235927047183126,6.551951740695661,98.0,6.393939393939394,0.1580123467562676,0.7922543631191069,1.9844674545084815,99.0,0.9595959595959596,-0.29665476808198554,-0.2307266872234159,98.0,-0.26369072765270074,0.03296404042928483,0.1652776216052221,1.9844674545084815,KNeighborsRegressor,"{'mode': 'proxy', 'type': 'LinearSVR'}",9,"['nodes_T6W40', 're_T6W40', 'l2_T6W40', 'l3_T6W40', 'lcc_T6W40', 'atd_T6W40', 'density_T6W40', 'diameter_T6W40', 'asp_T6W40']",-0.004282805385377869,0.04916721112116529,98.0,0.02244220286789371,0.02672500825327158,0.13399588593989867,1.9844674545084815,8.362235834957119,8.6035711316894,98.0,8.482903483323259,0.1206676483661405,0.6050126643132399,1.9844674545084815,completed,True,COMPLETE
298,6.672421040425049,2026-06-12 23:12:48.769595,2026-06-12 23:13:08.135688,0 days 00:00:19.366093,,,,,,,,,,,,,,,RandomForestRegressor,10.0,log2,3.0,9.0,203.0,11,,,,,,,,False,,,,,,,,,-0.04951014169813815,-0.033128020698394434,98.0,-0.04131908119826629,0.008191060499871857,0.04106896424749573,1.9844674545084815,6.612959174881768,6.73188290596833,98.0,6.672421040425049,0.05946186554328119,0.29813443938359596,1.9844674545084815,173835759421908.66,383676875913399.5,98.0,278756317667654.06,104920558245745.4,526058702104473.75,1.9844674545084815,17.43506156228774,18.019045119067588,98.0,17.727053340677664,0.29199177838992507,1.4640106622880065,1.9844674545084815,6.195869745517007,6.4278345910172225,98.0,6.311852168267115,0.11598242275010746,0.5815215225594557,1.9844674545084815,99.0,0.9292929292929293,-0.1253178185525448,-0.09454753471682632,98.0,-0.10993267663468556,0.015385141917859243,0.07713919868826435,1.9844674545084815,RandomForestRegressor,"{'mode': 'original', 'type': 'RandomForestRegressor'}",11,"['nodes_T6W40', 're_T6W40', 'l1_T6W40', 'l2_T6W40', 'l3_T6W40', 'lcc_T6W40', 'lsc_T6W40', 'atd_T6W40', 'density_T6W40', 'diameter_T6W40', 'asp_T6W40']",-0.0713481137788037,-0.023410285183793324,98.0,-0.04737919948129852,0.023968914297505195,0.12017717172897575,1.9844674545084815,7.891076680671978,8.03420578360056,98.0,7.96264123213627,0.07156455146429148,0.35881580968923804,1.9844674545084815,completed,False,COMPLETE
299,6.475145669568056,2026-06-12 23:13:08.189181,2026-06-12 23:13:21.665511,0 days 00:00:13.476330,,,,,,,,,,,,,,,XGBRegressor,,,,,,5,,,,,,,,True,gbtree,0.6173772108624856,0.0010406289634983384,5.0,368.0,0.23432759471836886,1.0863642854536062e-05,0.7017404845134998,-0.013498669933773154,-0.0070760138628912965,98.0,-0.010287341898332225,0.0032113280354409282,0.016101201581476224,1.9844674545084815,6.430741714885535,6.519549624250576,98.0,6.475145669568056,0.04440395468252028,0.22263593674254695,1.9844674545084815,170774905613596.75,375822498719419.25,98.0,273298702166508.0,102523796552911.25,514041635416428.56,1.9844674545084815,16.2186595354304,16.643420894109138,98.0,16.43104021476977,0.2123806793393675,1.0648504582262324,1.9844674545084815,6.297872055607163,6.423265559558162,98.0,6.360568807582663,0.06269675197549908,0.3143537598527274,1.9844674545084815,99.0,0.5454545454545454,-0.010716602874549916,-0.0009438623876105428,98.0,-0.005830232631080229,0.004886370243469686,0.024499656037484156,1.9844674545084815,XGBRegressor,"{'mode': 'original', 'type': 'XGBRegressor'}",5,"['lsc_T6W40', 'atd_T6W40', 'density_T6W40', 'diameter_T6W40', 'asp_T6W40']",0.020794379539792903,0.06977080904728476,98.0,0.045282594293538835,0.02448821475374593,0.12278087998767956,1.9844674545084815,7.529255686221706,7.641851290079089,98.0,7.585553488150397,0.05629780192869096,0.2822702157624371,1.9844674545084815,completed,True,COMPLETE
