number,value,datetime_start,datetime_complete,duration,params_bag_n_estimators,params_dt_max_depth,params_dt_min_samples_split,params_elastic_alpha,params_elastic_l1_ratio,params_et_max_depth,params_et_min_samples_split,params_et_n_estimators,params_gpr_alpha,params_knn_metric,params_knn_n_neighbors,params_knn_weights,params_regressor,params_rf_max_depth,params_rf_min_samples_split,params_rf_n_estimators,params_rfe_n_features,params_rfe_proxy_et_max_depth,params_rfe_proxy_et_min_samples_split,params_rfe_proxy_et_n_estimators,params_rfe_proxy_svc_C,params_rfe_proxy_type,params_ridge_alpha,params_ridge_solver,params_stack_final_estimator,params_svr_C,params_svr_degree,params_svr_epsilon,params_svr_gamma,params_svr_kernel,params_use_scaler,user_attrs_d2mae_ci_lower_val,user_attrs_d2mae_ci_upper_val,user_attrs_d2mae_df_val,user_attrs_d2mae_mean_val,user_attrs_d2mae_samperror_val,user_attrs_d2mae_std_val,user_attrs_d2mae_t_critical_val,user_attrs_mae_ci_lower_val,user_attrs_mae_ci_upper_val,user_attrs_mae_df_val,user_attrs_mae_mean_val,user_attrs_mae_samperror_val,user_attrs_mae_std_val,user_attrs_mae_t_critical_val,user_attrs_mape_ci_lower_val,user_attrs_mape_ci_upper_val,user_attrs_mape_df_val,user_attrs_mape_mean_val,user_attrs_mape_samperror_val,user_attrs_mape_std_val,user_attrs_mape_t_critical_val,user_attrs_max_error_ci_lower_val,user_attrs_max_error_ci_upper_val,user_attrs_max_error_df_val,user_attrs_max_error_mean_val,user_attrs_max_error_samperror_val,user_attrs_max_error_std_val,user_attrs_max_error_t_critical_val,user_attrs_median_ae_ci_lower_val,user_attrs_median_ae_ci_upper_val,user_attrs_median_ae_df_val,user_attrs_median_ae_mean_val,user_attrs_median_ae_samperror_val,user_attrs_median_ae_std_val,user_attrs_median_ae_t_critical_val,user_attrs_n_splits_val,user_attrs_r2_below_zero_val,user_attrs_r2_ci_lower_val,user_attrs_r2_ci_upper_val,user_attrs_r2_df_val,user_attrs_r2_mean_val,user_attrs_r2_samperror_val,user_attrs_r2_std_val,user_attrs_r2_t_critical_val,user_attrs_regressor_final,user_attrs_rfe_clf,user_attrs_rfe_n_features,user_attrs_rfe_selected_features,user_attrs_rho_ci_lower_val,user_attrs_rho_ci_upper_val,user_attrs_rho_df_val,user_attrs_rho_mean_val,user_attrs_rho_samperror_val,user_attrs_rho_std_val,user_attrs_rho_t_critical_val,user_attrs_rmse_ci_lower_val,user_attrs_rmse_ci_upper_val,user_attrs_rmse_df_val,user_attrs_rmse_mean_val,user_attrs_rmse_samperror_val,user_attrs_rmse_std_val,user_attrs_rmse_t_critical_val,user_attrs_termination_reason,user_attrs_use_scaler_final,state
98,6.348047298334762,2026-06-20 22:26:37.500289,2026-06-20 22:26:44.178120,0 days 00:00:06.677831,,,,,,,,,,,,,SVR,,,,2,,,,,,,,,0.5191944945143437,,0.005778949850443752,scale,linear,,0.004880269151819713,0.010990998278579876,398.0,0.007935633715199794,0.003055364563380082,0.031044074187404354,1.9659423239762661,6.3167841449521465,6.379310451717377,398.0,6.348047298334762,0.03126315338261497,0.31764970523465735,1.9659423239762661,144675911840719.8,223312351654426.56,398.0,183994131747573.2,39318219906853.37,399493320808406.06,1.9659423239762661,17.26669618759287,17.560102749624264,398.0,17.413399468608567,0.14670328101569788,1.4905807293741304,1.9659423239762661,5.9199283624229,6.031076712748541,398.0,5.9755025375857205,0.055574175162820025,0.5646621805254509,1.9659423239762661,399.0,0.6942355889724311,-0.032844886176301664,-0.021901079935378317,398.0,-0.02737298305583999,0.005471903120461673,0.05559734784315819,1.9659423239762661,SVR,"{'mode': 'original', 'type': 'SVR'}",2,"['re_T6W40', 'lcc_T6W40']",0.06759645700313546,0.09343544754725347,398.0,0.08051595227519447,0.012919495272058998,0.13126871159555517,1.9659423239762661,7.624960549937765,7.700621733791157,398.0,7.662791141864461,0.0378305919266961,0.38437825600312125,1.9659423239762661,completed,True,COMPLETE
99,6.3718480685989505,2026-06-20 22:26:44.196027,2026-06-20 22:26:50.685601,0 days 00:00:06.489574,,,,,,,,,,,,,Ridge,,,,3,,,,,,0.34732048816709393,lsqr,,,,,,,True,0.0015721979625377153,0.0068603493097941885,398.0,0.004216273636165952,0.0026440756736282366,0.02686516769652511,1.9659423239762661,6.342014727621947,6.4016814095759536,398.0,6.3718480685989505,0.02983334097700268,0.30312207637952837,1.9659423239762661,159743410587819.7,246588694567109.38,398.0,203166052577464.53,43422641989644.86,441196358528278.1,1.9659423239762661,16.322864342257972,16.518244414094703,398.0,16.420554378176337,0.09769003591836434,0.9925809701297621,1.9659423239762661,5.970460515887552,6.056101916476411,398.0,6.013281216181982,0.04282070029442908,0.43508032155293996,1.9659423239762661,399.0,0.40852130325814534,-0.0030748810765334235,0.006468386850015046,398.0,0.001696752886740811,0.004771633963274235,0.04848225332140058,1.9659423239762661,Ridge,"{'mode': 'original', 'type': 'Ridge'}",3,"['nodes_T6W40', 'lcc_T6W40', 'diameter_T6W40']",0.07945246867132683,0.10384479173942371,398.0,0.09164863020537527,0.012196161534048448,0.12391926907920608,1.9659423239762661,7.517586067882464,7.5911222041988555,398.0,7.55435413604066,0.03676806815819593,0.37358246845929083,1.9659423239762661,completed,True,COMPLETE
100,6.411114840982983,2026-06-20 22:26:50.704710,2026-06-20 22:26:57.471804,0 days 00:00:06.767094,,,,0.5404049887247757,0.5,,,,,,,,ElasticNet,,,,2,,,,,,,,,,,,,,False,-0.0037455608374522944,-0.00023057069510698785,398.0,-0.001988065766279641,0.0017574950711726533,0.017857053141024534,1.9659423239762661,6.3849451570346245,6.437284524931342,398.0,6.411114840982983,0.026169683948358922,0.2658974381292896,1.9659423239762661,165789475135377.62,255908182712482.2,398.0,210848828923929.9,45059353788552.29,457826191549733.4,1.9659423239762661,16.274861836603726,16.510748474763602,398.0,16.392805155683664,0.1179433190799389,1.1983647356882858,1.9659423239762661,6.16582492128779,6.2391504909242474,398.0,6.202487706106019,0.03666278481822911,0.37251273561765186,1.9659423239762661,399.0,0.39348370927318294,-0.004329200696283772,0.001558643536536107,398.0,-0.0013852785798738327,0.0029439221164099397,0.02991176165330215,1.9659423239762661,ElasticNet,"{'mode': 'original', 'type': 'ElasticNet'}",2,"['lcc_T6W40', 'diameter_T6W40']",0.07722922159521618,0.10234635356941159,396.0,0.08978778758231389,0.012558565987097701,0.12727931890438968,1.9659726084695506,7.533671833076594,7.600379303195599,398.0,7.5670255681360965,0.03335373505950179,0.3388910894707515,1.9659423239762661,completed,False,COMPLETE
101,0.004371336509342332,2026-06-20 22:26:57.491296,2026-06-20 22:26:57.960097,0 days 00:00:00.468801,,,,,,,,,,,,,Ridge,,,,2,,,,,,0.4620348439428542,lsqr,,,,,,,False,,,,,,,,,,,,,,,,,,,,,,,,,,,,,,,,,,,,,,,,,,,,,Ridge,"{'mode': 'original', 'type': 'Ridge'}",2,"['nodes_T6W40', 'lcc_T6W40']",,,,,,,,,,,,,,,pruned,False,PRUNED
102,0.004651579788310545,2026-06-20 22:26:57.970267,2026-06-20 22:26:58.439957,0 days 00:00:00.469690,,,,,,,,,,,,,Ridge,,,,2,,,,,,0.3638719264237943,lsqr,,,,,,,False,,,,,,,,,,,,,,,,,,,,,,,,,,,,,,,,,,,,,,,,,,,,,Ridge,"{'mode': 'original', 'type': 'Ridge'}",2,"['nodes_T6W40', 'lcc_T6W40']",,,,,,,,,,,,,,,pruned,False,PRUNED
103,0.004598596603771196,2026-06-20 22:26:58.450080,2026-06-20 22:26:59.102056,0 days 00:00:00.651976,,,,,,,,,,,,,Ridge,,,,2,,,,,,0.383446867977503,lsqr,,,,,,,False,,,,,,,,,,,,,,,,,,,,,,,,,,,,,,,,,,,,,,,,,,,,,Ridge,"{'mode': 'original', 'type': 'Ridge'}",2,"['nodes_T6W40', 'lcc_T6W40']",,,,,,,,,,,,,,,pruned,False,PRUNED
104,0.004389947959730297,2026-06-20 22:26:59.112229,2026-06-20 22:26:59.752185,0 days 00:00:00.639956,,,,,,,,,,,,,Ridge,,,,2,,,,,,0.4554084755183957,lsqr,,,,,,,False,,,,,,,,,,,,,,,,,,,,,,,,,,,,,,,,,,,,,,,,,,,,,Ridge,"{'mode': 'original', 'type': 'Ridge'}",2,"['nodes_T6W40', 'lcc_T6W40']",,,,,,,,,,,,,,,pruned,False,PRUNED
105,8.834488181237408,2026-06-20 22:26:59.762329,2026-06-20 22:27:06.400396,0 days 00:00:06.638067,,,,,,,,,,minkowski,1.0,uniform,KNeighborsRegressor,,,,3,,,,0.014480600809219294,LinearSVC,,,,,,0.21063337737930596,,,,-0.39486248871477053,-0.3692886692245075,398.0,-0.382075578969639,0.012786909745131534,0.12992157450316222,1.9659423239762661,8.755219631366453,8.913756731108363,398.0,8.834488181237408,0.0792685498709542,0.8054092046546207,1.9659423239762661,218265810480947.28,345209773148976.56,398.0,281737791814961.94,63471981334014.65,644907950092493.6,1.9659423239762661,24.0689569039316,24.44232129155712,398.0,24.25563909774436,0.18668219381276024,1.896787029492622,1.9659423239762661,7.3554370364554496,7.5718812592838995,398.0,7.4636591478696745,0.10822211141422469,1.0995922698481582,1.9659423239762661,399.0,1.0,-1.144354918828893,-1.0781483184202763,398.0,-1.1112516186245847,0.03310330020430851,0.33634654263764596,1.9659423239762661,KNeighborsRegressor,"{'mode': 'proxy', 'type': 'LinearSVC', 'C': 0.014480600809219294, 'epsilon': 0.21063337737930596}",3,"['lcc_T6W40', 'diameter_T6W40', 'asp_T6W40']",-0.03732227448962297,-0.011054091236017478,398.0,-0.024188182862820224,0.013134091626802746,0.1334491208458482,1.9659423239762661,10.858154465625717,11.023795184005095,398.0,10.940974824815406,0.08282035918968864,0.8414974126910211,1.9659423239762661,completed,True,COMPLETE
106,0.0005219798522324629,2026-06-20 22:27:06.418464,2026-06-20 22:27:07.001531,0 days 00:00:00.583067,,,,,,,,,,,,,Ridge,,,,2,,,,,,0.5014236399065275,lsqr,,,,,,,True,,,,,,,,,,,,,,,,,,,,,,,,,,,,,,,,,,,,,,,,,,,,,Ridge,"{'mode': 'original', 'type': 'Ridge'}",2,"['nodes_T6W40', 'lcc_T6W40']",,,,,,,,,,,,,,,pruned,True,PRUNED
107,0.007271731951807807,2026-06-20 22:27:07.012421,2026-06-20 22:27:07.369898,0 days 00:00:00.357477,,,,,,,,,,,,,Ridge,,,,2,,,,,,0.1524964488906965,lsqr,,,,,,,False,,,,,,,,,,,,,,,,,,,,,,,,,,,,,,,,,,,,,,,,,,,,,Ridge,"{'mode': 'original', 'type': 'Ridge'}",2,"['nodes_T6W40', 'lcc_T6W40']",,,,,,,,,,,,,,,pruned,False,PRUNED
108,7.017436237652955,2026-06-20 22:27:07.380148,2026-06-20 22:28:02.142409,0 days 00:00:54.762261,,,,,,,,,,,,,StackingRegressor,,,,9,8.0,7.0,40.0,,ExtraTrees,,,RandomForestRegressor,,,,,,False,-0.10531823175364682,-0.08887425714623906,398.0,-0.09709624444994294,0.008221987303703888,0.08353961647761911,1.9659423239762661,6.961777057089423,7.073095418216488,398.0,7.017436237652955,0.05565918056353269,0.5655258790829594,1.9659423239762661,163947997324229.5,258083263643524.94,398.0,211015630483877.22,47067633159647.72,478231342061903.0,1.9659423239762661,19.133947193235983,19.627105438342966,398.0,19.380526315789474,0.24657912255349063,2.5053706079340254,1.9659423239762661,6.283293318283534,6.4472329975059415,398.0,6.365263157894738,0.08196983961120347,0.8328556966716653,1.9659423239762661,399.0,0.9448621553884712,-0.27776962430919266,-0.2438953894489371,398.0,-0.2608325068790649,0.01693711743012779,0.17208981747172875,1.9659423239762661,StackingRegressor,"{'mode': 'proxy', 'type': 'ExtraTrees', 'n_estimators': 40, 'max_depth': 8, 'min_samples_split': 7}",9,"['edges_T6W40', 're_T6W40', 'pe_T6W40', 'l2_T6W40', 'l3_T6W40', 'lcc_T6W40', 'atd_T6W40', 'diameter_T6W40', 'asp_T6W40']",-0.014357827811387293,0.01565459175384607,398.0,0.0006483819712293892,0.015006209782616681,0.152470803434318,1.9659423239762661,8.406472516510588,8.530189638237525,398.0,8.468331077374057,0.061858560863469005,0.6285147689371536,1.9659423239762661,completed,False,COMPLETE
109,7.518509265491616,2026-06-20 22:28:02.231124,2026-06-20 22:28:08.490647,0 days 00:00:06.259523,,12.0,12.0,,,,,,,,,,DecisionTreeRegressor,,,,3,,,,,,,,,,,,,,True,-0.18684324028926824,-0.16499801785935986,398.0,-0.17592062907431405,0.010922611214954189,0.11097934332984911,1.9659423239762661,7.449071411446403,7.587947119536829,398.0,7.518509265491616,0.06943785404521334,0.7055242828400906,1.9659423239762661,116795171776650.66,194835923247529.53,398.0,155815547512090.1,39020375735439.43,396467070957739.75,1.9659423239762661,21.507160368616525,22.00474113839777,398.0,21.755950753507147,0.2487903848906222,2.527838169698826,1.9659423239762661,6.399320456031423,6.601029453785082,398.0,6.500174954908252,0.1008544988768296,1.0247335400794542,1.9659423239762661,399.0,0.9949874686716792,-0.5289269908706825,-0.48084468588520174,398.0,-0.5048858383779421,0.024041152492740376,0.24427046463800026,1.9659423239762661,DecisionTreeRegressor,"{'mode': 'original', 'type': 'DecisionTreeRegressor'}",3,"['re_T6W40', 'l2_T6W40', 'atd_T6W40']",0.0570288358770684,0.08596320402129108,398.0,0.07149601994917974,0.014467184072111344,0.1469940251976371,1.9659423239762661,9.165189974101482,9.312477652650498,398.0,9.23883381337599,0.07364383927450908,0.7482592543241272,1.9659423239762661,completed,True,COMPLETE
110,0.008028337493067528,2026-06-20 22:28:08.508595,2026-06-20 22:28:08.794316,0 days 00:00:00.285721,,,,,,,,,,,,,Ridge,,,,2,,,,,,0.4190707887192739,lsqr,,,,,,,False,,,,,,,,,,,,,,,,,,,,,,,,,,,,,,,,,,,,,,,,,,,,,Ridge,"{'mode': 'original', 'type': 'Ridge'}",2,"['nodes_T6W40', 'lcc_T6W40']",,,,,,,,,,,,,,,pruned,False,PRUNED
111,0.007927758247680394,2026-06-20 22:28:08.804322,2026-06-20 22:28:09.107898,0 days 00:00:00.303576,,,,,,,,,,,,,Ridge,,,,2,,,,,,0.44878977138886045,lsqr,,,,,,,False,,,,,,,,,,,,,,,,,,,,,,,,,,,,,,,,,,,,,,,,,,,,,Ridge,"{'mode': 'original', 'type': 'Ridge'}",2,"['nodes_T6W40', 'lcc_T6W40']",,,,,,,,,,,,,,,pruned,False,PRUNED
112,0.007673814231864862,2026-06-20 22:28:09.117827,2026-06-20 22:28:09.447808,0 days 00:00:00.329981,,,,,,,,,,,,,Ridge,,,,2,,,,,,0.5263246009678605,auto,,,,,,,False,,,,,,,,,,,,,,,,,,,,,,,,,,,,,,,,,,,,,,,,,,,,,Ridge,"{'mode': 'original', 'type': 'Ridge'}",2,"['nodes_T6W40', 'lcc_T6W40']",,,,,,,,,,,,,,,pruned,False,PRUNED
113,0.007805720809541894,2026-06-20 22:28:09.457567,2026-06-20 22:28:09.699156,0 days 00:00:00.241589,,,,,,,,,,,,,Ridge,,,,2,,,,,,0.4855945741830624,lsqr,,,,,,,False,,,,,,,,,,,,,,,,,,,,,,,,,,,,,,,,,,,,,,,,,,,,,Ridge,"{'mode': 'original', 'type': 'Ridge'}",2,"['nodes_T6W40', 'lcc_T6W40']",,,,,,,,,,,,,,,pruned,False,PRUNED
114,6.698419842256199,2026-06-20 22:28:09.708941,2026-06-20 22:28:21.371330,0 days 00:00:11.662389,,,,,,,,,,,,,RandomForestRegressor,8.0,5.0,15.0,2,,,,,,,,,,,,,,False,-0.05355304280680712,-0.04065483548720119,398.0,-0.047103939147004156,0.006449103659802967,0.06552620752912716,1.9659423239762661,6.652420927602353,6.744418756910045,398.0,6.698419842256199,0.045998914653846,0.4673726128034682,1.9659423239762661,159496436127155.44,247783190659872.12,398.0,203639813393513.78,44143377266358.336,448519399342438.8,1.9659423239762661,17.875774535880765,18.282645461144675,398.0,18.07920999851272,0.2034354626319564,2.067008850593175,1.9659423239762661,6.050285744646883,6.186314270793394,398.0,6.118300007720139,0.06801426307325566,0.691059866948233,1.9659423239762661,399.0,0.8771929824561403,-0.14935992117920166,-0.124311634748152,398.0,-0.13683577796367682,0.012524143215524822,0.12725173152047958,1.9659423239762661,RandomForestRegressor,"{'mode': 'original', 'type': 'RandomForestRegressor'}",2,"['re_T6W40', 'l2_T6W40']",0.036533218205371955,0.06308487733588669,398.0,0.04980904777062932,0.013275829565257366,0.13488925114299588,1.9659423239762661,7.996989161987025,8.100466364437453,398.0,8.04872776321224,0.051738601225214606,0.5256907781280327,1.9659423239762661,completed,False,COMPLETE
115,6.523604070733497,2026-06-20 22:28:21.389090,2026-06-20 22:28:28.063314,0 days 00:00:06.674224,,,,,,,,,,,,,Ridge,,,,11,,,,,,0.3167754174458084,lsqr,,,,,,,False,-0.02305413469552756,-0.016014060441802976,398.0,-0.019534097568665268,0.0035200371268622917,0.035765386238505274,1.9659423239762661,6.490265946752508,6.556942194714486,398.0,6.523604070733497,0.03333812398098897,0.3387324728901622,1.9659423239762661,160704519351352.03,248160699571018.34,398.0,204432609461185.2,43728090109833.16,444299868406339.44,1.9659423239762661,16.93093143225655,17.17746088173861,398.0,17.05419615699758,0.12326472474103027,1.25243295200007,1.9659423239762661,6.094119536957358,6.192123155193039,398.0,6.1431213460751986,0.049001809117840606,0.49788356381550214,1.9659423239762661,399.0,0.7894736842105263,-0.05802299654046709,-0.044678570077759945,398.0,-0.05135078330911352,0.006672213231353573,0.06779311543731953,1.9659423239762661,Ridge,"{'mode': 'original', 'type': 'Ridge'}",11,"['nodes_T6W40', 're_T6W40', 'pe_T6W40', 'l1_T6W40', 'l2_T6W40', 'l3_T6W40', 'lcc_T6W40', 'lsc_T6W40', 'atd_T6W40', 'diameter_T6W40', 'asp_T6W40']",-0.03412990413844094,-0.009041696111546491,398.0,-0.021585800124993716,0.012544104013447225,0.1274545434856931,1.9659423239762661,7.710053265462016,7.790633541973848,398.0,7.750343403717932,0.04029013825591541,0.40936851072649655,1.9659423239762661,completed,False,COMPLETE
116,14.446803282716594,2026-06-20 22:28:28.081273,2026-06-20 22:30:03.061867,0 days 00:01:34.980594,,,,,,,,,3.6963204295515116e-06,,,,GaussianProcessRegressor,,,,2,,,,0.4532933550154251,LinearSVC,,,,,,8.90129971526025,,,,-1.2685011523629894,-1.2526688997019755,398.0,-1.2605850260324825,0.007916126330506909,0.08043191180081471,1.9659423239762661,14.42336227211761,14.470244293315579,398.0,14.446803282716594,0.023441010598985047,0.2381727145704604,1.9659423239762661,0.9958251192512715,0.9972949357882881,398.0,0.9965600275197798,0.0007349082685083213,0.007467045694628984,1.9659423239762661,30.735256529948362,30.974016653009034,398.0,30.854636591478698,0.11938006153033491,1.2129627773599299,1.9659423239762661,13.392399912955371,13.554968508097259,398.0,13.473684210526315,0.08128429757094346,0.825890237226501,1.9659423239762661,399.0,1.0,-3.6953813381699896,-3.637538473128703,398.0,-3.6664599056493463,0.02892143252064328,0.29385661781178724,1.9659423239762661,GaussianProcessRegressor,"{'mode': 'proxy', 'type': 'LinearSVC', 'C': 0.4532933550154251, 'epsilon': 8.90129971526025}",2,"['l2_T6W40', 'diameter_T6W40']",,,,,,,,16.279457503760334,16.338073132063755,398.0,16.308765317912044,0.02930781415171041,0.29778245375400575,1.9659423239762661,completed,True,COMPLETE
117,0.008626705009279438,2026-06-20 22:30:03.080057,2026-06-20 22:30:03.338249,0 days 00:00:00.258192,,,,,,,,,,,,,Ridge,,,,3,,,,,,0.3986928921787556,lsqr,,,,,,,False,,,,,,,,,,,,,,,,,,,,,,,,,,,,,,,,,,,,,,,,,,,,,Ridge,"{'mode': 'original', 'type': 'Ridge'}",3,"['nodes_T6W40', 'lcc_T6W40', 'asp_T6W40']",,,,,,,,,,,,,,,pruned,False,PRUNED
118,0.007424143673748729,2026-06-20 22:30:03.348740,2026-06-20 22:30:03.642867,0 days 00:00:00.294127,,,,,,,,,,,,,Ridge,,,,2,,,,,,0.24412375521020901,lsqr,,,,,,,True,,,,,,,,,,,,,,,,,,,,,,,,,,,,,,,,,,,,,,,,,,,,,Ridge,"{'mode': 'original', 'type': 'Ridge'}",2,"['nodes_T6W40', 'lcc_T6W40']",,,,,,,,,,,,,,,pruned,True,PRUNED
119,6.5802427723730625,2026-06-20 22:30:03.653045,2026-06-20 22:30:52.692402,0 days 00:00:49.039357,,,,,,9.0,6.0,213.0,,,,,ExtraTreesRegressor,,,,2,,,,,,,,,,,,,,False,-0.0330751814587007,-0.02354313897304723,398.0,-0.028309160215873964,0.004766021242826733,0.04842522519714537,1.9659423239762661,6.540114555158885,6.62037098958724,398.0,6.5802427723730625,0.040128217214177454,0.4077233097274203,1.9659423239762661,158524917194361.03,245219890751711.84,398.0,201872403973036.44,43347486778675.414,440432742960804.06,1.9659423239762661,17.58424916658642,17.948868763907914,398.0,17.766558965247167,0.18230979866074645,1.8523612476718103,1.9659423239762661,5.963744870448155,6.085267193258053,398.0,6.024506031853104,0.06076116140494884,0.6173646264592855,1.9659423239762661,399.0,0.8220551378446115,-0.09237205450879522,-0.07492661472778907,398.0,-0.08364933461829215,0.008722719890503076,0.08862731689771171,1.9659423239762661,ExtraTreesRegressor,"{'mode': 'original', 'type': 'ExtraTreesRegressor'}",2,"['pe_T6W40', 'l2_T6W40']",0.04379556663946883,0.06733235404588396,398.0,0.0555639603426764,0.011768393703207567,0.11957292807794816,1.9659423239762661,7.820686548419957,7.911457575235691,398.0,7.866072061827824,0.04538551340786724,0.46114014090304645,1.9659423239762661,completed,False,COMPLETE
120,0.00807170004596615,2026-06-20 22:30:52.710343,2026-06-20 22:30:52.956731,0 days 00:00:00.246388,,,,,,,,,,,,,Ridge,,,,3,,,,,,0.5470159563891658,lsqr,,,,,,,False,,,,,,,,,,,,,,,,,,,,,,,,,,,,,,,,,,,,,,,,,,,,,Ridge,"{'mode': 'original', 'type': 'Ridge'}",3,"['nodes_T6W40', 'lcc_T6W40', 'asp_T6W40']",,,,,,,,,,,,,,,pruned,False,PRUNED
121,0.009063919678574688,2026-06-20 22:30:52.966693,2026-06-20 22:30:53.269889,0 days 00:00:00.303196,,,,,,,,,,,,,Ridge,,,,2,,,,,,0.1420653154215407,lsqr,,,,,,,False,,,,,,,,,,,,,,,,,,,,,,,,,,,,,,,,,,,,,,,,,,,,,Ridge,"{'mode': 'original', 'type': 'Ridge'}",2,"['nodes_T6W40', 'lcc_T6W40']",,,,,,,,,,,,,,,pruned,False,PRUNED
122,0.007948631828698715,2026-06-20 22:30:53.279939,2026-06-20 22:30:53.548704,0 days 00:00:00.268765,,,,,,,,,,,,,Ridge,,,,2,,,,,,0.442577015530107,lsqr,,,,,,,False,,,,,,,,,,,,,,,,,,,,,,,,,,,,,,,,,,,,,,,,,,,,,Ridge,"{'mode': 'original', 'type': 'Ridge'}",2,"['nodes_T6W40', 'lcc_T6W40']",,,,,,,,,,,,,,,pruned,False,PRUNED
123,0.007756560288845719,2026-06-20 22:30:53.558544,2026-06-20 22:30:53.832279,0 days 00:00:00.273735,,,,,,,,,,,,,Ridge,,,,2,,,,,,0.5006573131599864,lsqr,,,,,,,False,,,,,,,,,,,,,,,,,,,,,,,,,,,,,,,,,,,,,,,,,,,,,Ridge,"{'mode': 'original', 'type': 'Ridge'}",2,"['nodes_T6W40', 'lcc_T6W40']",,,,,,,,,,,,,,,pruned,False,PRUNED
