number,value,datetime_start,datetime_complete,duration,params_dt_max_depth,params_dt_min_samples_leaf,params_dt_min_samples_split,params_elastic_alpha,params_elastic_l1_ratio,params_et_max_depth,params_et_max_features,params_et_min_samples_leaf,params_et_min_samples_split,params_et_n_estimators,params_knn_metric,params_knn_n_neighbors,params_knn_weights,params_quantile_alpha,params_regressor,params_rf_max_depth,params_rf_max_features,params_rf_min_samples_leaf,params_rf_min_samples_split,params_rf_n_estimators,params_rfe_n_features,params_rfe_proxy_et_max_depth,params_rfe_proxy_et_min_samples_leaf,params_rfe_proxy_et_min_samples_split,params_rfe_proxy_et_n_estimators,params_rfe_proxy_lsvr_C,params_rfe_proxy_lsvr_epsilon,params_rfe_proxy_type,params_use_scaler,params_xgb_booster,params_xgb_colsample_bytree,params_xgb_learning_rate,params_xgb_max_depth,params_xgb_n_estimators,params_xgb_reg_alpha,params_xgb_reg_lambda,params_xgb_subsample,user_attrs_d2mae_ci_lower_val,user_attrs_d2mae_ci_upper_val,user_attrs_d2mae_df_val,user_attrs_d2mae_mean_val,user_attrs_d2mae_samperror_val,user_attrs_d2mae_std_val,user_attrs_d2mae_t_critical_val,user_attrs_mae_ci_lower_val,user_attrs_mae_ci_upper_val,user_attrs_mae_df_val,user_attrs_mae_mean_val,user_attrs_mae_samperror_val,user_attrs_mae_std_val,user_attrs_mae_t_critical_val,user_attrs_mape_ci_lower_val,user_attrs_mape_ci_upper_val,user_attrs_mape_df_val,user_attrs_mape_mean_val,user_attrs_mape_samperror_val,user_attrs_mape_std_val,user_attrs_mape_t_critical_val,user_attrs_max_error_ci_lower_val,user_attrs_max_error_ci_upper_val,user_attrs_max_error_df_val,user_attrs_max_error_mean_val,user_attrs_max_error_samperror_val,user_attrs_max_error_std_val,user_attrs_max_error_t_critical_val,user_attrs_median_ae_ci_lower_val,user_attrs_median_ae_ci_upper_val,user_attrs_median_ae_df_val,user_attrs_median_ae_mean_val,user_attrs_median_ae_samperror_val,user_attrs_median_ae_std_val,user_attrs_median_ae_t_critical_val,user_attrs_n_splits_val,user_attrs_r2_below_zero_val,user_attrs_r2_ci_lower_val,user_attrs_r2_ci_upper_val,user_attrs_r2_df_val,user_attrs_r2_mean_val,user_attrs_r2_samperror_val,user_attrs_r2_std_val,user_attrs_r2_t_critical_val,user_attrs_regressor_final,user_attrs_rfe_estimator,user_attrs_rfe_n_features,user_attrs_rfe_selected_features,user_attrs_rho_ci_lower_val,user_attrs_rho_ci_upper_val,user_attrs_rho_df_val,user_attrs_rho_mean_val,user_attrs_rho_samperror_val,user_attrs_rho_std_val,user_attrs_rho_t_critical_val,user_attrs_rmse_ci_lower_val,user_attrs_rmse_ci_upper_val,user_attrs_rmse_df_val,user_attrs_rmse_mean_val,user_attrs_rmse_samperror_val,user_attrs_rmse_std_val,user_attrs_rmse_t_critical_val,user_attrs_termination_reason,user_attrs_use_scaler_final,state
191,6.702207750082918,2026-06-12 23:00:43.542492,2026-06-12 23:00:45.526583,0 days 00:00:01.984091,,,,,,,,,,,manhattan,6.0,distance,,KNeighborsRegressor,,,,,,6,10.0,3.0,9.0,40.0,,,ExtraTrees,,,,,,,,,,-0.06094339723856345,-0.03102118914991494,98.0,-0.045982293194239195,0.014961104044324254,0.07501312523683946,1.9844674545084815,6.602831817905812,6.801583682260024,98.0,6.702207750082918,0.09937593217710604,0.4982586327749596,1.9844674545084815,143412305789252.9,319129992923303.5,98.0,231271149356278.22,87858843567025.31,440513374957605.5,1.9844674545084815,18.475309196806624,19.298868334530088,98.0,18.887088765668356,0.41177956886173106,2.064611827942939,1.9844674545084815,6.070727142327689,6.316346409218669,98.0,6.193536775773179,0.12280963344549012,0.6157523125729316,1.9844674545084815,99.0,0.8585858585858586,-0.1899430423829378,-0.12914354446615584,98.0,-0.15954329342454682,0.030399748958390982,0.15242058133065142,1.9844674545084815,KNeighborsRegressor,"{'mode': 'proxy', 'type': 'ExtraTrees'}",6,"['nodes_T6W40', 'l2_T6W40', 'lcc_T6W40', 'atd_T6W40', 'diameter_T6W40', 'asp_T6W40']",0.044697376247280374,0.10104693290441316,98.0,0.07287215457584677,0.02817477832856639,0.14126485378481976,1.9844674545084815,8.008572423762327,8.245862955813198,98.0,8.127217689787763,0.1186452660254358,0.5948726893922309,1.9844674545084815,completed,True,COMPLETE
192,6.555882498117268,2026-06-12 23:00:45.539235,2026-06-12 23:01:03.424585,0 days 00:00:17.885350,,,,,,,,,,,,,,,XGBRegressor,,,,,,13,,,,,,,,True,gbtree,0.7995222935751908,0.005450361842724383,10.0,84.0,0.0041005206621905965,0.006863464331724661,0.5460334930412377,-0.026761209395567285,-0.019045499340119145,98.0,-0.022903354367843215,0.0038578550277240707,0.019342807956076034,1.9844674545084815,6.509547619999393,6.602217376235143,98.0,6.555882498117268,0.04633487811787493,0.23231734802408646,1.9844674545084815,178061937219125.75,392173665605833.1,98.0,285117801412479.44,107055864193353.69,536764862023712.75,1.9844674545084815,16.522955765438983,16.995565321899246,98.0,16.759260543669114,0.23630477823013202,1.1848029310487358,1.9844674545084815,6.315468490527039,6.455259842300752,98.0,6.385364166413895,0.06989567588685666,0.3504482739563177,1.9844674545084815,99.0,0.898989898989899,-0.045245298952708506,-0.03273695835126677,98.0,-0.03899112865198764,0.00625417030072087,0.03135763635027153,1.9844674545084815,XGBRegressor,"{'mode': 'original', 'type': 'XGBRegressor'}",13,"['nodes_T6W40', 'edges_T6W40', 're_T6W40', 'pe_T6W40', 'l1_T6W40', 'l2_T6W40', 'l3_T6W40', 'lcc_T6W40', 'lsc_T6W40', 'atd_T6W40', 'density_T6W40', 'diameter_T6W40', 'asp_T6W40']",-0.10598295902192324,-0.05854412295851953,98.0,-0.08226354099022139,0.023719418031701855,0.11892622831080403,1.9844674545084815,7.650709030639423,7.767639138558969,98.0,7.709174084599196,0.05846505395977232,0.2931365493930073,1.9844674545084815,completed,True,COMPLETE
193,7.247444119172937,2026-06-12 23:01:03.437299,2026-06-12 23:01:04.809946,0 days 00:00:01.372647,,,,,,,,,,,,,,,XGBRegressor,,,,,,2,,,,,,,,True,gbtree,0.6013163170676716,0.066755502433454,10.0,119.0,0.0019421055975565888,0.02042943471222008,0.9414969124148865,,,,,,,,,,,,,,,,,,,,,,,,,,,,,,,,,,,,,,,,,,,,,XGBRegressor,"{'mode': 'original', 'type': 'XGBRegressor'}",2,"['diameter_T6W40', 'asp_T6W40']",,,,,,,,,,,,,,,pruned,True,PRUNED
194,6.634697289984538,2026-06-12 23:01:04.840638,2026-06-12 23:01:11.676603,0 days 00:00:06.835965,,,,,,,,,,,,,,,RandomForestRegressor,10.0,sqrt,4.0,3.0,53.0,7,,,,,,,,True,,,,,,,,,-0.04466353481521852,-0.026082171174339502,98.0,-0.03537285299477901,0.00929068182043951,0.046582329543831104,1.9844674545084815,6.567401431536405,6.7019931484326705,98.0,6.634697289984538,0.06729585844813275,0.33741311087302245,1.9844674545084815,160423683127130.53,354063367279961.6,98.0,257243525203546.1,96819842076415.56,485442713156214.56,1.9844674545084815,17.444968104669456,18.133047539418584,98.0,17.78900782204402,0.34403971737456374,1.724972590886801,1.9844674545084815,6.02384097941432,6.238876251981829,98.0,6.131358615698074,0.10751763628375409,0.5390801301714016,1.9844674545084815,99.0,0.8181818181818182,-0.11313377644186123,-0.07634322786437844,98.0,-0.09473850215311984,0.01839527428874139,0.09223163009222266,1.9844674545084815,RandomForestRegressor,"{'mode': 'original', 'type': 'RandomForestRegressor'}",7,"['nodes_T6W40', 'l2_T6W40', 'lcc_T6W40', 'lsc_T6W40', 'atd_T6W40', 'density_T6W40', 'diameter_T6W40']",0.0017486152192142286,0.05202190591749599,98.0,0.02688526056835511,0.025136645349140882,0.12603203079283773,1.9844674545084815,7.8253406770246325,7.986934833268444,98.0,7.906137755146538,0.08079707812190551,0.40510655643949495,1.9844674545084815,completed,True,COMPLETE
195,6.643172615117897,2026-06-12 23:01:11.718484,2026-06-12 23:01:13.813466,0 days 00:00:02.094982,,,,,,,,,,,,,,,LinearRegression,,,,,,10,,,,,,,,False,,,,,,,,,-0.04471553971731321,-0.02823806395735569,98.0,-0.03647680183733445,0.00823873787997876,0.04130801273444749,1.9844674545084815,6.576087756819843,6.710257473415951,98.0,6.643172615117897,0.06708485829805433,0.3363551822177619,1.9844674545084815,162670575354485.88,358767011263380.06,98.0,260718793308932.97,98048217954447.08,491601637878862.1,1.9844674545084815,17.35071718106572,18.229463915669186,98.0,17.790090548367452,0.4393733673017343,2.2029637204241173,1.9844674545084815,6.204434429445554,6.394260845055779,98.0,6.2993476372506665,0.0949132078051127,0.4758830847390624,1.9844674545084815,99.0,0.898989898989899,-0.10756769592195475,-0.07253993759868965,98.0,-0.0900538167603222,0.017513879161632558,0.08781242393891493,1.9844674545084815,LinearRegression,"{'mode': 'original', 'type': 'LinearRegression'}",10,"['nodes_T6W40', 'edges_T6W40', 'pe_T6W40', 'l1_T6W40', 'l2_T6W40', 'lcc_T6W40', 'atd_T6W40', 'density_T6W40', 'diameter_T6W40', 'asp_T6W40']",-0.07788104455598374,-0.030706712983852087,98.0,-0.05429387876991792,0.02358716578606583,0.11826313190860288,1.9844674545084815,7.808159508230145,7.974748137026107,98.0,7.891453822628126,0.08329431439798106,0.41762739026086654,1.9844674545084815,completed,False,COMPLETE
196,6.468529507815898,2026-06-12 23:01:13.827006,2026-06-12 23:01:16.063495,0 days 00:00:02.236489,,,,,,,,,,,,,,,XGBRegressor,,,,,,10,,,,,,,,False,gblinear,0.9114919025208837,0.11941144217950807,10.0,86.0,2.4796739133918027,0.0007911989368573516,0.9025451592478313,-0.010838243587648783,-0.007533654197340307,98.0,-0.009185948892494545,0.0016522946951542377,0.008284401239946625,1.9844674545084815,6.425013457230423,6.512045558401373,98.0,6.468529507815898,0.04351605058547499,0.2181840954190299,1.9844674545084815,177419236940719.84,390358230798959.0,98.0,283888733869839.44,106469496929119.6,533824889084786.4,1.9844674545084815,16.301115970148913,16.755559699973944,98.0,16.52833783506143,0.22722186491251545,1.1392623270805275,1.9844674545084815,6.205731159926483,6.373338189574385,98.0,6.289534674750434,0.08380351482395124,0.42018045821700073,1.9844674545084815,99.0,1.0,-0.002092187744188746,-0.0012112504176222988,98.0,-0.0016517190809055224,0.00044046866328322366,0.002208455399005287,1.9844674545084815,XGBRegressor,"{'mode': 'original', 'type': 'XGBRegressor'}",10,"['pe_T6W40', 'l1_T6W40', 'l2_T6W40', 'l3_T6W40', 'lcc_T6W40', 'lsc_T6W40', 'atd_T6W40', 'density_T6W40', 'diameter_T6W40', 'asp_T6W40']",,,0.0,-0.06794713201792833,,,,7.513727136079801,7.62843531672582,98.0,7.571081226402811,0.05735409032300968,0.2875663151261274,1.9844674545084815,completed,False,COMPLETE
197,6.47180770306908,2026-06-12 23:01:16.077371,2026-06-12 23:01:35.330942,0 days 00:00:19.253571,,,,,,16.0,log2,4.0,6.0,350.0,,,,,ExtraTreesRegressor,,,,,,7,,,,,,,,False,,,,,,,,,-0.014697149471844938,-0.004822476994469887,98.0,-0.009759813233157413,0.004937336238687526,0.024755193233854788,1.9844674545084815,6.421008577096222,6.522606829041939,98.0,6.47180770306908,0.05079912597285821,0.2547005346152655,1.9844674545084815,168381721024952.7,370828806892916.06,98.0,269605263958934.38,101223542933981.7,507522324591007.4,1.9844674545084815,16.622104454336444,17.143684309704618,98.0,16.88289438202053,0.2607899276840866,1.3075684420023883,1.9844674545084815,6.268176643244228,6.453412934741852,98.0,6.36079478899304,0.09261814574881234,0.46437592745003275,1.9844674545084815,99.0,0.6868686868686869,-0.035993686098667294,-0.017745856761549324,98.0,-0.02686977143010831,0.009123914668558986,0.04574617967064374,1.9844674545084815,ExtraTreesRegressor,"{'mode': 'original', 'type': 'ExtraTreesRegressor'}",7,"['nodes_T6W40', 're_T6W40', 'lcc_T6W40', 'atd_T6W40', 'density_T6W40', 'diameter_T6W40', 'asp_T6W40']",-0.00337681471614789,0.0446510261486846,98.0,0.020637105716268356,0.024013920432416246,0.1204028269229044,1.9844674545084815,7.599741627759642,7.726481934858188,98.0,7.663111781308915,0.063370153549273,0.3177301120549802,1.9844674545084815,completed,False,COMPLETE
198,6.445809907238067,2026-06-12 23:01:35.343595,2026-06-12 23:01:37.338081,0 days 00:00:01.994486,,,,0.02854162178907665,0.9271106288584273,,,,,,,,,,ElasticNet,,,,,,3,,,,,,,,True,,,,,,,,,-0.009660229187083494,-0.0015980855820819963,98.0,-0.005629157384582745,0.004031071802500749,0.020211295440752924,1.9844674545084815,6.396152224313762,6.495467590162371,98.0,6.445809907238067,0.04965768292430411,0.24897748034746287,1.9844674545084815,168499338224601.56,370893601800172.2,98.0,269696470012386.88,101197131787785.33,507389902370601.2,1.9844674545084815,16.582219648422708,17.149839557043848,98.0,16.866029602733278,0.28380995431056916,1.422988008310585,1.9844674545084815,6.240093871497867,6.391784458949245,98.0,6.315939165223556,0.07584529372568943,0.3802789219307905,1.9844674545084815,99.0,0.5555555555555556,-0.021535271440095892,-0.006047872596080263,98.0,-0.013791572018088078,0.007743699422007815,0.03882595113426003,1.9844674545084815,ElasticNet,"{'mode': 'original', 'type': 'ElasticNet'}",3,"['pe_T6W40', 'l2_T6W40', 'density_T6W40']",0.024793145471764422,0.0729437618133366,98.0,0.04886845364255051,0.02407530817078609,0.12071061745044172,1.9844674545084815,7.552174439581202,7.678247302224281,98.0,7.615210870902741,0.06303643132153972,0.31605687008105177,1.9844674545084815,completed,True,COMPLETE
199,6.683686608847097,2026-06-12 23:01:37.352019,2026-06-12 23:01:40.107912,0 days 00:00:02.755893,,,,,,,,,,,,,,,LinearRegression,,,,,,11,,,,,,,,False,,,,,,,,,-0.05104844312518061,-0.03450733715105823,98.0,-0.04277789013811942,0.008270552987061188,0.04146752974635565,1.9844674545084815,6.615749279261545,6.751623938432649,98.0,6.683686608847097,0.06793732958555221,0.3406293678166614,1.9844674545084815,161958830515917.1,357634190181875.4,98.0,259796510348896.25,97837679832979.16,490546025777909.3,1.9844674545084815,17.66842911738901,18.599408124362,98.0,18.133918620875505,0.4654895034864955,2.3339067971199206,1.9844674545084815,6.201987784585407,6.402764462592012,98.0,6.30237612358871,0.10038833900330234,0.503334715383509,1.9844674545084815,99.0,0.9090909090909091,-0.12390436058666071,-0.08868157087501305,98.0,-0.10629296573083688,0.01761139485582383,0.08830135556850964,1.9844674545084815,LinearRegression,"{'mode': 'original', 'type': 'LinearRegression'}",11,"['nodes_T6W40', 'edges_T6W40', 'pe_T6W40', 'l1_T6W40', 'l2_T6W40', 'l3_T6W40', 'lcc_T6W40', 'atd_T6W40', 'density_T6W40', 'diameter_T6W40', 'asp_T6W40']",-0.09683846732318502,-0.05086090160530734,98.0,-0.07384968446424618,0.022988782858938843,0.11526291392207054,1.9844674545084815,7.86560501794361,8.035055594041475,98.0,7.9503303059925425,0.0847252880489331,0.4248021151589402,1.9844674545084815,completed,False,COMPLETE
200,6.683686608847097,2026-06-12 23:01:40.122745,2026-06-12 23:01:42.285679,0 days 00:00:02.162934,,,,,,,,,,,,,,,LinearRegression,,,,,,11,,,,,,,,False,,,,,,,,,-0.05104844312518061,-0.03450733715105823,98.0,-0.04277789013811942,0.008270552987061188,0.04146752974635565,1.9844674545084815,6.615749279261545,6.751623938432649,98.0,6.683686608847097,0.06793732958555221,0.3406293678166614,1.9844674545084815,161958830515917.1,357634190181875.4,98.0,259796510348896.25,97837679832979.16,490546025777909.3,1.9844674545084815,17.66842911738901,18.599408124362,98.0,18.133918620875505,0.4654895034864955,2.3339067971199206,1.9844674545084815,6.201987784585407,6.402764462592012,98.0,6.30237612358871,0.10038833900330234,0.503334715383509,1.9844674545084815,99.0,0.9090909090909091,-0.12390436058666071,-0.08868157087501305,98.0,-0.10629296573083688,0.01761139485582383,0.08830135556850964,1.9844674545084815,LinearRegression,"{'mode': 'original', 'type': 'LinearRegression'}",11,"['nodes_T6W40', 'edges_T6W40', 'pe_T6W40', 'l1_T6W40', 'l2_T6W40', 'l3_T6W40', 'lcc_T6W40', 'atd_T6W40', 'density_T6W40', 'diameter_T6W40', 'asp_T6W40']",-0.09683846732318502,-0.05086090160530734,98.0,-0.07384968446424618,0.022988782858938843,0.11526291392207054,1.9844674545084815,7.86560501794361,8.035055594041475,98.0,7.9503303059925425,0.0847252880489331,0.4248021151589402,1.9844674545084815,completed,False,COMPLETE
201,6.35215078084648,2026-06-12 23:01:42.301676,2026-06-12 23:01:45.307569,0 days 00:00:03.005893,,,,,,,,,,,,,,0.05845961471326635,QuantileRegressor,,,,,,8,,,,,,,,False,,,,,,,,,0.0054368239245635745,0.012723900712242015,98.0,0.009080362318402795,0.0036435383938392208,0.018268250861204347,1.9844674545084815,6.301018794623132,6.403282767069828,98.0,6.35215078084648,0.05113198622334829,0.2563694547419088,1.9844674545084815,157508650229560.44,346598431986158.5,98.0,252053541107859.47,94544890878299.02,474036389222737.6,1.9844674545084815,17.240852458820214,17.789149764301897,98.0,17.515001111561055,0.27414865274084105,1.3745474371833613,1.9844674545084815,5.905694343546321,6.082097157259817,98.0,5.993895750403069,0.08820140685674788,0.4422309449228548,1.9844674545084815,99.0,0.6060606060606061,-0.02137391959088155,-0.0074446137540786685,98.0,-0.014409266672480108,0.00696465291840144,0.03491990832035977,1.9844674545084815,QuantileRegressor,"{'mode': 'original', 'type': 'QuantileRegressor'}",8,"['l2_T6W40', 'l3_T6W40', 'lcc_T6W40', 'lsc_T6W40', 'atd_T6W40', 'density_T6W40', 'diameter_T6W40', 'asp_T6W40']",0.06739160374427228,0.11466067343002656,95.0,0.09102613858714942,0.02363453484287715,0.11664530192072287,1.9852510035054978,7.553906727739344,7.682714324911053,98.0,7.618310526325199,0.06440379858585447,0.32291268042358523,1.9844674545084815,completed,False,COMPLETE
202,6.468331678679902,2026-06-12 23:01:45.320384,2026-06-12 23:01:47.818083,0 days 00:00:02.497699,,,,0.000787528498540362,0.6939495905101568,,,,,,,,,,ElasticNet,,,,,,4,,,,,,,,False,,,,,,,,,-0.013716494146423256,-0.00438292991387451,98.0,-0.009049712030148883,0.004666782116274373,0.023398668327150443,1.9844674545084815,6.413251337514832,6.523412019844971,98.0,6.468331678679902,0.055080341165070046,0.276166018073425,1.9844674545084815,166897283026103.0,367403321995548.3,98.0,267150302510825.66,100253019484722.66,502656240054139.44,1.9844674545084815,16.657947193407523,17.279666917702286,98.0,16.968807055554905,0.31085986214738043,1.558612900577641,1.9844674545084815,6.102655270678672,6.237417893452554,98.0,6.170036582065613,0.06738131138694105,0.3378415613390904,1.9844674545084815,99.0,0.6363636363636364,-0.03470196118797506,-0.01515953354204462,98.0,-0.02493074736500984,0.009771213822965221,0.048991657570625034,1.9844674545084815,ElasticNet,"{'mode': 'original', 'type': 'ElasticNet'}",4,"['nodes_T6W40', 'pe_T6W40', 'l2_T6W40', 'lcc_T6W40']",0.010376917208022772,0.059088451333729204,98.0,0.03473268427087599,0.024355767062853216,0.12211680364713472,1.9844674545084815,7.585758511810844,7.728356932749679,98.0,7.657057722280261,0.07129921046941741,0.35748542275923684,1.9844674545084815,completed,False,COMPLETE
203,6.6061905865575055,2026-06-12 23:01:47.831383,2026-06-12 23:02:12.173046,0 days 00:00:24.341663,,,,,,6.0,,1.0,5.0,451.0,,,,,ExtraTreesRegressor,,,,,,4,,,,,,,,False,,,,,,,,,-0.03849496055270404,-0.02314850923995109,98.0,-0.030821734896327564,0.007673225656376474,0.03847260438982502,1.9844674545084815,6.544965343422497,6.667415829692514,98.0,6.6061905865575055,0.06122524313500864,0.3069757965278415,1.9844674545084815,176180613837246.3,388734222898371.3,98.0,282457418367808.8,106276804530562.5,532858753231287.4,1.9844674545084815,16.53844014988988,16.94730858529215,98.0,16.742874367591014,0.20443421770113482,1.0250078824181572,1.9844674545084815,6.330286500206618,6.5646778234109675,98.0,6.447482161808793,0.11719566160217429,0.5876045521061163,1.9844674545084815,99.0,0.8686868686868687,-0.0790556291683585,-0.05128452551026517,98.0,-0.06517007733931184,0.013885551829046666,0.0696204394574778,1.9844674545084815,ExtraTreesRegressor,"{'mode': 'original', 'type': 'ExtraTreesRegressor'}",4,"['edges_T6W40', 'density_T6W40', 'diameter_T6W40', 'asp_T6W40']",-0.0060915577286684425,0.04325735563951053,98.0,0.018582898955421045,0.024674456684089487,0.12371467399137223,1.9844674545084815,7.736632060718066,7.863864064564285,98.0,7.800248062641176,0.06361600192310922,0.3189627653940128,1.9844674545084815,completed,False,COMPLETE
204,6.516210739413978,2026-06-12 23:02:12.185715,2026-06-12 23:02:34.067823,0 days 00:00:21.882108,,,,,,15.0,log2,3.0,3.0,364.0,,,,,ExtraTreesRegressor,,,,,,8,,,,,,,,False,,,,,,,,,-0.024011292959995302,-0.009539885761039993,98.0,-0.016775589360517647,0.007235703599477655,0.036278922910784606,1.9844674545084815,6.457318261036036,6.57510321779192,98.0,6.516210739413978,0.05889247837794222,0.295279602560372,1.9844674545084815,168928804820571.5,372540877370017.7,98.0,270734841095294.6,101806036274723.08,510442874156681.5,1.9844674545084815,16.845813058679017,17.433190130757044,98.0,17.13950159471803,0.2936885360390123,1.4725179952796406,1.9844674545084815,6.27913870806748,6.488600172379078,98.0,6.383869440223279,0.10473073215579916,0.5251069375678346,1.9844674545084815,99.0,0.7676767676767676,-0.06430467599313858,-0.0371453340664249,98.0,-0.05072500502978174,0.01357967096335684,0.06808679062931873,1.9844674545084815,ExtraTreesRegressor,"{'mode': 'original', 'type': 'ExtraTreesRegressor'}",8,"['nodes_T6W40', 're_T6W40', 'l2_T6W40', 'lcc_T6W40', 'atd_T6W40', 'density_T6W40', 'diameter_T6W40', 'asp_T6W40']",-0.0038546348281132646,0.04718354896884483,98.0,0.02166445707036578,0.025519091898479045,0.1279495704888994,1.9844674545084815,7.6773243812216405,7.82079255666956,98.0,7.7490584689456,0.07173408772395992,0.35966584352638115,1.9844674545084815,completed,False,COMPLETE
205,6.615979346593835,2026-06-12 23:02:34.133426,2026-06-12 23:02:34.559502,0 days 00:00:00.426076,,,,,,,,,,,minkowski,18.0,distance,,KNeighborsRegressor,,,,,,10,,,,,0.1748691422370216,0.0326366689670085,LinearSVR,,,,,,,,,,,,,,,,,,,,,,,,,,,,,,,,,,,,,,,,,,,,,,,,,,,,,,KNeighborsRegressor,"{'mode': 'proxy', 'type': 'LinearSVR'}",10,"['nodes_T6W40', 'edges_T6W40', 're_T6W40', 'pe_T6W40', 'l1_T6W40', 'lcc_T6W40', 'atd_T6W40', 'density_T6W40', 'diameter_T6W40', 'asp_T6W40']",,,,,,,,,,,,,,,pruned,True,PRUNED
