number,value,datetime_start,datetime_complete,duration,params_dt_max_depth,params_dt_min_samples_leaf,params_dt_min_samples_split,params_elastic_alpha,params_elastic_l1_ratio,params_et_max_depth,params_et_max_features,params_et_min_samples_leaf,params_et_min_samples_split,params_et_n_estimators,params_knn_metric,params_knn_n_neighbors,params_knn_weights,params_quantile_alpha,params_regressor,params_rf_max_depth,params_rf_max_features,params_rf_min_samples_leaf,params_rf_min_samples_split,params_rf_n_estimators,params_rfe_n_features,params_rfe_proxy_et_max_depth,params_rfe_proxy_et_min_samples_leaf,params_rfe_proxy_et_min_samples_split,params_rfe_proxy_et_n_estimators,params_rfe_proxy_lsvr_C,params_rfe_proxy_lsvr_epsilon,params_rfe_proxy_type,params_use_scaler,params_xgb_booster,params_xgb_colsample_bytree,params_xgb_learning_rate,params_xgb_max_depth,params_xgb_n_estimators,params_xgb_reg_alpha,params_xgb_reg_lambda,params_xgb_subsample,user_attrs_d2mae_ci_lower_val,user_attrs_d2mae_ci_upper_val,user_attrs_d2mae_df_val,user_attrs_d2mae_mean_val,user_attrs_d2mae_samperror_val,user_attrs_d2mae_std_val,user_attrs_d2mae_t_critical_val,user_attrs_mae_ci_lower_val,user_attrs_mae_ci_upper_val,user_attrs_mae_df_val,user_attrs_mae_mean_val,user_attrs_mae_samperror_val,user_attrs_mae_std_val,user_attrs_mae_t_critical_val,user_attrs_mape_ci_lower_val,user_attrs_mape_ci_upper_val,user_attrs_mape_df_val,user_attrs_mape_mean_val,user_attrs_mape_samperror_val,user_attrs_mape_std_val,user_attrs_mape_t_critical_val,user_attrs_max_error_ci_lower_val,user_attrs_max_error_ci_upper_val,user_attrs_max_error_df_val,user_attrs_max_error_mean_val,user_attrs_max_error_samperror_val,user_attrs_max_error_std_val,user_attrs_max_error_t_critical_val,user_attrs_median_ae_ci_lower_val,user_attrs_median_ae_ci_upper_val,user_attrs_median_ae_df_val,user_attrs_median_ae_mean_val,user_attrs_median_ae_samperror_val,user_attrs_median_ae_std_val,user_attrs_median_ae_t_critical_val,user_attrs_n_splits_val,user_attrs_r2_below_zero_val,user_attrs_r2_ci_lower_val,user_attrs_r2_ci_upper_val,user_attrs_r2_df_val,user_attrs_r2_mean_val,user_attrs_r2_samperror_val,user_attrs_r2_std_val,user_attrs_r2_t_critical_val,user_attrs_regressor_final,user_attrs_rfe_estimator,user_attrs_rfe_n_features,user_attrs_rfe_selected_features,user_attrs_rho_ci_lower_val,user_attrs_rho_ci_upper_val,user_attrs_rho_df_val,user_attrs_rho_mean_val,user_attrs_rho_samperror_val,user_attrs_rho_std_val,user_attrs_rho_t_critical_val,user_attrs_rmse_ci_lower_val,user_attrs_rmse_ci_upper_val,user_attrs_rmse_df_val,user_attrs_rmse_mean_val,user_attrs_rmse_samperror_val,user_attrs_rmse_std_val,user_attrs_rmse_t_critical_val,user_attrs_termination_reason,user_attrs_use_scaler_final,state
80,6.623535505888447,2026-06-12 22:49:33.689155,2026-06-12 22:49:35.568819,0 days 00:00:01.879664,,,,,,,,,,,minkowski,13.0,uniform,,KNeighborsRegressor,,,,,,6,,,,,0.0013577269394141453,0.00020621202575348165,LinearSVR,,,,,,,,,,-0.040774393256079136,-0.025816329559464377,98.0,-0.033295361407771756,0.007479031848307379,0.03749894065473242,1.9844674545084815,6.557287704022363,6.6897833077545314,98.0,6.623535505888447,0.06624780186608413,0.33215828479791515,1.9844674545084815,177223487329656.94,392133273459539.3,98.0,284678380394598.1,107454893064941.17,538765543432573.1,1.9844674545084815,17.791135372226172,18.499462918372117,98.0,18.145299145299145,0.35416377307297264,1.77573335398019,1.9844674545084815,6.126974166977537,6.325240285236915,98.0,6.226107226107226,0.09913305912968905,0.4970408973545943,1.9844674545084815,99.0,0.9191919191919192,-0.11736418565380344,-0.08770699627375494,98.0,-0.10253559096377919,0.014828594690024254,0.07434873972359725,1.9844674545084815,KNeighborsRegressor,"{'mode': 'proxy', 'type': 'LinearSVR'}",6,"['nodes_T6W40', 'l3_T6W40', 'lcc_T6W40', 'density_T6W40', 'diameter_T6W40', 'asp_T6W40']",-0.07697435875079237,-0.02688352262488175,98.0,-0.05192894068783706,0.025045418062955307,0.1255746284632114,1.9844674545084815,7.8609367486185,8.015048851924993,98.0,7.937992800271746,0.07705605165324614,0.3863495124288067,1.9844674545084815,completed,True,COMPLETE
81,6.465362265840683,2026-06-12 22:49:35.581287,2026-06-12 22:50:14.631489,0 days 00:00:39.050202,,,,,,,,,,,,,,,RandomForestRegressor,2.0,sqrt,4.0,7.0,472.0,6,,,,,,,,True,,,,,,,,,-0.01397111752667659,-0.003532229967263329,98.0,-0.00875167374696996,0.005219443779706631,0.026169645552482374,1.9844674545084815,6.413589860949731,6.517134670731634,98.0,6.465362265840683,0.05177240489095183,0.25958043473206394,1.9844674545084815,167211265890077.53,368278964904082.75,98.0,267745115397080.12,100533849507002.6,504064287051816.8,1.9844674545084815,16.58261631900962,17.12020529460096,98.0,16.85141080680529,0.2687944877956697,1.3477023163700212,1.9844674545084815,6.308448447457819,6.497811543337905,98.0,6.403129995397862,0.09468154794004306,0.47472157082810135,1.9844674545084815,99.0,0.6464646464646465,-0.03498278828255086,-0.0160882687402789,98.0,-0.02553552851141488,0.009447259771135981,0.04736739202251748,1.9844674545084815,RandomForestRegressor,"{'mode': 'original', 'type': 'RandomForestRegressor'}",6,"['nodes_T6W40', 'lcc_T6W40', 'atd_T6W40', 'density_T6W40', 'diameter_T6W40', 'asp_T6W40']",0.004599564807279424,0.0531260752706577,98.0,0.028862820038968562,0.024263255231689138,0.1216529607678632,1.9844674545084815,7.595382934533928,7.719997062001106,98.0,7.657689998267517,0.06230706373358875,0.3123999112057866,1.9844674545084815,completed,True,COMPLETE
82,6.455970654701231,2026-06-12 22:50:14.681866,2026-06-12 22:50:17.197746,0 days 00:00:02.515880,,,,,,,,,,,,,,0.00020033665584113386,QuantileRegressor,,,,,,4,,,,,,,,True,,,,,,,,,-0.013283643672372608,-0.001081926042797915,98.0,-0.007182784857585262,0.006100858814787347,0.03058895152189884,1.9844674545084815,6.397295680522466,6.514645628879996,98.0,6.455970654701231,0.05867497417876475,0.29418906340737233,1.9844674545084815,151587628152753.66,333739622703262.9,98.0,242663625428008.25,91075997275254.6,456643785741903.0,1.9844674545084815,17.254133093405667,17.86665564126284,98.0,17.560394367334254,0.30626127392858854,1.535556148018009,1.9844674545084815,5.953097608518613,6.163902890659768,98.0,6.058500249589191,0.1054026410705776,0.5284758057625013,1.9844674545084815,99.0,0.7878787878787878,-0.06663363720935642,-0.04283521896239549,98.0,-0.054734428085875954,0.011899209123480466,0.059661162809545774,1.9844674545084815,QuantileRegressor,"{'mode': 'original', 'type': 'QuantileRegressor'}",4,"['nodes_T6W40', 'lcc_T6W40', 'atd_T6W40', 'density_T6W40']",0.04496343939164778,0.08796364729693913,98.0,0.06646354334429345,0.021500103952645677,0.1077988620109033,1.9844674545084815,7.695204771576846,7.835531166771811,98.0,7.765367969174329,0.07016319759748242,0.35178959472537935,1.9844674545084815,completed,True,COMPLETE
83,6.636325923673977,2026-06-12 22:50:17.210805,2026-06-12 22:50:50.304275,0 days 00:00:33.093470,,,,,,,,,,,,,,,RandomForestRegressor,6.0,,5.0,12.0,374.0,2,,,,,,,,False,,,,,,,,,-0.044760815260635904,-0.026468938483507835,98.0,-0.03561487687207187,0.009145938388564034,0.045856603878778726,1.9844674545084815,6.569397751859306,6.7032540954886475,98.0,6.636325923673977,0.06692817181467081,0.3355695755696063,1.9844674545084815,167989575773361.38,370947828900071.2,98.0,269468702336716.28,101479126563354.9,508803789297212.0,1.9844674545084815,17.26761831889664,17.77192851156879,98.0,17.519773415232716,0.2521550963360757,1.264274465609446,1.9844674545084815,6.118243583024963,6.3494145948805105,98.0,6.233829088952737,0.11558550592777359,0.5795314307043272,1.9844674545084815,99.0,0.8787878787878788,-0.11233446410718415,-0.07789318227958628,98.0,-0.09511382319338521,0.01722064091379894,0.08634216363300394,1.9844674545084815,RandomForestRegressor,"{'mode': 'original', 'type': 'RandomForestRegressor'}",2,"['atd_T6W40', 'diameter_T6W40']",0.019768379598074762,0.06371142203166406,98.0,0.04173990081486941,0.02197152121679465,0.11016248986681881,1.9844674545084815,7.829183988996624,7.988063387049973,98.0,7.908623688023298,0.07943969902667414,0.3983008255413741,1.9844674545084815,completed,False,COMPLETE
84,6.820350383021637,2026-06-12 22:50:50.316479,2026-06-12 22:50:59.605660,0 days 00:00:09.289181,,,,,,,,,,,,,,,RandomForestRegressor,18.0,,3.0,8.0,68.0,12,,,,,,,,False,,,,,,,,,-0.073809718631319,-0.05499094521621156,98.0,-0.06440033192376528,0.00940938670755372,0.047177501165988296,1.9844674545084815,6.753519807765491,6.887180958277783,98.0,6.820350383021637,0.0668305752561463,0.3350802384962464,1.9844674545084815,179486594481679.25,397085258773279.9,98.0,288285926627479.56,108799332145800.3,545506394699097.6,1.9844674545084815,17.52118137793659,18.115829637617868,98.0,17.81850550777723,0.29732412984063794,1.490746412938101,1.9844674545084815,6.18698103670271,6.420235967432188,98.0,6.303608502067449,0.11662746536473909,0.5847556864481038,1.9844674545084815,99.0,0.9494949494949495,-0.17371518182580853,-0.13804107639716923,98.0,-0.15587812911148888,0.017837052714319665,0.08943277616085868,1.9844674545084815,RandomForestRegressor,"{'mode': 'original', 'type': 'RandomForestRegressor'}",12,"['edges_T6W40', 're_T6W40', 'pe_T6W40', 'l1_T6W40', 'l2_T6W40', 'l3_T6W40', 'lcc_T6W40', 'lsc_T6W40', 'atd_T6W40', 'density_T6W40', 'diameter_T6W40', 'asp_T6W40']",-0.10208874227627181,-0.05417693223024715,98.0,-0.07813283725325948,0.02395590502301233,0.12011194483570085,1.9844674545084815,8.048267839697324,8.199880274605658,98.0,8.124074057151491,0.07580621745416674,0.38008299833846493,1.9844674545084815,completed,False,COMPLETE
85,6.541953257945168,2026-06-12 22:50:59.618847,2026-06-12 22:51:39.482449,0 days 00:00:39.863602,,,,,,,,,,,,,,,RandomForestRegressor,5.0,log2,5.0,4.0,459.0,4,,,,,,,,False,,,,,,,,,-0.029120119616149194,-0.012498165122106511,98.0,-0.020809142369127853,0.008310977247021342,0.04167021198598273,1.9844674545084815,6.478000986144103,6.605905529746233,98.0,6.541953257945168,0.06395227180106522,0.32064878097105565,1.9844674545084815,169093334598962.62,372806924373166.94,98.0,270950129486064.78,101856794887102.14,510697371561148.44,1.9844674545084815,17.288781701171306,17.79984679229098,98.0,17.544314246731144,0.2555325455598372,1.2812085782827152,1.9844674545084815,6.045868659202494,6.279294163681659,98.0,6.162581411442076,0.11671275223958198,0.5851833042899887,1.9844674545084815,99.0,0.8181818181818182,-0.09134920163167347,-0.05788647815706406,98.0,-0.07461783989436876,0.016731361737304704,0.08388897835781271,1.9844674545084815,RandomForestRegressor,"{'mode': 'original', 'type': 'RandomForestRegressor'}",4,"['nodes_T6W40', 'atd_T6W40', 'density_T6W40', 'asp_T6W40']",0.0074021225194005336,0.06041575383074238,98.0,0.03390893817507146,0.026506815655670923,0.1329018952423486,1.9844674545084815,7.757549949196803,7.910825960384014,98.0,7.8341879547904085,0.07663800559360524,0.3842534811911585,1.9844674545084815,completed,False,COMPLETE
86,6.474694728945759,2026-06-12 22:51:39.494726,2026-06-12 22:51:41.984546,0 days 00:00:02.489820,,,,,,,,,,,,,,,XGBRegressor,,,,,,6,,,,,,,,False,gblinear,0.7268947706918196,0.0021095505016488166,8.0,196.0,1.3318464888627862e-06,4.5863872977933616e-08,0.9849105225392724,-0.011927848139596537,-0.00838550583818768,98.0,-0.010156676988892109,0.0017711711507044292,0.008880433085021656,1.9844674545084815,6.431294691725693,6.5180947661658255,98.0,6.474694728945759,0.04340003722006586,0.2176024187538052,1.9844674545084815,177474290488005.72,390481582145933.5,98.0,283977936316969.6,106503645828963.9,533996107444951.0,1.9844674545084815,16.24681997766886,16.68871223579266,98.0,16.46776610673076,0.22094612906190206,1.1077965637303973,1.9844674545084815,6.2331939898595135,6.389272916293077,98.0,6.311233453076295,0.07803946321678155,0.39128021637660954,1.9844674545084815,99.0,0.7373737373737373,-0.003585147374799611,-0.0017547573694341014,98.0,-0.002669952372116856,0.0009151950026827548,0.004588674548949165,1.9844674545084815,XGBRegressor,"{'mode': 'original', 'type': 'XGBRegressor'}",6,"['re_T6W40', 'l1_T6W40', 'l2_T6W40', 'l3_T6W40', 'density_T6W40', 'asp_T6W40']",-0.0319271207571991,0.017900338876307847,98.0,-0.007013390940445627,0.024913729816753473,0.12491435988441589,1.9844674545084815,7.517911026088187,7.631703515749555,98.0,7.574807270918871,0.05689624483068397,0.2852707344555298,1.9844674545084815,completed,False,COMPLETE
87,6.5581367528266945,2026-06-12 22:51:41.996613,2026-06-12 22:51:43.619166,0 days 00:00:01.622553,,,,,,,,,,,,,,,LinearRegression,,,,,,7,,,,,,,,True,,,,,,,,,-0.029374909322282563,-0.016988634413472554,98.0,-0.02318177186787756,0.0061931374544050045,0.031051625207598563,1.9844674545084815,6.500318843186256,6.615954662467133,98.0,6.5581367528266945,0.05781790964043897,0.28989184781693095,1.9844674545084815,166287575604578.72,366494598145802.4,98.0,266391086875190.53,100103511270611.81,501906624360283.75,1.9844674545084815,16.6090010899144,17.247876302986903,98.0,16.92843869645065,0.3194376065362525,1.601620650018175,1.9844674545084815,6.174943518552466,6.3350430131984705,98.0,6.254993265875468,0.08004974732300207,0.4013595322462666,1.9844674545084815,99.0,0.8282828282828283,-0.06736071040473203,-0.04338521145414226,98.0,-0.055372960929437144,0.011987749475294882,0.06010509318256448,1.9844674545084815,LinearRegression,"{'mode': 'original', 'type': 'LinearRegression'}",7,"['nodes_T6W40', 'l2_T6W40', 'lcc_T6W40', 'atd_T6W40', 'density_T6W40', 'diameter_T6W40', 'asp_T6W40']",-0.04799971780427066,-0.0027858425678921363,98.0,-0.0253927801860814,0.022606937618189264,0.1133483891129001,1.9844674545084815,7.695823739314581,7.840461041142604,98.0,7.768142390228593,0.07231865091401198,0.3625967710604929,1.9844674545084815,completed,True,COMPLETE
88,6.519744180791327,2026-06-12 22:51:43.631057,2026-06-12 22:51:50.579126,0 days 00:00:06.948069,,,,,,,,,,,,,,,RandomForestRegressor,4.0,log2,5.0,6.0,67.0,3,,,,,,,,False,,,,,,,,,-0.024510180904433236,-0.010075607728691795,98.0,-0.017292894316562515,0.007217286587870721,0.03618658229246752,1.9844674545084815,6.4599185503897605,6.5795698111928935,98.0,6.519744180791327,0.0598256304015669,0.2999583113913372,1.9844674545084815,163636046461651.56,360581586071115.7,98.0,262108816266383.62,98472769804732.08,493730288346141.1,1.9844674545084815,17.077436101822233,17.602064024868195,98.0,17.339750063345214,0.2623139615229818,1.3152097591728014,1.9844674545084815,6.173480976553483,6.383618821895196,98.0,6.278549899224339,0.10506892267085594,0.5268025829817496,1.9844674545084815,99.0,0.7676767676767676,-0.06905357094210929,-0.0399825625044756,98.0,-0.054518066723292444,0.014535504218816844,0.07287922035141253,1.9844674545084815,RandomForestRegressor,"{'mode': 'original', 'type': 'RandomForestRegressor'}",3,"['lcc_T6W40', 'atd_T6W40', 'asp_T6W40']",0.007620232083036367,0.058953876943774595,98.0,0.03328705451340548,0.025666822430369114,0.12869027310397005,1.9844674545084815,7.688086303869291,7.8373203699538045,98.0,7.762703336911548,0.0746170330422569,0.3741205747796146,1.9844674545084815,completed,False,COMPLETE
89,6.444891265859723,2026-06-12 22:51:50.591514,2026-06-12 22:51:52.296619,0 days 00:00:01.705105,,,,,,,,,,,,,,,LinearRegression,,,,,,3,,,,,,,,False,,,,,,,,,-0.010091590803071844,-0.0008775879952055247,98.0,-0.0054845893991386846,0.00460700140393316,0.023098935229358096,1.9844674545084815,6.393215973754329,6.496566557965116,98.0,6.444891265859723,0.051675292105393775,0.25909352323652307,1.9844674545084815,168458284498437.8,370747598156283.75,98.0,269602941327360.78,101144656828922.95,507126799417150.75,1.9844674545084815,16.404062236283135,16.942358770131786,98.0,16.67321050320746,0.2691482669243263,1.3494761211644721,1.9844674545084815,6.170557470518502,6.341044929017449,98.0,6.255801199767975,0.08524372924947385,0.42740151521584,1.9844674545084815,99.0,0.6262626262626263,-0.024875294213623993,-0.008441569589378028,98.0,-0.01665843190150101,0.008216862312122982,0.041198331342864956,1.9844674545084815,LinearRegression,"{'mode': 'original', 'type': 'LinearRegression'}",3,"['nodes_T6W40', 'atd_T6W40', 'density_T6W40']",0.02340397385133383,0.07224866167063905,98.0,0.04782631776098644,0.02442234390965261,0.12245061172253083,1.9844674545084815,7.562534413339205,7.688685213149349,98.0,7.625609813244277,0.06307539990507174,0.3162522537391114,1.9844674545084815,completed,False,COMPLETE
90,6.641830065359477,2026-06-12 22:51:52.309237,2026-06-12 22:51:52.492104,0 days 00:00:00.182867,,,,,,,,,,,minkowski,9.0,uniform,,KNeighborsRegressor,,,,,,13,11.0,1.0,8.0,60.0,,,ExtraTrees,,,,,,,,,,,,,,,,,,,,,,,,,,,,,,,,,,,,,,,,,,,,,,,,,,,,,,KNeighborsRegressor,"{'mode': 'proxy', 'type': 'ExtraTrees'}",13,"['nodes_T6W40', 'edges_T6W40', 're_T6W40', 'pe_T6W40', 'l1_T6W40', 'l2_T6W40', 'l3_T6W40', 'lcc_T6W40', 'lsc_T6W40', 'atd_T6W40', 'density_T6W40', 'diameter_T6W40', 'asp_T6W40']",,,,,,,,,,,,,,,pruned,True,PRUNED
91,6.75341016958479,2026-06-12 22:51:52.501619,2026-06-12 22:51:54.183553,0 days 00:00:01.681934,,,,,,,,,,,,,,,LinearRegression,,,,,,13,,,,,,,,True,,,,,,,,,-0.062455021036829074,-0.04490674730091256,98.0,-0.05368088416887082,0.008774136867958257,0.043992437040167046,1.9844674545084815,6.683262671370984,6.823557667798597,98.0,6.75341016958479,0.07014749821380686,0.3517108799573845,1.9844674545084815,162115005146958.56,357940037754867.4,98.0,260027521450912.97,97912516303954.39,490921246587344.06,1.9844674545084815,17.85213829522227,18.79199691219856,98.0,18.322067603710416,0.4699293084881423,2.3561674302676474,1.9844674545084815,6.264165532292505,6.48134355877187,98.0,6.372754545532188,0.10858901323968215,0.5444518817167953,1.9844674545084815,99.0,0.9696969696969697,-0.1559018522839422,-0.11729932371185166,98.0,-0.13660058799789693,0.019301264286045273,0.09677415188270926,1.9844674545084815,LinearRegression,"{'mode': 'original', 'type': 'LinearRegression'}",13,"['nodes_T6W40', 'edges_T6W40', 're_T6W40', 'pe_T6W40', 'l1_T6W40', 'l2_T6W40', 'l3_T6W40', 'lcc_T6W40', 'lsc_T6W40', 'atd_T6W40', 'density_T6W40', 'diameter_T6W40', 'asp_T6W40']",-0.12123260628784818,-0.07562844171252284,98.0,-0.09843052400018551,0.022802082287662666,0.11432682034946803,1.9844674545084815,7.969298868488928,8.145229761598909,98.0,8.057264315043918,0.08796544655499014,0.44104786915423266,1.9844674545084815,completed,True,COMPLETE
92,6.625597713833008,2026-06-12 22:51:54.195427,2026-06-12 22:51:56.028178,0 days 00:00:01.832751,,,,,,,,,,,minkowski,14.0,uniform,,KNeighborsRegressor,,,,,,6,,,,,0.0010544710041137256,0.0019876655910112248,LinearSVR,,,,,,,,,,-0.041329203261201125,-0.02599415978359222,98.0,-0.03366168152239667,0.0076675217388044534,0.038444005652599283,1.9844674545084815,6.559679941442662,6.691515486223354,98.0,6.625597713833008,0.06591777239034632,0.3305035578257597,1.9844674545084815,174762434995764.78,386419489542042.4,98.0,280590962268903.6,105828527273138.81,530611146507055.94,1.9844674545084815,17.769823128784758,18.471158112196484,98.0,18.12049062049062,0.35066749170586303,1.7582034316377464,1.9844674545084815,6.127348447135433,6.335855016068032,98.0,6.2316017316017325,0.10425328446629908,0.5227130739050726,1.9844674545084815,99.0,0.8888888888888888,-0.1133408916386988,-0.08313441318017455,98.0,-0.09823765240943667,0.015103239229262131,0.07572577347434378,1.9844674545084815,KNeighborsRegressor,"{'mode': 'proxy', 'type': 'LinearSVR'}",6,"['nodes_T6W40', 'l3_T6W40', 'lcc_T6W40', 'density_T6W40', 'diameter_T6W40', 'asp_T6W40']",-0.08486959725320833,-0.0322427961165244,98.0,-0.05855619668486637,0.02631340056834197,0.1319321359167322,1.9844674545084815,7.846024598519011,7.997606898108876,98.0,7.921815748313944,0.075791149794933,0.38000745095868743,1.9844674545084815,completed,True,COMPLETE
93,6.446623093582356,2026-06-12 22:51:56.040657,2026-06-12 22:51:58.218965,0 days 00:00:02.178308,,,,0.1251560159806257,0.46349404380057235,,,,,,,,,,ElasticNet,,,,,,6,,,,,,,,False,,,,,,,,,-0.009631602344167822,-0.0017938135908151485,98.0,-0.005712707967491485,0.003918894376676337,0.019648851702163645,1.9844674545084815,6.395841187812536,6.497404999352176,98.0,6.446623093582356,0.05078190576982005,0.25461419464708673,1.9844674545084815,171138637179698.1,376619715667444.6,98.0,273879176423571.34,102740539243873.25,515128356461421.94,1.9844674545084815,16.39706955320223,16.908033095944226,98.0,16.652551324573228,0.2554817713709972,1.2809540027797996,1.9844674545084815,6.154765720220662,6.316602174453005,98.0,6.235683947336834,0.08091822711617191,0.40571398251261764,1.9844674545084815,99.0,0.5858585858585859,-0.021535010295804676,-0.0076775991487126995,98.0,-0.014606304722258687,0.006928705573545988,0.03473967277934722,1.9844674545084815,ElasticNet,"{'mode': 'original', 'type': 'ElasticNet'}",6,"['nodes_T6W40', 're_T6W40', 'l1_T6W40', 'l2_T6W40', 'lcc_T6W40', 'lsc_T6W40']",0.013788503767785888,0.05873476389907782,98.0,0.03626163383343185,0.022473130065645965,0.11267749459423164,1.9844674545084815,7.556220568252487,7.681106206651762,98.0,7.618663387452124,0.06244281919963773,0.3130805723218478,1.9844674545084815,completed,False,COMPLETE
