number,value,datetime_start,datetime_complete,duration,params_dt_max_depth,params_dt_min_samples_leaf,params_dt_min_samples_split,params_elastic_alpha,params_elastic_l1_ratio,params_et_max_depth,params_et_max_features,params_et_min_samples_leaf,params_et_min_samples_split,params_et_n_estimators,params_knn_metric,params_knn_n_neighbors,params_knn_weights,params_quantile_alpha,params_regressor,params_rf_max_depth,params_rf_max_features,params_rf_min_samples_leaf,params_rf_min_samples_split,params_rf_n_estimators,params_rfe_n_features,params_rfe_proxy_et_max_depth,params_rfe_proxy_et_min_samples_leaf,params_rfe_proxy_et_min_samples_split,params_rfe_proxy_et_n_estimators,params_rfe_proxy_lsvr_C,params_rfe_proxy_lsvr_epsilon,params_rfe_proxy_type,params_use_scaler,params_xgb_booster,params_xgb_colsample_bytree,params_xgb_learning_rate,params_xgb_max_depth,params_xgb_n_estimators,params_xgb_reg_alpha,params_xgb_reg_lambda,params_xgb_subsample,user_attrs_d2mae_ci_lower_val,user_attrs_d2mae_ci_upper_val,user_attrs_d2mae_df_val,user_attrs_d2mae_mean_val,user_attrs_d2mae_samperror_val,user_attrs_d2mae_std_val,user_attrs_d2mae_t_critical_val,user_attrs_mae_ci_lower_val,user_attrs_mae_ci_upper_val,user_attrs_mae_df_val,user_attrs_mae_mean_val,user_attrs_mae_samperror_val,user_attrs_mae_std_val,user_attrs_mae_t_critical_val,user_attrs_mape_ci_lower_val,user_attrs_mape_ci_upper_val,user_attrs_mape_df_val,user_attrs_mape_mean_val,user_attrs_mape_samperror_val,user_attrs_mape_std_val,user_attrs_mape_t_critical_val,user_attrs_max_error_ci_lower_val,user_attrs_max_error_ci_upper_val,user_attrs_max_error_df_val,user_attrs_max_error_mean_val,user_attrs_max_error_samperror_val,user_attrs_max_error_std_val,user_attrs_max_error_t_critical_val,user_attrs_median_ae_ci_lower_val,user_attrs_median_ae_ci_upper_val,user_attrs_median_ae_df_val,user_attrs_median_ae_mean_val,user_attrs_median_ae_samperror_val,user_attrs_median_ae_std_val,user_attrs_median_ae_t_critical_val,user_attrs_n_splits_val,user_attrs_r2_below_zero_val,user_attrs_r2_ci_lower_val,user_attrs_r2_ci_upper_val,user_attrs_r2_df_val,user_attrs_r2_mean_val,user_attrs_r2_samperror_val,user_attrs_r2_std_val,user_attrs_r2_t_critical_val,user_attrs_regressor_final,user_attrs_rfe_estimator,user_attrs_rfe_n_features,user_attrs_rfe_selected_features,user_attrs_rho_ci_lower_val,user_attrs_rho_ci_upper_val,user_attrs_rho_df_val,user_attrs_rho_mean_val,user_attrs_rho_samperror_val,user_attrs_rho_std_val,user_attrs_rho_t_critical_val,user_attrs_rmse_ci_lower_val,user_attrs_rmse_ci_upper_val,user_attrs_rmse_df_val,user_attrs_rmse_mean_val,user_attrs_rmse_samperror_val,user_attrs_rmse_std_val,user_attrs_rmse_t_critical_val,user_attrs_termination_reason,user_attrs_use_scaler_final,state
274,6.567115144256995,2026-06-12 23:11:04.772259,2026-06-12 23:11:23.220465,0 days 00:00:18.448206,,,,,,16.0,sqrt,3.0,8.0,334.0,,,,,ExtraTreesRegressor,,,,,,4,,,,,,,,False,,,,,,,,,-0.030890876804648935,-0.018366176950100004,98.0,-0.02462852687737447,0.006262349927274465,0.031398647986126585,1.9844674545084815,6.510149104943798,6.624081183570192,98.0,6.567115144256995,0.05696603931319678,0.28562067535842456,1.9844674545084815,180432109795769.2,397515270574233.44,98.0,288973690185001.3,108541580389232.12,544214059271298.9,1.9844674545084815,16.975323993344084,17.561422233522144,98.0,17.268373113433114,0.2930491200890289,1.469312042791613,1.9844674545084815,6.2323288090041835,6.423803103000635,98.0,6.328065956002409,0.0957371469982254,0.48001421394566335,1.9844674545084815,99.0,0.8484848484848485,-0.07232113717255477,-0.04915254818948954,98.0,-0.060736842681022155,0.011584294491532617,0.05808221979469662,1.9844674545084815,ExtraTreesRegressor,"{'mode': 'original', 'type': 'ExtraTreesRegressor'}",4,"['nodes_T6W40', 'lcc_T6W40', 'atd_T6W40', 'density_T6W40']",-0.02212316643586599,0.026136261216928795,98.0,0.002006547390531403,0.024129713826397392,0.12098340067859602,1.9844674545084815,7.718567879363133,7.856425592881647,98.0,7.78749673612239,0.06892885675925683,0.34560076243008575,1.9844674545084815,completed,False,COMPLETE
275,6.5840267313412255,2026-06-12 23:11:23.233211,2026-06-12 23:11:23.498319,0 days 00:00:00.265108,,,,,,,,,,,minkowski,14.0,distance,,KNeighborsRegressor,,,,,,12,7.0,2.0,7.0,40.0,,,ExtraTrees,,,,,,,,,,,,,,,,,,,,,,,,,,,,,,,,,,,,,,,,,,,,,,,,,,,,,,KNeighborsRegressor,"{'mode': 'proxy', 'type': 'ExtraTrees'}",12,"['nodes_T6W40', 'edges_T6W40', 're_T6W40', 'l1_T6W40', 'l2_T6W40', 'l3_T6W40', 'lcc_T6W40', 'lsc_T6W40', 'atd_T6W40', 'density_T6W40', 'diameter_T6W40', 'asp_T6W40']",,,,,,,,,,,,,,,pruned,True,PRUNED
276,7.15768525026841,2026-06-12 23:11:23.509039,2026-06-12 23:11:23.683725,0 days 00:00:00.174686,3.0,1.0,2.0,,,,,,,,,,,,DecisionTreeRegressor,,,,,,8,,,,,,,,True,,,,,,,,,,,,,,,,,,,,,,,,,,,,,,,,,,,,,,,,,,,,,,,,,,,,,DecisionTreeRegressor,"{'mode': 'original', 'type': 'DecisionTreeRegressor'}",8,"['re_T6W40', 'pe_T6W40', 'l1_T6W40', 'l2_T6W40', 'lsc_T6W40', 'atd_T6W40', 'diameter_T6W40', 'asp_T6W40']",,,,,,,,,,,,,,,pruned,True,PRUNED
277,6.505435425453808,2026-06-12 23:11:23.693183,2026-06-12 23:11:26.168875,0 days 00:00:02.475692,,,,,,,,,,,,,,0.001695263503744324,QuantileRegressor,,,,,,6,,,,,,,,False,,,,,,,,,-0.02210499875223522,-0.00753148090948895,98.0,-0.014818239830862084,0.007286758921373134,0.03653490798006869,1.9844674545084815,6.438994121607095,6.57187672930052,98.0,6.505435425453808,0.06644130384671258,0.3331284797957881,1.9844674545084815,161270947729909.88,355360556922887.6,98.0,258315752326398.75,97044804596488.88,486570647407714.94,1.9844674545084815,17.930498669653215,18.643903204940234,98.0,18.287200937296724,0.3567022676435099,1.7884610517870227,1.9844674545084815,5.8682296957520546,6.09907778273978,98.0,5.983653739245917,0.11542404349386293,0.5787218780309348,1.9844674545084815,99.0,0.9292929292929293,-0.10172454843968057,-0.07414592549120325,98.0,-0.0879352369654419,0.01378931147423866,0.06913790222181239,1.9844674545084815,QuantileRegressor,"{'mode': 'original', 'type': 'QuantileRegressor'}",6,"['re_T6W40', 'l1_T6W40', 'l2_T6W40', 'l3_T6W40', 'lcc_T6W40', 'diameter_T6W40']",-0.008388222041485626,0.033995585003785744,98.0,0.01280368148115006,0.021191903522635686,0.1062535831741347,1.9844674545084815,7.80829705969846,7.96508334727629,98.0,7.886690203487375,0.07839314378891521,0.393053527020844,1.9844674545084815,completed,False,COMPLETE
278,6.522809194541922,2026-06-12 23:11:26.181280,2026-06-12 23:11:28.009839,0 days 00:00:01.828559,,,,,,,,,,,,,,,LinearRegression,,,,,,6,,,,,,,,True,,,,,,,,,-0.023455428685413945,-0.011908431103420315,98.0,-0.01768192989441713,0.005773498790996814,0.028947608851639835,1.9844674545084815,6.467294495568038,6.5783238935158055,98.0,6.522809194541922,0.05551469897388345,0.27834383440393035,1.9844674545084815,167081558486021.5,368052880183307.1,98.0,267567219334664.3,100485660848642.83,503822675078941.8,1.9844674545084815,16.563473704025604,17.201568557515166,98.0,16.882521130770385,0.3190474267447826,1.5996643368025394,1.9844674545084815,6.119391056203941,6.27965969743768,98.0,6.1995253768208105,0.08013432061686904,0.4017835722813963,1.9844674545084815,99.0,0.7878787878787878,-0.05608348368241627,-0.033578172656950865,98.0,-0.04483082816968357,0.011252655512732706,0.05641942297325663,1.9844674545084815,LinearRegression,"{'mode': 'original', 'type': 'LinearRegression'}",6,"['nodes_T6W40', 'lcc_T6W40', 'atd_T6W40', 'density_T6W40', 'diameter_T6W40', 'asp_T6W40']",-0.021294458506287084,0.02400451536393656,98.0,0.0013550284288247358,0.02264948693511182,0.11356172612530224,1.9844674545084815,7.65884048701045,7.800330504058832,98.0,7.729585495534641,0.07074500852419059,0.35470672275149445,1.9844674545084815,completed,True,COMPLETE
279,8.253585434173669,2026-06-12 23:11:28.024237,2026-06-12 23:11:28.187246,0 days 00:00:00.163009,9.0,1.0,6.0,,,,,,,,,,,,DecisionTreeRegressor,,,,,,4,,,,,,,,True,,,,,,,,,,,,,,,,,,,,,,,,,,,,,,,,,,,,,,,,,,,,,,,,,,,,,DecisionTreeRegressor,"{'mode': 'original', 'type': 'DecisionTreeRegressor'}",4,"['l2_T6W40', 'lsc_T6W40', 'density_T6W40', 'diameter_T6W40']",,,,,,,,,,,,,,,pruned,True,PRUNED
280,6.582195246904721,2026-06-12 23:11:28.222967,2026-06-12 23:11:38.375591,0 days 00:00:10.152624,,,,,,18.0,,2.0,11.0,158.0,,,,,ExtraTreesRegressor,,,,,,4,,,,,,,,False,,,,,,,,,-0.03576976644091916,-0.01851187569590373,98.0,-0.027140821068411446,0.008628945372507715,0.043264464839767335,1.9844674545084815,6.517550767703117,6.646839726106325,98.0,6.582195246904721,0.06464447920160432,0.324119423262739,1.9844674545084815,170942592244035.3,377098776850779.8,98.0,274020684547407.56,103078092303372.25,516820805752013.0,1.9844674545084815,16.887514871392884,17.479229541347184,98.0,17.183372206370034,0.2958573349771484,1.4833920849108562,1.9844674545084815,6.165246633221738,6.42122039186831,98.0,6.293233512545024,0.12798687932328587,0.6417103830644162,1.9844674545084815,99.0,0.8282828282828283,-0.0925137003747971,-0.05955614292427787,98.0,-0.07603492164953748,0.016478778725259616,0.08262255837576439,1.9844674545084815,ExtraTreesRegressor,"{'mode': 'original', 'type': 'ExtraTreesRegressor'}",4,"['atd_T6W40', 'density_T6W40', 'diameter_T6W40', 'asp_T6W40']",0.030651399589410062,0.07608353300870803,98.0,0.053367466299059044,0.022716066709648982,0.1138955488800134,1.9844674545084815,7.765835861228602,7.911251412988289,98.0,7.838543637108446,0.07270777587984298,0.3645477955108399,1.9844674545084815,completed,False,COMPLETE
281,6.624993254392778,2026-06-12 23:11:38.388454,2026-06-12 23:11:44.919985,0 days 00:00:06.531531,,,,,,,,,,,,,,,XGBRegressor,,,,,,3,,,,,,,,False,gbtree,0.7598058379015038,0.022851779404450448,5.0,113.0,9.305437128443685,1.647994748405775e-07,0.7013697423734153,-0.04349092780545228,-0.02420063328340529,98.0,-0.033845780544428786,0.009645147261023492,0.048359575421400215,1.9844674545084815,6.555516697731388,6.694469811054168,98.0,6.624993254392778,0.06947655666138973,0.3483468619979506,1.9844674545084815,161049054048226.12,355463784423925.25,98.0,258256419236075.7,97207365187849.58,487385706106738.0,1.9844674545084815,16.941479790185596,17.623072863733974,98.0,17.282276326959785,0.34079653677418725,1.7087116844843742,1.9844674545084815,6.128884823400195,6.394880586435466,98.0,6.261882704917831,0.13299788151763572,0.6668349282887002,1.9844674545084815,99.0,0.8383838383838383,-0.10675166455330061,-0.06826439665169652,98.0,-0.08750803060249857,0.01924363395080204,0.09648520050972006,1.9844674545084815,XGBRegressor,"{'mode': 'original', 'type': 'XGBRegressor'}",3,"['density_T6W40', 'diameter_T6W40', 'asp_T6W40']",0.03604429157364219,0.08364174218847015,98.0,0.059843016881056164,0.023798725307413976,0.1193238651822248,1.9844674545084815,7.799073222814872,7.957048162356614,98.0,7.878060692585743,0.0789874697708707,0.3960334039860635,1.9844674545084815,completed,False,COMPLETE
282,6.740091257441292,2026-06-12 23:11:44.933425,2026-06-12 23:11:57.850345,0 days 00:00:12.916920,,,,,,13.0,,1.0,8.0,211.0,,,,,ExtraTreesRegressor,,,,,,4,,,,,,,,True,,,,,,,,,-0.06167867091657106,-0.0417831394029394,98.0,-0.05173090515975523,0.009947765756815831,0.049876867130394534,1.9844674545084815,6.666359306961106,6.8138232079214776,98.0,6.740091257441292,0.07373195048018592,0.36968288028348145,1.9844674545084815,172398623152805.84,380771389252288.4,98.0,276585006202547.12,104186383049741.28,522377638477051.7,1.9844674545084815,17.321416887248613,17.95927890980607,98.0,17.64034789852734,0.3189310112787274,1.5990806440544083,1.9844674545084815,6.1491785836937245,6.404279317312018,98.0,6.276728950502871,0.1275503668091473,0.639521763307912,1.9844674545084815,99.0,0.8888888888888888,-0.1409132186424457,-0.10100542410835847,98.0,-0.12095932137540208,0.019953897267043615,0.10004637292951715,1.9844674545084815,ExtraTreesRegressor,"{'mode': 'original', 'type': 'ExtraTreesRegressor'}",4,"['lcc_T6W40', 'density_T6W40', 'diameter_T6W40', 'asp_T6W40']",0.0018542346350196338,0.05118310808167395,98.0,0.026518671358346794,0.02466443672332716,0.12366443514741352,1.9844674545084815,7.916548575849827,8.080148150338198,98.0,7.998348363094013,0.08179978724418524,0.4101340159600526,1.9844674545084815,completed,True,COMPLETE
283,6.567183863847893,2026-06-12 23:11:57.862911,2026-06-12 23:12:00.818994,0 days 00:00:02.956083,,,,,,,,,,,,,,,RandomForestRegressor,11.0,log2,2.0,3.0,325.0,5,,,,,,,,True,,,,,,,,,,,,,,,,,,,,,,,,,,,,,,,,,,,,,,,,,,,,,,,,,,,,,RandomForestRegressor,"{'mode': 'original', 'type': 'RandomForestRegressor'}",5,"['l3_T6W40', 'lcc_T6W40', 'atd_T6W40', 'density_T6W40', 'asp_T6W40']",,,,,,,,,,,,,,,pruned,True,PRUNED
284,7.7380953795659675,2026-06-12 23:12:00.829301,2026-06-12 23:12:00.976532,0 days 00:00:00.147231,13.0,3.0,12.0,,,,,,,,,,,,DecisionTreeRegressor,,,,,,8,,,,,,,,True,,,,,,,,,,,,,,,,,,,,,,,,,,,,,,,,,,,,,,,,,,,,,,,,,,,,,DecisionTreeRegressor,"{'mode': 'original', 'type': 'DecisionTreeRegressor'}",8,"['edges_T6W40', 're_T6W40', 'l2_T6W40', 'l3_T6W40', 'lsc_T6W40', 'atd_T6W40', 'density_T6W40', 'diameter_T6W40']",,,,,,,,,,,,,,,pruned,True,PRUNED
285,6.72235581276563,2026-06-12 23:12:00.986423,2026-06-12 23:12:02.896223,0 days 00:00:01.909800,,,,,,,,,,,,,,,LinearRegression,,,,,,12,,,,,,,,False,,,,,,,,,-0.05737398359372609,-0.04018572769409443,98.0,-0.04877985564391026,0.008594127949815832,0.04308989458873022,1.9844674545084815,6.6517021956998805,6.79300942983138,98.0,6.72235581276563,0.07065361706574956,0.35424849728248464,1.9844674545084815,162493691448666.62,358803063277855.9,98.0,260648377363261.25,98154685914594.64,492135455062714.2,1.9844674545084815,17.699310949635837,18.605585084103943,98.0,18.15244801686989,0.4531370672340544,2.2719732095424745,1.9844674545084815,6.2193268727399085,6.425497414768086,98.0,6.322412143753997,0.10308527101408867,0.5168567989196572,1.9844674545084815,99.0,0.9393939393939394,-0.13833552449290387,-0.10138488387093568,98.0,-0.11986020418191978,0.018475320310984103,0.09263297094737709,1.9844674545084815,LinearRegression,"{'mode': 'original', 'type': 'LinearRegression'}",12,"['nodes_T6W40', 'edges_T6W40', 're_T6W40', 'pe_T6W40', 'l1_T6W40', 'l2_T6W40', 'l3_T6W40', 'lcc_T6W40', 'atd_T6W40', 'density_T6W40', 'diameter_T6W40', 'asp_T6W40']",-0.11287451572607876,-0.06783834283392892,98.0,-0.09035642928000384,0.022518086446074923,0.11290290032534088,1.9844674545084815,7.9109892664640125,8.086190828504689,98.0,7.998590047484351,0.08760078102033834,0.4392194812665907,1.9844674545084815,completed,False,COMPLETE
286,6.472639721534019,2026-06-12 23:12:02.908836,2026-06-12 23:12:08.068985,0 days 00:00:05.160149,,,,,,,,,,,,,,,XGBRegressor,,,,,,9,,,,,,,,False,gbtree,0.6069973393491568,0.0026646637168733,2.0,86.0,3.544537957319563e-06,4.006964783909137e-05,0.7590387490201724,-0.011849270858506695,-0.007828979686190476,98.0,-0.009839125272348585,0.0020101455861581087,0.010078621347196767,1.9844674545084815,6.428948445318933,6.5163309977491055,98.0,6.472639721534019,0.04369127621508616,0.21906265505338476,1.9844674545084815,176180000838231.53,387666837708598.75,98.0,281923419273415.1,105743418435183.6,530184421320105.6,1.9844674545084815,16.366493988476734,16.821545251734214,98.0,16.594019620105474,0.22752563162874123,1.1407853758247593,1.9844674545084815,6.26156348052474,6.4096365107207225,98.0,6.335599995622731,0.07403651509799102,0.37120992960754456,1.9844674545084815,99.0,0.6868686868686869,-0.007222320039453729,-0.003160145907976086,98.0,-0.005191232973714908,0.002031087065738822,0.010183619335699405,1.9844674545084815,XGBRegressor,"{'mode': 'original', 'type': 'XGBRegressor'}",9,"['nodes_T6W40', 're_T6W40', 'l3_T6W40', 'lcc_T6W40', 'lsc_T6W40', 'atd_T6W40', 'density_T6W40', 'diameter_T6W40', 'asp_T6W40']",-0.04833812651615452,0.0030454145423066577,98.0,-0.022646355986923928,0.025691770529230586,0.1288153597859938,1.9844674545084815,7.527168941365576,7.64117515231202,98.0,7.584172046838798,0.05700310547322241,0.28580652050032146,1.9844674545084815,completed,False,COMPLETE
287,6.43236284412755,2026-06-12 23:12:08.081865,2026-06-12 23:12:10.462793,0 days 00:00:02.380928,,,,,,,,,,,,,,4.557241216716546,QuantileRegressor,,,,,,13,,,,,,,,False,,,,,,,,,-0.004618760704527799,-0.0023266854860824436,98.0,-0.0034727230953051215,0.001146037609222678,0.005746090826723593,1.9844674545084815,6.387146941252938,6.477578747002163,98.0,6.43236284412755,0.04521590287461224,0.22670694455311866,1.9844674545084815,159975467009718.8,352020212552703.8,98.0,255997839781211.3,96022372771492.52,481444300695108.6,1.9844674545084815,17.65307108337025,18.14490871460955,98.0,17.8989898989899,0.24591881561964796,1.2330065254221743,1.9844674545084815,5.956835168213341,6.06336685198868,98.0,6.01010101010101,0.05326584188766987,0.26706834312012434,1.9844674545084815,99.0,1.0,-0.03940786471611372,-0.03383770038410198,98.0,-0.03662278255010785,0.0027850821660058717,0.013964057511701019,1.9844674545084815,QuantileRegressor,"{'mode': 'original', 'type': 'QuantileRegressor'}",13,"['nodes_T6W40', 'edges_T6W40', 're_T6W40', 'pe_T6W40', 'l1_T6W40', 'l2_T6W40', 'l3_T6W40', 'lcc_T6W40', 'lsc_T6W40', 'atd_T6W40', 'density_T6W40', 'diameter_T6W40', 'asp_T6W40']",,,,,,,,7.641821067877172,7.76254996760978,98.0,7.702185517743476,0.06036444986630419,0.3026598855444638,1.9844674545084815,completed,False,COMPLETE
288,6.572549019607844,2026-06-12 23:12:10.476309,2026-06-12 23:12:10.687327,0 days 00:00:00.211018,,,,,,,,,,,minkowski,3.0,uniform,,KNeighborsRegressor,,,,,,13,4.0,4.0,12.0,40.0,,,ExtraTrees,,,,,,,,,,,,,,,,,,,,,,,,,,,,,,,,,,,,,,,,,,,,,,,,,,,,,,KNeighborsRegressor,"{'mode': 'proxy', 'type': 'ExtraTrees'}",13,"['nodes_T6W40', 'edges_T6W40', 're_T6W40', 'pe_T6W40', 'l1_T6W40', 'l2_T6W40', 'l3_T6W40', 'lcc_T6W40', 'lsc_T6W40', 'atd_T6W40', 'density_T6W40', 'diameter_T6W40', 'asp_T6W40']",,,,,,,,,,,,,,,pruned,True,PRUNED
289,6.522568117265503,2026-06-12 23:12:10.697088,2026-06-12 23:12:19.844122,0 days 00:00:09.147034,,,,,,11.0,log2,3.0,5.0,143.0,,,,,ExtraTreesRegressor,,,,,,6,,,,,,,,True,,,,,,,,,-0.02399539328241628,-0.011503616747116328,98.0,-0.017749505014766305,0.0062458882676499775,0.03131611126080474,1.9844674545084815,6.467988214628788,6.577148019902218,98.0,6.522568117265503,0.05457990263671533,0.27365688118823284,1.9844674545084815,168556471373743.62,371440259841974.25,98.0,269998365607858.94,101441894234115.33,508617111003428.9,1.9844674545084815,16.830851730311213,17.35447532597861,98.0,17.09266352814491,0.261811797833699,1.3126919725440895,1.9844674545084815,6.284862301447495,6.472331650062053,98.0,6.378596975754774,0.09373467430727904,0.4699740635460479,1.9844674545084815,99.0,0.7474747474747475,-0.057029115405288135,-0.03314949113315346,98.0,-0.045089303269220796,0.011939812136067339,0.05986474129273449,1.9844674545084815,ExtraTreesRegressor,"{'mode': 'original', 'type': 'ExtraTreesRegressor'}",6,"['nodes_T6W40', 'lcc_T6W40', 'atd_T6W40', 'density_T6W40', 'diameter_T6W40', 'asp_T6W40']",-0.004686819713017234,0.045906230835680586,98.0,0.020609705561331678,0.025296525274348912,0.12683364896332536,1.9844674545084815,7.662350294307371,7.795506473846196,98.0,7.7289283840767835,0.06657808976941232,0.3338143074940457,1.9844674545084815,completed,True,COMPLETE
290,6.555382372602788,2026-06-12 23:12:19.856806,2026-06-12 23:12:21.557406,0 days 00:00:01.700600,,,,,,,,,,,,,,,RandomForestRegressor,8.0,,3.0,2.0,219.0,11,,,,,,,,False,,,,,,,,,,,,,,,,,,,,,,,,,,,,,,,,,,,,,,,,,,,,,,,,,,,,,RandomForestRegressor,"{'mode': 'original', 'type': 'RandomForestRegressor'}",11,"['edges_T6W40', 're_T6W40', 'pe_T6W40', 'l1_T6W40', 'l2_T6W40', 'l3_T6W40', 'lsc_T6W40', 'atd_T6W40', 'density_T6W40', 'diameter_T6W40', 'asp_T6W40']",,,,,,,,,,,,,,,pruned,False,PRUNED
291,6.426545572082555,2026-06-12 23:12:21.567403,2026-06-12 23:12:24.311002,0 days 00:00:02.743599,,,,,,,,,,,,,,,XGBRegressor,,,,,,5,,,,,,,,True,gblinear,0.6560320223260103,0.018396906939747597,7.0,275.0,0.166557531238763,0.5659296068864758,0.5599764708654849,-0.0053729606392613465,0.00021941798555060376,98.0,-0.002576771326855371,0.002796189312405975,0.014019747369980627,1.9844674545084815,6.378891949532979,6.4741991946321304,98.0,6.426545572082555,0.04765362254957543,0.23892936949773316,1.9844674545084815,172341107551003.1,379235507065512.1,98.0,275788307308257.62,103447199757254.53,518671464873284.6,1.9844674545084815,16.328078807657175,16.829416132281768,98.0,16.57874746996947,0.2506686623122962,1.2568216692615475,1.9844674545084815,6.236432847327339,6.383962967202234,98.0,6.3101979072647865,0.07376505993744818,0.36984888700710156,1.9844674545084815,99.0,0.42424242424242425,-0.006458595652384765,0.0034575048942346743,98.0,-0.0015005453790750453,0.00495805027330972,0.0248590508414666,1.9844674545084815,XGBRegressor,"{'mode': 'original', 'type': 'XGBRegressor'}",5,"['nodes_T6W40', 're_T6W40', 'l2_T6W40', 'lcc_T6W40', 'density_T6W40']",0.055251258925742674,0.1013603940240691,98.0,0.07830582647490589,0.023054567549163213,0.11559275022237617,1.9844674545084815,7.509294844305018,7.630835446441683,98.0,7.57006514537335,0.060770301068332935,0.30469477327434724,1.9844674545084815,completed,True,COMPLETE
292,6.553747780949152,2026-06-12 23:12:24.323691,2026-06-12 23:12:26.247514,0 days 00:00:01.923823,,,,,,,,,,,,,,,RandomForestRegressor,18.0,,1.0,3.0,163.0,6,,,,,,,,True,,,,,,,,,,,,,,,,,,,,,,,,,,,,,,,,,,,,,,,,,,,,,,,,,,,,,RandomForestRegressor,"{'mode': 'original', 'type': 'RandomForestRegressor'}",6,"['re_T6W40', 'l2_T6W40', 'l3_T6W40', 'lsc_T6W40', 'density_T6W40', 'diameter_T6W40']",,,,,,,,,,,,,,,pruned,True,PRUNED
