number,value,datetime_start,datetime_complete,duration,params_bag_n_estimators,params_dt_max_depth,params_dt_min_samples_split,params_elastic_alpha,params_elastic_l1_ratio,params_et_max_depth,params_et_min_samples_split,params_et_n_estimators,params_gpr_alpha,params_knn_metric,params_knn_n_neighbors,params_knn_weights,params_regressor,params_rf_max_depth,params_rf_min_samples_split,params_rf_n_estimators,params_rfe_n_features,params_rfe_proxy_et_max_depth,params_rfe_proxy_et_min_samples_split,params_rfe_proxy_et_n_estimators,params_rfe_proxy_svc_C,params_rfe_proxy_type,params_ridge_alpha,params_ridge_solver,params_stack_final_estimator,params_svr_C,params_svr_degree,params_svr_epsilon,params_svr_gamma,params_svr_kernel,params_use_scaler,user_attrs_d2mae_ci_lower_val,user_attrs_d2mae_ci_upper_val,user_attrs_d2mae_df_val,user_attrs_d2mae_mean_val,user_attrs_d2mae_samperror_val,user_attrs_d2mae_std_val,user_attrs_d2mae_t_critical_val,user_attrs_mae_ci_lower_val,user_attrs_mae_ci_upper_val,user_attrs_mae_df_val,user_attrs_mae_mean_val,user_attrs_mae_samperror_val,user_attrs_mae_std_val,user_attrs_mae_t_critical_val,user_attrs_mape_ci_lower_val,user_attrs_mape_ci_upper_val,user_attrs_mape_df_val,user_attrs_mape_mean_val,user_attrs_mape_samperror_val,user_attrs_mape_std_val,user_attrs_mape_t_critical_val,user_attrs_max_error_ci_lower_val,user_attrs_max_error_ci_upper_val,user_attrs_max_error_df_val,user_attrs_max_error_mean_val,user_attrs_max_error_samperror_val,user_attrs_max_error_std_val,user_attrs_max_error_t_critical_val,user_attrs_median_ae_ci_lower_val,user_attrs_median_ae_ci_upper_val,user_attrs_median_ae_df_val,user_attrs_median_ae_mean_val,user_attrs_median_ae_samperror_val,user_attrs_median_ae_std_val,user_attrs_median_ae_t_critical_val,user_attrs_n_splits_val,user_attrs_r2_below_zero_val,user_attrs_r2_ci_lower_val,user_attrs_r2_ci_upper_val,user_attrs_r2_df_val,user_attrs_r2_mean_val,user_attrs_r2_samperror_val,user_attrs_r2_std_val,user_attrs_r2_t_critical_val,user_attrs_regressor_final,user_attrs_rfe_clf,user_attrs_rfe_n_features,user_attrs_rfe_selected_features,user_attrs_rho_ci_lower_val,user_attrs_rho_ci_upper_val,user_attrs_rho_df_val,user_attrs_rho_mean_val,user_attrs_rho_samperror_val,user_attrs_rho_std_val,user_attrs_rho_t_critical_val,user_attrs_rmse_ci_lower_val,user_attrs_rmse_ci_upper_val,user_attrs_rmse_df_val,user_attrs_rmse_mean_val,user_attrs_rmse_samperror_val,user_attrs_rmse_std_val,user_attrs_rmse_t_critical_val,user_attrs_termination_reason,user_attrs_use_scaler_final,state
26,6.765361870234153,2026-06-20 21:58:09.686288,2026-06-20 22:02:22.793947,0 days 00:04:13.107659,499.0,,,,,,,,,,,,BaggingRegressor,,,,2,3.0,2.0,100.0,,ExtraTrees,,,,,,,,,True,-0.06454927723990035,-0.05065168083693178,398.0,-0.057600479038416065,0.006948798201484283,0.07060336087734646,1.9659423239762661,6.716393566468306,6.814330173999999,398.0,6.765361870234153,0.04896830376584647,0.49754313222005603,1.9659423239762661,176255519530391.78,273782844671261.78,398.0,225019182100826.78,48763662570435.0,495463872504768.7,1.9659423239762661,19.193429291379164,19.629781039056137,398.0,19.41160516521765,0.21817587383848472,2.216779003894317,1.9659423239762661,5.884895228462333,6.050052360952084,398.0,5.9674737947072085,0.0825785662448753,0.839040672108656,1.9659423239762661,399.0,0.9523809523809523,-0.21687696753494648,-0.18913537924076032,398.0,-0.2030061733878534,0.013870794147093092,0.1409343970606906,1.9659423239762661,BaggingRegressor,"{'mode': 'proxy', 'type': 'ExtraTrees', 'n_estimators': 100, 'max_depth': 3, 'min_samples_split': 2}",2,"['l2_T6W40', 'diameter_T6W40']",0.037066298674626484,0.06211279332152419,398.0,0.049589545998075336,0.01252324732344885,0.12724262879656778,1.9659423239762661,8.223735237340508,8.329464821943953,398.0,8.27660002964223,0.05286479230172292,0.5371334582413477,1.9659423239762661,completed,True,COMPLETE
27,6.424459965237687,2026-06-20 22:02:22.811715,2026-06-20 22:02:29.335912,0 days 00:00:06.524197,,,,0.9539652385901858,0.0,,,,,,,,ElasticNet,,,,5,,,,,,,,,,,,,,True,-0.005823727274859984,-0.0022690152532628327,398.0,-0.004046371264061408,0.0017773560107985755,0.018058850494626293,1.9659423239762661,6.397773150640419,6.451146779834954,398.0,6.424459965237687,0.0266868145972676,0.2711517512877631,1.9659423239762661,165790331821113.0,255904056674428.56,398.0,210847194247770.78,45056862426657.766,457800878032515.75,1.9659423239762661,16.251185328665155,16.477080812095384,398.0,16.36413307038027,0.11294774171511365,1.147607102317364,1.9659423239762661,6.206619232250503,6.285302890125466,398.0,6.245961061187985,0.03934182893748128,0.39973320069281987,1.9659423239762661,399.0,0.44110275689223055,-0.0056266406192538605,0.00042639656318540706,398.0,-0.0026001220280342267,0.0030265185912196338,0.030750984285633,1.9659423239762661,ElasticNet,"{'mode': 'original', 'type': 'ElasticNet'}",5,"['nodes_T6W40', 'l2_T6W40', 'lcc_T6W40', 'diameter_T6W40', 'asp_T6W40']",0.06936816656814733,0.09461739566398113,398.0,0.08199278111606423,0.012624614547916899,0.1282725718921557,1.9659423239762661,7.537953928044863,7.60536834644505,398.0,7.5716611372449565,0.03370720920009346,0.3424825683978088,1.9659423239762661,completed,True,COMPLETE
28,6.675536881419235,2026-06-20 22:02:29.354065,2026-06-20 22:02:35.680218,0 days 00:00:06.326153,,,,,,,,,,,,,SVR,,,,3,,,,7.604331145003303,LinearSVC,,,,0.0013706544029599493,,62.08689679853959,auto,rbf,,-0.04527825618670374,-0.04155963638465428,398.0,-0.04341894628567901,0.001859309901024727,0.018891544137349066,1.9659423239762661,6.649855238785639,6.70121852405283,398.0,6.675536881419235,0.025681642633596114,0.2609386875554288,1.9659423239762661,200571958505888.8,309565991324030.6,398.0,255068974914959.72,54497016409070.92,553717694010229.3,1.9659423239762661,15.34748989225706,15.512159230549956,398.0,15.429824561403509,0.08233466914644824,0.8365625522442014,1.9659423239762661,6.4541171017991195,6.5458828982008805,398.0,6.5,0.04588289820088092,0.4661938260177685,1.9659423239762661,399.0,1.0,-0.05331045123689306,-0.04856587317952891,398.0,-0.050938162208210985,0.0023722890286820802,0.024103675706345012,1.9659423239762661,SVR,"{'mode': 'proxy', 'type': 'LinearSVC', 'C': 7.604331145003303, 'epsilon': 62.08689679853959}",3,"['density_T6W40', 'diameter_T6W40', 'asp_T6W40']",,,,,,,,7.72051402310073,7.781652757471473,398.0,7.751083390286102,0.03056936718537189,0.3106004809176795,1.9659423239762661,completed,True,COMPLETE
29,6.384693894514394,2026-06-20 22:02:35.698123,2026-06-20 22:02:42.150679,0 days 00:00:06.452556,,,,,,,,,,,,,Ridge,,,,4,,,,,,0.3429151472782734,svd,,,,,,,True,-0.0004678679589230428,0.004863411439094435,398.0,0.002197771740085696,0.002665639699008739,0.02708426927664909,1.9659423239762661,6.35488532539508,6.414502463633707,398.0,6.384693894514394,0.0298085691193135,0.302870381574568,1.9659423239762661,158083811481946.3,244053491938953.94,398.0,201068651710450.12,42984840228503.8,436748067638498.4,1.9659423239762661,16.466528586950922,16.67407604589399,398.0,16.570302316422456,0.10377372947153282,1.0543944231826643,1.9659423239762661,6.002944957440335,6.081576213662035,398.0,6.042260585551185,0.03931562811084975,0.39946698682902465,1.9659423239762661,399.0,0.46115288220551376,-0.007843007125270782,0.0018664654017587355,398.0,-0.002988270861756023,0.004854736263514759,0.04932661540006421,1.9659423239762661,Ridge,"{'mode': 'original', 'type': 'Ridge'}",4,"['nodes_T6W40', 'lcc_T6W40', 'diameter_T6W40', 'asp_T6W40']",0.06062212994894087,0.08527802240399618,398.0,0.07295007617646852,0.01232794622752766,0.1252582692921977,1.9659423239762661,7.535021743735596,7.609003734517961,398.0,7.572012739126778,0.03699099539118253,0.3758475237139648,1.9659423239762661,completed,True,COMPLETE
30,6.493311710649173,2026-06-20 22:02:42.168358,2026-06-20 22:02:48.777091,0 days 00:00:06.608733,,,,,,,,,,euclidean,20.0,uniform,KNeighborsRegressor,,,,6,10.0,8.0,20.0,,ExtraTrees,,,,,,,,,,-0.017934180346367398,-0.011631289440620158,398.0,-0.014782734893493778,0.00315144545287362,0.03202030540287982,1.9659423239762661,6.461439188423684,6.525184232874661,398.0,6.493311710649173,0.03187252222548876,0.32384120584718623,1.9659423239762661,155946254470491.3,241120338063070.12,398.0,198533296266780.72,42587041796289.4,432706231129261.94,1.9659423239762661,17.02065967485989,17.277084686042368,398.0,17.14887218045113,0.12821250559123856,1.3027049482187343,1.9659423239762661,6.159436667382697,6.26161596419625,398.0,6.2105263157894735,0.051089648406776066,0.5190970839806331,1.9659423239762661,399.0,0.7919799498746867,-0.05752606638586064,-0.04575868182984404,398.0,-0.05164237410785234,0.0058836922780083015,0.05978133731193178,1.9659423239762661,KNeighborsRegressor,"{'mode': 'proxy', 'type': 'ExtraTrees', 'n_estimators': 20, 'max_depth': 10, 'min_samples_split': 8}",6,"['edges_T6W40', 're_T6W40', 'pe_T6W40', 'l2_T6W40', 'l3_T6W40', 'diameter_T6W40']",-0.0056113683376578976,0.01908083657912359,398.0,0.006734734120732846,0.012346102458390743,0.1254427459286792,1.9659423239762661,7.713571248534108,7.7911526393843795,398.0,7.752361943959244,0.038790695425135566,0.39413340096695765,1.9659423239762661,completed,True,COMPLETE
31,6.362988154759515,2026-06-20 22:02:48.795421,2026-06-20 22:02:55.015586,0 days 00:00:06.220165,,,,,,,,,,,,,Ridge,,,,2,,,,,,0.9072613397672241,sparse_cg,,,,,,,True,0.003264446262308667,0.007767514988513113,398.0,0.00551598062541089,0.002251534363102223,0.022876746245400696,1.9659423239762661,6.335753327632885,6.390222981886145,398.0,6.362988154759515,0.027234827126630484,0.2767198402225735,1.9659423239762661,162521891253046.38,250870310096383.06,398.0,206696100674714.72,44174209421668.33,448832669885755.6,1.9659423239762661,16.32576225005634,16.543244014514062,398.0,16.4345031322852,0.10874088222886094,1.1048632479333433,1.9659423239762661,5.962127254302807,6.0370233913942055,398.0,5.999575322848506,0.03744806854569918,0.3804916218644613,1.9659423239762661,399.0,0.3458646616541353,0.001380828630570691,0.009311888571427843,398.0,0.005346358600999267,0.003965529970428576,0.04029182247835278,1.9659423239762661,Ridge,"{'mode': 'original', 'type': 'Ridge'}",2,"['nodes_T6W40', 'lcc_T6W40']",0.08540009686786472,0.11089733454275362,398.0,0.09814871570530917,0.012748618837444449,0.1295325192024665,1.9659423239762661,7.5062572009225335,7.575378853477861,398.0,7.5408180272001974,0.03456082627766403,0.35115575659974946,1.9659423239762661,completed,True,COMPLETE
32,6.356044124732094,2026-06-20 22:02:55.033839,2026-06-20 22:03:01.480835,0 days 00:00:06.446996,,,,,,,,,,,,,Ridge,,,,2,,,,,,0.5338160717120518,sparse_cg,,,,,,,True,0.004256375272232947,0.00894740698624516,398.0,0.006601891129239053,0.002345515857006106,0.023831646522756666,1.9659423239762661,6.328505446086664,6.383582803377523,398.0,6.356044124732094,0.02753867864542924,0.27980712780998623,1.9659423239762661,162195110843860.7,250365911235392.2,398.0,206280511039626.44,44085400195765.766,447930322509442.8,1.9659423239762661,16.334805462922134,16.546435116162584,398.0,16.44062028954236,0.10581482662022633,1.0751330191810557,1.9659423239762661,5.929837160391347,6.006115318328353,398.0,5.96797623935985,0.038139078968502806,0.38751264288659876,1.9659423239762661,399.0,0.3583959899749373,0.0017007495437084859,0.00993146966484172,398.0,0.005816109604275103,0.004115360060566617,0.04181417319535041,1.9659423239762661,Ridge,"{'mode': 'original', 'type': 'Ridge'}",2,"['nodes_T6W40', 'lcc_T6W40']",0.08526090317728097,0.1106617787630991,398.0,0.09796134097019003,0.01270043779290907,0.12904297502861897,1.9659423239762661,7.504135555931,7.573666501067273,398.0,7.5389010284991365,0.03476547256813663,0.35323506808347643,1.9659423239762661,completed,True,COMPLETE
33,6.376267739066202,2026-06-20 22:03:01.519026,2026-06-20 22:03:07.974307,0 days 00:00:06.455281,,,,,,,,,,,,,Ridge,,,,3,,,,,,0.5099295905347605,svd,,,,,,,True,0.0009569833319848595,0.0060918845375282265,398.0,0.003524433934756543,0.0025674506027716835,0.02608661759720263,1.9659423239762661,6.346709303105588,6.405826175026816,398.0,6.376267739066202,0.02955843596061402,0.30032890013288827,1.9659423239762661,160019442412786.03,247014605422040.9,398.0,203517023917413.47,43497581504627.43,441957782513674.25,1.9659423239762661,16.318211918713732,16.51687445094765,398.0,16.41754318483069,0.09933126611695792,1.00925671241414,1.9659423239762661,5.985895283605172,6.070992717200429,398.0,6.028444000402801,0.04254871679762854,0.43231682944675254,1.9659423239762661,399.0,0.40852130325814534,-0.0031547283226575473,0.0061984448850098735,398.0,0.001521858281176163,0.00467658660383371,0.04751652330241906,1.9659423239762661,Ridge,"{'mode': 'original', 'type': 'Ridge'}",3,"['nodes_T6W40', 'lcc_T6W40', 'diameter_T6W40']",0.07876686230264,0.10321655053315339,398.0,0.0909917064178967,0.012224844115256692,0.12421069884493258,1.9659423239762661,7.518501221189384,7.591723948316243,398.0,7.5551125847528136,0.03661136356342944,0.37199026924229905,1.9659423239762661,completed,True,COMPLETE
34,6.421724336720926,2026-06-20 22:03:07.991632,2026-06-20 22:03:25.792437,0 days 00:00:17.800805,,,,,,,,,,,,,StackingRegressor,,,,2,,,,0.0010144058778624827,LinearSVC,,,LinearRegression,,,0.0011735126916485245,,,True,-0.005597070846649252,-0.0017030045409030972,398.0,-0.0036500376937761746,0.0019470331528730774,0.019782857459163545,1.9659423239762661,6.395001998550041,6.4484466748918114,398.0,6.421724336720926,0.026722338170885526,0.27151268905211834,1.9659423239762661,166505454594645.9,257170850761608.1,398.0,211838152678127.0,45332698083481.086,460603510064249.94,1.9659423239762661,16.381582503148817,16.625169533334056,398.0,16.503376018241436,0.12179351509262032,1.2374847058831033,1.9659423239762661,6.212683031695023,6.2998389655157565,398.0,6.25626099860539,0.043577966910366694,0.44277453954792934,1.9659423239762661,399.0,0.5162907268170426,-0.007107489088844649,-0.0007680775267336877,398.0,-0.0039377833077891685,0.003169705781055481,0.032205839721618175,1.9659423239762661,StackingRegressor,"{'mode': 'proxy', 'type': 'LinearSVC', 'C': 0.0010144058778624827, 'epsilon': 0.0011735126916485245}",2,"['diameter_T6W40', 'asp_T6W40']",0.05307491052583038,0.0791477247911935,398.0,0.06611131765851194,0.013036407132681562,0.13245659618322586,1.9659423239762661,7.542619814323023,7.610692118118525,398.0,7.576655966220774,0.034036151897750645,0.34582479525736803,1.9659423239762661,completed,True,COMPLETE
35,6.368628959128721,2026-06-20 22:03:25.810390,2026-06-20 22:03:32.203569,0 days 00:00:06.393179,,,,,,,,,,,,,Ridge,,,,3,,,,,,0.24162161890461661,sparse_cg,,,,,,,True,0.0020082439405503614,0.007430196483653959,398.0,0.00471922021210216,0.0027109762715517988,0.027544912153213832,1.9659423239762661,6.338562811059568,6.398695107197873,398.0,6.368628959128721,0.030066148069151834,0.3054875160807851,1.9659423239762661,159531383539776.8,246261573665349.44,398.0,202896478602563.12,43365095062786.305,440611652176680.6,1.9659423239762661,16.326544263327133,16.519578198104515,398.0,16.423061230715824,0.09651696738869125,0.9806619910008711,1.9659423239762661,5.961784553494152,6.047716998924422,398.0,6.004750776209287,0.042966222715134846,0.43655890413469334,1.9659423239762661,399.0,0.41353383458646614,-0.003176007858547607,0.006515801005983931,398.0,0.0016698965737181623,0.004845904432265769,0.049236879455689386,1.9659423239762661,Ridge,"{'mode': 'original', 'type': 'Ridge'}",3,"['nodes_T6W40', 'lcc_T6W40', 'diameter_T6W40']",0.07976313002073514,0.1041539159439704,398.0,0.09195852298235277,0.01219539296161763,0.12391145998832158,1.9659423239762661,7.517495224087241,7.591245120353514,398.0,7.554370172220377,0.036874948133136395,0.3746684239328102,1.9659423239762661,completed,True,COMPLETE
36,14.446803282716594,2026-06-20 22:03:32.220870,2026-06-20 22:05:25.456268,0 days 00:01:53.235398,,,,,,,,,1.751181882373383e-09,,,,GaussianProcessRegressor,,,,2,,,,0.09381763155608382,LinearSVC,,,,,,1.7496098223699537,,,,-1.2685011523629894,-1.2526688997019755,398.0,-1.2605850260324825,0.007916126330506909,0.08043191180081471,1.9659423239762661,14.42336227211761,14.470244293315579,398.0,14.446803282716594,0.023441010598985047,0.2381727145704604,1.9659423239762661,0.9958251192512715,0.9972949357882881,398.0,0.9965600275197798,0.0007349082685083213,0.007467045694628984,1.9659423239762661,30.735256529948362,30.974016653009034,398.0,30.854636591478698,0.11938006153033491,1.2129627773599299,1.9659423239762661,13.392399912955371,13.554968508097259,398.0,13.473684210526315,0.08128429757094346,0.825890237226501,1.9659423239762661,399.0,1.0,-3.6953813381699896,-3.637538473128703,398.0,-3.6664599056493463,0.02892143252064328,0.29385661781178724,1.9659423239762661,GaussianProcessRegressor,"{'mode': 'proxy', 'type': 'LinearSVC', 'C': 0.09381763155608382, 'epsilon': 1.7496098223699537}",2,"['diameter_T6W40', 'asp_T6W40']",,,,,,,,16.279457503760334,16.338073132063755,398.0,16.308765317912044,0.02930781415171041,0.29778245375400575,1.9659423239762661,completed,True,COMPLETE
37,6.6775140678280875,2026-06-20 22:05:25.474018,2026-06-20 22:06:51.609512,0 days 00:01:26.135494,154.0,,,,,,,,,,,,BaggingRegressor,,,,3,7.0,5.0,60.0,,ExtraTrees,,,,,,,,,True,-0.049862550485273806,-0.03772968970456928,398.0,-0.043796120094921544,0.006066430390352262,0.06163805044674549,1.9659423239762661,6.633212603582593,6.721815532073582,398.0,6.6775140678280875,0.044301464245494575,0.4501256442950669,1.9659423239762661,151469427126668.22,235466262898143.03,398.0,193467845012405.62,41998417885737.414,426725509690429.6,1.9659423239762661,18.207601112762028,18.532560980783522,398.0,18.370081046772775,0.1624799340107478,1.6508796317955954,1.9659423239762661,5.94106277639465,6.0863759502921955,398.0,6.013719363343423,0.0726565869487722,0.7382282633225302,1.9659423239762661,399.0,0.9047619047619048,-0.15660485659425707,-0.1328228153164361,398.0,-0.1447138359553466,0.01189102063891048,0.12081888076554621,1.9659423239762661,BaggingRegressor,"{'mode': 'proxy', 'type': 'ExtraTrees', 'n_estimators': 60, 'max_depth': 7, 'min_samples_split': 5}",3,"['pe_T6W40', 'l2_T6W40', 'asp_T6W40']",0.04371084844417672,0.0679202526212043,398.0,0.05581555053269051,0.012104702088513785,0.12298999410942114,1.9659423239762661,8.028297510052113,8.125760840187318,398.0,8.077029175119716,0.04873166506760257,0.4951387614317245,1.9659423239762661,completed,True,COMPLETE
38,6.387928065439488,2026-06-20 22:06:51.627377,2026-06-20 22:06:57.978796,0 days 00:00:06.351419,,,,,,,,,,,,,Ridge,,,,4,,,,,,0.49180595587660125,sparse_cg,,,,,,,True,-0.0008945637451478034,0.004280856464175951,398.0,0.0016931463595140734,0.002587710104661877,0.026292464548239868,1.9659423239762661,6.358378633892399,6.417477496986577,398.0,6.387928065439488,0.02954943154708871,0.3002374106638919,1.9659423239762661,158532445150974.3,244741488016998.25,398.0,201636966583986.28,43104521433011.97,437964090183277.56,1.9659423239762661,16.44705226329786,16.654461273458633,398.0,16.550756768378246,0.10370450508038576,1.053691067792573,1.9659423239762661,6.012276028383264,6.09103284155019,398.0,6.051654434966727,0.03937840658346292,0.400104848374103,1.9659423239762661,399.0,0.45614035087719296,-0.007467652042373714,0.002024842767699925,398.0,-0.0027214046373368944,0.0047462474050368195,0.04822431284296114,1.9659423239762661,Ridge,"{'mode': 'original', 'type': 'Ridge'}",4,"['nodes_T6W40', 'lcc_T6W40', 'diameter_T6W40', 'asp_T6W40']",0.06111716992234613,0.08570811162046489,398.0,0.07341264077140551,0.012295470849059378,0.12492830275710178,1.9659423239762661,7.534310781255943,7.607911769612867,398.0,7.571111275434405,0.0368004941784624,0.37391193348969,1.9659423239762661,completed,True,COMPLETE
39,6.410640483703556,2026-06-20 22:06:57.996648,2026-06-20 22:07:04.344784,0 days 00:00:06.348136,,,,,,,,,,,,,Ridge,,,,5,,,,,,0.20076712008729625,auto,,,,,,,True,-0.004750996939504671,0.001025012997412792,398.0,-0.0018629919710459392,0.002888004968458731,0.02934361469298492,1.9659423239762661,6.379985246101893,6.441295721305219,398.0,6.410640483703556,0.030655237601662826,0.311472968478015,1.9659423239762661,156989738567093.88,242429772720485.12,398.0,199709755643789.5,42720017076695.62,434057328317302.44,1.9659423239762661,16.595871676330567,16.815605921256335,398.0,16.70573879879345,0.10986712246288517,1.1163064275122834,1.9659423239762661,6.003212554075338,6.078924807965278,398.0,6.041068681020308,0.037856126944970155,0.3846377049118301,1.9659423239762661,399.0,0.5388471177944862,-0.01911342930328427,-0.008432647163096885,398.0,-0.013773038233190578,0.005340391070093692,0.05426111782429435,1.9659423239762661,Ridge,"{'mode': 'original', 'type': 'Ridge'}",5,"['nodes_T6W40', 'pe_T6W40', 'lcc_T6W40', 'diameter_T6W40', 'asp_T6W40']",0.032299705449466885,0.05686053650330542,398.0,0.04458012097638615,0.012280415526919268,0.12477533294687533,1.9659423239762661,7.574186502656675,7.650185922772469,398.0,7.612186212714572,0.037999710057896784,0.3860965831298917,1.9659423239762661,completed,True,COMPLETE
