number,value,datetime_start,datetime_complete,duration,params_dt_max_depth,params_dt_min_samples_leaf,params_dt_min_samples_split,params_elastic_alpha,params_elastic_l1_ratio,params_et_max_depth,params_et_max_features,params_et_min_samples_leaf,params_et_min_samples_split,params_et_n_estimators,params_knn_metric,params_knn_n_neighbors,params_knn_weights,params_quantile_alpha,params_regressor,params_rf_max_depth,params_rf_max_features,params_rf_min_samples_leaf,params_rf_min_samples_split,params_rf_n_estimators,params_rfe_n_features,params_rfe_proxy_et_max_depth,params_rfe_proxy_et_min_samples_leaf,params_rfe_proxy_et_min_samples_split,params_rfe_proxy_et_n_estimators,params_rfe_proxy_lsvr_C,params_rfe_proxy_lsvr_epsilon,params_rfe_proxy_type,params_use_scaler,params_xgb_booster,params_xgb_colsample_bytree,params_xgb_learning_rate,params_xgb_max_depth,params_xgb_n_estimators,params_xgb_reg_alpha,params_xgb_reg_lambda,params_xgb_subsample,user_attrs_d2mae_ci_lower_val,user_attrs_d2mae_ci_upper_val,user_attrs_d2mae_df_val,user_attrs_d2mae_mean_val,user_attrs_d2mae_samperror_val,user_attrs_d2mae_std_val,user_attrs_d2mae_t_critical_val,user_attrs_mae_ci_lower_val,user_attrs_mae_ci_upper_val,user_attrs_mae_df_val,user_attrs_mae_mean_val,user_attrs_mae_samperror_val,user_attrs_mae_std_val,user_attrs_mae_t_critical_val,user_attrs_mape_ci_lower_val,user_attrs_mape_ci_upper_val,user_attrs_mape_df_val,user_attrs_mape_mean_val,user_attrs_mape_samperror_val,user_attrs_mape_std_val,user_attrs_mape_t_critical_val,user_attrs_max_error_ci_lower_val,user_attrs_max_error_ci_upper_val,user_attrs_max_error_df_val,user_attrs_max_error_mean_val,user_attrs_max_error_samperror_val,user_attrs_max_error_std_val,user_attrs_max_error_t_critical_val,user_attrs_median_ae_ci_lower_val,user_attrs_median_ae_ci_upper_val,user_attrs_median_ae_df_val,user_attrs_median_ae_mean_val,user_attrs_median_ae_samperror_val,user_attrs_median_ae_std_val,user_attrs_median_ae_t_critical_val,user_attrs_n_splits_val,user_attrs_r2_below_zero_val,user_attrs_r2_ci_lower_val,user_attrs_r2_ci_upper_val,user_attrs_r2_df_val,user_attrs_r2_mean_val,user_attrs_r2_samperror_val,user_attrs_r2_std_val,user_attrs_r2_t_critical_val,user_attrs_regressor_final,user_attrs_rfe_estimator,user_attrs_rfe_n_features,user_attrs_rfe_selected_features,user_attrs_rho_ci_lower_val,user_attrs_rho_ci_upper_val,user_attrs_rho_df_val,user_attrs_rho_mean_val,user_attrs_rho_samperror_val,user_attrs_rho_std_val,user_attrs_rho_t_critical_val,user_attrs_rmse_ci_lower_val,user_attrs_rmse_ci_upper_val,user_attrs_rmse_df_val,user_attrs_rmse_mean_val,user_attrs_rmse_samperror_val,user_attrs_rmse_std_val,user_attrs_rmse_t_critical_val,user_attrs_termination_reason,user_attrs_use_scaler_final,state
140,6.673450879910689,2026-06-12 22:55:20.958776,2026-06-12 22:55:44.432331,0 days 00:00:23.473555,,,,,,,,,,,,,,,RandomForestRegressor,7.0,log2,2.0,8.0,261.0,12,,,,,,,,True,,,,,,,,,-0.04947398145479591,-0.03345188384559607,98.0,-0.04146293265019599,0.008011048804599923,0.04016640787187504,1.9844674545084815,6.614593854162118,6.73230790565926,98.0,6.673450879910689,0.05885702574857064,0.2951018474616075,1.9844674545084815,172510324413797.88,380813707829853.2,98.0,276662016121825.53,104151691708027.64,522203700380445.4,1.9844674545084815,17.271682451505853,17.83159087056081,98.0,17.55163666103333,0.27995420952747896,1.4036557808601011,1.9844674545084815,6.2329264608256265,6.450985535424302,98.0,6.3419559981249645,0.10902953729933818,0.5466606148663622,1.9844674545084815,99.0,0.9292929292929293,-0.11981369013410012,-0.08981958066633042,98.0,-0.10481663540021527,0.014997054733884857,0.07519337754778997,1.9844674545084815,RandomForestRegressor,"{'mode': 'original', 'type': 'RandomForestRegressor'}",12,"['nodes_T6W40', 're_T6W40', 'pe_T6W40', 'l1_T6W40', 'l2_T6W40', 'l3_T6W40', 'lcc_T6W40', 'lsc_T6W40', 'atd_T6W40', 'density_T6W40', 'diameter_T6W40', 'asp_T6W40']",-0.0736052722045053,-0.027247872758467784,98.0,-0.05042657248148654,0.023178699723018757,0.1162151335889887,1.9844674545084815,7.874729647893862,8.013713855400301,98.0,7.944221751647081,0.06949210375321895,0.34842481319346386,1.9844674545084815,completed,True,COMPLETE
141,6.584945508604493,2026-06-12 22:55:44.444904,2026-06-12 22:56:27.377368,0 days 00:00:42.932464,,,,,,,,,,,,,,,RandomForestRegressor,18.0,sqrt,1.0,7.0,498.0,3,,,,,,,,False,,,,,,,,,-0.03785575434278612,-0.017393683748069398,98.0,-0.027624719045427758,0.010231035297358358,0.05129714557091241,1.9844674545084815,6.512656239040213,6.657234778168773,98.0,6.584945508604493,0.07228926956427965,0.36244945660692257,1.9844674545084815,169197113304146.5,373655641271461.44,98.0,271426377287803.97,102229263983657.47,512564885543003.0,1.9844674545084815,17.237349585771096,17.826066569704967,98.0,17.53170807773803,0.2943584919669368,1.475877071439774,1.9844674545084815,6.00036606228957,6.270272366840698,98.0,6.135319214565134,0.13495315227556443,0.6766384140342645,1.9844674545084815,99.0,0.8686868686868687,-0.11284593227044044,-0.07334380572476619,98.0,-0.09309486899760332,0.019751063272837127,0.09902938836977994,1.9844674545084815,RandomForestRegressor,"{'mode': 'original', 'type': 'RandomForestRegressor'}",3,"['atd_T6W40', 'density_T6W40', 'asp_T6W40']",0.0482135581378047,0.09606079915565316,98.0,0.07213717864672893,0.023923620508924225,0.11995007427512411,1.9844674545084815,7.817261836882995,7.978822089703533,98.0,7.898041963293264,0.08078012641026888,0.40502156265399564,1.9844674545084815,completed,False,COMPLETE
142,6.6025736298604984,2026-06-12 22:56:27.389777,2026-06-12 22:56:29.037422,0 days 00:00:01.647645,,,,,,,,,,,,,,,LinearRegression,,,,,,9,,,,,,,,False,,,,,,,,,-0.037514382688657706,-0.022843648166923344,98.0,-0.030179015427790525,0.007335367260867182,0.0367786241822433,1.9844674545084815,6.54124253491614,6.663904724804857,98.0,6.6025736298604984,0.061331094944358164,0.30750652440779996,1.9844674545084815,160228202471085.56,353291469592218.8,98.0,256759836031652.2,96531633560566.64,483997671304380.06,1.9844674545084815,17.216502771970596,18.08336592968069,98.0,17.649934350825642,0.4334315788550479,2.1731723280535,1.9844674545084815,6.183109646878052,6.367716145742274,98.0,6.275412896310163,0.09230324943211078,0.4627970762655632,1.9844674545084815,99.0,0.8585858585858586,-0.09085916835017073,-0.06055212377372991,98.0,-0.07570564606195032,0.015153522288220407,0.0759778865127769,1.9844674545084815,LinearRegression,"{'mode': 'original', 'type': 'LinearRegression'}",9,"['nodes_T6W40', 'edges_T6W40', 'pe_T6W40', 'l2_T6W40', 'lcc_T6W40', 'atd_T6W40', 'density_T6W40', 'diameter_T6W40', 'asp_T6W40']",-0.05195480892695607,-0.0052613177492569566,98.0,-0.028608063338106515,0.023346745588849558,0.11705769477576698,1.9844674545084815,7.7628149962002535,7.9184145974583675,98.0,7.8406147968293105,0.07779980062905734,0.390078577804063,1.9844674545084815,completed,False,COMPLETE
143,6.563198266812257,2026-06-12 22:56:29.049473,2026-06-12 22:56:30.824354,0 days 00:00:01.774881,,,,,,,,,,,,,,,LinearRegression,,,,,,7,,,,,,,,False,,,,,,,,,-0.0303393037294007,-0.017572626307452915,98.0,-0.023955965018426808,0.006383338710973892,0.03200527078328179,1.9844674545084815,6.504014755924879,6.622381777699634,98.0,6.563198266812257,0.05918351088737776,0.2967388035667685,1.9844674545084815,166471202342031.7,366475235689441.3,98.0,266473219015736.5,100002016673704.8,501397743004596.9,1.9844674545084815,16.842704613340597,17.61525697936739,98.0,17.228980796353994,0.3862761830133981,1.936741005646893,1.9844674545084815,6.154170491616817,6.3212054231413415,98.0,6.237687957379079,0.08351746576226189,0.41874624360123347,1.9844674545084815,99.0,0.8080808080808081,-0.07184005292934414,-0.0465219421818681,98.0,-0.05918099755560612,0.012659055373738024,0.0634709379279092,1.9844674545084815,LinearRegression,"{'mode': 'original', 'type': 'LinearRegression'}",7,"['nodes_T6W40', 'pe_T6W40', 'l2_T6W40', 'lcc_T6W40', 'atd_T6W40', 'density_T6W40', 'asp_T6W40']",-0.0500852659820542,0.00025480635093395876,98.0,-0.02491522981556012,0.02517003616649408,0.1261994482211542,1.9844674545084815,7.706516737821426,7.857941305235823,98.0,7.782229021528624,0.07571228370719812,0.3796120261492169,1.9844674545084815,completed,False,COMPLETE
144,6.497254740209877,2026-06-12 22:56:30.836499,2026-06-12 22:56:33.542541,0 days 00:00:02.706042,,,,0.00016913898789842018,0.14002409755331768,,,,,,,,,,ElasticNet,,,,,,5,,,,,,,,False,,,,,,,,,-0.018958654085091866,-0.008262396337841156,98.0,-0.013610525211466511,0.005348128873625355,0.026814856697170705,1.9844674545084815,6.440985904597854,6.553523575821901,98.0,6.497254740209877,0.05626883561202315,0.28212498223331955,1.9844674545084815,166400908983944.8,366302821860106.2,98.0,266351865422025.5,99950956438080.67,501141733298485.1,1.9844674545084815,16.63525668728528,17.257697757612224,98.0,16.946477222448753,0.3112205351634722,1.5604212704710316,1.9844674545084815,6.131636520384882,6.280137674219098,98.0,6.20588709730199,0.0742505769171079,0.37228320909268603,1.9844674545084815,99.0,0.6868686868686869,-0.04385296181422429,-0.02239114277285787,98.0,-0.03312205229354108,0.010730909520683207,0.05380345310048005,1.9844674545084815,ElasticNet,"{'mode': 'original', 'type': 'ElasticNet'}",5,"['nodes_T6W40', 'pe_T6W40', 'l2_T6W40', 'lcc_T6W40', 'asp_T6W40']",-0.002302878639628983,0.04623447918191868,98.0,0.02196580027114485,0.024268678910773833,0.12168015442397435,1.9844674545084815,7.61503298562198,7.758710875749454,98.0,7.686871930685717,0.07183894506373686,0.3601915852589021,1.9844674545084815,completed,False,COMPLETE
145,6.472533531418125,2026-06-12 22:56:33.580269,2026-06-12 22:56:36.125858,0 days 00:00:02.545589,,,,,,,,,,,,,,,LinearRegression,,,,,,4,,,,,,,,False,,,,,,,,,-0.015197585226581767,-0.004323759447575198,98.0,-0.009760672337078483,0.005436912889503285,0.027260008771666656,1.9844674545084815,6.416213868421436,6.528853194414814,98.0,6.472533531418125,0.05631966299668929,0.28237982445352783,1.9844674545084815,168130711529640.12,370026548751432.94,98.0,269078630140536.53,100947918610896.39,506140378325232.8,1.9844674545084815,16.46712341859636,17.089393983274462,98.0,16.77825870093541,0.31113528233905136,1.5599938233537516,1.9844674545084815,6.082245373165528,6.2417853785849955,98.0,6.162015375875262,0.07977000270973392,0.3999569273551271,1.9844674545084815,99.0,0.6767676767676768,-0.04037159437484996,-0.019100168732418613,98.0,-0.029735881553634286,0.010635712821215676,0.05332614862360886,1.9844674545084815,LinearRegression,"{'mode': 'original', 'type': 'LinearRegression'}",4,"['nodes_T6W40', 'lcc_T6W40', 'atd_T6W40', 'density_T6W40']",0.018578375997045395,0.0688315380195543,98.0,0.04370495700829985,0.025126581011254454,0.1259815694474675,1.9844674545084815,7.602531620135922,7.7460874719457795,98.0,7.674309546040851,0.07177792590492856,0.35988564274369905,1.9844674545084815,completed,False,COMPLETE
146,6.558181082808067,2026-06-12 22:56:36.138582,2026-06-12 22:56:45.261661,0 days 00:00:09.123079,,,,,,,,,,,,,,,XGBRegressor,,,,,,5,,,,,,,,True,gbtree,0.9371112623425879,0.007164066106541697,3.0,328.0,0.0002766427053811984,0.020908789688730462,0.7537059693589044,-0.03108162827428923,-0.01567030617024217,98.0,-0.0233759672222657,0.007705661052023531,0.03863523145187678,1.9844674545084815,6.498143607338876,6.618218558277259,98.0,6.558181082808067,0.060037475469191644,0.30102047635867263,1.9844674545084815,165826561041548.3,365386967975952.44,98.0,265606764508750.38,99780203467202.08,500285599021821.4,1.9844674545084815,16.816428567456278,17.338058926810113,98.0,17.077243747133195,0.26081517967691903,1.3076950523711959,1.9844674545084815,6.213331507490777,6.447778686551699,98.0,6.330555097021238,0.11722358953046107,0.5877445792843229,1.9844674545084815,99.0,0.7474747474747475,-0.07074353674861023,-0.04102899273119627,98.0,-0.05588626473990325,0.014857272008706974,0.07449252425256185,1.9844674545084815,XGBRegressor,"{'mode': 'original', 'type': 'XGBRegressor'}",5,"['lcc_T6W40', 'atd_T6W40', 'density_T6W40', 'diameter_T6W40', 'asp_T6W40']",0.03244669514330782,0.08100078385540373,98.0,0.056723739499355774,0.024277044356047956,0.12172209773191142,1.9844674545084815,7.696268908614361,7.836238180837621,98.0,7.766253544725991,0.06998463611162957,0.350894309520419,1.9844674545084815,completed,True,COMPLETE
147,6.766003208801168,2026-06-12 22:56:45.277060,2026-06-12 22:56:45.949885,0 days 00:00:00.672825,,,,,,,,,,,,,,,RandomForestRegressor,14.0,,2.0,2.0,50.0,3,,,,,,,,True,,,,,,,,,,,,,,,,,,,,,,,,,,,,,,,,,,,,,,,,,,,,,,,,,,,,,RandomForestRegressor,"{'mode': 'original', 'type': 'RandomForestRegressor'}",3,"['l2_T6W40', 'l3_T6W40', 'diameter_T6W40']",,,,,,,,,,,,,,,pruned,True,PRUNED
148,6.606862745098039,2026-06-12 22:56:45.959406,2026-06-12 22:56:46.171454,0 days 00:00:00.212048,,,,,,,,,,,euclidean,8.0,uniform,,KNeighborsRegressor,,,,,,12,,,,,4.499329409129297,0.028202906874953113,LinearSVR,,,,,,,,,,,,,,,,,,,,,,,,,,,,,,,,,,,,,,,,,,,,,,,,,,,,,,KNeighborsRegressor,"{'mode': 'proxy', 'type': 'LinearSVR'}",12,"['nodes_T6W40', 'edges_T6W40', 're_T6W40', 'pe_T6W40', 'l1_T6W40', 'l2_T6W40', 'l3_T6W40', 'lcc_T6W40', 'atd_T6W40', 'density_T6W40', 'diameter_T6W40', 'asp_T6W40']",,,,,,,,,,,,,,,pruned,True,PRUNED
149,6.372161128925659,2026-06-12 22:56:46.183499,2026-06-12 22:56:49.239837,0 days 00:00:03.056338,,,,,,,,,,,,,,0.07691294373283446,QuantileRegressor,,,,,,2,,,,,,,,False,,,,,,,,,0.00295953550366183,0.008963307714981028,98.0,0.005961421609321429,0.003001886105659599,0.015051085650059226,1.9844674545084815,6.32254346488702,6.4217787929642975,98.0,6.372161128925659,0.04961766403863863,0.24877683060441116,1.9844674545084815,158580976815231.97,348933821563808.25,98.0,253757399189520.1,95176422374288.12,477202810033614.3,1.9844674545084815,17.30114597857517,17.820566434563474,98.0,17.560856206569323,0.259710227994152,1.3021549612980705,1.9844674545084815,5.942572061070919,6.108451252095392,98.0,6.025511656583156,0.08293959551223681,0.4158488736406109,1.9844674545084815,99.0,0.6767676767676768,-0.02353395759447846,-0.01128803038115201,98.0,-0.017410993987815235,0.006122963606663225,0.030699782214366925,1.9844674545084815,QuantileRegressor,"{'mode': 'original', 'type': 'QuantileRegressor'}",2,"['lcc_T6W40', 'lsc_T6W40']",0.06353398003636611,0.11126981559103864,90.0,0.08740189781370238,0.023867917777336267,0.11460630293239601,1.9866745407037683,7.566080287984644,7.693786595899557,98.0,7.6299334419421,0.0638531539574568,0.32015181636244283,1.9844674545084815,completed,False,COMPLETE
150,6.669337733606728,2026-06-12 22:56:49.252468,2026-06-12 22:56:50.943232,0 days 00:00:01.690764,,,,,,,,,,,minkowski,14.0,distance,,KNeighborsRegressor,,,,,,5,,,,,4.640245341028812,0.005295913488374811,LinearSVR,,,,,,,,,,-0.050125590129420736,-0.0309693999497119,98.0,-0.04054749503956632,0.009578095089854419,0.0480233841284043,1.9844674545084815,6.595088106691799,6.743587360521657,98.0,6.669337733606728,0.07424962691492888,0.37227844589926,1.9844674545084815,168251812757534.06,372569888836422.0,98.0,270410850796978.03,102159038039443.95,512212781344505.5,1.9844674545084815,17.2027573072363,17.909126558536318,98.0,17.55594193288631,0.3531846256500074,1.7708240299058022,1.9844674545084815,6.226451532279588,6.454590250765548,98.0,6.340520891522568,0.11406935924298037,0.5719296587490711,1.9844674545084815,99.0,0.9191919191919192,-0.1171822894019459,-0.08332242497768903,98.0,-0.10025235718981747,0.01692993221212843,0.08488458615869168,1.9844674545084815,KNeighborsRegressor,"{'mode': 'proxy', 'type': 'LinearSVR'}",5,"['re_T6W40', 'l1_T6W40', 'lcc_T6W40', 'density_T6W40', 'asp_T6W40']",-0.044848398968698085,0.007932922352607272,98.0,-0.018457738308045406,0.026390660660652678,0.13231950846378104,1.9844674545084815,7.8470543914481965,8.00962761402325,98.0,7.928341002735723,0.0812866112875269,0.4075610151847555,1.9844674545084815,completed,True,COMPLETE
151,6.552778443163685,2026-06-12 22:56:50.957444,2026-06-12 22:57:10.023319,0 days 00:00:19.065875,,,,,,,,,,,,,,,RandomForestRegressor,4.0,sqrt,4.0,2.0,205.0,6,,,,,,,,False,,,,,,,,,-0.029392634731473695,-0.015507724190288945,98.0,-0.02245017946088132,0.006942455270592374,0.03480861205972743,1.9844674545084815,6.4944154962755345,6.611141390051836,98.0,6.552778443163685,0.05836294688815103,0.29262459716485606,1.9844674545084815,167092621793196.66,368127874070419.1,98.0,267610247931807.9,100517626138611.25,503982945089265.25,1.9844674545084815,17.064217121996776,17.584198587777465,98.0,17.32420785488712,0.2599907328903455,1.3035613781537634,1.9844674545084815,6.226804955123211,6.445405939043238,98.0,6.3361054470832245,0.10930049196001371,0.5480191480223742,1.9844674545084815,99.0,0.8080808080808081,-0.07465325503069849,-0.046276830164192706,98.0,-0.0604650425974456,0.014188212433252887,0.07113794229285121,1.9844674545084815,RandomForestRegressor,"{'mode': 'original', 'type': 'RandomForestRegressor'}",6,"['nodes_T6W40', 'lcc_T6W40', 'atd_T6W40', 'density_T6W40', 'diameter_T6W40', 'asp_T6W40']",0.000935364826835143,0.04986869870682823,98.0,0.025402031766831687,0.024466666939996544,0.12267284191464871,1.9844674545084815,7.712223431190431,7.856662308169415,98.0,7.784442869679923,0.0722194384894927,0.3620993322348911,1.9844674545084815,completed,False,COMPLETE
152,7.104575163398692,2026-06-12 22:57:10.036714,2026-06-12 22:57:10.389690,0 days 00:00:00.352976,,,,,,,,,,,manhattan,3.0,uniform,,KNeighborsRegressor,,,,,,7,3.0,4.0,2.0,40.0,,,ExtraTrees,,,,,,,,,,,,,,,,,,,,,,,,,,,,,,,,,,,,,,,,,,,,,,,,,,,,,,KNeighborsRegressor,"{'mode': 'proxy', 'type': 'ExtraTrees'}",7,"['nodes_T6W40', 're_T6W40', 'l2_T6W40', 'lcc_T6W40', 'atd_T6W40', 'density_T6W40', 'diameter_T6W40']",,,,,,,,,,,,,,,pruned,True,PRUNED
153,6.776206358419338,2026-06-12 22:57:10.404514,2026-06-12 22:58:02.737095,0 days 00:00:52.332581,,,,,,,,,,,,,,,RandomForestRegressor,9.0,,2.0,6.0,483.0,8,,,,,,,,True,,,,,,,,,-0.06713654242653892,-0.04797073830066538,98.0,-0.05755364036360215,0.00958290206293677,0.04804748569689605,1.9844674545084815,6.70973663508809,6.842676081750586,98.0,6.776206358419338,0.06646972333124797,0.33327097157622776,1.9844674545084815,171574759011967.5,379155342175703.94,98.0,275365050593835.72,103790291581868.2,520391684847107.06,1.9844674545084815,17.628486895207608,18.246128244238307,98.0,17.937307569722957,0.30882067451534917,1.5483886660044577,1.9844674545084815,6.221211717422148,6.462402066555998,98.0,6.341806891989073,0.1205951745669248,0.604649289647784,1.9844674545084815,99.0,0.9696969696969697,-0.1650179408597024,-0.12894279842374323,98.0,-0.1469803696417228,0.018037571217979585,0.09043815113738332,1.9844674545084815,RandomForestRegressor,"{'mode': 'original', 'type': 'RandomForestRegressor'}",8,"['re_T6W40', 'l1_T6W40', 'l2_T6W40', 'l3_T6W40', 'lsc_T6W40', 'atd_T6W40', 'diameter_T6W40', 'asp_T6W40']",-0.0853693896378235,-0.037838403993170434,98.0,-0.061603896815496974,0.02376549282232654,0.11915724161230577,1.9844674545084815,8.01619819065671,8.168815106503295,98.0,8.092506648580002,0.07630845792329376,0.3826011699318191,1.9844674545084815,completed,True,COMPLETE
154,6.49899774888326,2026-06-12 22:58:02.754513,2026-06-12 22:58:04.945644,0 days 00:00:02.191131,,,,0.06145314747381775,0.34727703903050755,,,,,,,,,,ElasticNet,,,,,,8,,,,,,,,False,,,,,,,,,-0.018540244840051092,-0.009252331557380481,98.0,-0.013896288198715787,0.0046439566413353055,0.023284224218940115,1.9844674545084815,6.445765038194571,6.55223045957195,98.0,6.49899774888326,0.05323271068868962,0.2669022273862193,1.9844674545084815,168441093131650.75,370876931675395.9,98.0,269659012403523.3,101217919271872.55,507494128244746.1,1.9844674545084815,16.699650203082683,17.190522887306514,98.0,16.9450865451946,0.24543634211191367,1.2305874629283966,1.9844674545084815,6.213895976758913,6.393958856136178,98.0,6.303927416447546,0.09003143968863299,0.45140650319709896,1.9844674545084815,99.0,0.7474747474747475,-0.04176819198886537,-0.02449307082871805,98.0,-0.03313063140879171,0.00863756058007366,0.04330766042494414,1.9844674545084815,ElasticNet,"{'mode': 'original', 'type': 'ElasticNet'}",8,"['nodes_T6W40', 're_T6W40', 'pe_T6W40', 'l1_T6W40', 'l2_T6W40', 'l3_T6W40', 'lcc_T6W40', 'diameter_T6W40']",-0.026353028654795836,0.019601534863550048,98.0,-0.0033757468956228938,0.022977281759172942,0.11520524883034035,1.9844674545084815,7.622414548302905,7.751857638656301,98.0,7.687136093479603,0.06472154517669777,0.32450582253006965,1.9844674545084815,completed,False,COMPLETE
155,6.561764705882352,2026-06-12 22:58:04.960214,2026-06-12 22:58:05.290956,0 days 00:00:00.330742,,,,,,,,,,,minkowski,12.0,uniform,,KNeighborsRegressor,,,,,,12,12.0,3.0,9.0,80.0,,,ExtraTrees,,,,,,,,,,,,,,,,,,,,,,,,,,,,,,,,,,,,,,,,,,,,,,,,,,,,,,KNeighborsRegressor,"{'mode': 'proxy', 'type': 'ExtraTrees'}",12,"['nodes_T6W40', 're_T6W40', 'pe_T6W40', 'l1_T6W40', 'l2_T6W40', 'l3_T6W40', 'lcc_T6W40', 'lsc_T6W40', 'atd_T6W40', 'density_T6W40', 'diameter_T6W40', 'asp_T6W40']",,,,,,,,,,,,,,,pruned,True,PRUNED
156,7.702611126218393,2026-06-12 22:58:05.301053,2026-06-12 22:58:05.437084,0 days 00:00:00.136031,11.0,3.0,18.0,,,,,,,,,,,,DecisionTreeRegressor,,,,,,6,,,,,,,,False,,,,,,,,,,,,,,,,,,,,,,,,,,,,,,,,,,,,,,,,,,,,,,,,,,,,,DecisionTreeRegressor,"{'mode': 'original', 'type': 'DecisionTreeRegressor'}",6,"['re_T6W40', 'l2_T6W40', 'l3_T6W40', 'lsc_T6W40', 'density_T6W40', 'diameter_T6W40']",,,,,,,,,,,,,,,pruned,False,PRUNED
