number,value,datetime_start,datetime_complete,duration,params_bag_n_estimators,params_dt_max_depth,params_dt_min_samples_split,params_elastic_alpha,params_elastic_l1_ratio,params_et_max_depth,params_et_min_samples_split,params_et_n_estimators,params_gpr_alpha,params_knn_metric,params_knn_n_neighbors,params_knn_weights,params_regressor,params_rf_max_depth,params_rf_min_samples_split,params_rf_n_estimators,params_rfe_n_features,params_rfe_proxy_et_max_depth,params_rfe_proxy_et_min_samples_split,params_rfe_proxy_et_n_estimators,params_rfe_proxy_svc_C,params_rfe_proxy_type,params_ridge_alpha,params_ridge_solver,params_stack_final_estimator,params_svr_C,params_svr_degree,params_svr_epsilon,params_svr_gamma,params_svr_kernel,params_use_scaler,user_attrs_d2mae_ci_lower_val,user_attrs_d2mae_ci_upper_val,user_attrs_d2mae_df_val,user_attrs_d2mae_mean_val,user_attrs_d2mae_samperror_val,user_attrs_d2mae_std_val,user_attrs_d2mae_t_critical_val,user_attrs_mae_ci_lower_val,user_attrs_mae_ci_upper_val,user_attrs_mae_df_val,user_attrs_mae_mean_val,user_attrs_mae_samperror_val,user_attrs_mae_std_val,user_attrs_mae_t_critical_val,user_attrs_mape_ci_lower_val,user_attrs_mape_ci_upper_val,user_attrs_mape_df_val,user_attrs_mape_mean_val,user_attrs_mape_samperror_val,user_attrs_mape_std_val,user_attrs_mape_t_critical_val,user_attrs_max_error_ci_lower_val,user_attrs_max_error_ci_upper_val,user_attrs_max_error_df_val,user_attrs_max_error_mean_val,user_attrs_max_error_samperror_val,user_attrs_max_error_std_val,user_attrs_max_error_t_critical_val,user_attrs_median_ae_ci_lower_val,user_attrs_median_ae_ci_upper_val,user_attrs_median_ae_df_val,user_attrs_median_ae_mean_val,user_attrs_median_ae_samperror_val,user_attrs_median_ae_std_val,user_attrs_median_ae_t_critical_val,user_attrs_n_splits_val,user_attrs_r2_below_zero_val,user_attrs_r2_ci_lower_val,user_attrs_r2_ci_upper_val,user_attrs_r2_df_val,user_attrs_r2_mean_val,user_attrs_r2_samperror_val,user_attrs_r2_std_val,user_attrs_r2_t_critical_val,user_attrs_regressor_final,user_attrs_rfe_clf,user_attrs_rfe_n_features,user_attrs_rfe_selected_features,user_attrs_rho_ci_lower_val,user_attrs_rho_ci_upper_val,user_attrs_rho_df_val,user_attrs_rho_mean_val,user_attrs_rho_samperror_val,user_attrs_rho_std_val,user_attrs_rho_t_critical_val,user_attrs_rmse_ci_lower_val,user_attrs_rmse_ci_upper_val,user_attrs_rmse_df_val,user_attrs_rmse_mean_val,user_attrs_rmse_samperror_val,user_attrs_rmse_std_val,user_attrs_rmse_t_critical_val,user_attrs_termination_reason,user_attrs_use_scaler_final,state
251,6.5059973104220905,2026-06-20 22:54:44.984271,2026-06-20 22:54:51.492659,0 days 00:00:06.508388,,,,,,,,,,,,,Ridge,,,,10,,,,,,0.6263208090889565,sparse_cg,,,,,,,False,-0.02009196046865746,-0.013485869116978702,398.0,-0.01678891479281808,0.0033030456758393785,0.03356064157911981,1.9659423239762661,6.473714018911776,6.538280601932405,398.0,6.5059973104220905,0.03228329151031429,0.3280148328849769,1.9659423239762661,161415415746330.03,249240580480639.53,398.0,205327998113484.78,43912582367154.74,446174404555622.06,1.9659423239762661,16.716171606168288,16.94449817598459,398.0,16.83033489107644,0.11416328490815233,1.1599576458547747,1.9659423239762661,6.115006636724929,6.204593842481649,398.0,6.159800239603289,0.04479360287835974,0.45512602572655547,1.9659423239762661,399.0,0.7243107769423559,-0.045369963425580605,-0.03314947618988746,398.0,-0.03925971980773403,0.006110243617846576,0.06208321535473225,1.9659423239762661,Ridge,"{'mode': 'original', 'type': 'Ridge'}",10,"['nodes_T6W40', 're_T6W40', 'pe_T6W40', 'l2_T6W40', 'l3_T6W40', 'lcc_T6W40', 'lsc_T6W40', 'atd_T6W40', 'diameter_T6W40', 'asp_T6W40']",-0.022183347628760883,0.002838286595603687,398.0,-0.009672530516578598,0.012510817112182285,0.12711633146192255,1.9659423239762661,7.6672097872799805,7.745171686289626,398.0,7.706190736784803,0.03898094950482256,0.3960664801926083,1.9659423239762661,completed,False,COMPLETE
252,0.007509787083047533,2026-06-20 22:54:51.511428,2026-06-20 22:54:51.802070,0 days 00:00:00.290642,,,,,,,,,,,,,Ridge,,,,2,,,,,,0.5784010887863537,lsqr,,,,,,,False,,,,,,,,,,,,,,,,,,,,,,,,,,,,,,,,,,,,,,,,,,,,,Ridge,"{'mode': 'original', 'type': 'Ridge'}",2,"['nodes_T6W40', 'lcc_T6W40']",,,,,,,,,,,,,,,pruned,False,PRUNED
253,0.007457216178041759,2026-06-20 22:54:51.812240,2026-06-20 22:54:52.085569,0 days 00:00:00.273329,,,,,,,,,,,,,Ridge,,,,2,,,,,,0.2397728202419876,sparse_cg,,,,,,,True,,,,,,,,,,,,,,,,,,,,,,,,,,,,,,,,,,,,,,,,,,,,,Ridge,"{'mode': 'original', 'type': 'Ridge'}",2,"['nodes_T6W40', 'lcc_T6W40']",,,,,,,,,,,,,,,pruned,True,PRUNED
254,0.008410391339616645,2026-06-20 22:54:52.095746,2026-06-20 22:54:52.407297,0 days 00:00:00.311551,,,,,,,,,,,,,Ridge,,,,3,,,,,,0.4548282812538014,lsqr,,,,,,,False,,,,,,,,,,,,,,,,,,,,,,,,,,,,,,,,,,,,,,,,,,,,,Ridge,"{'mode': 'original', 'type': 'Ridge'}",3,"['nodes_T6W40', 'lcc_T6W40', 'asp_T6W40']",,,,,,,,,,,,,,,pruned,False,PRUNED
255,0.006743447104201865,2026-06-20 22:54:52.417428,2026-06-20 22:54:52.656681,0 days 00:00:00.239253,,,,,,,,,,,,,Ridge,,,,2,,,,,,0.844908121750233,sparse_cg,,,,,,,False,,,,,,,,,,,,,,,,,,,,,,,,,,,,,,,,,,,,,,,,,,,,,Ridge,"{'mode': 'original', 'type': 'Ridge'}",2,"['nodes_T6W40', 'lcc_T6W40']",,,,,,,,,,,,,,,pruned,False,PRUNED
256,6.675536881419235,2026-06-20 22:54:52.666993,2026-06-20 22:54:58.995641,0 days 00:00:06.328648,,,,,,,,,,,,,SVR,,,,2,,,,0.04186362278257008,LinearSVC,,,,85.99520286589738,5.0,28.879966752150587,scale,poly,,-0.04527825618670374,-0.04155963638465428,398.0,-0.04341894628567901,0.001859309901024727,0.018891544137349066,1.9659423239762661,6.649855238785639,6.70121852405283,398.0,6.675536881419235,0.025681642633596114,0.2609386875554288,1.9659423239762661,200571958505888.8,309565991324030.6,398.0,255068974914959.72,54497016409070.92,553717694010229.3,1.9659423239762661,15.34748989225706,15.512159230549956,398.0,15.429824561403509,0.08233466914644824,0.8365625522442014,1.9659423239762661,6.4541171017991195,6.5458828982008805,398.0,6.5,0.04588289820088092,0.46619382601776854,1.9659423239762661,399.0,1.0,-0.05331045123689307,-0.0485658731795289,398.0,-0.050938162208210985,0.0023722890286820807,0.024103675706345015,1.9659423239762661,SVR,"{'mode': 'proxy', 'type': 'LinearSVC', 'C': 0.04186362278257008, 'epsilon': 28.879966752150587}",2,"['diameter_T6W40', 'asp_T6W40']",,,,,,,,7.72051402310073,7.781652757471473,398.0,7.751083390286102,0.03056936718537189,0.3106004809176795,1.9659423239762661,completed,True,COMPLETE
257,0.007410340635243025,2026-06-20 22:54:59.014156,2026-06-20 22:54:59.265068,0 days 00:00:00.250912,,,,,,,,,,,,,Ridge,,,,2,,,,,,0.6107735472746355,lsqr,,,,,,,False,,,,,,,,,,,,,,,,,,,,,,,,,,,,,,,,,,,,,,,,,,,,,Ridge,"{'mode': 'original', 'type': 'Ridge'}",2,"['nodes_T6W40', 'lcc_T6W40']",,,,,,,,,,,,,,,pruned,False,PRUNED
258,0.007801719169536721,2026-06-20 22:54:59.275554,2026-06-20 22:54:59.534718,0 days 00:00:00.259164,,,,,,,,,,,,,Ridge,,,,2,,,,,,0.4868155348708869,sparse_cg,,,,,,,False,,,,,,,,,,,,,,,,,,,,,,,,,,,,,,,,,,,,,,,,,,,,,Ridge,"{'mode': 'original', 'type': 'Ridge'}",2,"['nodes_T6W40', 'lcc_T6W40']",,,,,,,,,,,,,,,pruned,False,PRUNED
259,6.4078740424136695,2026-06-20 22:54:59.544667,2026-06-20 22:55:06.168804,0 days 00:00:06.624137,,,,0.297375041135149,0.5,,,,,,,,ElasticNet,,,,2,,,,,,,,,,,,,,False,-0.00341495950208371,0.00047454439727215346,398.0,-0.0014702075524057783,0.0019447519496779318,0.019759679262337074,1.9659423239762661,6.381014622174961,6.434733462652378,398.0,6.4078740424136695,0.026859420238708267,0.2729055133108851,1.9659423239762661,164187941449952.97,253440316030279.72,398.0,208814128740116.34,44626187290163.375,453424997311685.6,1.9659423239762661,16.27147780703241,16.511404072866505,398.0,16.391440939949458,0.11996313291704752,1.218887082302982,1.9659423239762661,6.149655951917553,6.224583057178362,398.0,6.187119504547957,0.03746355263040427,0.380648948122699,1.9659423239762661,399.0,0.40852130325814534,-0.006128279613545401,0.0007304501784911855,398.0,-0.0026989147175271078,0.0034293648960182933,0.034844109774545586,1.9659423239762661,ElasticNet,"{'mode': 'original', 'type': 'ElasticNet'}",2,"['lcc_T6W40', 'diameter_T6W40']",0.07768783218301689,0.10308625535738608,398.0,0.09038704377020149,0.012699211587184591,0.1290305161482824,1.9659423239762661,7.5377266081069845,7.605661458218419,398.0,7.571694033162702,0.033967425055717364,0.3451264952219749,1.9659423239762661,completed,False,COMPLETE
260,0.007204928251034493,2026-06-20 22:55:06.187542,2026-06-20 22:55:06.429510,0 days 00:00:00.241968,,,,,,,,,,,,,Ridge,,,,2,,,,,,0.6796370715037694,lsqr,,,,,,,False,,,,,,,,,,,,,,,,,,,,,,,,,,,,,,,,,,,,,,,,,,,,,Ridge,"{'mode': 'original', 'type': 'Ridge'}",2,"['nodes_T6W40', 'lcc_T6W40']",,,,,,,,,,,,,,,pruned,False,PRUNED
261,0.007568536655199831,2026-06-20 22:55:06.439456,2026-06-20 22:55:06.680826,0 days 00:00:00.241370,,,,,,,,,,,,,Ridge,,,,2,,,,,,0.5595628904102002,sparse_cg,,,,,,,False,,,,,,,,,,,,,,,,,,,,,,,,,,,,,,,,,,,,,,,,,,,,,Ridge,"{'mode': 'original', 'type': 'Ridge'}",2,"['nodes_T6W40', 'lcc_T6W40']",,,,,,,,,,,,,,,pruned,False,PRUNED
262,0.0050145714036801715,2026-06-20 22:55:06.691091,2026-06-20 22:55:06.959624,0 days 00:00:00.268533,,,,,,,,,,,,,Ridge,,,,2,,,,,,0.6532222564457106,lsqr,,,,,,,True,,,,,,,,,,,,,,,,,,,,,,,,,,,,,,,,,,,,,,,,,,,,,Ridge,"{'mode': 'original', 'type': 'Ridge'}",2,"['nodes_T6W40', 'lcc_T6W40']",,,,,,,,,,,,,,,pruned,True,PRUNED
263,6.845604206594919,2026-06-20 22:55:06.969637,2026-06-20 22:55:13.588482,0 days 00:00:06.618845,,,,,,,,,,euclidean,5.0,uniform,KNeighborsRegressor,,,,2,,,,0.003993173536221714,LinearSVC,,,,,,0.045445320631202976,,,,-0.07627664960627,-0.0639510719409589,398.0,-0.07011386077361445,0.006162788832655539,0.06261710174140879,1.9659423239762661,6.800823565297441,6.890384847892396,398.0,6.845604206594919,0.04478064129747749,0.4549943294035316,1.9659423239762661,174164520305222.47,270419043086683.16,398.0,222291781695952.8,48127261390730.35,488997709457486.8,1.9659423239762661,19.486008906266207,19.93654748471124,398.0,19.711278195488724,0.2252692892225159,2.2888517496685,1.9659423239762661,6.053438699126717,6.190170323429676,398.0,6.121804511278197,0.06836581215147956,0.6946317862522989,1.9659423239762661,399.0,0.9624060150375939,-0.22675641176680028,-0.2014991199058937,398.0,-0.214127765836347,0.012628645930453293,0.12831353281054747,1.9659423239762661,KNeighborsRegressor,"{'mode': 'proxy', 'type': 'LinearSVC', 'C': 0.003993173536221714, 'epsilon': 0.045445320631202976}",2,"['diameter_T6W40', 'asp_T6W40']",-0.022421353659150163,0.002158113823921134,398.0,-0.010131619917614514,0.012289733741535648,0.12487001079622666,1.9659423239762661,8.26703227009121,8.373116709207007,398.0,8.320074489649109,0.05304221955789803,0.5389362103481125,1.9659423239762661,completed,True,COMPLETE
264,0.008353799274679755,2026-06-20 22:55:13.608138,2026-06-20 22:55:13.858212,0 days 00:00:00.250074,,,,,,,,,,,,,Ridge,,,,3,,,,,,0.46985876477919014,sparse_cg,,,,,,,False,,,,,,,,,,,,,,,,,,,,,,,,,,,,,,,,,,,,,,,,,,,,,Ridge,"{'mode': 'original', 'type': 'Ridge'}",3,"['nodes_T6W40', 'lcc_T6W40', 'asp_T6W40']",,,,,,,,,,,,,,,pruned,False,PRUNED
265,0.00913385972716474,2026-06-20 22:55:13.868413,2026-06-20 22:55:14.110992,0 days 00:00:00.242579,,,,,,,,,,,,,Ridge,,,,2,,,,,,0.12507667822966756,svd,,,,,,,False,,,,,,,,,,,,,,,,,,,,,,,,,,,,,,,,,,,,,,,,,,,,,Ridge,"{'mode': 'original', 'type': 'Ridge'}",2,"['nodes_T6W40', 'lcc_T6W40']",,,,,,,,,,,,,,,pruned,False,PRUNED
266,6.476758649398606,2026-06-20 22:55:14.121039,2026-06-20 22:55:32.417306,0 days 00:00:18.296267,,,,,,,,,,,,,StackingRegressor,,,,2,6.0,2.0,30.0,,ExtraTrees,,,Ridge,,,,,,False,-0.014466592228594232,-0.010148813306834216,398.0,-0.012307702767714224,0.002158889460880008,0.021935426426436266,1.9659423239762661,6.450074830954575,6.503442467842637,398.0,6.476758649398606,0.026683818444030644,0.27112130883108226,1.9659423239762661,168953984555515.75,260864057719610.12,398.0,214909021137562.94,45955036582047.17,466926789044022.5,1.9659423239762661,16.45939591939084,16.712955390578042,398.0,16.58617565498444,0.12677973559360214,1.2881472687086644,1.9659423239762661,6.237871929941601,6.311969631240904,398.0,6.274920780591253,0.03704885064965177,0.37643536287318574,1.9659423239762661,399.0,0.6967418546365914,-0.01909343326724706,-0.01290847193302427,398.0,-0.016000952600135666,0.0030924806671113947,0.03142119287615015,1.9659423239762661,StackingRegressor,"{'mode': 'proxy', 'type': 'ExtraTrees', 'n_estimators': 30, 'max_depth': 6, 'min_samples_split': 2}",2,"['l2_T6W40', 'diameter_T6W40']",-0.022017596634151114,0.006456649904220015,398.0,-0.00778047336496555,0.014237123269185565,0.14465648920627225,1.9659423239762661,7.588210023203778,7.65567868411599,398.0,7.621944353659884,0.03373433045610588,0.34275813429714413,1.9659423239762661,completed,False,COMPLETE
267,7.813170929586921,2026-06-20 22:55:32.436070,2026-06-20 22:55:38.700346,0 days 00:00:06.264276,,16.0,7.0,,,,,,,,,,DecisionTreeRegressor,,,,2,,,,,,,,,,,,,,False,-0.23446672736812776,-0.20991175090050498,398.0,-0.22218923913431637,0.012277488233811393,0.12474559014449478,1.9659423239762661,7.735962681254728,7.8903791779191135,398.0,7.813170929586921,0.07720824833219256,0.7844754821835509,1.9659423239762661,187322622961596.84,298190012674074.44,398.0,242756317817835.62,55433694856238.79,563234828414463.4,1.9659423239762661,22.60486852462302,23.096078286850105,398.0,22.85047340573656,0.2456048811135421,2.495471814218637,1.9659423239762661,6.449179526662522,6.6749540419755595,398.0,6.562066784319041,0.1128872576565187,1.146992553197864,1.9659423239762661,399.0,0.9924812030075187,-0.7090106656132245,-0.650930945342622,398.0,-0.6799708054779232,0.029039860135301264,0.2950599032394393,1.9659423239762661,DecisionTreeRegressor,"{'mode': 'original', 'type': 'DecisionTreeRegressor'}",2,"['l2_T6W40', 'diameter_T6W40']",0.04586653873163663,0.07356730051703414,398.0,0.05971691962433539,0.013850380892698758,0.14072698790519428,1.9659423239762661,9.669545090751047,9.835237403875112,398.0,9.75239124731308,0.08284615656203353,0.8417595272519195,1.9659423239762661,completed,False,COMPLETE
268,0.007456086126364844,2026-06-20 22:55:38.718332,2026-06-20 22:55:38.957571,0 days 00:00:00.239239,,,,,,,,,,,,,Ridge,,,,2,,,,,,0.595805695022587,lsqr,,,,,,,False,,,,,,,,,,,,,,,,,,,,,,,,,,,,,,,,,,,,,,,,,,,,,Ridge,"{'mode': 'original', 'type': 'Ridge'}",2,"['nodes_T6W40', 'lcc_T6W40']",,,,,,,,,,,,,,,pruned,False,PRUNED
269,0.007727959209693543,2026-06-20 22:55:38.967376,2026-06-20 22:55:39.260363,0 days 00:00:00.292987,,,,,,,,,,,,,Ridge,,,,2,,,,,,0.5094843197758924,sparse_cg,,,,,,,False,,,,,,,,,,,,,,,,,,,,,,,,,,,,,,,,,,,,,,,,,,,,,Ridge,"{'mode': 'original', 'type': 'Ridge'}",2,"['nodes_T6W40', 'lcc_T6W40']",,,,,,,,,,,,,,,pruned,False,PRUNED
270,0.008471900617956604,2026-06-20 22:55:39.271355,2026-06-20 22:55:39.514366,0 days 00:00:00.243011,,,,,,,,,,,,,Ridge,,,,3,,,,,,0.43865588929742483,lsqr,,,,,,,False,,,,,,,,,,,,,,,,,,,,,,,,,,,,,,,,,,,,,,,,,,,,,Ridge,"{'mode': 'original', 'type': 'Ridge'}",3,"['nodes_T6W40', 'lcc_T6W40', 'asp_T6W40']",,,,,,,,,,,,,,,pruned,False,PRUNED
271,0.005193875951739716,2026-06-20 22:55:39.524487,2026-06-20 22:55:39.774643,0 days 00:00:00.250156,,,,,,,,,,,,,Ridge,,,,2,,,,,,0.6151193039245317,sparse_cg,,,,,,,True,,,,,,,,,,,,,,,,,,,,,,,,,,,,,,,,,,,,,,,,,,,,,Ridge,"{'mode': 'original', 'type': 'Ridge'}",2,"['nodes_T6W40', 'lcc_T6W40']",,,,,,,,,,,,,,,pruned,True,PRUNED
272,6.445636569398578,2026-06-20 22:55:39.784542,2026-06-20 22:56:49.370074,0 days 00:01:09.585532,,,,,,,,,,,,,RandomForestRegressor,4.0,7.0,196.0,2,,,,,,,,,,,,,,False,-0.011707683544978153,-0.002984648976026772,398.0,-0.007346166260502463,0.004361517284475691,0.044315257096233567,1.9659423239762661,6.408502587760809,6.482770551036348,398.0,6.445636569398578,0.03713398163776913,0.37730033746326824,1.9659423239762661,145529844992469.3,225133470626829.06,398.0,185331657809649.2,39801812817179.875,404406873307054.8,1.9659423239762661,17.253176069043906,17.558336920059848,398.0,17.405756494551877,0.15258042550796921,1.5502955378179142,1.9659423239762661,6.020392725296561,6.14372805665787,398.0,6.082060390977215,0.061667665680654155,0.6265751757742459,1.9659423239762661,399.0,0.6942355889724311,-0.05701469891593979,-0.040611327863645096,398.0,-0.048813013389792444,0.008201685526147348,0.08333333998408533,1.9659423239762661,RandomForestRegressor,"{'mode': 'original', 'type': 'RandomForestRegressor'}",2,"['l2_T6W40', 'diameter_T6W40']",0.06716309991894635,0.0922250687287318,398.0,0.07969408432383908,0.012530984404892725,0.12732124152030505,1.9659423239762661,7.695473103233903,7.781312843197469,398.0,7.738392973215686,0.0429198699817826,0.4360879365420784,1.9659423239762661,completed,False,COMPLETE
273,14.446803282716594,2026-06-20 22:56:49.388680,2026-06-20 22:58:39.714827,0 days 00:01:50.326147,,,,,,,,,3.164793052570278e-08,,,,GaussianProcessRegressor,,,,2,8.0,3.0,90.0,,ExtraTrees,,,,,,,,,,-1.2685011523629894,-1.2526688997019755,398.0,-1.2605850260324825,0.007916126330506909,0.08043191180081471,1.9659423239762661,14.42336227211761,14.470244293315579,398.0,14.446803282716594,0.023441010598985047,0.2381727145704604,1.9659423239762661,0.9958251192512715,0.9972949357882881,398.0,0.9965600275197798,0.0007349082685083213,0.007467045694628984,1.9659423239762661,30.735256529948362,30.974016653009034,398.0,30.854636591478698,0.11938006153033491,1.2129627773599299,1.9659423239762661,13.392399912955371,13.554968508097259,398.0,13.473684210526315,0.08128429757094346,0.825890237226501,1.9659423239762661,399.0,1.0,-3.6953813381699896,-3.637538473128703,398.0,-3.6664599056493463,0.02892143252064328,0.29385661781178724,1.9659423239762661,GaussianProcessRegressor,"{'mode': 'proxy', 'type': 'ExtraTrees', 'n_estimators': 90, 'max_depth': 8, 'min_samples_split': 3}",2,"['l2_T6W40', 'diameter_T6W40']",,,,,,,,16.279457503760334,16.338073132063755,398.0,16.308765317912044,0.02930781415171041,0.29778245375400575,1.9659423239762661,completed,True,COMPLETE
274,0.007347918956806191,2026-06-20 22:58:39.733742,2026-06-20 22:58:39.971744,0 days 00:00:00.238002,,,,,,,,,,,,,Ridge,,,,2,,,,,,0.6314112350197798,lsqr,,,,,,,False,,,,,,,,,,,,,,,,,,,,,,,,,,,,,,,,,,,,,,,,,,,,,Ridge,"{'mode': 'original', 'type': 'Ridge'}",2,"['nodes_T6W40', 'lcc_T6W40']",,,,,,,,,,,,,,,pruned,False,PRUNED
275,6.422881462265135,2026-06-20 22:58:39.981927,2026-06-20 22:58:46.747505,0 days 00:00:06.765578,,,,,,,,,,,,,SVR,,,,2,,,,0.8347836555480009,LinearSVC,,,,0.009658194694091772,,0.00562020317544491,scale,rbf,,-0.0044769087556679405,-0.003147386592908136,398.0,-0.0038121476742880383,0.000664761081379902,0.0067543142231206235,1.9659423239762661,6.398520381294101,6.447242543236169,398.0,6.422881462265135,0.02436108097103374,0.24752110239620453,1.9659423239762661,158352859062601.38,244399309670968.7,398.0,201376084366785.03,43023225304183.64,437138079734395.7,1.9659423239762661,17.62075377735516,17.862278710958844,398.0,17.741516244157,0.12076246680184427,1.2270087253689357,1.9659423239762661,5.970429201391156,6.0446757721367765,398.0,6.0075524867639665,0.03712328537281014,0.3771916579142236,1.9659423239762661,399.0,0.9799498746867168,-0.033301897759782206,-0.030565112250959443,398.0,-0.03193350500537082,0.001368392754411381,0.013903573633929394,1.9659423239762661,SVR,"{'mode': 'proxy', 'type': 'LinearSVC', 'C': 0.8347836555480009, 'epsilon': 0.00562020317544491}",2,"['re_T6W40', 'lcc_T6W40']",0.07874147124598385,0.10458840844363854,398.0,0.0916649398448112,0.012923468598827344,0.13130908263750735,1.9659423239762661,7.649537555573231,7.715294944795801,398.0,7.682416250184516,0.03287869461128484,0.33406443438244676,1.9659423239762661,completed,True,COMPLETE
276,0.009217969420314978,2026-06-20 22:58:46.766147,2026-06-20 22:58:47.072239,0 days 00:00:00.306092,,,,,,,,,,,,,Ridge,,,,2,,,,,,0.10490684922516845,sparse_cg,,,,,,,False,,,,,,,,,,,,,,,,,,,,,,,,,,,,,,,,,,,,,,,,,,,,,Ridge,"{'mode': 'original', 'type': 'Ridge'}",2,"['nodes_T6W40', 'lcc_T6W40']",,,,,,,,,,,,,,,pruned,False,PRUNED
277,0.0075320357451312825,2026-06-20 22:58:47.082226,2026-06-20 22:58:47.318831,0 days 00:00:00.236605,,,,,,,,,,,,,Ridge,,,,2,,,,,,0.5712422603636444,auto,,,,,,,False,,,,,,,,,,,,,,,,,,,,,,,,,,,,,,,,,,,,,,,,,,,,,Ridge,"{'mode': 'original', 'type': 'Ridge'}",2,"['nodes_T6W40', 'lcc_T6W40']",,,,,,,,,,,,,,,pruned,False,PRUNED
278,0.008006597757899313,2026-06-20 22:58:47.328682,2026-06-20 22:58:47.569421,0 days 00:00:00.240739,,,,,,,,,,,,,Ridge,,,,2,,,,,,0.4254482211125075,lsqr,,,,,,,False,,,,,,,,,,,,,,,,,,,,,,,,,,,,,,,,,,,,,,,,,,,,,Ridge,"{'mode': 'original', 'type': 'Ridge'}",2,"['nodes_T6W40', 'lcc_T6W40']",,,,,,,,,,,,,,,pruned,False,PRUNED
279,6.4519510976925725,2026-06-20 22:58:47.579596,2026-06-20 23:00:28.221773,0 days 00:01:40.642177,,,,,,5.0,7.0,500.0,,,,,ExtraTreesRegressor,,,,3,,,,,,,,,,,,,,False,-0.011279146059583887,-0.00544919055577931,398.0,-0.008364168307681599,0.0029149777519022887,0.029617672034717085,1.9659423239762661,6.42165297169371,6.482249223691435,398.0,6.4519510976925725,0.03029812599886179,0.3078445310655336,1.9659423239762661,163177134786426.25,252143677805890.38,398.0,207660406296158.3,44483271509732.08,451972899534734.3,1.9659423239762661,16.38360185782936,16.5746031706129,398.0,16.47910251422113,0.09550065639176974,0.9703357489661063,1.9659423239762661,6.038835613113374,6.140416421693267,398.0,6.0896260174033205,0.05079040428994639,0.5160566099650782,1.9659423239762661,399.0,0.6340852130325815,-0.02761820121517533,-0.01745402112336457,398.0,-0.02253611116926995,0.005082090045905383,0.05163664667159058,1.9659423239762661,ExtraTreesRegressor,"{'mode': 'original', 'type': 'ExtraTreesRegressor'}",3,"['edges_T6W40', 'l2_T6W40', 'diameter_T6W40']",0.05422061635503858,0.07836439817015037,398.0,0.06629250726259447,0.012071890907555897,0.12265661564845405,1.9659423239762661,7.608186849295178,7.6812644822755605,398.0,7.644725665785369,0.03653881649019152,0.3712531536945605,1.9659423239762661,completed,False,COMPLETE
