number,value,datetime_start,datetime_complete,duration,params_bag_n_estimators,params_dt_max_depth,params_dt_min_samples_split,params_elastic_alpha,params_elastic_l1_ratio,params_et_max_depth,params_et_min_samples_split,params_et_n_estimators,params_gpr_alpha,params_knn_metric,params_knn_n_neighbors,params_knn_weights,params_regressor,params_rf_max_depth,params_rf_min_samples_split,params_rf_n_estimators,params_rfe_n_features,params_rfe_proxy_et_max_depth,params_rfe_proxy_et_min_samples_split,params_rfe_proxy_et_n_estimators,params_rfe_proxy_svc_C,params_rfe_proxy_type,params_ridge_alpha,params_ridge_solver,params_stack_final_estimator,params_svr_C,params_svr_degree,params_svr_epsilon,params_svr_gamma,params_svr_kernel,params_use_scaler,user_attrs_d2mae_ci_lower_val,user_attrs_d2mae_ci_upper_val,user_attrs_d2mae_df_val,user_attrs_d2mae_mean_val,user_attrs_d2mae_samperror_val,user_attrs_d2mae_std_val,user_attrs_d2mae_t_critical_val,user_attrs_mae_ci_lower_val,user_attrs_mae_ci_upper_val,user_attrs_mae_df_val,user_attrs_mae_mean_val,user_attrs_mae_samperror_val,user_attrs_mae_std_val,user_attrs_mae_t_critical_val,user_attrs_mape_ci_lower_val,user_attrs_mape_ci_upper_val,user_attrs_mape_df_val,user_attrs_mape_mean_val,user_attrs_mape_samperror_val,user_attrs_mape_std_val,user_attrs_mape_t_critical_val,user_attrs_max_error_ci_lower_val,user_attrs_max_error_ci_upper_val,user_attrs_max_error_df_val,user_attrs_max_error_mean_val,user_attrs_max_error_samperror_val,user_attrs_max_error_std_val,user_attrs_max_error_t_critical_val,user_attrs_median_ae_ci_lower_val,user_attrs_median_ae_ci_upper_val,user_attrs_median_ae_df_val,user_attrs_median_ae_mean_val,user_attrs_median_ae_samperror_val,user_attrs_median_ae_std_val,user_attrs_median_ae_t_critical_val,user_attrs_n_splits_val,user_attrs_r2_below_zero_val,user_attrs_r2_ci_lower_val,user_attrs_r2_ci_upper_val,user_attrs_r2_df_val,user_attrs_r2_mean_val,user_attrs_r2_samperror_val,user_attrs_r2_std_val,user_attrs_r2_t_critical_val,user_attrs_regressor_final,user_attrs_rfe_clf,user_attrs_rfe_n_features,user_attrs_rfe_selected_features,user_attrs_rho_ci_lower_val,user_attrs_rho_ci_upper_val,user_attrs_rho_df_val,user_attrs_rho_mean_val,user_attrs_rho_samperror_val,user_attrs_rho_std_val,user_attrs_rho_t_critical_val,user_attrs_rmse_ci_lower_val,user_attrs_rmse_ci_upper_val,user_attrs_rmse_df_val,user_attrs_rmse_mean_val,user_attrs_rmse_samperror_val,user_attrs_rmse_std_val,user_attrs_rmse_t_critical_val,user_attrs_termination_reason,user_attrs_use_scaler_final,state
184,6.476758649398606,2026-06-20 22:43:07.662067,2026-06-20 22:43:26.143977,0 days 00:00:18.481910,,,,,,,,,,,,,StackingRegressor,,,,2,6.0,3.0,80.0,,ExtraTrees,,,Ridge,,,,,,False,-0.014466592228594232,-0.010148813306834216,398.0,-0.012307702767714224,0.002158889460880008,0.021935426426436266,1.9659423239762661,6.450074830954575,6.503442467842637,398.0,6.476758649398606,0.026683818444030644,0.27112130883108226,1.9659423239762661,168953984555515.75,260864057719610.12,398.0,214909021137562.94,45955036582047.17,466926789044022.5,1.9659423239762661,16.45939591939084,16.712955390578042,398.0,16.58617565498444,0.12677973559360214,1.2881472687086644,1.9659423239762661,6.237871929941601,6.311969631240904,398.0,6.274920780591253,0.03704885064965177,0.37643536287318574,1.9659423239762661,399.0,0.6967418546365914,-0.01909343326724706,-0.01290847193302427,398.0,-0.016000952600135666,0.0030924806671113947,0.03142119287615015,1.9659423239762661,StackingRegressor,"{'mode': 'proxy', 'type': 'ExtraTrees', 'n_estimators': 80, 'max_depth': 6, 'min_samples_split': 3}",2,"['l2_T6W40', 'diameter_T6W40']",-0.022017596634151114,0.006456649904220015,398.0,-0.00778047336496555,0.014237123269185565,0.14465648920627225,1.9659423239762661,7.588210023203778,7.65567868411599,398.0,7.621944353659884,0.03373433045610588,0.34275813429714413,1.9659423239762661,completed,False,COMPLETE
185,0.008958455471242499,2026-06-20 22:43:26.161860,2026-06-20 22:43:26.412187,0 days 00:00:00.250327,,,,,,,,,,,,,Ridge,,,,2,,,,,,0.16806292168916662,lsqr,,,,,,,False,,,,,,,,,,,,,,,,,,,,,,,,,,,,,,,,,,,,,,,,,,,,,Ridge,"{'mode': 'original', 'type': 'Ridge'}",2,"['nodes_T6W40', 'lcc_T6W40']",,,,,,,,,,,,,,,pruned,False,PRUNED
186,0.007318075686667358,2026-06-20 22:43:26.422577,2026-06-20 22:43:26.732110,0 days 00:00:00.309533,,,,,,,,,,,,,Ridge,,,,2,,,,,,0.6413661020405765,lsqr,,,,,,,False,,,,,,,,,,,,,,,,,,,,,,,,,,,,,,,,,,,,,,,,,,,,,Ridge,"{'mode': 'original', 'type': 'Ridge'}",2,"['nodes_T6W40', 'lcc_T6W40']",,,,,,,,,,,,,,,pruned,False,PRUNED
187,6.419575442035013,2026-06-20 22:43:26.742013,2026-06-20 22:44:15.620362,0 days 00:00:48.878349,,,,,,,,,,,,,RandomForestRegressor,3.0,6.0,134.0,2,,,,,,,,,,,,,,False,-0.007084725383946999,0.0005789820221913477,398.0,-0.0032528716808778255,0.0038318537030691733,0.03893360290261426,1.9659423239762661,6.384768993533975,6.454381890536051,398.0,6.419575442035013,0.03480644850103751,0.3536514046202417,1.9659423239762661,143407025822700.12,221748021046972.0,398.0,182577523434836.06,39170497612135.95,397992386376127.56,1.9659423239762661,16.909080030077714,17.1964342349585,398.0,17.052757132518106,0.1436771024403921,1.4598331998249245,1.9659423239762661,6.10259496479787,6.217154005657063,398.0,6.1598744852274665,0.05727952042959683,0.5819893648528068,1.9659423239762661,399.0,0.6441102756892231,-0.03601025777199885,-0.02218900698154916,398.0,-0.029099632376774005,0.006910625395224848,0.07021550554785075,1.9659423239762661,RandomForestRegressor,"{'mode': 'original', 'type': 'RandomForestRegressor'}",2,"['l2_T6W40', 'diameter_T6W40']",0.0691175010404694,0.09432530208104839,398.0,0.0817214015607589,0.012603900520289492,0.12806210672603693,1.9659423239762661,7.626853172149232,7.707520238779125,398.0,7.667186705464179,0.040333533314946185,0.4098094268279871,1.9659423239762661,completed,False,COMPLETE
188,6.48815977373835,2026-06-20 22:44:15.638325,2026-06-20 22:44:22.650585,0 days 00:00:07.012260,,,,,,,,,,,,,SVR,,,,2,4.0,5.0,30.0,,ExtraTrees,,,,0.2755168224768951,2.0,5.74245909405494,scale,poly,,-0.01608183673739976,-0.011996132164266995,398.0,-0.014038984450833378,0.002042852286566382,0.020756429101186195,1.9659423239762661,6.46100865813153,6.51531088934517,398.0,6.48815977373835,0.02715111560681983,0.2758692881599852,1.9659423239762661,174141812086622.78,268781236698293.97,398.0,221461524392458.38,47319712305835.586,480792595736553.44,1.9659423239762661,16.336250857272677,16.589518903456163,398.0,16.46288488036442,0.12663402309174127,1.2866667548046882,1.9659423239762661,6.248485788328734,6.325298216766464,398.0,6.286892002547599,0.038406214218865115,0.39022687431734626,1.9659423239762661,399.0,0.47869674185463656,-0.0075352448405466566,-0.0011744903080185272,398.0,-0.004354867574282592,0.003180377266264065,0.03231426749566376,1.9659423239762661,SVR,"{'mode': 'proxy', 'type': 'ExtraTrees', 'n_estimators': 30, 'max_depth': 4, 'min_samples_split': 5}",2,"['l2_T6W40', 'diameter_T6W40']",0.09067120173471416,0.11554362645480762,398.0,0.10310741409476089,0.012436212360046736,0.12635830883909463,1.9659423239762661,7.544149465762584,7.612410747823492,398.0,7.578280106793038,0.03413064103045357,0.3467848534058098,1.9659423239762661,completed,True,COMPLETE
189,14.446803282716594,2026-06-20 22:44:22.668885,2026-06-20 22:46:00.123232,0 days 00:01:37.454347,,,,,,,,,4.32784383784693e-07,,,,GaussianProcessRegressor,,,,2,,,,0.004603334905132028,LinearSVC,,,,,,0.014852706729539674,,,,-1.2685011523629894,-1.2526688997019755,398.0,-1.2605850260324825,0.007916126330506909,0.08043191180081471,1.9659423239762661,14.42336227211761,14.470244293315579,398.0,14.446803282716594,0.023441010598985047,0.2381727145704604,1.9659423239762661,0.9958251192512715,0.9972949357882881,398.0,0.9965600275197798,0.0007349082685083213,0.007467045694628984,1.9659423239762661,30.735256529948362,30.974016653009034,398.0,30.854636591478698,0.11938006153033491,1.2129627773599299,1.9659423239762661,13.392399912955371,13.554968508097259,398.0,13.473684210526315,0.08128429757094346,0.825890237226501,1.9659423239762661,399.0,1.0,-3.6953813381699896,-3.637538473128703,398.0,-3.6664599056493463,0.02892143252064328,0.29385661781178724,1.9659423239762661,GaussianProcessRegressor,"{'mode': 'proxy', 'type': 'LinearSVC', 'C': 0.004603334905132028, 'epsilon': 0.014852706729539674}",2,"['diameter_T6W40', 'asp_T6W40']",,,,,,,,16.279457503760334,16.338073132063755,398.0,16.308765317912044,0.02930781415171041,0.29778245375400575,1.9659423239762661,completed,True,COMPLETE
190,0.006738922532055791,2026-06-20 22:46:00.142302,2026-06-20 22:46:00.431388,0 days 00:00:00.289086,,,,,,,,,,,,,Ridge,,,,3,,,,,,0.4507435787043337,sparse_cg,,,,,,,True,,,,,,,,,,,,,,,,,,,,,,,,,,,,,,,,,,,,,,,,,,,,,Ridge,"{'mode': 'original', 'type': 'Ridge'}",3,"['nodes_T6W40', 'lcc_T6W40', 'diameter_T6W40']",,,,,,,,,,,,,,,pruned,True,PRUNED
191,0.00771220127113524,2026-06-20 22:46:00.441090,2026-06-20 22:46:00.677082,0 days 00:00:00.235992,,,,,,,,,,,,,Ridge,,,,2,,,,,,0.5143677916290528,sparse_cg,,,,,,,False,,,,,,,,,,,,,,,,,,,,,,,,,,,,,,,,,,,,,,,,,,,,,Ridge,"{'mode': 'original', 'type': 'Ridge'}",2,"['nodes_T6W40', 'lcc_T6W40']",,,,,,,,,,,,,,,pruned,False,PRUNED
192,0.007425985249182121,2026-06-20 22:46:00.687447,2026-06-20 22:46:00.946650,0 days 00:00:00.259203,,,,,,,,,,,,,Ridge,,,,2,,,,,,0.6056398784674134,sparse_cg,,,,,,,False,,,,,,,,,,,,,,,,,,,,,,,,,,,,,,,,,,,,,,,,,,,,,Ridge,"{'mode': 'original', 'type': 'Ridge'}",2,"['nodes_T6W40', 'lcc_T6W40']",,,,,,,,,,,,,,,pruned,False,PRUNED
193,0.007475700565760819,2026-06-20 22:46:00.956585,2026-06-20 22:46:01.243999,0 days 00:00:00.287414,,,,,,,,,,,,,Ridge,,,,2,,,,,,0.5894279205683702,sparse_cg,,,,,,,False,,,,,,,,,,,,,,,,,,,,,,,,,,,,,,,,,,,,,,,,,,,,,Ridge,"{'mode': 'original', 'type': 'Ridge'}",2,"['nodes_T6W40', 'lcc_T6W40']",,,,,,,,,,,,,,,pruned,False,PRUNED
194,0.0076227497632540995,2026-06-20 22:46:01.255685,2026-06-20 22:46:01.490857,0 days 00:00:00.235172,,,,,,,,,,,,,Ridge,,,,2,,,,,,0.5423643239463427,lsqr,,,,,,,False,,,,,,,,,,,,,,,,,,,,,,,,,,,,,,,,,,,,,,,,,,,,,Ridge,"{'mode': 'original', 'type': 'Ridge'}",2,"['nodes_T6W40', 'lcc_T6W40']",,,,,,,,,,,,,,,pruned,False,PRUNED
195,0.007363308381173398,2026-06-20 22:46:01.501523,2026-06-20 22:46:01.789908,0 days 00:00:00.288385,,,,,,,,,,,,,Ridge,,,,2,,,,,,0.6263001477574076,svd,,,,,,,False,,,,,,,,,,,,,,,,,,,,,,,,,,,,,,,,,,,,,,,,,,,,,Ridge,"{'mode': 'original', 'type': 'Ridge'}",2,"['nodes_T6W40', 'lcc_T6W40']",,,,,,,,,,,,,,,pruned,False,PRUNED
196,6.441275448536976,2026-06-20 22:46:01.799762,2026-06-20 22:46:44.974222,0 days 00:00:43.174460,,,,,,7.0,6.0,188.0,,,,,ExtraTreesRegressor,,,,2,,,,,,,,,,,,,,False,-0.010721018054175727,-0.002571270123544531,398.0,-0.006646144088860129,0.004074873965315598,0.04140281366084677,1.9659423239762661,6.405283277091762,6.4772676199821895,398.0,6.441275448536976,0.03599217144521425,0.36569895910389016,1.9659423239762661,156034237100592.84,241226838760528.34,398.0,198630537930560.6,42596300829967.75,432800307669868.4,1.9659423239762661,17.14380413540976,17.43021757368949,398.0,17.287010854549624,0.14320671913986693,1.4550538637505852,1.9659423239762661,6.077691296074197,6.193630843077808,398.0,6.1356610695760025,0.057969773501805995,0.5890026908036844,1.9659423239762661,399.0,0.7443609022556391,-0.05527723360860613,-0.0407553725262476,398.0,-0.048016303067426866,0.007260930541179266,0.07377478586077282,1.9659423239762661,ExtraTreesRegressor,"{'mode': 'original', 'type': 'ExtraTreesRegressor'}",2,"['l2_T6W40', 'diameter_T6W40']",0.0544210074815149,0.07816485075554763,398.0,0.06629292911853127,0.01187192163701637,0.12062482509087732,1.9659423239762661,7.695740261276251,7.778164300685564,398.0,7.7369522809809075,0.04121201970465648,0.41873530002218995,1.9659423239762661,completed,False,COMPLETE
197,0.007967816987075419,2026-06-20 22:46:45.015369,2026-06-20 22:46:45.248711,0 days 00:00:00.233342,,,,,,,,,,,,,Ridge,,,,2,,,,,,0.4368877267024643,lsqr,,,,,,,False,,,,,,,,,,,,,,,,,,,,,,,,,,,,,,,,,,,,,,,,,,,,,Ridge,"{'mode': 'original', 'type': 'Ridge'}",2,"['nodes_T6W40', 'lcc_T6W40']",,,,,,,,,,,,,,,pruned,False,PRUNED
198,6.435145557693958,2026-06-20 22:46:45.258536,2026-06-20 22:46:51.518423,0 days 00:00:06.259887,,,,,,,,,,,,,LinearRegression,,,,2,,,,,,,,,,,,,,False,-0.007730666779463739,-0.0036974582623439316,398.0,-0.0057140625209038355,0.002016604258559904,0.020489735647163568,1.9659423239762661,6.407698139682413,6.462592975705503,398.0,6.435145557693958,0.027447418011545342,0.27887987286874705,1.9659423239762661,163983853301632.75,253137049340731.62,398.0,208560451321182.2,44576598019549.43,452921144837159.44,1.9659423239762661,16.423226257766107,16.660300585266466,398.0,16.541763421516286,0.11853716375018081,1.2043985027286386,1.9659423239762661,6.15417872107828,6.245698634918627,398.0,6.199938677998453,0.04575995692017335,0.46494467942337386,1.9659423239762661,399.0,0.5288220551378446,-0.013845725016015081,-0.006479642879766111,398.0,-0.010162683947890596,0.0036830410681244845,0.03742159005327516,1.9659423239762661,LinearRegression,"{'mode': 'original', 'type': 'LinearRegression'}",2,"['atd_T6W40', 'density_T6W40']",0.0491371419250763,0.07387988857409247,398.0,0.06150851524958439,0.012371373324508087,0.12569951091572185,1.9659423239762661,7.565034371154171,7.634642502745054,398.0,7.599838436949613,0.034804065795441194,0.3536271951068549,1.9659423239762661,completed,False,COMPLETE
199,0.007572464638872689,2026-06-20 22:46:51.537175,2026-06-20 22:46:51.773246,0 days 00:00:00.236071,,,,,,,,,,,,,Ridge,,,,2,,,,,,0.5583108444506676,sparse_cg,,,,,,,False,,,,,,,,,,,,,,,,,,,,,,,,,,,,,,,,,,,,,,,,,,,,,Ridge,"{'mode': 'original', 'type': 'Ridge'}",2,"['nodes_T6W40', 'lcc_T6W40']",,,,,,,,,,,,,,,pruned,False,PRUNED
200,0.00582495363317963,2026-06-20 22:46:51.788480,2026-06-20 22:46:52.063915,0 days 00:00:00.275435,,,,,,,,,,,,,Ridge,,,,2,,,,,,0.4926918058520013,auto,,,,,,,True,,,,,,,,,,,,,,,,,,,,,,,,,,,,,,,,,,,,,,,,,,,,,Ridge,"{'mode': 'original', 'type': 'Ridge'}",2,"['nodes_T6W40', 'lcc_T6W40']",,,,,,,,,,,,,,,pruned,True,PRUNED
201,0.007265762490573669,2026-06-20 22:46:52.075737,2026-06-20 22:46:52.316482,0 days 00:00:00.240745,,,,,,,,,,,,,Ridge,,,,2,,,,,,0.6589558012482196,sparse_cg,,,,,,,False,,,,,,,,,,,,,,,,,,,,,,,,,,,,,,,,,,,,,,,,,,,,,Ridge,"{'mode': 'original', 'type': 'Ridge'}",2,"['nodes_T6W40', 'lcc_T6W40']",,,,,,,,,,,,,,,pruned,False,PRUNED
202,0.0074141640519726675,2026-06-20 22:46:52.326628,2026-06-20 22:46:52.676850,0 days 00:00:00.350222,,,,,,,,,,,,,Ridge,,,,2,,,,,,0.6095174965486404,sparse_cg,,,,,,,False,,,,,,,,,,,,,,,,,,,,,,,,,,,,,,,,,,,,,,,,,,,,,Ridge,"{'mode': 'original', 'type': 'Ridge'}",2,"['nodes_T6W40', 'lcc_T6W40']",,,,,,,,,,,,,,,pruned,False,PRUNED
203,0.007862027276390005,2026-06-20 22:46:52.686901,2026-06-20 22:46:52.955388,0 days 00:00:00.268487,,,,,,,,,,,,,Ridge,,,,2,,,,,,0.46851025960139764,lsqr,,,,,,,False,,,,,,,,,,,,,,,,,,,,,,,,,,,,,,,,,,,,,,,,,,,,,Ridge,"{'mode': 'original', 'type': 'Ridge'}",2,"['nodes_T6W40', 'lcc_T6W40']",,,,,,,,,,,,,,,pruned,False,PRUNED
204,0.0071097202863524165,2026-06-20 22:46:52.965283,2026-06-20 22:46:53.229037,0 days 00:00:00.263754,,,,,,,,,,,,,Ridge,,,,2,,,,,,0.7125026789562545,sparse_cg,,,,,,,False,,,,,,,,,,,,,,,,,,,,,,,,,,,,,,,,,,,,,,,,,,,,,Ridge,"{'mode': 'original', 'type': 'Ridge'}",2,"['nodes_T6W40', 'lcc_T6W40']",,,,,,,,,,,,,,,pruned,False,PRUNED
205,6.802973119072191,2026-06-20 22:46:53.239177,2026-06-20 22:47:25.351670,0 days 00:00:32.112493,50.0,,,,,,,,,,,,BaggingRegressor,,,,2,7.0,4.0,70.0,,ExtraTrees,,,,,,,,,False,-0.07053651763018041,-0.056373410999805265,398.0,-0.06345496431499284,0.007081553315187574,0.07195222105853644,1.9659423239762661,6.7529326445884434,6.853013593555938,398.0,6.802973119072191,0.05004047448374726,0.5084369377275902,1.9659423239762661,175664713936682.1,272849456825713.4,398.0,224257085381197.75,48592371444515.66,493723466634903.7,1.9659423239762661,19.312235100074606,19.76415587736901,398.0,19.538195488721808,0.2259603886472026,2.2958736749955095,1.9659423239762661,5.924551244265035,6.092591612877823,398.0,6.008571428571429,0.08402018430639353,0.8536882524949926,1.9659423239762661,399.0,0.949874686716792,-0.23140549032026633,-0.2025720944577191,398.0,-0.2169887923889927,0.01441669793127363,0.14648106006071482,1.9659423239762661,BaggingRegressor,"{'mode': 'proxy', 'type': 'ExtraTrees', 'n_estimators': 70, 'max_depth': 7, 'min_samples_split': 4}",2,"['l2_T6W40', 'diameter_T6W40']",0.038308272571017946,0.06282802159123593,398.0,0.05056814708112694,0.01225987451010899,0.12456662565957292,1.9659423239762661,8.269104544842474,8.379173148426105,398.0,8.32413884663429,0.05503430179181571,0.5591767896224679,1.9659423239762661,completed,False,COMPLETE
206,0.009153331023208233,2026-06-20 22:47:25.369513,2026-06-20 22:47:25.612088,0 days 00:00:00.242575,,,,,,,,,,,,,Ridge,,,,2,,,,,,0.12038224993328658,lsqr,,,,,,,False,,,,,,,,,,,,,,,,,,,,,,,,,,,,,,,,,,,,,,,,,,,,,Ridge,"{'mode': 'original', 'type': 'Ridge'}",2,"['nodes_T6W40', 'lcc_T6W40']",,,,,,,,,,,,,,,pruned,False,PRUNED
207,0.0074848925368345386,2026-06-20 22:47:25.622216,2026-06-20 22:47:25.958431,0 days 00:00:00.336215,,,,,,,,,,,,,Ridge,,,,2,,,,,,0.5864472982717774,sparse_cg,,,,,,,False,,,,,,,,,,,,,,,,,,,,,,,,,,,,,,,,,,,,,,,,,,,,,Ridge,"{'mode': 'original', 'type': 'Ridge'}",2,"['nodes_T6W40', 'lcc_T6W40']",,,,,,,,,,,,,,,pruned,False,PRUNED
208,0.008099787963798288,2026-06-20 22:47:25.968352,2026-06-20 22:47:26.250906,0 days 00:00:00.282554,,,,,,,,,,,,,Ridge,,,,2,,,,,,0.3982872420621985,lsqr,,,,,,,False,,,,,,,,,,,,,,,,,,,,,,,,,,,,,,,,,,,,,,,,,,,,,Ridge,"{'mode': 'original', 'type': 'Ridge'}",2,"['nodes_T6W40', 'lcc_T6W40']",,,,,,,,,,,,,,,pruned,False,PRUNED
209,0.00775154405968832,2026-06-20 22:47:26.260732,2026-06-20 22:47:26.505045,0 days 00:00:00.244313,,,,,,,,,,,,,Ridge,,,,3,,,,,,0.6393566596043817,lsqr,,,,,,,False,,,,,,,,,,,,,,,,,,,,,,,,,,,,,,,,,,,,,,,,,,,,,Ridge,"{'mode': 'original', 'type': 'Ridge'}",3,"['nodes_T6W40', 'lcc_T6W40', 'asp_T6W40']",,,,,,,,,,,,,,,pruned,False,PRUNED
210,6.389020058481934,2026-06-20 22:47:26.514867,2026-06-20 22:47:33.207073,0 days 00:00:06.692206,,,,,,,,,,,,,SVR,,,,2,,,,,,,,,0.007943212193333596,,0.06940407668581348,scale,linear,,0.0005698215249284581,0.0024576905162232657,398.0,0.001513756020575862,0.0009439344956474039,0.009590859585839481,1.9659423239762661,6.363879544773715,6.414160572190154,398.0,6.389020058481934,0.025140513708219434,0.25544053957476365,1.9659423239762661,155722617484676.62,240345899579724.94,398.0,198034258532200.78,42311641047524.164,429908017986907.3,1.9659423239762661,17.42231660922488,17.657354082210425,398.0,17.539835345717652,0.11751873649277367,1.194050758399744,1.9659423239762661,5.951447741845127,6.029892101294798,398.0,5.990669921569962,0.03922217972483521,0.398517503201801,1.9659423239762661,399.0,0.8972431077694235,-0.02314053094461142,-0.019670819920046805,398.0,-0.021405675432329112,0.0017348555122823086,0.017627023587698677,1.9659423239762661,SVR,"{'mode': 'original', 'type': 'SVR'}",2,"['diameter_T6W40', 'asp_T6W40']",0.09759829592158277,0.12335037271811937,398.0,0.11047433431985107,0.012876038398268305,0.13082716742433573,1.9659423239762661,7.609929411973671,7.676344040777871,398.0,7.643136726375771,0.033207314402099654,0.33740338034253814,1.9659423239762661,completed,True,COMPLETE
211,0.00725287508146862,2026-06-20 22:47:33.224958,2026-06-20 22:47:33.497402,0 days 00:00:00.272444,,,,,,,,,,,,,Ridge,,,,2,,,,,,0.6633165618106531,sparse_cg,,,,,,,False,,,,,,,,,,,,,,,,,,,,,,,,,,,,,,,,,,,,,,,,,,,,,Ridge,"{'mode': 'original', 'type': 'Ridge'}",2,"['nodes_T6W40', 'lcc_T6W40']",,,,,,,,,,,,,,,pruned,False,PRUNED
212,0.007186747283392821,2026-06-20 22:47:33.507647,2026-06-20 22:47:33.789305,0 days 00:00:00.281658,,,,,,,,,,,,,Ridge,,,,2,,,,,,0.6858657508992365,sparse_cg,,,,,,,False,,,,,,,,,,,,,,,,,,,,,,,,,,,,,,,,,,,,,,,,,,,,,Ridge,"{'mode': 'original', 'type': 'Ridge'}",2,"['nodes_T6W40', 'lcc_T6W40']",,,,,,,,,,,,,,,pruned,False,PRUNED
213,0.007362656021720844,2026-06-20 22:47:33.799128,2026-06-20 22:47:34.042093,0 days 00:00:00.242965,,,,,,,,,,,,,Ridge,,,,2,,,,,,0.6265164994330567,sparse_cg,,,,,,,False,,,,,,,,,,,,,,,,,,,,,,,,,,,,,,,,,,,,,,,,,,,,,Ridge,"{'mode': 'original', 'type': 'Ridge'}",2,"['nodes_T6W40', 'lcc_T6W40']",,,,,,,,,,,,,,,pruned,False,PRUNED
214,0.007037837764008436,2026-06-20 22:47:34.052309,2026-06-20 22:47:34.293693,0 days 00:00:00.241384,,,,,,,,,,,,,Ridge,,,,2,,,,,,0.7377284052512866,sparse_cg,,,,,,,False,,,,,,,,,,,,,,,,,,,,,,,,,,,,,,,,,,,,,,,,,,,,,Ridge,"{'mode': 'original', 'type': 'Ridge'}",2,"['nodes_T6W40', 'lcc_T6W40']",,,,,,,,,,,,,,,pruned,False,PRUNED
215,6.400718850784001,2026-06-20 22:47:34.303484,2026-06-20 22:47:40.682857,0 days 00:00:06.379373,,,,0.7528587735227592,0.0,,,,,,,,ElasticNet,,,,2,,,,,,,,,,,,,,False,-0.002162076561986577,0.0014439684236485955,398.0,-0.0003590540691689908,0.0018030224928175863,0.01831963514254614,1.9659423239762661,6.374399677148491,6.42703802441951,398.0,6.400718850784001,0.026319173635509348,0.267416330176992,1.9659423239762661,164864322319148.94,254476083083235.7,398.0,209670202701192.3,44805880382043.37,455250771473678.0,1.9659423239762661,16.253394024358613,16.48929906464017,398.0,16.371346544499392,0.11795252014078006,1.198458223195073,1.9659423239762661,6.1479568543695065,6.221175446203426,398.0,6.184566150286466,0.036609295916959744,0.37196926089155496,1.9659423239762661,399.0,0.37092731829573933,-0.002497167784241014,0.00357737180862822,398.0,0.000540102012193603,0.003037269796434617,0.030860222055913582,1.9659423239762661,ElasticNet,"{'mode': 'original', 'type': 'ElasticNet'}",2,"['lcc_T6W40', 'diameter_T6W40']",0.08357296475595434,0.10891085405703381,398.0,0.09624190940649407,0.012668944650539738,0.12872298851708253,1.9659423239762661,7.526251068718449,7.593106268050218,398.0,7.5596786683843336,0.03342759966588423,0.3396415918323497,1.9659423239762661,completed,False,COMPLETE
