number,value,datetime_start,datetime_complete,duration,params_dt_max_depth,params_dt_min_samples_leaf,params_dt_min_samples_split,params_elastic_alpha,params_elastic_l1_ratio,params_et_max_depth,params_et_max_features,params_et_min_samples_leaf,params_et_min_samples_split,params_et_n_estimators,params_knn_metric,params_knn_n_neighbors,params_knn_weights,params_quantile_alpha,params_regressor,params_rf_max_depth,params_rf_max_features,params_rf_min_samples_leaf,params_rf_min_samples_split,params_rf_n_estimators,params_rfe_n_features,params_rfe_proxy_et_max_depth,params_rfe_proxy_et_min_samples_leaf,params_rfe_proxy_et_min_samples_split,params_rfe_proxy_et_n_estimators,params_rfe_proxy_lsvr_C,params_rfe_proxy_lsvr_epsilon,params_rfe_proxy_type,params_use_scaler,params_xgb_booster,params_xgb_colsample_bytree,params_xgb_learning_rate,params_xgb_max_depth,params_xgb_n_estimators,params_xgb_reg_alpha,params_xgb_reg_lambda,params_xgb_subsample,user_attrs_d2mae_ci_lower_val,user_attrs_d2mae_ci_upper_val,user_attrs_d2mae_df_val,user_attrs_d2mae_mean_val,user_attrs_d2mae_samperror_val,user_attrs_d2mae_std_val,user_attrs_d2mae_t_critical_val,user_attrs_mae_ci_lower_val,user_attrs_mae_ci_upper_val,user_attrs_mae_df_val,user_attrs_mae_mean_val,user_attrs_mae_samperror_val,user_attrs_mae_std_val,user_attrs_mae_t_critical_val,user_attrs_mape_ci_lower_val,user_attrs_mape_ci_upper_val,user_attrs_mape_df_val,user_attrs_mape_mean_val,user_attrs_mape_samperror_val,user_attrs_mape_std_val,user_attrs_mape_t_critical_val,user_attrs_max_error_ci_lower_val,user_attrs_max_error_ci_upper_val,user_attrs_max_error_df_val,user_attrs_max_error_mean_val,user_attrs_max_error_samperror_val,user_attrs_max_error_std_val,user_attrs_max_error_t_critical_val,user_attrs_median_ae_ci_lower_val,user_attrs_median_ae_ci_upper_val,user_attrs_median_ae_df_val,user_attrs_median_ae_mean_val,user_attrs_median_ae_samperror_val,user_attrs_median_ae_std_val,user_attrs_median_ae_t_critical_val,user_attrs_n_splits_val,user_attrs_r2_below_zero_val,user_attrs_r2_ci_lower_val,user_attrs_r2_ci_upper_val,user_attrs_r2_df_val,user_attrs_r2_mean_val,user_attrs_r2_samperror_val,user_attrs_r2_std_val,user_attrs_r2_t_critical_val,user_attrs_regressor_final,user_attrs_rfe_estimator,user_attrs_rfe_n_features,user_attrs_rfe_selected_features,user_attrs_rho_ci_lower_val,user_attrs_rho_ci_upper_val,user_attrs_rho_df_val,user_attrs_rho_mean_val,user_attrs_rho_samperror_val,user_attrs_rho_std_val,user_attrs_rho_t_critical_val,user_attrs_rmse_ci_lower_val,user_attrs_rmse_ci_upper_val,user_attrs_rmse_df_val,user_attrs_rmse_mean_val,user_attrs_rmse_samperror_val,user_attrs_rmse_std_val,user_attrs_rmse_t_critical_val,user_attrs_termination_reason,user_attrs_use_scaler_final,state
94,6.683686608847097,2026-06-12 22:51:58.231061,2026-06-12 22:51:59.947595,0 days 00:00:01.716534,,,,,,,,,,,,,,,LinearRegression,,,,,,11,,,,,,,,False,,,,,,,,,-0.05104844312518061,-0.03450733715105823,98.0,-0.04277789013811942,0.008270552987061188,0.04146752974635565,1.9844674545084815,6.615749279261545,6.751623938432649,98.0,6.683686608847097,0.06793732958555221,0.3406293678166614,1.9844674545084815,161958830515917.1,357634190181875.4,98.0,259796510348896.25,97837679832979.16,490546025777909.3,1.9844674545084815,17.66842911738901,18.599408124362,98.0,18.133918620875505,0.4654895034864955,2.3339067971199206,1.9844674545084815,6.201987784585407,6.402764462592012,98.0,6.30237612358871,0.10038833900330234,0.503334715383509,1.9844674545084815,99.0,0.9090909090909091,-0.12390436058666071,-0.08868157087501305,98.0,-0.10629296573083688,0.01761139485582383,0.08830135556850964,1.9844674545084815,LinearRegression,"{'mode': 'original', 'type': 'LinearRegression'}",11,"['nodes_T6W40', 'edges_T6W40', 'pe_T6W40', 'l1_T6W40', 'l2_T6W40', 'l3_T6W40', 'lcc_T6W40', 'atd_T6W40', 'density_T6W40', 'diameter_T6W40', 'asp_T6W40']",-0.09683846732318502,-0.05086090160530734,98.0,-0.07384968446424618,0.022988782858938843,0.11526291392207054,1.9844674545084815,7.86560501794361,8.035055594041475,98.0,7.9503303059925425,0.0847252880489331,0.4248021151589402,1.9844674545084815,completed,False,COMPLETE
95,6.869252106303923,2026-06-12 22:51:59.959614,2026-06-12 22:52:02.538672,0 days 00:00:02.579058,,,,,,,,,,,,,,0.00020014140832964604,QuantileRegressor,,,,,,13,,,,,,,,False,,,,,,,,,-0.08350195802623352,-0.06003799803784711,98.0,-0.07176997803204031,0.011731979994193207,0.05882269663878001,1.9844674545084815,6.783170473062562,6.955333739545285,98.0,6.869252106303923,0.08608163324136192,0.43160266219628574,1.9844674545084815,153932102684544.22,340275838375404.25,98.0,247103970529974.22,93171867845430.0,467152221556198.2,1.9844674545084815,19.767355506398516,21.19585609100252,98.0,20.481605798700517,0.7142502923020007,3.58116262464099,1.9844674545084815,5.954726741559567,6.219374220591218,98.0,6.0870504810753925,0.132323739515826,0.6634548636718546,1.9844674545084815,99.0,0.9797979797979798,-0.2717987631558303,-0.2085435919271546,98.0,-0.24017117754149245,0.03162758561433785,0.1585768024604594,1.9844674545084815,QuantileRegressor,"{'mode': 'original', 'type': 'QuantileRegressor'}",13,"['nodes_T6W40', 'edges_T6W40', 're_T6W40', 'pe_T6W40', 'l1_T6W40', 'l2_T6W40', 'l3_T6W40', 'lcc_T6W40', 'lsc_T6W40', 'atd_T6W40', 'density_T6W40', 'diameter_T6W40', 'asp_T6W40']",-0.07289495042893347,-0.028278759581109706,98.0,-0.05058685500502159,0.02230809542391188,0.11185003131263564,1.9844674545084815,8.292031528379463,8.521105820869723,98.0,8.406568674624593,0.11453714624513027,0.5742750849203268,1.9844674545084815,completed,False,COMPLETE
96,7.619738562091503,2026-06-12 22:52:02.550551,2026-06-12 22:52:02.705779,0 days 00:00:00.155228,15.0,3.0,7.0,,,,,,,,,,,,DecisionTreeRegressor,,,,,,3,,,,,,,,False,,,,,,,,,,,,,,,,,,,,,,,,,,,,,,,,,,,,,,,,,,,,,,,,,,,,,DecisionTreeRegressor,"{'mode': 'original', 'type': 'DecisionTreeRegressor'}",3,"['l3_T6W40', 'density_T6W40', 'diameter_T6W40']",,,,,,,,,,,,,,,pruned,False,PRUNED
97,6.524486453715761,2026-06-12 22:52:02.716277,2026-06-12 22:52:24.761724,0 days 00:00:22.045447,,,,,,12.0,sqrt,4.0,2.0,413.0,,,,,ExtraTreesRegressor,,,,,,12,,,,,,,,True,,,,,,,,,-0.023074280668195155,-0.01291102439304466,98.0,-0.017992652530619907,0.005081628137575248,0.02547865496835374,1.9844674545084815,6.473374198403834,6.575598709027688,98.0,6.524486453715761,0.05111225531192721,0.2562705263924313,1.9844674545084815,171900163095565.62,378787233096639.6,98.0,275343698096102.62,103443535000537.02,518653090236372.94,1.9844674545084815,16.829642701713617,17.40940624420076,98.0,17.11952447295719,0.2898817712435728,1.4534313474292215,1.9844674545084815,6.256657129338077,6.4452996553609125,98.0,6.350978392349495,0.0943212630114179,0.4729151467572683,1.9844674545084815,99.0,0.8282828282828283,-0.05519239249601207,-0.03722435057882281,98.0,-0.04620837153741744,0.008984020958594626,0.04504476991142321,1.9844674545084815,ExtraTreesRegressor,"{'mode': 'original', 'type': 'ExtraTreesRegressor'}",12,"['nodes_T6W40', 're_T6W40', 'pe_T6W40', 'l1_T6W40', 'l2_T6W40', 'l3_T6W40', 'lcc_T6W40', 'lsc_T6W40', 'atd_T6W40', 'density_T6W40', 'diameter_T6W40', 'asp_T6W40']",-0.05572901014320805,-0.011016763096387435,98.0,-0.033372886619797745,0.02235612352341031,0.1120908382632383,1.9844674545084815,7.672064118764287,7.797862624264325,98.0,7.734963371514306,0.06289925275001916,0.3153690736901707,1.9844674545084815,completed,True,COMPLETE
98,6.638861688151367,2026-06-12 22:52:24.774060,2026-06-12 22:52:27.193880,0 days 00:00:02.419820,,,,,,,,,,,manhattan,16.0,distance,,KNeighborsRegressor,,,,,,4,3.0,5.0,10.0,60.0,,,ExtraTrees,,,,,,,,,,-0.04379299594794358,-0.02807577717505317,98.0,-0.035934386561498374,0.007858609386445205,0.0394020954834849,1.9844674545084815,6.5769694919244,6.700753884378335,98.0,6.638861688151367,0.06189219622696762,0.31031981683984494,1.9844674545084815,182094907774620.56,401613303786259.3,98.0,291854105780439.94,109759198005819.38,550319043401684.06,1.9844674545084815,17.480197985832184,18.184827023538823,98.0,17.832512504685504,0.35231451885331877,1.7664614220450416,1.9844674545084815,6.203912829796478,6.404103732215164,98.0,6.304008281005821,0.1000954512093437,0.5018662122099818,1.9844674545084815,99.0,0.9090909090909091,-0.10841917161268913,-0.07774023821218334,98.0,-0.09307970491243624,0.01533946670025289,0.07691018879645593,1.9844674545084815,KNeighborsRegressor,"{'mode': 'proxy', 'type': 'ExtraTrees'}",4,"['nodes_T6W40', 'lcc_T6W40', 'atd_T6W40', 'density_T6W40']",-0.03193587235487737,0.015554215301346609,98.0,-0.00819082852676538,0.02374504382811199,0.11905471288451677,1.9844674545084815,7.826617290033311,7.979663875160699,98.0,7.903140582597005,0.07652329256369365,0.38367832424728837,1.9844674545084815,completed,True,COMPLETE
99,6.711391351388365,2026-06-12 22:52:27.208441,2026-06-12 22:52:29.842150,0 days 00:00:02.633709,,,,,,,,,,,,,,0.00048105946370578004,QuantileRegressor,,,,,,10,,,,,,,,False,,,,,,,,,-0.05660436668171115,-0.03733155022969717,98.0,-0.04696795845570416,0.009636408226006992,0.048315758980701735,1.9844674545084815,6.633354879895243,6.789427822881488,98.0,6.711391351388365,0.0780364714931225,0.39126521624420985,1.9844674545084815,157624146808581.56,348188962996164.75,98.0,252906554902373.16,95282408093791.61,477734209322522.2,1.9844674545084815,18.884986583235378,19.92785572298835,98.0,19.406421153111864,0.521434569876486,2.614408440518872,1.9844674545084815,5.889729164284895,6.121304436586331,98.0,6.005516800435613,0.11578763615071785,0.5805448866420005,1.9844674545084815,99.0,0.9797979797979798,-0.20100058537372306,-0.15343134706473194,98.0,-0.1772159662192275,0.023784619154495566,0.11925313867618997,1.9844674545084815,QuantileRegressor,"{'mode': 'original', 'type': 'QuantileRegressor'}",10,"['nodes_T6W40', 're_T6W40', 'pe_T6W40', 'l1_T6W40', 'l2_T6W40', 'l3_T6W40', 'lcc_T6W40', 'lsc_T6W40', 'diameter_T6W40', 'asp_T6W40']",-0.04737936380477362,-0.00500111249278044,98.0,-0.02619023814877703,0.02118912565599659,0.10623965529438249,1.9844674545084815,8.097043732520092,8.298179116322881,98.0,8.197611424421487,0.10056769190139418,0.5042339686315511,1.9844674545084815,completed,False,COMPLETE
100,6.41612838384079,2026-06-12 22:52:29.860815,2026-06-12 22:52:36.427868,0 days 00:00:06.567053,,,,,,3.0,,1.0,11.0,85.0,,,,,ExtraTreesRegressor,,,,,,2,,,,,,,,True,,,,,,,,,-0.005176890904811176,0.003178402420524763,98.0,-0.0009992442421432064,0.004177646662667969,0.02094620366074268,1.9844674545084815,6.366193689637613,6.466063078043967,98.0,6.41612838384079,0.049934694203176894,0.25036638063801225,1.9844674545084815,166258478529246.3,365991976945020.4,98.0,266125227737133.34,99866749207887.03,500719528661337.4,1.9844674545084815,16.244567944026425,16.730421101530634,98.0,16.48749452277853,0.24292657875210524,1.2180038198585816,1.9844674545084815,6.27552592588406,6.454154496956833,98.0,6.3648402114204465,0.08931428553638683,0.4478107809778575,1.9844674545084815,99.0,0.40404040404040403,-0.00840038677322966,0.005098309190737458,98.0,-0.0016510387912461015,0.006749347981983559,0.033840395998824165,1.9844674545084815,ExtraTreesRegressor,"{'mode': 'original', 'type': 'ExtraTreesRegressor'}",2,"['density_T6W40', 'diameter_T6W40']",0.06479419494273825,0.1137794136100812,98.0,0.08928680427640973,0.024492609333671474,0.1228029138678893,1.9844674545084815,7.511109012847287,7.627146817325427,98.0,7.569127915086357,0.05801890223906966,0.2908995998470013,1.9844674545084815,completed,True,COMPLETE
101,6.52027698837359,2026-06-12 22:52:36.444909,2026-06-12 22:52:36.694111,0 days 00:00:00.249202,,,,,,,,,,,euclidean,7.0,distance,,KNeighborsRegressor,,,,,,10,8.0,1.0,12.0,20.0,,,ExtraTrees,,,,,,,,,,,,,,,,,,,,,,,,,,,,,,,,,,,,,,,,,,,,,,,,,,,,,,KNeighborsRegressor,"{'mode': 'proxy', 'type': 'ExtraTrees'}",10,"['edges_T6W40', 're_T6W40', 'pe_T6W40', 'l2_T6W40', 'l3_T6W40', 'lcc_T6W40', 'lsc_T6W40', 'atd_T6W40', 'density_T6W40', 'diameter_T6W40']",,,,,,,,,,,,,,,pruned,True,PRUNED
102,7.001011130389045,2026-06-12 22:52:36.704070,2026-06-12 22:52:37.477010,0 days 00:00:00.772940,,,,,,,,,,,,,,,XGBRegressor,,,,,,11,,,,,,,,True,gbtree,0.7699785651402797,0.28741006847416,3.0,230.0,0.37870378817184325,0.0004882270025709819,0.9635004839621477,,,,,,,,,,,,,,,,,,,,,,,,,,,,,,,,,,,,,,,,,,,,,XGBRegressor,"{'mode': 'original', 'type': 'XGBRegressor'}",11,"['edges_T6W40', 're_T6W40', 'pe_T6W40', 'l2_T6W40', 'l3_T6W40', 'lcc_T6W40', 'lsc_T6W40', 'atd_T6W40', 'density_T6W40', 'diameter_T6W40', 'asp_T6W40']",,,,,,,,,,,,,,,pruned,True,PRUNED
103,6.458160273716923,2026-06-12 22:52:37.488879,2026-06-12 22:52:39.438870,0 days 00:00:01.949991,,,,0.05875045082789027,0.30552431065802355,,,,,,,,,,ElasticNet,,,,,,6,,,,,,,,False,,,,,,,,,-0.01189121518725815,-0.003194078941520356,98.0,-0.007542647064389253,0.004348568122868897,0.021803182722029253,1.9844674545084815,6.406840226692223,6.509480320741623,98.0,6.458160273716923,0.051320047024700374,0.2573123683398739,1.9844674545084815,170012024540025.28,374183993683316.75,98.0,272098009111671.0,102085984571645.72,511846500292472.25,1.9844674545084815,16.417635273136984,16.918122772858627,98.0,16.667879022997806,0.25024374986082276,1.25469121078451,1.9844674545084815,6.202831200944319,6.371317015837427,98.0,6.287074108390873,0.084242907446554,0.4223835184811226,1.9844674545084815,99.0,0.6060606060606061,-0.026725444841815365,-0.010956415229536071,98.0,-0.018840930035675718,0.007884514806139647,0.039531982053760385,1.9844674545084815,ElasticNet,"{'mode': 'original', 'type': 'ElasticNet'}",6,"['nodes_T6W40', 're_T6W40', 'l1_T6W40', 'l2_T6W40', 'lcc_T6W40', 'diameter_T6W40']",0.013414196217166299,0.06035512588567138,98.0,0.03688466105141884,0.023470464834252542,0.11767800777019082,1.9844674545084815,7.57147784994505,7.696298992432463,98.0,7.6338884211887565,0.0624105712437067,0.312918885059349,1.9844674545084815,completed,False,COMPLETE
104,6.54694923477449,2026-06-12 22:52:39.451074,2026-06-12 22:52:41.508017,0 days 00:00:02.056943,,,,,,,,,,,manhattan,19.0,distance,,KNeighborsRegressor,,,,,,10,2.0,1.0,6.0,40.0,,,ExtraTrees,,,,,,,,,,-0.027922537793539925,-0.015145704402139727,98.0,-0.021534121097839826,0.0063884166957001,0.03203073117063617,1.9844674545084815,6.491024973748945,6.6028734958000355,98.0,6.54694923477449,0.05592426102554498,0.28039732787490174,1.9844674545084815,166004199324413.25,366385873178167.94,98.0,266195036251290.6,100190836926877.33,502344464400058.0,1.9844674545084815,17.21213831602904,17.76855722627456,98.0,17.4903477711518,0.27820945512276113,1.3949077980721412,1.9844674545084815,6.2148788214485755,6.411801897012401,98.0,6.313340359230488,0.09846153778191293,0.4936739723729415,1.9844674545084815,99.0,0.8787878787878788,-0.07543379975683111,-0.05236695046854804,98.0,-0.06390037511268958,0.01153342464414153,0.057827164671637434,1.9844674545084815,KNeighborsRegressor,"{'mode': 'proxy', 'type': 'ExtraTrees'}",10,"['nodes_T6W40', 'edges_T6W40', 're_T6W40', 'l1_T6W40', 'l2_T6W40', 'lcc_T6W40', 'atd_T6W40', 'density_T6W40', 'diameter_T6W40', 'asp_T6W40']",-0.03188357422156299,0.013076271816533754,98.0,-0.009403651202514619,0.022479923019048373,0.11271155362241521,1.9844674545084815,7.731121016880229,7.866613536476567,98.0,7.798867276678398,0.06774625979816952,0.33967136753490074,1.9844674545084815,completed,True,COMPLETE
105,6.514478672784354,2026-06-12 22:52:41.520335,2026-06-12 22:52:43.540549,0 days 00:00:02.020214,,,,0.0007485022950356935,0.5025660764634424,,,,,,,,,,ElasticNet,,,,,,6,,,,,,,,False,,,,,,,,,-0.021372362755690395,-0.011244260947991937,98.0,-0.016308311851841166,0.005064050903849229,0.025390524892464905,1.9844674545084815,6.45947842673409,6.569478918834618,98.0,6.514478672784354,0.055000246050263914,0.27576443107422954,1.9844674545084815,167988252137492.12,369834128926785.7,98.0,268911190532138.9,100922938394646.77,506015130610597.25,1.9844674545084815,16.72557497743052,17.34806424129348,98.0,17.036819609362,0.31124463193147983,1.56054208868545,1.9844674545084815,6.140091833778925,6.308388800544007,98.0,6.224240317161466,0.08414848338254081,0.4219100879028573,1.9844674545084815,99.0,0.7575757575757576,-0.05104176758838175,-0.03069141907873736,98.0,-0.040866593333559555,0.010175174254822193,0.05101706521272417,1.9844674545084815,ElasticNet,"{'mode': 'original', 'type': 'ElasticNet'}",6,"['nodes_T6W40', 'pe_T6W40', 'l1_T6W40', 'l2_T6W40', 'lcc_T6W40', 'asp_T6W40']",-0.0246248072559245,0.02018389001314236,98.0,-0.0022204586213910695,0.02240434863453343,0.11233263300576012,1.9844674545084815,7.645850433996281,7.7854765894588285,98.0,7.715663511727555,0.06981307773127342,0.35003413702025066,1.9844674545084815,completed,False,COMPLETE
106,6.529674583672297,2026-06-12 22:52:43.553035,2026-06-12 22:52:59.411646,0 days 00:00:15.858611,,,,,,,,,,,,,,,XGBRegressor,,,,,,11,,,,,,,,True,gbtree,0.6080190912547998,0.0018270239281680462,5.0,278.0,0.0037695681044651328,0.0071090215639210445,0.8204131573451031,-0.0226385941893568,-0.015025264409470399,98.0,-0.0188319292994136,0.0038066648899432,0.019086146936617095,1.9844674545084815,6.4843428377430685,6.575006329601526,98.0,6.529674583672297,0.045331745929228444,0.22728776730109224,1.9844674545084815,174366055240778.4,383853656492452.6,98.0,279109855866615.5,104743800625837.1,525172461260250.94,1.9844674545084815,16.502839233228507,16.948633309274157,98.0,16.725736271251332,0.22289703802282437,1.1175781799652535,1.9844674545084815,6.3036006511443885,6.432300381891044,98.0,6.367950516517716,0.06434986537332728,0.32264226596662127,1.9844674545084815,99.0,0.8686868686868687,-0.035904214523040184,-0.02388091671599071,98.0,-0.029892565619515445,0.0060116489035247364,0.03014166406062032,1.9844674545084815,XGBRegressor,"{'mode': 'original', 'type': 'XGBRegressor'}",11,"['edges_T6W40', 'pe_T6W40', 'l1_T6W40', 'l2_T6W40', 'l3_T6W40', 'lcc_T6W40', 'lsc_T6W40', 'atd_T6W40', 'density_T6W40', 'diameter_T6W40', 'asp_T6W40']",-0.07034318572498245,-0.019816133098656524,98.0,-0.04507965941181949,0.025263526313162966,0.12666819625336537,1.9844674545084815,7.618203799280331,7.732306520980374,98.0,7.6752551601303525,0.057051360850021125,0.28604846699119735,1.9844674545084815,completed,True,COMPLETE
107,6.731168359580606,2026-06-12 22:52:59.424175,2026-06-12 22:53:02.300217,0 days 00:00:02.876042,,,,,,,,,,,,,,0.00032005827119523133,QuantileRegressor,,,,,,10,,,,,,,,False,,,,,,,,,-0.0596330933499542,-0.040520891453583854,98.0,-0.05007699240176903,0.009556100948185176,0.047913108222386674,1.9844674545084815,6.653966788297987,6.8083699308632255,98.0,6.731168359580606,0.07720157128261876,0.38707912985210696,1.9844674545084815,154532573598007.8,341602900210425.8,98.0,248067736904216.8,93535163306209.0,468973740062897.56,1.9844674545084815,19.220360498648382,20.36066688541264,98.0,19.790513692030512,0.5701531933821299,2.8586775930873087,1.9844674545084815,5.902964896445583,6.118645851784704,98.0,6.010805374115144,0.1078404776695607,0.54069881694969,1.9844674545084815,99.0,0.9797979797979798,-0.21308965559198584,-0.16421368189192886,98.0,-0.18865166874195735,0.024437986850028494,0.12252904349080221,1.9844674545084815,QuantileRegressor,"{'mode': 'original', 'type': 'QuantileRegressor'}",10,"['nodes_T6W40', 're_T6W40', 'pe_T6W40', 'l1_T6W40', 'l2_T6W40', 'l3_T6W40', 'lcc_T6W40', 'lsc_T6W40', 'diameter_T6W40', 'asp_T6W40']",-0.04608747677875982,-0.0029587134257819496,98.0,-0.024523095102270884,0.021564381676488935,0.10812114256816086,1.9844674545084815,8.135605680349556,8.33707592754299,98.0,8.236340803946273,0.10073512359671706,0.5050734504433654,1.9844674545084815,completed,False,COMPLETE
108,6.43236284412755,2026-06-12 22:53:02.401476,2026-06-12 22:53:05.952767,0 days 00:00:03.551291,,,,,,,,,,,,,,2.710323160002809,QuantileRegressor,,,,,,7,,,,,,,,True,,,,,,,,,-0.004618760704527799,-0.0023266854860824436,98.0,-0.0034727230953051215,0.001146037609222678,0.005746090826723593,1.9844674545084815,6.387146941252938,6.477578747002163,98.0,6.43236284412755,0.04521590287461224,0.22670694455311866,1.9844674545084815,159975467009718.8,352020212552703.8,98.0,255997839781211.3,96022372771492.52,481444300695108.6,1.9844674545084815,17.65307108337025,18.14490871460955,98.0,17.8989898989899,0.24591881561964796,1.2330065254221743,1.9844674545084815,5.956835168213341,6.06336685198868,98.0,6.01010101010101,0.05326584188766987,0.26706834312012434,1.9844674545084815,99.0,1.0,-0.03940786471611372,-0.03383770038410198,98.0,-0.03662278255010785,0.0027850821660058717,0.013964057511701019,1.9844674545084815,QuantileRegressor,"{'mode': 'original', 'type': 'QuantileRegressor'}",7,"['l3_T6W40', 'lcc_T6W40', 'lsc_T6W40', 'atd_T6W40', 'density_T6W40', 'diameter_T6W40', 'asp_T6W40']",,,,,,,,7.641821067877172,7.76254996760978,98.0,7.702185517743476,0.06036444986630419,0.3026598855444638,1.9844674545084815,completed,True,COMPLETE
109,6.5567335998508955,2026-06-12 22:53:05.964982,2026-06-12 22:53:07.289974,0 days 00:00:01.324992,,,,,,,,,,,,,,,RandomForestRegressor,16.0,,3.0,3.0,167.0,13,,,,,,,,True,,,,,,,,,,,,,,,,,,,,,,,,,,,,,,,,,,,,,,,,,,,,,,,,,,,,,RandomForestRegressor,"{'mode': 'original', 'type': 'RandomForestRegressor'}",13,"['nodes_T6W40', 'edges_T6W40', 're_T6W40', 'pe_T6W40', 'l1_T6W40', 'l2_T6W40', 'l3_T6W40', 'lcc_T6W40', 'lsc_T6W40', 'atd_T6W40', 'density_T6W40', 'diameter_T6W40', 'asp_T6W40']",,,,,,,,,,,,,,,pruned,True,PRUNED
