number,value,datetime_start,datetime_complete,duration,params_dt_max_depth,params_dt_min_samples_leaf,params_dt_min_samples_split,params_elastic_alpha,params_elastic_l1_ratio,params_et_max_depth,params_et_max_features,params_et_min_samples_leaf,params_et_min_samples_split,params_et_n_estimators,params_knn_metric,params_knn_n_neighbors,params_knn_weights,params_quantile_alpha,params_regressor,params_rf_max_depth,params_rf_max_features,params_rf_min_samples_leaf,params_rf_min_samples_split,params_rf_n_estimators,params_rfe_n_features,params_rfe_proxy_et_max_depth,params_rfe_proxy_et_min_samples_leaf,params_rfe_proxy_et_min_samples_split,params_rfe_proxy_et_n_estimators,params_rfe_proxy_lsvr_C,params_rfe_proxy_lsvr_epsilon,params_rfe_proxy_type,params_use_scaler,params_xgb_booster,params_xgb_colsample_bytree,params_xgb_learning_rate,params_xgb_max_depth,params_xgb_n_estimators,params_xgb_reg_alpha,params_xgb_reg_lambda,params_xgb_subsample,user_attrs_d2mae_ci_lower_val,user_attrs_d2mae_ci_upper_val,user_attrs_d2mae_df_val,user_attrs_d2mae_mean_val,user_attrs_d2mae_samperror_val,user_attrs_d2mae_std_val,user_attrs_d2mae_t_critical_val,user_attrs_mae_ci_lower_val,user_attrs_mae_ci_upper_val,user_attrs_mae_df_val,user_attrs_mae_mean_val,user_attrs_mae_samperror_val,user_attrs_mae_std_val,user_attrs_mae_t_critical_val,user_attrs_mape_ci_lower_val,user_attrs_mape_ci_upper_val,user_attrs_mape_df_val,user_attrs_mape_mean_val,user_attrs_mape_samperror_val,user_attrs_mape_std_val,user_attrs_mape_t_critical_val,user_attrs_max_error_ci_lower_val,user_attrs_max_error_ci_upper_val,user_attrs_max_error_df_val,user_attrs_max_error_mean_val,user_attrs_max_error_samperror_val,user_attrs_max_error_std_val,user_attrs_max_error_t_critical_val,user_attrs_median_ae_ci_lower_val,user_attrs_median_ae_ci_upper_val,user_attrs_median_ae_df_val,user_attrs_median_ae_mean_val,user_attrs_median_ae_samperror_val,user_attrs_median_ae_std_val,user_attrs_median_ae_t_critical_val,user_attrs_n_splits_val,user_attrs_r2_below_zero_val,user_attrs_r2_ci_lower_val,user_attrs_r2_ci_upper_val,user_attrs_r2_df_val,user_attrs_r2_mean_val,user_attrs_r2_samperror_val,user_attrs_r2_std_val,user_attrs_r2_t_critical_val,user_attrs_regressor_final,user_attrs_rfe_estimator,user_attrs_rfe_n_features,user_attrs_rfe_selected_features,user_attrs_rho_ci_lower_val,user_attrs_rho_ci_upper_val,user_attrs_rho_df_val,user_attrs_rho_mean_val,user_attrs_rho_samperror_val,user_attrs_rho_std_val,user_attrs_rho_t_critical_val,user_attrs_rmse_ci_lower_val,user_attrs_rmse_ci_upper_val,user_attrs_rmse_df_val,user_attrs_rmse_mean_val,user_attrs_rmse_samperror_val,user_attrs_rmse_std_val,user_attrs_rmse_t_critical_val,user_attrs_termination_reason,user_attrs_use_scaler_final,state
110,6.536422122709604,2026-06-12 22:53:07.299595,2026-06-12 22:53:09.808678,0 days 00:00:02.509083,,,,0.0042012607279230466,0.7373570773877997,,,,,,,,,,ElasticNet,,,,,,7,,,,,,,,True,,,,,,,,,-0.025027254204074083,-0.014667037917841902,98.0,-0.01984714606095799,0.005180108143116089,0.025972421535785793,1.9844674545084815,6.484670009798479,6.58817423562073,98.0,6.536422122709604,0.051752112911125456,0.2594786932549972,1.9844674545084815,165912137288045.94,365568874718057.2,98.0,265740506003051.56,99828368715005.64,500527093617063.0,1.9844674545084815,17.04903367919698,17.636464169923997,98.0,17.34274892456049,0.2937152453635071,1.4726519125291553,1.9844674545084815,6.234630885654279,6.396046164896853,98.0,6.315338525275566,0.08070763962128683,0.4046581228594579,1.9844674545084815,99.0,0.8787878787878788,-0.05912976327240359,-0.03919446967275987,98.0,-0.04916211647258173,0.009967646799821856,0.04997654822107017,1.9844674545084815,ElasticNet,"{'mode': 'original', 'type': 'ElasticNet'}",7,"['re_T6W40', 'pe_T6W40', 'l1_T6W40', 'l2_T6W40', 'lcc_T6W40', 'diameter_T6W40', 'asp_T6W40']",-0.051216516887519235,-0.005955176653270902,98.0,-0.02858584677039507,0.022630670117124167,0.11346738092724165,1.9844674545084815,7.680964574422426,7.809936151325508,98.0,7.745450362873967,0.06448578845154085,0.3233237674693449,1.9844674545084815,completed,True,COMPLETE
111,6.676470588235295,2026-06-12 22:53:09.850487,2026-06-12 22:53:12.107545,0 days 00:00:02.257058,,,,,,,,,,,minkowski,14.0,uniform,,KNeighborsRegressor,,,,,,9,,,,,0.4339260158221391,0.3806019094922788,LinearSVR,,,,,,,,,,-0.049114248710567875,-0.034191776188820876,98.0,-0.041653012449694375,0.0074612362608734994,0.03740971578035912,1.9844674545084815,6.6121721696157225,6.740769006854868,98.0,6.676470588235295,0.06429841861957263,0.3223843183064089,1.9844674545084815,172071450663471.25,380063263010988.06,98.0,276067356837229.66,103995906173758.4,521422610979716.4,1.9844674545084815,17.31365215386665,17.992264152049657,98.0,17.652958152958153,0.3393059990915048,1.7012383128982906,1.9844674545084815,6.279926940563263,6.510837850201528,98.0,6.395382395382396,0.11545545481913272,0.5788793705307755,1.9844674545084815,99.0,0.9595959595959596,-0.11776440551193523,-0.09163802266178195,98.0,-0.10470121408685859,0.013063191425076635,0.06549722610436806,1.9844674545084815,KNeighborsRegressor,"{'mode': 'proxy', 'type': 'LinearSVR'}",9,"['nodes_T6W40', 'edges_T6W40', 'l1_T6W40', 'l3_T6W40', 'lcc_T6W40', 'lsc_T6W40', 'atd_T6W40', 'density_T6W40', 'asp_T6W40']",-0.11084694099633474,-0.06339424614814423,98.0,-0.08712059357223949,0.023726347424095257,0.1189609714272132,1.9844674545084815,7.876989950465446,8.0146911536954,98.0,7.945840552080423,0.06885060161497715,0.34520840081553594,1.9844674545084815,completed,True,COMPLETE
112,6.419068497143764,2026-06-12 22:53:12.120346,2026-06-12 22:53:17.514163,0 days 00:00:05.393817,,,,,,3.0,sqrt,5.0,2.0,82.0,,,,,ExtraTreesRegressor,,,,,,6,,,,,,,,False,,,,,,,,,-0.00499195435001962,0.002115231234681222,98.0,-0.001438361557669199,0.003553592792350421,0.017817274740124445,1.9844674545084815,6.370394576911494,6.467742417376034,98.0,6.419068497143764,0.04867392023226981,0.24404501588479546,1.9844674545084815,169842144244654.8,373838166731807.3,98.0,271840155488231.06,101998011243576.23,511405412906379.2,1.9844674545084815,16.324933358923154,16.843701185818304,98.0,16.58431727237073,0.2593839134475741,1.3005188605212477,1.9844674545084815,6.258519211381546,6.422799531919785,98.0,6.340659371650665,0.08214016026911937,0.41184060420855234,1.9844674545084815,99.0,0.494949494949495,-0.009493260524340566,0.0020571112100585646,98.0,-0.0037180746571410005,0.005775185867199565,0.02895606764305697,1.9844674545084815,ExtraTreesRegressor,"{'mode': 'original', 'type': 'ExtraTreesRegressor'}",6,"['nodes_T6W40', 'lcc_T6W40', 'atd_T6W40', 'density_T6W40', 'diameter_T6W40', 'asp_T6W40']",0.04769533913405785,0.09565265324853037,98.0,0.07167399619129411,0.023978657057236258,0.12022602072124887,1.9844674545084815,7.518187164713797,7.637350559230487,98.0,7.577768861972142,0.059581697258345105,0.29873526078172297,1.9844674545084815,completed,False,COMPLETE
113,6.75341016958479,2026-06-12 22:53:17.529055,2026-06-12 22:53:19.229150,0 days 00:00:01.700095,,,,,,,,,,,,,,,LinearRegression,,,,,,13,,,,,,,,False,,,,,,,,,-0.062455021036829,-0.0449067473009124,98.0,-0.0536808841688707,0.008774136867958299,0.04399243704016725,1.9844674545084815,6.683262671370983,6.823557667798598,98.0,6.75341016958479,0.07014749821380724,0.35171087995738637,1.9844674545084815,162115005146958.6,357940037754867.4,98.0,260027521450912.97,97912516303954.38,490921246587344.0,1.9844674545084815,17.85213829522225,18.791996912198524,98.0,18.322067603710387,0.4699293084881381,2.3561674302676265,1.9844674545084815,6.2641655322924965,6.481343558771863,98.0,6.37275454553218,0.10858901323968301,0.5444518817167996,1.9844674545084815,99.0,0.9696969696969697,-0.15590185228394138,-0.11729932371185083,98.0,-0.1366005879978961,0.019301264286045273,0.09677415188270926,1.9844674545084815,LinearRegression,"{'mode': 'original', 'type': 'LinearRegression'}",13,"['nodes_T6W40', 'edges_T6W40', 're_T6W40', 'pe_T6W40', 'l1_T6W40', 'l2_T6W40', 'l3_T6W40', 'lcc_T6W40', 'lsc_T6W40', 'atd_T6W40', 'density_T6W40', 'diameter_T6W40', 'asp_T6W40']",-0.12123260628784818,-0.07562844171252284,98.0,-0.09843052400018551,0.022802082287662666,0.11432682034946803,1.9844674545084815,7.969298868488926,8.145229761598907,98.0,8.057264315043916,0.08796544655499022,0.44104786915423305,1.9844674545084815,completed,False,COMPLETE
114,6.498633307639998,2026-06-12 22:53:19.241564,2026-06-12 22:53:21.319575,0 days 00:00:02.078011,,,,,,,,,,,,,,,XGBRegressor,,,,,,9,,,,,,,,True,gblinear,0.9899851646794253,0.09517259270730555,10.0,68.0,0.0026117662573891046,0.0017450341235732876,0.6464110183504823,-0.018665088639567666,-0.009087375774881348,98.0,-0.013876232207224507,0.004788856432343159,0.02401073384934319,1.9844674545084815,6.4460610479366744,6.551205567343321,98.0,6.498633307639998,0.05257225970332321,0.2635908078324679,1.9844674545084815,170193043513228.44,374628801434246.94,98.0,272410922473737.7,102217878960509.27,512507802445077.2,1.9844674545084815,16.584104888674712,17.10688448041906,98.0,16.845494684546885,0.2613897958721727,1.3105761069036677,1.9844674545084815,6.253859806893763,6.420010433905341,98.0,6.336935120399552,0.08307531350578919,0.41652934687420884,1.9844674545084815,99.0,0.6666666666666666,-0.04181973245164107,-0.02367665599706015,98.0,-0.03274819422435061,0.009071538227290458,0.04548357067222382,1.9844674545084815,XGBRegressor,"{'mode': 'original', 'type': 'XGBRegressor'}",9,"['nodes_T6W40', 're_T6W40', 'pe_T6W40', 'l1_T6W40', 'l2_T6W40', 'lcc_T6W40', 'atd_T6W40', 'density_T6W40', 'diameter_T6W40']",-0.020089887549526904,0.02690080296957198,98.0,0.003405457710022536,0.023495345259549442,0.1178027551453319,1.9844674545084815,7.621337729489292,7.7490747290283855,98.0,7.685206229258839,0.06386849976954688,0.32022875836623904,1.9844674545084815,completed,True,COMPLETE
115,6.42219015684318,2026-06-12 22:53:21.333445,2026-06-12 22:53:23.639841,0 days 00:00:02.306396,,,,,,,,,,,,,,0.00040504836317817647,QuantileRegressor,,,,,,4,,,,,,,,True,,,,,,,,,-0.009168583626805123,0.005247829998617365,98.0,-0.0019603768140938793,0.007208206812711244,0.03614105742283608,1.9844674545084815,6.3600744640980285,6.484305849588331,98.0,6.42219015684318,0.0621156927451516,0.31144040073919244,1.9844674545084815,151298023901648.0,332987565327736.4,98.0,242142794614692.2,90844770713044.2,455484444357885.8,1.9844674545084815,17.402067069767853,18.04621839133214,98.0,17.724142730549996,0.32207566078214483,1.6148475277233514,1.9844674545084815,5.932304918306632,6.147492819148231,98.0,6.039898868727431,0.10759395042079918,0.5394627598157477,1.9844674545084815,99.0,0.696969696969697,-0.060157041871312406,-0.03283313355956073,98.0,-0.04649508771543657,0.013661954155875839,0.06849934837953744,1.9844674545084815,QuantileRegressor,"{'mode': 'original', 'type': 'QuantileRegressor'}",4,"['re_T6W40', 'l2_T6W40', 'lcc_T6W40', 'asp_T6W40']",0.03422666167234748,0.08451875106210952,98.0,0.059372706367228495,0.025146044694881013,0.12607915794983496,1.9844674545084815,7.6610595589535855,7.806409225873537,98.0,7.733734392413561,0.07267483345997539,0.36438262629205687,1.9844674545084815,completed,True,COMPLETE
116,7.720301071477541,2026-06-12 22:53:23.656946,2026-06-12 22:53:23.783441,0 days 00:00:00.126495,17.0,4.0,15.0,,,,,,,,,,,,DecisionTreeRegressor,,,,,,9,,,,,,,,True,,,,,,,,,,,,,,,,,,,,,,,,,,,,,,,,,,,,,,,,,,,,,,,,,,,,,DecisionTreeRegressor,"{'mode': 'original', 'type': 'DecisionTreeRegressor'}",9,"['edges_T6W40', 're_T6W40', 'pe_T6W40', 'l1_T6W40', 'l2_T6W40', 'l3_T6W40', 'lsc_T6W40', 'density_T6W40', 'diameter_T6W40']",,,,,,,,,,,,,,,pruned,True,PRUNED
117,6.390828773700138,2026-06-12 22:53:23.792893,2026-06-12 22:53:26.265819,0 days 00:00:02.472926,,,,,,,,,,,,,,0.03382699854685835,QuantileRegressor,,,,,,12,,,,,,,,True,,,,,,,,,-0.0014930836659786,0.007545268696679165,98.0,0.003026092515350282,0.004519176181328882,0.022658590425749348,1.9844674545084815,6.337289268936894,6.444368278463381,98.0,6.390828773700138,0.053539504763243005,0.2684404549306714,1.9844674545084815,157751966105844.0,347189057006176.06,98.0,252470511556010.03,94718545450166.02,474907071767877.06,1.9844674545084815,17.245815606902717,17.807311392491812,98.0,17.526563499697264,0.2807478927945476,1.4076352105956753,1.9844674545084815,5.89625494409526,6.071979249374197,98.0,5.984117096734728,0.08786215263946874,0.44052996623755925,1.9844674545084815,99.0,0.6868686868686869,-0.03387991336858603,-0.016965831866887424,98.0,-0.025422872617736725,0.0084570407508493,0.04240255632853376,1.9844674545084815,QuantileRegressor,"{'mode': 'original', 'type': 'QuantileRegressor'}",12,"['edges_T6W40', 're_T6W40', 'pe_T6W40', 'l1_T6W40', 'l2_T6W40', 'l3_T6W40', 'lcc_T6W40', 'lsc_T6W40', 'atd_T6W40', 'density_T6W40', 'diameter_T6W40', 'asp_T6W40']",0.040051903999569,0.08933868451162254,97.0,0.06469529425559577,0.024643390256026767,0.1229174520555852,1.9847231860139845,7.592842578087156,7.7249269354680035,98.0,7.65888475677758,0.06604217869042382,0.3311273156273442,1.9844674545084815,completed,True,COMPLETE
118,6.468530686073054,2026-06-12 22:53:26.278267,2026-06-12 22:53:29.050866,0 days 00:00:02.772599,,,,,,,,,,,,,,,XGBRegressor,,,,,,4,,,,,,,,False,gblinear,0.8632308575565024,0.001054667477065073,6.0,122.0,8.438972315176365,7.8091343805248e-08,0.6233394322608115,-0.010838388856748054,-0.007533868768639479,98.0,-0.009186128812693766,0.0016522600440542867,0.00828422750361724,1.9844674545084815,6.425014539171571,6.512046832974536,98.0,6.468530686073054,0.04351614690148254,0.21818457833557905,1.9844674545084815,177419238006660.5,390358233135646.5,98.0,283888735571153.5,106469497564493.02,533824892270470.1,1.9844674545084815,16.30109011791573,16.755533263881983,98.0,16.528311690898857,0.22722157298312495,1.1392608633826704,1.9844674545084815,6.205775380842053,6.373387814064778,98.0,6.289581597453416,0.08380621661136305,0.420194004644917,1.9844674545084815,99.0,1.0,-0.0020918319132783073,-0.0012107693926160206,98.0,-0.001651300652947164,0.0004405312603311434,0.002208769252861336,1.9844674545084815,XGBRegressor,"{'mode': 'original', 'type': 'XGBRegressor'}",4,"['atd_T6W40', 'density_T6W40', 'diameter_T6W40', 'asp_T6W40']",,,,,,,,7.513725754107691,7.6284334401156855,98.0,7.571079597111688,0.05735384300399766,0.28756507509919044,1.9844674545084815,completed,False,COMPLETE
119,6.499094155034622,2026-06-12 22:53:29.065717,2026-06-12 22:53:32.187279,0 days 00:00:03.121562,,,,,,,,,,,manhattan,16.0,distance,,KNeighborsRegressor,,,,,,7,11.0,2.0,12.0,40.0,,,ExtraTrees,,,,,,,,,,-0.021287871633823473,-0.006797202006177945,98.0,-0.01404253682000071,0.007245334813822764,0.03632721262828889,1.9844674545084815,6.438510823264061,6.559677486805183,98.0,6.499094155034622,0.06058333177056033,0.30375733234032865,1.9844674545084815,161756746675150.1,358000919573036.75,98.0,259878833124093.4,98122086448943.31,491972005373953.8,1.9844674545084815,17.11767362820236,17.880810671059344,98.0,17.499242149630852,0.3815685214284899,1.9131373727201277,1.9844674545084815,6.095471326878686,6.321760244997472,98.0,6.208615785938079,0.11314445905939287,0.5672923236234361,1.9844674545084815,99.0,0.8080808080808081,-0.06964146400210497,-0.04195085340433289,98.0,-0.05579615870321893,0.013845305298886043,0.06941864833308331,1.9844674545084815,KNeighborsRegressor,"{'mode': 'proxy', 'type': 'ExtraTrees'}",7,"['nodes_T6W40', 're_T6W40', 'l2_T6W40', 'l3_T6W40', 'atd_T6W40', 'diameter_T6W40', 'asp_T6W40']",0.0051821103483259065,0.05327705010813567,98.0,0.02922958022823079,0.024047469879904883,0.12057103970310003,1.9844674545084815,7.693254578476482,7.843306489754568,98.0,7.768280534115525,0.07502595563904248,0.3761708621029279,1.9844674545084815,completed,True,COMPLETE
120,6.549350304840879,2026-06-12 22:53:32.229649,2026-06-12 22:53:35.289913,0 days 00:00:03.060264,,,,0.0002917112640198782,0.5882022669483905,,,,,,,,,,ElasticNet,,,,,,7,,,,,,,,False,,,,,,,,,-0.02742580906603168,-0.016141830506484125,98.0,-0.021783819786257902,0.005641989279773776,0.02828823642792143,1.9844674545084815,6.493036363695337,6.605664245986421,98.0,6.549350304840879,0.05631394114554205,0.282351135799574,1.9844674545084815,165977715248771.12,365865707212158.0,98.0,265921711230464.56,99943995981693.45,501106834431053.0,1.9844674545084815,16.96749778632643,17.593947425926363,98.0,17.280722606126396,0.3132248197999662,1.5704705057415154,1.9844674545084815,6.1291196579259175,6.289942718602923,98.0,6.20953118826442,0.08041153033850242,0.40317346753940325,1.9844674545084815,99.0,0.8080808080808081,-0.06435853552393961,-0.04116934717572892,98.0,-0.05276394134983427,0.011594594174105348,0.05813386112921571,1.9844674545084815,ElasticNet,"{'mode': 'original', 'type': 'ElasticNet'}",7,"['nodes_T6W40', 'pe_T6W40', 'l1_T6W40', 'l2_T6W40', 'lcc_T6W40', 'diameter_T6W40', 'asp_T6W40']",-0.04595834672842315,-0.0018901930644410168,98.0,-0.023924269896432083,0.022034076831991066,0.1104761359843175,1.9844674545084815,7.68729250897219,7.830194678393859,98.0,7.7587435936830245,0.07145108471083463,0.35824690142136817,1.9844674545084815,completed,False,COMPLETE
121,6.451659392970556,2026-06-12 22:53:35.303039,2026-06-12 22:53:41.527356,0 days 00:00:06.224317,,,,,,,,,,,,,,,XGBRegressor,,,,,,3,,,,,,,,False,gbtree,0.8924484885557338,0.0013964897465066847,2.0,274.0,0.023395288908658208,0.12517992356932114,0.6671191593480303,-0.008567756298527563,-0.004535636233547727,98.0,-0.006551696266037645,0.0020160600324899184,0.010108275649585158,1.9844674545084815,6.407536981686512,6.4957818042546,98.0,6.451659392970556,0.04412241128404376,0.22122431296485282,1.9844674545084815,176337245938776.5,388023270356392.5,98.0,282180258147584.5,105843012208808.02,530683772182954.06,1.9844674545084815,16.333740219655915,16.801166915199722,98.0,16.56745356742782,0.2337133477719037,1.1718098192483144,1.9844674545084815,6.2551300093978055,6.389708073272156,98.0,6.322419041334981,0.06728903193717518,0.33737888359140783,1.9844674545084815,99.0,0.5151515151515151,-0.0054821942129532585,0.00012505006507640935,98.0,-0.0026785720739384246,0.002803622139014834,0.014057014643279589,1.9844674545084815,XGBRegressor,"{'mode': 'original', 'type': 'XGBRegressor'}",3,"['nodes_T6W40', 'atd_T6W40', 'density_T6W40']",0.012449764963665896,0.06273125854163224,98.0,0.03759051175264907,0.025140746788983172,0.12605259490492662,1.9844674545084815,7.5175650738713236,7.631474999580438,98.0,7.574520036725881,0.05695496285455741,0.28556513936478173,1.9844674545084815,completed,False,COMPLETE
122,8.081189213836272,2026-06-12 22:53:41.540110,2026-06-12 22:53:41.693380,0 days 00:00:00.153270,14.0,1.0,16.0,,,,,,,,,,,,DecisionTreeRegressor,,,,,,6,,,,,,,,True,,,,,,,,,,,,,,,,,,,,,,,,,,,,,,,,,,,,,,,,,,,,,,,,,,,,,DecisionTreeRegressor,"{'mode': 'original', 'type': 'DecisionTreeRegressor'}",6,"['re_T6W40', 'pe_T6W40', 'l3_T6W40', 'lsc_T6W40', 'density_T6W40', 'diameter_T6W40']",,,,,,,,,,,,,,,pruned,True,PRUNED
123,6.504981438183998,2026-06-12 22:53:41.702990,2026-06-12 22:53:43.977789,0 days 00:00:02.274799,,,,,,,,,,,,,,,LinearRegression,,,,,,5,,,,,,,,False,,,,,,,,,-0.020580890992790028,-0.009037064243154192,98.0,-0.01480897761797211,0.005771913374817917,0.02893965977100863,1.9844674545084815,6.446703036494698,6.563259839873298,98.0,6.504981438183998,0.05827840168930019,0.2922006979946623,1.9844674545084815,167656614914475.16,369028704144812.0,98.0,268342659529643.56,100686044615168.4,504827374500139.7,1.9844674545084815,16.485562088991262,17.120502153138116,98.0,16.80303212106469,0.3174700320734276,1.5917554750180265,1.9844674545084815,6.123629814564241,6.283148160870526,98.0,6.203388987717384,0.07975917315314292,0.3999026292978171,1.9844674545084815,99.0,0.7070707070707071,-0.05106374239102511,-0.028426864997280043,98.0,-0.03974530369415258,0.011318438696872535,0.05674925172224065,1.9844674545084815,LinearRegression,"{'mode': 'original', 'type': 'LinearRegression'}",5,"['nodes_T6W40', 'l2_T6W40', 'lcc_T6W40', 'atd_T6W40', 'density_T6W40']",-0.009563731768988181,0.03981121201322339,98.0,0.015123740122117608,0.02468747189110579,0.12377993062958587,1.9844674545084815,7.637894722272539,7.784556634654966,98.0,7.7112256784637525,0.07333095619121337,0.3676723445149419,1.9844674545084815,completed,False,COMPLETE
124,6.362761573550533,2026-06-12 22:53:43.989755,2026-06-12 22:53:46.310832,0 days 00:00:02.321077,,,,,,,,,,,,,,0.025992279021942115,QuantileRegressor,,,,,,3,,,,,,,,True,,,,,,,,,0.003034912571459337,0.011716083479019422,98.0,0.0073754980252393795,0.004340585453780042,0.02176315860654202,1.9844674545084815,6.31096464249476,6.4145585046063065,98.0,6.362761573550533,0.05179693105577322,0.259703405888997,1.9844674545084815,157945747625268.5,347567816090108.0,98.0,252756781857688.25,94811034232419.75,475370799082762.94,1.9844674545084815,17.218063555554984,17.796866603948132,98.0,17.507465079751558,0.2894015241965757,1.451023448134204,1.9844674545084815,5.85078981005372,6.040628815932943,98.0,5.945709312993332,0.09491950293961131,0.47591464776483433,1.9844674545084815,99.0,0.6161616161616161,-0.026928706812206372,-0.011355172809216326,98.0,-0.01914193981071135,0.007786767001495023,0.03904188665106082,1.9844674545084815,QuantileRegressor,"{'mode': 'original', 'type': 'QuantileRegressor'}",3,"['lsc_T6W40', 'density_T6W40', 'asp_T6W40']",0.05654882291863887,0.10321153225849762,98.0,0.07988017758856825,0.023331354669929378,0.1169805266119036,1.9844674545084815,7.571159609202659,7.699863132765585,98.0,7.635511370984122,0.06435176178146333,0.32265177432246106,1.9844674545084815,completed,True,COMPLETE
