number,value,datetime_start,datetime_complete,duration,params_bag_n_estimators,params_dt_max_depth,params_dt_min_samples_split,params_elastic_alpha,params_elastic_l1_ratio,params_et_max_depth,params_et_min_samples_split,params_et_n_estimators,params_gpr_alpha,params_knn_metric,params_knn_n_neighbors,params_knn_weights,params_regressor,params_rf_max_depth,params_rf_min_samples_split,params_rf_n_estimators,params_rfe_n_features,params_rfe_proxy_et_max_depth,params_rfe_proxy_et_min_samples_split,params_rfe_proxy_et_n_estimators,params_rfe_proxy_svc_C,params_rfe_proxy_type,params_ridge_alpha,params_ridge_solver,params_stack_final_estimator,params_svr_C,params_svr_degree,params_svr_epsilon,params_svr_gamma,params_svr_kernel,params_use_scaler,user_attrs_d2mae_ci_lower_val,user_attrs_d2mae_ci_upper_val,user_attrs_d2mae_df_val,user_attrs_d2mae_mean_val,user_attrs_d2mae_samperror_val,user_attrs_d2mae_std_val,user_attrs_d2mae_t_critical_val,user_attrs_mae_ci_lower_val,user_attrs_mae_ci_upper_val,user_attrs_mae_df_val,user_attrs_mae_mean_val,user_attrs_mae_samperror_val,user_attrs_mae_std_val,user_attrs_mae_t_critical_val,user_attrs_mape_ci_lower_val,user_attrs_mape_ci_upper_val,user_attrs_mape_df_val,user_attrs_mape_mean_val,user_attrs_mape_samperror_val,user_attrs_mape_std_val,user_attrs_mape_t_critical_val,user_attrs_max_error_ci_lower_val,user_attrs_max_error_ci_upper_val,user_attrs_max_error_df_val,user_attrs_max_error_mean_val,user_attrs_max_error_samperror_val,user_attrs_max_error_std_val,user_attrs_max_error_t_critical_val,user_attrs_median_ae_ci_lower_val,user_attrs_median_ae_ci_upper_val,user_attrs_median_ae_df_val,user_attrs_median_ae_mean_val,user_attrs_median_ae_samperror_val,user_attrs_median_ae_std_val,user_attrs_median_ae_t_critical_val,user_attrs_n_splits_val,user_attrs_r2_below_zero_val,user_attrs_r2_ci_lower_val,user_attrs_r2_ci_upper_val,user_attrs_r2_df_val,user_attrs_r2_mean_val,user_attrs_r2_samperror_val,user_attrs_r2_std_val,user_attrs_r2_t_critical_val,user_attrs_regressor_final,user_attrs_rfe_clf,user_attrs_rfe_n_features,user_attrs_rfe_selected_features,user_attrs_rho_ci_lower_val,user_attrs_rho_ci_upper_val,user_attrs_rho_df_val,user_attrs_rho_mean_val,user_attrs_rho_samperror_val,user_attrs_rho_std_val,user_attrs_rho_t_critical_val,user_attrs_rmse_ci_lower_val,user_attrs_rmse_ci_upper_val,user_attrs_rmse_df_val,user_attrs_rmse_mean_val,user_attrs_rmse_samperror_val,user_attrs_rmse_std_val,user_attrs_rmse_t_critical_val,user_attrs_termination_reason,user_attrs_use_scaler_final,state
83,6.371130109778743,2026-06-20 22:20:31.583888,2026-06-20 22:20:38.080122,0 days 00:00:06.496234,,,,,,,,,,,,,Ridge,,,,3,,,,,,0.5370833617798816,lsqr,,,,,,,False,0.0016348166527385545,0.007005438898185577,398.0,0.004320127775462066,0.0026853111227235116,0.0272841410511969,1.9659423239762661,6.341257703242861,6.401002516314626,398.0,6.371130109778743,0.029872406535882308,0.30351900253445174,1.9659423239762661,161016069558058.97,248547863298266.1,398.0,204781966428162.53,43765896870103.57,444684004520467.06,1.9659423239762661,16.315746461864194,16.513991283631036,398.0,16.414868872747615,0.09912241088342134,1.0071346359058089,1.9659423239762661,5.9444942721373835,6.031402497538883,398.0,5.987948384838133,0.04345411270074951,0.44151611712663746,1.9659423239762661,399.0,0.42105263157894735,-0.0036652024086338605,0.00581624850041914,398.0,0.0010755230458926396,0.0047407254545265,0.0481682069879165,1.9659423239762661,Ridge,"{'mode': 'original', 'type': 'Ridge'}",3,"['nodes_T6W40', 'lcc_T6W40', 'asp_T6W40']",0.07828488844298784,0.10287361038050918,398.0,0.09057924941174851,0.012294360968760666,0.12491702580287337,1.9659423239762661,7.520098773826589,7.593191406559722,398.0,7.556645090193156,0.03654631636656631,0.37132935629289054,1.9659423239762661,completed,False,COMPLETE
84,6.346480454762405,2026-06-20 22:20:38.097809,2026-06-20 22:20:44.634517,0 days 00:00:06.536708,,,,,,,,,,,,,Ridge,,,,2,,,,,,0.4614365190694626,lsqr,,,,,,,False,0.005588154230062785,0.010602060816503809,398.0,0.008095107523283298,0.0025069532932205122,0.025471933841177376,1.9659423239762661,6.318425141226926,6.374535768297885,398.0,6.346480454762405,0.028055313535479277,0.28505640380367386,1.9659423239762661,161747793117229.06,249675472482233.94,398.0,205711632799731.5,43963839682502.45,446695205221890.56,1.9659423239762661,16.348630304038576,16.552709137562328,398.0,16.45066972080045,0.10203941676187518,1.0367729147485913,1.9659423239762661,5.901457009256643,5.978807397426617,398.0,5.94013220334163,0.038675194084986424,0.39295984799219646,1.9659423239762661,399.0,0.3634085213032581,0.0013207428006336988,0.010004648273369443,398.0,0.005662695537001571,0.0043419527363678725,0.044116471232778294,1.9659423239762661,Ridge,"{'mode': 'original', 'type': 'Ridge'}",2,"['nodes_T6W40', 'lcc_T6W40']",0.08504860702453498,0.11019602789412508,398.0,0.09762231745933003,0.012573710434795056,0.12775535994202095,1.9659423239762661,7.5042170646148705,7.574241274869893,398.0,7.539229169742382,0.03501210512751135,0.35574098163697665,1.9659423239762661,completed,False,COMPLETE
85,6.346508974870601,2026-06-20 22:20:44.652451,2026-06-20 22:20:51.397582,0 days 00:00:06.745131,,,,,,,,,,,,,Ridge,,,,2,,,,,,0.4637822286286422,lsqr,,,,,,,False,0.005584356182372347,0.010597026523437277,398.0,0.008090691352904812,0.002506335170532465,0.02546565339699908,1.9659423239762661,6.3184552382636925,6.37456271147751,398.0,6.346508974870601,0.028053736606909026,0.2850403813989795,1.9659423239762661,161749285772327.7,249677776317439.44,398.0,205713531044883.56,43964245272555.89,446699326225275.7,1.9659423239762661,16.348584013596327,16.55268686101405,398.0,16.450635437305188,0.10205142370885997,1.0368949115006083,1.9659423239762661,5.901520428922045,5.978868471127439,398.0,5.940194450024742,0.0386740211026971,0.3929479298893138,1.9659423239762661,399.0,0.3634085213032581,0.0013240444195488496,0.01000635307156049,398.0,0.005665198745554669,0.004341154326005819,0.044108358973178025,1.9659423239762661,Ridge,"{'mode': 'original', 'type': 'Ridge'}",2,"['nodes_T6W40', 'lcc_T6W40']",0.08502448783151278,0.1101788299295639,398.0,0.09760165888053834,0.012577171049025554,0.12779052156109355,1.9659423239762661,7.5042092711788735,7.574232122409168,398.0,7.539220696794021,0.03501142561514741,0.35573407744214164,1.9659423239762661,completed,False,COMPLETE
86,6.453270741274518,2026-06-20 22:20:51.415767,2026-06-20 22:21:36.107545,0 days 00:00:44.691778,,,,,,,,,,,,,RandomForestRegressor,5.0,5.0,113.0,3,,,,,,,,,,,,,,False,-0.013228084833959274,-0.004018917797585896,398.0,-0.008623501315772586,0.0046045835181866895,0.04678493494817195,1.9659423239762661,6.415962200305098,6.490579282243938,398.0,6.453270741274518,0.03730854096942012,0.3790739499829743,1.9659423239762661,149472235794419.53,231437214005574.53,398.0,190454724899997.03,40982489105577.5,416403151174392.7,1.9659423239762661,17.053546483034232,17.360301953175522,398.0,17.206924218104877,0.1533777350706461,1.5583966127307831,1.9659423239762661,6.013490654796993,6.13207724383426,398.0,6.072783949315626,0.05929329451863404,0.6024503445231294,1.9659423239762661,399.0,0.6766917293233082,-0.058791173177693085,-0.041794908078523305,398.0,-0.050293040628108195,0.008498132549584893,0.08634539409328444,1.9659423239762661,RandomForestRegressor,"{'mode': 'original', 'type': 'RandomForestRegressor'}",3,"['re_T6W40', 'l2_T6W40', 'diameter_T6W40']",0.06758274885888238,0.09244013862473405,398.0,0.08001144374180821,0.012428694882925837,0.1262819274081386,1.9659423239762661,7.699905638397815,7.786565802783113,398.0,7.743235720590464,0.04333008219264903,0.44025590342215126,1.9659423239762661,completed,False,COMPLETE
87,6.346202777392583,2026-06-20 22:21:36.125301,2026-06-20 22:21:42.442434,0 days 00:00:06.317133,,,,,,,,,,,,,Ridge,,,,2,,,,,,0.4388018196339364,lsqr,,,,,,,False,0.00562509472041168,0.010651113596529798,398.0,0.008138104158470738,0.0025130094380590587,0.025533467385131788,1.9659423239762661,6.318131954346593,6.374273600438573,398.0,6.346202777392583,0.028070823045990366,0.28521398840116746,1.9659423239762661,161733289714390.03,249653087292359.47,398.0,205693188503374.75,43959898788984.71,446655163718432.8,1.9659423239762661,16.349079501033472,16.55292554007633,398.0,16.4510025205549,0.1019230195214279,1.035590258966377,1.9659423239762661,5.900747499869501,5.978136894245544,398.0,5.939442197057523,0.03869469718802119,0.3931580095421314,1.9659423239762661,399.0,0.3634085213032581,0.0012878145978012234,0.00998727345056255,398.0,0.005637544024181887,0.0043497294263806635,0.04419548639993152,1.9659423239762661,Ridge,"{'mode': 'original', 'type': 'Ridge'}",2,"['nodes_T6W40', 'lcc_T6W40']",0.084984706843124,0.11013129729320371,398.0,0.09755800206816385,0.012573295225039856,0.1277511411975221,1.9659423239762661,7.504295925037999,7.5743332033626505,398.0,7.539314564200325,0.03501863916232567,0.35580737078868374,1.9659423239762661,completed,False,COMPLETE
88,6.561190889123252,2026-06-20 22:21:42.460345,2026-06-20 22:23:22.623873,0 days 00:01:40.163528,,,,,,12.0,5.0,440.0,,,,,ExtraTreesRegressor,,,,3,,,,,,,,,,,,,,False,-0.030771932888099165,-0.02029648403747513,398.0,-0.025534208462787148,0.005237724425312018,0.05321797195051743,1.9659423239762661,6.520759471841975,6.601622306404529,398.0,6.561190889123252,0.0404314172812767,0.4108039782307697,1.9659423239762661,150252831634481.94,233060049258166.0,398.0,191656440446323.97,41403608811842.016,420681943813327.7,1.9659423239762661,18.0324834821003,18.342719562275082,398.0,18.18760152218769,0.15511804008739113,1.5760790060844514,1.9659423239762661,6.0051327127697816,6.133130503194805,398.0,6.0691316079822935,0.06399889521251181,0.650261665891417,1.9659423239762661,399.0,0.8646616541353384,-0.11641781062910601,-0.0967842927800157,398.0,-0.10660105170456086,0.009816758924545161,0.09974331573588167,1.9659423239762661,ExtraTreesRegressor,"{'mode': 'original', 'type': 'ExtraTreesRegressor'}",3,"['pe_T6W40', 'l2_T6W40', 'diameter_T6W40']",0.06472293164979327,0.08668660161856635,398.0,0.07570476663417981,0.010981834984386542,0.11158108726376506,1.9659423239762661,7.900179507040213,7.991759768573249,398.0,7.945969637806731,0.04579013076651783,0.4652512612092806,1.9659423239762661,completed,False,COMPLETE
89,6.435145557693958,2026-06-20 22:23:22.642348,2026-06-20 22:23:28.970293,0 days 00:00:06.327945,,,,,,,,,,,,,LinearRegression,,,,2,,,,,,,,,,,,,,False,-0.007730666779463739,-0.0036974582623439316,398.0,-0.0057140625209038355,0.002016604258559904,0.020489735647163568,1.9659423239762661,6.407698139682413,6.462592975705503,398.0,6.435145557693958,0.027447418011545342,0.27887987286874705,1.9659423239762661,163983853301632.75,253137049340731.62,398.0,208560451321182.2,44576598019549.43,452921144837159.44,1.9659423239762661,16.423226257766107,16.660300585266466,398.0,16.541763421516286,0.11853716375018081,1.2043985027286386,1.9659423239762661,6.15417872107828,6.245698634918627,398.0,6.199938677998453,0.04575995692017335,0.46494467942337386,1.9659423239762661,399.0,0.5288220551378446,-0.013845725016015081,-0.006479642879766111,398.0,-0.010162683947890596,0.0036830410681244845,0.03742159005327516,1.9659423239762661,LinearRegression,"{'mode': 'original', 'type': 'LinearRegression'}",2,"['atd_T6W40', 'density_T6W40']",0.0491371419250763,0.07387988857409247,398.0,0.06150851524958439,0.012371373324508087,0.12569951091572185,1.9659423239762661,7.565034371154171,7.634642502745054,398.0,7.599838436949613,0.034804065795441194,0.3536271951068549,1.9659423239762661,completed,False,COMPLETE
90,6.765451448859733,2026-06-20 22:23:28.988322,2026-06-20 22:25:51.904187,0 days 00:02:22.915865,274.0,,,,,,,,,,,,BaggingRegressor,,,,2,5.0,4.0,80.0,,ExtraTrees,,,,,,,,,False,-0.06451344947218153,-0.05069728030296429,398.0,-0.05760536488757291,0.00690808458460862,0.07018968960620775,1.9659423239762661,6.716619301657514,6.814283596061952,398.0,6.765451448859733,0.04883214720221905,0.49615971155955213,1.9659423239762661,176175340010330.25,273612265345513.12,398.0,224893802677921.7,48718462667591.43,495004618262588.5,1.9659423239762661,19.185831553980986,19.624881359690054,398.0,19.40535645683552,0.21952490285453286,2.2304858319949967,1.9659423239762661,5.8964799332172255,6.060254969733581,398.0,5.978367451475403,0.08188751825817787,0.8320192694180525,1.9659423239762661,399.0,0.9398496240601504,-0.21640264198037398,-0.18867641698811424,398.0,-0.2025395294842441,0.013863112496129872,0.14085634753912382,1.9659423239762661,BaggingRegressor,"{'mode': 'proxy', 'type': 'ExtraTrees', 'n_estimators': 80, 'max_depth': 5, 'min_samples_split': 4}",2,"['l2_T6W40', 'diameter_T6W40']",0.038614731036525254,0.0635499363769012,398.0,0.05108233370671323,0.012467602670187972,0.1266772505223457,1.9659423239762661,8.222093891695863,8.328058895991635,398.0,8.275076393843749,0.052982502147886024,0.5383294507722138,1.9659423239762661,completed,False,COMPLETE
91,6.346476938949851,2026-06-20 22:25:51.921945,2026-06-20 22:25:58.455270,0 days 00:00:06.533325,,,,,,,,,,,,,Ridge,,,,2,,,,,,0.4611476237329574,lsqr,,,,,,,False,0.005588622383626054,0.010602681468410936,398.0,0.008095651926018495,0.002507029542392441,0.02547270857195041,1.9659423239762661,6.3184214308124345,6.374532447087268,398.0,6.346476938949851,0.02805550813741717,0.28505838105937337,1.9659423239762661,161747609149343.47,249675188537480.84,398.0,205711398843412.16,43963789694068.68,446694697313713.2,1.9659423239762661,16.348636008502893,16.552711883053938,398.0,16.450673945778416,0.10203793727552071,1.0367578824068873,1.9659423239762661,5.901449295056909,5.97879995996457,398.0,5.940124627510739,0.03867533245383055,0.39296125389076375,1.9659423239762661,399.0,0.3634085213032581,0.0013203347601776598,0.01000443708851566,398.0,0.00566238592434666,0.004342051164169,0.0441174713098221,1.9659423239762661,Ridge,"{'mode': 'original', 'type': 'Ridge'}",2,"['nodes_T6W40', 'lcc_T6W40']",0.08504974108935359,0.1101973935662196,398.0,0.0976235673277866,0.01257382623843301,0.12775653656649674,1.9659423239762661,7.504218029288922,7.574242406861269,398.0,7.539230218075096,0.03501218878617311,0.35574183165197426,1.9659423239762661,completed,False,COMPLETE
92,6.346419733166388,2026-06-20 22:25:58.472874,2026-06-20 22:26:04.980150,0 days 00:00:06.507276,,,,,,,,,,,,,Ridge,,,,2,,,,,,0.4564553669962149,lsqr,,,,,,,False,0.005596238158424225,0.010612781641442377,398.0,0.0081045098999333,0.0025082717415090758,0.025485329953370658,1.9659423239762661,6.318361052292567,6.374478414040209,398.0,6.346419733166388,0.02805868087382066,0.2850906176917764,1.9659423239762661,161744617009438.34,249670570329185.97,398.0,205707593669312.16,43962976659873.805,446686436468455.94,1.9659423239762661,16.348728764679045,16.552756535021388,398.0,16.450742649850216,0.10201388517117196,1.0365135006657638,1.9659423239762661,5.901314092583677,5.978671658103989,398.0,5.939992875343833,0.03867878276015651,0.3929963107762288,1.9659423239762661,399.0,0.3634085213032581,0.0013136636167085372,0.010000969228613071,398.0,0.005657316422660804,0.004343652805952267,0.044133744813461336,1.9659423239762661,Ridge,"{'mode': 'original', 'type': 'Ridge'}",2,"['nodes_T6W40', 'lcc_T6W40']",0.08500737158836275,0.1101577506065918,398.0,0.09758256109747727,0.01257518950911453,0.12777038809723776,1.9659423239762661,7.504233847098204,7.5742609404152095,398.0,7.539247393756707,0.03501354665850247,0.3557556283326829,1.9659423239762661,completed,False,COMPLETE
93,6.346334469014729,2026-06-20 22:26:04.998061,2026-06-20 22:26:11.496971,0 days 00:00:06.498910,,,,,,,,,,,,,Ridge,,,,2,,,,,,0.4494907633106423,lsqr,,,,,,,False,0.005607583894801697,0.01062784117563272,398.0,0.008117712535217208,0.002510128640415511,0.025504197000563913,1.9659423239762661,6.318271036926967,6.374397901102491,398.0,6.346334469014729,0.028063432087762116,0.2851388924671818,1.9659423239762661,161740161479212.1,249663693463878.78,398.0,205701927471545.44,43961765992333.34,446674135464054.44,1.9659423239762661,16.348866802279364,16.55282301842011,398.0,16.450844910349737,0.10197810807037284,1.036149986934954,1.9659423239762661,5.901110878383764,5.978478554476728,398.0,5.939794716430246,0.038683838046481685,0.3930476750833227,1.9659423239762661,399.0,0.3634085213032581,0.0013036085877696857,0.009995689538770901,398.0,0.005649649063270293,0.0043460404755006074,0.04415800476315183,1.9659423239762661,Ridge,"{'mode': 'original', 'type': 'Ridge'}",2,"['nodes_T6W40', 'lcc_T6W40']",0.08506832641337309,0.11021762831986351,398.0,0.0976429773666183,0.012574650953245213,0.127764916092829,1.9659423239762661,7.5042578491205765,7.574288966828916,398.0,7.539273407974746,0.035015558854169924,0.35577607327477884,1.9659423239762661,completed,False,COMPLETE
94,6.346240045751062,2026-06-20 22:26:11.537008,2026-06-20 22:26:17.812292,0 days 00:00:06.275284,,,,,,,,,,,,,Ridge,,,,2,,,,,,0.44181842829483664,lsqr,,,,,,,False,0.005620140787434851,0.010644525991516234,398.0,0.008132333389475542,0.002512192602040692,0.025525167911394007,1.9659423239762661,6.318171320823494,6.37430877067863,398.0,6.346240045751062,0.028068724927568192,0.28519267043972596,1.9659423239762661,161735233191025.84,249656086933809.66,398.0,205695660062417.75,43960426871391.914,446660529307083.9,1.9659423239762661,16.349019369687987,16.552896546737422,398.0,16.450957958212705,0.10193858852471724,1.0357484480410724,1.9659423239762661,5.9008650455161185,5.978243427982189,398.0,5.939554236749154,0.03868919123303518,0.39310206620983423,1.9659423239762661,399.0,0.3634085213032581,0.0012923168227405406,0.009989687447094118,398.0,0.005641002134917329,0.0043486853121767885,0.04418487766302539,1.9659423239762661,Ridge,"{'mode': 'original', 'type': 'Ridge'}",2,"['nodes_T6W40', 'lcc_T6W40']",0.08501783554080135,0.11016840312672312,398.0,0.09759311933376223,0.012575283792960884,0.12777134606957138,1.9659423239762661,7.5042850257152685,7.574320567400643,398.0,7.539302796557956,0.035017770842687736,0.3557985482149125,1.9659423239762661,completed,False,COMPLETE
95,6.370353848505276,2026-06-20 22:26:17.829678,2026-06-20 22:26:24.177838,0 days 00:00:06.348160,,,,,,,,,,,,,Ridge,,,,3,,,,,,0.42374718048256277,lsqr,,,,,,,False,0.0017125769317947303,0.007170221119944135,398.0,0.004441399025869433,0.0027288220940747026,0.027726234881433012,1.9659423239762661,6.340322351469544,6.400385345541009,398.0,6.370353848505276,0.03003149703573277,0.3051354437732692,1.9659423239762661,160917220977993.9,248395390410676.47,398.0,204656305694335.2,43739084716341.27,444411579258847.94,1.9659423239762661,16.3170343192592,16.514006403573894,398.0,16.415520361416547,0.09848604215734609,1.0006688026040802,1.9659423239762661,5.941831119086373,6.028950085681036,398.0,5.9853906023837045,0.043559483297331114,0.4425867365403258,1.9659423239762661,399.0,0.42606516290726815,-0.003984689697300917,0.005607270109577887,398.0,0.0008112902061384851,0.004795979903439402,0.04872962058542797,1.9659423239762661,Ridge,"{'mode': 'original', 'type': 'Ridge'}",3,"['nodes_T6W40', 'lcc_T6W40', 'asp_T6W40']",0.07842231622261069,0.10298047279045879,398.0,0.09070139450653474,0.01227907828392405,0.12476174587080341,1.9659423239762661,7.520951551242874,7.594224356638003,398.0,7.5575879539404385,0.036636402697564394,0.37224467971330816,1.9659423239762661,completed,False,COMPLETE
96,6.345404450156643,2026-06-20 22:26:24.269047,2026-06-20 22:26:30.912039,0 days 00:00:06.642992,,,,,,,,,,,,,Ridge,,,,2,,,,,,0.37503182425237663,lsqr,,,,,,,False,0.005730818008366831,0.01079245111048343,398.0,0.00826163455942513,0.002530816551058299,0.025714396804696813,1.9659423239762661,6.317288510866289,6.3735203894469965,398.0,6.345404450156643,0.02811593929035325,0.28567239263018984,1.9659423239762661,161691424960621.94,249588471980863.88,398.0,205639948470742.9,43948523510120.984,446539585039154.8,1.9659423239762661,16.350370113383516,16.553549763610857,398.0,16.451959938497186,0.10158982511366876,1.0322048325471282,1.9659423239762661,5.898008278198439,5.975505894218786,398.0,5.936757086208613,0.03874880801017335,0.3937078033040172,1.9659423239762661,399.0,0.3659147869674185,0.0011839035603427002,0.009928673753922281,398.0,0.005556288657132491,0.004372385096789791,0.0444256796545683,1.9659423239762661,Ridge,"{'mode': 'original', 'type': 'Ridge'}",2,"['nodes_T6W40', 'lcc_T6W40']",0.08492912828662186,0.11006140083349603,398.0,0.09749526456005894,0.01256613627343709,0.12767840257008495,1.9659423239762661,7.5045562738300005,7.57462984505563,398.0,7.539593059442815,0.03503678561281447,0.35599174805153616,1.9659423239762661,completed,False,COMPLETE
97,6.3706403282974176,2026-06-20 22:26:30.941098,2026-06-20 22:26:37.482317,0 days 00:00:06.541219,,,,,,,,,,,,,Ridge,,,,3,,,,,,0.4654895702437384,lsqr,,,,,,,False,0.0016843301025141963,0.007108968525810347,398.0,0.004396649314162272,0.0027123192116480753,0.027558557114760393,1.9659423239762661,6.340669254499431,6.400611402095404,398.0,6.3706403282974176,0.029971073797985727,0.3045215126248411,1.9659423239762661,160954398198115.38,248452734972433.62,398.0,204703566585274.5,43749168387159.125,444514034536592.06,1.9659423239762661,16.316533605508376,16.513978975757396,398.0,16.415256290632886,0.09872268512450895,1.0030732167668224,1.9659423239762661,5.943048324445698,6.030094830631143,398.0,5.98657157753842,0.043523253092721904,0.44221861904194487,1.9659423239762661,399.0,0.42105263157894735,-0.0038596307081255944,0.005690621030560432,398.0,0.0009154951612174188,0.004775125869343013,0.04851773288163175,1.9659423239762661,Ridge,"{'mode': 'original', 'type': 'Ridge'}",3,"['nodes_T6W40', 'lcc_T6W40', 'asp_T6W40']",0.07819573462221124,0.10273707224840023,398.0,0.09046640343530574,0.012270668813094493,0.12467630132535094,1.9659423239762661,7.520612594009182,7.593818502744402,398.0,7.557215548376792,0.036602954367610414,0.371904827491095,1.9659423239762661,completed,False,COMPLETE
