number,value,datetime_start,datetime_complete,duration,params_dt_max_depth,params_dt_min_samples_leaf,params_dt_min_samples_split,params_elastic_alpha,params_elastic_l1_ratio,params_et_max_depth,params_et_max_features,params_et_min_samples_leaf,params_et_min_samples_split,params_et_n_estimators,params_knn_metric,params_knn_n_neighbors,params_knn_weights,params_quantile_alpha,params_regressor,params_rf_max_depth,params_rf_max_features,params_rf_min_samples_leaf,params_rf_min_samples_split,params_rf_n_estimators,params_rfe_n_features,params_rfe_proxy_et_max_depth,params_rfe_proxy_et_min_samples_leaf,params_rfe_proxy_et_min_samples_split,params_rfe_proxy_et_n_estimators,params_rfe_proxy_lsvr_C,params_rfe_proxy_lsvr_epsilon,params_rfe_proxy_type,params_use_scaler,params_xgb_booster,params_xgb_colsample_bytree,params_xgb_learning_rate,params_xgb_max_depth,params_xgb_n_estimators,params_xgb_reg_alpha,params_xgb_reg_lambda,params_xgb_subsample,user_attrs_d2mae_ci_lower_val,user_attrs_d2mae_ci_upper_val,user_attrs_d2mae_df_val,user_attrs_d2mae_mean_val,user_attrs_d2mae_samperror_val,user_attrs_d2mae_std_val,user_attrs_d2mae_t_critical_val,user_attrs_mae_ci_lower_val,user_attrs_mae_ci_upper_val,user_attrs_mae_df_val,user_attrs_mae_mean_val,user_attrs_mae_samperror_val,user_attrs_mae_std_val,user_attrs_mae_t_critical_val,user_attrs_mape_ci_lower_val,user_attrs_mape_ci_upper_val,user_attrs_mape_df_val,user_attrs_mape_mean_val,user_attrs_mape_samperror_val,user_attrs_mape_std_val,user_attrs_mape_t_critical_val,user_attrs_max_error_ci_lower_val,user_attrs_max_error_ci_upper_val,user_attrs_max_error_df_val,user_attrs_max_error_mean_val,user_attrs_max_error_samperror_val,user_attrs_max_error_std_val,user_attrs_max_error_t_critical_val,user_attrs_median_ae_ci_lower_val,user_attrs_median_ae_ci_upper_val,user_attrs_median_ae_df_val,user_attrs_median_ae_mean_val,user_attrs_median_ae_samperror_val,user_attrs_median_ae_std_val,user_attrs_median_ae_t_critical_val,user_attrs_n_splits_val,user_attrs_r2_below_zero_val,user_attrs_r2_ci_lower_val,user_attrs_r2_ci_upper_val,user_attrs_r2_df_val,user_attrs_r2_mean_val,user_attrs_r2_samperror_val,user_attrs_r2_std_val,user_attrs_r2_t_critical_val,user_attrs_regressor_final,user_attrs_rfe_estimator,user_attrs_rfe_n_features,user_attrs_rfe_selected_features,user_attrs_rho_ci_lower_val,user_attrs_rho_ci_upper_val,user_attrs_rho_df_val,user_attrs_rho_mean_val,user_attrs_rho_samperror_val,user_attrs_rho_std_val,user_attrs_rho_t_critical_val,user_attrs_rmse_ci_lower_val,user_attrs_rmse_ci_upper_val,user_attrs_rmse_df_val,user_attrs_rmse_mean_val,user_attrs_rmse_samperror_val,user_attrs_rmse_std_val,user_attrs_rmse_t_critical_val,user_attrs_termination_reason,user_attrs_use_scaler_final,state
174,6.418189114415914,2026-06-12 22:59:49.918023,2026-06-12 22:59:51.709494,0 days 00:00:01.791471,,,,0.05406120356371464,0.43281600220946925,,,,,,,,,,ElasticNet,,,,,,2,,,,,,,,True,,,,,,,,,-0.005055320439553947,0.0024597397177814665,98.0,-0.0012977903608862402,0.0037575300786677067,0.018839791070046186,1.9844674545084815,6.368815435528889,6.467562793302939,98.0,6.418189114415914,0.04937367888702508,0.24755351923115326,1.9844674545084815,169347829556853.8,372711298754902.5,98.0,271029564155878.16,101681734599024.36,509819640928791.9,1.9844674545084815,16.33111130602254,16.85546058055427,98.0,16.593285943288404,0.2621746372658644,1.3145112045797231,1.9844674545084815,6.21052768262037,6.375114989316959,98.0,6.292821335968664,0.08229365334829417,0.4126101995229767,1.9844674545084815,99.0,0.4444444444444444,-0.011199538508882806,0.0027258602173991743,98.0,-0.004236839145741816,0.0069626993631409905,0.03491011343590639,1.9844674545084815,ElasticNet,"{'mode': 'original', 'type': 'ElasticNet'}",2,"['l2_T6W40', 'density_T6W40']",0.05760290508028529,0.1047812843786591,98.0,0.0811920947294722,0.023589189649186906,0.11827327930797352,1.9844674545084815,7.517524849495534,7.641623065055989,98.0,7.579573957275762,0.062049107780227535,0.3111065519605233,1.9844674545084815,completed,True,COMPLETE
175,6.801568627450981,2026-06-12 22:59:51.722425,2026-06-12 22:59:51.983974,0 days 00:00:00.261549,,,,,,,,,,,manhattan,5.0,uniform,,KNeighborsRegressor,,,,,,9,6.0,1.0,8.0,30.0,,,ExtraTrees,,,,,,,,,,,,,,,,,,,,,,,,,,,,,,,,,,,,,,,,,,,,,,,,,,,,,,KNeighborsRegressor,"{'mode': 'proxy', 'type': 'ExtraTrees'}",9,"['nodes_T6W40', 'edges_T6W40', 'l3_T6W40', 'lcc_T6W40', 'lsc_T6W40', 'atd_T6W40', 'density_T6W40', 'diameter_T6W40', 'asp_T6W40']",,,,,,,,,,,,,,,pruned,True,PRUNED
176,6.5581367528266945,2026-06-12 22:59:51.994090,2026-06-12 22:59:53.749620,0 days 00:00:01.755530,,,,,,,,,,,,,,,LinearRegression,,,,,,7,,,,,,,,True,,,,,,,,,-0.029374909322282563,-0.016988634413472554,98.0,-0.02318177186787756,0.0061931374544050045,0.031051625207598563,1.9844674545084815,6.500318843186256,6.615954662467133,98.0,6.5581367528266945,0.05781790964043897,0.28989184781693095,1.9844674545084815,166287575604578.72,366494598145802.4,98.0,266391086875190.53,100103511270611.81,501906624360283.75,1.9844674545084815,16.6090010899144,17.247876302986903,98.0,16.92843869645065,0.3194376065362525,1.601620650018175,1.9844674545084815,6.174943518552466,6.3350430131984705,98.0,6.254993265875468,0.08004974732300207,0.4013595322462666,1.9844674545084815,99.0,0.8282828282828283,-0.06736071040473203,-0.04338521145414226,98.0,-0.055372960929437144,0.011987749475294882,0.06010509318256448,1.9844674545084815,LinearRegression,"{'mode': 'original', 'type': 'LinearRegression'}",7,"['nodes_T6W40', 'l2_T6W40', 'lcc_T6W40', 'atd_T6W40', 'density_T6W40', 'diameter_T6W40', 'asp_T6W40']",-0.04799971780427066,-0.0027858425678921363,98.0,-0.0253927801860814,0.022606937618189264,0.1133483891129001,1.9844674545084815,7.695823739314581,7.840461041142604,98.0,7.768142390228593,0.07231865091401198,0.3625967710604929,1.9844674545084815,completed,True,COMPLETE
177,7.655999486837609,2026-06-12 22:59:53.761979,2026-06-12 22:59:55.558964,0 days 00:00:01.796985,8.0,2.0,19.0,,,,,,,,,,,,DecisionTreeRegressor,,,,,,9,,,,,,,,True,,,,,,,,,-0.21253996158502678,-0.17653850064639146,98.0,-0.19453923111570912,0.018000730469317668,0.09025343618018444,1.9844674545084815,7.532481971843442,7.779517001831776,98.0,7.655999486837609,0.12351751499416652,0.6193015431047423,1.9844674545084815,175619150986990.22,402990932401949.25,98.0,289305041694469.75,113685890707479.53,570006994940792.6,1.9844674545084815,21.022046869815924,21.979382137566738,98.0,21.50071450369133,0.4786676338754068,2.3999803129729047,1.9844674545084815,6.462555954907835,6.833523070127736,98.0,6.648039512517785,0.18548355760995086,0.9299916166045359,1.9844674545084815,99.0,1.0,-0.569153863538512,-0.49228671725646866,98.0,-0.5307202903974904,0.038433573141021714,0.19270118213103493,1.9844674545084815,DecisionTreeRegressor,"{'mode': 'original', 'type': 'DecisionTreeRegressor'}",9,"['edges_T6W40', 're_T6W40', 'l1_T6W40', 'l2_T6W40', 'l3_T6W40', 'lsc_T6W40', 'atd_T6W40', 'density_T6W40', 'diameter_T6W40']",-0.058666872288721805,-0.010891064257097557,98.0,-0.03477896827290968,0.023887904015812124,0.11977099619620019,1.9844674545084815,9.21280745262424,9.462146166119084,98.0,9.337476809371662,0.12466935674742123,0.6250767351917658,1.9844674545084815,completed,True,COMPLETE
178,6.503274733787177,2026-06-12 22:59:55.571331,2026-06-12 22:59:58.384670,0 days 00:00:02.813339,,,,,,,,,,,,,,0.002782432865907844,QuantileRegressor,,,,,,6,,,,,,,,True,,,,,,,,,-0.021491603401949368,-0.007403943031899827,98.0,-0.014447773216924597,0.00704383018502477,0.03531689334228933,1.9844674545084815,6.437026928852596,6.569522538721758,98.0,6.503274733787177,0.06624780493458128,0.33215830018298037,1.9844674545084815,158524196329443.56,349348758786237.3,98.0,253936477557840.44,95412281228396.88,478385377156271.9,1.9844674545084815,17.9316873776783,18.677702417002493,98.0,18.304694897340397,0.3730075196620976,1.8702135687179215,1.9844674545084815,5.877056247497483,6.083397609368469,98.0,5.980226928432976,0.10317068093549357,0.5172850337017851,1.9844674545084815,99.0,0.9191919191919192,-0.1002094279928562,-0.07148029727104219,98.0,-0.0858448626319492,0.01436456536090701,0.07202215406016531,1.9844674545084815,QuantileRegressor,"{'mode': 'original', 'type': 'QuantileRegressor'}",6,"['re_T6W40', 'l1_T6W40', 'l3_T6W40', 'lcc_T6W40', 'density_T6W40', 'asp_T6W40']",-0.006487100662838592,0.038778568179039935,98.0,0.01614573375810067,0.022632834420939264,0.11347823247888192,1.9844674545084815,7.797777454862911,7.960590621685118,98.0,7.879184038274015,0.0814065834111038,0.40816254057380036,1.9844674545084815,completed,True,COMPLETE
179,6.50562264575088,2026-06-12 22:59:58.398406,2026-06-12 23:00:00.274724,0 days 00:00:01.876318,,,,0.006103877323127746,0.7875490858587793,,,,,,,,,,ElasticNet,,,,,,5,,,,,,,,True,,,,,,,,,-0.01999727182512586,-0.009926488679780389,98.0,-0.014961880252453125,0.005035391572672735,0.02524683055063176,1.9844674545084815,6.45200297386773,6.55924231763403,98.0,6.50562264575088,0.05361967188314991,0.2688424029545363,1.9844674545084815,167159508087070.1,367965874906824.25,98.0,267562691496947.2,100403183409877.1,503409143402067.06,1.9844674545084815,16.675223692668336,17.347231295228273,98.0,17.011227493948304,0.33600380127996726,1.6846815014985563,1.9844674545084815,6.245723097504543,6.405247891720013,98.0,6.325485494612278,0.07976239710773457,0.39991879380738976,1.9844674545084815,99.0,0.7070707070707071,-0.04298762258720672,-0.02478863554673218,98.0,-0.03388812906696945,0.009099493520237267,0.04562373505345123,1.9844674545084815,ElasticNet,"{'mode': 'original', 'type': 'ElasticNet'}",5,"['pe_T6W40', 'l2_T6W40', 'lcc_T6W40', 'density_T6W40', 'asp_T6W40']",-0.02060677838529893,0.02923572470415014,98.0,0.004314473159425605,0.024921251544724535,0.12495207289814932,1.9844674545084815,7.62420550377423,7.75528888980135,98.0,7.68974719678779,0.0655416930135597,0.3286179423453573,1.9844674545084815,completed,True,COMPLETE
180,6.654117647058823,2026-06-12 23:00:00.322384,2026-06-12 23:00:00.599497,0 days 00:00:00.277113,,,,,,,,,,,manhattan,5.0,uniform,,KNeighborsRegressor,,,,,,5,8.0,4.0,7.0,50.0,,,ExtraTrees,,,,,,,,,,,,,,,,,,,,,,,,,,,,,,,,,,,,,,,,,,,,,,,,,,,,,,KNeighborsRegressor,"{'mode': 'proxy', 'type': 'ExtraTrees'}",5,"['lcc_T6W40', 'atd_T6W40', 'density_T6W40', 'diameter_T6W40', 'asp_T6W40']",,,,,,,,,,,,,,,pruned,True,PRUNED
181,6.476506387371486,2026-06-12 23:00:00.609325,2026-06-12 23:00:02.861908,0 days 00:00:02.252583,,,,,,,,,,,,,,0.0008524707546537274,QuantileRegressor,,,,,,5,,,,,,,,False,,,,,,,,,-0.017657970940319623,-0.0030329734905618338,98.0,-0.010345472215440727,0.007312498724878894,0.03666396417125812,1.9844674545084815,6.411374015125598,6.541638759617373,98.0,6.476506387371486,0.06513237224588793,0.3265656586424678,1.9844674545084815,152997080801405.94,336916197812741.3,98.0,244956639307073.62,91959558505667.7,461073852469267.2,1.9844674545084815,17.646391331700016,18.26633375889574,98.0,17.95636254529788,0.3099712135978623,1.5541573266615016,1.9844674545084815,5.949865783978015,6.167571272405495,98.0,6.058718528191755,0.10885274421374024,0.5457741962015581,1.9844674545084815,99.0,0.8080808080808081,-0.08732527391547883,-0.05630497200742367,98.0,-0.07181512296145125,0.015510150954027583,0.07776597853405988,1.9844674545084815,QuantileRegressor,"{'mode': 'original', 'type': 'QuantileRegressor'}",5,"['re_T6W40', 'l1_T6W40', 'l2_T6W40', 'lcc_T6W40', 'asp_T6W40']",0.01408686154478991,0.06535442670724298,98.0,0.03972064412601645,0.025633782581226536,0.12852461538685264,1.9844674545084815,7.747329705240271,7.905069573974781,98.0,7.826199639607526,0.07886993436725509,0.3954440960095225,1.9844674545084815,completed,False,COMPLETE
182,6.508666741315887,2026-06-12 23:00:02.874321,2026-06-12 23:00:04.605541,0 days 00:00:01.731220,,,,,,16.0,sqrt,1.0,9.0,362.0,,,,,ExtraTreesRegressor,,,,,,7,,,,,,,,True,,,,,,,,,,,,,,,,,,,,,,,,,,,,,,,,,,,,,,,,,,,,,,,,,,,,,ExtraTreesRegressor,"{'mode': 'original', 'type': 'ExtraTreesRegressor'}",7,"['nodes_T6W40', 'edges_T6W40', 'lcc_T6W40', 'lsc_T6W40', 'atd_T6W40', 'density_T6W40', 'diameter_T6W40']",,,,,,,,,,,,,,,pruned,True,PRUNED
183,6.473379895389139,2026-06-12 23:00:04.615908,2026-06-12 23:00:06.974278,0 days 00:00:02.358370,,,,,,,,,,,,,,,XGBRegressor,,,,,,7,,,,,,,,False,gblinear,0.9834227498996426,0.0010084417932528184,4.0,187.0,1.0438578212275792e-06,0.009277366769193843,0.8646723970439982,-0.011691100349872266,-0.00820494186354032,98.0,-0.009948021106706293,0.0017430792431659728,0.008739583735128701,1.9844674545084815,6.429898047351666,6.516861743426612,98.0,6.473379895389139,0.04348184803747265,0.21801260807363626,1.9844674545084815,177743047377970.94,391072068808332.44,98.0,284407558093151.7,106664510715180.77,534802664088113.5,1.9844674545084815,16.255490984652877,16.702847993661766,98.0,16.47916948915732,0.22367850450444593,1.1214963562496107,1.9844674545084815,6.222250853798325,6.382062755777659,98.0,6.302156804787992,0.07990595098966655,0.4006385552161531,1.9844674545084815,99.0,0.7575757575757576,-0.00304069883547245,-0.0017102482953321126,98.0,-0.0023754735654022813,0.0006652252700701686,0.0033353572267559063,1.9844674545084815,XGBRegressor,"{'mode': 'original', 'type': 'XGBRegressor'}",7,"['re_T6W40', 'pe_T6W40', 'l1_T6W40', 'l2_T6W40', 'l3_T6W40', 'density_T6W40', 'asp_T6W40']",-0.04328376069813576,0.006375647250105799,98.0,-0.01845405672401498,0.02482970397412078,0.12449306470206414,1.9844674545084815,7.516651047245768,7.630854488938802,98.0,7.573752768092285,0.05710172084651679,0.286300965784927,1.9844674545084815,completed,False,COMPLETE
184,7.135720934838583,2026-06-12 23:00:06.988829,2026-06-12 23:00:07.106867,0 days 00:00:00.118038,9.0,4.0,13.0,,,,,,,,,,,,DecisionTreeRegressor,,,,,,2,,,,,,,,True,,,,,,,,,,,,,,,,,,,,,,,,,,,,,,,,,,,,,,,,,,,,,,,,,,,,,DecisionTreeRegressor,"{'mode': 'original', 'type': 'DecisionTreeRegressor'}",2,"['density_T6W40', 'diameter_T6W40']",,,,,,,,,,,,,,,pruned,True,PRUNED
185,6.507497886574333,2026-06-12 23:00:07.116391,2026-06-12 23:00:09.160192,0 days 00:00:02.043801,,,,,,,,,,,euclidean,13.0,distance,,KNeighborsRegressor,,,,,,7,11.0,4.0,9.0,80.0,,,ExtraTrees,,,,,,,,,,-0.025356666371745586,-0.005372285408490338,98.0,-0.015364475890117961,0.009992190481627623,0.05009960720599633,1.9844674545084815,6.4328679939027955,6.58212777924587,98.0,6.507497886574333,0.07462989267153713,0.37418505137030195,1.9844674545084815,153132755075171.88,339040438628741.2,98.0,246086596851956.53,92953841776784.64,466059065814233.2,1.9844674545084815,17.039455574233397,17.70916229455054,98.0,17.37430893439197,0.3348533601585708,1.6789133320064353,1.9844674545084815,6.149086347094867,6.39010739949914,98.0,6.2695968732970035,0.12051052620213651,0.6042248732163398,1.9844674545084815,99.0,0.7474747474747475,-0.08062897210901177,-0.0439952919488502,98.0,-0.06231213202893098,0.018316840080080783,0.09183837067101419,1.9844674545084815,KNeighborsRegressor,"{'mode': 'proxy', 'type': 'ExtraTrees'}",7,"['nodes_T6W40', 're_T6W40', 'l2_T6W40', 'lsc_T6W40', 'density_T6W40', 'diameter_T6W40', 'asp_T6W40']",0.02666400692256354,0.07935146726384751,98.0,0.053007737093205526,0.026343730170641986,0.13208420479139374,1.9844674545084815,7.702831659559148,7.87489801237086,98.0,7.788864835965004,0.08603317640585585,0.4313597056163683,1.9844674545084815,completed,True,COMPLETE
186,6.72235581276563,2026-06-12 23:00:09.172696,2026-06-12 23:00:10.967657,0 days 00:00:01.794961,,,,,,,,,,,,,,,LinearRegression,,,,,,12,,,,,,,,False,,,,,,,,,-0.05737398359372609,-0.04018572769409443,98.0,-0.04877985564391026,0.008594127949815832,0.04308989458873022,1.9844674545084815,6.6517021956998805,6.79300942983138,98.0,6.72235581276563,0.07065361706574956,0.35424849728248464,1.9844674545084815,162493691448666.62,358803063277855.9,98.0,260648377363261.25,98154685914594.64,492135455062714.2,1.9844674545084815,17.699310949635837,18.605585084103943,98.0,18.15244801686989,0.4531370672340544,2.2719732095424745,1.9844674545084815,6.2193268727399085,6.425497414768086,98.0,6.322412143753997,0.10308527101408867,0.5168567989196572,1.9844674545084815,99.0,0.9393939393939394,-0.13833552449290387,-0.10138488387093568,98.0,-0.11986020418191978,0.018475320310984103,0.09263297094737709,1.9844674545084815,LinearRegression,"{'mode': 'original', 'type': 'LinearRegression'}",12,"['nodes_T6W40', 'edges_T6W40', 're_T6W40', 'pe_T6W40', 'l1_T6W40', 'l2_T6W40', 'l3_T6W40', 'lcc_T6W40', 'atd_T6W40', 'density_T6W40', 'diameter_T6W40', 'asp_T6W40']",-0.11287451572607876,-0.06783834283392892,98.0,-0.09035642928000384,0.022518086446074923,0.11290290032534088,1.9844674545084815,7.9109892664640125,8.086190828504689,98.0,7.998590047484351,0.08760078102033834,0.4392194812665907,1.9844674545084815,completed,False,COMPLETE
187,6.685432661761816,2026-06-12 23:00:10.979854,2026-06-12 23:00:17.752967,0 days 00:00:06.773113,,,,,,,,,,,,,,,RandomForestRegressor,17.0,sqrt,4.0,2.0,61.0,10,,,,,,,,True,,,,,,,,,-0.05173441948804812,-0.03480732125013676,98.0,-0.04327087036909244,0.008463549118955681,0.042435188481241545,1.9844674545084815,6.622022769725052,6.748842553798579,98.0,6.685432661761816,0.06340989203676359,0.3179293559162636,1.9844674545084815,174103159670456.12,384270321128682.1,98.0,279186740399569.12,105083580729112.98,526876076672890.9,1.9844674545084815,17.633158698064435,18.26801980141132,98.0,17.950589249737877,0.3174305516734438,1.591557525175581,1.9844674545084815,6.169558473227626,6.406427701470021,98.0,6.2879930873488235,0.11843461412119682,0.593816506798537,1.9844674545084815,99.0,0.9292929292929293,-0.1314157708120175,-0.09865307528099866,98.0,-0.11503442304650807,0.016381347765509414,0.08213405159417697,1.9844674545084815,RandomForestRegressor,"{'mode': 'original', 'type': 'RandomForestRegressor'}",10,"['nodes_T6W40', 'l1_T6W40', 'l2_T6W40', 'l3_T6W40', 'lcc_T6W40', 'lsc_T6W40', 'atd_T6W40', 'density_T6W40', 'diameter_T6W40', 'asp_T6W40']",-0.05255788052756309,-0.006327233571052651,98.0,-0.02944255704930787,0.02311532347825522,0.1158973729363388,1.9844674545084815,7.90589049210451,8.054928975346048,98.0,7.9804097337252795,0.07451924162076874,0.3736302606874562,1.9844674545084815,completed,True,COMPLETE
188,6.3952256807177665,2026-06-12 23:00:17.765515,2026-06-12 23:00:20.133329,0 days 00:00:02.367814,,,,,,,,,,,,,,0.009610996297600935,QuantileRegressor,,,,,,3,,,,,,,,True,,,,,,,,,-0.003533935741129488,0.008038744420051668,98.0,0.00225240433946109,0.005786340080590578,0.029011993489407587,1.9844674545084815,6.339459177554031,6.450992183881502,98.0,6.3952256807177665,0.05576650316373539,0.2796063494678297,1.9844674545084815,157392306008834.8,346366655364969.8,98.0,251879480686902.3,94487174678067.5,473747007333317.25,1.9844674545084815,17.265849786317407,17.903251319223653,98.0,17.58455055277053,0.31870076645312245,1.5979262249763062,1.9844674545084815,5.862643829015087,6.0733951470008884,98.0,5.968019488007988,0.1053756589929011,0.5283405209622686,1.9844674545084815,99.0,0.6868686868686869,-0.04376685702984277,-0.022838634251241594,98.0,-0.03330274564054218,0.01046411138930059,0.05246576026824877,1.9844674545084815,QuantileRegressor,"{'mode': 'original', 'type': 'QuantileRegressor'}",3,"['edges_T6W40', 'lsc_T6W40', 'density_T6W40']",0.03855530082494965,0.0840733240026215,98.0,0.06131431241378558,0.022759011588835927,0.11411086919268466,1.9844674545084815,7.6193043383077494,7.75456915261759,98.0,7.68693674546267,0.06763240715491989,0.3391005244633381,1.9844674545084815,completed,True,COMPLETE
189,6.492193560454738,2026-06-12 23:00:20.146490,2026-06-12 23:00:43.356615,0 days 00:00:23.210125,,,,,,19.0,log2,4.0,2.0,425.0,,,,,ExtraTreesRegressor,,,,,,5,,,,,,,,True,,,,,,,,,-0.017977041091268704,-0.007882748666149231,98.0,-0.012929894878708968,0.005047146212559737,0.025305766861170427,1.9844674545084815,6.440516477952476,6.543870642957,98.0,6.492193560454738,0.051677082502261246,0.25910250006497404,1.9844674545084815,173102416632138.06,381299582342884.25,98.0,277200999487511.16,104098582855373.08,521937419161923.06,1.9844674545084815,16.722133296685502,17.285019303361143,98.0,17.003576300023322,0.2814430033378197,1.4111204088859512,1.9844674545084815,6.239496209762574,6.418148548953628,98.0,6.328822379358101,0.08932616959552675,0.44787036618052317,1.9844674545084815,99.0,0.7676767676767676,-0.04380420639450117,-0.024964649996126666,98.0,-0.03438442819531392,0.009419778199187252,0.04722960281978299,1.9844674545084815,ExtraTreesRegressor,"{'mode': 'original', 'type': 'ExtraTreesRegressor'}",5,"['nodes_T6W40', 'lcc_T6W40', 'atd_T6W40', 'density_T6W40', 'asp_T6W40']",-0.004589266033036166,0.043623239197446984,98.0,0.01951698658220541,0.024106252615241575,0.12086576906762497,1.9844674545084815,7.626455416513829,7.755858330563657,98.0,7.691156873538743,0.06470145702491452,0.3244051030216009,1.9844674545084815,completed,True,COMPLETE
190,8.113152406072063,2026-06-12 23:00:43.370200,2026-06-12 23:00:43.533225,0 days 00:00:00.163025,8.0,2.0,3.0,,,,,,,,,,,,DecisionTreeRegressor,,,,,,13,,,,,,,,False,,,,,,,,,,,,,,,,,,,,,,,,,,,,,,,,,,,,,,,,,,,,,,,,,,,,,DecisionTreeRegressor,"{'mode': 'original', 'type': 'DecisionTreeRegressor'}",13,"['nodes_T6W40', 'edges_T6W40', 're_T6W40', 'pe_T6W40', 'l1_T6W40', 'l2_T6W40', 'l3_T6W40', 'lcc_T6W40', 'lsc_T6W40', 'atd_T6W40', 'density_T6W40', 'diameter_T6W40', 'asp_T6W40']",,,,,,,,,,,,,,,pruned,False,PRUNED
