number,value,datetime_start,datetime_complete,duration,params_bag_n_estimators,params_dt_max_depth,params_dt_min_samples_split,params_elastic_alpha,params_elastic_l1_ratio,params_et_max_depth,params_et_min_samples_split,params_et_n_estimators,params_gpr_alpha,params_knn_metric,params_knn_n_neighbors,params_knn_weights,params_regressor,params_rf_max_depth,params_rf_min_samples_split,params_rf_n_estimators,params_rfe_n_features,params_rfe_proxy_et_max_depth,params_rfe_proxy_et_min_samples_split,params_rfe_proxy_et_n_estimators,params_rfe_proxy_svc_C,params_rfe_proxy_type,params_ridge_alpha,params_ridge_solver,params_stack_final_estimator,params_svr_C,params_svr_degree,params_svr_epsilon,params_svr_gamma,params_svr_kernel,params_use_scaler,user_attrs_d2mae_ci_lower_val,user_attrs_d2mae_ci_upper_val,user_attrs_d2mae_df_val,user_attrs_d2mae_mean_val,user_attrs_d2mae_samperror_val,user_attrs_d2mae_std_val,user_attrs_d2mae_t_critical_val,user_attrs_mae_ci_lower_val,user_attrs_mae_ci_upper_val,user_attrs_mae_df_val,user_attrs_mae_mean_val,user_attrs_mae_samperror_val,user_attrs_mae_std_val,user_attrs_mae_t_critical_val,user_attrs_mape_ci_lower_val,user_attrs_mape_ci_upper_val,user_attrs_mape_df_val,user_attrs_mape_mean_val,user_attrs_mape_samperror_val,user_attrs_mape_std_val,user_attrs_mape_t_critical_val,user_attrs_max_error_ci_lower_val,user_attrs_max_error_ci_upper_val,user_attrs_max_error_df_val,user_attrs_max_error_mean_val,user_attrs_max_error_samperror_val,user_attrs_max_error_std_val,user_attrs_max_error_t_critical_val,user_attrs_median_ae_ci_lower_val,user_attrs_median_ae_ci_upper_val,user_attrs_median_ae_df_val,user_attrs_median_ae_mean_val,user_attrs_median_ae_samperror_val,user_attrs_median_ae_std_val,user_attrs_median_ae_t_critical_val,user_attrs_n_splits_val,user_attrs_r2_below_zero_val,user_attrs_r2_ci_lower_val,user_attrs_r2_ci_upper_val,user_attrs_r2_df_val,user_attrs_r2_mean_val,user_attrs_r2_samperror_val,user_attrs_r2_std_val,user_attrs_r2_t_critical_val,user_attrs_regressor_final,user_attrs_rfe_clf,user_attrs_rfe_n_features,user_attrs_rfe_selected_features,user_attrs_rho_ci_lower_val,user_attrs_rho_ci_upper_val,user_attrs_rho_df_val,user_attrs_rho_mean_val,user_attrs_rho_samperror_val,user_attrs_rho_std_val,user_attrs_rho_t_critical_val,user_attrs_rmse_ci_lower_val,user_attrs_rmse_ci_upper_val,user_attrs_rmse_df_val,user_attrs_rmse_mean_val,user_attrs_rmse_samperror_val,user_attrs_rmse_std_val,user_attrs_rmse_t_critical_val,user_attrs_termination_reason,user_attrs_use_scaler_final,state
152,0.007375910464268672,2026-06-20 22:38:16.735908,2026-06-20 22:38:16.976315,0 days 00:00:00.240407,,,,,,,,,,,,,Ridge,,,,2,,,,,,0.6221260667522789,lsqr,,,,,,,False,,,,,,,,,,,,,,,,,,,,,,,,,,,,,,,,,,,,,,,,,,,,,Ridge,"{'mode': 'original', 'type': 'Ridge'}",2,"['nodes_T6W40', 'lcc_T6W40']",,,,,,,,,,,,,,,pruned,False,PRUNED
153,0.007663432292938806,2026-06-20 22:38:16.986039,2026-06-20 22:38:17.238087,0 days 00:00:00.252048,,,,,,,,,,,,,Ridge,,,,2,,,,,,0.5295731849402219,lsqr,,,,,,,False,,,,,,,,,,,,,,,,,,,,,,,,,,,,,,,,,,,,,,,,,,,,,Ridge,"{'mode': 'original', 'type': 'Ridge'}",2,"['nodes_T6W40', 'lcc_T6W40']",,,,,,,,,,,,,,,pruned,False,PRUNED
154,0.007328564546958338,2026-06-20 22:38:17.248148,2026-06-20 22:38:17.517661,0 days 00:00:00.269513,,,,,,,,,,,,,Ridge,,,,2,,,,,,0.6378607659814878,sparse_cg,,,,,,,False,,,,,,,,,,,,,,,,,,,,,,,,,,,,,,,,,,,,,,,,,,,,,Ridge,"{'mode': 'original', 'type': 'Ridge'}",2,"['nodes_T6W40', 'lcc_T6W40']",,,,,,,,,,,,,,,pruned,False,PRUNED
155,0.007821186840466999,2026-06-20 22:38:17.528262,2026-06-20 22:38:17.779735,0 days 00:00:00.251473,,,,,,,,,,,,,Ridge,,,,2,,,,,,0.48088416604668655,lsqr,,,,,,,False,,,,,,,,,,,,,,,,,,,,,,,,,,,,,,,,,,,,,,,,,,,,,Ridge,"{'mode': 'original', 'type': 'Ridge'}",2,"['nodes_T6W40', 'lcc_T6W40']",,,,,,,,,,,,,,,pruned,False,PRUNED
156,6.696784532132249,2026-06-20 22:38:17.789620,2026-06-20 22:40:12.084783,0 days 00:01:54.295163,,,,,,15.0,3.0,475.0,,,,,ExtraTreesRegressor,,,,3,,,,,,,,,,,,,,True,-0.052790291721534426,-0.040740266210438296,398.0,-0.04676527896598636,0.006025012755548063,0.06121722599164153,1.9659423239762661,6.6522395207545655,6.741329543509932,398.0,6.696784532132249,0.0445450113776835,0.452600208322686,1.9659423239762661,148745766669032.62,231221464288647.2,398.0,189983615478839.9,41237848809807.29,418997737004704.7,1.9659423239762661,18.852034803684273,19.16722862621359,398.0,19.00963171494893,0.15759691126465766,1.6012656111954788,1.9659423239762661,6.013839389246177,6.155560400627249,398.0,6.084699894936713,0.07086050569053644,0.7199791546905988,1.9659423239762661,399.0,0.924812030075188,-0.1811536311897965,-0.1577040683606596,398.0,-0.16942884977522804,0.01172478141456844,0.11912980481199728,1.9659423239762661,ExtraTreesRegressor,"{'mode': 'original', 'type': 'ExtraTreesRegressor'}",3,"['pe_T6W40', 'l2_T6W40', 'diameter_T6W40']",0.050627840741640964,0.07312820684993838,398.0,0.061878023795789674,0.011250183054148714,0.1143076415629115,1.9659423239762661,8.115715290149986,8.215109880017675,398.0,8.16541258508383,0.04969729493384466,0.5049500571325655,1.9659423239762661,completed,True,COMPLETE
157,6.455708603529354,2026-06-20 22:40:12.103250,2026-06-20 22:40:18.690402,0 days 00:00:06.587152,,,,,,,,,,,,,Ridge,,,,7,,,,,,0.4669067294746908,lsqr,,,,,,,False,-0.011931450847230761,-0.005811014841246312,398.0,-0.008871232844238536,0.003060218002992225,0.031093387628160104,1.9659423239762661,6.423824436929147,6.487592770129561,398.0,6.455708603529354,0.03188416660020719,0.32395951867864253,1.9659423239762661,159406117168771.38,246106648771821.25,398.0,202756382970296.3,43350265801524.94,440460979261160.25,1.9659423239762661,16.53457570317709,16.73732438645871,398.0,16.6359500448179,0.1013743416408104,1.03001540972088,1.9659423239762661,6.025389959415639,6.108704562213866,398.0,6.0670472608147525,0.04165730139911374,0.4232595908785753,1.9659423239762661,399.0,0.6340852130325815,-0.029736909052216258,-0.018421638341674505,398.0,-0.02407927369694538,0.005657635355270876,0.057484482800968476,1.9659423239762661,Ridge,"{'mode': 'original', 'type': 'Ridge'}",7,"['nodes_T6W40', 're_T6W40', 'pe_T6W40', 'l2_T6W40', 'lcc_T6W40', 'diameter_T6W40', 'asp_T6W40']",0.022443149314312558,0.04703193912279825,398.0,0.034737544218555405,0.01229439490424285,0.12491737060481259,1.9659423239762661,7.6117538475880036,7.6893943398555376,398.0,7.6505740937217706,0.038820246133766875,0.39443365135345354,1.9659423239762661,completed,False,COMPLETE
158,6.435145557693958,2026-06-20 22:40:18.780616,2026-06-20 22:40:24.977804,0 days 00:00:06.197188,,,,,,,,,,,,,LinearRegression,,,,2,,,,,,,,,,,,,,False,-0.007730666779463739,-0.0036974582623439316,398.0,-0.0057140625209038355,0.002016604258559904,0.020489735647163568,1.9659423239762661,6.407698139682413,6.462592975705503,398.0,6.435145557693958,0.027447418011545342,0.27887987286874705,1.9659423239762661,163983853301632.75,253137049340731.62,398.0,208560451321182.2,44576598019549.43,452921144837159.44,1.9659423239762661,16.423226257766107,16.660300585266466,398.0,16.541763421516286,0.11853716375018081,1.2043985027286386,1.9659423239762661,6.15417872107828,6.245698634918627,398.0,6.199938677998453,0.04575995692017335,0.46494467942337386,1.9659423239762661,399.0,0.5288220551378446,-0.013845725016015081,-0.006479642879766111,398.0,-0.010162683947890596,0.0036830410681244845,0.03742159005327516,1.9659423239762661,LinearRegression,"{'mode': 'original', 'type': 'LinearRegression'}",2,"['atd_T6W40', 'density_T6W40']",0.0491371419250763,0.07387988857409247,398.0,0.06150851524958439,0.012371373324508087,0.12569951091572185,1.9659423239762661,7.565034371154171,7.634642502745054,398.0,7.599838436949613,0.034804065795441194,0.3536271951068549,1.9659423239762661,completed,False,COMPLETE
159,0.008489769137871531,2026-06-20 22:40:24.995492,2026-06-20 22:40:25.232967,0 days 00:00:00.237475,,,,,,,,,,,,,Ridge,,,,3,,,,,,0.43398945749691004,sparse_cg,,,,,,,False,,,,,,,,,,,,,,,,,,,,,,,,,,,,,,,,,,,,,,,,,,,,,Ridge,"{'mode': 'original', 'type': 'Ridge'}",3,"['nodes_T6W40', 'lcc_T6W40', 'asp_T6W40']",,,,,,,,,,,,,,,pruned,False,PRUNED
160,0.007689128397868461,2026-06-20 22:40:25.242997,2026-06-20 22:40:25.479898,0 days 00:00:00.236901,,,,,,,,,,,,,Ridge,,,,2,,,,,,0.5215442250233531,auto,,,,,,,False,,,,,,,,,,,,,,,,,,,,,,,,,,,,,,,,,,,,,,,,,,,,,Ridge,"{'mode': 'original', 'type': 'Ridge'}",2,"['nodes_T6W40', 'lcc_T6W40']",,,,,,,,,,,,,,,pruned,False,PRUNED
161,0.009235777109506167,2026-06-20 22:40:25.491192,2026-06-20 22:40:25.754329,0 days 00:00:00.263137,,,,,,,,,,,,,Ridge,,,,2,,,,,,0.10067250430861308,sparse_cg,,,,,,,False,,,,,,,,,,,,,,,,,,,,,,,,,,,,,,,,,,,,,,,,,,,,,Ridge,"{'mode': 'original', 'type': 'Ridge'}",2,"['nodes_T6W40', 'lcc_T6W40']",,,,,,,,,,,,,,,pruned,False,PRUNED
162,0.006357025136094182,2026-06-20 22:40:25.764193,2026-06-20 22:40:26.004476,0 days 00:00:00.240283,,,,,,,,,,,,,Ridge,,,,2,,,,,,0.9957716897394313,sparse_cg,,,,,,,False,,,,,,,,,,,,,,,,,,,,,,,,,,,,,,,,,,,,,,,,,,,,,Ridge,"{'mode': 'original', 'type': 'Ridge'}",2,"['nodes_T6W40', 'lcc_T6W40']",,,,,,,,,,,,,,,pruned,False,PRUNED
163,7.121420847642894,2026-06-20 22:40:26.014620,2026-06-20 22:42:36.529466,0 days 00:02:10.514846,251.0,,,,,,,,,,,,BaggingRegressor,,,,2,,,,0.02363012805130632,LinearSVC,,,,,,0.15382478617440243,,,False,-0.1201163541267721,-0.10682028748621925,398.0,-0.11346832080649567,0.00664803332027643,0.0675474351141527,1.9659423239762661,7.075970988406888,7.166870706878901,398.0,7.121420847642894,0.04544985923600658,0.46179392758577126,1.9659423239762661,151588383509304.25,234621195274396.44,398.0,193104789391850.34,41516405882546.11,421828020020739.75,1.9659423239762661,19.260628378020993,19.670444323653516,398.0,19.465536350837255,0.20490797281626216,2.081970310823219,1.9659423239762661,6.4047936135892,6.547128023172026,398.0,6.475960818380613,0.07116720479141293,0.7230953751753606,1.9659423239762661,399.0,0.9974937343358395,-0.30036057673537503,-0.2714644404500945,398.0,-0.28591250859273476,0.01444806814264025,0.14679979753008657,1.9659423239762661,BaggingRegressor,"{'mode': 'proxy', 'type': 'LinearSVC', 'C': 0.02363012805130632, 'epsilon': 0.15382478617440243}",2,"['lcc_T6W40', 'diameter_T6W40']",-0.06528242464898687,-0.04111866936224981,398.0,-0.05320054700561834,0.012081877643368528,0.12275808601672801,1.9659423239762661,8.505300422113496,8.611367335700908,398.0,8.558333878907202,0.053033456793705795,0.5388471761605295,1.9659423239762661,completed,False,COMPLETE
164,0.007478307877835314,2026-06-20 22:42:36.547611,2026-06-20 22:42:36.784241,0 days 00:00:00.236630,,,,,,,,,,,,,Ridge,,,,2,,,,,,0.5885819326024005,sparse_cg,,,,,,,False,,,,,,,,,,,,,,,,,,,,,,,,,,,,,,,,,,,,,,,,,,,,,Ridge,"{'mode': 'original', 'type': 'Ridge'}",2,"['nodes_T6W40', 'lcc_T6W40']",,,,,,,,,,,,,,,pruned,False,PRUNED
165,0.008851242232103266,2026-06-20 22:42:36.794256,2026-06-20 22:42:37.032587,0 days 00:00:00.238331,,,,,,,,,,,,,Ridge,,,,2,,,,,,0.19497106735594488,lsqr,,,,,,,False,,,,,,,,,,,,,,,,,,,,,,,,,,,,,,,,,,,,,,,,,,,,,Ridge,"{'mode': 'original', 'type': 'Ridge'}",2,"['nodes_T6W40', 'lcc_T6W40']",,,,,,,,,,,,,,,pruned,False,PRUNED
166,0.005011972716991623,2026-06-20 22:42:37.042901,2026-06-20 22:42:37.339085,0 days 00:00:00.296184,,,,,,,,,,,,,Ridge,,,,2,,,,,,0.6537864876234072,sparse_cg,,,,,,,True,,,,,,,,,,,,,,,,,,,,,,,,,,,,,,,,,,,,,,,,,,,,,Ridge,"{'mode': 'original', 'type': 'Ridge'}",2,"['nodes_T6W40', 'lcc_T6W40']",,,,,,,,,,,,,,,pruned,True,PRUNED
167,0.007409788300972238,2026-06-20 22:42:37.349049,2026-06-20 22:42:37.585745,0 days 00:00:00.236696,,,,,,,,,,,,,Ridge,,,,2,,,,,,0.6109550737560971,lsqr,,,,,,,False,,,,,,,,,,,,,,,,,,,,,,,,,,,,,,,,,,,,,,,,,,,,,Ridge,"{'mode': 'original', 'type': 'Ridge'}",2,"['nodes_T6W40', 'lcc_T6W40']",,,,,,,,,,,,,,,pruned,False,PRUNED
168,6.416356373681152,2026-06-20 22:42:37.595871,2026-06-20 22:42:44.760018,0 days 00:00:07.164147,,,,,,,,,,,,,SVR,,,,2,9.0,7.0,50.0,,ExtraTrees,,,,0.028782159178160693,,0.8793234366963641,auto,rbf,,-0.0034937873494090997,-0.002091241787578823,398.0,-0.0027925145684939614,0.0007012727809151383,0.007125291854616801,1.9659423239762661,6.391980374802691,6.440732372559613,398.0,6.416356373681152,0.024375998878461015,0.24767267600232795,1.9659423239762661,159187745152591.6,245727590835259.72,398.0,202457667993925.66,43269922841334.07,439644653495490.6,1.9659423239762661,17.360545237760356,17.600166530938388,398.0,17.480355884349372,0.1198106465890149,1.2173377428438725,1.9659423239762661,5.988223919326997,6.066682218878516,398.0,6.027453069102757,0.039229149775759385,0.39858832250126325,1.9659423239762661,399.0,0.8721804511278195,-0.022078762178322688,-0.01871514224523688,398.0,-0.020396952211779784,0.001681809966542905,0.017088053581637067,1.9659423239762661,SVR,"{'mode': 'proxy', 'type': 'ExtraTrees', 'n_estimators': 50, 'max_depth': 9, 'min_samples_split': 7}",2,"['l2_T6W40', 'diameter_T6W40']",0.12206598281061462,0.1475566308775562,398.0,0.1348113068440854,0.012745324033470777,0.12949904230081702,1.9659423239762661,7.606256928403055,7.6724155335448865,398.0,7.639336230973971,0.03307930257091568,0.3361027143494285,1.9659423239762661,completed,True,COMPLETE
169,0.007523510316654369,2026-06-20 22:42:44.777743,2026-06-20 22:42:45.103250,0 days 00:00:00.325507,,,,,,,,,,,,,Ridge,,,,2,,,,,,0.5739818612074722,lsqr,,,,,,,False,,,,,,,,,,,,,,,,,,,,,,,,,,,,,,,,,,,,,,,,,,,,,Ridge,"{'mode': 'original', 'type': 'Ridge'}",2,"['nodes_T6W40', 'lcc_T6W40']",,,,,,,,,,,,,,,pruned,False,PRUNED
170,0.009796824760001195,2026-06-20 22:42:45.114311,2026-06-20 22:42:45.355204,0 days 00:00:00.240893,,,,,,,,,,,,,Ridge,,,,3,,,,,,0.12724224750370966,sparse_cg,,,,,,,False,,,,,,,,,,,,,,,,,,,,,,,,,,,,,,,,,,,,,,,,,,,,,Ridge,"{'mode': 'original', 'type': 'Ridge'}",3,"['nodes_T6W40', 'lcc_T6W40', 'asp_T6W40']",,,,,,,,,,,,,,,pruned,False,PRUNED
171,0.007588896324703927,2026-06-20 22:42:45.365551,2026-06-20 22:42:45.649214,0 days 00:00:00.283663,,,,,,,,,,,,,Ridge,,,,2,,,,,,0.5530833189452687,sparse_cg,,,,,,,False,,,,,,,,,,,,,,,,,,,,,,,,,,,,,,,,,,,,,,,,,,,,,Ridge,"{'mode': 'original', 'type': 'Ridge'}",2,"['nodes_T6W40', 'lcc_T6W40']",,,,,,,,,,,,,,,pruned,False,PRUNED
172,0.007441358799661465,2026-06-20 22:42:45.658995,2026-06-20 22:42:45.897243,0 days 00:00:00.238248,,,,,,,,,,,,,Ridge,,,,2,,,,,,0.600610140141005,sparse_cg,,,,,,,False,,,,,,,,,,,,,,,,,,,,,,,,,,,,,,,,,,,,,,,,,,,,,Ridge,"{'mode': 'original', 'type': 'Ridge'}",2,"['nodes_T6W40', 'lcc_T6W40']",,,,,,,,,,,,,,,pruned,False,PRUNED
173,6.419941521055784,2026-06-20 22:42:45.906822,2026-06-20 22:42:52.187110,0 days 00:00:06.280288,,,,0.5136556342235767,1.0,,,,,,,,ElasticNet,,,,2,,,,,,,,,,,,,,False,-0.005054758040593392,-0.0017016687709454556,398.0,-0.003378213405769424,0.0016765446348239682,0.017034555105395286,1.9659423239762661,6.394117805863965,6.445765236247603,398.0,6.419941521055784,0.025823715191818156,0.26238221776138243,1.9659423239762661,167108428083676.8,257947252560307.3,398.0,212527840321992.06,45419412238315.25,461484570441801.6,1.9659423239762661,16.29184524499721,16.526404187725927,398.0,16.409124716361568,0.11727947136435816,1.191619701731085,1.9659423239762661,6.182655271766613,6.2558236929577955,398.0,6.219239482362204,0.03658421059559114,0.37171438113451527,1.9659423239762661,399.0,0.38847117794486213,-0.005004485267993129,0.0004954481436757513,398.0,-0.002254518562158689,0.0027499667058344403,0.02794107500362353,1.9659423239762661,ElasticNet,"{'mode': 'original', 'type': 'ElasticNet'}",2,"['lcc_T6W40', 'diameter_T6W40']",0.07435460123395357,0.09910289918099124,390.0,0.08672875020747241,0.012374148973518842,0.12445311573302774,1.9660653313011052,7.537280634894582,7.603544923600715,398.0,7.570412779247649,0.03313214435306685,0.33663961401271475,1.9659423239762661,completed,False,COMPLETE
174,0.007863772873735927,2026-06-20 22:42:52.204877,2026-06-20 22:42:52.451013,0 days 00:00:00.246136,,,,,,,,,,,,,Ridge,,,,2,,,,,,0.4679834545505123,sparse_cg,,,,,,,False,,,,,,,,,,,,,,,,,,,,,,,,,,,,,,,,,,,,,,,,,,,,,Ridge,"{'mode': 'original', 'type': 'Ridge'}",2,"['nodes_T6W40', 'lcc_T6W40']",,,,,,,,,,,,,,,pruned,False,PRUNED
175,6.672711189739053,2026-06-20 22:42:52.460935,2026-06-20 22:42:59.300413,0 days 00:00:06.839478,,,,,,,,,,minkowski,10.0,uniform,KNeighborsRegressor,,,,2,,,,0.2834140877143799,LinearSVC,,,,,,28.566181956373317,,,,-0.04755012505328392,-0.03844367805703425,398.0,-0.04299690155515908,0.0045532234981248325,0.046263090749225376,1.9659423239762661,6.636029693166619,6.709392686311488,398.0,6.672711189739053,0.03668149657243438,0.3727028566567864,1.9659423239762661,161096950734172.6,249138061762460.4,398.0,205117506248316.5,44020555514143.914,447271467218963.0,1.9659423239762661,17.36051946223711,17.666046953802987,398.0,17.51328320802005,0.1527637457829366,1.552158166024169,1.9659423239762661,6.220556698473282,6.346360594759802,398.0,6.283458646616542,0.06290194814326015,0.6391161199210104,1.9659423239762661,399.0,0.9197994987468672,-0.12170265343630274,-0.10357328227218579,398.0,-0.11263796785424426,0.009064685582058472,0.09210186406809863,1.9659423239762661,KNeighborsRegressor,"{'mode': 'proxy', 'type': 'LinearSVC', 'C': 0.2834140877143799, 'epsilon': 28.566181956373317}",2,"['diameter_T6W40', 'asp_T6W40']",-0.03691558608892426,-0.012938901182217553,398.0,-0.024927243635570903,0.01198834245335335,0.12180772041624731,1.9659423239762661,7.925707386859497,8.011679143455966,398.0,7.968693265157732,0.04298587829823485,0.4367586149604543,1.9659423239762661,completed,True,COMPLETE
176,0.008074134302035407,2026-06-20 22:42:59.388417,2026-06-20 22:42:59.625530,0 days 00:00:00.237113,,,,,,,,,,,,,Ridge,,,,2,,,,,,0.40571839649429303,lsqr,,,,,,,False,,,,,,,,,,,,,,,,,,,,,,,,,,,,,,,,,,,,,,,,,,,,,Ridge,"{'mode': 'original', 'type': 'Ridge'}",2,"['nodes_T6W40', 'lcc_T6W40']",,,,,,,,,,,,,,,pruned,False,PRUNED
177,0.0073937668187212735,2026-06-20 22:42:59.635486,2026-06-20 22:42:59.955723,0 days 00:00:00.320237,,,,,,,,,,,,,Ridge,,,,2,,,,,,0.6162289799090258,lsqr,,,,,,,False,,,,,,,,,,,,,,,,,,,,,,,,,,,,,,,,,,,,,,,,,,,,,Ridge,"{'mode': 'original', 'type': 'Ridge'}",2,"['nodes_T6W40', 'lcc_T6W40']",,,,,,,,,,,,,,,pruned,False,PRUNED
178,0.006652585751570113,2026-06-20 22:42:59.965708,2026-06-20 22:43:00.258561,0 days 00:00:00.292853,,,,,,,,,,,,,Ridge,,,,2,,,,,,0.3540662554114125,sparse_cg,,,,,,,True,,,,,,,,,,,,,,,,,,,,,,,,,,,,,,,,,,,,,,,,,,,,,Ridge,"{'mode': 'original', 'type': 'Ridge'}",2,"['nodes_T6W40', 'lcc_T6W40']",,,,,,,,,,,,,,,pruned,True,PRUNED
179,0.008893334484138309,2026-06-20 22:43:00.268508,2026-06-20 22:43:00.543708,0 days 00:00:00.275200,,,,,,,,,,,,,Ridge,,,,3,,,,,,0.33224457922221373,lsqr,,,,,,,False,,,,,,,,,,,,,,,,,,,,,,,,,,,,,,,,,,,,,,,,,,,,,Ridge,"{'mode': 'original', 'type': 'Ridge'}",3,"['nodes_T6W40', 'lcc_T6W40', 'asp_T6W40']",,,,,,,,,,,,,,,pruned,False,PRUNED
180,6.533786763817409,2026-06-20 22:43:00.553437,2026-06-20 22:43:06.850412,0 days 00:00:06.296975,,2.0,3.0,,,,,,,,,,DecisionTreeRegressor,,,,2,,,,,,,,,,,,,,False,-0.026177558972593138,-0.01616998139664264,398.0,-0.02117377018461789,0.005003788787975249,0.050841065650168694,1.9659423239762661,6.493876208660095,6.573697318974724,398.0,6.533786763817409,0.039910555157314426,0.4055117513680592,1.9659423239762661,145605666735857.06,225980944142727.56,398.0,185793305439292.3,40187638703435.24,408327062596375.5,1.9659423239762661,17.361737836290448,17.710152570105382,398.0,17.535945203197915,0.1742073669074687,1.7700363770289205,1.9659423239762661,5.9279018545264295,6.055871815598606,398.0,5.991886835062518,0.06398498053608845,0.6501202856278774,1.9659423239762661,399.0,0.7568922305764411,-0.08344427122686596,-0.06348111666643727,398.0,-0.07346269394665161,0.009981577280214336,0.10141795493349659,1.9659423239762661,DecisionTreeRegressor,"{'mode': 'original', 'type': 'DecisionTreeRegressor'}",2,"['edges_T6W40', 'diameter_T6W40']",0.04557587416134607,0.0735344728752559,398.0,0.05955517351830099,0.013979299356954916,0.14203686575625732,1.9659423239762661,7.779295492481051,7.872574867842127,398.0,7.825935180161589,0.04663968768053844,0.47388319606294055,1.9659423239762661,completed,False,COMPLETE
181,0.00745465204462481,2026-06-20 22:43:06.868938,2026-06-20 22:43:07.114306,0 days 00:00:00.245368,,,,,,,,,,,,,Ridge,,,,2,,,,,,0.5962729357438283,sparse_cg,,,,,,,False,,,,,,,,,,,,,,,,,,,,,,,,,,,,,,,,,,,,,,,,,,,,,Ridge,"{'mode': 'original', 'type': 'Ridge'}",2,"['nodes_T6W40', 'lcc_T6W40']",,,,,,,,,,,,,,,pruned,False,PRUNED
182,0.0071538344278204045,2026-06-20 22:43:07.124294,2026-06-20 22:43:07.394491,0 days 00:00:00.270197,,,,,,,,,,,,,Ridge,,,,2,,,,,,0.6971981026056573,sparse_cg,,,,,,,False,,,,,,,,,,,,,,,,,,,,,,,,,,,,,,,,,,,,,,,,,,,,,Ridge,"{'mode': 'original', 'type': 'Ridge'}",2,"['nodes_T6W40', 'lcc_T6W40']",,,,,,,,,,,,,,,pruned,False,PRUNED
183,0.007529904303149519,2026-06-20 22:43:07.404995,2026-06-20 22:43:07.650899,0 days 00:00:00.245904,,,,,,,,,,,,,Ridge,,,,2,,,,,,0.5719267717277883,sparse_cg,,,,,,,False,,,,,,,,,,,,,,,,,,,,,,,,,,,,,,,,,,,,,,,,,,,,,Ridge,"{'mode': 'original', 'type': 'Ridge'}",2,"['nodes_T6W40', 'lcc_T6W40']",,,,,,,,,,,,,,,pruned,False,PRUNED
