number,value,datetime_start,datetime_complete,duration,params_dt_max_depth,params_dt_min_samples_leaf,params_dt_min_samples_split,params_elastic_alpha,params_elastic_l1_ratio,params_et_max_depth,params_et_max_features,params_et_min_samples_leaf,params_et_min_samples_split,params_et_n_estimators,params_knn_metric,params_knn_n_neighbors,params_knn_weights,params_quantile_alpha,params_regressor,params_rf_max_depth,params_rf_max_features,params_rf_min_samples_leaf,params_rf_min_samples_split,params_rf_n_estimators,params_rfe_n_features,params_rfe_proxy_et_max_depth,params_rfe_proxy_et_min_samples_leaf,params_rfe_proxy_et_min_samples_split,params_rfe_proxy_et_n_estimators,params_rfe_proxy_lsvr_C,params_rfe_proxy_lsvr_epsilon,params_rfe_proxy_type,params_use_scaler,params_xgb_booster,params_xgb_colsample_bytree,params_xgb_learning_rate,params_xgb_max_depth,params_xgb_n_estimators,params_xgb_reg_alpha,params_xgb_reg_lambda,params_xgb_subsample,user_attrs_d2mae_ci_lower_val,user_attrs_d2mae_ci_upper_val,user_attrs_d2mae_df_val,user_attrs_d2mae_mean_val,user_attrs_d2mae_samperror_val,user_attrs_d2mae_std_val,user_attrs_d2mae_t_critical_val,user_attrs_mae_ci_lower_val,user_attrs_mae_ci_upper_val,user_attrs_mae_df_val,user_attrs_mae_mean_val,user_attrs_mae_samperror_val,user_attrs_mae_std_val,user_attrs_mae_t_critical_val,user_attrs_mape_ci_lower_val,user_attrs_mape_ci_upper_val,user_attrs_mape_df_val,user_attrs_mape_mean_val,user_attrs_mape_samperror_val,user_attrs_mape_std_val,user_attrs_mape_t_critical_val,user_attrs_max_error_ci_lower_val,user_attrs_max_error_ci_upper_val,user_attrs_max_error_df_val,user_attrs_max_error_mean_val,user_attrs_max_error_samperror_val,user_attrs_max_error_std_val,user_attrs_max_error_t_critical_val,user_attrs_median_ae_ci_lower_val,user_attrs_median_ae_ci_upper_val,user_attrs_median_ae_df_val,user_attrs_median_ae_mean_val,user_attrs_median_ae_samperror_val,user_attrs_median_ae_std_val,user_attrs_median_ae_t_critical_val,user_attrs_n_splits_val,user_attrs_r2_below_zero_val,user_attrs_r2_ci_lower_val,user_attrs_r2_ci_upper_val,user_attrs_r2_df_val,user_attrs_r2_mean_val,user_attrs_r2_samperror_val,user_attrs_r2_std_val,user_attrs_r2_t_critical_val,user_attrs_regressor_final,user_attrs_rfe_estimator,user_attrs_rfe_n_features,user_attrs_rfe_selected_features,user_attrs_rho_ci_lower_val,user_attrs_rho_ci_upper_val,user_attrs_rho_df_val,user_attrs_rho_mean_val,user_attrs_rho_samperror_val,user_attrs_rho_std_val,user_attrs_rho_t_critical_val,user_attrs_rmse_ci_lower_val,user_attrs_rmse_ci_upper_val,user_attrs_rmse_df_val,user_attrs_rmse_mean_val,user_attrs_rmse_samperror_val,user_attrs_rmse_std_val,user_attrs_rmse_t_critical_val,user_attrs_termination_reason,user_attrs_use_scaler_final,state
125,6.462745098039216,2026-06-12 22:53:46.323502,2026-06-12 22:53:46.489255,0 days 00:00:00.165753,,,,,,,,,,,euclidean,3.0,uniform,,KNeighborsRegressor,,,,,,11,11.0,2.0,4.0,30.0,,,ExtraTrees,,,,,,,,,,,,,,,,,,,,,,,,,,,,,,,,,,,,,,,,,,,,,,,,,,,,,,KNeighborsRegressor,"{'mode': 'proxy', 'type': 'ExtraTrees'}",11,"['nodes_T6W40', 're_T6W40', 'l1_T6W40', 'l2_T6W40', 'l3_T6W40', 'lcc_T6W40', 'lsc_T6W40', 'atd_T6W40', 'density_T6W40', 'diameter_T6W40', 'asp_T6W40']",,,,,,,,,,,,,,,pruned,True,PRUNED
126,7.526242365069993,2026-06-12 22:53:46.499388,2026-06-12 22:53:46.631899,0 days 00:00:00.132511,8.0,1.0,19.0,,,,,,,,,,,,DecisionTreeRegressor,,,,,,9,,,,,,,,True,,,,,,,,,,,,,,,,,,,,,,,,,,,,,,,,,,,,,,,,,,,,,,,,,,,,,DecisionTreeRegressor,"{'mode': 'original', 'type': 'DecisionTreeRegressor'}",9,"['nodes_T6W40', 're_T6W40', 'pe_T6W40', 'l1_T6W40', 'l2_T6W40', 'l3_T6W40', 'lsc_T6W40', 'density_T6W40', 'diameter_T6W40']",,,,,,,,,,,,,,,pruned,True,PRUNED
127,6.487490446597286,2026-06-12 22:53:46.642384,2026-06-12 22:53:49.044661,0 days 00:00:02.402277,,,,,,,,,,,,,,,XGBRegressor,,,,,,5,,,,,,,,False,gblinear,0.8042636363482333,0.014099932173699115,7.0,139.0,1.3981615309912755e-05,1.0638050900691945e-07,0.9860026648157685,-0.014277565349974097,-0.010038566325208519,98.0,-0.012158065837591308,0.0021194995123827885,0.01062690840801324,1.9844674545084815,6.44356828534984,6.531412607844731,98.0,6.487490446597286,0.043922161247446086,0.2202202840489733,1.9844674545084815,176201585643600.44,387704155797950.44,98.0,281952870720775.44,105751285077175.0,530223863690076.9,1.9844674545084815,16.259392328390266,16.680088520596424,98.0,16.469740424493345,0.21034809610307983,1.0546593372764526,1.9844674545084815,6.241007523446586,6.404158912180436,98.0,6.322583217813511,0.08157569436692515,0.4090104419900572,1.9844674545084815,99.0,0.696969696969697,-0.009377754401676788,-0.004423960189250241,98.0,-0.006900857295463515,0.002476897106213274,0.012418855739301397,1.9844674545084815,XGBRegressor,"{'mode': 'original', 'type': 'XGBRegressor'}",5,"['re_T6W40', 'l1_T6W40', 'l2_T6W40', 'l3_T6W40', 'density_T6W40']",-0.04604953506962188,0.0063797691678244735,98.0,-0.0198348829508987,0.026214652118723175,0.13143702340389538,1.9844674545084815,7.533775154813131,7.647170227759578,98.0,7.5904726912863545,0.05669753647322425,0.28427443532816776,1.9844674545084815,completed,False,COMPLETE
128,6.4684228181908034,2026-06-12 22:53:49.066224,2026-06-12 22:54:03.362105,0 days 00:00:14.295881,,,,,,11.0,sqrt,5.0,3.0,256.0,,,,,ExtraTreesRegressor,,,,,,6,,,,,,,,True,,,,,,,,,-0.013815896177539328,-0.004603240759200655,98.0,-0.009209568468369992,0.0046063277091693364,0.023095557407137198,1.9844674545084815,6.4182646661498275,6.518580970231779,98.0,6.4684228181908034,0.05015815204097633,0.25148677059869573,1.9844674545084815,169060151071930.88,372320233877436.25,98.0,270690192474683.56,101630041402752.7,509560457636280.2,1.9844674545084815,16.593567526098663,17.105521822221473,98.0,16.849544674160068,0.25597714806140404,1.2834377602355866,1.9844674545084815,6.269973092203476,6.440860722022703,98.0,6.3554169071130895,0.08544381490961322,0.4284047199684883,1.9844674545084815,99.0,0.6565656565656566,-0.03129990667913309,-0.014478899755503977,98.0,-0.022889403217318534,0.008410503461814557,0.04216922411720738,1.9844674545084815,ExtraTreesRegressor,"{'mode': 'original', 'type': 'ExtraTreesRegressor'}",6,"['nodes_T6W40', 'lcc_T6W40', 'atd_T6W40', 'density_T6W40', 'diameter_T6W40', 'asp_T6W40']",0.0008502521111654095,0.050357924548531954,98.0,0.025604088329848684,0.024753836218683274,0.12411267315988844,1.9844674545084815,7.5861578770408284,7.711110375777467,98.0,7.6486341264091475,0.06247624936831929,0.31324818705285756,1.9844674545084815,completed,True,COMPLETE
129,6.677498934095396,2026-06-12 22:54:03.376741,2026-06-12 22:54:12.057660,0 days 00:00:08.680919,,,,,,8.0,,3.0,10.0,124.0,,,,,ExtraTreesRegressor,,,,,,12,,,,,,,,False,,,,,,,,,-0.04987948879775505,-0.034198773803630005,98.0,-0.04203913130069253,0.007840357497062522,0.039310582767577304,1.9844674545084815,6.61802850352798,6.736969364662811,98.0,6.677498934095396,0.0594704305674159,0.2981773833552554,1.9844674545084815,174802035890433.4,385993758912920.25,98.0,280397897401676.84,105595861511243.44,529444589153823.44,1.9844674545084815,17.254830772036236,17.904012929173057,98.0,17.579421850604646,0.3245910785684115,1.627459521388069,1.9844674545084815,6.316698856064528,6.5361882594832466,98.0,6.426443557773887,0.10974470170935942,0.5502463607641862,1.9844674545084815,99.0,0.9191919191919192,-0.12249989984487454,-0.09331306184558875,98.0,-0.10790648084523165,0.014593418999642891,0.07316959789937273,1.9844674545084815,ExtraTreesRegressor,"{'mode': 'original', 'type': 'ExtraTreesRegressor'}",12,"['nodes_T6W40', 're_T6W40', 'pe_T6W40', 'l1_T6W40', 'l2_T6W40', 'l3_T6W40', 'lcc_T6W40', 'lsc_T6W40', 'atd_T6W40', 'density_T6W40', 'diameter_T6W40', 'asp_T6W40']",-0.07898225905564887,-0.03204669063841848,98.0,-0.055514474847033674,0.023467784208615193,0.11766456744479424,1.9844674545084815,7.886754667061754,8.024663151342493,98.0,7.955708909202124,0.06895424214036967,0.34572804159123327,1.9844674545084815,completed,False,COMPLETE
130,6.669297845826709,2026-06-12 22:54:12.080864,2026-06-12 22:54:14.458747,0 days 00:00:02.377883,,,,,,,,,,,,,,0.00033679722132229183,QuantileRegressor,,,,,,9,,,,,,,,True,,,,,,,,,-0.04981334727888882,-0.03118721455007424,98.0,-0.04050028091448153,0.009313066364407293,0.04669456287868729,1.9844674545084815,6.595685551166216,6.7429101404872025,98.0,6.669297845826709,0.07361229466049297,0.3690829408029891,1.9844674545084815,148324899105083.12,327696152044667.44,98.0,238010525574875.28,89685626469792.16,449672638489213.1,1.9844674545084815,18.10980435501203,18.888043572401365,98.0,18.498923963706698,0.3891196086946665,1.9509975903279912,1.9844674545084815,6.018732837908815,6.252436198897217,98.0,6.135584518403016,0.11685168049420135,0.5858798733755203,1.9844674545084815,99.0,0.9595959595959596,-0.16711320450909603,-0.12249217303247427,98.0,-0.14480268877078514,0.022310515738310877,0.11186216646967931,1.9844674545084815,QuantileRegressor,"{'mode': 'original', 'type': 'QuantileRegressor'}",9,"['nodes_T6W40', 're_T6W40', 'l1_T6W40', 'l2_T6W40', 'lcc_T6W40', 'lsc_T6W40', 'atd_T6W40', 'diameter_T6W40', 'asp_T6W40']",-0.039751225488222894,0.007218038127521784,98.0,-0.016266593680350553,0.023484631807872337,0.11774903922369986,1.9844674545084815,7.99106755259979,8.1755910209879,98.0,8.083329286793845,0.0922617341940548,0.46258892399669954,1.9844674545084815,completed,True,COMPLETE
131,6.658053810357242,2026-06-12 22:54:14.474295,2026-06-12 22:54:54.054930,0 days 00:00:39.580635,,,,,,,,,,,,,,,RandomForestRegressor,9.0,,3.0,12.0,409.0,5,,,,,,,,False,,,,,,,,,-0.04687691094220834,-0.030791800387973377,98.0,-0.03883435566509086,0.00804255527711748,0.04032437742824793,1.9844674545084815,6.592640477520873,6.723467143193612,98.0,6.658053810357242,0.06541333283636926,0.3279743602929578,1.9844674545084815,178470202442118.47,394361251517662.1,98.0,286415726979890.3,107945524537771.84,541225508954338.6,1.9844674545084815,17.479154047799476,18.075292264406016,98.0,17.777223156102746,0.2980691083032715,1.4944816428082173,1.9844674545084815,6.124020382627189,6.359423022899182,98.0,6.2417217027631855,0.11770132013599649,0.590139861453094,1.9844674545084815,99.0,0.9191919191919192,-0.1284298975715989,-0.09668685278833637,98.0,-0.11255837517996764,0.015871522391631265,0.07957785022652802,1.9844674545084815,RandomForestRegressor,"{'mode': 'original', 'type': 'RandomForestRegressor'}",5,"['l2_T6W40', 'l3_T6W40', 'lsc_T6W40', 'atd_T6W40', 'density_T6W40']",-0.052416037163941026,-0.0037147273756048017,98.0,-0.028065382269772912,0.02435065489416811,0.1220911718656384,1.9844674545084815,7.896143590390907,8.049287762956686,98.0,7.972715676673796,0.07657208628288907,0.38392296992035724,1.9844674545084815,completed,False,COMPLETE
132,6.549337395745711,2026-06-12 22:54:54.069046,2026-06-12 22:54:56.366751,0 days 00:00:02.297705,,,,,,,,,,,,,,,RandomForestRegressor,13.0,,5.0,2.0,248.0,7,,,,,,,,True,,,,,,,,,,,,,,,,,,,,,,,,,,,,,,,,,,,,,,,,,,,,,,,,,,,,,RandomForestRegressor,"{'mode': 'original', 'type': 'RandomForestRegressor'}",7,"['re_T6W40', 'l2_T6W40', 'l3_T6W40', 'lsc_T6W40', 'density_T6W40', 'diameter_T6W40', 'asp_T6W40']",,,,,,,,,,,,,,,pruned,True,PRUNED
133,6.633426385850505,2026-06-12 22:54:56.378291,2026-06-12 22:54:59.291760,0 days 00:00:02.913469,,,,,,,,,,,,,,,LinearRegression,,,,,,10,,,,,,,,True,,,,,,,,,-0.04263710151716382,-0.02744898669928369,98.0,-0.03504304410822376,0.007594057408940067,0.03807566458898317,1.9844674545084815,6.572225195020489,6.694627576680522,98.0,6.633426385850505,0.06120119083001673,0.3068552012454849,1.9844674545084815,159167257254685.25,350936757685674.4,98.0,255052007470179.8,95884750215494.55,480754278220971.44,1.9844674545084815,17.367668340734998,18.20216659734911,98.0,17.784917469042053,0.4172491283070555,2.0920355225076532,1.9844674545084815,6.201596426657346,6.395290751960996,98.0,6.298443589309171,0.0968471626518248,0.4855796951422126,1.9844674545084815,99.0,0.9292929292929293,-0.10664104122974086,-0.07482859469755013,98.0,-0.09073481796364549,0.015906223266095358,0.07975183611916609,1.9844674545084815,LinearRegression,"{'mode': 'original', 'type': 'LinearRegression'}",10,"['nodes_T6W40', 'edges_T6W40', 'pe_T6W40', 'l2_T6W40', 'lcc_T6W40', 'lsc_T6W40', 'atd_T6W40', 'density_T6W40', 'diameter_T6W40', 'asp_T6W40']",-0.07231666210167953,-0.02470282300526758,98.0,-0.04850974255347355,0.023806919548205973,0.11936495009206367,1.9844674545084815,7.816619163810435,7.97224055442342,98.0,7.8944298591169275,0.07781069530649247,0.3901332023692311,1.9844674545084815,completed,True,COMPLETE
134,6.683686608847097,2026-06-12 22:54:59.304105,2026-06-12 22:55:01.098693,0 days 00:00:01.794588,,,,,,,,,,,,,,,LinearRegression,,,,,,11,,,,,,,,False,,,,,,,,,-0.05104844312518061,-0.03450733715105823,98.0,-0.04277789013811942,0.008270552987061188,0.04146752974635565,1.9844674545084815,6.615749279261545,6.751623938432649,98.0,6.683686608847097,0.06793732958555221,0.3406293678166614,1.9844674545084815,161958830515917.1,357634190181875.4,98.0,259796510348896.25,97837679832979.16,490546025777909.3,1.9844674545084815,17.66842911738901,18.599408124362,98.0,18.133918620875505,0.4654895034864955,2.3339067971199206,1.9844674545084815,6.201987784585407,6.402764462592012,98.0,6.30237612358871,0.10038833900330234,0.503334715383509,1.9844674545084815,99.0,0.9090909090909091,-0.12390436058666071,-0.08868157087501305,98.0,-0.10629296573083688,0.01761139485582383,0.08830135556850964,1.9844674545084815,LinearRegression,"{'mode': 'original', 'type': 'LinearRegression'}",11,"['nodes_T6W40', 'edges_T6W40', 'pe_T6W40', 'l1_T6W40', 'l2_T6W40', 'l3_T6W40', 'lcc_T6W40', 'atd_T6W40', 'density_T6W40', 'diameter_T6W40', 'asp_T6W40']",-0.09683846732318502,-0.05086090160530734,98.0,-0.07384968446424618,0.022988782858938843,0.11526291392207054,1.9844674545084815,7.86560501794361,8.035055594041475,98.0,7.9503303059925425,0.0847252880489331,0.4248021151589402,1.9844674545084815,completed,False,COMPLETE
135,6.669215717626862,2026-06-12 22:55:01.110860,2026-06-12 22:55:12.184047,0 days 00:00:11.073187,,,,,,,,,,,,,,,RandomForestRegressor,8.0,sqrt,4.0,6.0,114.0,12,,,,,,,,False,,,,,,,,,-0.048872119290899095,-0.032732823979950386,98.0,-0.04080247163542474,0.008069647655474356,0.04046021526244968,1.9844674545084815,6.610024036965039,6.728407398288685,98.0,6.669215717626862,0.0591916806618227,0.2967797658053693,1.9844674545084815,173441884425213.84,382982904072591.1,98.0,278212394248902.47,104770509823688.62,525306377874791.94,1.9844674545084815,17.396416545584707,17.95029740904581,98.0,17.673356977315258,0.2769404317305518,1.388545071740832,1.9844674545084815,6.198047726113002,6.414080370869364,98.0,6.306064048491183,0.10801632237818085,0.541580480569626,1.9844674545084815,99.0,0.9191919191919192,-0.12080974950096701,-0.09081245910036331,98.0,-0.10581110430066516,0.014998645200301846,0.07520135194969033,1.9844674545084815,RandomForestRegressor,"{'mode': 'original', 'type': 'RandomForestRegressor'}",12,"['nodes_T6W40', 're_T6W40', 'pe_T6W40', 'l1_T6W40', 'l2_T6W40', 'l3_T6W40', 'lcc_T6W40', 'lsc_T6W40', 'atd_T6W40', 'density_T6W40', 'diameter_T6W40', 'asp_T6W40']",-0.07124294991793496,-0.022968694603845,98.0,-0.04710582226088998,0.024137127657044982,0.12102057270849467,1.9844674545084815,7.87763892949105,8.01822794526398,98.0,7.947933437377515,0.07029450788646517,0.35244796827342545,1.9844674545084815,completed,False,COMPLETE
136,6.494204611139109,2026-06-12 22:55:12.222010,2026-06-12 22:55:14.109727,0 days 00:00:01.887717,,,,0.0013674069569182747,0.83704112524294,,,,,,,,,,ElasticNet,,,,,,5,,,,,,,,False,,,,,,,,,-0.018247779323529254,-0.008037031763342337,98.0,-0.013142405543435796,0.005105373780093458,0.025597712682996356,1.9844674545084815,6.4391273292349185,6.549281893043299,98.0,6.494204611139109,0.05507728190419083,0.27615067931775666,1.9844674545084815,166501950581820.66,366521556945258.5,98.0,266511753763539.56,100009803181718.9,501436783592717.1,1.9844674545084815,16.60417127783368,17.20494865617752,98.0,16.9045599670056,0.30038868917192124,1.5061117343897945,1.9844674545084815,6.134472166367694,6.286779318198069,98.0,6.210625742282882,0.07615357591518764,0.3818246106995206,1.9844674545084815,99.0,0.696969696969697,-0.04153927890716183,-0.02134316388689278,98.0,-0.031441221397027305,0.010098057510134525,0.05063041139292751,1.9844674545084815,ElasticNet,"{'mode': 'original', 'type': 'ElasticNet'}",5,"['nodes_T6W40', 'pe_T6W40', 'l2_T6W40', 'lcc_T6W40', 'asp_T6W40']",-0.0011871013905116676,0.04657826834428539,98.0,0.02269558347688686,0.02388268486739853,0.11974482803157686,1.9844674545084815,7.610629036674303,7.7509678790666205,98.0,7.680798457870462,0.07016942119615854,0.35182079907938507,1.9844674545084815,completed,False,COMPLETE
137,6.458010260356921,2026-06-12 22:55:14.123313,2026-06-12 22:55:16.480253,0 days 00:00:02.356940,,,,0.6765873641051084,0.7884473432532987,,,,,,,,,,ElasticNet,,,,,,9,,,,,,,,True,,,,,,,,,-0.009845730032007304,-0.00516888302502444,98.0,-0.007507306528515872,0.0023384235034914313,0.011724566222151053,1.9844674545084815,6.411932935000297,6.5040875857135445,98.0,6.458010260356921,0.04607732535662361,0.23102601033419393,1.9844674545084815,174041230554293.62,382998849511038.44,98.0,278520040032666.03,104478809478372.42,523843828421890.2,1.9844674545084815,16.370012680022406,16.839034238671736,98.0,16.60452345934707,0.23451077932466485,1.17580804242475,1.9844674545084815,6.237173661646861,6.387403840365992,98.0,6.3122887510064265,0.07511508935956533,0.3766177675532609,1.9844674545084815,99.0,0.5555555555555556,-0.00925582595875653,-0.0019806649029391345,98.0,-0.005618245430847832,0.0036375805279086977,0.018238378858318294,1.9844674545084815,ElasticNet,"{'mode': 'original', 'type': 'ElasticNet'}",9,"['nodes_T6W40', 're_T6W40', 'l3_T6W40', 'lcc_T6W40', 'lsc_T6W40', 'atd_T6W40', 'density_T6W40', 'diameter_T6W40', 'asp_T6W40']",0.02052461561018899,0.0672495403510916,93.0,0.043887077980640295,0.023362462370451306,0.11406348552480562,1.9858018143458227,7.526299720102744,7.645447050057407,98.0,7.585873385080076,0.05957366497733112,0.29869498791817933,1.9844674545084815,completed,True,COMPLETE
138,6.4660674071066255,2026-06-12 22:55:16.492724,2026-06-12 22:55:18.604370,0 days 00:00:02.111646,,,,7.655995024940027,0.11072059332631567,,,,,,,,,,ElasticNet,,,,,,7,,,,,,,,True,,,,,,,,,-0.010492754893105846,-0.007098668020583229,98.0,-0.008795711456844537,0.0016970434362613082,0.008508765893177483,1.9844674545084815,6.422267368868747,6.509867445344504,98.0,6.4660674071066255,0.04380003823787844,0.21960797438359986,1.9844674545084815,177025416656142.62,389496333557737.5,98.0,283260875106940.06,106235458450797.45,532651449101172.44,1.9844674545084815,16.310243887100345,16.769499791308508,98.0,16.539871839204427,0.22962795210408218,1.151326150665808,1.9844674545084815,6.227961023392676,6.394160625096622,98.0,6.311060824244649,0.0830998008519734,0.41665212339929625,1.9844674545084815,99.0,0.8282828282828283,-0.0027412677146077934,-0.0012019849587953458,98.0,-0.0019716263367015696,0.0007696413779062239,0.0038588866768983756,1.9844674545084815,ElasticNet,"{'mode': 'original', 'type': 'ElasticNet'}",7,"['nodes_T6W40', 're_T6W40', 'lcc_T6W40', 'atd_T6W40', 'density_T6W40', 'diameter_T6W40', 'asp_T6W40']",0.007798982336549739,0.05928138067901162,57.0,0.03354018150778068,0.025741199171230942,0.09789888332473738,2.002465459291007,7.514837301333331,7.629743038859421,98.0,7.572290170096376,0.057452868763044715,0.28806157800720195,1.9844674545084815,completed,True,COMPLETE
139,6.43236284412755,2026-06-12 22:55:18.618090,2026-06-12 22:55:20.945669,0 days 00:00:02.327579,,,,,,,,,,,,,,6.517060990074383,QuantileRegressor,,,,,,10,,,,,,,,True,,,,,,,,,-0.004618760704527799,-0.0023266854860824436,98.0,-0.0034727230953051215,0.001146037609222678,0.005746090826723593,1.9844674545084815,6.387146941252938,6.477578747002163,98.0,6.43236284412755,0.04521590287461224,0.22670694455311866,1.9844674545084815,159975467009718.8,352020212552703.8,98.0,255997839781211.3,96022372771492.52,481444300695108.6,1.9844674545084815,17.65307108337025,18.14490871460955,98.0,17.8989898989899,0.24591881561964796,1.2330065254221743,1.9844674545084815,5.956835168213341,6.06336685198868,98.0,6.01010101010101,0.05326584188766987,0.26706834312012434,1.9844674545084815,99.0,1.0,-0.03940786471611372,-0.03383770038410198,98.0,-0.03662278255010785,0.0027850821660058717,0.013964057511701019,1.9844674545084815,QuantileRegressor,"{'mode': 'original', 'type': 'QuantileRegressor'}",10,"['pe_T6W40', 'l1_T6W40', 'l2_T6W40', 'l3_T6W40', 'lcc_T6W40', 'lsc_T6W40', 'atd_T6W40', 'density_T6W40', 'diameter_T6W40', 'asp_T6W40']",,,,,,,,7.641821067877172,7.76254996760978,98.0,7.702185517743476,0.06036444986630419,0.3026598855444638,1.9844674545084815,completed,True,COMPLETE
