number,value,datetime_start,datetime_complete,duration,params_dt_max_depth,params_dt_min_samples_leaf,params_dt_min_samples_split,params_elastic_alpha,params_elastic_l1_ratio,params_et_max_depth,params_et_max_features,params_et_min_samples_leaf,params_et_min_samples_split,params_et_n_estimators,params_knn_metric,params_knn_n_neighbors,params_knn_weights,params_quantile_alpha,params_regressor,params_rf_max_depth,params_rf_max_features,params_rf_min_samples_leaf,params_rf_min_samples_split,params_rf_n_estimators,params_rfe_n_features,params_rfe_proxy_et_max_depth,params_rfe_proxy_et_min_samples_leaf,params_rfe_proxy_et_min_samples_split,params_rfe_proxy_et_n_estimators,params_rfe_proxy_lsvr_C,params_rfe_proxy_lsvr_epsilon,params_rfe_proxy_type,params_use_scaler,params_xgb_booster,params_xgb_colsample_bytree,params_xgb_learning_rate,params_xgb_max_depth,params_xgb_n_estimators,params_xgb_reg_alpha,params_xgb_reg_lambda,params_xgb_subsample,user_attrs_d2mae_ci_lower_val,user_attrs_d2mae_ci_upper_val,user_attrs_d2mae_df_val,user_attrs_d2mae_mean_val,user_attrs_d2mae_samperror_val,user_attrs_d2mae_std_val,user_attrs_d2mae_t_critical_val,user_attrs_mae_ci_lower_val,user_attrs_mae_ci_upper_val,user_attrs_mae_df_val,user_attrs_mae_mean_val,user_attrs_mae_samperror_val,user_attrs_mae_std_val,user_attrs_mae_t_critical_val,user_attrs_mape_ci_lower_val,user_attrs_mape_ci_upper_val,user_attrs_mape_df_val,user_attrs_mape_mean_val,user_attrs_mape_samperror_val,user_attrs_mape_std_val,user_attrs_mape_t_critical_val,user_attrs_max_error_ci_lower_val,user_attrs_max_error_ci_upper_val,user_attrs_max_error_df_val,user_attrs_max_error_mean_val,user_attrs_max_error_samperror_val,user_attrs_max_error_std_val,user_attrs_max_error_t_critical_val,user_attrs_median_ae_ci_lower_val,user_attrs_median_ae_ci_upper_val,user_attrs_median_ae_df_val,user_attrs_median_ae_mean_val,user_attrs_median_ae_samperror_val,user_attrs_median_ae_std_val,user_attrs_median_ae_t_critical_val,user_attrs_n_splits_val,user_attrs_r2_below_zero_val,user_attrs_r2_ci_lower_val,user_attrs_r2_ci_upper_val,user_attrs_r2_df_val,user_attrs_r2_mean_val,user_attrs_r2_samperror_val,user_attrs_r2_std_val,user_attrs_r2_t_critical_val,user_attrs_regressor_final,user_attrs_rfe_estimator,user_attrs_rfe_n_features,user_attrs_rfe_selected_features,user_attrs_rho_ci_lower_val,user_attrs_rho_ci_upper_val,user_attrs_rho_df_val,user_attrs_rho_mean_val,user_attrs_rho_samperror_val,user_attrs_rho_std_val,user_attrs_rho_t_critical_val,user_attrs_rmse_ci_lower_val,user_attrs_rmse_ci_upper_val,user_attrs_rmse_df_val,user_attrs_rmse_mean_val,user_attrs_rmse_samperror_val,user_attrs_rmse_std_val,user_attrs_rmse_t_critical_val,user_attrs_termination_reason,user_attrs_use_scaler_final,state
37,6.458161870776228,2026-06-12 22:46:08.680315,2026-06-12 22:46:24.325680,0 days 00:00:15.645365,,,,,,4.0,,3.0,6.0,289.0,,,,,ExtraTreesRegressor,,,,,,2,,,,,,,,True,,,,,,,,,-0.012344802597591244,-0.0028215643912913556,98.0,-0.0075831834944413,0.004761619103149944,0.023874169249576048,1.9844674545084815,6.40668954755256,6.509634193999895,98.0,6.458161870776228,0.05147232322366765,0.25807586236744573,1.9844674545084815,164300218402239.56,361856203209152.44,98.0,263078210805696.0,98777992403456.42,495260636705151.94,1.9844674545084815,16.464919759998356,17.000463653806253,98.0,16.732691706902305,0.26777194690395023,1.342575422810355,1.9844674545084815,6.323480830214128,6.508329279221457,98.0,6.4159050547177925,0.09242422450366516,0.4634036303117191,1.9844674545084815,99.0,0.6363636363636364,-0.025281917488002365,-0.00877447271198124,98.0,-0.017028195099991802,0.008253722388010563,0.041383143204382855,1.9844674545084815,ExtraTreesRegressor,"{'mode': 'original', 'type': 'ExtraTreesRegressor'}",2,"['nodes_T6W40', 'diameter_T6W40']",0.030411973157293905,0.07698775378129405,98.0,0.05369986346929398,0.023287890312000074,0.11676260169706908,1.9844674545084815,7.564834072586873,7.688532582508083,98.0,7.626683327547478,0.06184925496060525,0.3101045146414292,1.9844674545084815,completed,True,COMPLETE
38,6.595299432492758,2026-06-12 22:46:24.339053,2026-06-12 22:46:41.784910,0 days 00:00:17.445857,,,,,,13.0,,3.0,10.0,292.0,,,,,ExtraTreesRegressor,,,,,,9,,,,,,,,True,,,,,,,,,-0.038528286629476625,-0.019939221114647528,98.0,-0.029233753872062077,0.009294532757414547,0.046601637665526656,1.9844674545084815,6.528432108186055,6.6621667567994605,98.0,6.595299432492758,0.06686732430670228,0.3352644936904836,1.9844674545084815,160496039742818.62,354700823446687.4,98.0,257598431594753.0,97102391851934.39,486859382783926.7,1.9844674545084815,17.255071836134494,17.8729100601188,98.0,17.563990948126648,0.3089191119921522,1.5488822193380587,1.9844674545084815,6.241504247614527,6.453388955571189,98.0,6.347446601592858,0.10594235397833114,0.5311818595284074,1.9844674545084815,99.0,0.8484848484848485,-0.10515125336392613,-0.07065951534960731,98.0,-0.08790538435676672,0.017245869007159412,0.08646865417281499,1.9844674545084815,ExtraTreesRegressor,"{'mode': 'original', 'type': 'ExtraTreesRegressor'}",9,"['nodes_T6W40', 're_T6W40', 'l2_T6W40', 'lcc_T6W40', 'lsc_T6W40', 'atd_T6W40', 'density_T6W40', 'diameter_T6W40', 'asp_T6W40']",-0.017145610221404498,0.03394335840723312,98.0,0.008398874092914312,0.02554448431431881,0.12807688492129765,1.9844674545084815,7.8046456261166535,7.959168289591038,98.0,7.881906957853846,0.07726133173719238,0.3873787613799582,1.9844674545084815,completed,True,COMPLETE
39,6.434861189536576,2026-06-12 22:46:41.797092,2026-06-12 22:46:44.212448,0 days 00:00:02.415356,,,,,,,,,,,,,,0.0026636419343091617,QuantileRegressor,,,,,,4,,,,,,,,False,,,,,,,,,-0.01068533673481417,0.003017316610853391,98.0,-0.0038340100619803897,0.0068513266728337805,0.034351704541667874,1.9844674545084815,6.3715312359099965,6.498191143163156,98.0,6.434861189536576,0.06332995362658014,0.3175285546146645,1.9844674545084815,155711397401742.4,342753267348960.75,98.0,249232332375351.56,93520934973609.16,468902400963051.6,1.9844674545084815,17.513804821303843,18.15211540327806,98.0,17.83296011229095,0.3191552909871085,1.6002051547725364,1.9844674545084815,5.933250105806004,6.155470931478921,98.0,6.0443605186424625,0.1111104128364582,0.5570938674395556,1.9844674545084815,99.0,0.7171717171717171,-0.06903621889960888,-0.04152065206834807,98.0,-0.055278435483978476,0.01375778341563041,0.0689798244354506,1.9844674545084815,QuantileRegressor,"{'mode': 'original', 'type': 'QuantileRegressor'}",4,"['re_T6W40', 'l1_T6W40', 'lcc_T6W40', 'diameter_T6W40']",0.023012756435379887,0.07271661232592258,98.0,0.04786468438065124,0.02485192794527135,0.12460449294467503,1.9844674545084815,7.691447821330404,7.841697915612909,98.0,7.766572868471656,0.07512504714125265,0.376667694639028,1.9844674545084815,completed,False,COMPLETE
40,6.477418203253081,2026-06-12 22:46:44.224332,2026-06-12 22:46:54.118316,0 days 00:00:09.893984,,,,,,5.0,log2,5.0,9.0,166.0,,,,,ExtraTreesRegressor,,,,,,11,,,,,,,,True,,,,,,,,,-0.014735896217434728,-0.006449355646255575,98.0,-0.010592625931845151,0.004143270285589576,0.020773844757861544,1.9844674545084815,6.42820609039001,6.526630316116153,98.0,6.477418203253081,0.04921211286307159,0.24674344717009844,1.9844674545084815,170363835157070.3,375145050460599.94,98.0,272754442808835.12,102390607651764.83,513373842739347.06,1.9844674545084815,16.58916362215792,17.155091912686288,98.0,16.872127767422104,0.28296414526418323,1.418747226364612,1.9844674545084815,6.248547101219445,6.422440789725598,98.0,6.335493945472521,0.08694684425307678,0.4359407231967158,1.9844674545084815,99.0,0.7575757575757576,-0.03459847643149678,-0.019814733098363714,98.0,-0.027206604764930246,0.007391871666566533,0.03706193028375836,1.9844674545084815,ExtraTreesRegressor,"{'mode': 'original', 'type': 'ExtraTreesRegressor'}",11,"['nodes_T6W40', 're_T6W40', 'l1_T6W40', 'l2_T6W40', 'l3_T6W40', 'lcc_T6W40', 'lsc_T6W40', 'atd_T6W40', 'density_T6W40', 'diameter_T6W40', 'asp_T6W40']",-0.03143097681468765,0.01371722740748163,98.0,-0.00885687470360301,0.02257410211108464,0.11318375594148726,1.9844674545084815,7.603908103624419,7.726569122649484,98.0,7.665238613136951,0.06133050951253293,0.3075035891250365,1.9844674545084815,completed,True,COMPLETE
41,8.10574986681195,2026-06-12 22:46:54.130965,2026-06-12 22:46:55.926771,0 days 00:00:01.795806,11.0,1.0,12.0,,,,,,,,,,,,DecisionTreeRegressor,,,,,,6,,,,,,,,True,,,,,,,,,-0.28862909455840935,-0.24267824050843576,98.0,-0.26565366753342257,0.02297542702498681,0.11519594942253107,1.9844674545084815,7.964224814246588,8.247274919377311,98.0,8.10574986681195,0.14152505256536127,0.7095891092518123,1.9844674545084815,180068923986116.06,423397675613704.44,98.0,301733299799910.25,121664375813794.2,610010132457056.9,1.9844674545084815,22.427302868672754,23.407338703584095,98.0,22.917320786128425,0.49001791745567136,2.456889231001787,1.9844674545084815,6.9308781445315715,7.3711783235181825,98.0,7.151028234024877,0.2201500894933056,1.103805319790398,1.9844674545084815,99.0,1.0,-0.7904530236738898,-0.6802663967506517,98.0,-0.7353597102122708,0.05509331346161903,0.27623105956386285,1.9844674545084815,DecisionTreeRegressor,"{'mode': 'original', 'type': 'DecisionTreeRegressor'}",6,"['edges_T6W40', 're_T6W40', 'l1_T6W40', 'l3_T6W40', 'lsc_T6W40', 'diameter_T6W40']",-0.07167316019458818,-0.017908446783088047,98.0,-0.04479080348883811,0.026882356705750066,0.13478481161922173,1.9844674545084815,9.773063501482603,10.076731178308329,98.0,9.924897339895466,0.1518338384128623,0.7612760864646816,1.9844674545084815,completed,True,COMPLETE
42,6.4273735347017364,2026-06-12 22:46:55.938863,2026-06-12 22:46:58.500408,0 days 00:00:02.561545,,,,,,,,,,,,,,0.011460526527150103,QuantileRegressor,,,,,,6,,,,,,,,True,,,,,,,,,-0.008686982016009391,0.003201476310967714,98.0,-0.0027427528525208384,0.005944229163488552,0.02980362982278692,1.9844674545084815,6.370121625401373,6.4846254440021,98.0,6.4273735347017364,0.05725190930036426,0.2870539921166877,1.9844674545084815,157222473477462.25,345979877289037.7,98.0,251601175383249.97,94378701905787.7,473203138269396.25,1.9844674545084815,17.290576595863243,17.92769752587661,98.0,17.609137060869926,0.31856046500668206,1.5972227708768252,1.9844674545084815,5.920909095535123,6.133211414879831,98.0,6.027060255207477,0.10615115967235379,0.5322287854524221,1.9844674545084815,99.0,0.7373737373737373,-0.050743528955587425,-0.030263195835583716,98.0,-0.04050336239558557,0.010240166560001856,0.051342928592420574,1.9844674545084815,QuantileRegressor,"{'mode': 'original', 'type': 'QuantileRegressor'}",6,"['edges_T6W40', 're_T6W40', 'lsc_T6W40', 'density_T6W40', 'diameter_T6W40', 'asp_T6W40']",0.024239417596566365,0.06954780768704723,98.0,0.046893612641806796,0.02265419504524043,0.11358533200717164,1.9844674545084815,7.646318391213829,7.781315974595706,98.0,7.7138171829047675,0.06749879169093824,0.3384305930529596,1.9844674545084815,completed,True,COMPLETE
43,6.43236284412755,2026-06-12 22:46:58.514141,2026-06-12 22:47:01.085068,0 days 00:00:02.570927,,,,,,,,,,,,,,1.6186162039332974,QuantileRegressor,,,,,,3,,,,,,,,True,,,,,,,,,-0.004618760704527799,-0.0023266854860824436,98.0,-0.0034727230953051215,0.001146037609222678,0.005746090826723593,1.9844674545084815,6.387146941252938,6.477578747002163,98.0,6.43236284412755,0.04521590287461224,0.22670694455311866,1.9844674545084815,159975467009718.8,352020212552703.8,98.0,255997839781211.3,96022372771492.52,481444300695108.6,1.9844674545084815,17.65307108337025,18.14490871460955,98.0,17.8989898989899,0.24591881561964796,1.2330065254221743,1.9844674545084815,5.956835168213341,6.06336685198868,98.0,6.01010101010101,0.05326584188766987,0.26706834312012434,1.9844674545084815,99.0,1.0,-0.03940786471611372,-0.03383770038410198,98.0,-0.03662278255010785,0.0027850821660058717,0.013964057511701019,1.9844674545084815,QuantileRegressor,"{'mode': 'original', 'type': 'QuantileRegressor'}",3,"['density_T6W40', 'diameter_T6W40', 'asp_T6W40']",,,,,,,,7.641821067877172,7.76254996760978,98.0,7.702185517743476,0.06036444986630419,0.3026598855444638,1.9844674545084815,completed,True,COMPLETE
44,6.573369648296016,2026-06-12 22:47:01.184041,2026-06-12 22:47:24.893245,0 days 00:00:23.709204,,,,,,10.0,log2,3.0,6.0,418.0,,,,,ExtraTreesRegressor,,,,,,4,,,,,,,,True,,,,,,,,,-0.031917969057441105,-0.01927842490229903,98.0,-0.025598196979870067,0.006319772077571039,0.03168655554554227,1.9844674545084815,6.515915502910011,6.630823793682022,98.0,6.573369648296016,0.057454145386005614,0.2880679788368307,1.9844674545084815,180624464631022.3,397904417293543.7,98.0,289264440962283.0,108639976331260.7,544707404354677.7,1.9844674545084815,16.97847882816159,17.56909231782116,98.0,17.273785572991375,0.29530674482978536,1.4806314940108833,1.9844674545084815,6.216444606358706,6.415486614484616,98.0,6.315965610421661,0.09952100406295505,0.49898600526761094,1.9844674545084815,99.0,0.8484848484848485,-0.07351506485104695,-0.05047952594043913,98.0,-0.061997295395743036,0.011517769455303908,0.05774867149109381,1.9844674545084815,ExtraTreesRegressor,"{'mode': 'original', 'type': 'ExtraTreesRegressor'}",4,"['nodes_T6W40', 'lcc_T6W40', 'atd_T6W40', 'density_T6W40']",-0.02583040339020961,0.021760678236067414,98.0,-0.0020348625770710994,0.023795540813138512,0.11930789852179696,1.9844674545084815,7.722749993816379,7.861909771044987,98.0,7.792329882430683,0.06957988861430378,0.34886495562940617,1.9844674545084815,completed,True,COMPLETE
45,8.15363402579683,2026-06-12 22:47:24.907696,2026-06-12 22:47:27.041027,0 days 00:00:02.133331,17.0,3.0,13.0,,,,,,,,,,,,DecisionTreeRegressor,,,,,,12,,,,,,,,True,,,,,,,,,-0.29483292127966515,-0.2505883728994694,98.0,-0.27271064708956727,0.022122274190097876,0.11091834662930894,1.9844674545084815,8.013531965021636,8.293736086572023,98.0,8.15363402579683,0.14010206077519408,0.7024544044164897,1.9844674545084815,146841304260371.3,355250839301787.4,98.0,251046071781079.34,104204767520708.05,522469815940623.75,1.9844674545084815,21.995549731632,22.81834680953727,98.0,22.406948270584635,0.41139853895263667,2.0627013911058447,1.9844674545084815,6.975469416199094,7.454965524841907,98.0,7.215217470520501,0.23974805432140672,1.20206709149402,1.9844674545084815,99.0,1.0,-0.7857348659235467,-0.6893904177047424,98.0,-0.7375626418141445,0.0481722241094021,0.24152957357625873,1.9844674545084815,DecisionTreeRegressor,"{'mode': 'original', 'type': 'DecisionTreeRegressor'}",12,"['edges_T6W40', 're_T6W40', 'pe_T6W40', 'l1_T6W40', 'l2_T6W40', 'l3_T6W40', 'lcc_T6W40', 'lsc_T6W40', 'atd_T6W40', 'density_T6W40', 'diameter_T6W40', 'asp_T6W40']",-0.06778176218556944,-0.017000651798567613,98.0,-0.042391206992068525,0.025390555193500912,0.12730510334800593,1.9844674545084815,9.805022250811028,10.076805700690965,98.0,9.940913975750997,0.13589172493996787,0.6813443012876506,1.9844674545084815,completed,True,COMPLETE
46,6.675899006244756,2026-06-12 22:47:27.053466,2026-06-12 22:47:29.010109,0 days 00:00:01.956643,,,,,,,,,,,,,,,LinearRegression,,,,,,11,,,,,,,,True,,,,,,,,,-0.0494024647398567,-0.03390834316156639,98.0,-0.041655403950711545,0.007747060789145151,0.03884280461334105,1.9844674545084815,6.613392911372584,6.738405101116928,98.0,6.675899006244756,0.06250609487217214,0.31339782871777994,1.9844674545084815,158251750199847.3,349175515467456.3,98.0,253713632833651.8,95461882633804.5,478634072468111.3,1.9844674545084815,17.578997645479127,18.450699641737287,98.0,18.014848643608207,0.4358509981290799,2.1853029970513025,1.9844674545084815,6.193104150137889,6.396760670307628,98.0,6.294932410222758,0.10182826008486985,0.5105543015920393,1.9844674545084815,99.0,0.9393939393939394,-0.12304667553897795,-0.0904872316540309,98.0,-0.10676695359650443,0.01627972194247353,0.08162451228691045,1.9844674545084815,LinearRegression,"{'mode': 'original', 'type': 'LinearRegression'}",11,"['nodes_T6W40', 'edges_T6W40', 'pe_T6W40', 'l2_T6W40', 'l3_T6W40', 'lcc_T6W40', 'lsc_T6W40', 'atd_T6W40', 'density_T6W40', 'diameter_T6W40', 'asp_T6W40']",-0.08873305350143458,-0.04240265186785373,98.0,-0.06556785268464416,0.023165200816790427,0.11614745174275155,1.9844674545084815,7.873136814791025,8.031278847437983,98.0,7.952207831114504,0.0790710163234789,0.3964522960675127,1.9844674545084815,completed,True,COMPLETE
47,6.432530476927977,2026-06-12 22:47:29.022479,2026-06-12 22:47:30.907329,0 days 00:00:01.884850,,,,0.2949458041415269,0.5427244433475962,,,,,,,,,,ElasticNet,,,,,,5,,,,,,,,True,,,,,,,,,-0.006817073166203503,-0.00018904992918926996,98.0,-0.0035030615476963865,0.0033140116185071166,0.016616044366707272,1.9844674545084815,6.3832174119900005,6.4818435418659535,98.0,6.432530476927977,0.04931306493797622,0.2472496083875664,1.9844674545084815,171443871445163.34,377278130036262.4,98.0,274361000740712.88,102917129295549.53,516013757139254.7,1.9844674545084815,16.35381219097908,16.862678104274107,98.0,16.608245147626594,0.2544329566475111,1.2756953754772944,1.9844674545084815,6.2241099230242165,6.373151721163281,98.0,6.298630822093749,0.07452089906953273,0.37363857093055974,1.9844674545084815,99.0,0.45454545454545453,-0.011409515282192473,0.000819331478501409,98.0,-0.005295091901845532,0.006114423380346941,0.030656962575901982,1.9844674545084815,ElasticNet,"{'mode': 'original', 'type': 'ElasticNet'}",5,"['nodes_T6W40', 're_T6W40', 'l2_T6W40', 'lcc_T6W40', 'density_T6W40']",0.04403283143501679,0.09143447386942247,98.0,0.06773365265221963,0.023700821217202843,0.1188329861830247,1.9844674545084815,7.521876265192314,7.646289323466227,98.0,7.58408279432927,0.06220652913695617,0.31189584317273955,1.9844674545084815,completed,True,COMPLETE
48,8.11972625624391,2026-06-12 22:47:30.960874,2026-06-12 22:47:33.060577,0 days 00:00:02.099703,13.0,5.0,2.0,,,,,,,,,,,,DecisionTreeRegressor,,,,,,13,,,,,,,,True,,,,,,,,,-0.29137405070325506,-0.24439821930781613,98.0,-0.2678861350055356,0.023487915697719478,0.11776550424123053,1.9844674545084815,7.976570083690148,8.262882428797672,98.0,8.11972625624391,0.14315617255376192,0.7177673431310579,1.9844674545084815,160237858068688.16,381404073178811.9,98.0,270820965623750.03,110583107555061.88,554450023977586.3,1.9844674545084815,22.19677488169913,23.0094620912045,98.0,22.603118486451816,0.4063436047526838,2.03735657623913,1.9844674545084815,7.0150813736759465,7.482585773991201,98.0,7.248833573833574,0.23375220015762732,1.1720046203049344,1.9844674545084815,99.0,1.0,-0.7714894725105598,-0.6720161246901325,98.0,-0.7217527986003461,0.04973667391021361,0.24937353138093313,1.9844674545084815,DecisionTreeRegressor,"{'mode': 'original', 'type': 'DecisionTreeRegressor'}",13,"['nodes_T6W40', 'edges_T6W40', 're_T6W40', 'pe_T6W40', 'l1_T6W40', 'l2_T6W40', 'l3_T6W40', 'lcc_T6W40', 'lsc_T6W40', 'atd_T6W40', 'density_T6W40', 'diameter_T6W40', 'asp_T6W40']",-0.06493803783782631,-0.014294333054417446,98.0,-0.03961618544612188,0.025321852391704435,0.12696063599719998,1.9844674545084815,9.755132461234153,10.028956901015148,98.0,9.89204468112465,0.13691221989049765,0.6864609367512408,1.9844674545084815,completed,True,COMPLETE
49,6.43236284412755,2026-06-12 22:47:33.075117,2026-06-12 22:47:35.401079,0 days 00:00:02.325962,,,,,,,,,,,,,,4.244656636175243,QuantileRegressor,,,,,,7,,,,,,,,False,,,,,,,,,-0.004618760704527799,-0.0023266854860824436,98.0,-0.0034727230953051215,0.001146037609222678,0.005746090826723593,1.9844674545084815,6.387146941252938,6.477578747002163,98.0,6.43236284412755,0.04521590287461224,0.22670694455311866,1.9844674545084815,159975467009718.8,352020212552703.8,98.0,255997839781211.3,96022372771492.52,481444300695108.6,1.9844674545084815,17.65307108337025,18.14490871460955,98.0,17.8989898989899,0.24591881561964796,1.2330065254221743,1.9844674545084815,5.956835168213341,6.06336685198868,98.0,6.01010101010101,0.05326584188766987,0.26706834312012434,1.9844674545084815,99.0,1.0,-0.03940786471611372,-0.03383770038410198,98.0,-0.03662278255010785,0.0027850821660058717,0.013964057511701019,1.9844674545084815,QuantileRegressor,"{'mode': 'original', 'type': 'QuantileRegressor'}",7,"['l3_T6W40', 'lcc_T6W40', 'lsc_T6W40', 'atd_T6W40', 'density_T6W40', 'diameter_T6W40', 'asp_T6W40']",,,,,,,,7.641821067877172,7.76254996760978,98.0,7.702185517743476,0.06036444986630419,0.3026598855444638,1.9844674545084815,completed,False,COMPLETE
50,6.5246962936740625,2026-06-12 22:47:35.413204,2026-06-12 22:47:37.402964,0 days 00:00:01.989760,,,,0.004742269251269964,0.8028534485980114,,,,,,,,,,ElasticNet,,,,,,2,,,,,,,,True,,,,,,,,,-0.021005258594968018,-0.014921765535906677,98.0,-0.017963512065437347,0.0030417465295306707,0.01525094088527287,1.9844674545084815,6.478477337746671,6.570915249601454,98.0,6.5246962936740625,0.04621895592739068,0.23173612849865827,1.9844674545084815,175915651360739.97,387102756540492.0,98.0,281509203950616.0,105593552589876.03,529433012507662.75,1.9844674545084815,16.687606432662843,17.278230662224185,98.0,16.982918547443514,0.29531211478067254,1.4806584182804574,1.9844674545084815,6.1713532744782755,6.318596956575289,98.0,6.244975115526782,0.07362184104850614,0.3691308052117566,1.9844674545084815,99.0,0.8484848484848485,-0.027705136458529445,-0.017335565586975684,98.0,-0.022520351022752565,0.0051847854357768815,0.025995872902683174,1.9844674545084815,ElasticNet,"{'mode': 'original', 'type': 'ElasticNet'}",2,"['pe_T6W40', 'l2_T6W40']",-0.08760707497933239,-0.033611975455933696,98.0,-0.06060952521763304,0.026997549761699345,0.13536237535427348,1.9844674545084815,7.588553163927363,7.709078385157497,98.0,7.64881577454243,0.06026261061506676,0.3021492761345923,1.9844674545084815,completed,True,COMPLETE
