number,value,datetime_start,datetime_complete,duration,params_dt_max_depth,params_dt_min_samples_leaf,params_dt_min_samples_split,params_elastic_alpha,params_elastic_l1_ratio,params_et_max_depth,params_et_max_features,params_et_min_samples_leaf,params_et_min_samples_split,params_et_n_estimators,params_knn_metric,params_knn_n_neighbors,params_knn_weights,params_quantile_alpha,params_regressor,params_rf_max_depth,params_rf_max_features,params_rf_min_samples_leaf,params_rf_min_samples_split,params_rf_n_estimators,params_rfe_n_features,params_rfe_proxy_et_max_depth,params_rfe_proxy_et_min_samples_leaf,params_rfe_proxy_et_min_samples_split,params_rfe_proxy_et_n_estimators,params_rfe_proxy_lsvr_C,params_rfe_proxy_lsvr_epsilon,params_rfe_proxy_type,params_use_scaler,params_xgb_booster,params_xgb_colsample_bytree,params_xgb_learning_rate,params_xgb_max_depth,params_xgb_n_estimators,params_xgb_reg_alpha,params_xgb_reg_lambda,params_xgb_subsample,user_attrs_d2mae_ci_lower_val,user_attrs_d2mae_ci_upper_val,user_attrs_d2mae_df_val,user_attrs_d2mae_mean_val,user_attrs_d2mae_samperror_val,user_attrs_d2mae_std_val,user_attrs_d2mae_t_critical_val,user_attrs_mae_ci_lower_val,user_attrs_mae_ci_upper_val,user_attrs_mae_df_val,user_attrs_mae_mean_val,user_attrs_mae_samperror_val,user_attrs_mae_std_val,user_attrs_mae_t_critical_val,user_attrs_mape_ci_lower_val,user_attrs_mape_ci_upper_val,user_attrs_mape_df_val,user_attrs_mape_mean_val,user_attrs_mape_samperror_val,user_attrs_mape_std_val,user_attrs_mape_t_critical_val,user_attrs_max_error_ci_lower_val,user_attrs_max_error_ci_upper_val,user_attrs_max_error_df_val,user_attrs_max_error_mean_val,user_attrs_max_error_samperror_val,user_attrs_max_error_std_val,user_attrs_max_error_t_critical_val,user_attrs_median_ae_ci_lower_val,user_attrs_median_ae_ci_upper_val,user_attrs_median_ae_df_val,user_attrs_median_ae_mean_val,user_attrs_median_ae_samperror_val,user_attrs_median_ae_std_val,user_attrs_median_ae_t_critical_val,user_attrs_n_splits_val,user_attrs_r2_below_zero_val,user_attrs_r2_ci_lower_val,user_attrs_r2_ci_upper_val,user_attrs_r2_df_val,user_attrs_r2_mean_val,user_attrs_r2_samperror_val,user_attrs_r2_std_val,user_attrs_r2_t_critical_val,user_attrs_regressor_final,user_attrs_rfe_estimator,user_attrs_rfe_n_features,user_attrs_rfe_selected_features,user_attrs_rho_ci_lower_val,user_attrs_rho_ci_upper_val,user_attrs_rho_df_val,user_attrs_rho_mean_val,user_attrs_rho_samperror_val,user_attrs_rho_std_val,user_attrs_rho_t_critical_val,user_attrs_rmse_ci_lower_val,user_attrs_rmse_ci_upper_val,user_attrs_rmse_df_val,user_attrs_rmse_mean_val,user_attrs_rmse_samperror_val,user_attrs_rmse_std_val,user_attrs_rmse_t_critical_val,user_attrs_termination_reason,user_attrs_use_scaler_final,state
206,8.426347650171179,2026-06-12 23:02:34.570328,2026-06-12 23:02:34.674316,0 days 00:00:00.103988,10.0,5.0,5.0,,,,,,,,,,,,DecisionTreeRegressor,,,,,,12,,,,,,,,False,,,,,,,,,,,,,,,,,,,,,,,,,,,,,,,,,,,,,,,,,,,,,,,,,,,,,DecisionTreeRegressor,"{'mode': 'original', 'type': 'DecisionTreeRegressor'}",12,"['edges_T6W40', 're_T6W40', 'pe_T6W40', 'l1_T6W40', 'l2_T6W40', 'l3_T6W40', 'lcc_T6W40', 'lsc_T6W40', 'atd_T6W40', 'density_T6W40', 'diameter_T6W40', 'asp_T6W40']",,,,,,,,,,,,,,,pruned,False,PRUNED
207,6.47417878115458,2026-06-12 23:02:34.683886,2026-06-12 23:02:59.485940,0 days 00:00:24.802054,,,,,,3.0,log2,1.0,9.0,486.0,,,,,ExtraTreesRegressor,,,,,,13,,,,,,,,False,,,,,,,,,-0.01339307060438405,-0.006693826046440835,98.0,-0.010043448325412442,0.003349622278971607,0.01679459181382584,1.9844674545084815,6.426017027851858,6.522340534457303,98.0,6.47417878115458,0.04816175330272294,0.24147707424663528,1.9844674545084815,171048819766072.72,376497402251809.5,98.0,273773111008941.1,102724291242868.38,515046890993992.75,1.9844674545084815,16.3815824618294,16.904587461938878,98.0,16.64308496188414,0.26150250005474057,1.3111411917354172,1.9844674545084815,6.25742339741167,6.422884727181233,98.0,6.340154062296452,0.08273066488478165,0.4148013213158176,1.9844674545084815,99.0,0.7272727272727273,-0.02332272630923774,-0.012376010221529218,98.0,-0.01784936826538348,0.005473358043854262,0.02744274026791896,1.9844674545084815,ExtraTreesRegressor,"{'mode': 'original', 'type': 'ExtraTreesRegressor'}",13,"['nodes_T6W40', 'edges_T6W40', 're_T6W40', 'pe_T6W40', 'l1_T6W40', 'l2_T6W40', 'l3_T6W40', 'lcc_T6W40', 'lsc_T6W40', 'atd_T6W40', 'density_T6W40', 'diameter_T6W40', 'asp_T6W40']",-0.02813687810004803,0.017773770193005793,98.0,-0.005181553953521119,0.02295532414652691,0.11509515607632709,1.9844674545084815,7.571610897147039,7.69041879531162,98.0,7.63101484622933,0.05940394908229057,0.2978440534114984,1.9844674545084815,completed,False,COMPLETE
208,6.633426385850505,2026-06-12 23:02:59.498661,2026-06-12 23:03:01.307970,0 days 00:00:01.809309,,,,,,,,,,,,,,,LinearRegression,,,,,,10,,,,,,,,True,,,,,,,,,-0.04263710151716382,-0.02744898669928369,98.0,-0.03504304410822376,0.007594057408940067,0.03807566458898317,1.9844674545084815,6.572225195020489,6.694627576680522,98.0,6.633426385850505,0.06120119083001673,0.3068552012454849,1.9844674545084815,159167257254685.25,350936757685674.4,98.0,255052007470179.8,95884750215494.55,480754278220971.44,1.9844674545084815,17.367668340734998,18.20216659734911,98.0,17.784917469042053,0.4172491283070555,2.0920355225076532,1.9844674545084815,6.201596426657346,6.395290751960996,98.0,6.298443589309171,0.0968471626518248,0.4855796951422126,1.9844674545084815,99.0,0.9292929292929293,-0.10664104122974086,-0.07482859469755013,98.0,-0.09073481796364549,0.015906223266095358,0.07975183611916609,1.9844674545084815,LinearRegression,"{'mode': 'original', 'type': 'LinearRegression'}",10,"['nodes_T6W40', 'edges_T6W40', 'pe_T6W40', 'l2_T6W40', 'lcc_T6W40', 'lsc_T6W40', 'atd_T6W40', 'density_T6W40', 'diameter_T6W40', 'asp_T6W40']",-0.07231666210167953,-0.02470282300526758,98.0,-0.04850974255347355,0.023806919548205973,0.11936495009206367,1.9844674545084815,7.816619163810435,7.97224055442342,98.0,7.8944298591169275,0.07781069530649247,0.3901332023692311,1.9844674545084815,completed,True,COMPLETE
209,7.321568627450981,2026-06-12 23:03:01.320568,2026-06-12 23:03:01.663271,0 days 00:00:00.342703,,,,,,,,,,,minkowski,2.0,uniform,,KNeighborsRegressor,,,,,,4,8.0,1.0,10.0,60.0,,,ExtraTrees,,,,,,,,,,,,,,,,,,,,,,,,,,,,,,,,,,,,,,,,,,,,,,,,,,,,,,KNeighborsRegressor,"{'mode': 'proxy', 'type': 'ExtraTrees'}",4,"['edges_T6W40', 'atd_T6W40', 'density_T6W40', 'asp_T6W40']",,,,,,,,,,,,,,,pruned,True,PRUNED
210,6.4099477092709325,2026-06-12 23:03:01.673052,2026-06-12 23:03:04.080035,0 days 00:00:02.406983,,,,,,,,,,,,,,0.023421035943396177,QuantileRegressor,,,,,,10,,,,,,,,True,,,,,,,,,-0.00527882743638783,0.005320436888578438,98.0,2.080472609530338e-05,0.005299632162483134,0.02657170018574558,1.9844674545084815,6.3541315741491635,6.4657638443927015,98.0,6.4099477092709325,0.055816135121768785,0.2798551979667559,1.9844674545084815,156926673986993.16,345422978346067.75,98.0,251174826166530.44,94248152179537.28,472548578088820.94,1.9844674545084815,17.245657412288253,17.821474829779405,98.0,17.53356612103383,0.2879087087455749,1.4435386560994947,1.9844674545084815,5.89262261149723,6.08896484205222,98.0,5.990793726774725,0.09817111527749503,0.492217829856256,1.9844674545084815,99.0,0.6868686868686869,-0.04449718561024837,-0.023871638585387288,98.0,-0.03418441209781783,0.010312773512430538,0.05170697087161749,1.9844674545084815,QuantileRegressor,"{'mode': 'original', 'type': 'QuantileRegressor'}",10,"['pe_T6W40', 'l1_T6W40', 'l2_T6W40', 'l3_T6W40', 'lcc_T6W40', 'lsc_T6W40', 'atd_T6W40', 'density_T6W40', 'diameter_T6W40', 'asp_T6W40']",0.02858879250630112,0.07822759139034652,98.0,0.053408191948323816,0.024819399442022695,0.12444139905262473,1.9844674545084815,7.6231838352958885,7.757271138022604,98.0,7.690227486659246,0.06704365136335827,0.3361485757438129,1.9844674545084815,completed,True,COMPLETE
211,7.976255835667599,2026-06-12 23:03:04.092502,2026-06-12 23:03:04.230552,0 days 00:00:00.138050,15.0,5.0,9.0,,,,,,,,,,,,DecisionTreeRegressor,,,,,,9,,,,,,,,True,,,,,,,,,,,,,,,,,,,,,,,,,,,,,,,,,,,,,,,,,,,,,,,,,,,,,DecisionTreeRegressor,"{'mode': 'original', 'type': 'DecisionTreeRegressor'}",9,"['edges_T6W40', 're_T6W40', 'pe_T6W40', 'l1_T6W40', 'l2_T6W40', 'l3_T6W40', 'lsc_T6W40', 'density_T6W40', 'diameter_T6W40']",,,,,,,,,,,,,,,pruned,True,PRUNED
212,6.502407844398734,2026-06-12 23:03:04.272843,2026-06-12 23:03:13.527691,0 days 00:00:09.254848,,,,,,13.0,sqrt,4.0,4.0,148.0,,,,,ExtraTreesRegressor,,,,,,4,,,,,,,,False,,,,,,,,,-0.019761339364113846,-0.009272094080572052,98.0,-0.014516716722342948,0.005244622641770896,0.026295889252663334,1.9844674545084815,6.4496520730528895,6.555163615744578,98.0,6.502407844398734,0.05275577134584453,0.26451091251071135,1.9844674545084815,177061227566175.56,389949659025129.06,98.0,283505443295652.3,106444215729476.73,533698132276643.8,1.9844674545084815,16.8110801639633,17.40168308685759,98.0,17.106381625410446,0.29530146144714725,1.4806050037838028,1.9844674545084815,6.202420886550207,6.391360601416655,98.0,6.296890743983431,0.09446985743322373,0.47366018080952765,1.9844674545084815,99.0,0.7777777777777778,-0.05009421077604772,-0.03052011321642572,98.0,-0.04030716199623672,0.009787048779810998,0.04907105208572721,1.9844674545084815,ExtraTreesRegressor,"{'mode': 'original', 'type': 'ExtraTreesRegressor'}",4,"['nodes_T6W40', 'lcc_T6W40', 'atd_T6W40', 'density_T6W40']",-0.006620319634241336,0.04131664926703997,98.0,0.017348164816399315,0.02396848445064065,0.12017501652996188,1.9844674545084815,7.647354206792459,7.778687192873578,98.0,7.713020699833018,0.06566649304055966,0.32924367424503365,1.9844674545084815,completed,False,COMPLETE
213,6.56964164536692,2026-06-12 23:03:13.540629,2026-06-12 23:03:27.863362,0 days 00:00:14.322733,,,,,,,,,,,,,,,XGBRegressor,,,,,,12,,,,,,,,False,gbtree,0.944059094467018,0.006312158622574144,8.0,67.0,8.46477785593672e-06,1.284245525384529,0.9489595934788329,-0.02950779609936271,-0.020662907631500124,98.0,-0.025085351865431416,0.004422444233931293,0.02217358840564165,1.9844674545084815,6.52265172718373,6.61663156355011,98.0,6.56964164536692,0.046989918183189594,0.2356016378939398,1.9844674545084815,174534490008029.12,384661988648876.3,98.0,279598239328452.72,105063749320423.6,526776644442539.9,1.9844674545084815,16.607926219955825,17.0853064608562,98.0,16.846616340406012,0.23869012045018548,1.1967627419126587,1.9844674545084815,6.270099286206075,6.410049522436997,98.0,6.340074404321536,0.06997511811546117,0.35084658746484954,1.9844674545084815,99.0,0.9191919191919192,-0.04997700679935727,-0.03639730835996383,98.0,-0.04318715757966055,0.006789849219696717,0.03404346419538394,1.9844674545084815,XGBRegressor,"{'mode': 'original', 'type': 'XGBRegressor'}",12,"['edges_T6W40', 're_T6W40', 'pe_T6W40', 'l1_T6W40', 'l2_T6W40', 'l3_T6W40', 'lcc_T6W40', 'lsc_T6W40', 'atd_T6W40', 'density_T6W40', 'diameter_T6W40', 'asp_T6W40']",-0.09247564058010455,-0.04376966351729789,98.0,-0.06812265204870122,0.024352988531403323,0.1221028724341034,1.9844674545084815,7.665830872640634,7.783105518631891,98.0,7.724468195636263,0.058637322995628946,0.29400028503195874,1.9844674545084815,completed,False,COMPLETE
214,6.452646695391536,2026-06-12 23:03:27.875912,2026-06-12 23:03:36.857265,0 days 00:00:08.981353,,,,,,2.0,,1.0,6.0,158.0,,,,,ExtraTreesRegressor,,,,,,8,,,,,,,,False,,,,,,,,,-0.0105296219229085,-0.0028210797507679758,98.0,-0.0066753508368382385,0.0038542710860702627,0.019324838515898217,1.9844674545084815,6.402844133420763,6.502449257362309,98.0,6.452646695391536,0.04980256197077234,0.24970388596731005,1.9844674545084815,168834237750812.25,371700411298169.06,98.0,270267324524490.66,101433086773678.39,508572951486135.4,1.9844674545084815,16.43274713765394,16.964954383442354,98.0,16.698850760548147,0.2661036228942049,1.3342106525696102,1.9844674545084815,6.234897784771492,6.398883929012516,98.0,6.316890856892004,0.08199307212051192,0.4111031224238086,1.9844674545084815,99.0,0.6161616161616161,-0.023763253662134567,-0.009817589645345265,98.0,-0.016790421653739916,0.006972832008394652,0.03496091726596743,1.9844674545084815,ExtraTreesRegressor,"{'mode': 'original', 'type': 'ExtraTreesRegressor'}",8,"['nodes_T6W40', 're_T6W40', 'l3_T6W40', 'lcc_T6W40', 'atd_T6W40', 'density_T6W40', 'diameter_T6W40', 'asp_T6W40']",0.014714466348763583,0.06081610049229175,98.0,0.037765283420527665,0.023050817071764082,0.11557394579256902,1.9844674545084815,7.565428617499507,7.687662586599152,98.0,7.62654560204933,0.06111698454982217,0.3064330013715151,1.9844674545084815,completed,False,COMPLETE
215,6.488854340909053,2026-06-12 23:03:36.869764,2026-06-12 23:03:54.068999,0 days 00:00:17.199235,,,,,,13.0,log2,3.0,11.0,304.0,,,,,ExtraTreesRegressor,,,,,,7,,,,,,,,True,,,,,,,,,-0.01804635024648781,-0.006816717327900422,98.0,-0.012431533787194115,0.005614816459293693,0.028151995266863277,1.9844674545084815,6.435563198045043,6.542145483773063,98.0,6.488854340909053,0.05329114286401036,0.2671951990861828,1.9844674545084815,168224870719800.62,370601998568600.0,98.0,269413434644200.3,101188563924399.69,507346944163288.7,1.9844674545084815,16.725421580960443,17.24996505544506,98.0,16.98769331820275,0.26227173724230946,1.314998051851956,1.9844674545084815,6.268478387739007,6.465242561110825,98.0,6.366860474424916,0.09838208668590931,0.4932756144043674,1.9844674545084815,99.0,0.696969696969697,-0.04615716105796552,-0.025235870971478475,98.0,-0.035696516014722,0.010460645043243526,0.05244838043784839,1.9844674545084815,ExtraTreesRegressor,"{'mode': 'original', 'type': 'ExtraTreesRegressor'}",7,"['nodes_T6W40', 're_T6W40', 'lcc_T6W40', 'atd_T6W40', 'density_T6W40', 'diameter_T6W40', 'asp_T6W40']",-0.00942709126141323,0.03930708714875684,98.0,0.014939997943671804,0.024367089205085034,0.12217357146792311,1.9844674545084815,7.62976736716344,7.760821209507785,98.0,7.695294288335613,0.06552692117217208,0.32854387815967256,1.9844674545084815,completed,True,COMPLETE
216,6.5741176470588245,2026-06-12 23:03:54.138233,2026-06-12 23:03:54.279685,0 days 00:00:00.141452,,,,,,,,,,,manhattan,5.0,uniform,,KNeighborsRegressor,,,,,,13,9.0,2.0,9.0,50.0,,,ExtraTrees,,,,,,,,,,,,,,,,,,,,,,,,,,,,,,,,,,,,,,,,,,,,,,,,,,,,,,KNeighborsRegressor,"{'mode': 'proxy', 'type': 'ExtraTrees'}",13,"['nodes_T6W40', 'edges_T6W40', 're_T6W40', 'pe_T6W40', 'l1_T6W40', 'l2_T6W40', 'l3_T6W40', 'lcc_T6W40', 'lsc_T6W40', 'atd_T6W40', 'density_T6W40', 'diameter_T6W40', 'asp_T6W40']",,,,,,,,,,,,,,,pruned,True,PRUNED
217,6.699980799434422,2026-06-12 23:03:54.305898,2026-06-12 23:04:32.019855,0 days 00:00:37.713957,,,,,,,,,,,,,,,RandomForestRegressor,10.0,,5.0,9.0,368.0,9,,,,,,,,True,,,,,,,,,-0.054213465928747206,-0.036964890244325796,98.0,-0.0455891780865365,0.008624287842210704,0.04324111255891768,1.9844674545084815,6.637225625662499,6.762735973206345,98.0,6.699980799434422,0.06275517377192329,0.31464667951418734,1.9844674545084815,173428052228121.56,383017687441252.7,98.0,278222869834687.12,104794817606565.58,525428254091665.8,1.9844674545084815,17.42485266212694,17.996419388528462,98.0,17.7106360253277,0.2857833632007597,1.4328824364079231,1.9844674545084815,6.2151358046974,6.436098537089759,98.0,6.3256171708935796,0.11048136619617914,0.5539399053878735,1.9844674545084815,99.0,0.9494949494949495,-0.13415719488457417,-0.10182554217010245,98.0,-0.11799136852733831,0.016165826357235864,0.08105345390953103,1.9844674545084815,RandomForestRegressor,"{'mode': 'original', 'type': 'RandomForestRegressor'}",9,"['re_T6W40', 'l1_T6W40', 'l2_T6W40', 'l3_T6W40', 'lsc_T6W40', 'atd_T6W40', 'density_T6W40', 'diameter_T6W40', 'asp_T6W40']",-0.06881820181399093,-0.020723962499076896,98.0,-0.044771082156533915,0.024047119657457018,0.12056928373106317,1.9844674545084815,7.91803411523888,8.063618008869454,98.0,7.990826062054167,0.07279194681528713,0.36496981817060264,1.9844674545084815,completed,True,COMPLETE
218,6.696957793405694,2026-06-12 23:04:32.086752,2026-06-12 23:05:15.438863,0 days 00:00:43.352111,,,,,,,,,,,,,,,RandomForestRegressor,13.0,,2.0,8.0,465.0,3,,,,,,,,True,,,,,,,,,-0.054888595597295364,-0.03525689895677951,98.0,-0.04507274727703744,0.009815848320257923,0.04921544941950072,1.9844674545084815,6.626338141668509,6.767577445142879,98.0,6.696957793405694,0.070619651737185,0.354078199326012,1.9844674545084815,176722084984459.0,390043316445470.75,98.0,283382700714964.9,106660615730505.88,534783135116698.9,1.9844674545084815,17.69332500487384,18.388806541179342,98.0,18.04106577302659,0.3477407681527515,1.7435292017297972,1.9844674545084815,5.988775382132424,6.2173896636907955,98.0,6.10308252291161,0.11430714077918616,0.5731218659619592,1.9844674545084815,99.0,0.9595959595959596,-0.15296986753072384,-0.11519772810544522,98.0,-0.13408379781808452,0.0188860697126393,0.09469241764436113,1.9844674545084815,RandomForestRegressor,"{'mode': 'original', 'type': 'RandomForestRegressor'}",3,"['l2_T6W40', 'l3_T6W40', 'atd_T6W40']",-0.005717688978632601,0.04145170052220444,98.0,0.017867005771785918,0.02358469475041852,0.11825074244149356,1.9844674545084815,7.96647746613069,8.126779184812243,98.0,8.046628325471467,0.08015085934077677,0.4018664953975028,1.9844674545084815,completed,True,COMPLETE
219,8.169978731666493,2026-06-12 23:05:15.451730,2026-06-12 23:05:15.659923,0 days 00:00:00.208193,17.0,1.0,20.0,,,,,,,,,,,,DecisionTreeRegressor,,,,,,12,,,,,,,,True,,,,,,,,,,,,,,,,,,,,,,,,,,,,,,,,,,,,,,,,,,,,,,,,,,,,,DecisionTreeRegressor,"{'mode': 'original', 'type': 'DecisionTreeRegressor'}",12,"['nodes_T6W40', 'edges_T6W40', 're_T6W40', 'pe_T6W40', 'l1_T6W40', 'l2_T6W40', 'l3_T6W40', 'lsc_T6W40', 'atd_T6W40', 'density_T6W40', 'diameter_T6W40', 'asp_T6W40']",,,,,,,,,,,,,,,pruned,True,PRUNED
220,6.552268432659497,2026-06-12 23:05:15.669379,2026-06-12 23:05:24.167743,0 days 00:00:08.498364,,,,,,,,,,,,,,,XGBRegressor,,,,,,4,,,,,,,,False,gbtree,0.6053965507750143,0.009019282545016091,2.0,473.0,1.1595567099204797e-06,0.00016671124676531315,0.535517444522001,-0.030463325670287825,-0.014264134054037604,98.0,-0.022363729862162715,0.008099595808125111,0.04061037159574885,1.9844674545084815,6.4877368091600305,6.616800056158964,98.0,6.552268432659497,0.06453162349946677,0.32355357873060725,1.9844674545084815,160553390737691.12,353993778414058.4,98.0,257273584575874.75,96720193838183.61,484943089214560.4,1.9844674545084815,16.735433922981468,17.25949069937121,98.0,16.99746231117634,0.26202838819486934,1.3137779298263483,1.9844674545084815,6.251272415230811,6.496819638885795,98.0,6.374046027058303,0.12277361182749218,0.615571704635569,1.9844674545084815,99.0,0.7575757575757576,-0.06816638803509616,-0.0372938150697094,98.0,-0.05273010155240278,0.01543628648269338,0.077395631210605,1.9844674545084815,XGBRegressor,"{'mode': 'original', 'type': 'XGBRegressor'}",4,"['atd_T6W40', 'density_T6W40', 'diameter_T6W40', 'asp_T6W40']",0.03950844731946222,0.08891441657205852,98.0,0.06421143194576037,0.024702984626298146,0.12385770956517128,1.9844674545084815,7.681247616971217,7.827899208565571,98.0,7.754573412768394,0.07332579579717685,0.36764647093749825,1.9844674545084815,completed,False,COMPLETE
221,6.523071424280164,2026-06-12 23:05:24.186670,2026-06-12 23:05:26.990344,0 days 00:00:02.803674,,,,0.00044503574138373846,0.25646306101676597,,,,,,,,,,ElasticNet,,,,,,6,,,,,,,,True,,,,,,,,,-0.022784087189883985,-0.012629420912667659,98.0,-0.017706754051275822,0.005077333138608163,0.025457120374753194,1.9844674545084815,6.4699225620116305,6.576220286548697,98.0,6.523071424280164,0.05314886226853284,0.26648182177821755,1.9844674545084815,165190953022308.5,364108174309260.56,98.0,264649563665784.53,99458610643476.05,498673172379378.44,1.9844674545084815,16.797917020800927,17.3585844980659,98.0,17.078250759433413,0.28033373863248695,1.405558692851131,1.9844674545084815,6.144461633301753,6.2879787808909215,98.0,6.216220207096337,0.0717585737945843,0.3597886136559693,1.9844674545084815,99.0,0.7474747474747475,-0.04892073711388313,-0.029219009802761407,98.0,-0.03906987345832227,0.00985086365556086,0.049391011979891146,1.9844674545084815,ElasticNet,"{'mode': 'original', 'type': 'ElasticNet'}",6,"['nodes_T6W40', 'pe_T6W40', 'l2_T6W40', 'lcc_T6W40', 'diameter_T6W40', 'asp_T6W40']",-0.02767507626685984,0.01765263380365193,98.0,-0.0050112212316039545,0.022663855035255885,0.11363376600232795,1.9844674545084815,7.641225277260768,7.776387120047062,98.0,7.708806198653915,0.06758092139314743,0.33884238122174914,1.9844674545084815,completed,True,COMPLETE
222,6.946648596310752,2026-06-12 23:05:27.002857,2026-06-12 23:05:27.313842,0 days 00:00:00.310985,7.0,5.0,12.0,,,,,,,,,,,,DecisionTreeRegressor,,,,,,3,,,,,,,,False,,,,,,,,,,,,,,,,,,,,,,,,,,,,,,,,,,,,,,,,,,,,,,,,,,,,,DecisionTreeRegressor,"{'mode': 'original', 'type': 'DecisionTreeRegressor'}",3,"['re_T6W40', 'density_T6W40', 'diameter_T6W40']",,,,,,,,,,,,,,,pruned,False,PRUNED
223,6.546161674477713,2026-06-12 23:05:27.323828,2026-06-12 23:05:28.007000,0 days 00:00:00.683172,,,,,,,,,,,,,,,RandomForestRegressor,9.0,,4.0,7.0,75.0,12,,,,,,,,False,,,,,,,,,,,,,,,,,,,,,,,,,,,,,,,,,,,,,,,,,,,,,,,,,,,,,RandomForestRegressor,"{'mode': 'original', 'type': 'RandomForestRegressor'}",12,"['edges_T6W40', 're_T6W40', 'pe_T6W40', 'l1_T6W40', 'l2_T6W40', 'l3_T6W40', 'lcc_T6W40', 'lsc_T6W40', 'atd_T6W40', 'density_T6W40', 'diameter_T6W40', 'asp_T6W40']",,,,,,,,,,,,,,,pruned,False,PRUNED
224,6.555637071008955,2026-06-12 23:05:28.019686,2026-06-12 23:05:30.019483,0 days 00:00:01.999797,,,,,,,,,,,,,,,RandomForestRegressor,17.0,,5.0,5.0,267.0,11,,,,,,,,True,,,,,,,,,,,,,,,,,,,,,,,,,,,,,,,,,,,,,,,,,,,,,,,,,,,,,RandomForestRegressor,"{'mode': 'original', 'type': 'RandomForestRegressor'}",11,"['edges_T6W40', 're_T6W40', 'pe_T6W40', 'l1_T6W40', 'l2_T6W40', 'l3_T6W40', 'lsc_T6W40', 'atd_T6W40', 'density_T6W40', 'diameter_T6W40', 'asp_T6W40']",,,,,,,,,,,,,,,pruned,True,PRUNED
