number,value,datetime_start,datetime_complete,duration,params_bag_n_estimators,params_dt_max_depth,params_dt_min_samples_split,params_elastic_alpha,params_elastic_l1_ratio,params_et_max_depth,params_et_min_samples_split,params_et_n_estimators,params_gpr_alpha,params_knn_metric,params_knn_n_neighbors,params_knn_weights,params_regressor,params_rf_max_depth,params_rf_min_samples_split,params_rf_n_estimators,params_rfe_n_features,params_rfe_proxy_et_max_depth,params_rfe_proxy_et_min_samples_split,params_rfe_proxy_et_n_estimators,params_rfe_proxy_svc_C,params_rfe_proxy_type,params_ridge_alpha,params_ridge_solver,params_stack_final_estimator,params_svr_C,params_svr_degree,params_svr_epsilon,params_svr_gamma,params_svr_kernel,params_use_scaler,user_attrs_d2mae_ci_lower_val,user_attrs_d2mae_ci_upper_val,user_attrs_d2mae_df_val,user_attrs_d2mae_mean_val,user_attrs_d2mae_samperror_val,user_attrs_d2mae_std_val,user_attrs_d2mae_t_critical_val,user_attrs_mae_ci_lower_val,user_attrs_mae_ci_upper_val,user_attrs_mae_df_val,user_attrs_mae_mean_val,user_attrs_mae_samperror_val,user_attrs_mae_std_val,user_attrs_mae_t_critical_val,user_attrs_mape_ci_lower_val,user_attrs_mape_ci_upper_val,user_attrs_mape_df_val,user_attrs_mape_mean_val,user_attrs_mape_samperror_val,user_attrs_mape_std_val,user_attrs_mape_t_critical_val,user_attrs_max_error_ci_lower_val,user_attrs_max_error_ci_upper_val,user_attrs_max_error_df_val,user_attrs_max_error_mean_val,user_attrs_max_error_samperror_val,user_attrs_max_error_std_val,user_attrs_max_error_t_critical_val,user_attrs_median_ae_ci_lower_val,user_attrs_median_ae_ci_upper_val,user_attrs_median_ae_df_val,user_attrs_median_ae_mean_val,user_attrs_median_ae_samperror_val,user_attrs_median_ae_std_val,user_attrs_median_ae_t_critical_val,user_attrs_n_splits_val,user_attrs_r2_below_zero_val,user_attrs_r2_ci_lower_val,user_attrs_r2_ci_upper_val,user_attrs_r2_df_val,user_attrs_r2_mean_val,user_attrs_r2_samperror_val,user_attrs_r2_std_val,user_attrs_r2_t_critical_val,user_attrs_regressor_final,user_attrs_rfe_clf,user_attrs_rfe_n_features,user_attrs_rfe_selected_features,user_attrs_rho_ci_lower_val,user_attrs_rho_ci_upper_val,user_attrs_rho_df_val,user_attrs_rho_mean_val,user_attrs_rho_samperror_val,user_attrs_rho_std_val,user_attrs_rho_t_critical_val,user_attrs_rmse_ci_lower_val,user_attrs_rmse_ci_upper_val,user_attrs_rmse_df_val,user_attrs_rmse_mean_val,user_attrs_rmse_samperror_val,user_attrs_rmse_std_val,user_attrs_rmse_t_critical_val,user_attrs_termination_reason,user_attrs_use_scaler_final,state
40,6.634104540758498,2026-06-20 22:07:04.362665,2026-06-20 22:07:19.888404,0 days 00:00:15.525739,,,,,,,,,,,,,RandomForestRegressor,8.0,8.0,28.0,2,,,,,,,,,,,,,,True,-0.04272466272557484,-0.031071563897807374,398.0,-0.03689811331169111,0.005826549413883731,0.059200736445368926,1.9659423239762661,6.590224207849554,6.677984873667443,398.0,6.634104540758498,0.043880332908944206,0.4458467334864505,1.9659423239762661,161252179761538.34,250098855791136.84,398.0,205675517776337.6,44423338014799.26,451363944424989.1,1.9659423239762661,17.604721187887442,17.981828630548392,398.0,17.793274909217917,0.1885537213304751,1.9158027108944624,1.9659423239762661,6.04818945641623,6.177078526669913,398.0,6.112633991543071,0.06444453512684123,0.654789596445801,1.9659423239762661,399.0,0.8145363408521303,-0.1153196727048901,-0.09315920868344221,398.0,-0.10423944069416616,0.011080232010723945,0.11258085161989122,1.9659423239762661,RandomForestRegressor,"{'mode': 'original', 'type': 'RandomForestRegressor'}",2,"['re_T6W40', 'l2_T6W40']",0.03634825531326569,0.062335885048136225,398.0,0.049342070180700956,0.01299381486743527,0.1320238368791601,1.9659423239762661,7.886210921838748,7.985145906993001,398.0,7.935678414415874,0.049467492577126654,0.5026151470874931,1.9659423239762661,completed,True,COMPLETE
41,6.358342679398911,2026-06-20 22:07:19.906413,2026-06-20 22:07:26.547259,0 days 00:00:06.640846,,,,,,,,,,,,,Ridge,,,,2,,,,,,0.6419164193897217,sparse_cg,,,,,,,True,0.003929877113551949,0.008554928967245523,398.0,0.006242403040398736,0.0023125259268467866,0.02349645187803963,1.9659423239762661,6.330912591561947,6.385772767235875,398.0,6.358342679398911,0.027430087836963993,0.2787037893886177,1.9659423239762661,162301976579098.44,250530863611303.75,398.0,206416420095201.1,44114443516102.64,448225417570108.56,1.9659423239762661,16.33172213137954,16.54523144786214,398.0,16.43847678962084,0.10675465824129886,1.084682191452651,1.9659423239762661,5.938376657204787,6.0141775191228914,398.0,5.976277088163839,0.03790043095905182,0.3850878564637711,1.9659423239762661,399.0,0.3508771929824561,0.0016429481704933607,0.009772257022620565,398.0,0.005707602596556963,0.004064654426063602,0.04129897788998574,1.9659423239762661,Ridge,"{'mode': 'original', 'type': 'Ridge'}",2,"['nodes_T6W40', 'lcc_T6W40']",0.08525731559396636,0.11063924317032052,398.0,0.09794827938214344,0.012690963788177074,0.1289467142716288,1.9659423239762661,7.504661928848951,7.574059917545715,398.0,7.539360923197333,0.034698994348382375,0.35255961520605794,1.9659423239762661,completed,True,COMPLETE
42,6.377701488261323,2026-06-20 22:07:26.565862,2026-06-20 22:07:32.947761,0 days 00:00:06.381899,,,,,,,,,,,,,Ridge,,,,3,,,,,,0.5686500177280718,sparse_cg,,,,,,,True,0.000754691438311189,0.005844745440551113,398.0,0.0032997184394311513,0.0025450270011199622,0.02585878228040667,1.9659423239762661,6.348226105480693,6.407176871041953,398.0,6.377701488261323,0.029475382780629854,0.2994850371412733,1.9659423239762661,160107074894389.03,247149828073493.4,398.0,203628451483941.22,43521376589552.18,442199552805361.56,1.9659423239762661,16.316844367290024,16.516605983528223,398.0,16.416725175409123,0.09988080811909895,1.0148403415784084,1.9659423239762661,5.992265406001307,6.077094729237125,398.0,6.034680067619216,0.04241466161790878,0.4309547599267008,1.9659423239762661,399.0,0.41604010025062654,-0.0032235595179849206,0.006070253247992934,398.0,0.0014233468650040066,0.004646906382988927,0.04721495700527491,1.9659423239762661,Ridge,"{'mode': 'original', 'type': 'Ridge'}",3,"['nodes_T6W40', 'lcc_T6W40', 'diameter_T6W40']",0.07867326676374559,0.1031048678116264,398.0,0.09088906728768599,0.012215800523940409,0.12411881130944562,1.9659423239762661,7.518954172768427,7.592071729176598,398.0,7.5555129509725125,0.036558778204085235,0.3714559749665133,1.9659423239762661,completed,True,COMPLETE
43,6.435651926937999,2026-06-20 22:07:32.966852,2026-06-20 22:07:39.326062,0 days 00:00:06.359210,,,,,,,,,,,,,LinearRegression,,,,2,,,,,,,,,,,,,,True,-0.00786598788823974,-0.003686049000084055,398.0,-0.005776018444161897,0.0020899694440778423,0.02123516363611424,1.9659423239762661,6.407732871136981,6.463570982739017,398.0,6.435651926937999,0.027919055801018226,0.28367195519550614,1.9659423239762661,163405385991790.25,252272873324987.62,398.0,207839129658388.94,44433743666598.68,451469671194979.56,1.9659423239762661,16.34805223898956,16.580171077476017,398.0,16.464111658232788,0.11605941924322997,1.179223345167041,1.9659423239762661,6.248901913559089,6.321453233355984,398.0,6.285177573457537,0.03627565989844738,0.36857934748009946,1.9659423239762661,399.0,0.49122807017543857,-0.012997229429950935,-0.005176125562179449,398.0,-0.009086677496065192,0.003910551933885743,0.039733217372576006,1.9659423239762661,LinearRegression,"{'mode': 'original', 'type': 'LinearRegression'}",2,"['diameter_T6W40', 'asp_T6W40']",0.05805602253205003,0.08192333390178805,398.0,0.06998967821691904,0.011933655684869012,0.12125207474363432,1.9659423239762661,7.560476157410341,7.630816416491089,398.0,7.595646286950715,0.0351701295403735,0.35734659088410564,1.9659423239762661,completed,True,COMPLETE
44,6.492829341678848,2026-06-20 22:07:39.343617,2026-06-20 22:08:05.724875,0 days 00:00:26.381258,,,,,,20.0,8.0,97.0,,,,,ExtraTreesRegressor,,,,3,,,,,,,,,,,,,,True,-0.019700779055124795,-0.00990961735872478,398.0,-0.014805198206924787,0.004895580848200007,0.04974161737145574,1.9659423239762661,6.45386981148589,6.5317888718718065,398.0,6.492829341678848,0.03895953019295829,0.3958488489761809,1.9659423239762661,150637122029704.97,233489810978834.22,398.0,192063466504269.6,41426344474564.63,420912949830979.44,1.9659423239762661,17.450235461361576,17.74149921835617,398.0,17.595867339858874,0.1456318784972995,1.4796947291683364,1.9659423239762661,5.901505682459897,6.027345761336123,398.0,5.96442572189801,0.06292003943811326,0.6392999367742583,1.9659423239762661,399.0,0.7619047619047619,-0.08106968582928656,-0.06300901480867924,398.0,-0.0720393503189829,0.00903033551030366,0.09175284968576274,1.9659423239762661,ExtraTreesRegressor,"{'mode': 'original', 'type': 'ExtraTreesRegressor'}",3,"['pe_T6W40', 'l2_T6W40', 'asp_T6W40']",0.08246936085814137,0.10596584573349101,398.0,0.09421760329581619,0.011748242437674814,0.1193681808639277,1.9659423239762661,7.777686561627641,7.86622580021718,398.0,7.8219561809224105,0.04426961929476938,0.44980208322983234,1.9659423239762661,completed,True,COMPLETE
45,6.349018636442109,2026-06-20 22:08:05.742402,2026-06-20 22:08:12.218283,0 days 00:00:06.475881,,,,,,,,,,,,,Ridge,,,,2,,,,,,0.6683043408655206,sparse_cg,,,,,,,False,0.005241595398470935,0.010158039054285561,398.0,0.007699817226378248,0.0024582218279073135,0.024976797109353053,1.9659423239762661,6.321110450614784,6.376926822269434,398.0,6.349018636442109,0.027908185827324697,0.28356151067644564,1.9659423239762661,161872428195141.53,249867843418760.6,398.0,205870135806951.06,43997707611809.54,447039320789173.2,1.9659423239762661,16.344781166386788,16.550898826502824,398.0,16.447839996444806,0.10305883005801929,1.047130677737802,1.9659423239762661,5.908375895851969,5.985259401096816,398.0,5.946817648474393,0.03844175262242408,0.39058796276152385,1.9659423239762661,399.0,0.3609022556390977,0.0015436255211923409,0.010096363833899296,398.0,0.005819994677545818,0.004276369156353477,0.043450108354893074,1.9659423239762661,Ridge,"{'mode': 'original', 'type': 'Ridge'}",2,"['nodes_T6W40', 'lcc_T6W40']",0.08496513388698064,0.11016951761355363,398.0,0.09756732575026714,0.012602191863286491,0.1280447458927676,1.9659423239762661,7.503762002672238,7.5736643356017765,398.0,7.538713169137007,0.034951166464769916,0.35512181350571653,1.9659423239762661,completed,False,COMPLETE
46,6.528600761589946,2026-06-20 22:08:12.236274,2026-06-20 22:08:19.052256,0 days 00:00:06.815982,,,,,,,,,,,,,Ridge,,,,10,,,,,,0.18191364427941528,lsqr,,,,,,,False,-0.023894312099324,-0.016765542764462134,398.0,-0.020329927431893068,0.003564384667430934,0.03621598004192323,1.9659423239762661,6.495227554253335,6.561973968926557,398.0,6.528600761589946,0.03337320733661148,0.3390889378134456,1.9659423239762661,158007449021399.8,244010436601689.75,398.0,201008942811544.78,43001493790144.96,436917276383428.25,1.9659423239762661,16.81778365669016,17.057181217850115,398.0,16.937482437270138,0.11969878057997627,1.216201126701476,1.9659423239762661,6.104110806421646,6.192158764206132,398.0,6.148134785313889,0.04402397889224271,0.447306250499801,1.9659423239762661,399.0,0.7919799498746867,-0.0596699916654671,-0.046184201678991545,398.0,-0.05292709667222932,0.006742894993237778,0.06851127846307717,1.9659423239762661,Ridge,"{'mode': 'original', 'type': 'Ridge'}",10,"['nodes_T6W40', 'edges_T6W40', 're_T6W40', 'pe_T6W40', 'l2_T6W40', 'l3_T6W40', 'lcc_T6W40', 'atd_T6W40', 'diameter_T6W40', 'asp_T6W40']",-0.026769400666373087,-0.001723164830236698,398.0,-0.014246282748304893,0.012523117918068195,0.12724131397139585,1.9659423239762661,7.715793840469914,7.796015276038716,398.0,7.755904558254315,0.04011071778440093,0.40754550652752364,1.9659423239762661,completed,False,COMPLETE
47,6.556188074692529,2026-06-20 22:08:19.069698,2026-06-20 22:08:32.683655,0 days 00:00:13.613957,,,,,,,,,,,,,SVR,,,,2,,,,0.08223464592226594,LinearSVC,,,,80.84854593353589,3.0,0.36068038463259655,auto,poly,,-0.027968653816016095,-0.021259836274752617,398.0,-0.024614245045384356,0.0033544087706317382,0.03408251701890848,1.9659423239762661,6.523142904387304,6.589233244997755,398.0,6.556188074692529,0.03304517030522579,0.3357559129886479,1.9659423239762661,153328704001277.62,236732999438795.75,398.0,195030851720036.7,41702147718759.07,423715252533746.6,1.9659423239762661,18.416637750647677,19.25288558202332,398.0,18.8347616663355,0.41812391568782326,4.248353867068814,1.9659423239762661,5.969752168373929,6.060543537728559,398.0,6.015147853051244,0.04539568467731517,0.4612434862278911,1.9659423239762661,399.0,0.8947368421052632,-0.10042294029301126,-0.07751203803119007,398.0,-0.08896748916210066,0.011455451130910592,0.11639327071488803,1.9659423239762661,SVR,"{'mode': 'proxy', 'type': 'LinearSVC', 'C': 0.08223464592226594, 'epsilon': 0.36068038463259655}",2,"['diameter_T6W40', 'asp_T6W40']",0.0022792487445361855,0.03142706592219605,398.0,0.01685315733336612,0.014573908588829934,0.1480784011357286,1.9659423239762661,7.8298785990640205,7.935397067867605,398.0,7.882637833465813,0.052759234401792546,0.5360609357293763,1.9659423239762661,completed,True,COMPLETE
48,6.412731448434458,2026-06-20 22:08:32.768710,2026-06-20 22:08:39.244620,0 days 00:00:06.475910,,,,0.5984493824698276,0.5,,,,,,,,ElasticNet,,,,3,,,,,,,,,,,,,,False,-0.003964422815810166,-0.000521451846585293,398.0,-0.00224293733119773,0.0017214854846124368,0.017491177235402187,1.9659423239762661,6.386686356197176,6.438776540671741,398.0,6.412731448434458,0.02604509223728239,0.2646315223141515,1.9659423239762661,166158613481283.4,256477343011249.9,398.0,211317978246266.66,45159364764983.26,458842354468256.94,1.9659423239762661,16.278999227928665,16.514164852427605,398.0,16.396582040178135,0.11758281224946952,1.194701801017807,1.9659423239762661,6.170136411096746,6.243359450012311,398.0,6.206747930554529,0.03661151945778216,0.3719918532090405,1.9659423239762661,399.0,0.39097744360902253,-0.0042135815944703316,0.0014859698518359904,398.0,-0.0013638058713171704,0.0028497757231531608,0.02895518591377512,1.9659423239762661,ElasticNet,"{'mode': 'original', 'type': 'ElasticNet'}",3,"['pe_T6W40', 'lcc_T6W40', 'diameter_T6W40']",0.0769551046728857,0.10170364668375477,394.0,0.08932937567832024,0.012374271005434534,0.12509327142292437,1.966003201348867,7.533740771769885,7.600264417143183,398.0,7.567002594456534,0.033261822686648915,0.3379572125266437,1.9659423239762661,completed,False,COMPLETE
49,6.557462283158877,2026-06-20 22:08:39.263636,2026-06-20 22:08:46.049410,0 days 00:00:06.785774,,,,,,,,,,minkowski,10.0,uniform,KNeighborsRegressor,,,,4,7.0,5.0,60.0,,ExtraTrees,,,,,,,,,,-0.029500218541892335,-0.020377652512758287,398.0,-0.02493893552732531,0.004561283014567023,0.046344979578252433,1.9659423239762661,6.52048657107062,6.594437995247134,398.0,6.557462283158877,0.03697571208825654,0.3756922375017892,1.9659423239762661,158901228332778.22,246110679775140.72,398.0,202505954053959.47,43604725721181.26,443046422817785.4,1.9659423239762661,17.307872973394442,17.599896450164454,398.0,17.45388471177945,0.14601173838500592,1.4835543008463334,1.9659423239762661,6.133091267786722,6.247861113165659,398.0,6.190476190476191,0.05738492268946827,0.5830603059817926,1.9659423239762661,399.0,0.8045112781954887,-0.08540871922436245,-0.06844949221207909,398.0,-0.07692910571822077,0.008479613506141686,0.08615723109453098,1.9659423239762661,KNeighborsRegressor,"{'mode': 'proxy', 'type': 'ExtraTrees', 'n_estimators': 60, 'max_depth': 7, 'min_samples_split': 5}",4,"['pe_T6W40', 'l2_T6W40', 'l3_T6W40', 'asp_T6W40']",0.04707368419854516,0.06986291181447765,398.0,0.058468298006511404,0.011394613807966249,0.11577513224804731,1.9659423239762661,7.798091065423087,7.883360476651845,398.0,7.840725771037466,0.042634705614378855,0.43319052001660413,1.9659423239762661,completed,True,COMPLETE
50,6.401670293531698,2026-06-20 22:08:46.067053,2026-06-20 22:09:52.871766,0 days 00:01:06.804713,,,,,,,,,,,,,RandomForestRegressor,2.0,2.0,196.0,2,,,,,,,,,,,,,,False,-0.003572738963189239,0.002693773298760107,398.0,-0.0004394828322145659,0.003133256130974673,0.03183549254446766,1.9659423239762661,6.3697494866153335,6.433591100448062,398.0,6.401670293531698,0.03192080691636446,0.32433180312111765,1.9659423239762661,147387894880747.03,227755625095956.72,398.0,187571759988351.88,40183865107604.836,408288720923399.2,1.9659423239762661,16.54305623446698,16.805994154670906,398.0,16.674525194568943,0.13146896010196302,1.3357921996159947,1.9659423239762661,6.195140756974711,6.29558829053509,398.0,6.2453645237549,0.05022376678018908,0.5102992816576464,1.9659423239762661,399.0,0.543859649122807,-0.015890494608729176,-0.005240805202451276,398.0,-0.010565649905590226,0.00532484470313895,0.054103158746391815,1.9659423239762661,RandomForestRegressor,"{'mode': 'original', 'type': 'RandomForestRegressor'}",2,"['l2_T6W40', 'diameter_T6W40']",0.07141729312966721,0.09561191576118655,398.0,0.08351460444542688,0.01209731131575967,0.12291490005994798,1.9659423239762661,7.56227591605825,7.637579648889251,398.0,7.599927782473751,0.03765186641550072,0.38256231295814697,1.9659423239762661,completed,False,COMPLETE
51,6.349119160756928,2026-06-20 22:09:52.891576,2026-06-20 22:09:59.168884,0 days 00:00:06.277308,,,,,,,,,,,,,Ridge,,,,2,,,,,,0.6767054605621786,sparse_cg,,,,,,,False,0.005227691913163406,0.010140540574635436,398.0,0.007684116243899421,0.0024564243307360154,0.024958533614316738,1.9659423239762661,6.321216884640298,6.377021436873558,398.0,6.349119160756928,0.027902276116629748,0.2835014649786461,1.9659423239762661,161877208590965.88,249875221946327.75,398.0,205876215268646.8,43999006677680.93,447052519966046.94,1.9659423239762661,16.34463380761957,16.55083096964412,398.0,16.447732388631845,0.10309858101227748,1.0475345678620123,1.9659423239762661,5.908636081636892,5.985497004083774,398.0,5.947066542860333,0.038430461223440904,0.39047323634494024,1.9659423239762661,399.0,0.3609022556390977,0.0015501577880399743,0.010097943311788232,398.0,0.005824050549914103,0.0042738927618741285,0.04342494691430573,1.9659423239762661,Ridge,"{'mode': 'original', 'type': 'Ridge'}",2,"['nodes_T6W40', 'lcc_T6W40']",0.08497776818538222,0.11018096058045362,398.0,0.09757936438291792,0.0126015961975357,0.12803869362261294,1.9659423239762661,7.5037520310499,7.573649376909805,398.0,7.538700703979853,0.03494867292995226,0.3550964779104832,1.9659423239762661,completed,False,COMPLETE
52,6.349353635591236,2026-06-20 22:09:59.186482,2026-06-20 22:10:05.477898,0 days 00:00:06.291416,,,,,,,,,,,,,Ridge,,,,2,,,,,,0.6964290390657335,sparse_cg,,,,,,,False,0.005195231236646258,0.010099759096498394,398.0,0.007647495166572326,0.0024522639299260677,0.024916261803960178,1.9659423239762661,6.321464993501549,6.377242277680923,398.0,6.349353635591236,0.027888642089687467,0.2833629362580665,1.9659423239762661,161888351141589.1,249892420469851.1,398.0,205890385805720.1,44002034664131.0,447083285864532.94,1.9659423239762661,16.344289880827283,16.55067270974832,398.0,16.4474812952878,0.10319141446051698,1.0484778034054107,1.9659423239762661,5.909234476466618,5.986053358592829,398.0,5.9476439175297235,0.038409441063105385,0.3902596607131783,1.9659423239762661,399.0,0.3634085213032581,0.0015648378439173669,0.010101099377294625,398.0,0.0058329686106059955,0.004268130766688629,0.043366402081996665,1.9659423239762661,Ridge,"{'mode': 'original', 'type': 'Ridge'}",2,"['nodes_T6W40', 'lcc_T6W40']",0.08501435129307813,0.1102434475763617,398.0,0.09762889943471992,0.012614548141641792,0.1281702920310385,1.9659423239762661,7.503730814827617,7.573616455396565,398.0,7.538673635112091,0.03494282028447423,0.35503701202461474,1.9659423239762661,completed,False,COMPLETE
53,6.372693781221163,2026-06-20 22:10:05.495610,2026-06-20 22:10:11.790687,0 days 00:00:06.295077,,,,,,,,,,,,,Ridge,,,,3,,,,,,0.7431231508300677,sparse_cg,,,,,,,False,0.0014567183546653445,0.006690701715164376,398.0,0.00407371003491486,0.002616991680249516,0.0265899804046983,1.9659423239762661,6.343094323383524,6.402293239058802,398.0,6.372693781221163,0.029599457837638864,0.3007457034855648,1.9659423239762661,161180278415865.12,248801166629089.56,398.0,204990722522477.34,43810444106612.21,445136627337263.9,1.9659423239762661,16.313765063033248,16.514201737141764,398.0,16.413983400087506,0.10021833705425667,1.018269809023642,1.9659423239762661,5.950254463749718,6.0364196250546245,398.0,5.993337044402171,0.04308258065245345,0.4377411605769216,1.9659423239762661,399.0,0.41102756892230574,-0.0032280473043619345,0.006073278612014708,398.0,0.0014226156538263868,0.004650662958188321,0.04725312573989279,1.9659423239762661,Ridge,"{'mode': 'original', 'type': 'Ridge'}",3,"['nodes_T6W40', 'lcc_T6W40', 'asp_T6W40']",0.07808517404484455,0.10268245070752069,398.0,0.09038381237618262,0.01229863833133807,0.12496048600489669,1.9659423239762661,7.51902797748538,7.591806756076436,398.0,7.555417366780908,0.03638938929552798,0.3697348966026412,1.9659423239762661,completed,False,COMPLETE
