number,value,datetime_start,datetime_complete,duration,params_bag_n_estimators,params_dt_max_depth,params_dt_min_samples_split,params_elastic_alpha,params_elastic_l1_ratio,params_et_max_depth,params_et_min_samples_split,params_et_n_estimators,params_gpr_alpha,params_knn_metric,params_knn_n_neighbors,params_knn_weights,params_regressor,params_rf_max_depth,params_rf_min_samples_split,params_rf_n_estimators,params_rfe_n_features,params_rfe_proxy_et_max_depth,params_rfe_proxy_et_min_samples_split,params_rfe_proxy_et_n_estimators,params_rfe_proxy_svc_C,params_rfe_proxy_type,params_ridge_alpha,params_ridge_solver,params_stack_final_estimator,params_svr_C,params_svr_degree,params_svr_epsilon,params_svr_gamma,params_svr_kernel,params_use_scaler,user_attrs_d2mae_ci_lower_val,user_attrs_d2mae_ci_upper_val,user_attrs_d2mae_df_val,user_attrs_d2mae_mean_val,user_attrs_d2mae_samperror_val,user_attrs_d2mae_std_val,user_attrs_d2mae_t_critical_val,user_attrs_mae_ci_lower_val,user_attrs_mae_ci_upper_val,user_attrs_mae_df_val,user_attrs_mae_mean_val,user_attrs_mae_samperror_val,user_attrs_mae_std_val,user_attrs_mae_t_critical_val,user_attrs_mape_ci_lower_val,user_attrs_mape_ci_upper_val,user_attrs_mape_df_val,user_attrs_mape_mean_val,user_attrs_mape_samperror_val,user_attrs_mape_std_val,user_attrs_mape_t_critical_val,user_attrs_max_error_ci_lower_val,user_attrs_max_error_ci_upper_val,user_attrs_max_error_df_val,user_attrs_max_error_mean_val,user_attrs_max_error_samperror_val,user_attrs_max_error_std_val,user_attrs_max_error_t_critical_val,user_attrs_median_ae_ci_lower_val,user_attrs_median_ae_ci_upper_val,user_attrs_median_ae_df_val,user_attrs_median_ae_mean_val,user_attrs_median_ae_samperror_val,user_attrs_median_ae_std_val,user_attrs_median_ae_t_critical_val,user_attrs_n_splits_val,user_attrs_r2_below_zero_val,user_attrs_r2_ci_lower_val,user_attrs_r2_ci_upper_val,user_attrs_r2_df_val,user_attrs_r2_mean_val,user_attrs_r2_samperror_val,user_attrs_r2_std_val,user_attrs_r2_t_critical_val,user_attrs_regressor_final,user_attrs_rfe_clf,user_attrs_rfe_n_features,user_attrs_rfe_selected_features,user_attrs_rho_ci_lower_val,user_attrs_rho_ci_upper_val,user_attrs_rho_df_val,user_attrs_rho_mean_val,user_attrs_rho_samperror_val,user_attrs_rho_std_val,user_attrs_rho_t_critical_val,user_attrs_rmse_ci_lower_val,user_attrs_rmse_ci_upper_val,user_attrs_rmse_df_val,user_attrs_rmse_mean_val,user_attrs_rmse_samperror_val,user_attrs_rmse_std_val,user_attrs_rmse_t_critical_val,user_attrs_termination_reason,user_attrs_use_scaler_final,state
216,0.006279131059096566,2026-06-20 22:47:40.700684,2026-06-20 22:47:40.950786,0 days 00:00:00.250102,,,,,,,,,,,,,Ridge,,,,2,,,,,,0.4138096625214889,lsqr,,,,,,,True,,,,,,,,,,,,,,,,,,,,,,,,,,,,,,,,,,,,,,,,,,,,,Ridge,"{'mode': 'original', 'type': 'Ridge'}",2,"['nodes_T6W40', 'lcc_T6W40']",,,,,,,,,,,,,,,pruned,True,PRUNED
217,0.00797208471275821,2026-06-20 22:47:40.960796,2026-06-20 22:47:41.241838,0 days 00:00:00.281042,,,,,,,,,,,,,Ridge,,,,2,,,,,,0.4356248632156565,lsqr,,,,,,,False,,,,,,,,,,,,,,,,,,,,,,,,,,,,,,,,,,,,,,,,,,,,,Ridge,"{'mode': 'original', 'type': 'Ridge'}",2,"['nodes_T6W40', 'lcc_T6W40']",,,,,,,,,,,,,,,pruned,False,PRUNED
218,6.4416016825058815,2026-06-20 22:47:41.252727,2026-06-20 22:47:47.864869,0 days 00:00:06.612142,,,,,,,,,,manhattan,15.0,distance,KNeighborsRegressor,,,,2,,,,2.7817365730320764,LinearSVC,,,,,,0.027933923196171603,,,,-0.011718510437491909,-0.0020179776212094925,398.0,-0.006868244029350701,0.004850266408141208,0.04928119937230548,1.9659423239762661,6.40373199692784,6.479471368083923,398.0,6.4416016825058815,0.03786968557804142,0.3847754675919335,1.9659423239762661,135103168651114.69,209179750499368.25,398.0,172141459575241.47,37038290924126.78,376328070634961.3,1.9659423239762661,17.892965645679396,18.430554466510564,398.0,18.16176005609498,0.26879441041558483,2.731089349570031,1.9659423239762661,5.885764281837239,5.9990780661921415,398.0,5.94242117401469,0.05665689217745137,0.5756631418277567,1.9659423239762661,399.0,0.6491228070175439,-0.05205249895253706,-0.03293039014088112,398.0,-0.04249144454670909,0.00956105440582797,0.09714522641316949,1.9659423239762661,KNeighborsRegressor,"{'mode': 'proxy', 'type': 'LinearSVC', 'C': 2.7817365730320764, 'epsilon': 0.027933923196171603}",2,"['pe_T6W40', 'lcc_T6W40']",0.12346416182853623,0.14755567773227127,398.0,0.13550991978040375,0.012045757951867525,0.12239109138832174,1.9659423239762661,7.666328755648231,7.7572398098524245,398.0,7.711784282750328,0.04545552710209639,0.461851516018093,1.9659423239762661,completed,True,COMPLETE
219,0.007897197234689476,2026-06-20 22:47:47.883625,2026-06-20 22:47:48.123368,0 days 00:00:00.239743,,,,,,,,,,,,,Ridge,,,,2,,,,,,0.45792894641838444,sparse_cg,,,,,,,False,,,,,,,,,,,,,,,,,,,,,,,,,,,,,,,,,,,,,,,,,,,,,Ridge,"{'mode': 'original', 'type': 'Ridge'}",2,"['nodes_T6W40', 'lcc_T6W40']",,,,,,,,,,,,,,,pruned,False,PRUNED
220,0.00730197530533944,2026-06-20 22:47:48.133367,2026-06-20 22:47:48.386246,0 days 00:00:00.252879,,,,,,,,,,,,,Ridge,,,,2,,,,,,0.6467606596474227,lsqr,,,,,,,False,,,,,,,,,,,,,,,,,,,,,,,,,,,,,,,,,,,,,,,,,,,,,Ridge,"{'mode': 'original', 'type': 'Ridge'}",2,"['nodes_T6W40', 'lcc_T6W40']",,,,,,,,,,,,,,,pruned,False,PRUNED
221,0.00724355815972153,2026-06-20 22:47:48.396281,2026-06-20 22:47:48.635075,0 days 00:00:00.238794,,,,,,,,,,,,,Ridge,,,,2,,,,,,0.6664759868537234,sparse_cg,,,,,,,False,,,,,,,,,,,,,,,,,,,,,,,,,,,,,,,,,,,,,,,,,,,,,Ridge,"{'mode': 'original', 'type': 'Ridge'}",2,"['nodes_T6W40', 'lcc_T6W40']",,,,,,,,,,,,,,,pruned,False,PRUNED
222,0.008480531882971184,2026-06-20 22:47:48.645234,2026-06-20 22:47:48.886874,0 days 00:00:00.241640,,,,,,,,,,,,,Ridge,,,,2,,,,,,0.2919212389606637,sparse_cg,,,,,,,False,,,,,,,,,,,,,,,,,,,,,,,,,,,,,,,,,,,,,,,,,,,,,Ridge,"{'mode': 'original', 'type': 'Ridge'}",2,"['nodes_T6W40', 'lcc_T6W40']",,,,,,,,,,,,,,,pruned,False,PRUNED
223,0.007394943869937798,2026-06-20 22:47:48.897162,2026-06-20 22:47:49.205201,0 days 00:00:00.308039,,,,,,,,,,,,,Ridge,,,,2,,,,,,0.6158409684487302,sparse_cg,,,,,,,False,,,,,,,,,,,,,,,,,,,,,,,,,,,,,,,,,,,,,,,,,,,,,Ridge,"{'mode': 'original', 'type': 'Ridge'}",2,"['nodes_T6W40', 'lcc_T6W40']",,,,,,,,,,,,,,,pruned,False,PRUNED
224,0.007459429727603916,2026-06-20 22:47:49.215137,2026-06-20 22:47:49.473974,0 days 00:00:00.258837,,,,,,,,,,,,,Ridge,,,,2,,,,,,0.5947168079680069,sparse_cg,,,,,,,False,,,,,,,,,,,,,,,,,,,,,,,,,,,,,,,,,,,,,,,,,,,,,Ridge,"{'mode': 'original', 'type': 'Ridge'}",2,"['nodes_T6W40', 'lcc_T6W40']",,,,,,,,,,,,,,,pruned,False,PRUNED
225,0.0071310422346903286,2026-06-20 22:47:49.483871,2026-06-20 22:47:49.799685,0 days 00:00:00.315814,,,,,,,,,,,,,Ridge,,,,2,,,,,,0.7050888254463497,lsqr,,,,,,,False,,,,,,,,,,,,,,,,,,,,,,,,,,,,,,,,,,,,,,,,,,,,,Ridge,"{'mode': 'original', 'type': 'Ridge'}",2,"['nodes_T6W40', 'lcc_T6W40']",,,,,,,,,,,,,,,pruned,False,PRUNED
226,7.237337254330415,2026-06-20 22:47:49.809367,2026-06-20 22:47:56.204688,0 days 00:00:06.395321,,10.0,15.0,,,,,,,,,,DecisionTreeRegressor,,,,2,,,,,,,,,,,,,,False,-0.1416409319821377,-0.12246465359754247,398.0,-0.13205279278984008,0.009588139192297614,0.09742042176320766,1.9659423239762661,7.177155520903011,7.297518987757818,398.0,7.237337254330415,0.06018173342740351,0.6114773404258063,1.9659423239762661,104356190573794.5,174246362674455.6,398.0,139301276624125.05,34945086050330.55,355060033370145.1,1.9659423239762661,20.74608522023032,21.247257819353322,398.0,20.99667151979182,0.25058629956149947,2.5460855857175826,1.9659423239762661,6.17364639878209,6.344415508677061,398.0,6.259030953729575,0.08538455494748609,0.8675509593905445,1.9659423239762661,399.0,0.9799498746867168,-0.4136018768395944,-0.3703261233080918,398.0,-0.3919640000738431,0.02163787676575132,0.21985194815206585,1.9659423239762661,DecisionTreeRegressor,"{'mode': 'original', 'type': 'DecisionTreeRegressor'}",2,"['re_T6W40', 'atd_T6W40']",0.04835717836865842,0.07701678280522724,398.0,0.06268698058694283,0.014329802218284412,0.14559815495900075,1.9659423239762661,8.817564649152045,8.954861663556125,398.0,8.886213156354085,0.06864850720203998,0.6975041132496053,1.9659423239762661,completed,False,COMPLETE
227,6.523692493068428,2026-06-20 22:47:56.236415,2026-06-20 22:48:15.213319,0 days 00:00:18.976904,,,,,,,,,,,,,StackingRegressor,,,,2,9.0,6.0,90.0,,ExtraTrees,,,LinearRegression,,,,,,False,-0.02165779664502525,-0.017735095524410993,398.0,-0.01969644608471812,0.0019613505603071294,0.019928329676744773,1.9659423239762661,6.498311340107542,6.549073646029314,398.0,6.523692493068428,0.02538115296088597,0.25788555805200786,1.9659423239762661,174283035469282.8,269009278176658.25,398.0,221646156822970.53,47363121353687.72,481233653971658.25,1.9659423239762661,16.565091986431618,16.834111158919107,398.0,16.699601572675363,0.13450958624374287,1.3666865238655206,1.9659423239762661,6.253255485940314,6.330441401487675,398.0,6.291848443713994,0.038592957773680686,0.3921242848061623,1.9659423239762661,399.0,0.8721804511278195,-0.02792031152488887,-0.02259473501281707,398.0,-0.02525752326885297,0.002662788256035901,0.027055297150621674,1.9659423239762661,StackingRegressor,"{'mode': 'proxy', 'type': 'ExtraTrees', 'n_estimators': 90, 'max_depth': 9, 'min_samples_split': 6}",2,"['pe_T6W40', 'l2_T6W40']",-0.10016724260319058,-0.07565363555233777,398.0,-0.08791043907776418,0.012256803525426404,0.12453542287694684,1.9659423239762661,7.624196415999646,7.688274307547913,398.0,7.6562353617737795,0.03203894577413373,0.32553215463038143,1.9659423239762661,completed,False,COMPLETE
228,0.005449078578401186,2026-06-20 22:48:15.231641,2026-06-20 22:48:15.480273,0 days 00:00:00.248632,,,,,,,,,,,,,Ridge,,,,2,,,,,,0.5635652124957166,sparse_cg,,,,,,,True,,,,,,,,,,,,,,,,,,,,,,,,,,,,,,,,,,,,,,,,,,,,,Ridge,"{'mode': 'original', 'type': 'Ridge'}",2,"['nodes_T6W40', 'lcc_T6W40']",,,,,,,,,,,,,,,pruned,True,PRUNED
229,0.007837593503441405,2026-06-20 22:48:15.490572,2026-06-20 22:48:15.786665,0 days 00:00:00.296093,,,,,,,,,,,,,Ridge,,,,2,,,,,,0.4759020086225724,lsqr,,,,,,,False,,,,,,,,,,,,,,,,,,,,,,,,,,,,,,,,,,,,,,,,,,,,,Ridge,"{'mode': 'original', 'type': 'Ridge'}",2,"['nodes_T6W40', 'lcc_T6W40']",,,,,,,,,,,,,,,pruned,False,PRUNED
230,6.577814524302253,2026-06-20 22:48:15.797454,2026-06-20 22:48:41.163396,0 days 00:00:25.365942,,,,,,,,,,,,,RandomForestRegressor,6.0,4.0,56.0,2,,,,,,,,,,,,,,False,-0.03345050822329977,-0.022618065725027427,398.0,-0.0280342869741636,0.005416221249136174,0.05503159141427234,1.9659423239762661,6.535564782701217,6.62006426590329,398.0,6.577814524302253,0.04224974160103662,0.4292790877990174,1.9659423239762661,165478999930018.16,256001493056997.53,398.0,210740246493507.84,45261246563489.69,459877525900526.44,1.9659423239762661,17.325629531065903,17.689474527423027,398.0,17.507552029244465,0.18192249817856046,1.848426075730005,1.9659423239762661,6.074454818711648,6.197624000681183,398.0,6.136039409696416,0.06158459098476751,0.6257310941700043,1.9659423239762661,399.0,0.7919799498746867,-0.09474056056022136,-0.0744079235199067,398.0,-0.08457424204006403,0.010166318520157333,0.10329502087417072,1.9659423239762661,RandomForestRegressor,"{'mode': 'original', 'type': 'RandomForestRegressor'}",2,"['re_T6W40', 'l2_T6W40']",0.04214051053520944,0.06823144708821374,398.0,0.05518597881171159,0.013045468276502149,0.1325486620611772,1.9659423239762661,7.8185893442862815,7.91457988396215,398.0,7.866584614124216,0.04799526983793448,0.4876566074475281,1.9659423239762661,completed,False,COMPLETE
231,0.007217254220344249,2026-06-20 22:48:41.218664,2026-06-20 22:48:41.480413,0 days 00:00:00.261749,,,,,,,,,,,,,Ridge,,,,2,,,,,,0.6754268610360288,svd,,,,,,,False,,,,,,,,,,,,,,,,,,,,,,,,,,,,,,,,,,,,,,,,,,,,,Ridge,"{'mode': 'original', 'type': 'Ridge'}",2,"['nodes_T6W40', 'lcc_T6W40']",,,,,,,,,,,,,,,pruned,False,PRUNED
232,0.007502473179111835,2026-06-20 22:48:41.490604,2026-06-20 22:48:41.761877,0 days 00:00:00.271273,,,,,,,,,,,,,Ridge,,,,2,,,,,,0.5807610700546567,svd,,,,,,,False,,,,,,,,,,,,,,,,,,,,,,,,,,,,,,,,,,,,,,,,,,,,,Ridge,"{'mode': 'original', 'type': 'Ridge'}",2,"['nodes_T6W40', 'lcc_T6W40']",,,,,,,,,,,,,,,pruned,False,PRUNED
233,0.007199775604097414,2026-06-20 22:48:41.772200,2026-06-20 22:48:42.013070,0 days 00:00:00.240870,,,,,,,,,,,,,Ridge,,,,2,,,,,,0.6814000837824287,svd,,,,,,,False,,,,,,,,,,,,,,,,,,,,,,,,,,,,,,,,,,,,,,,,,,,,,Ridge,"{'mode': 'original', 'type': 'Ridge'}",2,"['nodes_T6W40', 'lcc_T6W40']",,,,,,,,,,,,,,,pruned,False,PRUNED
234,0.007085215834666177,2026-06-20 22:48:42.023262,2026-06-20 22:48:42.339587,0 days 00:00:00.316325,,,,,,,,,,,,,Ridge,,,,2,,,,,,0.7210617379264254,lsqr,,,,,,,False,,,,,,,,,,,,,,,,,,,,,,,,,,,,,,,,,,,,,,,,,,,,,Ridge,"{'mode': 'original', 'type': 'Ridge'}",2,"['nodes_T6W40', 'lcc_T6W40']",,,,,,,,,,,,,,,pruned,False,PRUNED
235,14.446803282716594,2026-06-20 22:48:42.350182,2026-06-20 22:50:09.933646,0 days 00:01:27.583464,,,,,,,,,0.00024637060596040874,,,,GaussianProcessRegressor,,,,2,,,,0.20332325023691586,LinearSVC,,,,,,0.0023267627789200157,,,,-1.2685011523629894,-1.2526688997019755,398.0,-1.2605850260324825,0.007916126330506909,0.08043191180081471,1.9659423239762661,14.42336227211761,14.470244293315579,398.0,14.446803282716594,0.023441010598985047,0.2381727145704604,1.9659423239762661,0.9958251192512715,0.9972949357882881,398.0,0.9965600275197798,0.0007349082685083213,0.007467045694628984,1.9659423239762661,30.735256529948362,30.974016653009034,398.0,30.854636591478698,0.11938006153033491,1.2129627773599299,1.9659423239762661,13.392399912955371,13.554968508097259,398.0,13.473684210526315,0.08128429757094346,0.825890237226501,1.9659423239762661,399.0,1.0,-3.6953813381699896,-3.637538473128703,398.0,-3.6664599056493463,0.02892143252064328,0.29385661781178724,1.9659423239762661,GaussianProcessRegressor,"{'mode': 'proxy', 'type': 'LinearSVC', 'C': 0.20332325023691586, 'epsilon': 0.0023267627789200157}",2,"['l1_T6W40', 'diameter_T6W40']",,,,,,,,16.279457503760334,16.338073132063755,398.0,16.308765317912044,0.02930781415171041,0.29778245375400575,1.9659423239762661,completed,True,COMPLETE
236,0.007756598725549132,2026-06-20 22:50:09.951511,2026-06-20 22:50:10.210614,0 days 00:00:00.259103,,,,,,,,,,,,,Ridge,,,,2,,,,,,0.5006454822844973,sparse_cg,,,,,,,False,,,,,,,,,,,,,,,,,,,,,,,,,,,,,,,,,,,,,,,,,,,,,Ridge,"{'mode': 'original', 'type': 'Ridge'}",2,"['nodes_T6W40', 'lcc_T6W40']",,,,,,,,,,,,,,,pruned,False,PRUNED
237,0.004965880391230263,2026-06-20 22:50:10.220655,2026-06-20 22:50:10.534195,0 days 00:00:00.313540,,,,,,,,,,,,,SVR,,,,2,,,,,,,,,5.54991766434731,,2.839217509610953,auto,linear,,,,,,,,,,,,,,,,,,,,,,,,,,,,,,,,,,,,,,,,,,,,,,SVR,"{'mode': 'original', 'type': 'SVR'}",2,"['nodes_T6W40', 'lcc_T6W40']",,,,,,,,,,,,,,,pruned,True,PRUNED
238,0.007331762452261644,2026-06-20 22:50:10.544178,2026-06-20 22:50:10.816001,0 days 00:00:00.271823,,,,,,,,,,,,,Ridge,,,,2,,,,,,0.6367934529657399,svd,,,,,,,False,,,,,,,,,,,,,,,,,,,,,,,,,,,,,,,,,,,,,,,,,,,,,Ridge,"{'mode': 'original', 'type': 'Ridge'}",2,"['nodes_T6W40', 'lcc_T6W40']",,,,,,,,,,,,,,,pruned,False,PRUNED
239,0.007872644714379363,2026-06-20 22:50:10.825916,2026-06-20 22:50:11.113855,0 days 00:00:00.287939,,,,,,,,,,,,,Ridge,,,,3,,,,,,0.6038058178909197,lsqr,,,,,,,False,,,,,,,,,,,,,,,,,,,,,,,,,,,,,,,,,,,,,,,,,,,,,Ridge,"{'mode': 'original', 'type': 'Ridge'}",3,"['nodes_T6W40', 'lcc_T6W40', 'asp_T6W40']",,,,,,,,,,,,,,,pruned,False,PRUNED
240,0.0079345774087109,2026-06-20 22:50:11.123958,2026-06-20 22:50:11.424161,0 days 00:00:00.300203,,,,,,,,,,,,,Ridge,,,,2,,,,,,0.44675751710971556,sparse_cg,,,,,,,False,,,,,,,,,,,,,,,,,,,,,,,,,,,,,,,,,,,,,,,,,,,,,Ridge,"{'mode': 'original', 'type': 'Ridge'}",2,"['nodes_T6W40', 'lcc_T6W40']",,,,,,,,,,,,,,,pruned,False,PRUNED
241,0.007250246631928496,2026-06-20 22:50:11.434230,2026-06-20 22:50:11.720902,0 days 00:00:00.286672,,,,,,,,,,,,,Ridge,,,,2,,,,,,0.6642073043745013,sparse_cg,,,,,,,False,,,,,,,,,,,,,,,,,,,,,,,,,,,,,,,,,,,,,,,,,,,,,Ridge,"{'mode': 'original', 'type': 'Ridge'}",2,"['nodes_T6W40', 'lcc_T6W40']",,,,,,,,,,,,,,,pruned,False,PRUNED
242,0.007162171548620858,2026-06-20 22:50:11.730919,2026-06-20 22:50:11.973657,0 days 00:00:00.242738,,,,,,,,,,,,,Ridge,,,,2,,,,,,0.6943205891090203,sparse_cg,,,,,,,False,,,,,,,,,,,,,,,,,,,,,,,,,,,,,,,,,,,,,,,,,,,,,Ridge,"{'mode': 'original', 'type': 'Ridge'}",2,"['nodes_T6W40', 'lcc_T6W40']",,,,,,,,,,,,,,,pruned,False,PRUNED
243,0.007288884522985987,2026-06-20 22:50:11.984725,2026-06-20 22:50:12.280920,0 days 00:00:00.296195,,,,,,,,,,,,,Ridge,,,,2,,,,,,0.651159258018733,sparse_cg,,,,,,,False,,,,,,,,,,,,,,,,,,,,,,,,,,,,,,,,,,,,,,,,,,,,,Ridge,"{'mode': 'original', 'type': 'Ridge'}",2,"['nodes_T6W40', 'lcc_T6W40']",,,,,,,,,,,,,,,pruned,False,PRUNED
244,0.007641430254234101,2026-06-20 22:50:12.291252,2026-06-20 22:50:12.536528,0 days 00:00:00.245276,,,,,,,,,,,,,Ridge,,,,2,,,,,,0.5364787642643453,lsqr,,,,,,,False,,,,,,,,,,,,,,,,,,,,,,,,,,,,,,,,,,,,,,,,,,,,,Ridge,"{'mode': 'original', 'type': 'Ridge'}",2,"['nodes_T6W40', 'lcc_T6W40']",,,,,,,,,,,,,,,pruned,False,PRUNED
245,6.435145557693958,2026-06-20 22:50:12.546504,2026-06-20 22:50:19.087583,0 days 00:00:06.541079,,,,,,,,,,,,,LinearRegression,,,,2,,,,,,,,,,,,,,False,-0.007730666779463739,-0.0036974582623439316,398.0,-0.0057140625209038355,0.002016604258559904,0.020489735647163568,1.9659423239762661,6.407698139682413,6.462592975705503,398.0,6.435145557693958,0.027447418011545342,0.27887987286874705,1.9659423239762661,163983853301632.75,253137049340731.62,398.0,208560451321182.2,44576598019549.43,452921144837159.44,1.9659423239762661,16.423226257766107,16.660300585266466,398.0,16.541763421516286,0.11853716375018081,1.2043985027286386,1.9659423239762661,6.15417872107828,6.245698634918627,398.0,6.199938677998453,0.04575995692017335,0.46494467942337386,1.9659423239762661,399.0,0.5288220551378446,-0.013845725016015081,-0.006479642879766111,398.0,-0.010162683947890596,0.0036830410681244845,0.03742159005327516,1.9659423239762661,LinearRegression,"{'mode': 'original', 'type': 'LinearRegression'}",2,"['atd_T6W40', 'density_T6W40']",0.0491371419250763,0.07387988857409247,398.0,0.06150851524958439,0.012371373324508087,0.12569951091572185,1.9659423239762661,7.565034371154171,7.634642502745054,398.0,7.599838436949613,0.034804065795441194,0.3536271951068549,1.9659423239762661,completed,False,COMPLETE
246,0.004513368476315531,2026-06-20 22:50:19.105654,2026-06-20 22:50:19.366757,0 days 00:00:00.261103,,,,,,,,,,,,,Ridge,,,,2,,,,,,0.7689258788896192,auto,,,,,,,True,,,,,,,,,,,,,,,,,,,,,,,,,,,,,,,,,,,,,,,,,,,,,Ridge,"{'mode': 'original', 'type': 'Ridge'}",2,"['nodes_T6W40', 'lcc_T6W40']",,,,,,,,,,,,,,,pruned,True,PRUNED
247,0.008002692661412736,2026-06-20 22:50:19.376721,2026-06-20 22:50:19.667284,0 days 00:00:00.290563,,,,,,,,,,,,,Ridge,,,,2,,,,,,0.426596476487655,sparse_cg,,,,,,,False,,,,,,,,,,,,,,,,,,,,,,,,,,,,,,,,,,,,,,,,,,,,,Ridge,"{'mode': 'original', 'type': 'Ridge'}",2,"['nodes_T6W40', 'lcc_T6W40']",,,,,,,,,,,,,,,pruned,False,PRUNED
248,0.0081747037174095,2026-06-20 22:50:19.677371,2026-06-20 22:50:19.952304,0 days 00:00:00.274933,,,,,,,,,,,,,Ridge,,,,2,,,,,,0.37678244883159007,lsqr,,,,,,,False,,,,,,,,,,,,,,,,,,,,,,,,,,,,,,,,,,,,,,,,,,,,,Ridge,"{'mode': 'original', 'type': 'Ridge'}",2,"['nodes_T6W40', 'lcc_T6W40']",,,,,,,,,,,,,,,pruned,False,PRUNED
249,6.766516955188303,2026-06-20 22:50:19.962321,2026-06-20 22:53:22.371232,0 days 00:03:02.408911,355.0,,,,,,,,,,,,BaggingRegressor,,,,2,4.0,8.0,60.0,,ExtraTrees,,,,,,,,,False,-0.06471268422023577,-0.05085895455591838,398.0,-0.05778581938807707,0.006926864832158692,0.07038050657292588,1.9659423239762661,6.717713878470963,6.815320031905642,398.0,6.766516955188303,0.048803076717339425,0.4958643404931715,1.9659423239762661,176398967590663.34,273975022342466.47,398.0,225186994966564.9,48788027375901.555,495711431449953.44,1.9659423239762661,19.197258146879484,19.63449729807092,398.0,19.4158777224752,0.21861957559571704,2.22128724177653,1.9659423239762661,5.8960387606171,6.060627553054402,398.0,5.978333156835751,0.0822943962186505,0.8361533586005749,1.9659423239762661,399.0,0.949874686716792,-0.21690692743980644,-0.1891280477666979,398.0,-0.20301748760325217,0.01388943983655427,0.14112384684807303,1.9659423239762661,BaggingRegressor,"{'mode': 'proxy', 'type': 'ExtraTrees', 'n_estimators': 60, 'max_depth': 4, 'min_samples_split': 8}",2,"['l2_T6W40', 'diameter_T6W40']",0.03812960626682449,0.06304866258253863,398.0,0.05058913442468156,0.012459528157857076,0.12659520932738266,1.9659423239762661,8.22363353230401,8.329563800705476,398.0,8.276598666504743,0.05296513420073354,0.5381529835033494,1.9659423239762661,completed,False,COMPLETE
250,6.839079852547617,2026-06-20 22:53:22.390309,2026-06-20 22:54:44.963724,0 days 00:01:22.573415,,,,,,15.0,4.0,356.0,,,,,ExtraTreesRegressor,,,,2,,,,,,,,,,,,,,False,-0.07489244438634891,-0.06266210532900383,398.0,-0.06877727485767637,0.00611516952867254,0.06213326514026508,1.9659423239762661,6.791701375293629,6.886458329801606,398.0,6.839079852547617,0.047378477253988346,0.4813896778104697,1.9659423239762661,146512328821534.75,227199696902209.0,398.0,186856012861871.88,40343684040337.12,409912563414654.7,1.9659423239762661,18.996668563598213,19.402162913907553,398.0,19.199415738752883,0.20274717515467142,2.0600154960968924,1.9659423239762661,6.0399244655017315,6.1923029766346,398.0,6.1161137210681655,0.07618925556643392,0.7741219919991771,1.9659423239762661,399.0,0.9699248120300752,-0.21450566486715433,-0.19016854546086653,398.0,-0.20233710516401043,0.012168559703143914,0.12363882029198815,1.9659423239762661,ExtraTreesRegressor,"{'mode': 'original', 'type': 'ExtraTreesRegressor'}",2,"['pe_T6W40', 'l2_T6W40']",0.012881214697855844,0.03617223035920682,398.0,0.02452672252853133,0.011645507830675486,0.11832434445909203,1.9659423239762661,8.228144928462338,8.332838667798995,398.0,8.280491798130667,0.0523468696683277,0.5318710981134717,1.9659423239762661,completed,False,COMPLETE
