number,value,datetime_start,datetime_complete,duration,params_dt_max_depth,params_dt_min_samples_leaf,params_dt_min_samples_split,params_elastic_alpha,params_elastic_l1_ratio,params_et_max_depth,params_et_max_features,params_et_min_samples_leaf,params_et_min_samples_split,params_et_n_estimators,params_knn_metric,params_knn_n_neighbors,params_knn_weights,params_quantile_alpha,params_regressor,params_rf_max_depth,params_rf_max_features,params_rf_min_samples_leaf,params_rf_min_samples_split,params_rf_n_estimators,params_rfe_n_features,params_rfe_proxy_et_max_depth,params_rfe_proxy_et_min_samples_leaf,params_rfe_proxy_et_min_samples_split,params_rfe_proxy_et_n_estimators,params_rfe_proxy_lsvr_C,params_rfe_proxy_lsvr_epsilon,params_rfe_proxy_type,params_use_scaler,params_xgb_booster,params_xgb_colsample_bytree,params_xgb_learning_rate,params_xgb_max_depth,params_xgb_n_estimators,params_xgb_reg_alpha,params_xgb_reg_lambda,params_xgb_subsample,user_attrs_d2mae_ci_lower_val,user_attrs_d2mae_ci_upper_val,user_attrs_d2mae_df_val,user_attrs_d2mae_mean_val,user_attrs_d2mae_samperror_val,user_attrs_d2mae_std_val,user_attrs_d2mae_t_critical_val,user_attrs_mae_ci_lower_val,user_attrs_mae_ci_upper_val,user_attrs_mae_df_val,user_attrs_mae_mean_val,user_attrs_mae_samperror_val,user_attrs_mae_std_val,user_attrs_mae_t_critical_val,user_attrs_mape_ci_lower_val,user_attrs_mape_ci_upper_val,user_attrs_mape_df_val,user_attrs_mape_mean_val,user_attrs_mape_samperror_val,user_attrs_mape_std_val,user_attrs_mape_t_critical_val,user_attrs_max_error_ci_lower_val,user_attrs_max_error_ci_upper_val,user_attrs_max_error_df_val,user_attrs_max_error_mean_val,user_attrs_max_error_samperror_val,user_attrs_max_error_std_val,user_attrs_max_error_t_critical_val,user_attrs_median_ae_ci_lower_val,user_attrs_median_ae_ci_upper_val,user_attrs_median_ae_df_val,user_attrs_median_ae_mean_val,user_attrs_median_ae_samperror_val,user_attrs_median_ae_std_val,user_attrs_median_ae_t_critical_val,user_attrs_n_splits_val,user_attrs_r2_below_zero_val,user_attrs_r2_ci_lower_val,user_attrs_r2_ci_upper_val,user_attrs_r2_df_val,user_attrs_r2_mean_val,user_attrs_r2_samperror_val,user_attrs_r2_std_val,user_attrs_r2_t_critical_val,user_attrs_regressor_final,user_attrs_rfe_estimator,user_attrs_rfe_n_features,user_attrs_rfe_selected_features,user_attrs_rho_ci_lower_val,user_attrs_rho_ci_upper_val,user_attrs_rho_df_val,user_attrs_rho_mean_val,user_attrs_rho_samperror_val,user_attrs_rho_std_val,user_attrs_rho_t_critical_val,user_attrs_rmse_ci_lower_val,user_attrs_rmse_ci_upper_val,user_attrs_rmse_df_val,user_attrs_rmse_mean_val,user_attrs_rmse_samperror_val,user_attrs_rmse_std_val,user_attrs_rmse_t_critical_val,user_attrs_termination_reason,user_attrs_use_scaler_final,state
24,6.775609749828986,2026-06-12 22:44:28.475749,2026-06-12 22:44:30.226041,0 days 00:00:01.750292,,,,,,,,,,,manhattan,10.0,distance,,KNeighborsRegressor,,,,,,3,,,,,1.111840595313212,0.029707920514735964,LinearSVR,,,,,,,,,,-0.06691526832978863,-0.04747834840516188,98.0,-0.05719680836747525,0.009718459962313377,0.04872715623809772,1.9844674545084815,6.702099068089401,6.84912043156857,98.0,6.775609749828986,0.07351068173958415,0.36857346618539183,1.9844674545084815,181498982082082.5,401939278329840.1,98.0,291719130205961.3,110220148123878.8,552630190281719.56,1.9844674545084815,17.960378723187983,18.79873243753121,98.0,18.379555580359597,0.4191768571716149,2.101700916606341,1.9844674545084815,6.252498880975356,6.507092068134533,98.0,6.379795474554944,0.12729659357958845,0.6382493757224598,1.9844674545084815,99.0,0.9696969696969697,-0.16226855402573054,-0.12575977601880878,98.0,-0.14401416502226966,0.018254389003460877,0.09152524869700843,1.9844674545084815,KNeighborsRegressor,"{'mode': 'proxy', 'type': 'LinearSVR'}",3,"['l1_T6W40', 'density_T6W40', 'asp_T6W40']",-0.04097927800573545,0.0016314451376771948,98.0,-0.019673916434029128,0.021305361571706323,0.10682244779928862,1.9844674545084815,8.00321500561548,8.162182090062043,98.0,8.082698547838762,0.07948354222328143,0.398520649906484,1.9844674545084815,completed,True,COMPLETE
25,7.478568156879004,2026-06-12 22:44:30.238349,2026-06-12 22:44:44.830648,0 days 00:00:14.592299,,,,,,,,,,,,,,,XGBRegressor,,,,,,12,,,,,,,,True,gbtree,0.6881297927654579,0.2769773095430998,10.0,416.0,5.642953223871804e-08,0.09870115694031281,0.8766890926294708,-0.1835615730153244,-0.15134030008154664,98.0,-0.16745093654843551,0.016110636466888883,0.08077673862540893,1.9844674545084815,7.376220343371282,7.580915970386727,98.0,7.478568156879004,0.10234781350772228,0.5131592781940464,1.9844674545084815,155065629941252.94,349481339474598.4,98.0,252273484707925.66,97207854766672.72,487388160794404.4,1.9844674545084815,19.99203549468823,21.05029697151432,98.0,20.521166233101276,0.5291307384130449,2.6529960776722774,1.9844674545084815,6.6789952550406,7.005923129318741,98.0,6.84245919217967,0.16346393713907043,0.819587963026814,1.9844674545084815,99.0,1.0,-0.4664524979512768,-0.3944794759983224,98.0,-0.4304659869747996,0.035986510976477204,0.18043191509917134,1.9844674545084815,XGBRegressor,"{'mode': 'original', 'type': 'XGBRegressor'}",12,"['nodes_T6W40', 'edges_T6W40', 're_T6W40', 'pe_T6W40', 'l1_T6W40', 'l2_T6W40', 'l3_T6W40', 'lcc_T6W40', 'lsc_T6W40', 'atd_T6W40', 'diameter_T6W40', 'asp_T6W40']",-0.10077122115333946,-0.051768642389119754,98.0,-0.07626993177122961,0.02450128938210985,0.12284643455718074,1.9844674545084815,8.90750434459821,9.14097665917535,98.0,9.02424050188678,0.11673615728856972,0.5853006543107953,1.9844674545084815,completed,True,COMPLETE
26,6.8302139616362,2026-06-12 22:44:44.843383,2026-06-12 22:45:12.011678,0 days 00:00:27.168295,,,,,,,,,,,,,,,XGBRegressor,,,,,,12,,,,,,,,True,gbtree,0.6117979192597263,0.005102035565208404,5.0,483.0,4.666624480502756,1.286442182600391e-08,0.9342995640947301,-0.07587828958713023,-0.0559359149650067,98.0,-0.06590710227606847,0.009971187311061763,0.04999429990652432,1.9844674545084815,6.759210585043365,6.901217338229034,98.0,6.8302139616362,0.07100337659283477,0.35600214829181465,1.9844674545084815,168566123275439.6,372841972100550.75,98.0,270704047687995.16,102137924412555.56,512106920230694.0,1.9844674545084815,17.719043719717657,18.336612135403374,98.0,18.027827927560516,0.3087842078428584,1.5482058266189138,1.9844674545084815,6.2289472416139064,6.485079700783703,98.0,6.357013471198805,0.1280662295848984,0.642108235461825,1.9844674545084815,99.0,0.9494949494949495,-0.1795425437508404,-0.142502720447718,98.0,-0.1610226320992792,0.01851991165156119,0.09285654641381846,1.9844674545084815,XGBRegressor,"{'mode': 'original', 'type': 'XGBRegressor'}",12,"['nodes_T6W40', 'edges_T6W40', 'pe_T6W40', 'l1_T6W40', 'l2_T6W40', 'l3_T6W40', 'lcc_T6W40', 'lsc_T6W40', 'atd_T6W40', 'density_T6W40', 'diameter_T6W40', 'asp_T6W40']",-0.08718671590926327,-0.040710783186309045,98.0,-0.06394874954778616,0.023237966361477118,0.11651228918391487,1.9844674545084815,8.064709377717,8.218428924611525,98.0,8.141569151164262,0.07685977344726276,0.3853653977803775,1.9844674545084815,completed,True,COMPLETE
27,6.402652168972594,2026-06-12 22:45:12.024250,2026-06-12 22:45:13.890117,0 days 00:00:01.865867,,,,0.08347790852520648,0.901158010490989,,,,,,,,,,ElasticNet,,,,,,2,,,,,,,,False,,,,,,,,,-0.002250735129999455,0.004566420598382962,98.0,0.0011578427341917533,0.0034085778641912085,0.01709018782628502,1.9844674545084815,6.353336604233631,6.451967733711557,98.0,6.402652168972594,0.04931556473896273,0.24726214208052869,1.9844674545084815,169412431017415.88,372836962310448.75,98.0,271124696663932.3,101712265646516.45,509972719824731.06,1.9844674545084815,16.28099929615562,16.80220623289592,98.0,16.54160276452577,0.26060346837014947,1.3066335580642443,1.9844674545084815,6.1662504545871055,6.321692782509627,98.0,6.2439716185483665,0.07772116396126116,0.3896843032777897,1.9844674545084815,99.0,0.40404040404040403,-0.006361649136764061,0.00662964447123552,98.0,0.00013399766723572981,0.00649564680399979,0.03256836967105794,1.9844674545084815,ElasticNet,"{'mode': 'original', 'type': 'ElasticNet'}",2,"['l2_T6W40', 'lcc_T6W40']",0.07325016371031254,0.11932898251116453,98.0,0.09628957311073853,0.023039409400425995,0.11551674913942034,1.9844674545084815,7.501327939561601,7.6253598116180745,98.0,7.563343875589838,0.062015936028236886,0.3109402328988399,1.9844674545084815,completed,False,COMPLETE
28,6.705720259075352,2026-06-12 22:45:13.903094,2026-06-12 22:45:17.202388,0 days 00:00:03.299294,,,,0.0002447220966646715,0.9743948076661665,,,,,,,,,,ElasticNet,,,,,,13,,,,,,,,False,,,,,,,,,-0.05462235770649862,-0.03789792584831547,98.0,-0.046260141777407046,0.008362215929091575,0.04192711640050441,1.9844674545084815,6.638541107541641,6.772899410609062,98.0,6.705720259075352,0.0671791515337101,0.3368279568388245,1.9844674545084815,161010441580773.56,355469134645345.0,98.0,258239788113059.28,97229346532285.7,487495917849011.56,1.9844674545084815,17.753600583773398,18.65667470579747,98.0,18.205137644785435,0.45153706101203805,2.263950976239621,1.9844674545084815,6.222255927726065,6.433380866746559,98.0,6.327818397236312,0.1055624695102465,0.5292771657908637,1.9844674545084815,99.0,0.9595959595959596,-0.13782308548250352,-0.1018389953493272,98.0,-0.11983104041591536,0.01799204506658816,0.09020988864513951,1.9844674545084815,ElasticNet,"{'mode': 'original', 'type': 'ElasticNet'}",13,"['nodes_T6W40', 'edges_T6W40', 're_T6W40', 'pe_T6W40', 'l1_T6W40', 'l2_T6W40', 'l3_T6W40', 'lcc_T6W40', 'lsc_T6W40', 'atd_T6W40', 'density_T6W40', 'diameter_T6W40', 'asp_T6W40']",-0.10360500129296954,-0.05751787522014165,98.0,-0.0805614382565556,0.023043563036413944,0.11553757495652776,1.9844674545084815,7.913924534577326,8.082680760496489,98.0,7.9983026475369075,0.08437811295958143,0.42306142220075393,1.9844674545084815,completed,False,COMPLETE
29,8.12443196568818,2026-06-12 22:45:17.214975,2026-06-12 22:45:19.100769,0 days 00:00:01.885794,13.0,5.0,9.0,,,,,,,,,,,,DecisionTreeRegressor,,,,,,12,,,,,,,,True,,,,,,,,,-0.2901055819510775,-0.2469740226396818,98.0,-0.26853980229537966,0.021565779655697864,0.10812815186300749,1.9844674545084815,7.992705201107473,8.256158730268886,98.0,8.12443196568818,0.13172676458070645,0.6604617051831022,1.9844674545084815,157838326079128.12,372966065958122.06,98.0,265402196018625.1,107563869939496.97,539311940002957.0,1.9844674545084815,22.180618227219327,22.993199313264867,98.0,22.586908770242097,0.4062905430227717,2.0370905312882104,1.9844674545084815,7.021068808240159,7.454744884240203,98.0,7.237906846240181,0.21683803800002152,1.087199103249124,1.9844674545084815,99.0,1.0,-0.7664900771179155,-0.6757606072736131,98.0,-0.7211253421957643,0.045364734922151165,0.22745317003141335,1.9844674545084815,DecisionTreeRegressor,"{'mode': 'original', 'type': 'DecisionTreeRegressor'}",12,"['edges_T6W40', 're_T6W40', 'pe_T6W40', 'l1_T6W40', 'l2_T6W40', 'l3_T6W40', 'lcc_T6W40', 'lsc_T6W40', 'atd_T6W40', 'density_T6W40', 'diameter_T6W40', 'asp_T6W40']",-0.0639399164953032,-0.017275560579812478,98.0,-0.040607738537557836,0.023332177957745358,0.11698465447518581,1.9844674545084815,9.769476383330067,10.02096168023708,98.0,9.895219031783574,0.1257426484535074,0.6304580870576293,1.9844674545084815,completed,True,COMPLETE
30,6.620630123462794,2026-06-12 22:45:19.113131,2026-06-12 22:45:43.103660,0 days 00:00:23.990529,,,,,,10.0,log2,2.0,6.0,428.0,,,,,ExtraTreesRegressor,,,,,,13,,,,,,,,True,,,,,,,,,-0.039404253481910574,-0.026793198913112774,98.0,-0.033098726197511676,0.006305527284398901,0.03161513391442275,1.9844674545084815,6.56695418286069,6.674306064064898,98.0,6.620630123462794,0.0536759406021037,0.2691245273518597,1.9844674545084815,171789726711319.38,378762968668057.44,98.0,275276347689688.4,103486620978369.02,518869118000198.9,1.9844674545084815,16.950974604355945,17.5293256488326,98.0,17.240150126594273,0.28917552223832893,1.449890302268263,1.9844674545084815,6.360224157418909,6.577722439156306,98.0,6.468973298287607,0.10874914086869891,0.5452547418435431,1.9844674545084815,99.0,0.9191919191919192,-0.09195415125333636,-0.06942861520873134,98.0,-0.08069138323103385,0.011262768022302513,0.05647012584548928,1.9844674545084815,ExtraTreesRegressor,"{'mode': 'original', 'type': 'ExtraTreesRegressor'}",13,"['nodes_T6W40', 'edges_T6W40', 're_T6W40', 'pe_T6W40', 'l1_T6W40', 'l2_T6W40', 'l3_T6W40', 'lcc_T6W40', 'lsc_T6W40', 'atd_T6W40', 'density_T6W40', 'diameter_T6W40', 'asp_T6W40']",-0.09113731896712261,-0.043765024212438955,98.0,-0.06745117158978078,0.023686147377341833,0.11875941336487315,1.9844674545084815,7.7958249201666385,7.923446326480307,98.0,7.859635623323473,0.06381070315683407,0.3199389732985831,1.9844674545084815,completed,True,COMPLETE
31,6.456880065270534,2026-06-12 22:45:43.150986,2026-06-12 22:45:44.758604,0 days 00:00:01.607618,,,,,,,,,,,,,,,LinearRegression,,,,,,4,,,,,,,,True,,,,,,,,,-0.012785121272515718,-0.0017704077752795392,98.0,-0.007277764523897628,0.005507356748618089,0.027613205568526696,1.9844674545084815,6.399238073770716,6.5145220567703515,98.0,6.456880065270534,0.05764199149981745,0.28900981601802234,1.9844674545084815,167548007748696.38,368712216854022.2,98.0,268130112301359.28,100582104552662.89,504306231882405.56,1.9844674545084815,16.3828215200013,16.886218324581726,98.0,16.634519922291513,0.25169840229021434,1.2619846581490057,1.9844674545084815,6.077258087623205,6.243582704229251,98.0,6.160420395926228,0.08316230830302294,0.41696552802771975,1.9844674545084815,99.0,0.5959595959595959,-0.03287494489997782,-0.01216822684316692,98.0,-0.02252158587157237,0.01035335902840545,0.05191046162895787,1.9844674545084815,LinearRegression,"{'mode': 'original', 'type': 'LinearRegression'}",4,"['nodes_T6W40', 'lcc_T6W40', 'density_T6W40', 'asp_T6W40']",0.035698789119488775,0.08535045244286135,98.0,0.06052462078117506,0.024825831661686285,0.12447364940645865,1.9844674545084815,7.575937616208813,7.719397355392103,98.0,7.647667485800458,0.07172986959164543,0.3596446943326695,1.9844674545084815,completed,True,COMPLETE
32,7.599897420988292,2026-06-12 22:45:44.770781,2026-06-12 22:45:46.632028,0 days 00:00:01.861247,12.0,3.0,18.0,,,,,,,,,,,,DecisionTreeRegressor,,,,,,3,,,,,,,,True,,,,,,,,,-0.20602191168818404,-0.16652678387219375,98.0,-0.1862743477801889,0.019747563907995147,0.09901184298727586,1.9844674545084815,7.471661559734847,7.728133282241736,98.0,7.599897420988292,0.12823586125344494,0.6429587476672822,1.9844674545084815,131731291613631.94,299595495030769.4,98.0,215663393322200.66,83932101708568.72,420825176952399.44,1.9844674545084815,19.959159399121727,20.93888906822264,98.0,20.449024233672183,0.4898648345504561,2.456121692248864,1.9844674545084815,6.699866841252384,7.099130930962857,98.0,6.8994988861076205,0.19963204485523642,1.0009303817182684,1.9844674545084815,99.0,0.98989898989899,-0.5168323105977797,-0.4337056296171398,98.0,-0.4752689701074598,0.04156334049031995,0.20839344851990116,1.9844674545084815,DecisionTreeRegressor,"{'mode': 'original', 'type': 'DecisionTreeRegressor'}",3,"['re_T6W40', 'lsc_T6W40', 'diameter_T6W40']",-0.07122610622311117,-0.016938388410571926,98.0,-0.044082247316841544,0.027143858906269618,0.13609595130912477,1.9844674545084815,9.024405978680068,9.296411106988167,98.0,9.160408542834118,0.13600256415404932,0.6819000353980753,1.9844674545084815,completed,True,COMPLETE
33,6.521080149077889,2026-06-12 22:45:46.659911,2026-06-12 22:45:48.603840,0 days 00:00:01.943929,,,,0.015394819813084208,0.9041586944937484,,,,,,,,,,ElasticNet,,,,,,6,,,,,,,,True,,,,,,,,,-0.022650661091229287,-0.012108251090354492,98.0,-0.01737945609079189,0.0052712050004373985,0.026429169911218568,1.9844674545084815,6.466659481240968,6.57550081691481,98.0,6.521080149077889,0.054420667836921455,0.2728584975967804,1.9844674545084815,167094929477654.7,367884456497963.2,98.0,267489692987808.94,100394763510154.27,503366927066259.3,1.9844674545084815,16.700820136329128,17.32507268419394,98.0,17.012946410261534,0.312126273932405,1.5649625326335386,1.9844674545084815,6.255874418251991,6.412867816268121,98.0,6.334371117260056,0.07849669900806552,0.3935727400815939,1.9844674545084815,99.0,0.7777777777777778,-0.04876875052132108,-0.029708479684778674,98.0,-0.03923861510304988,0.009530135418271204,0.047782920266905116,1.9844674545084815,ElasticNet,"{'mode': 'original', 'type': 'ElasticNet'}",6,"['re_T6W40', 'pe_T6W40', 'l2_T6W40', 'lcc_T6W40', 'density_T6W40', 'asp_T6W40']",-0.03832187072381668,0.01311923672717254,98.0,-0.012601316998322069,0.02572055372549461,0.12895967517205573,1.9844674545084815,7.643712439730536,7.774899714089021,98.0,7.709306076909779,0.06559363717924267,0.32887838396745667,1.9844674545084815,completed,True,COMPLETE
34,6.644487677595459,2026-06-12 22:45:48.615740,2026-06-12 22:45:50.444995,0 days 00:00:01.829255,,,,,,,,,,,euclidean,10.0,distance,,KNeighborsRegressor,,,,,,3,3.0,1.0,3.0,20.0,,,ExtraTrees,,,,,,,,,,-0.04730030985032402,-0.02599493075384759,98.0,-0.03664762030208581,0.010652689548238215,0.05341126783315921,1.9844674545084815,6.563890735600472,6.7250846195904455,98.0,6.644487677595459,0.080596941994987,0.4041030986526581,1.9844674545084815,159999292482084.72,354041839796200.1,98.0,257020566139142.44,97021273657057.72,486452666187795.56,1.9844674545084815,18.44998608185869,19.14521175161498,98.0,18.797598916736835,0.34761283487814393,1.7428877601141475,1.9844674545084815,5.915271285165833,6.153727396970037,98.0,6.034499341067935,0.11922805590210185,0.5977947257523548,1.9844674545084815,99.0,0.898989898989899,-0.1555014785160563,-0.11095627871811202,98.0,-0.13322887861708416,0.02227259989897214,0.11167206114079781,1.9844674545084815,KNeighborsRegressor,"{'mode': 'proxy', 'type': 'ExtraTrees'}",3,"['lcc_T6W40', 'diameter_T6W40', 'asp_T6W40']",0.0005797312137318343,0.050193629539142276,98.0,0.025386680376437057,0.024806949162705223,0.1243789748920208,1.9844674545084815,7.9450806049666065,8.14091058314875,98.0,8.042995594057679,0.09791498909107225,0.49093364483611013,1.9844674545084815,completed,True,COMPLETE
35,6.587634755071756,2026-06-12 22:45:50.457511,2026-06-12 22:46:06.725257,0 days 00:00:16.267746,,,,,,,,,,,,,,,RandomForestRegressor,5.0,sqrt,1.0,2.0,175.0,8,,,,,,,,False,,,,,,,,,-0.03536646742245379,-0.020600559122237273,98.0,-0.027983513272345533,0.007382954150108259,0.03701721895918603,1.9844674545084815,6.529583740215023,6.645685769928488,98.0,6.587634755071756,0.05805101485673271,0.2910606085401636,1.9844674545084815,169142472634059.44,373087362735770.1,98.0,271114917684914.78,101972445050855.36,511277227178192.44,1.9844674545084815,17.140128079048086,17.711492199900793,98.0,17.42581013947444,0.2856820604263519,1.4323745168265218,1.9844674545084815,6.222185537915062,6.445206079258996,98.0,6.333695808587029,0.11151027067196688,0.5590987051709878,1.9844674545084815,99.0,0.8888888888888888,-0.08711755563396226,-0.05904287400906167,98.0,-0.07308021482151196,0.014037340812450292,0.07038149064647399,1.9844674545084815,RandomForestRegressor,"{'mode': 'original', 'type': 'RandomForestRegressor'}",8,"['nodes_T6W40', 'l2_T6W40', 'l3_T6W40', 'lsc_T6W40', 'atd_T6W40', 'density_T6W40', 'diameter_T6W40', 'asp_T6W40']",-0.023511323294782473,0.022597431462234658,98.0,-0.0004569459162739068,0.023054377378508566,0.11559179673023472,1.9844674545084815,7.760899852888262,7.899395701146007,98.0,7.830147777017134,0.06924792412887261,0.3472005267579768,1.9844674545084815,completed,False,COMPLETE
36,8.472182296038504,2026-06-12 22:46:06.738801,2026-06-12 22:46:08.668343,0 days 00:00:01.929542,16.0,2.0,5.0,,,,,,,,,,,,DecisionTreeRegressor,,,,,,6,,,,,,,,False,,,,,,,,,-0.34982352376408465,-0.2949114325138067,98.0,-0.3223674781389457,0.027456045625138953,0.13766121690519603,1.9844674545084815,8.295981565222696,8.648383026854312,98.0,8.472182296038504,0.17620073081580842,0.8834486711910212,1.9844674545084815,145697027901291.25,361035978299776.0,98.0,253366503100533.62,107669475199242.39,539841431713694.56,1.9844674545084815,23.158540272417685,24.15795804408064,98.0,23.658249158249163,0.4997088858314772,2.505478547825391,1.9844674545084815,7.11454810173567,7.590839103651538,98.0,7.352693602693604,0.23814550095793446,1.1940320871389458,1.9844674545084815,99.0,1.0,-0.9848176923518001,-0.8482065262955444,98.0,-0.9165121093236722,0.06830558302812788,0.3424757450308688,1.9844674545084815,DecisionTreeRegressor,"{'mode': 'original', 'type': 'DecisionTreeRegressor'}",6,"['edges_T6W40', 'l2_T6W40', 'lsc_T6W40', 'atd_T6W40', 'density_T6W40', 'diameter_T6W40']",-0.02758780906475826,0.028173218058861207,98.0,0.00029270449705147373,0.027880513561809733,0.13978944663999207,1.9844674545084815,10.243200757731204,10.605784928142578,98.0,10.42449284293689,0.18129208520568732,0.908976092385449,1.9844674545084815,completed,False,COMPLETE
